-.1259993E-02
-.1259481E-02
-.1251921E-02
-.1241706E-02
-.1237265E-02
-.1257875E-02
-.1292235E-02
-.1314352E-02
-.1310002E-02
-.1319887E-02
-.1370174E-02
-.1374885E-02
-.1306466E-02
-.1151375E-02
-.1037260E-02
-.1066378E-02
-.1253395E-02
-.1440233E-02
-.1417324E-02
-.1182253E-02
-.1045438E-02
-.1159735E-02
-.1361704E-02
-.1392973E-02
-.1429563E-02
-.1606416E-02
-.1605241E-02
-.9157620E-03
-.2370932E-03
-.3546763E-03
-.1081206E-02
-.1497503E-02
-.1585060E-02
-.1704688E-02
-.1759361E-02
-.1439379E-02
-.1190669E-02
-.1160909E-02
-.1537215E-02
-.1860124E-02
-.1331470E-02
-.4917678E-03
-.2132840E-03
-.5946849E-03
-.9417191E-03
-.1104443E-02
-.1653303E-02
-.2382102E-02
-.2690151E-02
-.2568076E-02
-.1718096E-02
-.1667130E-03
.5393562E-03
-.9764542E-03
-.2866265E-02
-.2489350E-02
-.1358487E-02
-.1261331E-02
-.1894757E-02
-.2316754E-02
-.2530995E-02
-.4420072E-02
-.6127633E-02
-.3621108E-02
.1520212E-02
.5292856E-02
.4600839E-02
-.7269642E-04
-.4734896E-02
-.6001356E-02
-.4470551E-02
-.2840560E-02
-.1443528E-02
.1123921E-03
-.1497270E-02
-.7085126E-02
-.1073021E-01
-.6791761E-02
.6768394E-03
.2503689E-02
-.1413658E-02
-.3537803E-02
-.1303537E-02
.3252392E-02
.1191969E-01
.1141094E-01
.8452593E-02
.8983797E-02
.1147357E-01
.9800745E-02
.3866733E-02
-.1032947E-02
-.1200801E-02
.3240806E-02
.5634371E-02
.1181141E-03
-.1166402E-01
-.1907350E-01
-.1650009E-01
-.1309993E-01
-.1842904E-01
-.2483052E-01
-.2108932E-01
-.1055501E-01
-.5675483E-02
-.8347407E-02
-.1039288E-01
-.1017196E-01
-.8841326E-02
-.1343468E-01
-.2475413E-01
-.3319272E-01
-.2858754E-01
-.1253309E-01
-.2996787E-02
-.6527607E-02
-.1357138E-01
-.1155964E-01
-.2233870E-02
.2145052E-02
-.4851530E-03
-.1602223E-02
.2665319E-02
.1097414E-01
.1097921E-01
.5080390E-03
-.3444762E-02
.1397487E-01
.4729622E-01
.7623108E-01
.8523947E-01
.7617831E-01
.5258297E-01
.2888664E-01
.1718278E-01
.1803361E-01
.2155003E-01
.1694177E-01
.4550620E-02
-.1327658E-01
-.3178154E-01
-.4152052E-01
-.3939010E-01
-.3151834E-01
-.2846110E-01
-.3940221E-01
-.5822657E-01
-.6062202E-01
-.4533565E-01
-.2037767E-01
-.4551458E-02
-.6587598E-03
-.3429732E-02
-.1528840E-01
-.3155823E-01
-.2858385E-01
-.7604499E-02
.1588490E-01
.3803922E-01
.5857955E-01
.7506403E-01
.8135183E-01
.7189584E-01
.4924136E-01
.2897417E-01
.2336821E-01
.3156302E-01
.4323690E-01
.4137090E-01
.3119904E-01
.2297938E-01
.1734589E-01
.1592706E-01
.1937985E-01
.1303462E-01
-.1711925E-01
-.5878295E-01
-.8147112E-01
-.8260455E-01
-.7935090E-01
-.8576578E-01
-.8899913E-01
-.7276023E-01
-.4747069E-01
-.2660787E-01
-.1078894E-01
.6549205E-02
.2387054E-01
.1980997E-01
-.5448985E-03
-.1567067E-01
-.1664930E-01
-.5769230E-03
.2533582E-01
.5156381E-01
.6098808E-01
.5433953E-01
.5068260E-01
.5787872E-01
.7493154E-01
.9065112E-01
.9729338E-01
.9327535E-01
.7594455E-01
.5494465E-01
.4941764E-01
.6183441E-01
.7932519E-01
.8972261E-01
.9474649E-01
.9629945E-01
.1007493E+00
.9991657E-01
.9515055E-01
.1050132E+00
.1310801E+00
.1647508E+00
.2054716E+00
.2507196E+00
.2827431E+00
.2681965E+00
.2070238E+00
.1339614E+00
.8103391E-01
.6630967E-01
.9037334E-01
.1083631E+00
.9308315E-01
.5257917E-01
.1807899E-02
-.4037940E-01
-.7511452E-01
-.1139594E+00
-.1634097E+00
-.2182077E+00
-.2612962E+00
-.2650392E+00
-.2089375E+00
-.9573276E-01
.4829927E-01
.1886132E+00
.2951943E+00
.3481061E+00
.3517434E+00
.3283409E+00
.3040482E+00
.2982405E+00
.3139519E+00
.3351390E+00
.3282862E+00
.2613157E+00
.1527863E+00
.3861023E-01
-.5426564E-01
-.1127955E+00
-.1397906E+00
-.1487802E+00
-.1502142E+00
-.1588934E+00
-.1812507E+00
-.2008338E+00
-.2091046E+00
-.2122512E+00
-.2196841E+00
-.2352963E+00
-.2573408E+00
-.2745667E+00
-.2841771E+00
-.2936246E+00
-.3055071E+00
-.3214785E+00
-.3415793E+00
-.3630875E+00
-.3909910E+00
-.4200526E+00
-.4351556E+00
-.4231382E+00
-.3791652E+00
-.3078054E+00
-.2176820E+00
-.1130883E+00
.4603959E-02
.1210984E+00
.1973415E+00
.2192260E+00
.2037499E+00
.1681237E+00
.1223915E+00
.6629679E-01
-.4017655E-02
-.7712489E-01
-.1465102E+00
-.2077449E+00
-.2576919E+00
-.2952282E+00
-.3198127E+00
-.3356682E+00
-.3466372E+00
-.3470694E+00
-.3323404E+00
-.3071799E+00
-.2835608E+00
-.2745814E+00
-.2848997E+00
-.3027883E+00
-.3077775E+00
-.2922277E+00
-.2611782E+00
-.2259434E+00
-.1950156E+00
-.1718780E+00
-.1512863E+00
-.1360404E+00
-.1240724E+00
-.1029118E+00
-.6894564E-01
-.2489321E-01
.2814316E-01
.8547820E-01
.1319174E+00
.1614955E+00
.1883253E+00
.2244997E+00
.2706644E+00
.3184557E+00
.3586296E+00
.3811060E+00
.3837642E+00
.3808416E+00
.3824608E+00
.3892006E+00
.3977835E+00
.4036709E+00
.3987382E+00
.3683722E+00
.3091357E+00
.2371717E+00
.1648053E+00
.1076168E+00
.7876717E-01
.7961536E-01
.9788795E-01
.1068882E+00
.9958490E-01
.8625734E-01
.8017638E-01
.8094817E-01
.8678518E-01
.1046053E+00
.1270196E+00
.1235711E+00
.9336183E-01
.6514621E-01
.5276547E-01
.5720903E-01
.7553174E-01
.1086261E+00
.1516983E+00
.1894401E+00
.2084197E+00
.2146907E+00
.2083427E+00
.1927165E+00
.1731680E+00
.1588735E+00
.1620941E+00
.1810886E+00
.2019572E+00
.2117447E+00
.1873008E+00
.1131112E+00
.1196943E-01
-.8870724E-01
-.1736470E+00
-.2393413E+00
-.2911748E+00
-.3341329E+00
-.3538658E+00
-.3350535E+00
-.2782513E+00
-.1916098E+00
-.9524867E-01
-.2642486E-02
.8210428E-01
.1471237E+00
.1700939E+00
.1267478E+00
.2820632E-01
-.8234089E-01
-.1720488E+00
-.2309244E+00
-.2610415E+00
-.2704638E+00
-.2716574E+00
-.2789520E+00
-.2881678E+00
-.2740580E+00
-.2257372E+00
-.1566300E+00
-.9185734E-01
-.5856555E-01
-.7453023E-01
-.1286617E+00
-.1736068E+00
-.1823603E+00
-.1590894E+00
-.1270906E+00
-.1066961E+00
-.1100990E+00
-.1387610E+00
-.1750195E+00
-.1945800E+00
-.1939076E+00
-.1886846E+00
-.1969400E+00
-.2265245E+00
-.2622930E+00
-.2831148E+00
-.2799524E+00
-.2526671E+00
-.2030969E+00
-.1313145E+00
-.4098623E-01
.5684541E-01
.1464012E+00
.2231505E+00
.2836316E+00
.3251333E+00
.3440855E+00
.3467336E+00
.3474408E+00
.3539671E+00
.3690827E+00
.3896418E+00
.4103064E+00
.4262952E+00
.4339613E+00
.4319168E+00
.4298887E+00
.4376282E+00
.4518458E+00
.4698364E+00
.4897441E+00
.4986982E+00
.4810512E+00
.4374857E+00
.3720722E+00
.2795579E+00
.1603376E+00
.3076318E-01
-.8558396E-01
-.1668865E+00
-.2053706E+00
-.2095514E+00
-.1958268E+00
-.1788629E+00
-.1745985E+00
-.1857112E+00
-.2037615E+00
-.2216374E+00
-.2364381E+00
-.2507926E+00
-.2684036E+00
-.2867556E+00
-.2993139E+00
-.3001017E+00
-.2838525E+00
-.2484107E+00
-.1932518E+00
-.1192709E+00
-.3620554E-01
.4791782E-01
.1284553E+00
.1913385E+00
.2094057E+00
.1878882E+00
.1534118E+00
.1296878E+00
.1256468E+00
.1345716E+00
.1563264E+00
.1969107E+00
.2503000E+00
.3054236E+00
.3519306E+00
.3756739E+00
.3562550E+00
.2889366E+00
.1913404E+00
.9107056E-01
.1157872E-01
-.4025248E-01
-.6734639E-01
-.7197796E-01
-.6267210E-01
-.4635773E-01
-.3440556E-01
-.3785925E-01
-.5507696E-01
-.7590577E-01
-.9087457E-01
-.9648190E-01
-.9688612E-01
-.9929382E-01
-.1090879E+00
-.1273634E+00
-.1514415E+00
-.1826472E+00
-.2244029E+00
-.2735639E+00
-.3206456E+00
-.3547883E+00
-.3731289E+00
-.3817725E+00
-.3943090E+00
-.4197486E+00
-.4580453E+00
-.4987184E+00
-.5298090E+00
-.5428367E+00
-.5357765E+00
-.5173776E+00
-.4979347E+00
-.4831449E+00
-.4727086E+00
-.4647113E+00
-.4614436E+00
-.4592825E+00
-.4526418E+00
-.4431182E+00
-.4349639E+00
-.4272770E+00
-.4169481E+00
-.4092055E+00
-.4057556E+00
-.4053591E+00
-.4086607E+00
-.4142276E+00
-.4157528E+00
-.4050121E+00
-.3722086E+00
-.3117504E+00
-.2302409E+00
-.1412812E+00
-.5664651E-01
.1474909E-01
.6600731E-01
.9227680E-01
.9281168E-01
.7404670E-01
.4729147E-01
.2199201E-01
.1753365E-02
-.1173051E-01
-.1695806E-01
-.1488398E-01
-.8387653E-02
.2657399E-02
.1962382E-01
.4251033E-01
.6775106E-01
.9172050E-01
.1128282E+00
.1333186E+00
.1572271E+00
.1874023E+00
.2251071E+00
.2693724E+00
.3184240E+00
.3686735E+00
.4133577E+00
.4519611E+00
.4826848E+00
.5067934E+00
.5260727E+00
.5429066E+00
.5582990E+00
.5703965E+00
.5794729E+00
.5886194E+00
.6008529E+00
.6134453E+00
.6177107E+00
.6031505E+00
.5674841E+00
.5259798E+00
.4970339E+00
.4857505E+00
.4855318E+00
.4938992E+00
.5117336E+00
.5341454E+00
.5535061E+00
.5651961E+00
.5617549E+00
.5440566E+00
.5221045E+00
.5031895E+00
.4896521E+00
.4813680E+00
.4738518E+00
.4568203E+00
.4223908E+00
.3750480E+00
.3292124E+00
.2970840E+00
.2800878E+00
.2741034E+00
.2706631E+00
.2611991E+00
.2430312E+00
.2178533E+00
.1873565E+00
.1570761E+00
.1336876E+00
.1202111E+00
.1202802E+00
.1342330E+00
.1555684E+00
.1714456E+00
.1762246E+00
.1718262E+00
.1602221E+00
.1391165E+00
.1101498E+00
.8230294E-01
.5568029E-01
.2376085E-01
-.1184703E-01
-.4792102E-01
-.8610755E-01
-.1268056E+00
-.1663379E+00
-.1980575E+00
-.2180835E+00
-.2310051E+00
-.2418542E+00
-.2517940E+00
-.2570107E+00
-.2569552E+00
-.2534663E+00
-.2499980E+00
-.2479136E+00
-.2477691E+00
-.2501390E+00
-.2579185E+00
-.2736749E+00
-.2941646E+00
-.3152752E+00
-.3340919E+00
-.3484279E+00
-.3569854E+00
-.3582502E+00
-.3517837E+00
-.3414940E+00
-.3316831E+00
-.3237862E+00
-.3201256E+00
-.3217301E+00
-.3278556E+00
-.3329232E+00
-.3313566E+00
-.3185305E+00
-.2967483E+00
-.2725308E+00
-.2486471E+00
-.2245602E+00
-.2003365E+00
-.1784253E+00
-.1600162E+00
-.1472828E+00
-.1391183E+00
-.1310984E+00
-.1185682E+00
-.1021027E+00
-.8857128E-01
-.8316449E-01
-.8980762E-01
-.1039879E+00
-.1157214E+00
-.1220152E+00
-.1244602E+00
-.1225553E+00
-.1163276E+00
-.1100265E+00
-.1082691E+00
-.1102514E+00
-.1139525E+00
-.1197313E+00
-.1310012E+00
-.1463629E+00
-.1590421E+00
-.1665102E+00
-.1701418E+00
-.1698377E+00
-.1627843E+00
-.1487195E+00
-.1279891E+00
-.9937618E-01
-.6483522E-01
-.2934719E-01
.2739951E-02
.2500908E-01
.3225031E-01
.2382058E-01
.4018916E-02
-.1825651E-01
-.3228412E-01
-.3206062E-01
-.1836669E-01
.3218691E-02
.2437011E-01
.3933995E-01
.4886735E-01
.5418912E-01
.5125426E-01
.3658003E-01
.1295617E-01
.2114638E-02
.1692328E-01
.4779485E-01
.7364520E-01
.8128368E-01
.6732258E-01
.3289844E-01
-.1528807E-01
-.6695159E-01
-.1142595E+00
-.1486387E+00
-.1642958E+00
-.1629149E+00
-.1529048E+00
-.1414473E+00
-.1337215E+00
-.1323189E+00
-.1365534E+00
-.1493850E+00
-.1705706E+00
-.1919386E+00
-.2097643E+00
-.2252665E+00
-.2367415E+00
-.2426703E+00
-.2428871E+00
-.2370310E+00
-.2236401E+00
-.1998903E+00
-.1659662E+00
-.1227855E+00
-.7511126E-01
-.3082049E-01
.5459527E-02
.3500030E-01
.5995197E-01
.8458333E-01
.1161376E+00
.1542342E+00
.1898950E+00
.2128471E+00
.2171263E+00
.2010717E+00
.1734451E+00
.1444087E+00
.1182133E+00
.9670014E-01
.8242106E-01
.7293678E-01
.6260345E-01
.4646359E-01
.2575996E-01
.6226509E-02
-.6280132E-02
-.9296875E-02
-.6030106E-02
.6879570E-03
.1077350E-01
.2000080E-01
.2516081E-01
.2820276E-01
.3243251E-01
.4003273E-01
.5212056E-01
.6786747E-01
.8529024E-01
.1018849E+00
.1149710E+00
.1237799E+00
.1286545E+00
.1344124E+00
.1530892E+00
.1912298E+00
.2423526E+00
.2929713E+00
.3379314E+00
.3808746E+00
.4226687E+00
.4604124E+00
.4915418E+00
.5107566E+00
.5117699E+00
.4954275E+00
.4660795E+00
.4301910E+00
.3931847E+00
.3554245E+00
.3164857E+00
.2800055E+00
.2469548E+00
.2158856E+00
.1847250E+00
.1532274E+00
.1258300E+00
.1020853E+00
.7968268E-01
.6171200E-01
.5291225E-01
.5206320E-01
.5364997E-01
.5282554E-01
.4540083E-01
.3563504E-01
.2797768E-01
.1995606E-01
.7969893E-02
-.7619209E-02
-.1947294E-01
-.2031001E-01
-.1172296E-01
-.1961041E-02
.2373869E-02
.1764417E-02
.8585159E-03
-.5720487E-03
-.3758711E-02
-.5832919E-02
-.5361898E-02
-.4097648E-02
-.4829159E-02
-.7295053E-02
-.7388147E-02
-.3453548E-02
-.7650203E-04
.1004220E-02
.5042110E-03
-.1777966E-02
-.7941016E-02
-.1810358E-01
-.3352537E-01
-.5385130E-01
-.7639965E-01
-.9846980E-01
-.1169804E+00
-.1308274E+00
-.1420447E+00
-.1544025E+00
-.1670300E+00
-.1775835E+00
-.1871941E+00
-.2035287E+00
-.2313101E+00
-.2630633E+00
-.2910824E+00
-.3153418E+00
-.3397282E+00
-.3665531E+00
-.3951039E+00
-.4222544E+00
-.4422003E+00
-.4533645E+00
-.4589737E+00
-.4603798E+00
-.4553903E+00
-.4457398E+00
-.4345600E+00
-.4215435E+00
-.4056392E+00
-.3865996E+00
-.3669860E+00
-.3511747E+00
-.3377016E+00
-.3224381E+00
-.3037283E+00
-.2805417E+00
-.2523774E+00
-.2206157E+00
-.1836261E+00
-.1425129E+00
-.1011608E+00
-.6350107E-01
-.3226995E-01
-.9372489E-02
.7031747E-02
.1951717E-01
.2593450E-01
.2110454E-01
.6554563E-02
-.4809914E-02
-.4760881E-02
.4221600E-02
.1428201E-01
.2100530E-01
.2544239E-01
.3302146E-01
.4179369E-01
.4561009E-01
.4166580E-01
.3401124E-01
.3008630E-01
.2686767E-01
.2425841E-01
.2793898E-01
.3532898E-01
.4024287E-01
.3754282E-01
.2789006E-01
.1863143E-01
.1505971E-01
.1854381E-01
.2863495E-01
.4219480E-01
.5954946E-01
.7914764E-01
.9451142E-01
.1009060E+00
.9985205E-01
.9145742E-01
.8035420E-01
.7535324E-01
.8051381E-01
.9099482E-01
.1016299E+00
.1094165E+00
.1138174E+00
.1143037E+00
.1068788E+00
.9242343E-01
.7820615E-01
.7093301E-01
.7078753E-01
.7507430E-01
.8436887E-01
.9717163E-01
.1130718E+00
.1316330E+00
.1500966E+00
.1640141E+00
.1713180E+00
.1692761E+00
.1572021E+00
.1416876E+00
.1297461E+00
.1228405E+00
.1211499E+00
.1255374E+00
.1374281E+00
.1534512E+00
.1675494E+00
.1732685E+00
.1682807E+00
.1554507E+00
.1398874E+00
.1268525E+00
.1183180E+00
.1132440E+00
.1084030E+00
.9952034E-01
.8387349E-01
.6297632E-01
.4192433E-01
.2603706E-01
.1902015E-01
.2065046E-01
.2534226E-01
.2675248E-01
.1933904E-01
.5478814E-02
-.9637840E-02
-.2090130E-01
-.2623315E-01
-.2703754E-01
-.2539053E-01
-.2327853E-01
-.2367650E-01
-.3168496E-01
-.4709837E-01
-.6576275E-01
-.8372639E-01
-.9541539E-01
-.9757536E-01
-.9060835E-01
-.7833013E-01
-.6856525E-01
-.6775370E-01
-.7631251E-01
-.8942410E-01
-.1002520E+00
-.9959806E-01
-.8014304E-01
-.4787214E-01
-.1473257E-01
.1434909E-01
.4092519E-01
.6219284E-01
.7276232E-01
.7625648E-01
.8050472E-01
.8867555E-01
.9914308E-01
.1087716E+00
.1156960E+00
.1217413E+00
.1268158E+00
.1305304E+00
.1317023E+00
.1320917E+00
.1347042E+00
.1410728E+00
.1494070E+00
.1534329E+00
.1489494E+00
.1366676E+00
.1204966E+00
.1006935E+00
.7494798E-01
.4833691E-01
.3055607E-01
.2584653E-01
.2915995E-01
.3304700E-01
.3142685E-01
.2308927E-01
.1071021E-01
-.3243588E-03
-.3628524E-02
.2833908E-02
.1691984E-01
.3594252E-01
.5412593E-01
.6566605E-01
.6961661E-01
.6992554E-01
.7216303E-01
.7883772E-01
.8972717E-01
.1022903E+00
.1137274E+00
.1247433E+00
.1354810E+00
.1444601E+00
.1538784E+00
.1663142E+00
.1820172E+00
.1966442E+00
.2074899E+00
.2140416E+00
.2139906E+00
.2048355E+00
.1869538E+00
.1625805E+00
.1349800E+00
.1083279E+00
.8375040E-01
.6223295E-01
.4492525E-01
.2929520E-01
.1251979E-01
-.4034339E-02
-.1844126E-01
-.3015355E-01
-.4039883E-01
-.4914702E-01
-.5438837E-01
-.5634033E-01
-.5622417E-01
-.5499371E-01
-.5353743E-01
-.5333811E-01
-.5674607E-01
-.6628059E-01
-.7933799E-01
-.8810766E-01
-.8866676E-01
-.8380207E-01
-.7736710E-01
-.7283585E-01
-.7326023E-01
-.7859129E-01
-.8852972E-01
-.1008193E+00
-.1119450E+00
-.1197323E+00
-.1254189E+00
-.1330735E+00
-.1448992E+00
-.1601612E+00
-.1745436E+00
-.1841385E+00
-.1861659E+00
-.1805068E+00
-.1692746E+00
-.1567896E+00
-.1465679E+00
-.1406129E+00
-.1379968E+00
-.1369367E+00
-.1357314E+00
-.1333199E+00
-.1278331E+00
-.1184377E+00
-.1071367E+00
-.9669056E-01
-.9073452E-01
-.8949800E-01
-.8834687E-01
-.8515710E-01
-.7932548E-01
-.6993101E-01
-.5675522E-01
-.4192617E-01
-.2995806E-01
-.2127334E-01
-.1377669E-01
-.7433853E-02
-.3223739E-02
-.1886995E-02
-.1592661E-02
-.7179563E-03
-.1014231E-02
-.3851214E-02
-.8586537E-02
-.1451916E-01
-.2368542E-01
-.3648771E-01
-.5148735E-01
-.6578913E-01
-.7660919E-01
-.8250932E-01
-.8446501E-01
-.8408495E-01
-.8231072E-01
-.8256091E-01
-.8919943E-01
-.1007400E+00
-.1137916E+00
-.1260779E+00
-.1351174E+00
-.1418305E+00
-.1487947E+00
-.1574354E+00
-.1684215E+00
-.1817583E+00
-.1954456E+00
-.2073556E+00
-.2159584E+00
-.2190506E+00
-.2161031E+00
-.2079866E+00
-.1935944E+00
-.1732298E+00
-.1492142E+00
-.1266484E+00
-.1094457E+00
-.9364251E-01
-.7455318E-01
-.5159158E-01
-.2902285E-01
-.1025228E-01
.3626119E-02
.1212334E-01
.1502138E-01
.1410097E-01
.1275272E-01
.1430369E-01
.1904988E-01
.2453815E-01
.2734339E-01
.2715132E-01
.2549597E-01
.2474391E-01
.2609047E-01
.3026805E-01
.3684311E-01
.4515483E-01
.5181590E-01
.5302140E-01
.4929329E-01
.4363621E-01
.3883522E-01
.3732234E-01
.3913088E-01
.4331270E-01
.4770919E-01
.5057425E-01
.5107010E-01
.4978379E-01
.4720446E-01
.4436261E-01
.4380583E-01
.4808453E-01
.5651629E-01
.6678244E-01
.7623588E-01
.8460185E-01
.9316209E-01
.1010803E+00
.1058838E+00
.1085909E+00
.1116862E+00
.1153899E+00
.1179951E+00
.1194660E+00
.1210607E+00
.1247319E+00
.1307869E+00
.1384166E+00
.1484138E+00
.1618943E+00
.1778130E+00
.1941546E+00
.2077588E+00
.2168596E+00
.2230838E+00
.2281772E+00
.2305211E+00
.2289162E+00
.2232908E+00
.2117564E+00
.1921413E+00
.1669256E+00
.1404414E+00
.1146912E+00
.9228218E-01
.7397375E-01
.5930690E-01
.4744488E-01
.3848525E-01
.3184871E-01
.2641522E-01
.2304263E-01
.2335796E-01
.2744159E-01
.3305482E-01
.3692438E-01
.3630352E-01
.3041484E-01
.2101069E-01
.1025652E-01
.1654035E-02
-.2823157E-02
-.2298691E-02
.2188955E-02
.7066884E-02
.9967522E-02
.1046055E-01
.8502980E-02
.3813384E-02
-.2026284E-02
-.7284072E-02
-.1211284E-01
-.1733086E-01
-.2321634E-01
-.3026311E-01
-.3901166E-01
-.5033761E-01
-.6545903E-01
-.8520369E-01
-.1061697E+00
-.1265308E+00
-.1453376E+00
-.1636555E+00
-.1842227E+00
-.2089417E+00
-.2398457E+00
-.2775647E+00
-.3187496E+00
-.3571695E+00
-.3838526E+00
-.3938817E+00
-.3864235E+00
-.3650643E+00
-.3349385E+00
-.3010178E+00
-.2660838E+00
-.2303335E+00
-.1941275E+00
-.1588738E+00
-.1240702E+00
-.8944518E-01
-.5728734E-01
-.3052405E-01
-.1189644E-01
-.1528829E-02
.4845613E-02
.1133609E-01
.1770749E-01
.2032511E-01
.1882319E-01
.1613764E-01
.1282626E-01
.7551940E-02
.1908812E-02
-.7666073E-03
-.1334220E-02
-.1755443E-02
-.1717183E-02
-.6271779E-04
.2401110E-02
.5357140E-02
.7958629E-02
.1009560E-01
.1341828E-01
.1924361E-01
.2651169E-01
.3219514E-01
.3535977E-01
.3585361E-01
.3493308E-01
.3468836E-01
.3561201E-01
.3759197E-01
.4105233E-01
.4557405E-01
.5155577E-01
.5961499E-01
.7007352E-01
.8153947E-01
.9310881E-01
.1042295E+00
.1148940E+00
.1255968E+00
.1375435E+00
.1502785E+00
.1637144E+00
.1794195E+00
.1992141E+00
.2221444E+00
.2460416E+00
.2698473E+00
.2959659E+00
.3301469E+00
.3735395E+00
.4176990E+00
.4501915E+00
.4620095E+00
.4545691E+00
.4370962E+00
.4189509E+00
.4031040E+00
.3865735E+00
.3659015E+00
.3411284E+00
.3147811E+00
.2882108E+00
.2616131E+00
.2352326E+00
.2087856E+00
.1807323E+00
.1493819E+00
.1167996E+00
.8788933E-01
.6560168E-01
.4995801E-01
.3997562E-01
.3433542E-01
.3095045E-01
.2592438E-01
.1728340E-01
.7085983E-02
-.2848447E-02
-.1323864E-01
-.2336277E-01
-.3263105E-01
-.4146291E-01
-.5004774E-01
-.5707122E-01
-.6035436E-01
-.5951268E-01
-.5609888E-01
-.5313650E-01
-.5117337E-01
-.5073137E-01
-.5229937E-01
-.5723482E-01
-.6435895E-01
-.7191993E-01
-.7779436E-01
-.8147936E-01
-.8256711E-01
-.8215988E-01
-.8412767E-01
-.9074816E-01
-.1005918E+00
-.1102316E+00
-.1182754E+00
-.1253468E+00
-.1314540E+00
-.1357776E+00
-.1399200E+00
-.1457318E+00
-.1534579E+00
-.1625490E+00
-.1715884E+00
-.1799481E+00
-.1871847E+00
-.1939809E+00
-.2010714E+00
-.2082267E+00
-.2140722E+00
-.2173955E+00
-.2190375E+00
-.2200056E+00
-.2199252E+00
-.2158964E+00
-.2072385E+00
-.1968460E+00
-.1871635E+00
-.1771485E+00
-.1645745E+00
-.1492637E+00
-.1344838E+00
-.1222014E+00
-.1100611E+00
-.9599359E-01
-.8205438E-01
-.7175257E-01
-.6617481E-01
-.6212869E-01
-.5702859E-01
-.5157793E-01
-.4824951E-01
-.4835376E-01
-.4949009E-01
-.4839798E-01
-.4236156E-01
-.3254744E-01
-.2207197E-01
-.1362045E-01
-.8062381E-02
-.6170448E-02
-.6704895E-02
-.6887699E-02
-.4866028E-02
-.2063287E-02
-.1905438E-03
.2086880E-02
.4580775E-02
.6130976E-02
.5307839E-02
.2630097E-02
.5910358E-03
.2134992E-02
.6772835E-02
.1273136E-01
.1929092E-01
.2529847E-01
.2921943E-01
.3195179E-01
.3405080E-01
.3606811E-01
.3786020E-01
.3895340E-01
.3930620E-01
.3966192E-01
.4167028E-01
.4390590E-01
.4547037E-01
.4675328E-01
.4814245E-01
.4863593E-01
.4711702E-01
.4461674E-01
.4227489E-01
.4155956E-01
.4224452E-01
.4336113E-01
.4564568E-01
.4916341E-01
.5324924E-01
.5675779E-01
.5865285E-01
.5937886E-01
.5997006E-01
.6095925E-01
.6211977E-01
.6395964E-01
.6674801E-01
.6970484E-01
.7010874E-01
.6520862E-01
.5468480E-01
.4091470E-01
.2658939E-01
.1483471E-01
.6837355E-02
.2469454E-02
.6910685E-03
-.6025209E-03
-.3234609E-02
-.7440294E-02
-.1154838E-01
-.1433117E-01
-.1655631E-01
-.2119547E-01
-.2861663E-01
-.3563453E-01
-.3954972E-01
-.4294352E-01
-.4798085E-01
-.5405318E-01
-.5946888E-01
-.6496185E-01
-.7276763E-01
-.8304133E-01
-.9462490E-01
-.1071804E+00
-.1213448E+00
-.1378304E+00
-.1573386E+00
-.1768813E+00
-.1925643E+00
-.2027785E+00
-.2067119E+00
-.2026389E+00
-.1901296E+00
-.1705986E+00
-.1480948E+00
-.1282606E+00
-.1161558E+00
-.1124183E+00
-.1126826E+00
-.1112484E+00
-.1048915E+00
-.9243934E-01
-.7538441E-01
-.5642551E-01
-.3999186E-01
-.2928556E-01
-.2427322E-01
-.2260831E-01
-.2166003E-01
-.2035933E-01
-.1711610E-01
-.1146204E-01
-.4829414E-02
.1246964E-02
.5781412E-02
.7606430E-02
.8076184E-02
.7637796E-02
.6900843E-02
.6115633E-02
.5721389E-02
.5430842E-02
.5604650E-02
.6965466E-02
.1010954E-01
.1355115E-01
.1587411E-01
.1683509E-01
.1643773E-01
.1634606E-01
.1733580E-01
.1839772E-01
.1900397E-01
.2021477E-01
.2245606E-01
.2618010E-01
.3146927E-01
.3774942E-01
.4525783E-01
.5361061E-01
.6242884E-01
.7096829E-01
.7950187E-01
.8754666E-01
.9373045E-01
.9671101E-01
.9819010E-01
.9928161E-01
.1009384E+00
.1031815E+00
.1058428E+00
.1089785E+00
.1116749E+00
.1130102E+00
.1133874E+00
.1144372E+00
.1150138E+00
.1126405E+00
.1052628E+00
.9194507E-01
.7398711E-01
.5466138E-01
.3865323E-01
.2857059E-01
.2387842E-01
.2246270E-01
.2152110E-01
.1863051E-01
.1322754E-01
.6577158E-02
.1876389E-03
-.3250846E-02
-.1577197E-02
.5876821E-02
.1578294E-01
.2450798E-01
.3018836E-01
.3260270E-01
.3326660E-01
.3205792E-01
.2959657E-01
.2711900E-01
.2510845E-01
.2151912E-01
.1522255E-01
.6230255E-02
-.4653393E-02
-.1641604E-01
-.2737016E-01
-.3607189E-01
-.4131907E-01
-.4315526E-01
-.4323725E-01
-.4294574E-01
-.4276744E-01
-.4217095E-01
-.4148378E-01
-.4155336E-01
-.4171275E-01
-.4053390E-01
-.3769261E-01
-.3332421E-01
-.2850785E-01
-.2463820E-01
-.2296357E-01
-.2274654E-01
-.2285486E-01
-.2358645E-01
-.2520958E-01
-.2873187E-01
-.3400343E-01
-.3920572E-01
-.4413371E-01
-.4854350E-01
-.5132745E-01
-.5296494E-01
-.5346426E-01
-.5399403E-01
-.5522736E-01
-.5739222E-01
-.5934900E-01
-.5884053E-01
-.5614397E-01
-.5212061E-01
-.4847248E-01
-.4517127E-01
-.4028777E-01
-.3438965E-01
-.2897990E-01
-.2427821E-01
-.2074216E-01
-.1704415E-01
-.1314304E-01
-.9030906E-02
-.5913999E-02
-.4158097E-02
-.2958882E-02
-.1297856E-02
.1702651E-02
.5367956E-02
.8211412E-02
.1015395E-01
.1220275E-01
.1472871E-01
.1776692E-01
.2080797E-01
.2459177E-01
.2892007E-01
.3204915E-01
.3407123E-01
.3609235E-01
.3882329E-01
.4186049E-01
.4600005E-01
.5127097E-01
.5665903E-01
.6039708E-01
.6085658E-01
.5906286E-01
.5688051E-01
.5567852E-01
.5530868E-01
.5558663E-01
.5586654E-01
.5550824E-01
.5474166E-01
.5366270E-01
.5274718E-01
.5171948E-01
.5041532E-01
.4882551E-01
.4785997E-01
.4768197E-01
.4826067E-01
.4884546E-01
.4963122E-01
.5154215E-01
.5416900E-01
.5695399E-01
.5829366E-01
.5867064E-01
.5973693E-01
.6215042E-01
.6416943E-01
.6429839E-01
.6287491E-01
.6015387E-01
.5689031E-01
.5358494E-01
.4999702E-01
.4639254E-01
.4175302E-01
.3528450E-01
.2706779E-01
.1912727E-01
.1328090E-01
.1148695E-01
.1389946E-01
.1914241E-01
.2408153E-01
.2633194E-01
.2540817E-01
.2335613E-01
.2296267E-01
.2527220E-01
.2986143E-01
.3538389E-01
.3957233E-01
.4164121E-01
.4198733E-01
.4166933E-01
.4123922E-01
.3994522E-01
.3720482E-01
.3314632E-01
.2854339E-01
.2480523E-01
.2344178E-01
.2460267E-01
.2596876E-01
.2595371E-01
.2381204E-01
.2004834E-01
.1602680E-01
.1371048E-01
.1267546E-01
.1283060E-01
.1298794E-01
.1332779E-01
.1349535E-01
.1371573E-01
.1339371E-01
.1174145E-01
.8946943E-02
.5913577E-02
.3169025E-02
.9546961E-03
-.1209478E-02
-.3446264E-02
-.5525781E-02
-.7711558E-02
-.9169920E-02
-.9838972E-02
-.1131259E-01
-.1385848E-01
-.1737930E-01
-.2092880E-01
-.2425686E-01
-.2629282E-01
-.2653951E-01
-.2542565E-01
-.2382206E-01
-.2179022E-01
-.1984899E-01
-.1890538E-01
-.1979664E-01
-.2131745E-01
-.2171713E-01
-.2051759E-01
-.1859165E-01
-.1771860E-01
-.1791118E-01
-.2002030E-01
-.2376146E-01
-.2753544E-01
-.2913873E-01
-.2790342E-01
-.2541347E-01
-.2398033E-01
-.2488490E-01
-.2785601E-01
-.3105766E-01
-.3351484E-01
-.3496209E-01
-.3486005E-01
-.3336870E-01
-.3161948E-01
-.3106855E-01
-.3119488E-01
-.3088264E-01
-.3092543E-01
-.3140879E-01
-.3171370E-01
-.3114136E-01
-.2943289E-01
-.2807207E-01
-.2800870E-01
-.2867567E-01
-.3046267E-01
-.3309926E-01
-.3668044E-01
-.4048497E-01
-.4347378E-01
-.4534849E-01
-.4532072E-01
-.4525640E-01
-.4571943E-01
-.4759001E-01
-.5111712E-01
-.5619969E-01
-.6094891E-01
-.6362030E-01
-.6348857E-01
-.6185962E-01
-.6049178E-01
-.6126797E-01
-.6472773E-01
-.6919025E-01
-.7175170E-01
-.7071143E-01
-.6675868E-01
-.6034405E-01
-.5267868E-01
-.4454838E-01
-.3540085E-01
-.2576907E-01
-.1637168E-01
-.7454860E-02
-.2666661E-03
.3976570E-02
.5621040E-02
.6223902E-02
.7183888E-02
.8007068E-02
.7392222E-02
.4774948E-02
.9398156E-03
-.3941850E-02
-.8556266E-02
-.1150410E-01
-.1291877E-01
-.1312379E-01
-.1142443E-01
-.8590910E-02
-.6057103E-02
-.4438383E-02
-.3824233E-02
-.4110831E-02
-.5003241E-02
-.5893706E-02
-.6635163E-02
-.6377136E-02
-.5242791E-02
-.4186060E-02
-.4080893E-02
-.4840801E-02
-.5408816E-02
-.5717926E-02
-.4117461E-02
-.8433129E-03
.3244956E-02
.6993418E-02
.1032082E-01
.1375312E-01
.1682754E-01
.1922558E-01
.2120976E-01
.2368636E-01
.2597833E-01
.2693720E-01
.2654975E-01
.2556961E-01
.2435899E-01
.2396022E-01
.2357176E-01
.2323725E-01
.2322405E-01
.2289467E-01
.2204209E-01
.2068965E-01
.1876094E-01
.1627729E-01
.1397629E-01
.1324192E-01
.1333886E-01
.1337049E-01
.1298707E-01
.1369903E-01
.1590945E-01
.1874809E-01
.2216731E-01
.2603720E-01
.3076499E-01
.3702476E-01
.4327455E-01
.4825835E-01
.5233353E-01
.5540692E-01
.5763008E-01
.5921025E-01
.6090321E-01
.6157967E-01
.6013035E-01
.5615057E-01
.4953491E-01
.4164035E-01
.3434234E-01
.2908444E-01
.2618555E-01
.2469861E-01
.2187431E-01
.1702243E-01
.1132678E-01
.4536887E-02
-.3191682E-02
-.1010613E-01
-.1446969E-01
-.1541003E-01
-.1408095E-01
-.1244777E-01
-.1064538E-01
-.9453830E-02
-.8501090E-02
-.8510088E-02
-.9299453E-02
-.1021626E-01
-.1093223E-01
-.1165013E-01
-.1173778E-01
-.1125515E-01
-.1159271E-01
-.1263498E-01
-.1323966E-01
-.1336393E-01
-.1379220E-01
-.1369719E-01
-.1217828E-01
-.1034925E-01
-.8428444E-02
-.6780944E-02
-.4903964E-02
-.4140750E-02
-.5194236E-02
-.7031011E-02
-.9094315E-02
-.1132582E-01
-.1350239E-01
-.1569311E-01
-.1733103E-01
-.2035301E-01
-.2485516E-01
-.3114113E-01
-.3723550E-01
-.4282381E-01
-.4840014E-01
-.5400382E-01
-.5949225E-01
-.6522751E-01
-.7062131E-01
-.7516837E-01
-.7716652E-01
-.7600063E-01
-.7170264E-01
-.6526025E-01
-.5835319E-01
-.5314187E-01
-.5111172E-01
-.5210503E-01
-.5403452E-01
-.5553891E-01
-.5594471E-01
-.5510414E-01
-.5327595E-01
-.5065550E-01
-.4694856E-01
-.4211882E-01
-.3613007E-01
-.2961525E-01
-.2289926E-01
-.1715754E-01
-.1197038E-01
-.6964062E-02
-.2017674E-02
.2536815E-02
.7179265E-02
.1070255E-01
.1326936E-01
.1244855E-01
.9765303E-02
.6817724E-02
.4645476E-02
.4244785E-02
.5536472E-02
.7090143E-02
.8003477E-02
.7701772E-02
.7151320E-02
.6683338E-02
.6834660E-02
.8342387E-02
.1157106E-01
.1572670E-01
.1962662E-01
.2225234E-01
.2423968E-01
.2678274E-01
.3018694E-01
.3420085E-01
.3859241E-01
.4344274E-01
.4827002E-01
.5324381E-01
.5744349E-01
.6132282E-01
.6593272E-01
.7044246E-01
.7517270E-01
.7933768E-01
.8370503E-01
.8866262E-01
.9300621E-01
.9482332E-01
.9404275E-01
.9137599E-01
.8685906E-01
.8118841E-01
.7537873E-01
.7069022E-01
.6736750E-01
.6508321E-01
.6286282E-01
.6058773E-01
.5812867E-01
.5574851E-01
.5282865E-01
.4931120E-01
.4496312E-01
.4097037E-01
.3688254E-01
.3289388E-01
.2931804E-01
.2634631E-01
.2392012E-01
.2192146E-01
.2015917E-01
.1785860E-01
.1557517E-01
.1297577E-01
.1062399E-01
.8344854E-02
.6079807E-02
.4388180E-02
.3908132E-02
.3264050E-02
.2946202E-02
.2589776E-02
.2434100E-02
.1086259E-02
-.1214457E-02
-.3210022E-02
-.4717164E-02
-.6831022E-02
-.9328615E-02
-.1194023E-01
-.1391554E-01
-.1500840E-01
-.1599944E-01
-.1669347E-01
-.1756202E-01
-.1890373E-01
-.2065464E-01
-.2239926E-01
-.2370132E-01
-.2468096E-01
-.2527319E-01
-.2557350E-01
-.2565455E-01
-.2561517E-01
-.2621343E-01
-.2749904E-01
-.2869293E-01
-.2972661E-01
-.3019740E-01
-.3035692E-01
-.3053281E-01
-.3076169E-01
-.3101722E-01
-.3169592E-01
-.3310909E-01
-.3519439E-01
-.3674137E-01
-.3778833E-01
-.3814152E-01
-.3843365E-01
-.3805772E-01
-.3765933E-01
-.3695896E-01
-.3569667E-01
-.3326442E-01
-.3002436E-01
-.2607829E-01
-.2114092E-01
-.1561391E-01
-.1046741E-01
-.5731889E-02
-.2050078E-02
.5026844E-03
.1292825E-02
.1106832E-02
.9963118E-03
.1263216E-02
.1917718E-02
.2698678E-02
.3619407E-02
.4168871E-02
.3050642E-02
.1189814E-02
-.8107192E-03
-.2451236E-02
-.4341593E-02
-.6132041E-02
-.7454268E-02
-.9306960E-02
-.1196637E-01
-.1558563E-01
-.1874385E-01
-.2145332E-01
-.2325191E-01
-.2299623E-01
-.2128497E-01
-.1922901E-01
-.1804510E-01
-.1728953E-01
-.1638508E-01
-.1568056E-01
-.1470777E-01
-.1309438E-01
-.1190941E-01
-.1188013E-01
-.1385407E-01
-.1673681E-01
-.1962061E-01
-.2162213E-01
-.2196005E-01
-.2060779E-01
-.1916984E-01
-.1898245E-01
-.2028523E-01
-.2234483E-01
-.2425654E-01
-.2569196E-01
-.2637664E-01
-.2662170E-01
-.2740428E-01
-.2882457E-01
-.3029259E-01
-.3117186E-01
-.3122414E-01
-.3064190E-01
-.2974354E-01
-.2861964E-01
-.2698689E-01
-.2508888E-01
-.2262687E-01
-.1994641E-01
-.1722836E-01
-.1501614E-01
-.1312528E-01
-.1073148E-01
-.7590128E-02
-.4477231E-02
-.2596566E-02
-.2091744E-02
-.2540749E-02
-.3292616E-02
-.3936428E-02
-.3878403E-02
-.2946331E-02
-.2001937E-02
-.1728763E-02
-.1935927E-02
-.2047299E-02
-.1350755E-02
-.2707385E-03
.9103098E-03
.1154945E-02
.1320080E-02
.1776837E-02
.2263308E-02
.3485088E-02
.4875263E-02
.5966508E-02
.7208802E-02
.8455069E-02
.9719821E-02
.1087633E-01
.1180956E-01
.1266826E-01
.1368515E-01
.1437964E-01
.1481002E-01
.1528112E-01
.1565549E-01
.1635710E-01
.1725462E-01
.1796235E-01
.1928322E-01
.2075392E-01
.2251645E-01
.2477867E-01
.2661576E-01
.2751938E-01
.2828739E-01
.2932459E-01
.3140643E-01
.3438776E-01
.3737232E-01
.4015681E-01
.4304371E-01
.4565994E-01
.4822090E-01
.5089936E-01
.5425822E-01
.5742119E-01
.6007520E-01
.6208866E-01
.6360757E-01
.6451745E-01
.6507117E-01
.6576377E-01
.6578526E-01
.6506928E-01
.6376469E-01
.6137188E-01
.5768067E-01
.5281436E-01
.4721431E-01
.4209912E-01
.3805682E-01
.3430434E-01
.3084744E-01
.2779775E-01
.2507433E-01
.2310888E-01
.2180725E-01
.2054867E-01
.1939602E-01
.1784570E-01
.1649316E-01
.1498061E-01
.1278150E-01
.1044684E-01
.7925306E-02
.5453962E-02
.3083429E-02
.9221604E-03
-.1007746E-02
-.2461134E-02
-.3410802E-02
-.3979862E-02
-.4829521E-02
-.5949368E-02
-.7044848E-02
-.7830126E-02
-.8439067E-02
-.9367117E-02
-.1022397E-01
-.1084096E-01
-.1111736E-01
-.1182509E-01
-.1291038E-01
-.1393635E-01
-.1524401E-01
-.1639645E-01
-.1730222E-01
-.1805385E-01
-.1911564E-01
-.2031297E-01
-.2142275E-01
-.2258947E-01
-.2380530E-01
-.2463956E-01
-.2497731E-01
-.2530766E-01
-.2563687E-01
-.2607942E-01
-.2655974E-01
-.2754899E-01
-.2935938E-01
-.3211220E-01
-.3526906E-01
-.3789240E-01
-.3996081E-01
-.4073485E-01
-.4084192E-01
-.4131097E-01
-.4240533E-01
-.4366491E-01
-.4464822E-01
-.4538661E-01
-.4599935E-01
-.4621957E-01
-.4616949E-01
-.4601229E-01
-.4605293E-01
-.4656180E-01
-.4646588E-01
-.4515002E-01
-.4256408E-01
-.3924596E-01
-.3543207E-01
-.3163759E-01
-.2776447E-01
-.2461872E-01
-.2131789E-01
-.1774272E-01
-.1338802E-01
-.9364015E-02
-.6217082E-02
-.4490100E-02
-.4301130E-02
-.4873213E-02
-.5576793E-02
-.5985697E-02
-.5867148E-02
-.5537571E-02
-.4789649E-02
-.4326434E-02
-.4591424E-02
-.5860144E-02
-.7269594E-02
-.7894731E-02
-.7596658E-02
-.6716277E-02
-.5449213E-02
-.4088408E-02
-.2829489E-02
-.1531950E-02
-.5882713E-04
.1903788E-02
.4512167E-02
.7480473E-02
.1070499E-01
.1377430E-01
.1675605E-01
.1916850E-01
.2099473E-01
.2185275E-01
.2206707E-01
.2217642E-01
.2203790E-01
.2209420E-01
.2235958E-01
.2321964E-01
.2407265E-01
.2450330E-01
.2424746E-01
.2399985E-01
.2359413E-01
.2284566E-01
.2206966E-01
.2148643E-01
.2224662E-01
.2373300E-01
.2537742E-01
.2645377E-01
.2682122E-01
.2672154E-01
.2662077E-01
.2663738E-01
.2594409E-01
.2400231E-01
.2112304E-01
.1684039E-01
.1195276E-01
.7624194E-02
.4472573E-02
.1571977E-02
-.1680632E-02
-.5027987E-02
-.7525778E-02
-.9644052E-02
-.1088928E-01
-.1144082E-01
-.1168745E-01
-.1195033E-01
-.1273861E-01
-.1354109E-01
-.1389684E-01
-.1396795E-01
-.1375455E-01
-.1424385E-01
-.1560428E-01
-.1733696E-01
-.1916772E-01
-.2090143E-01
-.2287995E-01
-.2522363E-01
-.2745621E-01
-.2948777E-01
-.3148572E-01
-.3322557E-01
-.3436274E-01
-.3505509E-01
-.3542607E-01
-.3455172E-01
-.3272777E-01
-.3090785E-01
-.2874416E-01
-.2705481E-01
-.2566752E-01
-.2446980E-01
-.2309539E-01
-.2142543E-01
-.1931881E-01
-.1727652E-01
-.1536469E-01
-.1412719E-01
-.1310891E-01
-.1258949E-01
-.1226274E-01
-.1205748E-01
-.1229786E-01
-.1218645E-01
-.1171897E-01
-.1091499E-01
-.9262284E-02
-.7313877E-02
-.5046068E-02
-.2370384E-02
.6308177E-03
.3158629E-02
.4987855E-02
.6004029E-02
.6028882E-02
.5799649E-02
.5430735E-02
.5289188E-02
.5843404E-02
.6406678E-02
.7166912E-02
.8239170E-02
.9527814E-02
.1104175E-01
.1253635E-01
.1421451E-01
.1603761E-01
.1776678E-01
.1882997E-01
.1938411E-01
.1920497E-01
.1898291E-01
.1886591E-01
.1838881E-01
.1806175E-01
.1725009E-01
.1693423E-01
.1759646E-01
.1894019E-01
.2010325E-01
.2108068E-01
.2158382E-01
.2212374E-01
.2358156E-01
.2574738E-01
.2825478E-01
.3158040E-01
.3541589E-01
.3935032E-01
.4279925E-01
.4593620E-01
.4847325E-01
.5042085E-01
.5118520E-01
.5043822E-01
.4849346E-01
.4647082E-01
.4416907E-01
.4256595E-01
.4067221E-01
.3797148E-01
.3451205E-01
.3043036E-01
.2698414E-01
.2430277E-01
.2286088E-01
.2233689E-01
.2202208E-01
.2008847E-01
.1601399E-01
.1134679E-01
.6481754E-02
.2579425E-02
-.5997448E-04
-.8920699E-03
-.6091622E-03
-.1284788E-03
.2462205E-03
.6697984E-03
.1485122E-02
.2278980E-02
.2714881E-02
.2892640E-02
.2752266E-02
.2464924E-02
.1896140E-02
.8356501E-03
-.1067292E-02
-.3084546E-02
-.4907947E-02
-.6270394E-02
-.7116629E-02
-.7779348E-02
-.8405261E-02
-.9610650E-02
-.1105667E-01
-.1210797E-01
-.1209743E-01
-.1160757E-01
-.1072899E-01
-.9329245E-02
-.7611224E-02
-.5583164E-02
-.3903872E-02
-.2756025E-02
-.2050826E-02
-.1804688E-02
-.1886921E-02
-.2214000E-02
-.3334574E-02
-.5670061E-02
-.8978549E-02
-.1211477E-01
-.1507850E-01
-.1769560E-01
-.2004223E-01
-.2247672E-01
-.2525279E-01
-.2770488E-01
-.2940081E-01
-.3047942E-01
-.3108189E-01
-.3086021E-01
-.3000412E-01
-.2891845E-01
-.2854681E-01
-.2938496E-01
-.2985789E-01
-.2956273E-01
-.2865565E-01
-.2692336E-01
-.2497892E-01
-.2304056E-01
-.2161222E-01
-.2039303E-01
-.1915645E-01
-.1789836E-01
-.1682399E-01
-.1600968E-01
-.1545753E-01
-.1504611E-01
-.1420223E-01
-.1321353E-01
-.1234517E-01
-.1197758E-01
-.1165291E-01
-.1092017E-01
-.1005388E-01
-.9315030E-02
-.8886293E-02
-.9223580E-02
-.9858714E-02
-.1084874E-01
-.1117178E-01
-.1047069E-01
-.8792495E-02
-.6726623E-02
-.5722620E-02
-.5203097E-02
-.4910038E-02
-.3929450E-02
-.1714740E-02
.9886603E-03
.3467576E-02
.5327406E-02
.6725122E-02
.8157628E-02
.1019489E-01
.1280235E-01
.1557605E-01
.1749918E-01
.1873473E-01
.2028347E-01
.2126404E-01
.2148686E-01
.2095273E-01
.1999018E-01
.1921432E-01
.1883120E-01
.1884787E-01
.1887678E-01
.1810500E-01
.1672032E-01
.1520394E-01
.1396895E-01
.1330120E-01
.1318323E-01
.1337636E-01
.1297585E-01
.1198066E-01
.1049386E-01
.9190661E-02
.8814571E-02
.9048528E-02
.8731670E-02
.7816077E-02
.6160989E-02
.4297790E-02
.3109837E-02
.2637872E-02
.3784704E-02
.5090615E-02
.6607748E-02
.7707663E-02
.8658645E-02
.8615150E-02
.7890330E-02
.7010428E-02
.6521158E-02
.5380151E-02
.4801136E-02
.4312935E-02
.3325914E-02
.1758549E-02
.3298603E-03
-.5530932E-03
-.4762935E-03
.2594844E-03
.1477703E-02
.2663309E-02
.4044722E-02
.5115084E-02
.5923299E-02
.6504046E-02
.7105159E-02
.7928697E-02
.8265663E-02
.7294032E-02
.5510408E-02
.3383105E-02
.7701966E-03
-.2309814E-02
-.5227730E-02
-.7674316E-02
-.9814995E-02
-.1180259E-01
-.1294570E-01
-.1404998E-01
-.1514416E-01
-.1621684E-01
-.1669079E-01
-.1676284E-01
-.1668094E-01
-.1717120E-01
-.1805112E-01
-.1966541E-01
-.2141556E-01
-.2283710E-01
-.2305795E-01
-.2212329E-01
-.2046647E-01
-.1870458E-01
-.1768929E-01
-.1719831E-01
-.1663902E-01
-.1589609E-01
-.1546219E-01
-.1556893E-01
-.1577463E-01
-.1548155E-01
-.1496811E-01
-.1566746E-01
-.1656884E-01
-.1724070E-01
-.1720051E-01
-.1640046E-01
-.1513736E-01
-.1389671E-01
-.1320576E-01
-.1289024E-01
-.1305513E-01
-.1261008E-01
-.1171412E-01
-.1146896E-01
-.1167973E-01
-.1187118E-01
-.1212375E-01
-.1306590E-01
-.1373880E-01
-.1404042E-01
-.1400734E-01
-.1401927E-01
-.1329572E-01
-.1225298E-01
-.1105408E-01
-.1013372E-01
-.9048086E-02
-.7539199E-02
-.5179530E-02
-.2695535E-02
-.6898002E-03
.6701836E-03
.1636541E-02
.1711311E-02
.2091150E-02
.3179792E-02
.4992717E-02
.7027904E-02
.9698674E-02
.1238770E-01
.1404563E-01
.1512714E-01
.1669941E-01
.1979236E-01
.2326482E-01
.2737064E-01
.3085238E-01
.3377915E-01
.3577573E-01
.3647480E-01
.3588284E-01
.3513656E-01
.3423610E-01
.3354185E-01
.3247021E-01
.3089778E-01
.2927427E-01
.2714898E-01
.2528992E-01
.2390003E-01
.2339642E-01
.2383133E-01
.2473030E-01
.2568135E-01
.2641405E-01
.2680716E-01
.2624153E-01
.2518931E-01
.2412878E-01
.2264203E-01
.2135106E-01
.2017746E-01
.1915168E-01
.1778633E-01
.1588442E-01
.1356435E-01
.1127373E-01
.8775161E-02
.6162252E-02
.3679992E-02
.1479146E-02
-.1054132E-02
-.3494685E-02
-.5727070E-02
-.7542366E-02
-.8399795E-02
-.8692217E-02
-.9067171E-02
-.9123961E-02
-.9237814E-02
-.9402721E-02
-.9828700E-02
-.1053724E-01
-.1130488E-01
-.1191757E-01
-.1239452E-01
-.1274609E-01
-.1309452E-01
-.1335434E-01
-.1340188E-01
-.1359632E-01
-.1401210E-01
-.1473087E-01
-.1591672E-01
-.1704860E-01
-.1742768E-01
-.1727336E-01
-.1711898E-01
-.1694216E-01
-.1702745E-01
-.1702816E-01
-.1711654E-01
-.1688669E-01
-.1664352E-01
-.1682590E-01
-.1744971E-01
-.1868749E-01
-.2073833E-01
-.2348992E-01
-.2520009E-01
-.2589227E-01
-.2569709E-01
-.2553256E-01
-.2533737E-01
-.2574901E-01
-.2676357E-01
-.2732933E-01
-.2701176E-01
-.2613417E-01
-.2584721E-01
-.2581223E-01
-.2552734E-01
-.2365824E-01
-.2051327E-01
-.1680720E-01
-.1357346E-01
-.1100261E-01
-.9262131E-02
-.7926560E-02
-.6903156E-02
-.5966359E-02
-.5536570E-02
-.5579030E-02
-.5580752E-02
-.5108090E-02
-.4465161E-02
-.3970134E-02
-.3185412E-02
-.2307771E-02
-.1447562E-02
-.1024898E-02
-.4543734E-03
-.3575062E-04
-.1425126E-03
-.3542562E-03
-.1285081E-03
.6256900E-03
.2078484E-02
.3929181E-02
.6060290E-02
.8497502E-02
.1055928E-01
.1156345E-01
.1223086E-01
.1241485E-01
.1232749E-01
.1267675E-01
.1375116E-01
.1527850E-01
.1695978E-01
.1859940E-01
.2050307E-01
.2259854E-01
.2460216E-01
.2750045E-01
.3117992E-01
.3548581E-01
.3862984E-01
.3986883E-01
.3995492E-01
.4028455E-01
.4146713E-01
.4243043E-01
.4303266E-01
.4288510E-01
.4124642E-01
.3823789E-01
.3508348E-01
.3240829E-01
.3032587E-01
.2866264E-01
.2732378E-01
.2573804E-01
.2379333E-01
.2235862E-01
.2133191E-01
.2063756E-01
.1980979E-01
.1876363E-01
.1684753E-01
.1418363E-01
.1121997E-01
.7962465E-02
.4578562E-02
.1638196E-02
-.4829637E-03
-.2347210E-02
-.4485701E-02
-.6615147E-02
-.8538460E-02
-.9678537E-02
-.1089295E-01
-.1202274E-01
-.1231201E-01
-.1182615E-01
-.1138510E-01
-.1059526E-01
-.1082023E-01
-.1170833E-01
-.1287885E-01
-.1418818E-01
-.1487524E-01
-.1476882E-01
-.1412989E-01
-.1367155E-01
-.1426170E-01
-.1529873E-01
-.1609290E-01
-.1710639E-01
-.1779960E-01
-.1783698E-01
-.1777437E-01
-.1797084E-01
-.1889149E-01
-.2035079E-01
-.2209358E-01
-.2339980E-01
-.2385333E-01
-.2342156E-01
-.2283367E-01
-.2243245E-01
-.2264525E-01
-.2339272E-01
-.2411350E-01
-.2397222E-01
-.2315486E-01
-.2179787E-01
-.2029199E-01
-.1905225E-01
-.1812369E-01
-.1733078E-01
-.1668785E-01
-.1516351E-01
-.1308647E-01
-.1098280E-01
-.9244371E-02
-.8196389E-02
-.7296398E-02
-.6190341E-02
-.4218350E-02
-.2143210E-02
-.4160111E-03
.6738019E-03
.1031161E-02
.9683664E-03
.5025729E-03
.2428794E-03
.9378049E-03
.3278093E-02
.6433262E-02
.9951690E-02
.1298450E-01
.1567466E-01
.1781909E-01
.1970560E-01
.2145629E-01
.2328754E-01
.2510046E-01
.2692059E-01
.2866417E-01
.2967234E-01
.2968499E-01
.2886032E-01
.2825279E-01
.2725456E-01
.2604220E-01
.2559993E-01
.2537797E-01
.2539060E-01
.2511358E-01
.2423074E-01
.2318975E-01
.2185693E-01
.2012949E-01
.1776347E-01
.1455602E-01
.1074360E-01
.6640577E-02
.2793483E-02
-.7006327E-03
-.2748515E-02
-.3454997E-02
-.3308825E-02
-.2857605E-02
-.2013742E-02
-.1385043E-02
-.1438715E-02
-.2598047E-02
-.4151170E-02
-.5799097E-02
-.6971745E-02
-.7238605E-02
-.6689480E-02
-.6285179E-02
-.6239928E-02
-.7110616E-02
-.8047649E-02
-.9062164E-02
-.9578974E-02
-.9180795E-02
-.8186975E-02
-.7130883E-02
-.6800051E-02
-.6801694E-02
-.7232773E-02
-.7500645E-02
-.7459489E-02
-.7049050E-02
-.6691684E-02
-.7266564E-02
-.8337218E-02
-.9694457E-02
-.1061925E-01
-.1090551E-01
-.1066753E-01
-.1048457E-01
-.1058112E-01
-.1113765E-01
-.1172283E-01
-.1240074E-01
-.1272064E-01
-.1253362E-01
-.1236804E-01
-.1231463E-01
-.1243360E-01
-.1284023E-01
-.1267775E-01
-.1186346E-01
-.1045343E-01
-.8836407E-02
-.7822122E-02
-.7434168E-02
-.7948860E-02
-.9130686E-02
-.9938208E-02
-.9555407E-02
-.7892424E-02
-.5538974E-02
-.3518982E-02
-.2334416E-02
-.1904594E-02
-.2167417E-02
-.1987522E-02
-.1563915E-02
-.9954008E-03
-.2300825E-03
.7443893E-03
.2216580E-02
.3808194E-02
.5167161E-02
.5993845E-02
.6162526E-02
.5698711E-02
.4749452E-02
.3902177E-02
.3888227E-02
.4242519E-02
.4390750E-02
.4497196E-02
.4682143E-02
.5399558E-02
.6408672E-02
.7502476E-02
.7863891E-02
.8588444E-02
.9196695E-02
.1013548E-01
.1154340E-01
.1321552E-01
.1443782E-01
.1462485E-01
.1397341E-01
.1300475E-01
.1241961E-01
.1241488E-01
.1282424E-01
.1295203E-01
.1299523E-01
.1256820E-01
.1117727E-01
.1000356E-01
.9513284E-02
.9341244E-02
.9101873E-02
.8928752E-02
.8785286E-02
.8148094E-02
.7017256E-02
.6066912E-02
.5898958E-02
.6023727E-02
.5924105E-02
.5516402E-02
.4456989E-02
.3454630E-02
.2831748E-02
.2621922E-02
.2389726E-02
.1836175E-02
.3554784E-03
-.1380274E-02
-.3155739E-02
-.4808891E-02
-.6144749E-02
-.7589803E-02
-.8996041E-02
-.1050742E-01
-.1195652E-01
-.1343318E-01
-.1496081E-01
-.1614070E-01
-.1697786E-01
-.1710405E-01
-.1674472E-01
-.1605808E-01
-.1452878E-01
-.1298518E-01
-.1169358E-01
-.1058045E-01
-.9358190E-02
-.8619424E-02
-.8345739E-02
-.8435245E-02
-.8651152E-02
-.8943575E-02
-.9776619E-02
-.1091057E-01
-.1228219E-01
-.1299488E-01
-.1375244E-01
-.1476204E-01
-.1606531E-01
-.1684326E-01
-.1703272E-01
-.1666220E-01
-.1594897E-01
-.1507659E-01
-.1419504E-01
-.1311359E-01
-.1203319E-01
-.1048859E-01
-.8779861E-02
-.7069029E-02
-.5614266E-02
-.4885692E-02
-.4625346E-02
-.4250731E-02
-.3663995E-02
-.3062912E-02
-.2555743E-02
-.1633375E-02
-.7243386E-03
.4448874E-03
.1187676E-02
.1553100E-02
.1743050E-02
.2247200E-02
.3023616E-02
.4741579E-02
.6967449E-02
.9222945E-02
.1139680E-01
.1297915E-01
.1400959E-01
.1449943E-01
.1458639E-01
.1507623E-01
.1563036E-01
.1611816E-01
.1656823E-01
.1658688E-01
.1622913E-01
.1582337E-01
.1536973E-01
.1419598E-01
.1300998E-01
.1194026E-01
.1070222E-01
.9583571E-02
.8092577E-02
.6771830E-02
.5403241E-02
.4299799E-02
.3562596E-02
.3055845E-02
.2616445E-02
.2214776E-02
.2090554E-02
.2598699E-02
.3306811E-02
.4429011E-02
.5708333E-02
.6094089E-02
.5793434E-02
.4823621E-02
.3477446E-02
.1763002E-02
.9563899E-03
.9168004E-03
.1079205E-02
.7458571E-03
-.4146815E-03
-.2117900E-02
-.3759860E-02
-.5356019E-02
-.6528790E-02
-.7382386E-02
-.8401151E-02
-.9191514E-02
-.1025924E-01
-.1145662E-01
-.1255600E-01
-.1334121E-01
-.1357562E-01
-.1323377E-01
-.1261546E-01
-.1218689E-01
-.1202659E-01
-.1242830E-01
-.1341854E-01
-.1452813E-01
-.1578255E-01
-.1741032E-01
-.1889325E-01
-.1987026E-01
-.2072795E-01
-.2133476E-01
-.2164880E-01
-.2165064E-01
-.2088144E-01
-.2006527E-01
-.1974081E-01
-.1936527E-01
-.1948654E-01
-.1932832E-01
-.1914871E-01
-.1898941E-01
-.1864455E-01
-.1790901E-01
-.1671045E-01
-.1533126E-01
-.1383586E-01
-.1205993E-01
-.1039315E-01
-.9135259E-02
-.8016259E-02
-.6836965E-02
-.5710817E-02
-.5333223E-02
-.5501450E-02
-.5296293E-02
-.4931078E-02
-.4524964E-02
-.4045525E-02
-.3420127E-02
-.2663231E-02
-.2316259E-02
-.2187709E-02
-.1702077E-02
-.7034565E-03
.1013350E-02
.3195149E-02
.5349550E-02
.7381402E-02
.9169624E-02
.1058848E-01
.1195340E-01
.1419535E-01
.1754414E-01
.2159761E-01
.2574204E-01
.2925801E-01
.3279859E-01
.3683883E-01
.4099058E-01
.4508084E-01
.4921080E-01
.5300425E-01
.5651528E-01
.5874102E-01
.5983661E-01
.5957462E-01
.5828967E-01
.5574799E-01
.5216266E-01
.4812973E-01
.4426810E-01
.4079007E-01
.3782186E-01
.3524445E-01
.3294342E-01
.3118913E-01
.3016696E-01
.2944491E-01
.2943879E-01
.2908397E-01
.2748050E-01
.2515606E-01
.2248370E-01
.1943197E-01
.1661975E-01
.1440034E-01
.1251226E-01
.1094670E-01
.9359555E-02
.7828630E-02
.6622992E-02
.5100235E-02
.3350847E-02
.1601618E-02
.2592313E-03
-.5607601E-03
-.1453327E-02
-.2641549E-02
-.3866632E-02
-.5033463E-02
-.6556373E-02
-.7808891E-02
-.8942187E-02
-.9580678E-02
-.9739861E-02
-.9939743E-02
-.1003776E-01
-.1023152E-01
-.1034682E-01
-.1044572E-01
-.1077728E-01
-.1149531E-01
-.1273464E-01
-.1481232E-01
-.1707174E-01
-.1915965E-01
-.2135370E-01
-.2382004E-01
-.2636917E-01
-.2876414E-01
-.3127445E-01
-.3380409E-01
-.3583517E-01
-.3694295E-01
-.3740598E-01
-.3792114E-01
-.3821194E-01
-.3869752E-01
-.3878325E-01
-.3894245E-01
-.3873861E-01
-.3781967E-01
-.3637024E-01
-.3493317E-01
-.3348688E-01
-.3253941E-01
-.3208760E-01
-.3167461E-01
-.3091487E-01
-.2971344E-01
-.2863218E-01
-.2699422E-01
-.2490328E-01
-.2205968E-01
-.1918739E-01
-.1652023E-01
-.1427525E-01
-.1240576E-01
-.1067176E-01
-.9256118E-02
-.8094408E-02
-.7195942E-02
-.6242300E-02
-.5335664E-02
-.4840042E-02
-.4549480E-02
-.4254780E-02
-.4126402E-02
-.3678717E-02
-.3198478E-02
-.2586550E-02
-.2093038E-02
-.1363823E-02
-.6816341E-03
.1485500E-03
.1102071E-02
.2215801E-02
.3697667E-02
.5652903E-02
.7529535E-02
.9129858E-02
.1060563E-01
.1175914E-01
.1279325E-01
.1372544E-01
.1501557E-01
.1635166E-01
.1745003E-01
.1870763E-01
.1965707E-01
.2031483E-01
.2067473E-01
.2096739E-01
.2130178E-01
.2178716E-01
.2201548E-01
.2239183E-01
.2269563E-01
.2341039E-01
.2424768E-01
.2411596E-01
.2354360E-01
.2228271E-01
.2074949E-01
.1936725E-01
.1830016E-01
.1737785E-01
.1634447E-01
.1459702E-01
.1227232E-01
.9770044E-02
.6983234E-02
.4591094E-02
.3164923E-02
.2626095E-02
.2386182E-02
.2404298E-02
.3255807E-02
.4381647E-02
.5396343E-02
.6338618E-02
.7053454E-02
.7352086E-02
.7688489E-02
.7828009E-02
.8204210E-02
.8373313E-02
.7669344E-02
.6362512E-02
.4227471E-02
.1883198E-02
-.7669535E-03
-.3632428E-02
-.6535532E-02
-.9229646E-02
-.1137288E-01
-.1313677E-01
-.1449052E-01
-.1536289E-01
-.1568137E-01
-.1557151E-01
-.1543406E-01
-.1579644E-01
-.1623735E-01
-.1676911E-01
-.1689180E-01
-.1696447E-01
-.1630687E-01
-.1543201E-01
-.1422770E-01
-.1215736E-01
-.9553603E-02
-.7210938E-02
-.5661835E-02
-.5550899E-02
-.5879637E-02
-.6493967E-02
-.6672772E-02
-.6311972E-02
-.6082792E-02
-.5350752E-02
-.3228445E-02
-.6613359E-03
-.8829516E-03
-.4307358E-02
-.7131073E-02
-.6918212E-02
-.4101322E-02
-.1288470E-02
.1045992E-02
.2650190E-02
.2157240E-02
-.6072446E-03
-.3603348E-02
-.4505381E-02
-.3138960E-02
-.5168635E-03
.1669683E-02
.1679591E-02
-.2944549E-03
-.2404149E-02
-.2370904E-02
-.4768270E-04
.2818126E-02
.5118960E-02
.6799554E-02
.7629536E-02
.7563887E-02
.7751256E-02
.8627063E-02
.1042294E-01
.1216064E-01
.1270508E-01
.1212027E-01
.1120694E-01
.1052010E-01
.1043409E-01
.1108139E-01
.1272322E-01
.1400806E-01
.1425970E-01
.1369628E-01
.1319915E-01
.1316614E-01
.1318719E-01
.1392731E-01
.1501326E-01
.1544741E-01
.1452809E-01
.1333327E-01
.1294830E-01
.1309989E-01
.1331270E-01
.1367032E-01
.1495309E-01
.1574323E-01
.1567454E-01
.1533448E-01
.1618778E-01
.1650057E-01
.1609828E-01
.1587046E-01
.1572213E-01
.1557286E-01
.1480140E-01
.1333936E-01
.1181701E-01
.1053553E-01
.1029331E-01
.1055101E-01
.1003851E-01
.8752950E-02
.7262292E-02
.5687023E-02
.3994365E-02
.2905644E-02
.1974956E-02
.6781572E-03
-.5024568E-03
-.1442249E-02
-.2767711E-02
-.4073733E-02
-.4750463E-02
-.4975271E-02
-.5385810E-02
-.5657567E-02
-.4849180E-02
-.4078477E-02
-.3690337E-02
-.3801952E-02
-.3394447E-02
-.2486049E-02
-.3307618E-02
-.4290324E-02
-.4472362E-02
-.3541553E-02
-.2344540E-02
-.8751474E-03
-.9061819E-03
-.3934988E-02
-.8296993E-02
-.1133192E-01
-.1159352E-01
-.1082285E-01
-.1112324E-01
-.1254453E-01
-.1448503E-01
-.1723537E-01
-.1995626E-01
-.2124397E-01
-.2188808E-01
-.2216092E-01
-.2174534E-01
-.2151427E-01
-.2242859E-01
-.2401518E-01
-.2536006E-01
-.2577367E-01
-.2453077E-01
-.2169978E-01
-.1948180E-01
-.1887640E-01
-.1905840E-01
-.1958216E-01
-.2021915E-01
-.2065723E-01
-.2014977E-01
-.1893447E-01
-.1713474E-01
-.1534005E-01
-.1444082E-01
-.1478506E-01
-.1602895E-01
-.1715248E-01
-.1734067E-01
-.1615089E-01
-.1451940E-01
-.1396710E-01
-.1400223E-01
-.1445869E-01
-.1457141E-01
-.1402015E-01
-.1306183E-01
-.1181696E-01
-.1115246E-01
-.1058179E-01
-.9690783E-02
-.8382669E-02
-.6987802E-02
-.6278423E-02
-.6837874E-02
-.7837001E-02
-.8094564E-02
-.7676921E-02
-.5950565E-02
-.4058991E-02
-.3517843E-02
-.4492475E-02
-.6545233E-02
-.8060504E-02
-.8517022E-02
-.7165079E-02
-.4792016E-02
-.2325188E-02
-.1493347E-02
-.2529210E-02
-.4434042E-02
-.6688833E-02
-.7878702E-02
-.6906248E-02
-.4284340E-02
-.1646172E-02
-.2258111E-03
.4189621E-04
-.5144787E-04
.1356456E-03
.9378639E-03
.2180665E-02
.3608143E-02
.5063096E-02
.6771095E-02
.8523870E-02
.1020025E-01
.1138696E-01
.1224329E-01
.1246510E-01
.1206676E-01
.1151435E-01
.1155363E-01
.1229152E-01
.1392707E-01
.1585632E-01
.1799891E-01
.2074314E-01
.2365159E-01
.2628466E-01
.2875768E-01
.3097766E-01
.3251121E-01
.3377446E-01
.3560345E-01
.3638804E-01
.3604834E-01
.3389983E-01
.3043529E-01
.2665253E-01
.2307150E-01
.2038393E-01
.1886456E-01
.1839425E-01
.1886068E-01
.1927744E-01
.1987534E-01
.2041191E-01
.2028342E-01
.2010078E-01
.1974437E-01
.1923093E-01
.1866839E-01
.1739750E-01
.1501337E-01
.1184303E-01
.9144920E-02
.7340803E-02
.5750427E-02
.4278680E-02
.2709673E-02
.1580357E-02
.5539972E-03
-.1572708E-03
-.9344724E-03
-.1670557E-02
-.2555170E-02
-.3534073E-02
-.4045300E-02
-.3386284E-02
-.2653746E-02
-.2565294E-02
-.3424253E-02
-.4913492E-02
-.6539057E-02
-.8536693E-02
-.1027218E-01
-.1153474E-01
-.1222326E-01
-.1230770E-01
-.1188577E-01
-.1126029E-01
-.1047914E-01
-.9625036E-02
-.9367106E-02
-.9267561E-02
-.9269516E-02
-.9546688E-02
-.1038304E-01
-.1129459E-01
-.1253754E-01
-.1307705E-01
-.1295187E-01
-.1252591E-01
-.1200229E-01
-.1161858E-01
-.1102810E-01
-.1023877E-01
-.9254592E-02
-.7788771E-02
-.6310051E-02
-.4556083E-02
-.2961441E-02
-.1381414E-02
.1758810E-04
.8770469E-03
.1567225E-02
.2828473E-02
.4367828E-02
.5728855E-02
.7157995E-02
.8990126E-02
.1037474E-01
.1137844E-01
.1212539E-01
.1310112E-01
.1421350E-01
.1519404E-01
.1616631E-01
.1671568E-01
.1742482E-01
.1797986E-01
.1805667E-01
.1742638E-01
.1631873E-01
.1469004E-01
.1266931E-01
.1041880E-01
.7965593E-02
.5167762E-02
.2375393E-02
-.7695217E-04
-.2291695E-02
-.4181261E-02
-.5508650E-02
-.6273989E-02
-.6971553E-02
-.7681344E-02
-.8284287E-02
-.9271992E-02
-.9992787E-02
-.1049829E-01
-.1118736E-01
-.1167928E-01
-.1192329E-01
-.1232478E-01
-.1283152E-01
-.1305691E-01
-.1322181E-01
-.1353565E-01
-.1351908E-01
-.1342189E-01
-.1357459E-01
-.1413694E-01
-.1488101E-01
-.1528665E-01
-.1551798E-01
-.1524125E-01
-.1492995E-01
-.1464606E-01
-.1433127E-01
-.1421836E-01
-.1382683E-01
-.1391789E-01
-.1376113E-01
-.1365129E-01
-.1332457E-01
-.1289486E-01
-.1297436E-01
-.1349094E-01
-.1404599E-01
-.1428658E-01
-.1421039E-01
-.1381479E-01
-.1309586E-01
-.1264156E-01
-.1251387E-01
-.1272000E-01
-.1261543E-01
-.1184994E-01
-.1048009E-01
-.8828311E-02
-.7324044E-02
-.6073136E-02
-.4881833E-02
-.3820859E-02
-.2586668E-02
-.1114497E-02
.3244004E-03
.1410749E-02
.1970670E-02
.2321988E-02
.2796902E-02
.3425555E-02
.4060727E-02
.4518799E-02
.4777004E-02
.4963004E-02
.4873233E-02
.4901024E-02
.5067193E-02
.5332681E-02
.5856678E-02
.6511607E-02
.6634335E-02
.6442385E-02
.6053875E-02
.5542248E-02
.5384609E-02
.5313159E-02
.5485360E-02
.5705292E-02
.5933758E-02
.6084783E-02
.6171999E-02
.6247092E-02
.6330461E-02
.6342463E-02
.6046720E-02
.5660926E-02
.5458925E-02
.5625946E-02
.6176224E-02
.6987108E-02
.7785207E-02
.8260323E-02
.8715052E-02
.9355713E-02
.1007946E-01
.1076815E-01
.1137345E-01
.1175280E-01
.1189789E-01
.1189007E-01
.1189847E-01
.1200212E-01
.1208913E-01
.1214663E-01
.1182027E-01
.1119804E-01
.1022542E-01
.8894207E-02
.7633013E-02
.6488144E-02
.5426677E-02
.4431551E-02
.3535709E-02
.2566149E-02
.1677141E-02
.9539867E-03
.3605130E-03
-.5030648E-04
-.4964755E-03
-.9359564E-03
-.1481202E-02
-.1964099E-02
-.2230849E-02
-.2344845E-02
-.2292328E-02
-.2233196E-02
-.2342700E-02
-.2455431E-02
-.2474358E-02
-.2408250E-02
-.2106614E-02
-.1813938E-02
-.1724514E-02
-.1751301E-02
-.1940713E-02
-.2216324E-02
-.2568449E-02
-.2883642E-02
-.3077614E-02
-.3285092E-02
-.3400560E-02
-.3532981E-02
-.3583067E-02
-.3480421E-02
-.3347689E-02
-.3017359E-02
-.2581759E-02
-.2256158E-02
-.2075591E-02
-.1946716E-02
-.1724335E-02
-.1479095E-02
-.1156671E-02
-.8993935E-03
-.8791735E-03
-.9789942E-03
-.1049998E-02
-.1056192E-02
-.8556472E-03
-.4024836E-03
.3043349E-04
.1967877E-03
.1613972E-03
.4844329E-04
-.4146991E-04
.1991076E-04
.1883882E-03
.3016590E-03
.2871640E-03
.1994541E-03
.9375448E-04
.2608507E-05
-.5227228E-04
.3821003E-04
.2194795E-03
.2613508E-03
.2163491E-03
.1548871E-03
.1463254E-03
.1927160E-03
.2985163E-03
.3038043E-03
.2746089E-03
.2331744E-03
.1458888E-03
.6409358E-04
.8032275E-05
.7442031E-04
.1260538E-03
.7405896E-04
-.3770296E-04
-.1185772E-03
-.2591988E-03
-.3924641E-03
-.4982269E-03
-.5828388E-03
-.7093614E-03
-.8567082E-03
-.9604958E-03
-.1011583E-02
-.1005508E-02
-.9601187E-03
-.9030689E-03
-.8360154E-03
-.7905131E-03
-.7339537E-03
-.6631112E-03
-.5865789E-03
-.5139494E-03
-.4436944E-03
-.3646778E-03
-.2759529E-03
-.2162012E-03
-.1886261E-03
-.1653045E-03
-.1390250E-03
-.1383666E-03
-.1613004E-03
-.2022164E-03
-.2456603E-03
-.2973679E-03
-.3380267E-03
-.3357939E-03
-.3118529E-03
-.2889053E-03
-.2912857E-03
-.3122366E-03
-.3428441E-03
-.3698025E-03
-.3826972E-03
-.3704105E-03
-.3578794E-03
-.3544587E-03
-.3596374E-03
-.3594911E-03
-.3616302E-03
-.3670329E-03
-.3681039E-03
-.3613908E-03
-.3505040E-03
-.3382444E-03
-.3179260E-03
-.2980048E-03
-.2824238E-03
-.2716915E-03
-.2612182E-03
-.2543319E-03
-.2469236E-03
-.2316767E-03
-.2150986E-03
-.2054140E-03
-.2039678E-03
-.2065166E-03
-.2110229E-03
-.2133333E-03
-.2130157E-03
-.2113668E-03
-.2057503E-03
-.2045846E-03
-.2023240E-03
-.1984136E-03
-.1907229E-03
-.1788567E-03
-.1652396E-03
-.1520919E-03
-.1390217E-03
-.1252871E-03
-.1117669E-03
-.9692379E-04
-.8153586E-04
-.6615269E-04
-.5109497E-04
-.3685606E-04
-.2265396E-04
-.7842354E-05
.7054657E-05
.2184933E-04
.3622669E-04
.5067811E-04
.6497758E-04
.7883305E-04
.9257418E-04
.1062478E-03
.1196518E-03
.1328299E-03
.1458680E-03
.1587227E-03
.1714245E-03
.1838933E-03
.1961039E-03
.2081598E-03
.2200016E-03
.2316922E-03
.2432445E-03
.2546881E-03
.2660076E-03
.2771918E-03
.2882544E-03
.2992046E-03
.3100585E-03
.3208273E-03
.3315141E-03
.3421244E-03
.3526631E-03
.3631356E-03
.3735461E-03
.3838979E-03
.3941923E-03
.4044295E-03
