.5318744E-02
.5300238E-02
.5281854E-02
.5263676E-02
.5245310E-02
.5228468E-02
.5209263E-02
.5189087E-02
.5171105E-02
.5150581E-02
.5138779E-02
.5125574E-02
.5103316E-02
.5087959E-02
.5067842E-02
.5041785E-02
.5019117E-02
.5003993E-02
.4984603E-02
.4970184E-02
.4974447E-02
.4950254E-02
.4923201E-02
.4916550E-02
.4888305E-02
.4875711E-02
.4888092E-02
.4873979E-02
.4823975E-02
.4802017E-02
.4787876E-02
.4749755E-02
.4770974E-02
.4744595E-02
.4674569E-02
.4667672E-02
.4657225E-02
.4689820E-02
.4667629E-02
.4580540E-02
.4594971E-02
.4605608E-02
.4583287E-02
.4605092E-02
.4591097E-02
.4541987E-02
.4542596E-02
.4516507E-02
.4436075E-02
.4389802E-02
.4432321E-02
.4460096E-02
.4432291E-02
.4479650E-02
.4409396E-02
.4345764E-02
.4455604E-02
.4370412E-02
.4288744E-02
.4317370E-02
.4266125E-02
.4325862E-02
.4328701E-02
.4248956E-02
.4269472E-02
.4199840E-02
.4065073E-02
.3952479E-02
.4052955E-02
.4208923E-02
.4142185E-02
.4199599E-02
.4097594E-02
.3912100E-02
.4044890E-02
.4073336E-02
.4048103E-02
.3967403E-02
.3872549E-02
.4029869E-02
.4024705E-02
.3824162E-02
.3713150E-02
.3756018E-02
.4047394E-02
.3962706E-02
.3692139E-02
.4057126E-02
.4172958E-02
.3839254E-02
.3709036E-02
.3665832E-02
.3726031E-02
.3873140E-02
.3931360E-02
.3812607E-02
.3650704E-02
.3523162E-02
.3640296E-02
.3832230E-02
.3653846E-02
.3673407E-02
.3870775E-02
.3681796E-02
.3612041E-02
.3853225E-02
.3772482E-02
.3613281E-02
.3576876E-02
.3144415E-02
.3058696E-02
.3413605E-02
.3261194E-02
.3190886E-02
.3471076E-02
.3605737E-02
.3613827E-02
.3480074E-02
.3254407E-02
.3115712E-02
.3160158E-02
.3226589E-02
.3379291E-02
.3469676E-02
.3200279E-02
.3124165E-02
.3158768E-02
.3193392E-02
.3442397E-02
.3693620E-02
.3844279E-02
.3672531E-02
.3371264E-02
.3186788E-02
.3380542E-02
.3136205E-02
.2357330E-02
.3022756E-02
.3501853E-02
.3117551E-02
.3620201E-02
.3447584E-02
.3021789E-02
.3168641E-02
.2915669E-02
.2895956E-02
.3054033E-02
.3150474E-02
.2934091E-02
.3147836E-02
.3565219E-02
.2734383E-02
.2914811E-02
.3297827E-02
.2266990E-02
.1979247E-02
.2498850E-02
.2901979E-02
.2555726E-02
.2627666E-02
.3139233E-02
.2638454E-02
.2069298E-02
.2510665E-02
.3242972E-02
.2682121E-02
.2483548E-02
.2944818E-02
.3039179E-02
.3245370E-02
.2619890E-02
.2587799E-02
.2839471E-02
.2553334E-02
.3050479E-02
.3073932E-02
.3016704E-02
.3124269E-02
.2507013E-02
.2443214E-02
.2848846E-02
.2996296E-02
.3019037E-02
.2841741E-02
.2697697E-02
.2618240E-02
.2905658E-02
.2766437E-02
.2216096E-02
.2964928E-02
.3227597E-02
.2630096E-02
.2669234E-02
.2424412E-02
.2120129E-02
.2226599E-02
.2802064E-02
.2955430E-02
.2287660E-02
.2641483E-02
.2700742E-02
.1742901E-02
.2003788E-02
.2278159E-02
.1782897E-02
.1803657E-02
.2051370E-02
.2428667E-02
.2499983E-02
.2141692E-02
.2655771E-02
.3102860E-02
.2630490E-02
.2687333E-02
.2664675E-02
.2313424E-02
.2661508E-02
.2718808E-02
.2608620E-02
.2636478E-02
.1879504E-02
.1744994E-02
.2739780E-02
.2759557E-02
.2246919E-02
.2371150E-02
.2173966E-02
.1212769E-02
.1197616E-02
.2268369E-02
.1946171E-02
.1737204E-02
.2053176E-02
.1190702E-02
.1650591E-02
.2558244E-02
.2329469E-02
.1889890E-02
.1149517E-02
.1201777E-02
.1490324E-02
.1500090E-02
.1411681E-02
.1222542E-02
.1533654E-02
.9666264E-03
.8782122E-03
.1867354E-02
.1277667E-02
.1153860E-02
.2105693E-02
.1919064E-02
.1390971E-02
.1435982E-02
.2190888E-02
.3058102E-02
.3252260E-02
.3021993E-02
.3149084E-02
.2951194E-02
.2484890E-02
.2531878E-02
.1105212E-02
.4846648E-03
.1673978E-02
.1076500E-02
.8659455E-03
.1183621E-02
.3190624E-03
-.5105937E-03
-.1167464E-02
-.9879508E-03
-.1297776E-02
-.2122285E-02
-.1845067E-02
-.1046898E-02
-.1726756E-03
.1104064E-03
.1242720E-02
.2170835E-02
.1339230E-02
.2139173E-02
.4371633E-02
.6211525E-02
.6383954E-02
.4858771E-02
.3321606E-02
.1486003E-02
.1235112E-02
.1531752E-02
-.1290402E-03
-.9823684E-03
-.1523263E-02
-.2749739E-02
-.2941890E-02
-.3213078E-02
-.3428302E-02
-.3145238E-02
-.3160689E-02
-.1804274E-02
.3550935E-03
.2044838E-02
.3391323E-02
.3136978E-02
.1876481E-02
.1296932E-02
.2226886E-02
.2920587E-02
.2027062E-02
.1947782E-02
.2804223E-02
.1919403E-02
-.5460627E-03
-.7165486E-03
.2439618E-03
-.1608983E-02
-.2948224E-02
-.2717628E-02
-.3747064E-02
-.5430772E-02
-.6484796E-02
-.6442278E-02
-.5522370E-02
-.3386280E-02
-.5901001E-03
.2385228E-02
.5275811E-02
.5846310E-02
.5009359E-02
.4952321E-02
.4483823E-02
.2595094E-02
.6875585E-03
.4407717E-03
.1647812E-02
.2003076E-02
.6763262E-03
-.2028238E-03
-.1579657E-02
-.4105004E-02
-.4363089E-02
-.3759217E-02
-.4789365E-02
-.4720756E-02
-.3299680E-02
-.2520843E-02
-.1294699E-02
.1007525E-02
.3778971E-02
.6912252E-02
.8849172E-02
.7492018E-02
.2795408E-02
-.3385512E-02
-.7160455E-02
-.5701921E-02
-.3359705E-02
-.3992382E-02
-.4248329E-02
-.2890060E-02
-.1567896E-02
-.7202067E-03
-.1959793E-02
-.5520888E-02
-.8286350E-02
-.8467752E-02
-.5962645E-02
-.1383927E-02
.3836996E-02
.8320847E-02
.9055223E-02
.5505299E-02
-.3300788E-03
-.5685689E-02
-.6919049E-02
-.6377361E-02
-.6754947E-02
-.7265880E-02
-.8160186E-02
-.7180131E-02
-.5274547E-02
-.7803199E-02
-.1246264E-01
-.1463560E-01
-.1397492E-01
-.1066920E-01
-.7766851E-02
-.6394831E-02
-.4597677E-02
-.1662158E-02
.2551917E-02
.5598515E-02
.6322944E-02
.6442987E-02
.8513249E-02
.1312124E-01
.1661137E-01
.1634090E-01
.1319165E-01
.9452797E-02
.6048717E-02
.4965116E-02
.5319574E-02
.2343825E-02
-.2492826E-02
-.8259459E-02
-.1610546E-01
-.2264373E-01
-.2681379E-01
-.2926046E-01
-.2849284E-01
-.2504541E-01
-.2081101E-01
-.1569111E-01
-.1052277E-01
-.7317369E-02
-.5470333E-02
-.3797559E-02
-.3058387E-02
-.3673739E-02
-.3500203E-02
-.4660790E-03
.1932931E-02
.1156669E-02
.1803439E-02
.3066743E-02
.1367247E-02
-.1365329E-03
-.1281471E-03
.5976235E-03
.6991812E-03
-.1217033E-02
-.2674297E-02
-.2192684E-02
-.6134189E-03
.1266146E-02
.2538344E-02
.3894229E-02
.5644937E-02
.5122709E-02
.1913129E-02
-.7094610E-03
-.2950336E-02
-.5063338E-02
-.4455618E-02
-.3279718E-02
-.2009008E-02
.1010041E-02
.3257544E-02
.5708220E-02
.7666513E-02
.5418466E-02
.9335417E-03
-.2694376E-02
-.5139007E-02
-.7596967E-02
-.8710268E-02
-.6063137E-02
-.1218666E-02
.4330670E-02
.9591179E-02
.1257669E-01
.1264288E-01
.8358213E-02
.7815588E-03
-.5894537E-02
-.1216182E-01
-.1894235E-01
-.2484638E-01
-.2963876E-01
-.3167551E-01
-.3155455E-01
-.3236256E-01
-.3440026E-01
-.3506586E-01
-.3458602E-01
-.3814155E-01
-.4311524E-01
-.4353934E-01
-.3912109E-01
-.3108875E-01
-.2351076E-01
-.1773922E-01
-.1305227E-01
-.8367560E-02
-.3700231E-02
-.2337886E-02
-.3543034E-02
-.5117861E-02
-.7009003E-02
-.1011608E-01
-.1038143E-01
-.5907324E-02
-.1970623E-02
.2300683E-02
.7409641E-02
.1232805E-01
.1758127E-01
.2080891E-01
.2192636E-01
.2102219E-01
.1909535E-01
.1913996E-01
.2189201E-01
.2652160E-01
.3003193E-01
.3240431E-01
.3670996E-01
.4083756E-01
.4359808E-01
.4282265E-01
.3506340E-01
.2654509E-01
.2052222E-01
.1677093E-01
.1556551E-01
.9673045E-02
-.3433559E-02
-.1960744E-01
-.3471286E-01
-.4723618E-01
-.5935967E-01
-.7030955E-01
-.8000983E-01
-.9057676E-01
-.9896038E-01
-.1012590E+00
-.9827942E-01
-.9192923E-01
-.8609945E-01
-.8157613E-01
-.7383621E-01
-.6296928E-01
-.5117671E-01
-.3964075E-01
-.2955572E-01
-.2224924E-01
-.1779846E-01
-.1477008E-01
-.1172090E-01
-.3840852E-02
.7529827E-02
.1467806E-01
.1574395E-01
.1245213E-01
.9315132E-02
.1071541E-01
.1909181E-01
.3496846E-01
.5267047E-01
.6693100E-01
.7881939E-01
.9106730E-01
.1026478E+00
.1100835E+00
.1097510E+00
.1042099E+00
.1032209E+00
.1092666E+00
.1167901E+00
.1165034E+00
.1022128E+00
.8100357E-01
.6067663E-01
.4550709E-01
.3872532E-01
.3586253E-01
.3274168E-01
.2729804E-01
.1753539E-01
.5933041E-02
-.6975594E-02
-.2031216E-01
-.3033369E-01
-.3901071E-01
-.5044181E-01
-.6186064E-01
-.6808083E-01
-.6970311E-01
-.6937264E-01
-.7049351E-01
-.7484013E-01
-.7942098E-01
-.8209141E-01
-.8129608E-01
-.7852013E-01
-.7912278E-01
-.8520778E-01
-.9167596E-01
-.9359406E-01
-.9520823E-01
-.9996358E-01
-.1029271E+00
-.9808633E-01
-.8752442E-01
-.7647639E-01
-.6412566E-01
-.4805198E-01
-.2899539E-01
-.1500222E-01
-.1132416E-01
-.1286842E-01
-.1465578E-01
-.1402819E-01
-.1499160E-01
-.2216472E-01
-.3009732E-01
-.3303539E-01
-.2878202E-01
-.1890829E-01
-.1108769E-01
-.9205664E-02
-.8677084E-02
-.6435672E-02
-.5388009E-02
-.7373957E-02
-.9855581E-02
-.1083314E-01
-.1065761E-01
-.1106923E-01
-.1331657E-01
-.1686804E-01
-.2141559E-01
-.2557276E-01
-.2964224E-01
-.3504412E-01
-.3976894E-01
-.4254176E-01
-.4433747E-01
-.4565870E-01
-.4426265E-01
-.4183319E-01
-.4204222E-01
-.4444223E-01
-.5115294E-01
-.5827870E-01
-.5831009E-01
-.5321413E-01
-.4616155E-01
-.3721718E-01
-.2832225E-01
-.2359428E-01
-.2701477E-01
-.3737531E-01
-.4701381E-01
-.5213507E-01
-.5465158E-01
-.5742888E-01
-.5920723E-01
-.5604466E-01
-.5116122E-01
-.4974199E-01
-.5314519E-01
-.5637617E-01
-.5766913E-01
-.6221078E-01
-.6756565E-01
-.7272610E-01
-.8167879E-01
-.9242958E-01
-.9886054E-01
-.9820382E-01
-.9250299E-01
-.8628385E-01
-.8102497E-01
-.7146747E-01
-.5828293E-01
-.4529149E-01
-.3387421E-01
-.2465415E-01
-.1522114E-01
-.8749364E-02
-.3706288E-02
.4968046E-02
.1326535E-01
.2009742E-01
.2494015E-01
.2312613E-01
.1476141E-01
.1618860E-02
-.1651047E-01
-.3391618E-01
-.4504276E-01
-.5162620E-01
-.5448386E-01
-.5460767E-01
-.5580638E-01
-.5850346E-01
-.5930273E-01
-.5952872E-01
-.6086084E-01
-.6090609E-01
-.5933761E-01
-.5601767E-01
-.5557501E-01
-.6006120E-01
-.6516084E-01
-.7054290E-01
-.7389645E-01
-.7618756E-01
-.8001072E-01
-.8371858E-01
-.8824822E-01
-.9360009E-01
-.9909427E-01
-.1034989E+00
-.1054107E+00
-.1039498E+00
-.9870578E-01
-.8794957E-01
-.6763593E-01
-.4133367E-01
-.1420761E-01
.1152744E-01
.3186820E-01
.4610916E-01
.5607615E-01
.6518515E-01
.7733701E-01
.9397686E-01
.1161671E+00
.1432903E+00
.1688027E+00
.1861463E+00
.1944999E+00
.1938919E+00
.1833570E+00
.1586034E+00
.1158154E+00
.5622142E-01
-.1343056E-01
-.7369131E-01
-.1102513E+00
-.1300706E+00
-.1410627E+00
-.1452000E+00
-.1456946E+00
-.1447921E+00
-.1432171E+00
-.1424983E+00
-.1412159E+00
-.1230886E+00
-.8020228E-01
-.3606901E-01
-.2871115E-02
.2641589E-01
.5104310E-01
.7525314E-01
.1010930E+00
.1240728E+00
.1440247E+00
.1576352E+00
.1673203E+00
.1780901E+00
.1875163E+00
.1944777E+00
.1919798E+00
.1747536E+00
.1511071E+00
.1246534E+00
.9257750E-01
.5749737E-01
.2844389E-01
.1163398E-01
.2196004E-02
-.4557352E-02
-.6606870E-02
-.3964690E-02
.1748155E-02
.1017349E-01
.2020864E-01
.3214535E-01
.4427255E-01
.5574248E-01
.6912078E-01
.8155621E-01
.9150922E-01
.1005513E+00
.1083377E+00
.1166415E+00
.1257839E+00
.1300369E+00
.1301600E+00
.1335524E+00
.1339036E+00
.1300911E+00
.1300443E+00
.1281775E+00
.1234227E+00
.1195890E+00
.1174284E+00
.1189209E+00
.1221970E+00
.1270427E+00
.1333476E+00
.1394273E+00
.1454473E+00
.1508289E+00
.1541787E+00
.1546954E+00
.1547225E+00
.1554077E+00
.1541341E+00
.1510934E+00
.1478342E+00
.1421001E+00
.1339141E+00
.1265479E+00
.1176334E+00
.1047592E+00
.9100059E-01
.7805087E-01
.6360128E-01
.4567398E-01
.2798671E-01
.1671113E-01
.1276844E-01
.1149066E-01
.1210263E-01
.1643697E-01
.2210731E-01
.3017828E-01
.4262495E-01
.5853014E-01
.7678898E-01
.9261984E-01
.1012424E+00
.1039137E+00
.1035909E+00
.9861717E-01
.9082356E-01
.8494326E-01
.8131098E-01
.8078373E-01
.7874651E-01
.6911900E-01
.5642861E-01
.4563467E-01
.3682190E-01
.3274924E-01
.3260040E-01
.3076892E-01
.2740316E-01
.2360842E-01
.2060237E-01
.1723786E-01
.1059660E-01
.2276312E-02
-.9545834E-02
-.2148427E-01
-.2866722E-01
-.3371456E-01
-.3576439E-01
-.3742261E-01
-.4241055E-01
-.4762286E-01
-.5214836E-01
-.5795802E-01
-.6601803E-01
-.7674256E-01
-.8861290E-01
-.1014886E+00
-.1179176E+00
-.1354101E+00
-.1508256E+00
-.1645335E+00
-.1759050E+00
-.1856239E+00
-.1974288E+00
-.2113045E+00
-.2197765E+00
-.2225567E+00
-.2267357E+00
-.2315988E+00
-.2351350E+00
-.2377120E+00
-.2357730E+00
-.2261540E+00
-.2143080E+00
-.2056655E+00
-.1952313E+00
-.1826363E+00
-.1724864E+00
-.1649890E+00
-.1600981E+00
-.1570331E+00
-.1592805E+00
-.1664268E+00
-.1745239E+00
-.1825318E+00
-.1839151E+00
-.1816638E+00
-.1796311E+00
-.1692619E+00
-.1474473E+00
-.1169591E+00
-.8719392E-01
-.6785935E-01
-.5367371E-01
-.3567534E-01
-.1426364E-01
.6244071E-02
.2238797E-01
.3211320E-01
.3878777E-01
.4766940E-01
.5480295E-01
.5488536E-01
.5324591E-01
.5306392E-01
.5056746E-01
.4287416E-01
.3065196E-01
.1739100E-01
.7889332E-02
.7658201E-02
.1433857E-01
.2380605E-01
.3344248E-01
.3804180E-01
.4038987E-01
.4474809E-01
.5109639E-01
.5819423E-01
.6550556E-01
.7259960E-01
.7802219E-01
.8439034E-01
.9042441E-01
.9646132E-01
.1056162E+00
.1131613E+00
.1176890E+00
.1211105E+00
.1236403E+00
.1240977E+00
.1228347E+00
.1227314E+00
.1208878E+00
.1149701E+00
.1081587E+00
.1035625E+00
.1022717E+00
.1051120E+00
.1121950E+00
.1191771E+00
.1229947E+00
.1220689E+00
.1198882E+00
.1258715E+00
.1367598E+00
.1443682E+00
.1504796E+00
.1595999E+00
.1698119E+00
.1763219E+00
.1806903E+00
.1836588E+00
.1862459E+00
.1909253E+00
.1973580E+00
.2041876E+00
.2072175E+00
.2067421E+00
.2003901E+00
.1839679E+00
.1606874E+00
.1318396E+00
.1018250E+00
.7291502E-01
.4476162E-01
.2040219E-01
-.2797840E-02
-.2088371E-01
-.2799206E-01
-.2791500E-01
-.2344001E-01
-.1914097E-01
-.1853948E-01
-.2100789E-01
-.2689276E-01
-.3312175E-01
-.3418910E-01
-.2945312E-01
-.2228052E-01
-.1420443E-01
-.1063727E-01
-.1325303E-01
-.1169280E-01
-.4703962E-02
.1477490E-02
.3463307E-02
.2350128E-02
.4364620E-02
.1533549E-02
-.1741635E-01
-.4461524E-01
-.6103432E-01
-.5883053E-01
-.5381477E-01
-.6326663E-01
-.8984514E-01
-.1143472E+00
-.1229254E+00
-.1344156E+00
-.1522106E+00
-.1620786E+00
-.1626066E+00
-.1601368E+00
-.1675001E+00
-.1844088E+00
-.2014087E+00
-.2171412E+00
-.2306535E+00
-.2421432E+00
-.2476619E+00
-.2418601E+00
-.2311725E+00
-.2231245E+00
-.2217953E+00
-.2295009E+00
-.2375766E+00
-.2365424E+00
-.2253365E+00
-.2110704E+00
-.2081388E+00
-.2153536E+00
-.2182749E+00
-.2213357E+00
-.2293719E+00
-.2246488E+00
-.2020723E+00
-.1752974E+00
-.1639756E+00
-.1899232E+00
-.2517160E+00
-.3075116E+00
-.2668378E+00
-.1205082E+00
.1909252E-02
.5487750E-01
.1011259E+00
.1609887E+00
.2134053E+00
.2417832E+00
.2566398E+00
.2641075E+00
.2624135E+00
.2632401E+00
.2685131E+00
.2816848E+00
.3061768E+00
.3274888E+00
.3312813E+00
.3173935E+00
.2978298E+00
.2817306E+00
.2729132E+00
.2735924E+00
.2769568E+00
.2875053E+00
.3109052E+00
.3128883E+00
.2667295E+00
.1966691E+00
.1344479E+00
.9134017E-01
.6188053E-01
.3792291E-01
.1730575E-01
-.5376842E-02
-.3534114E-01
-.6767479E-01
-.9739729E-01
-.1262073E+00
-.1524972E+00
-.1764851E+00
-.1949776E+00
-.2019974E+00
-.2080157E+00
-.2196242E+00
-.2231294E+00
-.2143156E+00
-.2114723E+00
-.2146472E+00
-.2037245E+00
-.1767954E+00
-.1405645E+00
-.9705194E-01
-.5066566E-01
-.1013255E-01
.2068983E-01
.4560762E-01
.6520678E-01
.7835049E-01
.8879368E-01
.9869700E-01
.1029361E+00
.1001332E+00
.9975729E-01
.1084134E+00
.1133587E+00
.1057876E+00
.9919465E-01
.1001818E+00
.1055345E+00
.1153901E+00
.1274241E+00
.1359423E+00
.1396488E+00
.1423987E+00
.1468759E+00
.1517449E+00
.1512073E+00
.1466331E+00
.1422129E+00
.1404440E+00
.1459723E+00
.1549792E+00
.1618724E+00
.1620038E+00
.1577653E+00
.1545316E+00
.1478902E+00
.1399748E+00
.1315801E+00
.1186914E+00
.1042172E+00
.9459690E-01
.9460422E-01
.1027709E+00
.1194538E+00
.1375255E+00
.1435178E+00
.1423437E+00
.1449932E+00
.1505199E+00
.1536252E+00
.1527571E+00
.1513392E+00
.1515070E+00
.1497301E+00
.1467423E+00
.1495064E+00
.1585913E+00
.1682339E+00
.1747079E+00
.1759715E+00
.1699187E+00
.1573139E+00
.1415527E+00
.1262285E+00
.1119722E+00
.9909279E-01
.9271519E-01
.9160599E-01
.9053460E-01
.8996390E-01
.8932748E-01
.8196407E-01
.6478494E-01
.4651813E-01
.3055437E-01
.2238173E-01
.1218232E-01
-.7984103E-02
-.2396969E-01
-.4815188E-01
-.5528914E-01
-.4872627E-01
-.6142567E-01
-.5656473E-01
-.6157184E-01
-.8246595E-01
-.8454074E-01
-.9026341E-01
-.9762417E-01
-.1122231E+00
-.1314990E+00
-.1478252E+00
-.1673750E+00
-.1786341E+00
-.1836901E+00
-.1850164E+00
-.1853339E+00
-.1883583E+00
-.1911133E+00
-.1928437E+00
-.1977896E+00
-.2053923E+00
-.2083210E+00
-.2109692E+00
-.2147068E+00
-.2180371E+00
-.2260888E+00
-.2370463E+00
-.2431302E+00
-.2442211E+00
-.2459297E+00
-.2522274E+00
-.2651155E+00
-.2769567E+00
-.2795641E+00
-.2739822E+00
-.2660044E+00
-.2607172E+00
-.2606730E+00
-.2627079E+00
-.2626323E+00
-.2648861E+00
-.2653463E+00
-.2633438E+00
-.2592764E+00
-.2445235E+00
-.2328655E+00
-.2320401E+00
-.2367866E+00
-.2517114E+00
-.2780694E+00
-.3036816E+00
-.3029995E+00
-.2727020E+00
-.2340801E+00
-.1988097E+00
-.1676851E+00
-.1375667E+00
-.1033339E+00
-.7322190E-01
-.6448579E-01
-.7519620E-01
-.8905520E-01
-.9272758E-01
-.8857987E-01
-.8584987E-01
-.8417856E-01
-.8139204E-01
-.7403196E-01
-.6623348E-01
-.6571701E-01
-.6865643E-01
-.6934067E-01
-.6565446E-01
-.5990632E-01
-.5271710E-01
-.4099855E-01
-.2478970E-01
-.8270534E-02
.4406288E-02
.1720109E-01
.3327860E-01
.5151243E-01
.7111245E-01
.8740699E-01
.9772980E-01
.1029196E+00
.1054279E+00
.1078345E+00
.1079629E+00
.1051300E+00
.1022367E+00
.9917027E-01
.9820385E-01
.9923505E-01
.8881541E-01
.5978794E-01
.1987073E-01
-.1922840E-01
-.4817639E-01
-.6827073E-01
-.8161251E-01
-.8840994E-01
-.9242227E-01
-.9488508E-01
-.9776302E-01
-.1037355E+00
-.1076729E+00
-.1042920E+00
-.1035481E+00
-.1069406E+00
-.1081998E+00
-.1126998E+00
-.1097623E+00
-.9200217E-01
-.6841078E-01
-.4112918E-01
-.1498377E-01
.1489477E-02
.8437034E-02
.1612188E-01
.2375147E-01
.2804244E-01
.3448474E-01
.4390912E-01
.5666469E-01
.6895723E-01
.8393098E-01
.1018110E+00
.1097651E+00
.1109568E+00
.1140558E+00
.1221414E+00
.1341726E+00
.1430855E+00
.1513834E+00
.1603652E+00
.1646628E+00
.1671135E+00
.1650317E+00
.1508297E+00
.1326750E+00
.1273162E+00
.1409951E+00
.1637633E+00
.1822640E+00
.1957974E+00
.2079009E+00
.2132180E+00
.2114348E+00
.2054780E+00
.1929856E+00
.1767376E+00
.1574013E+00
.1356666E+00
.1147021E+00
.9986492E-01
.9617055E-01
.8616314E-01
.5731900E-01
.2480354E-01
.4045834E-03
-.1571556E-01
-.2437815E-01
-.2771400E-01
-.3154256E-01
-.3728947E-01
-.4190869E-01
-.4585938E-01
-.4645294E-01
-.4272624E-01
-.4150249E-01
-.4120974E-01
-.3355029E-01
-.1701947E-01
.6343773E-02
.3429452E-01
.6367370E-01
.8548688E-01
.9079722E-01
.8531803E-01
.7715127E-01
.6840357E-01
.6058214E-01
.5363989E-01
.5113187E-01
.5196487E-01
.5219626E-01
.5527432E-01
.6155229E-01
.6691656E-01
.6379629E-01
.4920217E-01
.2581037E-01
-.4979426E-02
-.3312359E-01
-.5019983E-01
-.6126356E-01
-.7444055E-01
-.9305380E-01
-.1138539E+00
-.1284910E+00
-.1370224E+00
-.1464743E+00
-.1538928E+00
-.1593484E+00
-.1671682E+00
-.1773509E+00
-.1906981E+00
-.2019356E+00
-.2059682E+00
-.2049629E+00
-.2033388E+00
-.2033591E+00
-.2024988E+00
-.1958321E+00
-.1800235E+00
-.1565612E+00
-.1304619E+00
-.1101110E+00
-.9855077E-01
-.9103156E-01
-.8479044E-01
-.7726784E-01
-.7006799E-01
-.6518736E-01
-.5859231E-01
-.5211956E-01
-.4995458E-01
-.5036103E-01
-.5062902E-01
-.4874172E-01
-.4342500E-01
-.3626385E-01
-.3150882E-01
-.3290743E-01
-.3734417E-01
-.3637654E-01
-.2904592E-01
-.1927278E-01
-.8024420E-02
.5538045E-02
.2254293E-01
.3866310E-01
.5203732E-01
.6671376E-01
.8414754E-01
.1039426E+00
.1246733E+00
.1467659E+00
.1693488E+00
.1872056E+00
.1931790E+00
.1877121E+00
.1813859E+00
.1734002E+00
.1587321E+00
.1439701E+00
.1359213E+00
.1361188E+00
.1411670E+00
.1468303E+00
.1492466E+00
.1489596E+00
.1518424E+00
.1569113E+00
.1605942E+00
.1647291E+00
.1730782E+00
.1878151E+00
.2073620E+00
.2274362E+00
.2422741E+00
.2482711E+00
.2454513E+00
.2225408E+00
.1709773E+00
.1145038E+00
.7403439E-01
.4595939E-01
.2532959E-01
.1115886E-01
.5725776E-02
.8698465E-02
.1451535E-01
.1799908E-01
.2011865E-01
.2055406E-01
.1757242E-01
.1432518E-01
.1016176E-01
.8477425E-02
.1282455E-01
.2368485E-01
.4431329E-01
.7349779E-01
.1094785E+00
.1426149E+00
.1541624E+00
.1389253E+00
.1160873E+00
.1021721E+00
.8994043E-01
.7588242E-01
.6544825E-01
.6201214E-01
.6904135E-01
.7916755E-01
.8591078E-01
.8966099E-01
.9076792E-01
.9386631E-01
.9712008E-01
.9853695E-01
.9876350E-01
.9847719E-01
.9954992E-01
.9523836E-01
.8802838E-01
.8210762E-01
.7413006E-01
.6778470E-01
.6080802E-01
.5320118E-01
.4983967E-01
.4949731E-01
.5327710E-01
.6010893E-01
.6925614E-01
.7914615E-01
.8402249E-01
.8970447E-01
.9946884E-01
.1069414E+00
.1169157E+00
.1341002E+00
.1538287E+00
.1743191E+00
.1941738E+00
.2077873E+00
.2161025E+00
.2249384E+00
.2317090E+00
.2371289E+00
.2500980E+00
.2699076E+00
.2851375E+00
.2871047E+00
.2771232E+00
.2595999E+00
.2381485E+00
.2162161E+00
.1948247E+00
.1779585E+00
.1653995E+00
.1530185E+00
.1439880E+00
.1377443E+00
.1333648E+00
.1310952E+00
.1290455E+00
.1330152E+00
.1397522E+00
.1408982E+00
.1380221E+00
.1336636E+00
.1338026E+00
.1411573E+00
.1527404E+00
.1632020E+00
.1689769E+00
.1758790E+00
.1853599E+00
.1928631E+00
.1964073E+00
.1987772E+00
.1997549E+00
.1923180E+00
.1789033E+00
.1635647E+00
.1474502E+00
.1363762E+00
.1308330E+00
.1293265E+00
.1311395E+00
.1341782E+00
.1369202E+00
.1370969E+00
.1371454E+00
.1357616E+00
.1276575E+00
.1196983E+00
.1152328E+00
.1111973E+00
.1104932E+00
.1088279E+00
.1033637E+00
.9779578E-01
.8860056E-01
.7662640E-01
.6443131E-01
.5001220E-01
.3546957E-01
.1865401E-01
-.2899456E-02
-.2314447E-01
-.3997062E-01
-.5688855E-01
-.7133015E-01
-.8275677E-01
-.9309032E-01
-.9981782E-01
-.1069319E+00
-.1147628E+00
-.1219090E+00
-.1305338E+00
-.1335027E+00
-.1297349E+00
-.1275669E+00
-.1305912E+00
-.1354559E+00
-.1380612E+00
-.1391826E+00
-.1399373E+00
-.1382494E+00
-.1325733E+00
-.1276776E+00
-.1259350E+00
-.1254859E+00
-.1288748E+00
-.1363006E+00
-.1456784E+00
-.1539530E+00
-.1585623E+00
-.1632703E+00
-.1695624E+00
-.1750783E+00
-.1803790E+00
-.1891756E+00
-.2019348E+00
-.2156624E+00
-.2312800E+00
-.2482383E+00
-.2661647E+00
-.2860344E+00
-.3040121E+00
-.3191999E+00
-.3328021E+00
-.3427121E+00
-.3480267E+00
-.3482535E+00
-.3424019E+00
-.3324022E+00
-.3182963E+00
-.2983571E+00
-.2695057E+00
-.2264595E+00
-.1751016E+00
-.1259993E+00
-.8535517E-01
-.5562884E-01
-.3248921E-01
-.1845983E-01
-.1504808E-01
-.1404645E-01
-.1261179E-01
-.9867498E-02
-.4544242E-02
.2543539E-02
.1210184E-01
.2272923E-01
.3208698E-01
.4021000E-01
.4335695E-01
.4193646E-01
.4022271E-01
.3524516E-01
.2928805E-01
.2343096E-01
.1532261E-01
.7333022E-02
-.3815070E-02
-.1518272E-01
-.2067640E-01
-.2271728E-01
-.2207319E-01
-.1911584E-01
-.1486638E-01
-.1186998E-01
-.1148638E-01
-.1143398E-01
-.1371292E-01
-.1812936E-01
-.2199854E-01
-.2777824E-01
-.3478206E-01
-.4069188E-01
-.4659767E-01
-.5270960E-01
-.6079837E-01
-.7013369E-01
-.7794003E-01
-.8814827E-01
-.1013725E+00
-.1153812E+00
-.1302405E+00
-.1434623E+00
-.1562577E+00
-.1673597E+00
-.1753964E+00
-.1835046E+00
-.1901853E+00
-.1959051E+00
-.1983420E+00
-.1960399E+00
-.1930141E+00
-.1880538E+00
-.1832568E+00
-.1788861E+00
-.1705632E+00
-.1598670E+00
-.1472661E+00
-.1272409E+00
-.9759087E-01
-.6342054E-01
-.2856681E-01
.3311695E-02
.2999844E-01
.5210873E-01
.6823922E-01
.7716970E-01
.7673747E-01
.7043451E-01
.6289278E-01
.5409349E-01
.4689008E-01
.4277105E-01
.4234799E-01
.4288552E-01
.4139778E-01
.3968049E-01
.3686954E-01
.3522432E-01
.3553216E-01
.3350670E-01
.3104309E-01
.2789512E-01
.2027525E-01
.1099492E-01
.1922167E-02
-.7712770E-02
-.1645027E-01
-.2534638E-01
-.3417600E-01
-.4082119E-01
-.4849251E-01
-.5651526E-01
-.5883871E-01
-.6176620E-01
-.6984259E-01
-.6993539E-01
-.6157590E-01
-.5855942E-01
-.6212762E-01
-.6781680E-01
-.7310632E-01
-.7625046E-01
-.8016453E-01
-.8554473E-01
-.9141282E-01
-.9915035E-01
-.1058724E+00
-.1115933E+00
-.1171694E+00
-.1207049E+00
-.1260084E+00
-.1329410E+00
-.1385891E+00
-.1434288E+00
-.1471995E+00
-.1508978E+00
-.1529887E+00
-.1542890E+00
-.1590382E+00
-.1619617E+00
-.1614457E+00
-.1641378E+00
-.1677830E+00
-.1700569E+00
-.1718879E+00
-.1697971E+00
-.1645969E+00
-.1579757E+00
-.1485078E+00
-.1391055E+00
-.1294336E+00
-.1176983E+00
-.1081684E+00
-.9952344E-01
-.9041364E-01
-.8482919E-01
-.8131097E-01
-.7954462E-01
-.7938980E-01
-.7953259E-01
-.8085063E-01
-.8032699E-01
-.8072898E-01
-.8327899E-01
-.8342684E-01
-.8401853E-01
-.8558044E-01
-.8711153E-01
-.8849931E-01
-.8886312E-01
-.8842008E-01
-.8666564E-01
-.8577723E-01
-.8493326E-01
-.8258526E-01
-.8052780E-01
-.7933119E-01
-.7777177E-01
-.7398090E-01
-.7119541E-01
-.7043074E-01
-.6868175E-01
-.6790975E-01
-.6718550E-01
-.6612633E-01
-.6680150E-01
-.6508059E-01
-.6350785E-01
-.6494719E-01
-.6424409E-01
-.6431917E-01
-.6640773E-01
-.6890369E-01
-.7376007E-01
-.7690888E-01
-.7822853E-01
-.8155129E-01
-.8341553E-01
-.8202474E-01
-.8281823E-01
-.8598114E-01
-.8744162E-01
-.8833408E-01
-.8761463E-01
-.8251054E-01
-.7059922E-01
-.5551253E-01
-.4651737E-01
-.4085361E-01
-.3613219E-01
-.3315397E-01
-.2897919E-01
-.2808898E-01
-.2972675E-01
-.3088897E-01
-.3398950E-01
-.3786080E-01
-.4424090E-01
-.5214386E-01
-.5727620E-01
-.6130255E-01
-.6666013E-01
-.7382697E-01
-.7971579E-01
-.8332256E-01
-.9001961E-01
-.9718863E-01
-.1008111E+00
-.1058168E+00
-.1095253E+00
-.1098892E+00
-.1108861E+00
-.1119377E+00
-.1131788E+00
-.1129074E+00
-.1100117E+00
-.1042943E+00
-.9604474E-01
-.8790581E-01
-.7931062E-01
-.7052969E-01
-.6211376E-01
-.5468394E-01
-.4808830E-01
-.4117479E-01
-.3473732E-01
-.2837622E-01
-.2282163E-01
-.1810894E-01
-.1337874E-01
-.9983704E-02
-.6886363E-02
-.2622097E-02
.5855156E-03
.4008843E-02
.9049433E-02
.1216419E-01
.1484079E-01
.1700543E-01
.1759880E-01
.1957965E-01
.2046854E-01
.2052081E-01
.2037045E-01
.2008943E-01
.2047997E-01
.1829785E-01
.1926916E-01
.2032722E-01
.1481667E-01
.1116769E-01
.9869272E-02
.9632475E-02
.8765514E-02
.6561850E-02
.8140800E-02
.9464772E-02
.8829336E-02
.7533603E-02
.6110660E-02
.5937541E-02
.4321005E-02
.2030572E-02
.3742747E-03
-.9877092E-03
-.2111691E-02
-.2817103E-02
-.1895813E-02
-.1709133E-02
-.2749813E-02
-.4082778E-02
-.5842231E-02
-.6080981E-02
-.6479285E-02
-.6625082E-02
-.5577073E-02
-.4854391E-02
-.2876452E-02
-.1891274E-02
-.1209734E-02
.9617083E-03
.3185901E-02
.6871139E-02
.9539248E-02
.1209439E-01
.1642819E-01
.1921507E-01
.2073587E-01
.2219453E-01
.2470815E-01
.2746610E-01
.2972483E-01
.3503166E-01
.4301693E-01
.4962692E-01
.5598894E-01
.6268430E-01
.6553760E-01
.6702725E-01
.6981326E-01
.7092821E-01
.7267858E-01
.7618537E-01
.7646255E-01
.7286171E-01
.6798809E-01
.6141592E-01
.5510981E-01
.5132479E-01
.4926358E-01
.4848863E-01
.4811526E-01
.4919791E-01
.5011288E-01
.5015213E-01
.5188584E-01
.5211554E-01
.5152322E-01
.5229496E-01
.5318733E-01
.5454672E-01
.5382068E-01
.5330994E-01
.5494794E-01
.5469539E-01
.5631211E-01
.6032322E-01
.6191284E-01
.6398327E-01
.6745318E-01
.7037241E-01
.7317945E-01
.7543182E-01
.7710976E-01
.7937032E-01
.8247695E-01
.8490410E-01
.8689995E-01
.8875378E-01
.8921356E-01
.8863695E-01
.8810542E-01
.8899350E-01
.9008735E-01
.9007252E-01
.9077210E-01
.9203374E-01
.9198997E-01
.8960661E-01
.8632793E-01
.8445271E-01
.8217230E-01
.7945297E-01
.7846511E-01
.7689643E-01
.7556147E-01
.7611423E-01
.7589503E-01
.7554919E-01
.7592552E-01
.7606286E-01
.7693288E-01
.7926957E-01
.8287113E-01
.8741857E-01
.9131368E-01
.9489352E-01
.9924143E-01
.1028100E+00
.1065022E+00
.1098240E+00
.1119107E+00
.1142511E+00
.1159439E+00
.1175571E+00
.1191186E+00
.1204532E+00
.1219031E+00
.1238681E+00
.1275898E+00
.1304306E+00
.1335132E+00
.1376896E+00
.1394390E+00
.1404283E+00
.1400911E+00
.1365180E+00
.1307003E+00
.1199900E+00
.1021550E+00
.8035882E-01
.5906076E-01
.4060909E-01
.2708453E-01
.1865231E-01
.1365277E-01
.1145963E-01
.1210522E-01
.1410992E-01
.1496677E-01
.1631238E-01
.1677078E-01
.1450688E-01
.1374703E-01
.1333501E-01
.1218018E-01
.1236835E-01
.1408709E-01
.1700778E-01
.2061195E-01
.2686275E-01
.3411551E-01
.4059016E-01
.4788993E-01
.5485782E-01
.6026912E-01
.6318334E-01
.6500718E-01
.6744288E-01
.6932609E-01
.7054388E-01
.7235412E-01
.7467739E-01
.7610754E-01
.7807744E-01
.8027935E-01
.8203967E-01
.8464490E-01
.8594307E-01
.8695679E-01
.8906994E-01
.9108578E-01
.9303182E-01
.9371678E-01
.9425946E-01
.9553598E-01
.9708815E-01
.9936771E-01
.1008660E+00
.1014585E+00
.1019007E+00
.9898574E-01
.8701205E-01
.6768936E-01
.4990167E-01
.3665574E-01
.2613057E-01
.1832432E-01
.1362977E-01
.1119834E-01
.1110592E-01
.1259913E-01
.1308247E-01
.1242037E-01
.1241507E-01
.1231338E-01
.9842161E-02
.8192047E-02
.8453540E-02
.7975973E-02
.9135041E-02
.1122029E-01
.1328097E-01
.1676885E-01
.2003270E-01
.2374582E-01
.2798164E-01
.3032110E-01
.3108765E-01
.3263234E-01
.3550341E-01
.3697305E-01
.3746202E-01
.3941022E-01
.4144352E-01
.4322216E-01
.4537834E-01
.4830255E-01
.5076644E-01
.5086465E-01
.5116776E-01
.5156403E-01
.5074905E-01
.5033864E-01
.4979530E-01
.4791598E-01
.4532859E-01
.4453967E-01
.4413001E-01
.4292178E-01
.4298240E-01
.4283297E-01
.4235151E-01
.4121956E-01
.3996690E-01
.4046472E-01
.3915097E-01
.3570749E-01
.3306462E-01
.3003122E-01
.2522128E-01
.2103367E-01
.1972664E-01
.1957718E-01
.1906903E-01
.1834397E-01
.1820460E-01
.1846184E-01
.1910307E-01
.2042209E-01
.2052281E-01
.2051857E-01
.2165500E-01
.2230723E-01
.2259045E-01
.2234159E-01
.2207454E-01
.2266717E-01
.2200619E-01
.2009994E-01
.1966812E-01
.1997955E-01
.1956071E-01
.1799355E-01
.1579852E-01
.1531498E-01
.1431164E-01
.1240018E-01
.1230628E-01
.1113756E-01
.9242251E-02
.7566682E-02
.5529874E-02
.4802420E-02
.2789708E-02
.1415739E-03
-.6354829E-03
-.1237655E-02
-.1932697E-02
-.3071973E-02
-.3800807E-02
-.3501874E-02
-.3896786E-02
-.4375851E-02
-.3936913E-02
-.3722541E-02
-.4006280E-02
-.3568641E-02
-.2734137E-02
-.1721272E-02
.1072927E-03
.1367715E-02
.1601992E-02
.2179203E-02
.2146336E-02
.1343014E-02
.2220070E-02
.2467720E-02
.1026306E-02
.1855047E-02
.2493459E-02
.1887365E-02
.1714037E-02
.9565193E-04
-.6904779E-03
-.7051689E-03
-.1704389E-02
-.2667302E-02
-.4169635E-02
-.5738180E-02
-.6709303E-02
-.6889531E-02
-.7170056E-02
-.7136849E-02
-.5769843E-02
-.6037958E-02
-.7386032E-02
-.7537199E-02
-.8234942E-02
-.8356965E-02
-.7534329E-02
-.7898074E-02
-.7531553E-02
-.6156904E-02
-.5168080E-02
-.4416721E-02
-.3749647E-02
-.2928369E-02
-.2276465E-02
-.5054654E-03
.1725540E-02
.2252389E-02
.2984301E-02
.5205775E-02
.6644116E-02
.7164174E-02
.7460862E-02
.5954938E-02
.4806301E-02
.5367597E-02
.5379427E-02
.4479741E-02
.3807450E-02
.4678914E-02
.5059775E-02
.4157059E-02
.3386850E-02
.2060871E-02
.8995107E-03
-.1404754E-03
-.7956946E-03
-.9044219E-03
-.2584750E-02
-.3818369E-02
-.3713274E-02
-.4442964E-02
-.4627771E-02
-.4923871E-02
-.5786952E-02
-.5869449E-02
-.7035679E-02
-.7999780E-02
-.7331335E-02
-.8082089E-02
-.1022412E-01
-.1136833E-01
-.1201454E-01
-.1292454E-01
-.1416870E-01
-.1598927E-01
-.1769675E-01
-.1938936E-01
-.2053841E-01
-.2098388E-01
-.2209111E-01
-.2239097E-01
-.2225797E-01
-.2313451E-01
-.2285573E-01
-.2393911E-01
-.2842037E-01
-.3241394E-01
-.3535349E-01
-.3820883E-01
-.4126824E-01
-.4328578E-01
-.4358041E-01
-.4460940E-01
-.4610132E-01
-.4802161E-01
-.5157772E-01
-.5589637E-01
-.6018350E-01
-.6438606E-01
-.6643464E-01
-.6896477E-01
-.7111827E-01
-.6651483E-01
-.6957106E-01
-.8197279E-01
-.8613334E-01
-.8776241E-01
-.9243281E-01
-.9764558E-01
-.1029539E+00
-.1059045E+00
-.1078588E+00
-.1083884E+00
-.1052479E+00
-.9882157E-01
-.8876063E-01
-.7480638E-01
-.6255060E-01
-.5431401E-01
-.4633694E-01
-.4115183E-01
-.3902159E-01
-.3587001E-01
-.3332768E-01
-.3255959E-01
-.3166887E-01
-.3165784E-01
-.3364314E-01
-.3527781E-01
-.3833891E-01
-.4434740E-01
-.4871059E-01
-.5273541E-01
-.5838934E-01
-.6293531E-01
-.6556318E-01
-.6779775E-01
-.6985904E-01
-.7002991E-01
-.7060267E-01
-.6431405E-01
-.5299699E-01
-.5409380E-01
-.5715285E-01
-.5432389E-01
-.5453863E-01
-.5468185E-01
-.5464589E-01
-.5651064E-01
-.5855747E-01
-.5957046E-01
-.5971513E-01
-.5983603E-01
-.6043029E-01
-.6167189E-01
-.6202439E-01
-.6240131E-01
-.6318720E-01
-.6398790E-01
-.6486893E-01
-.6622784E-01
-.6820663E-01
-.6882507E-01
-.6951678E-01
-.7057123E-01
-.7072510E-01
-.6991522E-01
-.6859523E-01
-.6907505E-01
-.6955487E-01
-.6828926E-01
-.6732889E-01
-.6733219E-01
-.6648635E-01
-.6503632E-01
-.6423041E-01
-.6367548E-01
-.6465844E-01
-.6402751E-01
-.6143062E-01
-.6198227E-01
-.6319772E-01
-.6371465E-01
-.6506431E-01
-.6685069E-01
-.6902850E-01
-.6998153E-01
-.7031247E-01
-.7198363E-01
-.7356565E-01
-.7404007E-01
-.7444475E-01
-.7541400E-01
-.7703978E-01
-.7810953E-01
-.7835569E-01
-.7918608E-01
-.8025070E-01
-.8051658E-01
-.8125403E-01
-.8332765E-01
-.8315566E-01
-.7953946E-01
-.7100229E-01
-.5476272E-01
-.3971281E-01
-.3244915E-01
-.2814578E-01
-.2463057E-01
-.2211698E-01
-.1986990E-01
-.1781538E-01
-.1585367E-01
-.1436791E-01
-.1426397E-01
-.1447194E-01
-.1421150E-01
-.1392582E-01
-.1343099E-01
-.1415505E-01
-.1622860E-01
-.1861000E-01
-.2082027E-01
-.2238918E-01
-.2462725E-01
-.2706957E-01
-.2899928E-01
-.3129304E-01
-.3335410E-01
-.3442495E-01
-.3401092E-01
-.3253132E-01
-.3040729E-01
-.2813376E-01
-.2692106E-01
-.2505852E-01
-.2189587E-01
-.1977930E-01
-.1770502E-01
-.1518626E-01
-.1422912E-01
-.1328136E-01
-.1094952E-01
-.8164568E-02
-.5335322E-02
-.3555306E-02
-.1613227E-02
.1654347E-02
.3849152E-02
.5502242E-02
.7321452E-02
.8725938E-02
.1062610E-01
.1094115E-01
.1000356E-01
.1101277E-01
.1228503E-01
.1201422E-01
.1116724E-01
.1052456E-01
.1065082E-01
.1160343E-01
.1261007E-01
.1324185E-01
.1401968E-01
.1504146E-01
.1562073E-01
.1530750E-01
.1408579E-01
.1301155E-01
.1292907E-01
.1263336E-01
.1151007E-01
.1111418E-01
.1159063E-01
.1118260E-01
.1005529E-01
.9796243E-02
.1066444E-01
.1156546E-01
.1200596E-01
.1212097E-01
.1155402E-01
.1128385E-01
.1217397E-01
.1278172E-01
.1306196E-01
.1379233E-01
.1447142E-01
.1610878E-01
.1808998E-01
.1783408E-01
.1629140E-01
.1523209E-01
.1437965E-01
.1326143E-01
.1265878E-01
.1246918E-01
.1089921E-01
.9286638E-02
.8228456E-02
.6170242E-02
.4133495E-02
.2438927E-02
.2079718E-02
.2811386E-02
.2589304E-02
.2411305E-02
.3693321E-02
.6935032E-02
.8718648E-02
.8527265E-02
.9962667E-02
.1035249E-01
.9927556E-02
.1103605E-01
.1205048E-01
.1332023E-01
.1443591E-01
.1487046E-01
.1509826E-01
.1569589E-01
.1731375E-01
.1792554E-01
.1728074E-01
.1694788E-01
.1735999E-01
.1768545E-01
.1685341E-01
.1743272E-01
.1848099E-01
.1791163E-01
.1811120E-01
.1777045E-01
.1749700E-01
.1834679E-01
.1827444E-01
.1872035E-01
.1901688E-01
.1909026E-01
.1994770E-01
.1983314E-01
.1933288E-01
.1906329E-01
.1896269E-01
.1830061E-01
.1762028E-01
.1842314E-01
.1832875E-01
.1753403E-01
.1787181E-01
.1800361E-01
.1798725E-01
.1845795E-01
.1818510E-01
.1774150E-01
.1841135E-01
.1862398E-01
.1846194E-01
.1917356E-01
.2010164E-01
.2062506E-01
.2146126E-01
.2341533E-01
.2504672E-01
.2549477E-01
.2580145E-01
.2711468E-01
.2892462E-01
.2987096E-01
.3109411E-01
.3257082E-01
.3288207E-01
.3331816E-01
.3420438E-01
.3484664E-01
.3586750E-01
.3647867E-01
.3678442E-01
.3772030E-01
.3882718E-01
.4017401E-01
.4121881E-01
.4271146E-01
.4422106E-01
.4446246E-01
.4570551E-01
.4632564E-01
.4612030E-01
.4771530E-01
.4892052E-01
.4941464E-01
.4943393E-01
.5023942E-01
.5232432E-01
.5237139E-01
.5329622E-01
.5522115E-01
.5472207E-01
.5587267E-01
.5807444E-01
.5876167E-01
.5992401E-01
.6106551E-01
.6226823E-01
.6276217E-01
.6216527E-01
.6272300E-01
.6429960E-01
.6642366E-01
.6897017E-01
.7081656E-01
.7176666E-01
.7386687E-01
.7592346E-01
.7519280E-01
.7466610E-01
.7534508E-01
.7584964E-01
.7716147E-01
.7848918E-01
.7892592E-01
.7942828E-01
.8016562E-01
.8009054E-01
.7917621E-01
.7912609E-01
.7966632E-01
.7896483E-01
.7793757E-01
.7708785E-01
.7616629E-01
.7568612E-01
.7539036E-01
.7562260E-01
.7598843E-01
.7590590E-01
.7456007E-01
.7229471E-01
.7140368E-01
.7018106E-01
.6813457E-01
.6608480E-01
.6244043E-01
.6035145E-01
.5887958E-01
.5422831E-01
.5058986E-01
.4797918E-01
.4416378E-01
.4077894E-01
.3854104E-01
.3753134E-01
.3550080E-01
.3308798E-01
.3198194E-01
.3127760E-01
.3105426E-01
.3008616E-01
.2907290E-01
.2909157E-01
.2953212E-01
.3020545E-01
.2992688E-01
.3018524E-01
.3159660E-01
.3269271E-01
.3414052E-01
.3515903E-01
.3620655E-01
.3804537E-01
.3907666E-01
.3970674E-01
.4019066E-01
.4105952E-01
.4239476E-01
.4231192E-01
.4249126E-01
.4363832E-01
.4310459E-01
.4269816E-01
.4376868E-01
.4353174E-01
.4244261E-01
.4189138E-01
.4197717E-01
.4225966E-01
.4109268E-01
.3989907E-01
.4055250E-01
.4170923E-01
.4186208E-01
.4154829E-01
.4208652E-01
.4318466E-01
.4357902E-01
.4335568E-01
.4399371E-01
.4408154E-01
.4309588E-01
.4359712E-01
.4388732E-01
.4314322E-01
.4363148E-01
.4427788E-01
.4266155E-01
.4020705E-01
.4035589E-01
.4033095E-01
.3795684E-01
.3692658E-01
.3647241E-01
.3462419E-01
.3261384E-01
.3109665E-01
.3024309E-01
.2862961E-01
.2665439E-01
.2581669E-01
.2372132E-01
.2116481E-01
.2012502E-01
.1832244E-01
.1680957E-01
.1608381E-01
.1426330E-01
.1241261E-01
.1007811E-01
.8285954E-02
.8361675E-02
.7654279E-02
.7005558E-02
.7178418E-02
.6392896E-02
.5537120E-02
.5363843E-02
.5251654E-02
.4265989E-02
.3788873E-02
.4701351E-02
.4796275E-02
.4372346E-02
.4110853E-02
.3780917E-02
.3496742E-02
.3350264E-02
.3535796E-02
.2891331E-02
.1775134E-02
.1016613E-02
.2289063E-03
.4355075E-03
.1532606E-02
.6362471E-03
-.1471939E-02
-.2086095E-02
-.2800204E-02
-.2845655E-02
-.2505823E-02
-.4152681E-02
-.3946749E-02
-.2378645E-02
-.3347432E-02
-.4610473E-02
-.4828884E-02
-.4924197E-02
-.5194071E-02
-.5397152E-02
-.6167345E-02
-.7763052E-02
-.8331317E-02
-.8687978E-02
-.1016992E-01
-.1224021E-01
-.1423436E-01
-.1547828E-01
-.1711236E-01
-.1875280E-01
-.1919676E-01
-.1997293E-01
-.2167858E-01
-.2288153E-01
-.2318309E-01
-.2372879E-01
-.2462053E-01
-.2553249E-01
-.2605888E-01
-.2585485E-01
-.2593617E-01
-.2590375E-01
-.2571158E-01
-.2556864E-01
-.2473723E-01
-.2531449E-01
-.2635631E-01
-.2480265E-01
-.2459072E-01
-.2632920E-01
-.2572268E-01
-.2590292E-01
-.2756738E-01
-.2737601E-01
-.2735266E-01
-.2816037E-01
-.2890659E-01
-.2980265E-01
-.3064293E-01
-.3127777E-01
-.3174235E-01
-.3238374E-01
-.3247318E-01
-.3261177E-01
-.3366308E-01
-.3476064E-01
-.3559525E-01
-.3572767E-01
-.3613398E-01
-.3685393E-01
-.3698569E-01
-.3821570E-01
-.3980321E-01
-.4060320E-01
-.4032604E-01
-.3946919E-01
-.4097993E-01
-.4256489E-01
-.4187221E-01
-.4177030E-01
-.4257812E-01
-.4283408E-01
-.4295663E-01
-.4311103E-01
-.4249491E-01
-.4183022E-01
-.4092353E-01
-.4054026E-01
-.4089261E-01
-.3921472E-01
-.3820740E-01
-.3787585E-01
-.3673177E-01
-.3730011E-01
-.3692139E-01
-.3550825E-01
-.3464004E-01
-.3421542E-01
-.3424134E-01
-.3385123E-01
-.3497407E-01
-.3595843E-01
-.3565911E-01
-.3523585E-01
-.3482281E-01
-.3632933E-01
-.3668742E-01
-.3601304E-01
-.3716077E-01
-.3798167E-01
-.3900888E-01
-.3967650E-01
-.4036060E-01
-.4150921E-01
-.4129527E-01
-.4216063E-01
-.4399164E-01
-.4506340E-01
-.4548064E-01
-.4579197E-01
-.4768629E-01
-.4954216E-01
-.5027552E-01
-.5030215E-01
-.4969431E-01
-.5026436E-01
-.5079397E-01
-.5092869E-01
-.5189323E-01
-.5219615E-01
-.5172093E-01
-.5149205E-01
-.5220512E-01
-.5226704E-01
-.5183719E-01
-.5170732E-01
-.5020504E-01
-.4864785E-01
-.4647736E-01
-.4496507E-01
-.4502446E-01
-.4332959E-01
-.4167374E-01
-.3953391E-01
-.3627778E-01
-.3482762E-01
-.3331392E-01
-.3133568E-01
-.2942663E-01
-.2669299E-01
-.2465714E-01
-.2281328E-01
-.2086005E-01
-.1844226E-01
-.1553877E-01
-.1499895E-01
-.1450141E-01
-.1192740E-01
-.9610628E-02
-.8583758E-02
-.7619975E-02
-.6382914E-02
-.6344387E-02
-.5472394E-02
-.4310840E-02
-.4573698E-02
-.4339291E-02
-.4542607E-02
-.5175809E-02
-.5434913E-02
-.5475257E-02
-.5012312E-02
-.5204175E-02
-.6063596E-02
-.6972560E-02
-.7490330E-02
-.7782371E-02
-.8742475E-02
-.8597135E-02
-.8267251E-02
-.1036357E-01
-.1122690E-01
-.1047386E-01
-.1124961E-01
-.1145891E-01
-.1091533E-01
-.1163782E-01
-.1310270E-01
-.1372141E-01
-.1323338E-01
-.1351231E-01
-.1324921E-01
-.1274378E-01
-.1420987E-01
-.1366223E-01
-.1264283E-01
-.1358241E-01
-.1273785E-01
-.1267588E-01
-.1359114E-01
-.1333094E-01
-.1389749E-01
-.1457628E-01
-.1453735E-01
-.1433287E-01
-.1456131E-01
-.1470256E-01
-.1500162E-01
-.1584968E-01
-.1625408E-01
-.1676930E-01
-.1723623E-01
-.1894316E-01
-.2092310E-01
-.2061437E-01
-.2062936E-01
-.2112734E-01
-.2072877E-01
-.2007017E-01
-.2050884E-01
-.2151486E-01
-.2115626E-01
-.2161805E-01
-.2197133E-01
-.2098115E-01
-.2081336E-01
-.1988737E-01
-.1898204E-01
-.1939988E-01
-.1924002E-01
-.1840970E-01
-.1794509E-01
-.1788033E-01
-.1730496E-01
-.1671757E-01
-.1623074E-01
-.1533742E-01
-.1555144E-01
-.1627924E-01
-.1529489E-01
-.1414018E-01
-.1409656E-01
-.1416896E-01
-.1474352E-01
-.1479768E-01
-.1388019E-01
-.1404295E-01
-.1410791E-01
-.1325150E-01
-.1365373E-01
-.1389200E-01
-.1290182E-01
-.1314622E-01
-.1364304E-01
-.1352578E-01
-.1350832E-01
-.1253277E-01
-.1214283E-01
-.1370446E-01
-.1416277E-01
-.1257309E-01
-.1229390E-01
-.1377452E-01
-.1447402E-01
-.1403403E-01
-.1394103E-01
-.1370804E-01
-.1260717E-01
-.1298244E-01
-.1437188E-01
-.1328615E-01
-.1111749E-01
-.1153860E-01
-.1190533E-01
-.1089939E-01
-.1141189E-01
-.1093202E-01
-.1051614E-01
-.1091615E-01
-.8942504E-02
-.8674867E-02
-.9527525E-02
-.9047715E-02
-.9261107E-02
-.9311204E-02
-.9608266E-02
-.8841587E-02
-.7889252E-02
-.8210546E-02
-.7643104E-02
-.8058193E-02
-.8305134E-02
-.7771012E-02
-.7928048E-02
-.7332638E-02
-.6868538E-02
-.6748677E-02
-.6909647E-02
-.6150710E-02
-.4726639E-02
-.4829785E-02
-.4322725E-02
-.3794460E-02
-.3829583E-02
-.3012612E-02
-.3155489E-02
-.3740278E-02
-.3369674E-02
-.2760157E-02
-.2441616E-02
-.2234835E-02
-.1559952E-02
-.1646166E-02
-.2374611E-02
-.1714780E-02
-.1437491E-02
-.2665482E-02
-.3270806E-02
-.2638261E-02
-.2167211E-02
-.1666579E-02
-.1912256E-03
-.2452810E-03
-.1054831E-02
-.3042110E-03
-.1028514E-03
-.1601622E-03
.5487842E-03
.4298924E-03
-.1435136E-03
.4212670E-03
.6681631E-03
.8635537E-03
.1536957E-02
.1179616E-02
.1311260E-02
.1303839E-02
.1288434E-02
.1795289E-02
.1596606E-02
.2343273E-02
.2642207E-02
.2900651E-02
.4360431E-02
.4649491E-02
.4222901E-02
.4423665E-02
.5514669E-02
.5340405E-02
.4808878E-02
.6051078E-02
.6679968E-02
.7414024E-02
.7237487E-02
.5537957E-02
.6556990E-02
.8285097E-02
.7411393E-02
.6549914E-02
.7716130E-02
.8701456E-02
.8406988E-02
.9035390E-02
.9780434E-02
.8915981E-02
.9000122E-02
.1056417E-01
.1030434E-01
.9703776E-02
.1048034E-01
.1084387E-01
.1160410E-01
.1152240E-01
.1074357E-01
.1150450E-01
.1152949E-01
.1154160E-01
.1205509E-01
.1216444E-01
.1348729E-01
.1395811E-01
.1371346E-01
.1492583E-01
.1562243E-01
.1518408E-01
.1547735E-01
.1626411E-01
.1588876E-01
.1559420E-01
.1584663E-01
.1580127E-01
.1569626E-01
.1481652E-01
.1451065E-01
.1540407E-01
.1513144E-01
.1466406E-01
.1516418E-01
.1463939E-01
.1427486E-01
.1467835E-01
.1410495E-01
.1374716E-01
.1363026E-01
.1461194E-01
.1615649E-01
.1489862E-01
.1325113E-01
.1369042E-01
.1478504E-01
.1437911E-01
.1302018E-01
.1237067E-01
.1144708E-01
.1085152E-01
.1062765E-01
.9937401E-02
.9105826E-02
.9085864E-02
.9341010E-02
.8228728E-02
.7250252E-02
.6902766E-02
.7052524E-02
.7317579E-02
.6953618E-02
.6912495E-02
.7458460E-02
.8253324E-02
.7902165E-02
.7813859E-02
.8992411E-02
.9097619E-02
.9048174E-02
.9510656E-02
.9412502E-02
.8867145E-02
.8387318E-02
.8572002E-02
.8619577E-02
.8033014E-02
.8733404E-02
.9545534E-02
.8565503E-02
.8989068E-02
.9758733E-02
.8354222E-02
.8043223E-02
.8274253E-02
.7991164E-02
.8541833E-02
.7083146E-02
.5690095E-02
.7762519E-02
.7995799E-02
.6833990E-02
.8073252E-02
.8022887E-02
.6889545E-02
.6921209E-02
.7134536E-02
.8418460E-02
.9261911E-02
.8223273E-02
.8245697E-02
.8951481E-02
.8960105E-02
.1005323E-01
.1010148E-01
.8357803E-02
.8433840E-02
.8569860E-02
.8262729E-02
.9119690E-02
.8973399E-02
.8354857E-02
.8481187E-02
.9206264E-02
.9862242E-02
.1038918E-01
.1051322E-01
.9158353E-02
.8871800E-02
.9004258E-02
.7929045E-02
.7464293E-02
.7822770E-02
.8708161E-02
.8675817E-02
.7599544E-02
.6806094E-02
.6699000E-02
.7064357E-02
.6703695E-02
.6170645E-02
.6545258E-02
.6005098E-02
.4667705E-02
.4624601E-02
.4268698E-02
.4516320E-02
.5992361E-02
.5521546E-02
.4753457E-02
.4746885E-02
.4375043E-02
.4925671E-02
.6018597E-02
.5891250E-02
.5489834E-02
.6534223E-02
.7795051E-02
.7724624E-02
.7521604E-02
.8326177E-02
.8694710E-02
.8633170E-02
.9224761E-02
.9991896E-02
.1145252E-01
.1269054E-01
.1252698E-01
.1243016E-01
.1354161E-01
.1511430E-01
.1524241E-01
.1511557E-01
.1546310E-01
.1517499E-01
.1621465E-01
.1674744E-01
.1605936E-01
.1779339E-01
.1834826E-01
.1683166E-01
.1759722E-01
.1816310E-01
.1778213E-01
.1884495E-01
.1925026E-01
.1807835E-01
.1617334E-01
.1521509E-01
.1631768E-01
.1520064E-01
.1247205E-01
.1240773E-01
.1251856E-01
.1202368E-01
.1180197E-01
.1055932E-01
.9212584E-02
.9092108E-02
.9406886E-02
.9306496E-02
.8878575E-02
.8293379E-02
.8760902E-02
.9313896E-02
.8106239E-02
.7672199E-02
.8816814E-02
.8761584E-02
.8016483E-02
.8095488E-02
.8305196E-02
.8182463E-02
.7724146E-02
.8417932E-02
.1003215E-01
.1047276E-01
.9637444E-02
.8550631E-02
.8523326E-02
.9995840E-02
.1121072E-01
.1058489E-01
.1162499E-01
.1265725E-01
.1076571E-01
.1092099E-01
.1170125E-01
.1179497E-01
.1234796E-01
.1266292E-01
.1362946E-01
.1335035E-01
.1349179E-01
.1444966E-01
.1352585E-01
.1386752E-01
.1563344E-01
.1617653E-01
.1606198E-01
.1527037E-01
.1455600E-01
.1416334E-01
.1372541E-01
.1435469E-01
.1495799E-01
.1556886E-01
.1535710E-01
.1391100E-01
.1429009E-01
.1372645E-01
.1214844E-01
.1288857E-01
.1283256E-01
.1219034E-01
.1309177E-01
.1374408E-01
.1378732E-01
.1374484E-01
.1346520E-01
.1329086E-01
.1357131E-01
.1379643E-01
.1363437E-01
.1337025E-01
.1310458E-01
.1319178E-01
.1318852E-01
.1325321E-01
.1366955E-01
.1346785E-01
.1323981E-01
.1288646E-01
.1296198E-01
.1379358E-01
.1277950E-01
.1106733E-01
.1088759E-01
.1127197E-01
.1117315E-01
.1039833E-01
.9785396E-02
.9265752E-02
.8125910E-02
.7868816E-02
.7727523E-02
.6419216E-02
.6304468E-02
.5927835E-02
.5101814E-02
.5544988E-02
.5529841E-02
.5286089E-02
.4414108E-02
.3855224E-02
.4388068E-02
.4584407E-02
.4681876E-02
.4749540E-02
.5063800E-02
.4941708E-02
.5798352E-02
.6746799E-02
.5059207E-02
.4423306E-02
.4972528E-02
.4790937E-02
.5136497E-02
.4826800E-02
.4119182E-02
.4527133E-02
.4514325E-02
.4496087E-02
.4778997E-02
.3519706E-02
.2944071E-02
.3316267E-02
.2738103E-02
.2518472E-02
.2178564E-02
.1398165E-02
.9442265E-03
.4788891E-03
.2956061E-03
.2746084E-03
.1934426E-03
.2779118E-03
-.7960452E-05
-.7569430E-03
-.7912321E-03
-.5979224E-03
-.1424619E-02
-.1913630E-02
-.1672520E-02
-.1127246E-02
-.6059055E-03
-.9444210E-03
-.1127275E-02
-.1548218E-02
-.2360875E-02
-.2348259E-02
-.2076882E-02
-.1618300E-02
-.1603586E-02
-.2152571E-02
-.1601942E-02
-.1225573E-02
-.1885030E-02
-.1475273E-02
-.1367694E-02
-.2465396E-02
-.2640012E-02
-.2582250E-02
-.2944581E-02
-.3097914E-02
-.2370405E-02
-.1754349E-02
-.2668389E-02
-.2772862E-02
-.2467050E-02
-.3133796E-02
-.3479471E-02
-.3721317E-02
-.3223794E-02
-.2964185E-02
-.3442689E-02
-.3437874E-02
-.4336842E-02
-.4710826E-02
-.4480770E-02
-.4745944E-02
-.4086155E-02
-.4314188E-02
-.5102782E-02
-.5614208E-02
-.5984835E-02
-.5228311E-02
-.6005993E-02
-.7409680E-02
-.6534223E-02
-.5569278E-02
-.5514544E-02
-.5781344E-02
-.6874979E-02
-.7308971E-02
-.6505752E-02
-.6611135E-02
-.6996919E-02
-.6864036E-02
-.6820454E-02
-.6424678E-02
-.6252309E-02
-.6663733E-02
-.7291031E-02
-.7613545E-02
-.7068804E-02
-.6831473E-02
-.7303225E-02
-.7332754E-02
-.7186959E-02
-.7527373E-02
-.7746423E-02
-.7643128E-02
-.8007659E-02
-.7984323E-02
-.7233149E-02
-.7321128E-02
-.7910773E-02
-.7892995E-02
-.7524313E-02
-.7552437E-02
-.8092438E-02
-.8663632E-02
-.9007158E-02
-.8796545E-02
-.8543119E-02
-.9156376E-02
-.9470256E-02
-.8872042E-02
-.8850346E-02
-.9537192E-02
-.9815721E-02
-.9372607E-02
-.8927518E-02
-.8397309E-02
-.7358563E-02
-.7642482E-02
-.8834011E-02
-.7853456E-02
-.6666551E-02
-.7328680E-02
-.7066914E-02
-.6705485E-02
-.7708881E-02
-.8204909E-02
-.8693036E-02
-.9066408E-02
-.8690002E-02
-.8878258E-02
-.9110198E-02
-.9037068E-02
-.9287457E-02
-.9638303E-02
-.1014051E-01
-.1012213E-01
-.9808979E-02
-.9709941E-02
-.9055663E-02
-.9089545E-02
-.9351093E-02
-.8416532E-02
-.7884711E-02
-.8025731E-02
-.7903119E-02
-.7139180E-02
-.7087727E-02
-.8192462E-02
-.7950733E-02
-.6722975E-02
-.6128047E-02
-.5930171E-02
-.5851964E-02
-.5818952E-02
-.5917551E-02
-.5705246E-02
-.4645676E-02
-.3718012E-02
-.3975700E-02
-.4793059E-02
-.4553714E-02
-.3314960E-02
-.3194458E-02
-.3559804E-02
-.3279425E-02
-.3186730E-02
-.3604275E-02
-.3793307E-02
-.2700655E-02
-.2327320E-02
-.2912811E-02
-.2942925E-02
-.2538520E-02
-.1496628E-02
-.1506408E-02
-.1884732E-02
-.2543425E-02
-.3143841E-02
-.1742422E-02
-.2054473E-02
-.2757915E-02
-.2827430E-02
-.2322744E-02
-.1150630E-02
-.2810036E-02
-.2784217E-02
-.4111409E-02
-.3339380E-02
-.1549887E-02
-.7198817E-02
-.2940943E-02
.1286039E-02
-.3587622E-02
-.2488902E-02
-.2450801E-02
-.3319058E-02
-.4040080E-02
-.5099192E-02
-.2835214E-02
-.2967933E-02
-.4161987E-02
-.3561624E-02
-.2701057E-02
-.2208526E-02
-.2443084E-02
-.2762508E-02
-.2708549E-02
-.3206879E-02
-.3911534E-02
-.3533985E-02
-.3657182E-02
-.4778849E-02
-.4836969E-02
-.3919471E-02
-.3954804E-02
-.3897533E-02
-.3554006E-02
-.4127877E-02
-.3250964E-02
-.2918931E-02
-.4793068E-02
-.4696962E-02
-.3766134E-02
-.4125307E-02
-.4326727E-02
-.3921274E-02
-.3516213E-02
-.4013793E-02
-.4495061E-02
-.4308097E-02
-.3648661E-02
-.3063690E-02
-.4156750E-02
-.5074392E-02
-.4735191E-02
-.4804541E-02
-.4827685E-02
-.4666478E-02
-.4113290E-02
-.4171583E-02
-.4945489E-02
-.4099948E-02
-.3857804E-02
-.3732050E-02
-.2755016E-02
-.4201236E-02
-.4681311E-02
-.3833137E-02
-.4172921E-02
-.3429207E-02
-.2934353E-02
-.3125688E-02
-.3424732E-02
-.3879014E-02
-.3778781E-02
-.3482877E-02
-.3589745E-02
-.4918765E-02
-.5177840E-02
-.5070094E-02
-.5372251E-02
-.4184475E-02
-.4452480E-02
-.5325053E-02
-.5613444E-02
-.6663659E-02
-.7397139E-02
-.7687802E-02
-.7016821E-02
-.7078571E-02
-.8229472E-02
-.7715472E-02
-.7327835E-02
-.9012794E-02
-.1004929E-01
-.9380798E-02
-.1000797E-01
-.1105971E-01
-.1062211E-01
-.1032826E-01
-.1026570E-01
-.1059492E-01
-.1069635E-01
-.1074985E-01
-.1127718E-01
-.1053647E-01
-.1060862E-01
-.1153652E-01
-.1103708E-01
-.1017569E-01
-.1022101E-01
-.1145609E-01
-.1140742E-01
-.1030986E-01
-.1128580E-01
-.1228322E-01
-.1200908E-01
-.1274618E-01
-.1350744E-01
-.1308983E-01
-.1204742E-01
-.1170044E-01
-.1320025E-01
-.1359439E-01
-.1254958E-01
-.1266145E-01
-.1358477E-01
-.1423072E-01
-.1410182E-01
-.1454971E-01
-.1532549E-01
-.1516464E-01
-.1485420E-01
-.1447531E-01
-.1447700E-01
-.1437524E-01
-.1390494E-01
-.1479220E-01
-.1589313E-01
-.1569622E-01
-.1557449E-01
-.1628839E-01
-.1648970E-01
-.1627249E-01
-.1698896E-01
-.1711143E-01
-.1656289E-01
-.1675701E-01
-.1686133E-01
-.1654302E-01
-.1648005E-01
-.1676855E-01
-.1646889E-01
-.1635714E-01
-.1614066E-01
-.1522443E-01
-.1565193E-01
-.1527727E-01
-.1410500E-01
-.1378654E-01
-.1327970E-01
-.1413282E-01
-.1407890E-01
-.1309322E-01
-.1356343E-01
-.1385135E-01
-.1399821E-01
-.1341208E-01
-.1382617E-01
-.1497634E-01
-.1466617E-01
-.1483442E-01
-.1501262E-01
-.1581716E-01
-.1651203E-01
-.1567491E-01
-.1573934E-01
-.1627105E-01
-.1683371E-01
-.1735992E-01
-.1713707E-01
-.1770262E-01
-.1853496E-01
-.1840205E-01
-.1889391E-01
-.1937924E-01
-.1858488E-01
-.1824639E-01
-.1862614E-01
-.1850524E-01
-.1840186E-01
-.1905278E-01
-.1924861E-01
-.1898338E-01
-.1858337E-01
-.1797292E-01
-.1822036E-01
-.1777879E-01
-.1686908E-01
-.1636183E-01
-.1517591E-01
-.1447773E-01
-.1338469E-01
-.1195108E-01
-.1153650E-01
-.1000215E-01
-.8093627E-02
-.7732317E-02
-.6849816E-02
-.5200890E-02
-.4335649E-02
-.3533051E-02
-.2896282E-02
-.2688289E-02
-.2433843E-02
-.2178852E-02
-.1857444E-02
-.2091085E-02
-.2046151E-02
-.1465798E-02
-.1357188E-02
-.1175239E-02
-.1484944E-02
-.2066747E-02
-.2373446E-02
-.2710347E-02
-.2809094E-02
-.2975682E-02
-.3203352E-02
-.3484543E-02
-.3083488E-02
-.3430061E-02
-.5339276E-02
-.5016257E-02
-.3715587E-02
-.4180891E-02
-.5107282E-02
-.5336015E-02
-.4414266E-02
-.4104319E-02
-.4721262E-02
-.5179623E-02
-.5450141E-02
-.5006156E-02
-.4160677E-02
-.3540946E-02
-.3975223E-02
-.4717617E-02
-.3571169E-02
-.2048405E-02
-.2317733E-02
-.2448649E-02
-.1382619E-02
-.1193863E-02
-.1281895E-02
-.9157906E-03
-.6972518E-03
.2475530E-03
-.2273805E-03
-.1095999E-02
.7314910E-03
.1497276E-02
.8773618E-03
.1340725E-02
.1797266E-02
.1999578E-02
.1317805E-02
.9684216E-03
.2200072E-02
.2493433E-02
.2913393E-02
.3765422E-02
.3239243E-02
.3293956E-02
.3382544E-02
.3161541E-02
.4038890E-02
.4492876E-02
.4161591E-02
.4313072E-02
.5124007E-02
.5120203E-02
.4480689E-02
.4673844E-02
.4773846E-02
.4659153E-02
.4681014E-02
.4632287E-02
.4677571E-02
.4447044E-02
.3877919E-02
.3123508E-02
.3341485E-02
.3866856E-02
.3951256E-02
.4530261E-02
.3574623E-02
.2509828E-02
.3383999E-02
.3931842E-02
.4442248E-02
.4111117E-02
.2830713E-02
.2954189E-02
.3281359E-02
.3396842E-02
.3587245E-02
.3393740E-02
.3505256E-02
.3681295E-02
.3499796E-02
.3136076E-02
.3652427E-02
.3691766E-02
.2688114E-02
.3377348E-02
.3794945E-02
.3568482E-02
.3691991E-02
.2826877E-02
.3104464E-02
.3397088E-02
.2599152E-02
.2975810E-02
.3598290E-02
.3914929E-02
.4019757E-02
.3744471E-02
.3925542E-02
.4609038E-02
.4902864E-02
.4492909E-02
.4079238E-02
.4197192E-02
.5118181E-02
.5709647E-02
.5065662E-02
.5212505E-02
.6489405E-02
.6852538E-02
.6359201E-02
.6294842E-02
.6700760E-02
.6938574E-02
.7149737E-02
.6921346E-02
.6767325E-02
.7050017E-02
.6530970E-02
.6917879E-02
.7491063E-02
.7117462E-02
.7933832E-02
.8400605E-02
.8319003E-02
.8810545E-02
.9613877E-02
.9868197E-02
.8862510E-02
.9089888E-02
.9362059E-02
.9259241E-02
.1047065E-01
.1073421E-01
.1063020E-01
.1075215E-01
.1141764E-01
.1164800E-01
.1065357E-01
.1216606E-01
.1328160E-01
.1284180E-01
.1407678E-01
.1447309E-01
.1425103E-01
.1423464E-01
.1436906E-01
.1500068E-01
.1444714E-01
.1460654E-01
.1524403E-01
.1448048E-01
.1676219E-01
.1711102E-01
.1716927E-01
.1721012E-01
.1769167E-01
.1793457E-01
.1709265E-01
.1713432E-01
.1695550E-01
.1596531E-01
.1562675E-01
.1511412E-01
.1548253E-01
.1573357E-01
.1451556E-01
.1391024E-01
.1414634E-01
.1390806E-01
.1277632E-01
.1202276E-01
.1190004E-01
.1235856E-01
.1303316E-01
.1253344E-01
.1262833E-01
.1347143E-01
.1365658E-01
.1362376E-01
.1281690E-01
.1273743E-01
.1407904E-01
.1431351E-01
.1390636E-01
.1447214E-01
.1536269E-01
.1555056E-01
.1533045E-01
.1557324E-01
.1603159E-01
.1639026E-01
.1663439E-01
.1672908E-01
.1732790E-01
.1774909E-01
.1731531E-01
.1812105E-01
.1924705E-01
.1891590E-01
.1888891E-01
.1860887E-01
.1855918E-01
.1875434E-01
.1771949E-01
.1762951E-01
.1701001E-01
.1666755E-01
.1790649E-01
.1625343E-01
.1503616E-01
.1550750E-01
.1507149E-01
.1570976E-01
.1514073E-01
.1426729E-01
.1550912E-01
.1562327E-01
.1519540E-01
.1630307E-01
.1716995E-01
.1696875E-01
.1674640E-01
.1661005E-01
.1712106E-01
.1833839E-01
.1831417E-01
.1812631E-01
.1881990E-01
.1658184E-01
.1352623E-01
.1686573E-01
.2373074E-01
.2485303E-01
.2092097E-01
.1995331E-01
.2081957E-01
.2030255E-01
.2077086E-01
.2030893E-01
.1877516E-01
.1878995E-01
.1865264E-01
.1842733E-01
.1867973E-01
.1814987E-01
.1719254E-01
.1677545E-01
.1625814E-01
.1520950E-01
.1454669E-01
.1374864E-01
.1327248E-01
.1286087E-01
.1099337E-01
.9188251E-02
.7968776E-02
.6824430E-02
.5691475E-02
.4644105E-02
.3955196E-02
.3437016E-02
.3750221E-02
.3850728E-02
.3159041E-02
.2844123E-02
.2557358E-02
.2684512E-02
.2492036E-02
.2036067E-02
.2749203E-02
.2427787E-02
.2048090E-02
.3698907E-02
.4083315E-02
.2839367E-02
.2574975E-02
.2949722E-02
.2994502E-02
.3043863E-02
.2860947E-02
.2383981E-02
.2541853E-02
.2495471E-02
.1881273E-02
.2161258E-02
.1893894E-02
.5866598E-03
.6490619E-03
.1056725E-02
.5219412E-03
-.4320069E-03
-.1160241E-02
-.8863710E-03
-.1121764E-02
-.1592225E-02
-.1273198E-02
-.1623340E-02
-.2125156E-02
-.2443368E-02
-.3064016E-02
-.3057420E-02
-.2643909E-02
-.3054702E-02
-.4291917E-02
-.5130750E-02
-.5058413E-02
-.5411278E-02
-.6321932E-02
-.6484551E-02
-.5918139E-02
-.5151068E-02
-.5188308E-02
-.5477277E-02
-.5209284E-02
-.5584081E-02
-.6203246E-02
-.6422142E-02
-.6432539E-02
-.6865301E-02
-.7707914E-02
-.7779500E-02
-.7217746E-02
-.6547084E-02
-.6567088E-02
-.7202213E-02
-.7508195E-02
-.7533652E-02
-.7451803E-02
-.7848329E-02
-.8373457E-02
-.8743020E-02
-.9540253E-02
-.9668545E-02
-.9194781E-02
-.9176107E-02
-.9706723E-02
-.1060235E-01
-.1048091E-01
-.1005187E-01
-.1022529E-01
-.9522627E-02
-.8703898E-02
-.9034578E-02
-.9995599E-02
-.1052234E-01
-.1054643E-01
-.1054214E-01
-.1024080E-01
-.9793586E-02
-.9392676E-02
-.9760663E-02
-.9923770E-02
-.8730552E-02
-.8660970E-02
-.9217998E-02
-.8854444E-02
-.9195629E-02
-.9464566E-02
-.8862089E-02
-.8519204E-02
-.8519476E-02
-.8656426E-02
-.8346158E-02
-.7894330E-02
-.7916883E-02
-.7864681E-02
-.8306812E-02
-.8959067E-02
-.8625734E-02
-.7996073E-02
-.7908411E-02
-.8310016E-02
-.8536910E-02
-.8449370E-02
-.8116406E-02
-.7396501E-02
-.6948605E-02
-.6953229E-02
-.7448373E-02
-.7872044E-02
-.7506630E-02
-.7326615E-02
-.7217825E-02
-.6981820E-02
-.7065222E-02
-.7012896E-02
-.7066132E-02
-.6812151E-02
-.6202687E-02
-.6309035E-02
-.6443425E-02
-.6172609E-02
-.6203445E-02
-.6052186E-02
-.5739103E-02
-.5802047E-02
-.5814157E-02
-.6061487E-02
-.6211335E-02
-.6120638E-02
-.5937993E-02
-.4900716E-02
-.4550869E-02
-.4961631E-02
-.4666829E-02
-.4556534E-02
-.4827595E-02
-.5025045E-02
-.4927348E-02
-.4932834E-02
-.5200859E-02
-.5047540E-02
-.4734240E-02
-.4383476E-02
-.4232795E-02
-.4335140E-02
-.3991280E-02
-.3791351E-02
-.3986666E-02
-.3815375E-02
-.3734606E-02
-.3917940E-02
-.3757594E-02
-.3538014E-02
-.3405326E-02
-.3271124E-02
-.3224019E-02
-.3148420E-02
-.2967519E-02
-.2714316E-02
-.2657202E-02
-.2456478E-02
-.2090150E-02
-.2079806E-02
-.2106975E-02
-.2135705E-02
-.1989103E-02
-.1653448E-02
-.1715668E-02
-.1945574E-02
-.1952163E-02
-.1687538E-02
-.1512356E-02
-.1480427E-02
-.1354670E-02
-.1353962E-02
-.1376652E-02
-.1263003E-02
-.1099709E-02
-.9424163E-03
-.8105065E-03
-.8601422E-03
-.9261420E-03
-.9062726E-03
-.1006497E-02
-.8221269E-03
-.6278253E-03
-.6459655E-03
-.5141902E-03
-.4322677E-03
-.2389770E-03
-.6579726E-04
-.1064208E-03
-.6862052E-04
-.7539936E-04
-.2208425E-03
-.3086574E-03
-.2426155E-03
-.1574631E-03
-.5285750E-04
.1362924E-04
.5029044E-04
.1742165E-03
.1385560E-03
.1126079E-03
.1980297E-03
.1985277E-03
.3386713E-03
.5007162E-03
.5362426E-03
.6003370E-03
.6084402E-03
.5740158E-03
.5680899E-03
.5538930E-03
.5706408E-03
.5493155E-03
.5318716E-03
.6510827E-03
.7020644E-03
.6464587E-03
.6776562E-03
.7608077E-03
.8042293E-03
.8382269E-03
.8667827E-03
.8202496E-03
.8156641E-03
.8559889E-03
.8290533E-03
.8488951E-03
.8706904E-03
.8543828E-03
.8944501E-03
.9332384E-03
.9332668E-03
.9174273E-03
.9037159E-03
.8911950E-03
.8825115E-03
.8813760E-03
.8617157E-03
.8701557E-03
.8964875E-03
.8718082E-03
.8354228E-03
.8265363E-03
.8371527E-03
.8263720E-03
.7903437E-03
.7637513E-03
.7410536E-03
.7257800E-03
.6982192E-03
.6657708E-03
.6572615E-03
.6368959E-03
.6085408E-03
.5980525E-03
.5819613E-03
.5515709E-03
.5274277E-03
.5030563E-03
.4698822E-03
.4409475E-03
.4093388E-03
.3755213E-03
.3435172E-03
.3099657E-03
.2842258E-03
.2562999E-03
.2212267E-03
.1904319E-03
.1588521E-03
.1243662E-03
.9183631E-04
.6193058E-04
.3122510E-04
-.2742779E-05
-.3644474E-04
-.6944135E-04
-.1019623E-03
-.1342908E-03
-.1675283E-03
-.1992606E-03
-.2307016E-03
-.2644021E-03
-.2980293E-03
-.3302945E-03
-.3625507E-03
-.3950265E-03
-.4275259E-03
-.4603579E-03
-.4926816E-03
-.5243772E-03
-.5563823E-03
-.5884280E-03
-.6207429E-03
-.6532282E-03
-.6851946E-03
-.7171831E-03
-.7491291E-03
-.7807151E-03
-.8122793E-03
-.8438007E-03
-.8752029E-03
-.9064960E-03
-.9376318E-03
-.9686291E-03
-.9995013E-03
-.1030233E-02
-.1060807E-02
-.1091222E-02
-.1121473E-02
-.1151553E-02
-.1181458E-02
-.1211183E-02
-.1240721E-02
-.1270069E-02
-.1299222E-02
-.1328176E-02
