.1401076E-02
.1397611E-02
.1394240E-02
.1390365E-02
.1386397E-02
.1383587E-02
.1379964E-02
.1372591E-02
.1367450E-02
.1366296E-02
.1357148E-02
.1350518E-02
.1359231E-02
.1357644E-02
.1340439E-02
.1334754E-02
.1330711E-02
.1318492E-02
.1314366E-02
.1336050E-02
.1351947E-02
.1320466E-02
.1283892E-02
.1280870E-02
.1334775E-02
.1349517E-02
.1279700E-02
.1274680E-02
.1277800E-02
.1261885E-02
.1264215E-02
.1265173E-02
.1291103E-02
.1235269E-02
.1214770E-02
.1234474E-02
.1230459E-02
.1304041E-02
.1239529E-02
.1150866E-02
.1225207E-02
.1315340E-02
.1367419E-02
.1267291E-02
.1164962E-02
.1298623E-02
.1292495E-02
.1123318E-02
.1158960E-02
.1149787E-02
.1182459E-02
.1236927E-02
.1071562E-02
.1032956E-02
.1025625E-02
.1031427E-02
.1065435E-02
.9580468E-03
.1162577E-02
.1399547E-02
.1152469E-02
.9425216E-03
.9213836E-03
.1049589E-02
.1141791E-02
.8693129E-03
.8054286E-03
.9220863E-03
.9456982E-03
.9498238E-03
.9793183E-03
.1384966E-02
.1345721E-02
.9836572E-03
.1274953E-02
.1223001E-02
.7987236E-03
.8017745E-03
.7483970E-03
.6825671E-03
.7959209E-03
.6530185E-03
.8536981E-03
.1238471E-02
.6396214E-03
.5616998E-03
.9861870E-03
.5693909E-03
.8746663E-03
.1077982E-02
.5523828E-03
.6774748E-03
.6581372E-03
.4762037E-03
.6897887E-03
.1070061E-02
.8798342E-03
.3852612E-03
.6345883E-03
.5174906E-03
.4883524E-03
.1120382E-02
.9778182E-03
.7236915E-03
.6271968E-03
.7506342E-03
.9966641E-03
.9052272E-03
.1325736E-02
.1258724E-02
.9104544E-03
.1200142E-02
.1008950E-02
.5130063E-03
.4179521E-03
.5805775E-03
.5938821E-03
.8387390E-03
.9818319E-03
.9477871E-03
.7953241E-03
.1770271E-03
.4841741E-03
.9570962E-03
.6409347E-03
.4151196E-03
.2716359E-03
.1268597E-03
.4022211E-03
.1197711E-02
.1076348E-02
.3716373E-03
.2451276E-03
.2183206E-04
.3565378E-04
.4269802E-03
.5266170E-03
.4844798E-03
.4954014E-03
.9721865E-03
.1129499E-02
-.7024284E-04
.8046359E-05
.4627321E-03
-.5138040E-03
-.5680582E-04
.3606497E-03
.1468665E-03
.9824502E-03
.1560204E-02
.9628322E-03
.1603639E-03
.2523235E-03
-.8448891E-04
-.1023780E-03
.1081582E-02
.1352866E-02
.1039147E-02
.6845433E-03
-.1434916E-05
.4059722E-04
.1042885E-03
.8601171E-04
.1254203E-02
.1885230E-02
.6538749E-03
-.8136054E-03
-.7673749E-03
-.4011760E-03
-.1742246E-04
.9064011E-03
.4634166E-03
.4583837E-03
.1219188E-02
.6090222E-03
-.1421877E-03
.3393290E-03
.1389624E-02
.7556695E-03
.1274265E-03
.1026800E-02
.1140687E-02
.1323493E-03
-.4713684E-03
.2927973E-03
.7046962E-03
-.9904674E-04
.2743048E-03
.1001785E-02
.5549726E-05
.2008118E-03
.1059684E-02
-.1377039E-03
-.8549864E-04
.1128290E-02
.3779189E-03
-.2557686E-03
.4553617E-03
.3756890E-03
.7662186E-03
.1560844E-02
.8322517E-03
.7128828E-03
.1508002E-03
-.1778286E-03
.6296763E-03
-.2105139E-03
-.1531170E-03
.5059330E-03
.1840264E-03
.2912037E-03
.4134908E-03
.5972071E-03
.6146938E-03
.1195524E-02
.8882916E-03
-.3103378E-03
.6904687E-03
.6915454E-03
-.1732968E-03
.1102852E-02
.1572335E-02
.8265764E-03
.3464939E-03
.7917236E-03
.1636890E-02
.2965337E-03
-.7833004E-03
.3606560E-03
.3037201E-03
-.1403249E-03
.1251974E-02
.1457248E-02
.5245800E-03
.6203416E-03
-.3120664E-03
.3050929E-03
.1746345E-02
.1871068E-03
.1006150E-02
.1745177E-02
-.1285307E-03
.3574670E-04
.1239094E-03
-.1847926E-03
-.3255248E-03
-.4205361E-03
.1343220E-04
-.4872458E-04
.2812373E-04
.1933975E-03
.6745269E-03
.6253569E-03
.3877892E-03
.1169245E-02
.6674704E-03
.1013530E-03
.2336636E-03
-.2048397E-03
-.1739366E-03
.2132207E-03
.7388545E-03
.4214384E-03
.4518348E-03
.1169149E-02
.3274346E-03
.1481665E-03
.5733084E-03
.9479108E-03
.1270907E-02
.2396510E-03
.2611275E-03
.3971582E-03
-.1741977E-03
-.2047027E-03
-.5991064E-03
-.2171659E-03
-.3554832E-03
-.1014000E-02
-.1990293E-03
.8592426E-04
.4114125E-03
.8683118E-03
.3057561E-03
.6107509E-03
.7631172E-03
.2219939E-03
.2324034E-03
.9942392E-04
-.1660150E-03
-.1448432E-03
.3356039E-03
.7140567E-03
.5249752E-03
.5275007E-03
.5558898E-03
-.3156284E-03
-.9209838E-03
-.2040421E-03
.5966386E-03
.5555267E-03
-.3811367E-03
-.2091209E-03
.2994825E-03
-.5336837E-03
-.6006057E-04
.6231347E-03
.3555888E-03
.4323035E-03
-.9153969E-05
-.8632050E-03
-.3575808E-04
.6431899E-03
-.8552630E-03
-.6104265E-03
-.1749977E-03
-.3658926E-03
.5502980E-03
.2345740E-03
.3994894E-03
.6025201E-03
.6659135E-03
.4158620E-03
-.8379130E-03
.1850965E-03
.7862114E-03
.5205801E-03
.8771235E-03
-.1237948E-03
-.1165888E-03
.8400480E-03
.1776462E-03
-.4593049E-03
.3712463E-03
.1265381E-02
.2500858E-02
.2735853E-02
.1381691E-02
.2211605E-02
.3388229E-02
.2929372E-02
.1332718E-02
-.5408797E-03
-.9503722E-03
-.1800814E-02
-.2285633E-02
-.3283672E-02
-.5640145E-02
-.5103256E-02
-.2864294E-02
-.7381985E-03
.1081203E-02
.2237857E-02
.3523285E-02
.4724956E-02
.6366918E-02
.7695073E-02
.8564505E-02
.1030464E-01
.1163806E-01
.1130451E-01
.8912640E-02
.5329592E-02
.2853484E-02
.2649731E-04
-.4620109E-02
-.9606059E-02
-.1603192E-01
-.2299337E-01
-.2810687E-01
-.3067804E-01
-.2725940E-01
-.1882015E-01
-.8953520E-02
.9066742E-03
.9258211E-02
.1861743E-01
.2773047E-01
.3496784E-01
.4003951E-01
.4000208E-01
.3691418E-01
.2778034E-01
.1576374E-01
.5391399E-02
-.7866161E-02
-.1601505E-01
-.2181883E-01
-.2936959E-01
-.2816418E-01
-.2322196E-01
-.2069804E-01
-.1691413E-01
-.6769755E-02
.8006323E-02
.1977525E-01
.2647795E-01
.2619553E-01
.2310129E-01
.1858004E-01
.7560111E-02
-.7132367E-02
-.2342622E-01
-.3673185E-01
-.3955220E-01
-.3166048E-01
-.2380983E-01
-.2453719E-01
-.2766957E-01
-.2578269E-01
-.1115785E-01
.1427037E-01
.3388347E-01
.4061262E-01
.3832672E-01
.3150812E-01
.2405982E-01
.1596847E-01
.6224080E-02
-.1618448E-02
-.6429707E-02
-.1212314E-01
-.2575040E-01
-.4310714E-01
-.4486457E-01
-.2990379E-01
-.8545124E-02
.1339473E-01
.2723301E-01
.3211049E-01
.3375620E-01
.3794408E-01
.3905327E-01
.2323670E-01
-.1644413E-01
-.6284057E-01
-.7436052E-01
-.5447674E-01
-.4875503E-01
-.6730175E-01
-.8830032E-01
-.9303290E-01
-.6843639E-01
-.2131136E-01
.1967046E-01
.4497987E-01
.5429260E-01
.5953503E-01
.7240831E-01
.7081528E-01
.5976426E-01
.4259650E-01
.9751456E-02
-.1630715E-01
-.3954338E-01
-.7192067E-01
-.9382670E-01
-.8587287E-01
-.5611509E-01
-.3329039E-01
-.3079063E-01
-.4310017E-01
-.4950964E-01
-.2694291E-01
.1522577E-01
.4428766E-01
.4924680E-01
.3914782E-01
.2447472E-01
.2030785E-01
.1967141E-01
.3238737E-02
-.2286698E-01
-.4197844E-01
-.5279333E-01
-.6333268E-01
-.6685959E-01
-.6657576E-01
-.6960846E-01
-.5002300E-01
-.1541129E-01
-.4594460E-02
-.3293816E-02
.1160834E-01
.2633821E-01
.3418791E-01
.3229696E-01
.1509102E-01
.1898076E-02
.3650415E-02
.8834939E-02
.1064215E-01
.6103054E-02
-.7771382E-02
-.1943305E-01
-.2284855E-01
-.2434064E-01
-.1067226E-01
.3388949E-02
.2340967E-01
.4109898E-01
.4535303E-01
.9552192E-01
.6846335E-01
-.2872645E-01
.2018523E-03
.1429030E-01
-.5203630E-01
-.9130650E-01
-.1556805E+00
-.1903752E+00
-.1251911E+00
-.7295665E-01
-.7693762E-01
-.8590510E-01
-.9706488E-01
-.9432433E-01
-.5437884E-01
.6364930E-02
.5324507E-01
.6624527E-01
.5495100E-01
.1971838E-01
-.3549747E-01
-.8477742E-01
-.8860320E-01
-.5554087E-01
-.4060230E-01
-.4955085E-01
-.7193812E-01
-.8373903E-01
-.5201080E-01
.2411982E-02
.3887594E-01
.5160459E-01
.5954292E-01
.5153797E-01
.2459288E-01
-.9299861E-02
-.4526564E-01
-.7370555E-01
-.1008707E+00
-.9977783E-01
-.7144817E-01
-.6294162E-01
-.6851971E-01
-.7184026E-01
-.6290426E-01
-.3519061E-01
-.2670556E-02
.1842892E-01
.3320224E-01
.4281709E-01
.2303699E-01
-.4405540E-02
-.5987463E-01
-.1805570E+00
-.2357115E+00
-.1988673E+00
-.1878177E+00
-.1874835E+00
-.1829038E+00
-.1700403E+00
-.1377324E+00
-.9668249E-01
-.3109188E-01
.6868666E-02
.2590038E-02
-.9914313E-02
-.3076121E-01
-.5622044E-01
-.1037750E+00
-.1712577E+00
-.2192760E+00
-.2205366E+00
-.2088001E+00
-.1914904E+00
-.1568513E+00
-.1466252E+00
-.1402115E+00
-.1098567E+00
-.6347540E-01
-.1959156E-01
.3522696E-02
.3380391E-01
.5837137E-01
.6664783E-01
.6276276E-01
.3532653E-01
.1318105E-01
-.2257446E-01
-.7487251E-01
-.1158449E+00
-.1642325E+00
-.2247713E+00
-.2930410E+00
-.3265239E+00
-.3157835E+00
-.2769354E+00
-.1924632E+00
-.1072776E+00
-.5623134E-01
-.2016827E-01
.2645100E-01
.7162858E-01
.9911526E-01
.1243132E+00
.1262672E+00
.1065437E+00
.7541718E-01
.2852671E-01
-.5134344E-02
-.3174960E-01
-.6747806E-01
-.8995680E-01
-.1197738E+00
-.1915748E+00
-.2542245E+00
-.2456029E+00
-.1829269E+00
-.1646090E+00
-.1873265E+00
-.1104776E+00
.1734623E-01
.8679827E-01
.1433267E+00
.1900593E+00
.1893525E+00
.1748538E+00
.1847100E+00
.1768425E+00
.1467592E+00
.1336696E+00
.9668891E-01
.4031800E-01
.4622219E-02
-.2645484E-01
-.3877945E-01
-.2899614E-01
-.1472097E-01
-.8207742E-02
-.7076537E-02
.8297540E-01
.1930132E+00
.1561007E+00
.1022794E+00
.9811434E-01
.7282115E-01
.1149062E+00
.1945383E+00
.2070926E+00
.1845683E+00
.1608222E+00
.1381370E+00
.1050238E+00
.6853024E-01
.4420391E-01
.1394118E-01
-.5233739E-02
-.1368717E-01
-.3631484E-01
-.4877175E-01
-.6836062E-01
-.9687107E-01
-.8465877E-01
-.3089900E-01
.3109195E-01
.1027151E+00
.1667124E+00
.1033879E+00
-.1810660E-01
.7233920E-02
.8861462E-01
.1226512E+00
.1577586E+00
.1010670E+00
.1145105E-01
.4796787E-01
.9177167E-01
.1101924E+00
.1249092E+00
.9229318E-01
.6120376E-01
.1904779E-01
-.1350514E-01
-.2586768E-01
-.4605643E-01
-.4113161E-01
-.4687189E-01
-.7556204E-01
-.1030073E+00
-.9158168E-01
.3311331E-01
.1956003E+00
.2685872E+00
.2898079E+00
.3130895E+00
.2974299E+00
.2467435E+00
.2349106E+00
.2809543E+00
.3091187E+00
.2621674E+00
.1957277E+00
.1622773E+00
.1407914E+00
.1048262E+00
.6409898E-01
.3842526E-01
.3405054E-02
-.6574509E-02
-.6983574E-03
-.6392025E-01
-.1074732E+00
-.7406119E-01
.1851121E-01
.1111878E+00
.6024793E-01
-.4426126E-01
-.9878200E-01
-.1257043E+00
-.9566304E-01
-.5941123E-01
-.2828432E-01
-.1340600E-02
-.3630612E-01
-.8239515E-01
-.9669006E-01
-.9592763E-01
-.6695237E-01
-.3282169E-02
.5338173E-01
.6944650E-01
.7173108E-01
.6859819E-01
.6884842E-01
.7689994E-01
.7091570E-01
.7438918E-01
.7743251E-01
.7346572E-01
.6826413E-01
.4071736E-01
.4075875E-01
.1116504E+00
.2139646E+00
.2897453E+00
.3541144E+00
.4190760E+00
.4445497E+00
.4551442E+00
.4866731E+00
.5380044E+00
.5688032E+00
.5449489E+00
.5058981E+00
.4665316E+00
.4003663E+00
.3265228E+00
.3044422E+00
.3024795E+00
.2503963E+00
.1968407E+00
.1586559E+00
.1118161E+00
.6717507E-01
.2947796E-01
.2580282E-01
.2835704E-01
.1870462E-01
.1847201E-01
.1750536E-01
.1622770E-01
-.7970900E-03
-.1710078E-01
-.1351877E-01
-.1972025E-01
-.3064875E-01
-.2840340E-01
-.8842062E-02
.2400604E-01
.5722336E-01
.9563034E-01
.1282840E+00
.1196046E+00
.9578972E-01
.1068418E+00
.1739354E+00
.2801881E+00
.3343726E+00
.3381170E+00
.3386428E+00
.2941451E+00
.2344046E+00
.1847745E+00
.1331965E+00
.9008504E-01
.2007942E-01
-.5225498E-01
-.7553697E-01
-.7879111E-01
-.8511165E-01
-.8170501E-01
-.8698780E-01
-.1082303E+00
-.1167929E+00
-.1482590E+00
-.2308279E+00
-.3048191E+00
-.3262857E+00
-.3422802E+00
-.3655124E+00
-.3477249E+00
-.3397420E+00
-.3453909E+00
-.3203197E+00
-.3160008E+00
-.3156866E+00
-.2917997E+00
-.2553994E+00
-.1934154E+00
-.1258219E+00
-.6752716E-01
-.3500071E-01
-.4610332E-02
.3590322E-01
.4482236E-01
.5398026E-01
.6948919E-01
.6264304E-01
.4691888E-01
.2987744E-01
.3229155E-01
.3308962E-01
-.1051265E-01
-.6023769E-01
-.1479387E+00
-.3134358E+00
-.4315679E+00
-.4473445E+00
-.4395321E+00
-.4841844E+00
-.5664037E+00
-.5960658E+00
-.5731675E+00
-.5629932E+00
-.5656600E+00
-.5390874E+00
-.4667241E+00
-.3352064E+00
-.1972233E+00
-.1198841E+00
-.6420055E-01
-.2108630E-01
-.1573248E-01
-.1413774E-01
-.4147078E-03
.4665432E-02
.5468260E-03
-.1165088E-01
-.2466138E-01
-.2888007E-01
-.1783159E-01
-.6143574E-02
-.1054956E-02
.2986087E-01
.4106731E-01
.1905257E-01
.1394555E-01
.1867523E-01
.1813343E-02
-.5461545E-01
-.8066435E-01
-.8768586E-01
-.1304932E+00
-.1212118E+00
-.8118620E-01
-.8182886E-01
-.7043683E-01
-.4063086E-01
-.2280923E-01
.3290373E-02
.3475569E-01
.3956727E-01
.4172797E-01
.5355644E-01
.5887902E-01
.5800801E-01
.3247434E-01
.1006543E-01
-.1529841E-01
-.8131376E-01
-.1703586E+00
-.2210758E+00
-.1902309E+00
-.1895612E+00
-.2341830E+00
-.2638312E+00
-.2788727E+00
-.2320528E+00
-.1696846E+00
-.1342204E+00
-.1163804E+00
-.4917319E-01
.3162502E-01
.3573029E-01
.7387949E-01
.8299475E-01
.5928904E-01
.8582406E-01
.7705506E-01
.7881668E-01
.7518095E-01
.6148653E-01
.7051673E-01
.5806062E-01
.5217627E-01
.3559076E-01
.3473581E-01
.5579866E-01
.4955089E-01
.5545333E-01
.7474443E-01
.1017902E+00
.1624928E+00
.2374837E+00
.2814774E+00
.2810488E+00
.2675503E+00
.2721627E+00
.2739168E+00
.2602386E+00
.2586739E+00
.2444182E+00
.2242230E+00
.2231752E+00
.2027466E+00
.1699240E+00
.1352750E+00
.9465734E-01
.6693840E-01
.4612229E-01
.3316984E-01
.2811778E-01
.1837778E-01
.7105688E-02
.1197115E-01
.3537208E-01
.6074259E-01
.1168244E+00
.1937925E+00
.2217110E+00
.2246311E+00
.2075541E+00
.1673602E+00
.1775581E+00
.1708847E+00
.1611158E+00
.2060226E+00
.2350515E+00
.2846863E+00
.2569621E+00
.1688064E+00
.1338006E+00
.6795894E-01
.3057702E-01
.1199145E-02
-.2212979E-01
-.3692161E-02
-.3883743E-01
-.4594554E-01
-.2914014E-01
-.7501418E-01
-.7922372E-01
-.5361890E-01
-.7210908E-01
-.6739477E-01
-.6188898E-01
-.7688813E-01
-.5539234E-01
-.3481173E-01
-.3652112E-01
-.4882225E-02
.2835532E-01
.5564104E-01
.1357860E+00
.1880707E+00
.2009965E+00
.2209552E+00
.2221078E+00
.2166719E+00
.2317820E+00
.2383829E+00
.2029613E+00
.2115952E+00
.2050245E+00
.1710334E+00
.1853423E+00
.1425595E+00
.1201940E+00
.1357984E+00
.1156892E+00
.1149057E+00
.1420403E+00
.1515092E+00
.1555889E+00
.2149711E+00
.1286266E+00
.4974079E-01
.2194658E+00
.3004544E+00
.3076429E+00
.3475252E+00
.3687808E+00
.4149619E+00
.4056690E+00
.4148095E+00
.4454608E+00
.4179016E+00
.4004574E+00
.3775686E+00
.3265904E+00
.2872025E+00
.2376337E+00
.1770140E+00
.1641027E+00
.1580444E+00
.1424125E+00
.1458273E+00
.1436972E+00
.1618055E+00
.1835056E+00
.1938991E+00
.2254441E+00
.2450816E+00
.2581061E+00
.2684778E+00
.2708870E+00
.3058932E+00
.3216053E+00
.3193074E+00
.3192564E+00
.2591239E+00
.1836772E+00
.1227810E+00
.9146650E-01
.9247077E-01
.6575188E-01
.3611005E-01
.3514120E-01
.3047014E-01
-.1268091E-01
-.5634959E-01
-.7365141E-01
-.6580175E-01
-.3645333E-01
-.1470939E-01
.2892442E-01
.3599843E-01
-.4092309E-02
-.3489193E-02
.8002477E-02
.1710562E-01
.1429872E-01
.3093500E-01
.5836218E-01
.2452371E-01
.6066998E-02
.1399155E-02
-.1936865E-01
-.8759927E-02
-.8106916E-02
-.1628772E-01
-.1126013E-01
-.3176435E-02
.5293953E-02
.4447350E-02
.9223956E-02
-.1113783E-01
-.4860515E-01
-.8238261E-01
-.1063436E+00
-.7726261E-01
-.6822639E-01
-.7373832E-01
-.6956811E-01
-.1123133E+00
-.1396711E+00
-.1302095E+00
-.1027156E+00
-.8083923E-01
-.7232857E-01
-.6365089E-01
-.8200833E-01
-.9406868E-01
-.9326099E-01
-.9009636E-01
-.7373622E-01
-.5944636E-01
-.3345756E-01
-.1518949E-01
-.1474833E-02
.2609536E-01
.3297802E-01
.3893587E-01
.3660741E-01
.2045490E-01
.1038286E-01
-.3573602E-01
-.1049834E+00
-.1491135E+00
-.1443223E+00
-.1364266E+00
-.1309569E+00
-.9298627E-01
-.1056296E+00
-.1376152E+00
-.1444912E+00
-.1632937E+00
-.1395866E+00
-.9560251E-01
-.8402755E-01
-.9518562E-01
-.1329423E+00
-.1814894E+00
-.2128502E+00
-.2248579E+00
-.2138271E+00
-.1829674E+00
-.1687541E+00
-.1491428E+00
-.1248034E+00
-.1384434E+00
-.1354790E+00
-.1300086E+00
-.1540118E+00
-.1523673E+00
-.1453058E+00
-.1533707E+00
-.1368720E+00
-.1021247E+00
-.9483298E-01
-.8595544E-01
-.7097973E-01
-.8647037E-01
-.8531211E-01
-.1032514E+00
-.1687354E+00
-.2282954E+00
-.2871078E+00
-.3142480E+00
-.3110399E+00
-.3116295E+00
-.3338848E+00
-.4105448E+00
-.4683871E+00
-.4972301E+00
-.5339150E+00
-.5286748E+00
-.5185900E+00
-.5162798E+00
-.5345784E+00
-.5666084E+00
-.5543766E+00
-.5516976E+00
-.5092160E+00
-.4465403E+00
-.4209351E+00
-.3574358E+00
-.3205713E+00
-.2814984E+00
-.2201992E+00
-.1837559E+00
-.1136423E+00
-.5660939E-01
-.7171389E-02
.3586553E-01
.4505640E-01
.6671929E-01
.6518463E-01
.7482958E-01
.9839651E-01
.8271623E-01
.8090050E-01
.6828614E-01
.4992249E-01
.5442158E-01
.4182171E-01
.5402292E-01
.6110052E-01
.1732958E-01
-.2228060E-01
-.6467104E-01
-.1033236E+00
-.1137711E+00
-.1198108E+00
-.1210866E+00
-.1145854E+00
-.1154431E+00
-.1149204E+00
-.1032434E+00
-.9311207E-01
-.7996541E-01
-.6524783E-01
-.6315979E-01
-.6987988E-01
-.7956442E-01
-.1095170E+00
-.1395924E+00
-.1438921E+00
-.1709137E+00
-.2005014E+00
-.2137729E+00
-.2359410E+00
-.2455805E+00
-.2483976E+00
-.2369698E+00
-.2245136E+00
-.2287315E+00
-.2340819E+00
-.2380125E+00
-.2304195E+00
-.2121225E+00
-.1764226E+00
-.1274782E+00
-.8553591E-01
-.6331837E-01
-.5320613E-01
-.5091377E-01
-.4844021E-01
-.2158798E-01
-.1346759E-01
-.2017602E-01
-.3134047E-02
.4963170E-02
-.7164780E-02
-.4274925E-01
-.8630234E-01
-.1243410E+00
-.1523386E+00
-.1573820E+00
-.1759495E+00
-.1918816E+00
-.1926850E+00
-.2081824E+00
-.2129276E+00
-.2011038E+00
-.1732089E+00
-.1424517E+00
-.1088884E+00
-.6967671E-01
-.4429731E-01
-.2386678E-01
-.2189811E-01
-.7169386E-02
-.2435486E-01
-.4242625E-01
.1867529E-01
-.1195055E-01
-.4335528E-01
.7134737E-02
-.1455353E-01
-.2763226E-01
-.3181965E-01
-.4674912E-01
-.4857737E-01
-.8793674E-01
-.1185850E+00
-.1682280E+00
-.2378487E+00
-.2687861E+00
-.2828332E+00
-.2857516E+00
-.2986846E+00
-.3117710E+00
-.2903445E+00
-.2472062E+00
-.1914153E+00
-.1234787E+00
-.5396300E-01
-.6396356E-02
.2078457E-01
.4800797E-01
.6423499E-01
.6397757E-01
.7551934E-01
.8889457E-01
.9320442E-01
.1011874E+00
.9181594E-01
.9283583E-01
.1004526E+00
.7573919E-01
.6666700E-01
.6018555E-01
.2913960E-01
.1520965E-01
.3202679E-02
-.1587678E-01
-.2461474E-02
.3715256E-01
.7456569E-01
.9352859E-01
.9880368E-01
.1086966E+00
.1051850E+00
.1065825E+00
.1299134E+00
.1461004E+00
.1626355E+00
.1515462E+00
.1202249E+00
.9051180E-01
.4686515E-01
.4737256E-01
.5319388E-01
.3973521E-01
.4833600E-01
.3876652E-01
.3625624E-01
.3267433E-01
.1766922E-01
.1983683E-01
.2255349E-01
.3924613E-01
.5764300E-01
.7270008E-01
.7884710E-01
.7695906E-01
.9355994E-01
.1087580E+00
.1196521E+00
.1234375E+00
.1135348E+00
.1061231E+00
.9909083E-01
.8947413E-01
.8092967E-01
.7978929E-01
.8345002E-01
.7029784E-01
.5213793E-01
.4338225E-01
.2247343E-01
-.5227615E-02
-.3080816E-01
-.3274003E-01
-.1758021E-02
.1480995E-01
.2120771E-01
.2759840E-01
.1947222E-01
.2516721E-01
.3347748E-01
.2873068E-01
.4983393E-01
.9302087E-01
.1168936E+00
.1020591E+00
.7104756E-01
.4829912E-01
.2536091E-01
.1631213E-01
.1450835E-01
.4403323E-02
.7435039E-02
.1098567E-01
.1089191E-01
.9760533E-02
-.6819323E-02
-.1966939E-01
-.2886981E-01
-.3718189E-01
-.2768643E-01
-.1537950E-01
-.3882415E-02
.1050637E-01
.2186176E-01
.4512320E-01
.7403669E-01
.9027603E-01
.1050750E+00
.1165547E+00
.1072928E+00
.9386277E-01
.8605525E-01
.6900260E-01
.5494372E-01
.4929274E-01
.4107223E-01
.3321921E-01
.2443067E-01
.2202963E-01
.2577971E-01
.1526650E-01
.5540327E-03
-.1577346E-01
-.2849180E-01
.1035044E-01
.8383013E-01
.1350141E+00
.1559090E+00
.1624413E+00
.1621349E+00
.1466815E+00
.1288398E+00
.1091638E+00
.8370208E-01
.7030982E-01
.6007840E-01
.5179870E-01
.4886520E-01
.3818688E-01
.1937168E-01
.4538564E-02
-.1118511E-01
-.3138282E-01
-.4745841E-01
-.6094860E-01
-.7103512E-01
-.1065335E+00
-.1188417E+00
-.4658734E-01
.1597821E-01
.2904401E-01
.2148168E-01
-.7656600E-02
-.2946375E-01
-.2562511E-01
-.2719080E-01
-.4355227E-01
-.3426652E-01
-.1907092E-01
-.2061470E-01
-.2084176E-01
-.1569879E-01
-.5400329E-02
-.1249748E-01
-.9766291E-02
.8031991E-02
.9121314E-02
.1498408E-01
.1245439E-01
.8870182E-02
.1953916E-01
.2408267E-01
.2899257E-01
.2887590E-01
.2693991E-01
.2629776E-01
.1800473E-01
.1023565E-01
-.8574582E-03
-.1363067E-01
-.2807951E-01
-.5054836E-01
-.7662224E-01
-.1127732E+00
-.1494304E+00
-.1792266E+00
-.2156330E+00
-.2488531E+00
-.2463174E+00
-.1925962E+00
-.1272114E+00
-.8827941E-01
-.7050762E-01
-.5863769E-01
-.5104024E-01
-.4600230E-01
-.2793867E-01
-.6486464E-02
.1319357E-01
.3479959E-01
.4578067E-01
.5542334E-01
.6689577E-01
.6358991E-01
.4677231E-01
.3348659E-01
.2916195E-01
.2672350E-01
.2399952E-01
.1142251E-01
-.1135278E-01
-.3628281E-01
-.6945681E-01
-.8589177E-01
-.9215733E-01
-.1230306E+00
-.1411330E+00
-.1262181E+00
-.8789269E-01
-.4406199E-01
-.3099234E-01
-.3667898E-01
-.3425221E-01
-.1921697E-01
.1863981E-02
.1757370E-01
.3167795E-01
.4793609E-01
.5772721E-01
.6791137E-01
.6878564E-01
.5629782E-01
.6157429E-01
.6562474E-01
.6212884E-01
.6532192E-01
.5860349E-01
.4677432E-01
.2774506E-01
.8285817E-02
-.8064995E-02
-.2709272E-01
-.3456566E-01
-.3131278E-01
-.9557855E-02
.1520130E-01
.2076885E-01
.2690507E-01
.2626867E-01
.2231014E-01
.2694618E-01
.2815278E-01
.4302083E-01
.6142581E-01
.6306530E-01
.5343176E-01
.3425897E-01
.2055763E-01
.1365273E-01
.1490712E-01
.2352431E-01
.3254576E-01
.4584024E-01
.5052220E-01
.5061671E-01
.4661928E-01
.3036688E-01
.1761580E-01
.8144333E-02
-.4157548E-03
-.1500439E-02
.8001312E-02
.1959284E-01
.2496369E-01
.2721986E-01
.2290178E-01
.2216700E-01
.2745680E-01
.3392818E-01
.4369878E-01
.4736060E-01
.4979298E-01
.5248653E-01
.5042334E-01
.4993537E-01
.4814334E-01
.4234336E-01
.3716293E-01
.3331135E-01
.3293879E-01
.3632648E-01
.4129973E-01
.5381689E-01
.6425951E-01
.6407356E-01
.6780918E-01
.6994322E-01
.6273760E-01
.6179235E-01
.6456650E-01
.6284040E-01
.6589151E-01
.6547259E-01
.5966174E-01
.5677740E-01
.4823037E-01
.4303634E-01
.4016845E-01
.3250314E-01
.3245361E-01
.3543789E-01
.4022565E-01
.4914822E-01
.5526455E-01
.6071829E-01
.6287020E-01
.5721439E-01
.5392865E-01
.5219213E-01
.4576256E-01
.4219019E-01
.4204283E-01
.4351549E-01
.4395068E-01
.4396387E-01
.4273869E-01
.3804815E-01
.3760673E-01
.3336914E-01
.2441023E-01
.2088927E-01
.1898919E-01
.2063498E-01
.3133912E-01
.4591960E-01
.5580390E-01
.5798971E-01
.5112247E-01
.4470876E-01
.4124543E-01
.3502881E-01
.3580958E-01
.3725604E-01
.3633636E-01
.3851828E-01
.3874203E-01
.4032622E-01
.3171199E-01
.1371456E-01
.2196806E-02
-.6729136E-02
-.6986360E-02
.2528504E-02
.1419458E-01
.3195351E-01
.4883904E-01
.5383410E-01
.5341476E-01
.5041872E-01
.4229636E-01
.4547811E-01
.6049434E-01
.6842923E-01
.7080708E-01
.7466638E-01
.7609846E-01
.6771544E-01
.5852273E-01
.5383417E-01
.4592520E-01
.4618968E-01
.4821285E-01
.4076978E-01
.4218501E-01
.4325071E-01
.3192567E-01
.3609158E-01
.6125299E-01
.8429478E-01
.1040656E+00
.1204916E+00
.1262939E+00
.1231530E+00
.1091860E+00
.9643681E-01
.9280974E-01
.8815708E-01
.8446599E-01
.8709274E-01
.8930669E-01
.7605236E-01
.6075972E-01
.5347447E-01
.4288249E-01
.4144863E-01
.4386683E-01
.3911472E-01
.3774601E-01
.4959923E-01
.6654613E-01
.7257968E-01
.7804837E-01
.8160682E-01
.7535245E-01
.7160793E-01
.7762825E-01
.8402383E-01
.8803394E-01
.9700316E-01
.9283288E-01
.7444677E-01
.6331333E-01
.6269824E-01
.6549331E-01
.6633502E-01
.7173645E-01
.7917311E-01
.8446947E-01
.8760128E-01
.8359648E-01
.8021097E-01
.7969785E-01
.7681890E-01
.7335950E-01
.7232995E-01
.7760120E-01
.8158998E-01
.8227929E-01
.8368773E-01
.8315454E-01
.8741515E-01
.8613076E-01
.7905635E-01
.7908939E-01
.7585313E-01
.7241705E-01
.7184412E-01
.7148995E-01
.6700795E-01
.5992485E-01
.5931105E-01
.5342487E-01
.4258527E-01
.3170758E-01
.2043557E-01
.9161227E-02
-.1602357E-02
-.1019615E-01
-.2281559E-01
-.3094513E-01
-.3534131E-01
-.3214748E-01
-.1835199E-01
-.1179774E-01
-.8008909E-02
-.7188099E-02
-.9625364E-02
-.1184611E-01
-.1422626E-01
-.1149298E-01
-.8898578E-02
-.5553866E-02
-.2713843E-02
.1440283E-02
.5849660E-02
.2738490E-02
-.6059536E-02
-.2061798E-01
-.2857640E-01
-.2900438E-01
-.2344984E-01
-.1329178E-01
-.1126190E-01
-.7098185E-02
-.2612867E-02
.3405863E-02
.1256164E-01
.1077182E-01
.1114404E-01
.1210933E-01
.4850660E-02
-.2020608E-02
-.7655845E-02
-.7808722E-02
-.4267100E-02
-.3077945E-02
-.3215784E-02
-.4617355E-02
-.5809715E-02
-.7758467E-02
-.7386062E-02
-.1710338E-02
-.1781834E-03
-.1171534E-02
-.2205480E-02
-.1147324E-01
-.2104773E-01
-.2894352E-01
-.3797189E-01
-.4407032E-01
-.5258827E-01
-.5584643E-01
-.5158400E-01
-.4738557E-01
-.3996989E-01
-.3132819E-01
-.2152399E-01
-.1253429E-01
-.7077775E-02
-.6883977E-02
-.1179792E-01
-.1494963E-01
-.1841866E-01
-.2094133E-01
-.2002056E-01
-.1924144E-01
-.1833052E-01
-.1638733E-01
-.1388881E-01
-.1236855E-01
-.9961567E-02
-.6988786E-02
-.4383082E-02
-.2182265E-02
-.3835544E-02
-.8027428E-02
-.1076415E-01
-.1173952E-01
-.1219725E-01
-.9093543E-02
-.4962442E-02
-.3825808E-02
-.8483523E-04
.4501973E-02
.7126539E-02
.1110099E-01
.1750416E-01
.2265874E-01
.2268863E-01
.2083166E-01
.1686919E-01
.1173538E-01
.6400781E-02
.1222035E-02
.1916002E-03
-.1438889E-02
-.2070743E-02
-.2831900E-02
-.7933007E-02
-.1059376E-01
-.1342490E-01
-.1213912E-01
-.3866652E-02
.2220715E-03
.2884005E-02
.4615673E-02
.3229620E-02
.3040423E-02
.2687240E-02
.4245637E-02
.5654144E-02
.5291534E-02
.2392951E-02
-.3278115E-02
-.6156087E-02
-.1280792E-01
-.1312051E-01
-.6466331E-02
-.8851501E-02
-.8136147E-02
-.1022835E-01
-.1810563E-01
-.1886876E-01
-.1858416E-01
-.1424107E-01
-.6226767E-02
-.1927465E-02
.5693785E-04
-.2508811E-02
-.6265736E-02
-.6397873E-02
-.5697742E-02
-.3677997E-02
-.3177322E-02
-.6735456E-02
-.1136937E-01
-.1686706E-01
-.1973016E-01
-.2031679E-01
-.2246899E-01
-.2210012E-01
-.1962850E-01
-.2149981E-01
-.2649201E-01
-.3015854E-01
-.3445587E-01
-.3857538E-01
-.3961792E-01
-.3895627E-01
-.3648201E-01
-.3687808E-01
-.3864044E-01
-.3465263E-01
-.3034209E-01
-.2361564E-01
-.1515484E-01
-.1492098E-01
-.1425712E-01
-.1099665E-01
-.1370664E-01
-.1564902E-01
-.1424752E-01
-.1375429E-01
-.1304270E-01
-.1245806E-01
-.1314456E-01
-.1508623E-01
-.1797208E-01
-.2266918E-01
-.2399836E-01
-.2034830E-01
-.1789013E-01
-.1455227E-01
-.1353422E-01
-.1591317E-01
-.1692975E-01
-.1757828E-01
-.1526547E-01
-.9408753E-02
-.3704591E-02
-.4408774E-02
-.7585473E-02
-.9590231E-02
-.1680972E-01
-.1913165E-01
-.1430911E-01
-.1038240E-01
-.6166446E-02
-.7217231E-02
-.1033659E-01
-.1148709E-01
-.1548406E-01
-.1681741E-01
-.1471735E-01
-.1325961E-01
-.1212205E-01
-.1249763E-01
-.1678725E-01
-.2452634E-01
-.2778751E-01
-.2840073E-01
-.3017834E-01
-.2812720E-01
-.2484323E-01
-.2267772E-01
-.2301073E-01
-.2466594E-01
-.2625878E-01
-.2833422E-01
-.2778604E-01
-.2630646E-01
-.2332532E-01
-.2175434E-01
-.2387952E-01
-.2572710E-01
-.3028065E-01
-.3577421E-01
-.3944936E-01
-.4166062E-01
-.4192225E-01
-.4484923E-01
-.5016365E-01
-.5372937E-01
-.5875040E-01
-.6462220E-01
-.6402356E-01
-.5766121E-01
-.5111538E-01
-.4798755E-01
-.4843218E-01
-.4930694E-01
-.5004974E-01
-.5017208E-01
-.4662593E-01
-.4234422E-01
-.4099160E-01
-.3944836E-01
-.3771028E-01
-.3495784E-01
-.3270359E-01
-.3445404E-01
-.3523152E-01
-.3484525E-01
-.3502693E-01
-.3569215E-01
-.3779099E-01
-.3954114E-01
-.4251556E-01
-.4634650E-01
-.4916494E-01
-.5215146E-01
-.5375742E-01
-.5549893E-01
-.5732719E-01
-.5733448E-01
-.6020836E-01
-.6281353E-01
-.6261675E-01
-.6255389E-01
-.6034669E-01
-.5774364E-01
-.5538741E-01
-.5330280E-01
-.5234897E-01
-.5201849E-01
-.5160292E-01
-.4956891E-01
-.4848435E-01
-.4804544E-01
-.4818827E-01
-.4807641E-01
-.4762871E-01
-.5053535E-01
-.5203234E-01
-.5141559E-01
-.5104890E-01
-.4899096E-01
-.4687398E-01
-.4498938E-01
-.4234192E-01
-.3886721E-01
-.3560880E-01
-.3251462E-01
-.2932651E-01
-.2757398E-01
-.2673215E-01
-.2750304E-01
-.2861369E-01
-.2781361E-01
-.2776442E-01
-.2691417E-01
-.2446136E-01
-.2379597E-01
-.2268799E-01
-.2025150E-01
-.1803802E-01
-.1613305E-01
-.1473506E-01
-.1292004E-01
-.1149443E-01
-.1049640E-01
-.1041408E-01
-.1232608E-01
-.1404770E-01
-.1492689E-01
-.1368481E-01
-.9902327E-02
-.7610605E-02
-.7212747E-02
-.6644931E-02
-.6143732E-02
-.4820854E-02
-.1081678E-02
.3561174E-02
.7648998E-02
.1163587E-01
.1388418E-01
.1564330E-01
.1701819E-01
.1549822E-01
.1471575E-01
.1525085E-01
.1437791E-01
.1209759E-01
.1072383E-01
.1009370E-01
.7588666E-02
.5575930E-02
.4798765E-02
.4320808E-02
.2826697E-02
.7926891E-03
.6630164E-04
-.1394259E-02
-.2585221E-02
-.3261016E-02
-.4333109E-02
-.4827273E-02
-.3512031E-02
-.1301891E-02
-.1700640E-02
-.1909498E-02
-.1101592E-02
-.1401362E-02
-.1640286E-02
-.3646360E-02
-.6744296E-02
-.9269153E-02
-.1280666E-01
-.1528086E-01
-.1579599E-01
-.1757088E-01
-.1847040E-01
-.1737562E-01
-.1797594E-01
-.1815767E-01
-.1707450E-01
-.1766104E-01
-.1809221E-01
-.1627079E-01
-.1395186E-01
-.1131094E-01
-.7633630E-02
-.5234411E-02
-.3019551E-02
-.1021678E-02
-.2311640E-03
.1987583E-02
.2865632E-02
.2675796E-02
.3938643E-02
.4716549E-02
.5092779E-02
.5418698E-02
.6340225E-02
.7237962E-02
.8443153E-02
.1044437E-01
.1182623E-01
.1332856E-01
.1414182E-01
.1451517E-01
.1567559E-01
.1452647E-01
.1028289E-01
.7451524E-02
.6875137E-02
.5963181E-02
.5533211E-02
.6824939E-02
.8161628E-02
.6859818E-02
.5644949E-02
.6970036E-02
.8557202E-02
.1049387E-01
.1259143E-01
.1446908E-01
.1410124E-01
.1189476E-01
.9962637E-02
.7775152E-02
.8096561E-02
.8798488E-02
.9135056E-02
.1089943E-01
.1210827E-01
.1358170E-01
.1284790E-01
.1079044E-01
.9687897E-02
.8044644E-02
.6937049E-02
.5615117E-02
.5845478E-02
.6018140E-02
.2465724E-02
.6968208E-03
.5747337E-04
-.3379997E-02
-.5930171E-02
-.6946787E-02
-.6465187E-02
-.5105134E-02
-.5394767E-02
-.5091428E-02
-.4572200E-02
-.5511857E-02
-.6539773E-02
-.7429158E-02
-.7468943E-02
-.6757309E-02
-.5032234E-02
-.3776320E-02
-.5535183E-02
-.6996426E-02
-.6121249E-02
-.5092235E-02
-.4804573E-02
-.3009616E-02
.4496380E-03
.2058645E-02
.1670843E-02
.1319256E-02
.1716909E-02
.1587250E-02
.2599108E-02
.4586006E-02
.4400339E-02
.4776813E-02
.4896958E-02
.4145157E-02
.3582333E-02
.1038282E-02
-.2414325E-02
-.5843725E-02
-.8338855E-02
-.1042323E-01
-.1010628E-01
-.7686958E-02
-.7629340E-02
-.6078437E-02
-.4995901E-02
-.5399187E-02
-.2885872E-02
-.1397105E-02
.7413573E-03
.4541990E-02
.6462294E-02
.8690330E-02
.1006841E-01
.1014113E-01
.1187807E-01
.1416585E-01
.1488958E-01
.1436426E-01
.1497705E-01
.1703259E-01
.1874975E-01
.1918521E-01
.1995870E-01
.2190835E-01
.2095588E-01
.1950783E-01
.2074160E-01
.2054505E-01
.2033596E-01
.2124693E-01
.2088622E-01
.1924737E-01
.1710382E-01
.1374701E-01
.8630723E-02
.5933044E-02
.4904510E-02
.3235106E-02
.2106051E-02
.2800395E-03
-.1130648E-02
-.2000775E-02
-.2092419E-02
-.8820694E-03
.8724415E-03
.3441082E-02
.4255435E-02
.3201505E-02
.2629486E-02
.1839748E-02
.6139446E-03
.1224057E-02
.2694176E-02
.3507130E-02
.2878126E-02
-.6678348E-03
-.3358118E-02
-.5347739E-02
-.7867260E-02
-.6883526E-02
-.4229072E-02
-.3513352E-02
-.1980023E-02
-.6051196E-04
-.6566483E-03
.2391522E-03
.2952298E-02
.7306367E-02
.1288772E-01
.1515344E-01
.1670098E-01
.1743838E-01
.1697497E-01
.1737503E-01
.1709935E-01
.1773903E-01
.1802345E-01
.1598597E-01
.1339966E-01
.1101684E-01
.8548851E-02
.6154823E-02
.5918413E-02
.6647119E-02
.6865132E-02
.6923479E-02
.6268050E-02
.6511851E-02
.7294900E-02
.8891943E-02
.1152927E-01
.1284612E-01
.1416693E-01
.1596068E-01
.1733120E-01
.1887773E-01
.2020391E-01
.2070727E-01
.2066718E-01
.2012300E-01
.1896639E-01
.1832591E-01
.1786760E-01
.1735843E-01
.1720221E-01
.1649478E-01
.1688176E-01
.1656460E-01
.1528901E-01
.1695306E-01
.1778387E-01
.1657081E-01
.1580212E-01
.1632492E-01
.1754333E-01
.1743389E-01
.1764255E-01
.1692143E-01
.1514667E-01
.1430622E-01
.1288230E-01
.1081243E-01
.8525461E-02
.6974674E-02
.6126996E-02
.5312266E-02
.4940770E-02
.6112934E-02
.7920418E-02
.7524212E-02
.7121948E-02
.8365078E-02
.1033661E-01
.1335695E-01
.1675404E-01
.1991752E-01
.2061968E-01
.1922800E-01
.1867798E-01
.1759421E-01
.1632756E-01
.1631031E-01
.1489801E-01
.1244009E-01
.1138038E-01
.1083505E-01
.1044124E-01
.1024152E-01
.1040917E-01
.1092519E-01
.1093620E-01
.1212587E-01
.1506810E-01
.1914302E-01
.2293296E-01
.2585367E-01
.2759164E-01
.2566326E-01
.2438225E-01
.2402275E-01
.2022830E-01
.1780933E-01
.1718383E-01
.1498365E-01
.1276179E-01
.1220992E-01
.1308460E-01
.1330053E-01
.1358279E-01
.1495512E-01
.1697481E-01
.2047308E-01
.2329295E-01
.2536957E-01
.2716057E-01
.2620311E-01
.2493924E-01
.2335243E-01
.1960505E-01
.1669673E-01
.1537848E-01
.1431698E-01
.1212132E-01
.8522065E-02
.5090733E-02
.2610387E-02
.8901815E-03
-.2861402E-04
.2656766E-03
.1121292E-02
.2519012E-02
.4100350E-02
.5705754E-02
.8782513E-02
.1198552E-01
.1404573E-01
.1460824E-01
.1393285E-01
.1278839E-01
.1071338E-01
.8778137E-02
.7012952E-02
.4599715E-02
.1975875E-02
.2668146E-03
.2841338E-03
-.5769938E-04
-.7952431E-03
-.4086242E-04
.7305680E-04
-.1313344E-03
.1322545E-02
.2081799E-02
.2284634E-02
.1520453E-02
-.3335661E-03
-.2209437E-02
-.5917132E-02
-.6971187E-02
-.6409568E-02
-.7925881E-02
-.7724174E-02
-.8392040E-02
-.9501343E-02
-.8543162E-02
-.7356901E-02
-.5248238E-02
-.2706641E-02
-.9991308E-03
-.4578260E-03
.2159236E-04
.1289550E-02
.1964524E-02
.2431934E-02
.4416717E-02
.6041450E-02
.6839755E-02
.8137686E-02
.7945789E-02
.7301175E-02
.6398022E-02
.5186840E-02
.5661605E-02
.5749232E-02
.6112215E-02
.4868498E-02
.1506731E-02
.1104725E-02
-.5373764E-03
-.2291834E-02
-.6414476E-03
-.6895211E-03
.5923761E-04
.1498331E-02
.1003147E-02
.1970045E-02
.4212352E-02
.6964957E-02
.9214733E-02
.1050881E-01
.1089820E-01
.1019905E-01
.1115842E-01
.1172290E-01
.1077827E-01
.1189526E-01
.1372137E-01
.1423486E-01
.1419786E-01
.1382222E-01
.1337376E-01
.1403260E-01
.1437662E-01
.1366243E-01
.1386750E-01
.1367185E-01
.1389944E-01
.1494700E-01
.1400332E-01
.1366240E-01
.1387976E-01
.1275994E-01
.1320443E-01
.1399969E-01
.1311034E-01
.1135935E-01
.8284002E-02
.5833368E-02
.5928882E-02
.6032551E-02
.5852234E-02
.6470145E-02
.6403283E-02
.5849536E-02
.5322879E-02
.5788438E-02
.7532239E-02
.9628622E-02
.1140879E-01
.1134393E-01
.1091666E-01
.9818164E-02
.7623390E-02
.7048424E-02
.7046144E-02
.7011880E-02
.7745496E-02
.7997113E-02
.7906182E-02
.7623984E-02
.6035533E-02
.5875825E-02
.7450967E-02
.8334970E-02
.9228210E-02
.1003869E-01
.1115341E-01
.1129431E-01
.1072168E-01
.1142754E-01
.1240644E-01
.1187724E-01
.9719369E-02
.9691595E-02
.9708318E-02
.8195321E-02
.7794107E-02
.6198202E-02
.5273543E-02
.6023360E-02
.6516147E-02
.7881783E-02
.9745338E-02
.1108832E-01
.9816696E-02
.6838579E-02
.6279180E-02
.8061340E-02
.9495123E-02
.1121165E-01
.1298163E-01
.1046510E-01
.6670329E-02
.5374074E-02
.5756670E-02
.7463126E-02
.8330527E-02
.9176566E-02
.8866971E-02
.7998992E-02
.9168434E-02
.9273941E-02
.8866012E-02
.9304332E-02
.1044181E-01
.1135505E-01
.1032366E-01
.9556444E-02
.9453589E-02
.7351956E-02
.4402333E-02
.2938209E-02
.1520173E-02
.4794689E-03
-.3944560E-03
-.2394329E-02
-.2860637E-02
-.2040177E-02
-.1672964E-02
-.1011479E-02
.2371179E-03
-.6550324E-04
-.1359050E-02
-.1264720E-02
-.9396310E-03
-.3180606E-03
-.2374632E-02
-.5746049E-02
-.6158155E-02
-.7499444E-02
-.8637011E-02
-.9197159E-02
-.9649982E-02
-.7193659E-02
-.6071387E-02
-.6222246E-02
-.5573822E-02
-.6249196E-02
-.5600297E-02
-.4642633E-02
-.4922026E-02
-.4249357E-02
-.4649194E-02
-.4367365E-02
-.3056981E-02
-.3429622E-02
-.3790160E-02
-.4673886E-02
-.6443062E-02
-.7803563E-02
-.9207011E-02
-.1100254E-01
-.1210928E-01
-.1324194E-01
-.1530240E-01
-.1707653E-01
-.1829986E-01
-.1849461E-01
-.1766462E-01
-.1625654E-01
-.1505588E-01
-.1436687E-01
-.1376635E-01
-.1323396E-01
-.1252443E-01
-.1234689E-01
-.1069427E-01
-.7923171E-02
-.7540897E-02
-.8201148E-02
-.9731339E-02
-.1263349E-01
-.1500540E-01
-.1624188E-01
-.1707204E-01
-.1800164E-01
-.1892795E-01
-.1983102E-01
-.2087195E-01
-.2184086E-01
-.2042224E-01
-.1762299E-01
-.1634674E-01
-.1397724E-01
-.1020290E-01
-.8193701E-02
-.7042643E-02
-.4355156E-02
-.1288873E-02
.4867418E-03
.1132743E-02
.8886894E-03
.1415310E-02
.1560717E-02
-.7502531E-03
-.2607123E-02
-.3375844E-02
-.4833066E-02
-.5471823E-02
-.4799663E-02
-.5253361E-02
-.6280729E-02
-.7702162E-02
-.1118033E-01
-.1369654E-01
-.1525831E-01
-.1760996E-01
-.1822774E-01
-.1890979E-01
-.2149548E-01
-.2260974E-01
-.2091202E-01
-.1898142E-01
-.1750733E-01
-.1592750E-01
-.1565817E-01
-.1490399E-01
-.1295874E-01
-.1181669E-01
-.1030830E-01
-.9339602E-02
-.9365876E-02
-.1032968E-01
-.1338097E-01
-.1536120E-01
-.1682087E-01
-.2001855E-01
-.2254440E-01
-.2348038E-01
-.2248157E-01
-.2066635E-01
-.1958031E-01
-.1789077E-01
-.1623958E-01
-.1613886E-01
-.1531041E-01
-.1239076E-01
-.1055129E-01
-.1058387E-01
-.1058195E-01
-.1023481E-01
-.1104351E-01
-.1316063E-01
-.1443162E-01
-.1714159E-01
-.2024956E-01
-.2111916E-01
-.2315874E-01
-.2387127E-01
-.2183228E-01
-.1898866E-01
-.1636152E-01
-.1586074E-01
-.1440453E-01
-.1376915E-01
-.1441670E-01
-.1244841E-01
-.1249898E-01
-.1434226E-01
-.1437218E-01
-.1513811E-01
-.1773673E-01
-.2035056E-01
-.2037009E-01
-.1979750E-01
-.2042245E-01
-.1846581E-01
-.1656195E-01
-.1579438E-01
-.1382217E-01
-.1360111E-01
-.1184749E-01
-.8961136E-02
-.8506970E-02
-.8316631E-02
-.9354441E-02
-.1067148E-01
-.1228153E-01
-.1491127E-01
-.1759021E-01
-.2021039E-01
-.2157702E-01
-.2357088E-01
-.2611987E-01
-.2682282E-01
-.2671586E-01
-.2746772E-01
-.2715297E-01
-.2474970E-01
-.2316114E-01
-.2138931E-01
-.1963659E-01
-.1856533E-01
-.1653929E-01
-.1591577E-01
-.1666376E-01
-.1690945E-01
-.1659162E-01
-.1608185E-01
-.1757398E-01
-.2094488E-01
-.2267264E-01
-.2426647E-01
-.2563262E-01
-.2413000E-01
-.2509603E-01
-.2583296E-01
-.2289120E-01
-.2218651E-01
-.2075314E-01
-.1757200E-01
-.1623643E-01
-.1530518E-01
-.1469262E-01
-.1424345E-01
-.1418199E-01
-.1485653E-01
-.1525128E-01
-.1536324E-01
-.1473818E-01
-.1361855E-01
-.1211680E-01
-.1163155E-01
-.1201203E-01
-.1011526E-01
-.8854491E-02
-.8073297E-02
-.5571857E-02
-.4591206E-02
-.3770792E-02
-.3756522E-02
-.5474837E-02
-.5736697E-02
-.6628435E-02
-.8266112E-02
-.7941456E-02
-.8285166E-02
-.9903662E-02
-.9716389E-02
-.8867113E-02
-.8438767E-02
-.8106055E-02
-.9234475E-02
-.1023497E-01
-.1002332E-01
-.1018047E-01
-.1041834E-01
-.1082608E-01
-.1124288E-01
-.1099770E-01
-.1073620E-01
-.1124496E-01
-.1236619E-01
-.1159305E-01
-.1031667E-01
-.9586270E-02
-.6671029E-02
-.5473939E-02
-.6148749E-02
-.5162480E-02
-.4083213E-02
-.2414467E-02
-.6170021E-03
.9703171E-03
.3353323E-02
.4708934E-02
.4772193E-02
.4069120E-02
.2869727E-02
.2946992E-02
.3156988E-02
.2311288E-02
.2278940E-02
.2069596E-02
.1620733E-02
.2125719E-02
.2886581E-02
.3444639E-02
.3269384E-02
.3113159E-02
.2181189E-02
.1068642E-02
.3674105E-03
-.2042997E-02
-.3462112E-02
-.3996634E-02
-.5415346E-02
-.5057058E-02
-.3654897E-02
-.2686919E-02
-.2041094E-02
-.1032920E-02
.1878035E-03
.8687135E-03
.2477344E-02
.4292123E-02
.5025548E-02
.4953334E-02
.4532754E-02
.4609821E-02
.4292925E-02
.3574629E-02
.3058687E-02
.2189186E-02
.1433059E-02
.1431854E-02
.4834434E-03
-.1421108E-02
-.1285856E-02
-.2069671E-02
-.4236102E-02
-.3072953E-02
-.2404900E-02
-.3393061E-02
-.2440501E-02
-.2484796E-02
-.3795361E-02
-.3598854E-02
-.3097199E-02
-.2768094E-02
-.1519754E-02
-.3175084E-03
.5059986E-04
.5563842E-03
.1952169E-02
.4328987E-02
.7027680E-02
.9789092E-02
.1201995E-01
.1160239E-01
.9764456E-02
.9605806E-02
.9058102E-02
.7071828E-02
.6789718E-02
.7369399E-02
.7148835E-02
.7335393E-02
.8487536E-02
.1018093E-01
.1162070E-01
.1292107E-01
.1358598E-01
.1374822E-01
.1474215E-01
.1550352E-01
.1544592E-01
.1432323E-01
.1181015E-01
.9773699E-02
.8566610E-02
.7531664E-02
.6449052E-02
.5150974E-02
.4834390E-02
.5419320E-02
.6181224E-02
.7082116E-02
.8015477E-02
.9969662E-02
.1215492E-01
.1410627E-01
.1591520E-01
.1612518E-01
.1617317E-01
.1556370E-01
.1480842E-01
.1538180E-01
.1439773E-01
.1414759E-01
.1399729E-01
.1240123E-01
.1246129E-01
.1228496E-01
.1167382E-01
.1092154E-01
.1172306E-01
.1377835E-01
.1333489E-01
.1370989E-01
.1450528E-01
.1410432E-01
.1496438E-01
.1619252E-01
.1667545E-01
.1629161E-01
.1615115E-01
.1644528E-01
.1586481E-01
.1560684E-01
.1684708E-01
.1747739E-01
.1635229E-01
.1474609E-01
.1376982E-01
.1460905E-01
.1480667E-01
.1364393E-01
.1393538E-01
.1357893E-01
.1288861E-01
.1325355E-01
.1286163E-01
.1202785E-01
.1129304E-01
.1244089E-01
.1391885E-01
.1394971E-01
.1582782E-01
.1711163E-01
.1646408E-01
.1699654E-01
.1697087E-01
.1662457E-01
.1705529E-01
.1665074E-01
.1694673E-01
.1756264E-01
.1773712E-01
.1897801E-01
.1862944E-01
.1671810E-01
.1607283E-01
.1644879E-01
.1655535E-01
.1521725E-01
.1421965E-01
.1387705E-01
.1270074E-01
.1194233E-01
.1225223E-01
.1263604E-01
.1213772E-01
.1194105E-01
.1333423E-01
.1468574E-01
.1578387E-01
.1785243E-01
.1927612E-01
.2005862E-01
.2059785E-01
.1988866E-01
.1995510E-01
.1982789E-01
.1906238E-01
.1966393E-01
.1967723E-01
.1909031E-01
.1852767E-01
.1745365E-01
.1629224E-01
.1473014E-01
.1429841E-01
.1570060E-01
.1663633E-01
.1657714E-01
.1608821E-01
.1556897E-01
.1616325E-01
.1670617E-01
.1596246E-01
.1711945E-01
.1884329E-01
.1830422E-01
.1795867E-01
.1643552E-01
.1472322E-01
.1529223E-01
.1545124E-01
.1442059E-01
.1379049E-01
.1417420E-01
.1378978E-01
.1343204E-01
.1266475E-01
.1088262E-01
.1224698E-01
.1414198E-01
.1373569E-01
.1347699E-01
.1324246E-01
.1300553E-01
.1220082E-01
.1172200E-01
.1332161E-01
.1329844E-01
.1127651E-01
.1027544E-01
.8180875E-02
.4938256E-02
.2284272E-02
-.1275206E-03
-.8980870E-03
-.6516228E-03
-.1144223E-02
-.2553158E-02
-.4121305E-02
-.4971992E-02
-.6211790E-02
-.5080801E-02
-.2411329E-02
-.2618240E-02
-.1903570E-02
-.1361797E-02
-.3084167E-02
-.4153135E-02
-.5522044E-02
-.4668774E-02
-.3125555E-02
-.4594273E-02
-.5229719E-02
-.5745334E-02
-.7503114E-02
-.9302696E-02
-.1038531E-01
-.1015503E-01
-.9644504E-02
-.8318666E-02
-.8333788E-02
-.9342860E-02
-.8868574E-02
-.8950153E-02
-.8001136E-02
-.6044681E-02
-.4974203E-02
-.3923798E-02
-.4442051E-02
-.4704640E-02
-.4043909E-02
-.4826653E-02
-.4757784E-02
-.4971611E-02
-.6174532E-02
-.7022607E-02
-.8827236E-02
-.9491589E-02
-.1000359E-01
-.1008887E-01
-.7342350E-02
-.6935700E-02
-.7257586E-02
-.4700953E-02
-.4097283E-02
-.4409109E-02
-.2996340E-02
-.1093722E-02
.8392004E-03
.1640217E-02
.5944192E-03
-.2094260E-02
-.3378055E-02
-.2878265E-02
-.3858581E-02
-.4951661E-02
-.6071155E-02
-.8156546E-02
-.8568442E-02
-.7344357E-02
-.6406411E-02
-.5482232E-02
-.3889488E-02
-.1977272E-02
-.5977194E-03
.6556328E-03
.1597493E-02
.1196554E-02
.4253218E-03
-.1827705E-03
-.1298297E-02
-.3017340E-02
-.3984598E-02
-.4350348E-02
-.5940563E-02
-.8319092E-02
-.1075503E-01
-.1160036E-01
-.1080237E-01
-.9885665E-02
-.7787924E-02
-.6037470E-02
-.6223253E-02
-.6922445E-02
-.6655016E-02
-.5097388E-02
-.4743059E-02
-.5705182E-02
-.5913355E-02
-.6485851E-02
-.8367117E-02
-.1049705E-01
-.1116966E-01
-.1127656E-01
-.1265149E-01
-.1237831E-01
-.1156259E-01
-.1327400E-01
-.1436150E-01
-.1508783E-01
-.1515443E-01
-.1282389E-01
-.1078039E-01
-.9558937E-02
-.9471347E-02
-.1061378E-01
-.1223261E-01
-.1336757E-01
-.1260342E-01
-.1221603E-01
-.1309214E-01
-.1312616E-01
-.1271779E-01
-.1306065E-01
-.1283733E-01
-.1194042E-01
-.1098919E-01
-.9502443E-02
-.7945606E-02
-.5950988E-02
-.5808528E-02
-.7474658E-02
-.6650234E-02
-.6085544E-02
-.6926584E-02
-.6091793E-02
-.5447765E-02
-.5568240E-02
-.6067634E-02
-.7389509E-02
-.8186428E-02
-.9337679E-02
-.1012953E-01
-.9608462E-02
-.9873412E-02
-.9119063E-02
-.8207906E-02
-.1026640E-01
-.1093749E-01
-.9506116E-02
-.8942231E-02
-.8698490E-02
-.8901000E-02
-.7633783E-02
-.6584278E-02
-.7213109E-02
-.6510399E-02
-.7118593E-02
-.7220941E-02
-.4785920E-02
-.4583730E-02
-.5446532E-02
-.5558567E-02
-.6224733E-02
-.7188068E-02
-.8101084E-02
-.9198037E-02
-.9272028E-02
-.8609305E-02
-.9293921E-02
-.9187107E-02
-.8452756E-02
-.8822177E-02
-.8788571E-02
-.8661180E-02
-.8630076E-02
-.8529270E-02
-.8075288E-02
-.8569162E-02
-.1026840E-01
-.1102004E-01
-.1217064E-01
-.1331503E-01
-.1430057E-01
-.1527688E-01
-.1473235E-01
-.1390706E-01
-.1245234E-01
-.1228478E-01
-.1303535E-01
-.1178947E-01
-.1114765E-01
-.1046960E-01
-.1023313E-01
-.1149826E-01
-.1070946E-01
-.9322324E-02
-.9921411E-02
-.1034440E-01
-.9407650E-02
-.7914866E-02
-.6570400E-02
-.6089181E-02
-.5076682E-02
-.4225866E-02
-.5580001E-02
-.6391010E-02
-.6698663E-02
-.7930783E-02
-.8302529E-02
-.8209714E-02
-.8224080E-02
-.8741390E-02
-.9436878E-02
-.7805286E-02
-.6352644E-02
-.6134425E-02
-.4051447E-02
-.2979055E-02
-.1907877E-02
.9103233E-03
.6058464E-03
-.7334135E-03
-.1116755E-02
-.1844973E-02
-.1484375E-02
-.1688459E-02
-.1964170E-02
-.2308626E-02
-.4534024E-02
-.5104097E-02
-.4190987E-02
-.3239486E-02
-.1371185E-02
-.1892486E-03
.1357143E-02
.3817415E-02
.5460838E-02
.6111129E-02
.6318662E-02
.6103987E-02
.4269522E-02
.2497169E-02
.1607653E-02
-.4564918E-03
-.1512355E-02
-.2666645E-02
-.5077950E-02
-.4714770E-02
-.3964445E-02
-.3190572E-02
-.1367542E-02
-.1595016E-02
-.1591300E-02
-.9332568E-03
-.1208124E-02
-.8708327E-04
.1462264E-02
.1035531E-02
.5176684E-03
-.4840068E-03
-.1918434E-02
-.2271637E-02
-.4727579E-02
-.6672141E-02
-.6264814E-02
-.6393854E-02
-.5809984E-02
-.5251809E-02
-.5173755E-02
-.5669126E-02
-.5471452E-02
-.2990157E-02
-.1002290E-02
.4272404E-03
.1879006E-03
-.1632653E-02
-.2065239E-02
-.3181191E-02
-.4520626E-02
-.5590952E-02
-.8406942E-02
-.1035478E-01
-.9883630E-02
-.9627967E-02
-.1032520E-01
-.8851202E-02
-.7069917E-02
-.6890852E-02
-.4270068E-02
-.2205402E-02
-.2518529E-02
-.1525487E-02
-.5429378E-03
-.3892442E-03
-.9615394E-03
-.1937487E-02
-.2252035E-02
-.1988771E-02
-.1321196E-02
-.1301223E-02
-.1470284E-02
-.2312997E-02
-.3725852E-02
-.3323620E-02
-.3147807E-02
-.2987586E-02
-.1771229E-02
-.1251275E-02
-.4762778E-03
-.8479824E-03
-.1824681E-02
-.1458513E-02
-.1030004E-02
.1859149E-03
.2101026E-03
-.1296243E-02
-.1074178E-02
-.8609059E-03
-.1363006E-02
-.2889195E-03
.7067807E-03
-.1785645E-03
.2123885E-03
.1603251E-02
.1691354E-02
.2156494E-02
.2215041E-02
.1905967E-02
.2057822E-02
.1661619E-02
.1287444E-02
.1623798E-02
.1847430E-02
.3805029E-03
.1387716E-03
.1036576E-02
.6197084E-03
.2068678E-02
.3299206E-02
.3717600E-02
.5715445E-02
.6768051E-02
.7506707E-02
.7803866E-02
.7086309E-02
.7040734E-02
.7047588E-02
.8055985E-02
.9000903E-02
.8261252E-02
.8328871E-02
.7487947E-02
.4670372E-02
.3634380E-02
.3718984E-02
.3777598E-02
.4019939E-02
.3008436E-02
.2573044E-02
.2751512E-02
.1986519E-02
.2800304E-02
.5014577E-02
.6087781E-02
.6286992E-02
.6307894E-02
.5796904E-02
.4948243E-02
.4304694E-02
.4952423E-02
.6032861E-02
.5647495E-02
.5573923E-02
.5247196E-02
.4586687E-02
.5808615E-02
.7685533E-02
.8624972E-02
.8065060E-02
.8455753E-02
.8401445E-02
.6676989E-02
.6839285E-02
.5749241E-02
.4182580E-02
.4065980E-02
.2374367E-02
.6660823E-03
-.4260537E-03
-.2668366E-03
.3989721E-03
.2567951E-03
.1633186E-02
.3449177E-02
.4799107E-02
.6155099E-02
.7021826E-02
.8308326E-02
.9253035E-02
.8668131E-02
.7096748E-02
.6358049E-02
.6492483E-02
.4691790E-02
.2287694E-02
.1104602E-02
.4240214E-03
.3944193E-03
.5076389E-03
.9279697E-03
.1390811E-02
.3026397E-02
.5110215E-02
.5407404E-02
.7146404E-02
.8730621E-02
.9005614E-02
.1060099E-01
.1006659E-01
.8258588E-02
.7620165E-02
.6546622E-02
.5666402E-02
.5188553E-02
.5065785E-02
.5181253E-02
.5055612E-02
.4566000E-02
.4332457E-02
.5715619E-02
.7253234E-02
.7699058E-02
.7104548E-02
.7050176E-02
.7964181E-02
.7991564E-02
.8628098E-02
.7929366E-02
.6480220E-02
.7018496E-02
.6284530E-02
.5665969E-02
.5262482E-02
.4626622E-02
.5228323E-02
.4629786E-02
.4352363E-02
.5961736E-02
.6839541E-02
.6877032E-02
.9049636E-02
.1074712E-01
.1098329E-01
.1217561E-01
.1011873E-01
.8023408E-02
.7868810E-02
.5821773E-02
.5174555E-02
.5007514E-02
.4108982E-02
.3495507E-02
.2814424E-02
.2623115E-02
.2978282E-02
.3613373E-02
.4048148E-02
.6707516E-02
.8551493E-02
.8428956E-02
.9926436E-02
.9780932E-02
.9937830E-02
.1014511E-01
.8412145E-02
.8408551E-02
.8437799E-02
.7882626E-02
.6500900E-02
.5148689E-02
.4915678E-02
.4191325E-02
.4880053E-02
.5429667E-02
.4630458E-02
.3691710E-02
.3189503E-02
.4867979E-02
.5846851E-02
.4698076E-02
.5211666E-02
.6812897E-02
.6452198E-02
.6477542E-02
.6955358E-02
.5046063E-02
.3824518E-02
.4148620E-02
.4339466E-02
.4918357E-02
.5066790E-02
.5159520E-02
.5095186E-02
.4414789E-02
.3672485E-02
.2244721E-02
.1453207E-02
.1706477E-02
.1607913E-02
.1143361E-02
.7239589E-03
.6607145E-03
.1102398E-02
.2264491E-02
.3013926E-02
.4231339E-02
.5521268E-02
.5614819E-02
.7727296E-02
.9476429E-02
.9853668E-02
.1096391E-01
.9998965E-02
.9184796E-02
.9360867E-02
.8755234E-02
.8044949E-02
.5309254E-02
.2789660E-02
.1806330E-02
-.1828738E-03
-.1365497E-02
-.1745025E-02
-.1987243E-02
-.7653395E-03
.2887771E-03
.1224536E-03
.8157230E-03
.2681192E-02
.4316189E-02
.6974949E-02
.9724110E-02
.1010716E-01
.1031329E-01
.1067430E-01
.9709674E-02
.9121934E-02
.8127345E-02
.6471636E-02
.5661491E-02
.3354480E-02
.1511967E-02
.1878722E-02
.1905530E-02
.2777839E-02
.3170558E-02
.2148092E-02
.2178051E-02
.3553829E-02
.5062427E-02
.5486139E-02
.5438356E-02
.5466897E-02
.5507062E-02
.4703269E-02
.2628414E-02
.1430127E-02
.1789828E-02
.1509930E-02
.5746577E-03
.1065511E-02
.1046216E-02
.6688299E-03
.1735268E-02
.1273565E-02
.1098903E-02
.2874928E-02
.3266747E-02
.3373658E-02
.3460978E-02
.4659855E-02
.5262612E-02
.4439642E-02
.2981387E-02
.2845811E-02
.2738338E-02
.2833491E-02
.1564060E-02
-.1216621E-03
.1496837E-03
.2569098E-03
.1367025E-03
.1153767E-04
.1207307E-03
.1270260E-02
.2083867E-02
.2956406E-02
.4225509E-02
.4619045E-02
.4097574E-02
.3400540E-02
.3289266E-02
.4401192E-02
.5362889E-02
.5168110E-02
.4472378E-02
.3974470E-02
.3440575E-02
.2521615E-02
.2149699E-02
.1476940E-02
.1133518E-02
.9955796E-03
.5096908E-04
-.4043815E-03
-.5204542E-03
-.3499265E-03
-.7705947E-03
-.2281547E-05
.1001431E-02
.7543181E-03
.1844983E-02
.1723124E-02
.1192726E-02
.3424296E-03
-.5771169E-03
.9133063E-03
.8410654E-03
-.1294834E-03
-.9614281E-03
-.2503012E-02
-.3397623E-02
-.4194804E-02
-.4001744E-02
-.3782908E-02
-.4267651E-02
-.3640980E-02
-.2982463E-02
-.2873917E-02
-.2436107E-02
-.2401479E-02
-.2253632E-02
-.1280046E-02
-.1433825E-02
-.1975678E-02
-.2040564E-02
-.3323699E-02
-.3304561E-02
-.2738743E-02
-.4392128E-02
-.4468227E-02
-.4026245E-02
-.4493362E-02
-.3906700E-02
-.4158976E-02
-.3671291E-02
-.3077452E-02
-.4459458E-02
-.4756097E-02
-.4485581E-02
-.4207491E-02
-.4282810E-02
-.5617588E-02
-.6195320E-02
-.7379929E-02
-.9409026E-02
-.9790358E-02
-.9273749E-02
-.9196360E-02
-.1029591E-01
-.1103024E-01
-.1075507E-01
-.1062441E-01
-.9600131E-02
-.8819811E-02
-.7789375E-02
-.6584214E-02
-.7465069E-02
-.7992197E-02
-.8106814E-02
-.7261208E-02
-.6502203E-02
-.8207303E-02
-.8580468E-02
-.8740963E-02
-.8613472E-02
-.7651856E-02
-.8095941E-02
-.7209974E-02
-.5946749E-02
-.5108289E-02
-.4843639E-02
-.5278579E-02
-.4739942E-02
-.4761435E-02
-.4382554E-02
-.4243782E-02
-.4970751E-02
-.5035186E-02
-.5554357E-02
-.5348067E-02
-.5250349E-02
-.5781402E-02
-.5247763E-02
-.5094525E-02
-.4917173E-02
-.3839862E-02
-.2608035E-02
-.1664813E-02
-.1261670E-02
-.1060231E-02
-.1201495E-02
-.1425292E-02
-.1568226E-02
-.2380861E-02
-.3069766E-02
-.3223986E-02
-.3793147E-02
-.4326831E-02
-.4329842E-02
-.3722546E-02
-.3817574E-02
-.4791922E-02
-.4194913E-02
-.3657199E-02
-.3825888E-02
-.2952977E-02
-.2019977E-02
-.7992339E-03
.2903901E-05
-.6000060E-03
-.8068435E-03
-.7283708E-03
-.1377792E-02
-.1552969E-02
-.1639342E-02
-.2076547E-02
-.2229930E-02
-.2953321E-02
-.3441393E-02
-.4073821E-02
-.4987845E-02
-.4783464E-02
-.4595430E-02
-.4361381E-02
-.4634325E-02
-.4732116E-02
-.3655755E-02
-.3689590E-02
-.3423594E-02
-.2234379E-02
-.1806261E-02
-.1085188E-02
-.7090297E-03
-.1367811E-02
-.1546037E-02
-.1562429E-02
-.2304003E-02
-.3326086E-02
-.3627014E-02
-.3316954E-02
-.3719278E-02
-.3756691E-02
-.3424624E-02
-.4392881E-02
-.4788279E-02
-.3945433E-02
-.3562724E-02
-.3138190E-02
-.2116053E-02
-.1415612E-02
-.1383858E-02
-.1532708E-02
-.1217044E-02
-.7954770E-03
-.8445357E-03
-.6439835E-03
-.6331654E-03
-.9251768E-03
-.1039540E-02
-.1820061E-02
-.1960581E-02
-.1469406E-02
-.1617094E-02
-.1019183E-02
-.5218879E-03
-.8057312E-03
-.4811764E-03
-.5405943E-04
-.1298618E-03
.1682991E-03
.7782125E-03
.9099495E-03
.1209319E-02
.9828053E-03
.7406658E-04
.7393054E-04
.4505456E-04
-.4402391E-03
-.4959628E-03
-.1671294E-03
.1831123E-03
.2041362E-03
.2270459E-03
.2756168E-03
.4186840E-03
.7946637E-03
.7688259E-03
.6000708E-03
.8656713E-03
.1085720E-02
.9836475E-03
.7131371E-03
.3477599E-03
.3030217E-03
.5982982E-03
.9555065E-03
.1090037E-02
.8752527E-03
.9331717E-03
.9473937E-03
.6235906E-03
.8430026E-03
.1038132E-02
.4510665E-03
.7484451E-04
.1643317E-03
.6870190E-05
-.4707395E-03
-.1064214E-02
-.1214209E-02
-.1100142E-02
-.1248019E-02
-.9727544E-03
-.4457752E-03
-.8082074E-04
.2431757E-03
.5187630E-03
.9784174E-03
.1002830E-02
.9900135E-03
.1379599E-02
.1261026E-02
.1060056E-02
.8492749E-03
.5116765E-03
.3930159E-03
.1533402E-03
-.1191391E-03
-.3689337E-03
-.3895617E-03
-.1596580E-03
-.1508452E-04
.1475073E-03
.2578792E-03
.4792017E-03
.8128633E-03
.9387498E-03
.8708604E-03
.8407031E-03
.8864964E-03
.8152311E-03
.7098108E-03
.5486716E-03
.3979722E-03
.3099242E-03
.1576920E-03
.1239174E-03
.2556283E-03
.3446027E-03
.3666177E-03
.5222753E-03
.7198580E-03
.8459623E-03
.1008603E-02
.1116139E-02
.1138316E-02
.1134227E-02
.1103998E-02
.1059583E-02
.1005981E-02
.9781552E-03
.9253777E-03
.7868273E-03
.6865824E-03
.6598137E-03
.7062552E-03
.8172377E-03
.8604292E-03
.9032516E-03
.9670043E-03
.9682381E-03
.9768118E-03
.9859361E-03
.9599547E-03
.9626500E-03
.9664333E-03
.9297734E-03
.9054625E-03
.8651076E-03
.7947536E-03
.7359622E-03
.7309151E-03
.7817933E-03
.7976931E-03
.7916235E-03
.8009975E-03
.7915375E-03
.7852093E-03
.8020128E-03
.8154057E-03
.8055657E-03
.7913662E-03
.7858454E-03
.7588591E-03
.7152452E-03
.6995609E-03
.6941041E-03
.6780910E-03
.6617671E-03
.6370709E-03
.6140189E-03
.5933127E-03
.5703597E-03
.5529771E-03
.5389178E-03
.5223885E-03
.5016141E-03
.4863780E-03
.4659587E-03
.4370434E-03
.4189579E-03
.4069445E-03
.3876556E-03
.3632652E-03
.3466041E-03
.3309364E-03
.3081596E-03
.2889744E-03
.2695438E-03
.2461754E-03
.2245415E-03
.2042609E-03
.1830127E-03
.1591041E-03
.1351429E-03
.1124586E-03
.8983572E-04
.6791068E-04
.4615934E-04
.2406337E-04
.1602694E-05
-.2051383E-04
-.4249715E-04
-.6504003E-04
-.8725793E-04
-.1096028E-03
-.1322926E-03
-.1544871E-03
-.1766855E-03
-.1991668E-03
-.2215248E-03
-.2438643E-03
-.2660923E-03
-.2881447E-03
-.3102165E-03
-.3322593E-03
-.3542618E-03
-.3761929E-03
-.3980472E-03
-.4198731E-03
-.4416285E-03
-.4633081E-03
-.4849250E-03
-.5064689E-03
-.5279366E-03
-.5493253E-03
-.5706322E-03
-.5918553E-03
-.6129920E-03
