-.1346398E-03
-.1331991E-03
-.1317647E-03
-.1303478E-03
-.1290116E-03
-.1273619E-03
-.1257097E-03
-.1241807E-03
-.1233537E-03
-.1217825E-03
-.1207890E-03
-.1194481E-03
-.1172126E-03
-.1167904E-03
-.1142720E-03
-.1128021E-03
-.1123550E-03
-.1098534E-03
-.1096551E-03
-.1068953E-03
-.1054090E-03
-.1056346E-03
-.1043049E-03
-.1050110E-03
-.1016609E-03
-.9677162E-04
-.9903164E-04
-.9634445E-04
-.9346931E-04
-.8880502E-04
-.9214728E-04
-.8537024E-04
-.8364272E-04
-.9199289E-04
-.8656654E-04
-.8742401E-04
-.7901754E-04
-.7737323E-04
-.8890923E-04
-.7406514E-04
-.7531961E-04
-.6770805E-04
-.7545964E-04
-.8073570E-04
-.7269280E-04
-.6404611E-04
-.6614725E-04
-.6461031E-04
-.5898231E-04
-.5303233E-04
-.6000653E-04
-.4929452E-04
-.4265614E-04
-.6522605E-04
-.5893944E-04
-.6283126E-04
-.5620361E-04
-.4355046E-04
-.4182111E-04
-.4609160E-04
-.3834487E-04
-.4937867E-04
-.4801473E-04
-.6017742E-04
-.3832634E-04
-.5107869E-04
-.5729095E-04
-.1852353E-04
-.3208750E-04
-.2254379E-04
-.3715224E-04
-.1899542E-04
-.4302638E-04
-.3308651E-04
-.2270299E-04
-.1187767E-04
-.1009817E-04
-.2768558E-04
-.6591541E-04
-.3508764E-04
-.2364528E-04
-.1171323E-04
-.2095089E-04
-.1959906E-04
-.2947906E-04
.6063874E-05
.7864683E-05
.9676087E-05
-.6988143E-06
-.4869458E-04
.2769507E-04
-.8848040E-05
.5603446E-05
-.6166969E-05
-.1836639E-04
.2415430E-04
-.2145617E-05
-.8066310E-06
.5325568E-06
-.1284805E-04
-.4171532E-04
.1979764E-04
-.9548558E-05
.2295675E-04
.4049516E-04
.5846518E-04
.6051701E-04
.2925935E-04
.3083439E-04
.3241565E-04
.3399141E-04
.5319299E-04
.1926638E-04
.5681638E-04
.5862509E-04
.4186351E-04
.2462225E-04
.4501111E-04
.6586458E-04
.2863937E-04
.2997637E-04
.1111682E-03
.5286333E-04
.3399509E-04
-.5940234E-05
-.2588457E-04
-.4168116E-05
.1033241E-03
.4068749E-04
.2030527E-04
-.4455586E-04
.2254542E-04
.4605178E-04
.2479536E-04
.7162568E-04
.2704901E-04
.7473588E-04
.7628978E-04
.7784700E-04
.1272132E-03
.1533200E-03
.5814115E-04
.5948600E-04
.6083778E-04
.1120920E-03
.8867254E-04
.6487002E-04
.1427511E-03
-.9456016E-05
.1716207E-04
.9636850E-04
.9789966E-04
.7296256E-04
.2110610E-04
.1024828E-03
.5010790E-04
.7837086E-04
.7972487E-04
.8107531E-04
.1100969E-03
.1116093E-03
.1131233E-03
.1708268E-03
.5964700E-04
.8920171E-04
.6206058E-04
.9191689E-04
.1798176E-03
.1236489E-03
.6693281E-04
.9735271E-04
.1575450E-03
.1296175E-03
.1607669E-03
.1325800E-03
.4444333E-04
.4557575E-04
.7684703E-04
.1082481E-03
.1399570E-03
.1109711E-03
.8188560E-04
.1443367E-03
.1150636E-03
.8569867E-04
.8697911E-04
.1191486E-03
.8954658E-04
.1530233E-03
.1856819E-03
.1871807E-03
.1886757E-03
.1273330E-03
.1916367E-03
.1300582E-03
.2260565E-03
.1644177E-03
.1025888E-03
.1672316E-03
.1052401E-03
.2652732E-03
.1714281E-03
.1409757E-03
.1105801E-03
.2074657E-03
.1132711E-03
.2102471E-03
.1477861E-03
.2129921E-03
.2143643E-03
.1518708E-03
.1532277E-03
.1865076E-03
.2516091E-03
.1572670E-03
.1905358E-03
.1918649E-03
.1931944E-03
.2264475E-03
.1958434E-03
.2290830E-03
.1984685E-03
.1678489E-03
.1373230E-03
.2023639E-03
.1399146E-03
.1411920E-03
.1743001E-03
.1437593E-03
.2087847E-03
.2419776E-03
.2750691E-03
.2125725E-03
.1500812E-03
.1513288E-03
.1525714E-03
.1856344E-03
.1868752E-03
.2200188E-03
.2531667E-03
.1267700E-03
.1917297E-03
.2567878E-03
.1303897E-03
.2272601E-03
.1327799E-03
.2933850E-03
.1670675E-03
.2319858E-03
.2650833E-03
.2023859E-03
.1397887E-03
.2366172E-03
.2058392E-03
.2708287E-03
.2081172E-03
.2092308E-03
.2103525E-03
.1796399E-03
.3082530E-03
.2455984E-03
.2467003E-03
.2797121E-03
.2488653E-03
.2818685E-03
.2829416E-03
.3158281E-03
.2212124E-03
.2222607E-03
.2233145E-03
.3200250E-03
.1935625E-03
.3540034E-03
.1636723E-03
.2922785E-03
.2294399E-03
.1666833E-03
.2314266E-03
.2005842E-03
.1378121E-03
.2025257E-03
.2991700E-03
.2362680E-03
.2053943E-03
.2381594E-03
.1435219E-03
.2719437E-03
.1453827E-03
.2737908E-03
.3703811E-03
.2118468E-03
.1489944E-03
.2454440E-03
.2145052E-03
.3110450E-03
.2799834E-03
.2808328E-03
.2497579E-03
.1868447E-03
.2833654E-03
.3479350E-03
.2849983E-03
.3814898E-03
.2546943E-03
.1599083E-03
.3519473E-03
.3527257E-03
.2897504E-03
.2905108E-03
.2593422E-03
.2600868E-03
.2927584E-03
.2934881E-03
.3579627E-03
.1992508E-03
.2956384E-03
.2644103E-03
.2970285E-03
.3296357E-03
.2027138E-03
.2671183E-03
.2359608E-03
.2366111E-03
.2053303E-03
.2697093E-03
.2385119E-03
.2072061E-03
.2397464E-03
.2084156E-03
.2727621E-03
.2733336E-03
.2420872E-03
.2426542E-03
.2750419E-03
.3712618E-03
.3080560E-03
.3405076E-03
.2771807E-03
.4052988E-03
.3101319E-03
.3425548E-03
.4067985E-03
.2478483E-03
.3120751E-03
.3125363E-03
.2492364E-03
.1221803E-03
.1544414E-03
.1230391E-03
.4103872E-03
.6020438E-03
.7617689E-03
.4434108E-03
.2936415E-04
-.2252776E-03
-.4161673E-03
-.4476416E-03
.3077143E-04
.6049592E-03
.1051546E-02
.1147437E-02
.9884259E-03
.3193018E-03
-.3816694E-03
-.5089035E-03
-.5086205E-03
-.8271257E-03
-.1256254E-03
.8946114E-03
.1436774E-02
.1436999E-02
.1182224E-02
.9858079E-04
-.1176229E-02
-.1399137E-02
-.4427214E-03
.5456094E-03
.1533842E-02
.2394677E-02
.2203586E-02
-.9137383E-04
-.2354352E-02
-.2959941E-02
-.3087378E-02
-.2035394E-02
.6103764E-03
.3447257E-02
.4690519E-02
.5391826E-02
.3224392E-02
-.7281825E-03
-.1971264E-02
-.1493194E-02
-.1525023E-02
-.1863043E-03
.1885606E-02
.1758082E-02
.9930445E-03
.9929995E-03
-.6646589E-03
-.2991576E-02
-.2545417E-02
-.8242795E-03
.8013185E-03
.2108024E-02
.3542337E-02
.4562227E-02
.3000195E-02
-.1239373E-02
-.3598317E-02
-.3630345E-02
-.2068722E-02
-.4114294E-03
.5765475E-03
.2935073E-02
.4974898E-02
.3763437E-02
.4081924E-02
.4974206E-02
.1053394E-02
-.4939492E-02
-.5449816E-02
-.4557615E-02
-.6438533E-02
-.2486407E-02
.5035793E-02
.8414249E-02
.7680907E-02
.2803665E-02
-.1308649E-02
-.3827113E-02
-.4528802E-02
-.5767617E-03
.6754107E-02
.1048317E-01
.7773398E-02
.2258667E-02
-.2459395E-02
-.5424219E-02
-.3416657E-02
-.3958963E-02
-.4182655E-02
.6937159E-03
.6908926E-02
.9362781E-02
.9202983E-02
.7608763E-02
.2061981E-02
-.2655464E-03
.1710131E-02
.6895854E-03
-.5399175E-02
-.9416050E-02
-.1209419E-01
-.1311489E-01
-.6039335E-02
.4351346E-02
.1053452E-01
.1346638E-01
.1601581E-01
.1327398E-01
.5878319E-02
.2356917E-03
-.1677546E-02
-.5917702E-02
-.6460290E-02
-.3815460E-02
-.4103020E-02
-.5283202E-02
-.9077040E-02
-.1105414E-01
-.8090680E-02
-.1174624E-02
.6379018E-02
.1364570E-01
.1858557E-01
.2100734E-01
.1762786E-01
.8510868E-02
-.8612743E-03
-.9850925E-02
-.2053002E-01
-.2594983E-01
-.1868337E-01
-.6858718E-02
.4519809E-02
.1784261E-01
.2867941E-01
.2845550E-01
.1544963E-01
-.1158181E-02
-.1266608E-01
-.1977535E-01
-.2073271E-01
-.1735511E-01
-.9387457E-02
.9071874E-03
.4348773E-02
-.7522340E-03
-.5853329E-02
.2016889E-03
.1572383E-01
.2550844E-01
.2815329E-01
.2260620E-01
.4085783E-02
-.1867405E-01
-.3321041E-01
-.4175427E-01
-.4264815E-01
-.2881594E-01
-.3476493E-02
.1733687E-01
.3043645E-01
.3859534E-01
.3336676E-01
.2224122E-01
.1219941E-01
.7870257E-03
-.1282496E-01
-.1983875E-01
-.1773627E-01
-.1649451E-01
-.1024834E-01
.5719760E-02
.1470733E-01
.9669824E-02
.8170476E-02
.1441667E-01
.1145094E-01
.2588348E-02
.9376397E-02
.2314510E-01
.1896818E-01
.5750808E-03
-.9722067E-02
-.1577973E-01
-.2435560E-01
-.1686654E-01
.8122015E-02
.3110254E-01
.4273564E-01
.4059884E-01
.2896321E-01
.6298808E-02
-.2372915E-01
-.3781942E-01
-.3759790E-01
-.2921643E-01
-.1624475E-01
-.1392617E-02
.1932474E-01
.3127652E-01
.2831068E-01
.1619678E-01
.4624682E-02
-.3791953E-02
-.1220856E-01
-.1042526E-01
.3375079E-02
.1896049E-01
.2093526E-01
.1510056E-01
.1124218E-01
.9232432E-02
.7222783E-02
-.5882362E-03
-.2948693E-02
.9289614E-02
.1728878E-01
.9796581E-02
-.9150432E-03
-.6558697E-02
-.6687900E-02
-.3465805E-03
.1922313E-01
.4290473E-01
.5348555E-01
.5131658E-01
.3317810E-01
-.5965956E-02
-.3076667E-01
-.2158857E-01
-.1062867E-02
.1968607E-01
.4056249E-01
.4910348E-01
.3587386E-01
.1869161E-01
-.6264139E-03
-.2427944E-01
-.2705472E-01
-.5317842E-02
.8641863E-02
.1045696E-01
.1823275E-01
.1475689E-01
-.1495246E-01
-.3659748E-01
-.2754708E-01
-.1374711E-01
-.4313927E-02
.1034685E-01
.1876019E-01
.1569846E-01
.1904345E-01
.2506623E-01
.1709582E-01
-.1202232E-02
-.2345292E-01
-.4210159E-01
-.5294118E-01
-.5294318E-01
-.4504017E-01
-.3273846E-01
-.1377482E-01
.7643362E-02
.2947594E-01
.4012051E-01
.3454078E-01
.2284089E-01
.9260263E-02
.6203562E-03
-.6298534E-02
-.1704234E-01
-.2182556E-01
-.2960492E-01
-.4363201E-01
-.4334727E-01
-.2310877E-01
.1082445E-02
.1115321E-01
.1555007E-01
.2718262E-01
.3052776E-01
.1729791E-01
.6076024E-02
.5915372E-03
-.8972919E-02
-.1971693E-01
-.1994220E-01
-.9170300E-02
-.6781587E-02
-.1013046E-01
-.2036269E-02
.1345317E-01
.2186630E-01
.1462880E-01
.9526840E-02
.1280806E-01
.7961249E-02
-.1151635E-01
-.3367156E-01
-.3902869E-01
-.3753265E-01
-.2994858E-01
-.5215728E-02
.1910316E-01
.2404180E-01
.2279683E-01
.4074034E-01
.5874801E-01
.4730310E-01
.3455121E-01
.3971306E-01
.2900125E-01
-.1291627E-01
-.2860115E-01
-.1065755E-01
-.1888316E-01
-.3421733E-01
-.1350084E-01
.2015725E-01
.3510476E-01
.4115909E-01
.4813796E-01
.4663800E-01
.3085804E-01
.1699046E-01
.6629150E-02
-.1275290E-01
-.2285941E-01
-.1227905E-01
.8514738E-03
.4419576E-02
-.9373810E-03
-.1545198E-02
.1885294E-01
.4298051E-01
.3332069E-01
-.8511724E-03
-.2154022E-01
-.2154233E-01
-.1354379E-01
-.1160128E-01
-.2052833E-01
-.2381366E-01
-.1549630E-01
.1840326E-03
.1914783E-01
.3422262E-01
.5232578E-01
.8292381E-01
.1118335E+00
.1131710E+00
.7813805E-01
.3061098E-01
-.4376631E-03
-.2303867E-01
-.4841344E-01
-.5909353E-01
-.5957393E-01
-.7015825E-01
-.8699034E-01
-.9247506E-01
-.6911319E-01
-.1636218E-01
.3689933E-01
.6166473E-01
.5936842E-01
.3507833E-01
-.4863153E-02
-.3473164E-01
-.5341260E-01
-.7515309E-01
-.9813725E-01
-.9909567E-01
-.7225929E-01
-.4915157E-01
-.4465899E-01
-.4348128E-01
-.3911640E-01
-.3895857E-01
-.4492112E-01
-.5588770E-01
-.6911810E-01
-.6752615E-01
-.6638013E-01
-.9108478E-01
-.1250975E+00
-.1449255E+00
-.1574544E+00
-.1715768E+00
-.1847438E+00
-.1866903E+00
-.1782769E+00
-.1697047E+00
-.1564469E+00
-.1291641E+00
-.1008287E+00
-.7475695E-01
-.4839801E-01
-.3749827E-01
-.4451208E-01
-.5276932E-01
-.5860415E-01
-.6781767E-01
-.7534185E-01
-.8200546E-01
-.9520365E-01
-.1084335E+00
-.1114315E+00
-.1106683E+00
-.1164076E+00
-.1218284E+00
-.1202365E+00
-.1163815E+00
-.1160016E+00
-.1199240E+00
-.1288177E+00
-.1383822E+00
-.1436429E+00
-.1449838E+00
-.1396938E+00
-.1309939E+00
-.1286369E+00
-.1308701E+00
-.1305525E+00
-.1275904E+00
-.1179975E+00
-.9524112E-01
-.6081737E-01
-.1979648E-01
.2148074E-01
.5689187E-01
.8188079E-01
.9424642E-01
.9558422E-01
.1004909E+00
.1218141E+00
.1466110E+00
.1600934E+00
.1703554E+00
.1884270E+00
.2090485E+00
.2190885E+00
.2146563E+00
.2047421E+00
.1999273E+00
.2035607E+00
.2154485E+00
.2310332E+00
.2434312E+00
.2536618E+00
.2642112E+00
.2745372E+00
.2848636E+00
.2897717E+00
.2854358E+00
.2748832E+00
.2564907E+00
.2318819E+00
.2078792E+00
.1854057E+00
.1602238E+00
.1308340E+00
.9854358E-01
.6443527E-01
.3227249E-01
.6674914E-02
-.8466905E-02
-.1098684E-01
-.5441690E-02
.3672964E-02
.1065280E-01
.3734531E-02
-.2358303E-01
-.6052781E-01
-.8819643E-01
-.9839829E-01
-.1002800E+00
-.1076773E+00
-.1204921E+00
-.1315856E+00
-.1364955E+00
-.1308551E+00
-.1175006E+00
-.1100749E+00
-.1147615E+00
-.1214887E+00
-.1188123E+00
-.1081991E+00
-.1016338E+00
-.1057150E+00
-.1149279E+00
-.1229297E+00
-.1262140E+00
-.1242393E+00
-.1267266E+00
-.1389991E+00
-.1501884E+00
-.1528672E+00
-.1521353E+00
-.1525825E+00
-.1530299E+00
-.1503219E+00
-.1454143E+00
-.1434388E+00
-.1431213E+00
-.1385961E+00
-.1311706E+00
-.1241589E+00
-.1196656E+00
-.1193165E+00
-.1189351E+00
-.1144410E+00
-.1063142E+00
-.9946171E-01
-.9519160E-01
-.9321593E-01
-.9404580E-01
-.9439741E-01
-.9261359E-01
-.9111586E-01
-.9347581E-01
-.9800282E-01
-.9934285E-01
-.9478548E-01
-.8531988E-01
-.7566264E-01
-.6702576E-01
-.5609302E-01
-.4273865E-01
-.2944727E-01
-.1749536E-01
-.5765741E-02
.6983025E-02
.1833024E-01
.2642535E-01
.3426621E-01
.4408252E-01
.5358104E-01
.6320614E-01
.7299161E-01
.8201107E-01
.9230715E-01
.1048329E+00
.1186338E+00
.1342195E+00
.1518143E+00
.1675915E+00
.1820941E+00
.1973294E+00
.2121515E+00
.2254106E+00
.2377454E+00
.2499847E+00
.2602804E+00
.2675790E+00
.2724237E+00
.2745906E+00
.2771731E+00
.2793401E+00
.2795620E+00
.2790515E+00
.2784137E+00
.2777121E+00
.2766597E+00
.2749381E+00
.2705076E+00
.2622837E+00
.2486403E+00
.2276985E+00
.2012737E+00
.1742754E+00
.1486153E+00
.1268444E+00
.1124045E+00
.1061566E+00
.1062829E+00
.1097250E+00
.1119556E+00
.1071742E+00
.9471044E-01
.7992020E-01
.7070766E-01
.6739234E-01
.6723216E-01
.6793316E-01
.6646637E-01
.6260919E-01
.5913423E-01
.5677522E-01
.5616912E-01
.5460706E-01
.5087686E-01
.4848599E-01
.4934598E-01
.5234193E-01
.5814256E-01
.6544176E-01
.7165703E-01
.7745809E-01
.8281255E-01
.8450194E-01
.8144163E-01
.7720216E-01
.7318544E-01
.6728859E-01
.6228396E-01
.5877766E-01
.5310303E-01
.4548495E-01
.3821685E-01
.3251118E-01
.2543432E-01
.1625430E-01
.9145631E-02
.8539855E-02
.1108929E-01
.9017569E-02
-.6410600E-03
-.1485726E-01
-.2850036E-01
-.3921039E-01
-.4813619E-01
-.5600946E-01
-.6184296E-01
-.6608246E-01
-.7430678E-01
-.8610063E-01
-.9617368E-01
-.1030589E+00
-.1067572E+00
-.1054506E+00
-.9939475E-01
-.9270130E-01
-.8594438E-01
-.7577659E-01
-.6283567E-01
-.5384700E-01
-.5336928E-01
-.5783188E-01
-.6143388E-01
-.6535452E-01
-.7641552E-01
-.9410626E-01
-.1081954E+00
-.1133596E+00
-.1127548E+00
-.1065716E+00
-.9429987E-01
-.7976531E-01
-.6526254E-01
-.4993099E-01
-.3555554E-01
-.2634380E-01
-.2082968E-01
-.1668609E-01
-.1840741E-01
-.2519696E-01
-.2720550E-01
-.2076712E-01
-.1152361E-01
-.3108861E-02
.4413553E-02
.1139399E-01
.1646199E-01
.1697198E-01
.1346557E-01
.6739874E-02
-.4002354E-02
-.1694372E-01
-.2746323E-01
-.3562354E-01
-.4263611E-01
-.4690764E-01
-.4649355E-01
-.4011883E-01
-.3154476E-01
-.2615809E-01
-.2207840E-01
-.1994302E-01
-.2395950E-01
-.3460591E-01
-.4691004E-01
-.5739711E-01
-.6536624E-01
-.6938280E-01
-.6865035E-01
-.6801320E-01
-.6721641E-01
-.6020432E-01
-.4713591E-01
-.3543818E-01
-.2976466E-01
-.2683248E-01
-.2278465E-01
-.1937437E-01
-.1975711E-01
-.2418795E-01
-.3145582E-01
-.3814989E-01
-.4168848E-01
-.4471689E-01
-.4905251E-01
-.5045544E-01
-.4816061E-01
-.4828850E-01
-.5103015E-01
-.5061628E-01
-.4640913E-01
-.4130959E-01
-.3646503E-01
-.3327798E-01
-.3229009E-01
-.2999557E-01
-.2623472E-01
-.2381266E-01
-.2394053E-01
-.2416418E-01
-.2406899E-01
-.2432450E-01
-.2285861E-01
-.2040478E-01
-.2046895E-01
-.2199947E-01
-.2046992E-01
-.1632671E-01
-.1415967E-01
-.1467020E-01
-.1428816E-01
-.1199370E-01
-.1148418E-01
-.1342902E-01
-.1664896E-01
-.1856207E-01
-.1665021E-01
-.1285766E-01
-.9766269E-02
-.6419983E-02
-.6511769E-03
.5882635E-02
.1005781E-01
.1181028E-01
.1238354E-01
.9832951E-02
.2819869E-02
-.4225185E-02
-.1012266E-01
-.1755027E-01
-.1914473E-01
-.1018858E-01
-.3144870E-02
-.6301141E-02
-.7321831E-02
.1379289E-02
.1215240E-01
.2231973E-01
.3095729E-01
.3264596E-01
.3280481E-01
.3659723E-01
.3194282E-01
.1361417E-01
-.5001759E-02
-.1870880E-01
-.3037597E-01
-.3391500E-01
-.2763671E-01
-.2298384E-01
-.2021142E-01
-.1154239E-01
-.5781831E-03
.7166578E-02
.1523011E-01
.2313421E-01
.2858417E-01
.3556387E-01
.3919678E-01
.3553039E-01
.3231012E-01
.3128926E-01
.2577405E-01
.1758125E-01
.1346847E-01
.1037563E-01
.2087099E-02
-.6392623E-02
-.9740669E-02
-.1088921E-01
-.8786569E-02
-.1806952E-02
.3961449E-02
.6000448E-02
.9378118E-02
.1406271E-01
.1367921E-01
.7239496E-02
.7996059E-03
-.5767652E-02
-.1533146E-01
-.2362016E-01
-.2460945E-01
-.1928748E-01
-.1198934E-01
-.7878576E-02
-.7943484E-02
-.9347157E-02
-.9858397E-02
-.1075210E-01
-.1100833E-01
-.7949589E-02
-.3074023E-02
-.1108297E-03
.3681084E-02
.9704212E-02
.1002180E-01
-.2984334E-02
-.2386386E-01
-.3986639E-01
-.4933472E-01
-.5634860E-01
-.6068505E-01
-.6068653E-01
-.5520565E-01
-.4452909E-01
-.3350164E-01
-.2703242E-01
-.2292202E-01
-.1549663E-01
-.5616767E-02
.2637448E-02
.8341669E-02
.1458770E-01
.2182191E-01
.2644229E-01
.3080777E-01
.3979508E-01
.4996170E-01
.4913174E-01
.3344788E-01
.1444907E-01
-.4932564E-02
-.3263330E-01
-.6078074E-01
-.8156482E-01
-.9836488E-01
-.1079610E+00
-.1106089E+00
-.1129376E+00
-.1066916E+00
-.8836552E-01
-.7032598E-01
-.5579279E-01
-.4578560E-01
-.4081493E-01
-.3141353E-01
-.1547785E-01
-.4068141E-02
-.3404333E-03
.2813503E-02
.3863750E-02
-.1588606E-02
-.9686604E-02
-.1603168E-01
-.2173912E-01
-.2680905E-01
-.2987092E-01
-.3127530E-01
-.3165970E-01
-.3150213E-01
-.3061153E-01
-.2927472E-01
-.2854356E-01
-.2895972E-01
-.3081038E-01
-.3591231E-01
-.4273552E-01
-.4885750E-01
-.5395953E-01
-.5762743E-01
-.5858581E-01
-.5626072E-01
-.5297977E-01
-.5087805E-01
-.4896771E-01
-.4543152E-01
-.4052494E-01
-.3565019E-01
-.3185917E-01
-.2886488E-01
-.2548832E-01
-.2160161E-01
-.1889446E-01
-.1714332E-01
-.1494617E-01
-.1456577E-01
-.1558795E-01
-.1753430E-01
-.2021396E-01
-.2617675E-01
-.3510399E-01
-.3791121E-01
-.3638347E-01
-.4113504E-01
-.4706615E-01
-.4608025E-01
-.4330943E-01
-.4292919E-01
-.4207100E-01
-.3996945E-01
-.3885614E-01
-.3959168E-01
-.4128341E-01
-.4271996E-01
-.4409296E-01
-.4645400E-01
-.4859218E-01
-.4986943E-01
-.5312318E-01
-.5691876E-01
-.5488143E-01
-.4818992E-01
-.4041508E-01
-.3248057E-01
-.2645875E-01
-.2190294E-01
-.1588117E-01
-.8424721E-02
-.7773265E-03
.6456142E-02
.1286033E-01
.1799001E-01
.2114294E-01
.2378631E-01
.2850114E-01
.3375822E-01
.3675183E-01
.3776943E-01
.3900994E-01
.4050569E-01
.4021622E-01
.3791879E-01
.3667291E-01
.3772252E-01
.4023786E-01
.4418777E-01
.5036875E-01
.5750635E-01
.6333679E-01
.6801987E-01
.7308531E-01
.7722678E-01
.7996531E-01
.8394699E-01
.8869370E-01
.9261189E-01
.9576489E-01
.9914112E-01
.1003178E+00
.9744698E-01
.9186624E-01
.8574321E-01
.8032175E-01
.7697215E-01
.7591759E-01
.7696662E-01
.8142635E-01
.8881882E-01
.9665738E-01
.1022965E+00
.1046844E+00
.1063075E+00
.1086955E+00
.1089796E+00
.1050564E+00
.9928470E-01
.9268393E-01
.8468027E-01
.7613514E-01
.6800415E-01
.6019218E-01
.5387800E-01
.4906215E-01
.4507503E-01
.4131106E-01
.3840739E-01
.3850034E-01
.4076059E-01
.4101292E-01
.3801381E-01
.3415428E-01
.3214338E-01
.3147132E-01
.3044822E-01
.2891552E-01
.2626692E-01
.2294921E-01
.1956749E-01
.1873600E-01
.1988061E-01
.2016481E-01
.1856810E-01
.1620664E-01
.1559802E-01
.1798598E-01
.1919433E-01
.1504796E-01
.6916875E-02
-.1724001E-02
-.9026325E-02
-.1467095E-01
-.1980579E-01
-.2423919E-01
-.2931023E-01
-.3613418E-01
-.4474353E-01
-.5284256E-01
-.5969867E-01
-.6502456E-01
-.6990459E-01
-.7459304E-01
-.7685927E-01
-.7584219E-01
-.7364608E-01
-.7253342E-01
-.7062351E-01
-.6845892E-01
-.6791991E-01
-.6664787E-01
-.6355886E-01
-.5964115E-01
-.5553231E-01
-.5094525E-01
-.4721853E-01
-.4451214E-01
-.4285749E-01
-.4215918E-01
-.4101449E-01
-.3894551E-01
-.3716344E-01
-.3659263E-01
-.3761532E-01
-.3854272E-01
-.3816306E-01
-.3634917E-01
-.3271822E-01
-.2707942E-01
-.2003783E-01
-.1296457E-01
-.6464780E-02
.9848681E-04
.7490784E-02
.1542477E-01
.2307212E-01
.2851986E-01
.3081243E-01
.3068209E-01
.2959540E-01
.2962448E-01
.3038673E-01
.3076639E-01
.3117791E-01
.3190828E-01
.3187367E-01
.3101029E-01
.3005120E-01
.2921968E-01
.2740002E-01
.2392294E-01
.1936197E-01
.1518363E-01
.1186587E-01
.9854880E-02
.9342040E-02
.1000867E-01
.1124896E-01
.1204310E-01
.1286910E-01
.1442815E-01
.1665671E-01
.1792900E-01
.1665126E-01
.1269610E-01
.7465871E-02
.3128144E-02
-.1576812E-03
-.5260496E-02
-.1151082E-01
-.1447798E-01
-.1304636E-01
-.9670436E-02
-.4828134E-02
.1066000E-02
.6450275E-02
.1100558E-01
.1575242E-01
.2088150E-01
.2594705E-01
.2992866E-01
.3279486E-01
.3617090E-01
.4040774E-01
.4544131E-01
.5073020E-01
.5630564E-01
.6232736E-01
.6777537E-01
.7083292E-01
.7239233E-01
.7439787E-01
.7541542E-01
.7203439E-01
.6380824E-01
.5312749E-01
.4231935E-01
.3386991E-01
.3122163E-01
.3421524E-01
.4036463E-01
.4664172E-01
.5071932E-01
.5278847E-01
.5393362E-01
.5224172E-01
.4506764E-01
.3454630E-01
.2443953E-01
.1806195E-01
.1659328E-01
.1738761E-01
.1869208E-01
.2197275E-01
.2509425E-01
.2410364E-01
.1986211E-01
.1409028E-01
.6214991E-02
-.3732615E-02
-.1383918E-01
-.2289423E-01
-.3048280E-01
-.3446976E-01
-.3316520E-01
-.2883274E-01
-.2510570E-01
-.2294053E-01
-.2134903E-01
-.1886517E-01
-.1590294E-01
-.1402468E-01
-.1345309E-01
-.1364667E-01
-.1463687E-01
-.1753976E-01
-.2254616E-01
-.2866844E-01
-.3565119E-01
-.4304846E-01
-.5063681E-01
-.5771549E-01
-.6351891E-01
-.6814292E-01
-.7136453E-01
-.7327938E-01
-.7360032E-01
-.7280558E-01
-.7223398E-01
-.7268264E-01
-.7351356E-01
-.7383424E-01
-.7288017E-01
-.7065107E-01
-.6803946E-01
-.6612897E-01
-.6568485E-01
-.6530454E-01
-.6387237E-01
-.6081430E-01
-.5680021E-01
-.5186159E-01
-.4567996E-01
-.3943439E-01
-.3395393E-01
-.3006725E-01
-.2799744E-01
-.2710649E-01
-.2602478E-01
-.2325338E-01
-.1930292E-01
-.1465090E-01
-.1012667E-01
-.5761600E-02
.3773557E-04
.8514767E-02
.1817084E-01
.2785920E-01
.3662296E-01
.4462188E-01
.5236568E-01
.5829304E-01
.6039504E-01
.5895878E-01
.5669396E-01
.5487542E-01
.5222813E-01
.4798700E-01
.4533971E-01
.4584814E-01
.4629273E-01
.4323101E-01
.3943620E-01
.3838276E-01
.3745675E-01
.3257831E-01
.2569171E-01
.2250263E-01
.2371224E-01
.2616484E-01
.2833075E-01
.3126168E-01
.3600952E-01
.4251044E-01
.4846953E-01
.5175134E-01
.5155868E-01
.4958084E-01
.4600947E-01
.4074860E-01
.3395790E-01
.2809135E-01
.2569928E-01
.2550660E-01
.2556901E-01
.2508938E-01
.2489680E-01
.2572412E-01
.2585037E-01
.2262953E-01
.1711399E-01
.1300067E-01
.9971383E-02
.5603025E-02
.5562309E-04
-.5970220E-02
-.1298386E-01
-.2120904E-01
-.2975267E-01
-.3836057E-01
-.4731860E-01
-.5662727E-01
-.6539412E-01
-.7349176E-01
-.8028230E-01
-.8525608E-01
-.8917798E-01
-.9217572E-01
-.9322882E-01
-.9185935E-01
-.8768499E-01
-.8188500E-01
-.7532006E-01
-.6706558E-01
-.5626122E-01
-.4293865E-01
-.2952052E-01
-.1791886E-01
-.1001500E-01
-.4246481E-02
.8205876E-03
.5664668E-02
.8978619E-02
.1127275E-01
.1327979E-01
.1500012E-01
.1630605E-01
.1710200E-01
.1719673E-01
.1627142E-01
.1502741E-01
.1464408E-01
.1515317E-01
.1473780E-01
.1263320E-01
.9668003E-02
.6766488E-02
.3801293E-02
.7105585E-04
-.4137324E-02
-.7867573E-02
-.1118344E-01
-.1478607E-01
-.1848444E-01
-.2062095E-01
-.2097237E-01
-.2039945E-01
-.1928475E-01
-.1762805E-01
-.1593932E-01
-.1472882E-01
-.1406023E-01
-.1396530E-01
-.1393417E-01
-.1358422E-01
-.1361685E-01
-.1549812E-01
-.1773003E-01
-.1865517E-01
-.1776338E-01
-.1680781E-01
-.1684028E-01
-.1731911E-01
-.1731984E-01
-.1655550E-01
-.1572724E-01
-.1623785E-01
-.1741775E-01
-.1811962E-01
-.1898083E-01
-.1977825E-01
-.1971509E-01
-.1949261E-01
-.1971616E-01
-.1984425E-01
-.1958976E-01
-.1946284E-01
-.1847525E-01
-.1726454E-01
-.1755186E-01
-.1860434E-01
-.1895530E-01
-.1828652E-01
-.1698004E-01
-.1541875E-01
-.1347472E-01
-.1165839E-01
-.1041561E-01
-.9746781E-02
-.9045882E-02
-.7962604E-02
-.6879195E-02
-.6273986E-02
-.5860002E-02
-.4936029E-02
-.3087606E-02
-.9523697E-03
.1501660E-02
.3318166E-02
.4847902E-02
.7142493E-02
.9405297E-02
.1096685E-01
.1173164E-01
.1128504E-01
.1036035E-01
.9371930E-02
.8861696E-02
.9498840E-02
.1102860E-01
.1306826E-01
.1504437E-01
.1727530E-01
.1953811E-01
.2167350E-01
.2349019E-01
.2501993E-01
.2537043E-01
.2482828E-01
.2409510E-01
.2297919E-01
.2173591E-01
.2065193E-01
.2007804E-01
.2004588E-01
.2157571E-01
.2444423E-01
.2753620E-01
.3040476E-01
.3228506E-01
.3340057E-01
.3368729E-01
.3400589E-01
.3512143E-01
.3582256E-01
.3518504E-01
.3339995E-01
.3158283E-01
.3011648E-01
.2906457E-01
.2845880E-01
.2884117E-01
.2963800E-01
.3002053E-01
.2931922E-01
.2798028E-01
.2680081E-01
.2603573E-01
.2539819E-01
.2469685E-01
.2358126E-01
.2205124E-01
.2007498E-01
.1752485E-01
.1522983E-01
.1344477E-01
.1197849E-01
.1092648E-01
.9970227E-02
.8790885E-02
.6782700E-02
.4232595E-02
.2033260E-02
.7900133E-03
-.5168219E-03
-.2046973E-02
-.4055052E-02
-.5680796E-02
-.7019574E-02
-.7752685E-02
-.7975895E-02
-.8135261E-02
-.7975974E-02
-.7211007E-02
-.5457857E-02
-.3067290E-02
-.1601042E-02
-.1314090E-02
-.1760334E-02
-.1919738E-02
-.2812219E-02
-.5266516E-02
-.8454018E-02
-.1116348E-01
-.1243855E-01
-.1269355E-01
-.1154613E-01
-.9123636E-02
-.6063704E-02
-.3099230E-02
.2446922E-04
.3690257E-02
.7865810E-02
.1140402E-01
.1395399E-01
.1621716E-01
.1777908E-01
.1832096E-01
.1851219E-01
.1914980E-01
.1908603E-01
.1873547E-01
.1876727E-01
.1911801E-01
.2007422E-01
.2243300E-01
.2638545E-01
.3049745E-01
.3393993E-01
.3671307E-01
.3954986E-01
.4232314E-01
.4493688E-01
.4719999E-01
.4892125E-01
.5061084E-01
.5226837E-01
.5328831E-01
.5354335E-01
.5332026E-01
.5344779E-01
.5398974E-01
.5485031E-01
.5612561E-01
.5746438E-01
.5864354E-01
.6030108E-01
.6272358E-01
.6536922E-01
.6731357E-01
.6772796E-01
.6696309E-01
.6578387E-01
.6482743E-01
.6304254E-01
.6052434E-01
.5829319E-01
.5663558E-01
.5577511E-01
.5389454E-01
.5102590E-01
.4847560E-01
.4665888E-01
.4417254E-01
.4057074E-01
.3693679E-01
.3508814E-01
.3419555E-01
.3244258E-01
.2995610E-01
.2702373E-01
.2418664E-01
.2166868E-01
.1911848E-01
.1599487E-01
.1172348E-01
.5858582E-02
-.7079732E-03
-.6126717E-02
-.1125882E-01
-.1750621E-01
-.2480590E-01
-.3226456E-01
-.3911801E-01
-.4648113E-01
-.5480068E-01
-.6334317E-01
-.7096178E-01
-.7615742E-01
-.7870775E-01
-.7975979E-01
-.8122663E-01
-.8329857E-01
-.8537054E-01
-.8718748E-01
-.8849477E-01
-.8903680E-01
-.8875020E-01
-.8773038E-01
-.8604143E-01
-.8425666E-01
-.8256743E-01
-.8126075E-01
-.8017735E-01
-.7915760E-01
-.7836105E-01
-.7721384E-01
-.7507877E-01
-.7208284E-01
-.6889525E-01
-.6574000E-01
-.6223400E-01
-.5875992E-01
-.5592325E-01
-.5308669E-01
-.4980394E-01
-.4671237E-01
-.4429001E-01
-.4212292E-01
-.3852137E-01
-.3511107E-01
-.3444199E-01
-.3224303E-01
-.2590033E-01
-.1923883E-01
-.1388401E-01
-.8019442E-02
-.1485254E-02
.3996855E-02
.8745948E-02
.1292125E-01
.1614038E-01
.1792505E-01
.1786099E-01
.1731882E-01
.1664911E-01
.1438568E-01
.1119783E-01
.8870502E-02
.7148898E-02
.5395394E-02
.4438647E-02
.4629457E-02
.5489588E-02
.5361663E-02
.4978696E-02
.4818934E-02
.4722788E-02
.3893616E-02
.2044373E-02
-.1079800E-02
-.4905316E-02
-.9655216E-02
-.1389510E-01
-.1682811E-01
-.1810374E-01
-.1976177E-01
-.2256730E-01
-.2483104E-01
-.2604289E-01
-.2747782E-01
-.2862593E-01
-.2782974E-01
-.2422852E-01
-.1970287E-01
-.1670716E-01
-.1610218E-01
-.1597531E-01
-.1447775E-01
-.1345836E-01
-.1377772E-01
-.1502158E-01
-.1636097E-01
-.1760464E-01
-.1827474E-01
-.1795665E-01
-.1878604E-01
-.2299421E-01
-.2866865E-01
-.3182506E-01
-.3083776E-01
-.2832025E-01
-.2816165E-01
-.3013866E-01
-.3112752E-01
-.3049079E-01
-.2985407E-01
-.2988687E-01
-.2960077E-01
-.2784839E-01
-.2507606E-01
-.2278183E-01
-.2166709E-01
-.2109410E-01
-.1985178E-01
-.1813138E-01
-.1647473E-01
-.1561492E-01
-.1510578E-01
-.1459663E-01
-.1418306E-01
-.1447083E-01
-.1526853E-01
-.1606641E-01
-.1644983E-01
-.1686494E-01
-.1810904E-01
-.1970368E-01
-.2097964E-01
-.2120361E-01
-.2149150E-01
-.2260805E-01
-.2340598E-01
-.2283313E-01
-.2136792E-01
-.2012569E-01
-.1958491E-01
-.1837462E-01
-.1592124E-01
-.1318099E-01
-.1190701E-01
-.1184418E-01
-.1187716E-01
-.1168688E-01
-.1191102E-01
-.1337825E-01
-.1554684E-01
-.1726917E-01
-.1781224E-01
-.1727133E-01
-.1641192E-01
-.1507425E-01
-.1319475E-01
-.1039082E-01
-.7300160E-02
-.4432450E-02
-.2712336E-02
-.1916453E-02
-.2204518E-02
-.3735596E-02
-.5713024E-02
-.6925381E-02
-.7627833E-02
-.8617048E-02
-.1056268E-01
-.1187067E-01
-.1168070E-01
-.1066188E-01
-.9993839E-02
-.7445040E-02
-.3461891E-02
-.1231771E-02
-.1137358E-02
-.4372862E-03
.6770071E-03
.1568336E-02
.1407742E-02
.4183729E-03
-.8579383E-03
-.1624168E-02
-.2422425E-02
-.3188678E-02
-.3094371E-02
-.2235059E-02
-.1248254E-02
-.2932551E-03
.7891122E-03
.2891661E-02
.4930297E-02
.5725887E-02
.6585080E-02
.7476284E-02
.7825565E-02
.7696745E-02
.6834671E-02
.5590279E-02
.5015108E-02
.5077503E-02
.5107892E-02
.5425298E-02
.5838279E-02
.6569985E-02
.7301707E-02
.7810375E-02
.8286985E-02
.8540569E-02
.9399772E-02
.1041839E-01
.1044875E-01
.9395508E-02
.8565262E-02
.8531940E-02
.8881110E-02
.9453406E-02
.1072688E-01
.1190480E-01
.1270021E-01
.1298560E-01
.1288850E-01
.1291893E-01
.1307682E-01
.1342586E-01
.1418931E-01
.1527159E-01
.1619446E-01
.1698979E-01
.1768947E-01
.1829370E-01
.1892963E-01
.1956559E-01
.2032901E-01
.2109252E-01
.2207902E-01
.2312942E-01
.2446658E-01
.2558074E-01
.2675858E-01
.2764946E-01
.2803038E-01
.2809261E-01
.2738978E-01
.2595379E-01
.2426288E-01
.2196638E-01
.2037100E-01
.1960438E-01
.1957083E-01
.1988802E-01
.2004582E-01
.2052232E-01
.2134944E-01
.2227242E-01
.2281262E-01
.2300213E-01
.2328741E-01
.2392331E-01
.2475041E-01
.2599185E-01
.2691463E-01
.2742308E-01
.2761270E-01
.2745158E-01
.2716313E-01
.2697027E-01
.2709613E-01
.2750880E-01
.2804908E-01
.2839813E-01
.2807773E-01
.2762974E-01
.2718184E-01
.2698896E-01
.2679608E-01
.2653939E-01
.2590025E-01
.2468740E-01
.2350643E-01
.2280346E-01
.2238739E-01
.2165266E-01
.2066284E-01
.1986434E-01
.1919325E-01
.1855417E-01
.1813817E-01
.1816823E-01
.1893154E-01
.1991804E-01
.2080887E-01
.2150844E-01
.2195302E-01
.2188765E-01
.2182223E-01
.2194801E-01
.2274316E-01
.2385718E-01
.2500303E-01
.2509693E-01
.2442595E-01
.2385062E-01
.2372145E-01
.2384720E-01
.2362236E-01
.2346137E-01
.2298155E-01
.2224678E-01
.2227693E-01
.2335907E-01
.2475991E-01
.2587387E-01
.2689223E-01
.2768744E-01
.2752648E-01
.2707860E-01
.2701321E-01
.2733048E-01
.2767944E-01
.2783699E-01
.2812219E-01
.2802493E-01
.2716264E-01
.2636410E-01
.2601180E-01
.2652018E-01
.2734731E-01
.2846125E-01
.2960715E-01
.3049802E-01
.3135701E-01
.3192909E-01
.3231002E-01
.3307348E-01
.3313568E-01
.3214583E-01
.3096487E-01
.2930573E-01
.2755113E-01
.2579626E-01
.2353167E-01
.2094813E-01
.1900227E-01
.1813988E-01
.1817028E-01
.1810490E-01
.1740215E-01
.1641233E-01
.1504026E-01
.1408244E-01
.1322028E-01
.1216674E-01
.1015710E-01
.7987967E-02
.5659683E-02
.3139860E-02
.4609030E-03
-.2026982E-02
-.3685956E-02
-.4930756E-02
-.5760971E-02
-.6400082E-02
-.6815864E-02
-.7008707E-02
-.7042077E-02
-.7107429E-02
-.7300111E-02
-.7715978E-02
-.8227397E-02
-.9217134E-02
-.1049353E-01
-.1205690E-01
-.1374773E-01
-.1531112E-01
-.1690627E-01
-.1850153E-01
-.2006485E-01
-.2140515E-01
-.2220338E-01
-.2245990E-01
-.2239754E-01
-.2220790E-01
-.2208177E-01
-.2233813E-01
-.2265824E-01
-.2237288E-01
-.2205547E-01
-.2205688E-01
-.2228130E-01
-.2247401E-01
-.2279408E-01
-.2327362E-01
-.2400801E-01
-.2464693E-01
-.2525392E-01
-.2563779E-01
-.2557534E-01
-.2522613E-01
-.2503616E-01
-.2494186E-01
-.2468812E-01
-.2414756E-01
-.2322448E-01
-.2274759E-01
-.2322699E-01
-.2418460E-01
-.2460015E-01
-.2495206E-01
-.2568635E-01
-.2658015E-01
-.2718704E-01
-.2824012E-01
-.2926132E-01
-.2986837E-01
-.3002888E-01
-.2993440E-01
-.2987181E-01
-.2958609E-01
-.2996975E-01
-.3064032E-01
-.3127897E-01
-.3121645E-01
-.3019759E-01
-.2911492E-01
-.2876536E-01
-.2857525E-01
-.2844884E-01
-.2813118E-01
-.2838725E-01
-.2918536E-01
-.2960075E-01
-.2912366E-01
-.2909279E-01
-.2966760E-01
-.3027431E-01
-.3065783E-01
-.3024445E-01
-.2881120E-01
-.2731403E-01
-.2607189E-01
-.2479788E-01
-.2349194E-01
-.2263231E-01
-.2253759E-01
-.2339919E-01
-.2438837E-01
-.2518621E-01
-.2646192E-01
-.2936338E-01
-.3334867E-01
-.3688764E-01
-.3896039E-01
-.3979004E-01
-.3963154E-01
-.3877185E-01
-.3692383E-01
-.3466153E-01
-.3176177E-01
-.2898943E-01
-.2682266E-01
-.2519790E-01
-.2363677E-01
-.2236254E-01
-.2182135E-01
-.2207712E-01
-.2265156E-01
-.2281164E-01
-.2274854E-01
-.2255802E-01
-.2201690E-01
-.2102943E-01
-.1953195E-01
-.1813014E-01
-.1691950E-01
-.1590017E-01
-.1510380E-01
-.1437136E-01
-.1430821E-01
-.1488258E-01
-.1580737E-01
-.1666866E-01
-.1692417E-01
-.1638283E-01
-.1565022E-01
-.1482205E-01
-.1393002E-01
-.1259182E-01
-.1099848E-01
-.9660249E-02
-.8417496E-02
-.7206730E-02
-.5868352E-02
-.4593808E-02
-.4084156E-02
-.4722074E-02
-.5646839E-02
-.5519754E-02
-.4850644E-02
-.4596025E-02
-.4755738E-02
-.4596675E-02
-.3863878E-02
-.2812286E-02
-.2270693E-02
-.2175321E-02
-.2207465E-02
-.2303313E-02
-.2717932E-02
-.3355682E-02
-.4057116E-02
-.5045425E-02
-.6129316E-02
-.6735207E-02
-.7340911E-02
-.7532365E-02
-.6416887E-02
-.4982634E-02
-.4058381E-02
-.4186009E-02
-.4632302E-02
-.4536750E-02
-.3676200E-02
-.2433128E-02
-.1062436E-02
-.7443243E-04
.5950535E-03
.1105013E-02
.1615069E-02
.1870057E-02
.1615152E-02
.1774466E-02
.2890251E-02
.4834596E-02
.6428520E-02
.7639833E-02
.8564431E-02
.9010766E-02
.8979064E-02
.9680409E-02
.1111507E-01
.1251771E-01
.1315555E-01
.1344254E-01
.1430342E-01
.1564236E-01
.1784199E-01
.2071095E-01
.2354822E-01
.2587530E-01
.2743767E-01
.2871297E-01
.2947831E-01
.2982921E-01
.2998909E-01
.3053128E-01
.3161546E-01
.3260402E-01
.3317837E-01
.3340188E-01
.3365726E-01
.3375339E-01
.3321200E-01
.3254318E-01
.3200176E-01
.3158794E-01
.3136540E-01
.3139787E-01
.3181271E-01
.3245078E-01
.3305712E-01
.3372705E-01
.3404647E-01
.3391963E-01
.3337871E-01
.3274189E-01
.3232789E-01
.3178677E-01
.3108620E-01
.3051318E-01
.3016317E-01
.2962212E-01
.2885792E-01
.2793429E-01
.2707441E-01
.2666081E-01
.2640662E-01
.2596123E-01
.2516521E-01
.2440110E-01
.2392386E-01
.2274547E-01
.2115251E-01
.1904972E-01
.1675561E-01
.1458908E-01
.1277305E-01
.1133973E-01
.9874439E-02
.8377291E-02
.7613218E-02
.6913035E-02
.5925962E-02
.4301388E-02
.2262395E-02
.6060078E-03
-.9547723E-03
-.2643062E-02
-.4458930E-02
-.5669033E-02
-.6146018E-02
-.6686759E-02
-.7450633E-02
-.8660678E-02
-.9520119E-02
-.1028389E-01
-.1044212E-01
-.1021770E-01
-.1002524E-01
-.9800884E-02
-.1018213E-01
-.1123264E-01
-.1260207E-01
-.1362076E-01
-.1444817E-01
-.1540308E-01
-.1600734E-01
-.1638850E-01
-.1578156E-01
-.1434578E-01
-.1217692E-01
-.9434272E-02
-.6691570E-02
-.3725808E-02
-.1397390E-02
-.2522490E-04
.6456214E-03
.6153146E-03
.2343576E-03
-.9753433E-03
-.2599482E-02
-.3649859E-02
-.4030804E-02
-.4316057E-02
-.4569466E-02
-.4376630E-02
-.3291273E-02
-.1632155E-02
.2700421E-04
.1686153E-02
.3154097E-02
.4685786E-02
.5580010E-02
.5804915E-02
.5169181E-02
.4278435E-02
.3005183E-02
.1285704E-02
-.8162740E-03
-.2472110E-02
-.3107830E-02
-.2500375E-02
-.1351062E-02
.4994943E-03
.2955780E-02
.5125124E-02
.6752618E-02
.7806434E-02
.8350192E-02
.8384033E-02
.7939772E-02
.7591025E-02
.7720443E-02
.8104896E-02
.8553133E-02
.9097034E-02
.9927784E-02
.1117285E-01
.1241811E-01
.1280266E-01
.1280469E-01
.1318926E-01
.1357386E-01
.1354404E-01
.1303614E-01
.1214578E-01
.1071362E-01
.9345078E-02
.8072174E-02
.7149989E-02
.6673975E-02
.6325563E-02
.6742054E-02
.7732408E-02
.8786467E-02
.9585612E-02
.1054408E-01
.1201256E-01
.1313045E-01
.1351523E-01
.1370879E-01
.1393427E-01
.1393672E-01
.1346089E-01
.1272998E-01
.1247731E-01
.1279837E-01
.1334255E-01
.1391863E-01
.1484543E-01
.1615465E-01
.1740025E-01
.1810386E-01
.1829754E-01
.1798123E-01
.1715496E-01
.1623295E-01
.1531110E-01
.1426168E-01
.1330793E-01
.1241785E-01
.1168728E-01
.1137102E-01
.1115038E-01
.1124854E-01
.1131484E-01
.1150865E-01
.1170247E-01
.1205556E-01
.1237692E-01
.1279392E-01
.1317904E-01
.1340469E-01
.1375800E-01
.1395193E-01
.1395460E-01
.1363839E-01
.1338609E-01
.1300622E-01
.1249893E-01
.1199156E-01
.1161178E-01
.1116821E-01
.1059721E-01
.9994185E-02
.9327610E-02
.9011562E-02
.8982413E-02
.8793868E-02
.8127347E-02
.7365098E-02
.6857910E-02
.6637445E-02
.5970954E-02
.5113033E-02
.4542128E-02
.4289892E-02
.3750931E-02
.2701805E-02
.1939674E-02
.1783135E-02
.1594773E-02
.1119419E-02
.5167379E-03
.6470641E-03
.1064303E-02
.1640920E-02
.1930794E-02
.2252386E-02
.2446592E-02
.2226292E-02
.1687450E-02
.5746647E-03
-.9204183E-03
-.2224445E-02
-.3337122E-02
-.4609210E-02
-.6008707E-02
-.7153292E-02
-.7883364E-02
-.8135428E-02
-.7941158E-02
-.7746979E-02
-.7616441E-02
-.7645378E-02
-.7355415E-02
-.6969927E-02
-.6871290E-02
-.7282611E-02
-.7598290E-02
-.7850288E-02
-.8102213E-02
-.8672919E-02
-.9307340E-02
-.9527501E-02
-.9173735E-02
-.8501365E-02
-.7956334E-02
-.7507048E-02
-.7185165E-02
-.6895238E-02
-.7147102E-02
-.7781516E-02
-.8352114E-02
-.9082085E-02
-.9716434E-02
-.1038277E-01
-.1117644E-01
-.1248023E-01
-.1356083E-01
-.1406773E-01
-.1435139E-01
-.1441201E-01
-.1469576E-01
-.1443769E-01
-.1373325E-01
-.1315631E-01
-.1257939E-01
-.1187498E-01
-.1088360E-01
-.9924174E-02
-.9187893E-02
-.8706549E-02
-.8129581E-02
-.7520804E-02
-.6943824E-02
-.6781200E-02
-.7287949E-02
-.8304749E-02
-.9194005E-02
-.9828366E-02
-.1030328E-01
-.1074626E-01
-.1106176E-01
-.1160037E-01
-.1197960E-01
-.1223136E-01
-.1226003E-01
-.1238432E-01
-.1285912E-01
-.1346153E-01
-.1406383E-01
-.1473003E-01
-.1584232E-01
-.1730532E-01
-.1825831E-01
-.1902012E-01
-.1965434E-01
-.2016103E-01
-.2012594E-01
-.1977202E-01
-.1916317E-01
-.1839489E-01
-.1740344E-01
-.1625270E-01
-.1507009E-01
-.1414235E-01
-.1343781E-01
-.1317952E-01
-.1336747E-01
-.1342794E-01
-.1364781E-01
-.1437765E-01
-.1507559E-01
-.1529542E-01
-.1516462E-01
-.1506565E-01
-.1515802E-01
-.1544153E-01
-.1572516E-01
-.1524373E-01
-.1437985E-01
-.1354776E-01
-.1303447E-01
-.1236175E-01
-.1146594E-01
-.1072954E-01
-.1069430E-01
-.1081851E-01
-.1081520E-01
-.1084378E-01
-.1093605E-01
-.1125149E-01
-.1147135E-01
-.1181860E-01
-.1197473E-01
-.1216270E-01
-.1193621E-01
-.1145480E-01
-.1103708E-01
-.1087445E-01
-.1090297E-01
-.1074034E-01
-.1070510E-01
-.1070184E-01
-.1101729E-01
-.1152392E-01
-.1183937E-01
-.1260106E-01
-.1326719E-01
-.1434761E-01
-.1545989E-01
-.1606231E-01
-.1602709E-01
-.1535444E-01
-.1439492E-01
-.1330787E-01
-.1218893E-01
-.1078311E-01
-.9600513E-02
-.8640972E-02
-.8032009E-02
-.7964919E-02
-.8184807E-02
-.8850827E-02
-.9548797E-02
-.1053366E-01
-.1158222E-01
-.1250338E-01
-.1294639E-01
-.1278365E-01
-.1223861E-01
-.1083284E-01
-.9076429E-02
-.7320061E-02
-.5723066E-02
-.4317280E-02
-.3294006E-02
-.2844446E-02
-.3223683E-02
-.4017224E-02
-.5097720E-02
-.6273871E-02
-.7673125E-02
-.9199891E-02
-.1005725E-01
-.1011774E-01
-.9540788E-02
-.8804474E-02
-.7685609E-02
-.5993035E-02
-.3917905E-02
-.1810897E-02
-.5964211E-03
-.1149850E-03
.1572674E-04
-.1404484E-03
-.9978047E-03
-.1887176E-02
-.2744559E-02
-.3570101E-02
-.4300103E-02
-.4296897E-02
-.3496813E-02
-.2473613E-02
-.1609875E-02
-.6822368E-03
.6278416E-03
.1969833E-02
.2897347E-02
.2996201E-02
.2712431E-02
.2269372E-02
.1858202E-02
.9688806E-03
-.1754773E-03
-.9692502E-03
-.1316788E-02
-.1154216E-02
-.1055415E-02
-.1020443E-02
-.1336071E-02
-.1301112E-02
-.9473382E-03
-.6892040E-03
-.1761035E-03
.5920202E-03
.1232602E-02
.1490735E-02
.1047564E-02
.7956702E-03
.8306562E-03
.9930814E-03
.1059898E-02
.1477408E-02
.2054198E-02
.2886029E-02
.3717816E-02
.4613403E-02
.5731995E-02
.6850790E-02
.8096903E-02
.9279354E-02
.1023862E-01
.1103852E-01
.1161529E-01
.1209648E-01
.1225881E-01
.1226188E-01
.1194614E-01
.1210854E-01
.1227086E-01
.1224206E-01
.1205380E-01
.1208861E-01
.1190034E-01
.1174405E-01
.1161953E-01
.1139929E-01
.1124292E-01
.1137340E-01
.1137636E-01
.1083738E-01
.1023474E-01
.1052453E-01
.1075065E-01
.1024357E-01
.9258304E-02
.9038149E-02
.9551060E-02
.1000022E-01
.9971209E-02
.9878595E-02
.1020025E-01
.1039433E-01
.1001473E-01
.9061351E-02
.8107976E-02
.7696392E-02
.7922424E-02
.8052798E-02
.7800654E-02
.7580297E-02
.7168817E-02
.6757226E-02
.6186311E-02
.5487870E-02
.5012609E-02
.5047246E-02
.5336983E-02
.5339757E-02
.5087552E-02
.4867160E-02
.4838114E-02
.5350876E-02
.6086732E-02
.6695185E-02
.7144198E-02
.7529441E-02
.7819013E-02
.7949273E-02
.7888264E-02
.7954741E-02
.8212463E-02
.8597726E-02
.9078627E-02
.9495617E-02
.9625819E-02
.9756017E-02
.1017313E-01
.1078138E-01
.1123032E-01
.1142426E-01
.1168195E-01
.1200332E-01
.1213350E-01
.1200866E-01
.1191574E-01
.1204587E-01
.1201659E-01
.1201926E-01
.1160758E-01
.1097265E-01
.1043334E-01
.9830363E-02
.9450461E-02
.9453029E-02
.9646856E-02
.1041445E-01
.1099078E-01
.1147139E-01
.1198396E-01
.1291096E-01
.1358284E-01
.1371291E-01
.1393863E-01
.1432376E-01
.1416692E-01
.1346806E-01
.1276935E-01
.1203875E-01
.1169060E-01
.1150180E-01
.1144055E-01
.1128370E-01
.1131802E-01
.1160737E-01
.1154611E-01
.1129356E-01
.1065855E-01
.9704726E-02
.8623445E-02
.7255206E-02
.5855166E-02
.4231955E-02
.2640634E-02
.1591081E-02
.7329250E-03
.1933404E-03
.6823686E-04
.4212581E-03
.7424059E-03
.1031562E-02
.1225183E-02
.1673763E-02
.2090569E-02
.2507212E-02
.2828319E-02
.3245078E-02
.3406766E-02
.3377230E-02
.3283887E-02
.3286179E-02
.3161004E-02
.3163276E-02
.2942516E-02
.2402863E-02
.1672102E-02
.1164344E-02
.9434535E-03
.3081906E-03
-.5182841E-03
-.9623240E-03
-.1183239E-02
-.1212861E-02
-.1115041E-02
-.1208405E-02
-.1748096E-02
-.2351489E-02
-.2253704E-02
-.1677777E-02
-.1707381E-02
-.2374652E-02
-.2978037E-02
-.2625317E-02
-.2304386E-02
-.2589069E-02
-.3001332E-02
-.2999212E-02
-.2805808E-02
-.3218032E-02
-.3853393E-02
-.3851281E-02
-.3147922E-02
-.2125826E-02
-.1422462E-02
-.8148026E-03
.3029684E-03
.1707557E-02
.2634088E-02
.3018659E-02
.3148249E-02
.3373384E-02
.3279900E-02
.2771940E-02
.2009014E-02
.1214112E-02
.6424208E-03
-.5682933E-04
-.5647928E-03
-.9772226E-03
-.1166450E-02
-.9732217E-03
-.7799443E-03
-.1192294E-02
-.1604716E-02
-.1602755E-02
-.1505084E-02
-.1758136E-02
-.2106836E-02
-.2232406E-02
-.2134763E-02
-.2260346E-02
-.2736557E-02
-.3053392E-02
-.3178946E-02
-.3304551E-02
-.3589435E-02
-.4001965E-02
-.4414372E-02
-.4540001E-02
-.4697510E-02
-.5014388E-02
-.5299319E-02
-.5552468E-02
-.5678087E-02
-.5580672E-02
-.5674367E-02
-.5895733E-02
-.6276365E-02
-.6497608E-02
-.6495760E-02
-.6780879E-02
-.7480278E-02
-.8307228E-02
-.8974736E-02
-.9355478E-02
-.9927417E-02
-.1059507E-01
-.1113511E-01
-.1100587E-01
-.1062160E-01
-.1058803E-01
-.1074559E-01
-.1032964E-01
-.9913429E-02
-.9592837E-02
-.9559265E-02
-.9334339E-02
-.9173282E-02
-.9203363E-02
-.9679816E-02
-.1002869E-01
-.9995167E-02
-.9738439E-02
-.9418000E-02
-.9384390E-02
-.9127709E-02
-.8456694E-02
-.7849351E-02
-.6923368E-02
-.6284205E-02
-.5740587E-02
-.5324614E-02
-.4876707E-02
-.4460645E-02
-.3917166E-02
-.3469296E-02
-.2989484E-02
-.2541617E-02
-.1998164E-02
-.1263385E-02
-.6561911E-03
.2060760E-03
.1418942E-02
.2504274E-02
.3366575E-02
.3910002E-02
.4134755E-02
.4231901E-02
.4233482E-02
.4394479E-02
.4459790E-02
.4301921E-02
.4080413E-02
.4018207E-02
.4306566E-02
.4690607E-02
.5265887E-02
.5649925E-02
.5842703E-02
.5876157E-02
.5782015E-02
.5241724E-02
.4478205E-02
.3842226E-02
.3078710E-02
.2028299E-02
.5954435E-03
-.6462428E-03
-.1186718E-02
-.1312733E-02
-.1725610E-02
-.2202310E-02
-.2774629E-02
-.3028168E-02
-.3345487E-02
-.3885859E-02
-.4490137E-02
-.5062438E-02
-.5284080E-02
-.5378324E-02
-.5918744E-02
-.6427322E-02
-.6712844E-02
-.6615767E-02
-.6327568E-02
-.6134913E-02
-.5814768E-02
-.5398960E-02
-.4792012E-02
-.4471880E-02
-.4215502E-02
-.3767882E-02
-.3575278E-02
-.3510158E-02
-.3381287E-02
-.3188684E-02
-.3155407E-02
-.3568481E-02
-.3758398E-02
-.3533883E-02
-.3086317E-02
-.2574982E-02
-.2446145E-02
-.2381074E-02
-.2188513E-02
-.2059691E-02
-.2281557E-02
-.2630808E-02
-.3012024E-02
-.3552636E-02
-.3997588E-02
-.4442543E-02
-.5110588E-02
-.5810562E-02
-.5968712E-02
-.5616769E-02
-.5169270E-02
-.4594252E-02
-.3987408E-02
-.3380484E-02
-.2741719E-02
-.2230467E-02
-.1846716E-02
-.1781715E-02
-.1876151E-02
-.2161725E-02
-.2638661E-02
-.3147425E-02
-.3911201E-02
-.4451800E-02
-.4896831E-02
-.5182542E-02
-.5691351E-02
-.5849475E-02
-.5816442E-02
-.5560254E-02
-.5080889E-02
-.4633453E-02
-.4090438E-02
-.3706753E-02
-.3386836E-02
-.3226212E-02
-.3129431E-02
-.3000759E-02
-.3031400E-02
-.3253408E-02
-.3730309E-02
-.4239152E-02
-.4875501E-02
-.5256850E-02
-.5606365E-02
-.5700806E-02
-.5476594E-02
-.5029211E-02
-.4581819E-02
-.3911277E-02
-.3113324E-02
-.2124029E-02
-.1357879E-02
-.6236910E-03
-.1762039E-03
-.1576495E-04
.1128697E-03
.1458954E-03
.8326952E-04
.2436888E-03
.4998034E-03
.1010883E-02
.1458246E-02
.2128752E-02
.2894860E-02
.3756510E-02
.4618309E-02
.5320654E-02
.6086728E-02
.6534055E-02
.6694473E-02
.6823046E-02
.6983547E-02
.6952688E-02
.6890026E-02
.6476773E-02
.6382147E-02
.6191958E-02
.6097452E-02
.5811588E-02
.5685142E-02
.5686197E-02
.5719194E-02
.5656508E-02
.5434356E-02
.5435399E-02
.5468364E-02
.5692481E-02
.5629763E-02
.5439549E-02
.5185592E-02
.4740382E-02
.4295143E-02
.3913667E-02
.3595934E-02
.3182636E-02
.2864890E-02
.2738399E-02
.2771247E-02
.2612939E-02
.2773245E-02
.2901755E-02
.2902753E-02
.2585014E-02
.2203500E-02
.1790183E-02
.1249249E-02
.7721719E-03
.4543994E-03
.2003893E-03
.4194281E-04
-.1801419E-03
-.2110976E-03
-.3376165E-03
-.4641498E-03
-.4631734E-03
-.2391308E-03
-.7872668E-04
-.1401051E-04
-.1405333E-03
-.1076489E-03
-.2023449E-03
-.3608132E-03
-.7741719E-03
-.1091967E-02
-.1473507E-02
-.1600064E-02
-.1917860E-02
-.2171919E-02
-.2011651E-02
-.1915042E-02
-.1722848E-02
-.1403151E-02
-.9878895E-03
-.5725231E-03
-.1571544E-03
.3504244E-04
-.9151901E-04
-.5876115E-04
-.2589942E-04
-.8871047E-04
-.1515299E-03
-.1187744E-03
-.3410212E-03
-.4356767E-03
-.4347534E-03
-.4338363E-03
-.2416723E-03
.1736707E-03
.8439016E-03
.1514250E-02
.2152669E-02
.2759165E-02
.3142579E-02
.3143510E-02
.3208178E-02
.3145338E-02
.2891255E-02
.2509668E-02
.2064323E-02
.1969648E-02
.2161795E-02
.2226467E-02
.2450456E-02
.2802012E-02
.2802907E-02
.2899374E-02
.2964021E-02
.2996837E-02
.3061476E-02
.3094200E-02
.3063269E-02
.3127898E-02
.3288108E-02
.3480247E-02
.3289883E-02
.3386443E-02
.3801647E-02
.3802546E-02
.3548438E-02
.3421798E-02
.3518352E-02
.3678550E-02
.3583854E-02
.3680296E-02
.3904341E-02
.3968973E-02
.4065433E-02
.4098215E-02
.4354077E-02
.4514278E-02
.4865829E-02
.5057945E-02
.5345638E-02
.5537771E-02
.5634327E-02
.5411989E-02
.5285357E-02
.4967468E-02
.4745263E-02
.4522927E-02
.4460042E-02
.4524655E-02
.4429945E-02
.4367024E-02
.4335964E-02
.4177483E-02
.4018922E-02
.3669192E-02
.3351301E-02
.3065223E-02
.2779256E-02
.2493163E-02
.2111513E-02
.2144282E-02
.2176955E-02
.2273468E-02
.2242400E-02
.2147663E-02
.2052839E-02
.2021843E-02
.1576441E-02
.1513520E-02
.1801187E-02
.2025194E-02
.2153544E-02
.1931210E-02
.1708990E-02
.1582309E-02
.1455652E-02
.1042057E-02
.4373224E-03
.1831355E-03
.3114779E-03
.4078709E-03
.1537112E-03
.1227008E-03
.3785364E-03
.6661830E-03
.6032697E-03
.4128379E-03
.3180948E-03
.2869845E-03
.1922495E-03
-.3011823E-04
-.3480344E-03
-.4109779E-03
-.4101453E-03
-.4412604E-03
-.7272539E-03
-.9177010E-03
-.8850528E-03
-.9479921E-03
-.1042745E-02
-.1073867E-02
-.6905519E-03
-.2753173E-03
.2036757E-03
.7144895E-03
.1129633E-02
.1417371E-02
.1705013E-02
.1674000E-02
.1483566E-02
.1516201E-02
.1357692E-02
.1326569E-02
.9448870E-03
.4994382E-03
.2134160E-03
.2142126E-03
.4700188E-03
.6938857E-03
.1204686E-02
.1938667E-02
.2481303E-02
.2864599E-02
.3024839E-02
.3089390E-02
.2771456E-02
.2453499E-02
.2071810E-02
.1275680E-02
.5434078E-03
.9793471E-04
.1305455E-03
.2907471E-03
.8333579E-03
.1503568E-02
.2651856E-02
.3704497E-02
.4470310E-02
.4981073E-02
.5268804E-02
.5524588E-02
.5429717E-02
.4569922E-02
.3773799E-02
.3360247E-02
.3201627E-02
.2596815E-02
.1960111E-02
.1610199E-02
.1642911E-02
.1771172E-02
.1899466E-02
.1900243E-02
.2156038E-02
.2252375E-02
.2285104E-02
.1712118E-02
.1011667E-02
.1199233E-03
-.7081325E-03
-.1854886E-02
-.2810348E-02
-.3702104E-02
-.4020085E-02
-.3955598E-02
-.3731645E-02
-.3539648E-02
-.3315800E-02
-.2932560E-02
-.2549269E-02
-.2516572E-02
-.2675219E-02
-.2897540E-02
-.3279263E-02
-.3565440E-02
-.3915245E-02
-.4265187E-02
-.4455662E-02
-.4773661E-02
-.5155399E-02
-.5345915E-02
-.5536401E-02
-.5886238E-02
-.5981156E-02
-.6012265E-02
-.6011511E-02
-.5787679E-02
-.5595681E-02
-.5435517E-02
-.5243516E-02
-.5051525E-02
-.4859531E-02
-.4826982E-02
-.4921803E-02
-.4889236E-02
-.4920319E-02
-.5047089E-02
-.5046349E-02
-.4854374E-02
-.4662383E-02
-.4406682E-02
-.4087187E-02
-.3927109E-02
-.3990119E-02
-.4212468E-02
-.4498651E-02
-.4944170E-02
-.5357761E-02
-.5867051E-02
-.6280749E-02
-.6535016E-02
-.6661800E-02
-.6597337E-02
-.6564695E-02
-.6468404E-02
-.6372013E-02
-.6211997E-02
-.6275027E-02
-.6306121E-02
-.6432910E-02
-.6464132E-02
-.6463424E-02
-.6367033E-02
-.6207004E-02
-.5855635E-02
-.5153691E-02
-.4483641E-02
-.3941016E-02
-.3334737E-02
-.2951532E-02
-.2695823E-02
-.2631370E-02
-.2662510E-02
-.2534308E-02
-.2469849E-02
-.2501077E-02
-.2691636E-02
-.2722771E-02
-.2626497E-02
-.2625803E-02
-.2784444E-02
-.2879432E-02
-.2719313E-02
-.2368063E-02
-.2176121E-02
-.2143518E-02
-.1824071E-02
-.1823391E-02
-.1982142E-02
-.2300212E-02
-.2427033E-02
-.2394437E-02
-.2457517E-02
-.2552527E-02
-.2519925E-02
-.2359954E-02
-.1817367E-02
-.1179208E-02
-.5729622E-03
-.1898051E-03
.2890402E-03
.7041342E-03
.8003792E-03
.6735406E-03
.3236325E-03
.1330440E-03
.6092096E-05
-.1845127E-03
-.1519365E-03
-.3107193E-03
-.1188238E-03
.2006677E-03
.4243860E-03
.9032036E-03
.1190668E-02
.1350734E-02
.1415125E-02
.1224515E-02
.8107207E-03
.3332839E-03
-.5267684E-03
-.1195566E-02
-.2023692E-02
-.2564901E-02
-.2946786E-02
-.3009933E-02
-.2754315E-02
-.2339393E-02
-.1637530E-02
-.9356731E-03
-.1700543E-03
.5319009E-03
.9468454E-03
.1361870E-02
.1713057E-02
.2159904E-02
.2192453E-02
.1938054E-02
.1651725E-02
.1524812E-02
.1429839E-02
.1462248E-02
.1590338E-02
.2100912E-02
.2739009E-02
.3313336E-02
.3664600E-02
.3952000E-02
.3984508E-02
.3889417E-02
.3762498E-02
.3667494E-02
.3413087E-02
.2871729E-02
.2585459E-02
.2299092E-02
.2459076E-02
.2523385E-02
.2587691E-02
.2620064E-02
.2875624E-02
.3163100E-02
.3450471E-02
.3578516E-02
.3834066E-02
.4121540E-02
.4153915E-02
.4090704E-02
.4186941E-02
.4187487E-02
.4219822E-02
.4220355E-02
.4220876E-02
.4380840E-02
.4508858E-02
.4509388E-02
.4605492E-02
.4478526E-02
.4415282E-02
.4256487E-02
.4065748E-02
.3747516E-02
.3524841E-02
.3206604E-02
.3079612E-02
.3271372E-02
.3208102E-02
.3049280E-02
.2762842E-02
.2635840E-02
.2413248E-02
.1935567E-02
.1585470E-02
.1235280E-02
.1235750E-02
.1140659E-02
.8541938E-03
.7271684E-03
.7595567E-03
.9512755E-03
.1174815E-02
.1047790E-02
.9844851E-03
.8574524E-03
.6028983E-03
.3165379E-03
-.1611925E-03
-.4157400E-03
-.4472327E-03
-.3830341E-03
-.4144216E-03
-.3184120E-03
-.4135505E-03
-.6043646E-03
-.7951896E-03
-.8904322E-03
-.9537685E-03
-.1017093E-02
-.1048496E-02
-.1080005E-02
-.1143345E-02
-.1429754E-02
-.1461274E-02
-.1492692E-02
-.1396728E-02
-.1364399E-02
-.1140928E-02
-.9811116E-03
-.8532213E-03
-.5660120E-03
-.1511979E-03
.2636123E-03
.5508290E-03
.8699665E-03
.9660185E-03
.1508212E-02
.1986767E-02
.2273957E-02
.2433750E-02
.2880359E-02
.3326979E-02
.3709843E-02
.4092693E-02
.4475548E-02
.4953980E-02
.5336832E-02
.5783432E-02
.6006959E-02
.6262325E-02
.6453930E-02
.6262996E-02
.6103916E-02
.5944924E-02
.5499019E-02
.5212401E-02
.4893983E-02
.4734982E-02
.4512142E-02
.4289357E-02
.4066507E-02
.3971239E-02
.3525319E-02
.2919928E-02
.2282750E-02
.1773040E-02
.1040284E-02
.3711252E-03
-.3298265E-03
-.9670618E-03
-.1572440E-02
-.2177758E-02
-.2559974E-02
-.3133474E-02
-.3547621E-02
-.3834188E-02
-.4312093E-02
-.4598683E-02
-.4821592E-02
-.5044427E-02
-.5171676E-02
-.5330883E-02
-.5362466E-02
-.5139148E-02
-.4756417E-02
-.4246187E-02
-.4086529E-02
-.3640053E-02
-.3161761E-02
-.2460294E-02
-.1790644E-02
-.1280420E-02
-.7383812E-03
-.2281658E-03
.1864760E-03
.5054409E-03
.6650728E-03
.7290311E-03
.9842335E-03
.8887504E-03
.8251938E-03
.9210591E-03
.8371865E-03
.7359586E-03
.5390754E-03
.4058808E-03
.5275448E-03
.3305087E-03
.3565158E-03
.3505418E-03
.4718230E-03
.5610104E-03
.4273678E-03
.2620432E-03
.1921993E-03
-.1636275E-03
-.4235537E-03
-.6829958E-03
-.8784172E-03
-.7245360E-03
-.5707496E-03
-.3222551E-03
.2740379E-03
.9320293E-03
.1366936E-02
.1516128E-02
.1506713E-02
.1213007E-02
.6678106E-03
-.1910287E-03
-.9842125E-03
-.1743202E-02
-.2247999E-02
-.2499566E-02
-.2718410E-02
-.2748118E-02
-.2651959E-02
-.2524559E-02
-.2303579E-02
-.2176713E-02
-.2205827E-02
-.2296830E-02
-.2480286E-02
-.2848844E-02
-.3153143E-02
-.3517426E-02
-.3662654E-02
-.3652049E-02
-.3702601E-02
-.3690607E-02
-.3401122E-02
-.3173986E-02
-.2763576E-02
-.2293663E-02
-.1703839E-02
-.1056048E-02
-.3206066E-03
.2885164E-03
.8328820E-03
.1464663E-02
.2001040E-02
.2442656E-02
.2941226E-02
.3224706E-02
.3415232E-02
.3573721E-02
.3340712E-02
.3228276E-02
.2996661E-02
.2885258E-02
.2893138E-02
.2751846E-02
.2788791E-02
.2824786E-02
.2977821E-02
.3217126E-02
.3395023E-02
.3336071E-02
.3218455E-02
.3276006E-02
.3274159E-02
.2835881E-02
.2198082E-02
.1652350E-02
.1197835E-02
.6896463E-03
.1574456E-03
-.2552553E-03
-.6354280E-03
-.1011704E-02
-.1156970E-02
-.1243895E-02
-.1216862E-02
-.1246247E-02
-.1106679E-02
-.8563630E-03
-.7205620E-03
-.3353648E-03
-.2879991E-03
-.4352340E-03
-.5531573E-03
-.7799137E-03
-.9490616E-03
-.1143587E-02
-.1444729E-02
-.1687735E-02
-.1710445E-02
-.1705617E-02
-.1592767E-02
-.1696026E-02
-.1770949E-02
-.1791155E-02
-.1810877E-02
-.1989021E-02
-.2190902E-02
-.2389671E-02
-.2427805E-02
-.2491123E-02
-.2605066E-02
-.2613085E-02
-.2439244E-02
-.2293073E-02
-.2199933E-02
-.2209958E-02
-.2193871E-02
-.2177545E-02
-.2186285E-02
-.2244717E-02
-.2427333E-02
-.2381482E-02
-.2485145E-02
-.2512161E-02
-.2711149E-02
-.2807725E-02
-.2828453E-02
-.2726023E-02
-.2746023E-02
-.2910198E-02
-.3167236E-02
-.3346972E-02
-.3546587E-02
-.3765561E-02
-.4192811E-02
-.4304536E-02
-.4318998E-02
-.4471987E-02
-.4597469E-02
-.4417882E-02
-.4170704E-02
-.4064274E-02
-.3935374E-02
-.3852916E-02
-.3860992E-02
-.3777355E-02
-.3424673E-02
-.3121988E-02
-.3001348E-02
-.2682962E-02
-.2237692E-02
-.2040734E-02
-.2238328E-02
-.2430929E-02
-.2123056E-02
-.1648926E-02
-.1226237E-02
-.9811276E-03
-.5717369E-03
-.2123541E-03
.3550960E-04
-.1216926E-04
.6535268E-04
.3261492E-03
.6222324E-03
.9118583E-03
.1033556E-02
.1092245E-02
.1109486E-02
.1106363E-02
.1024268E-02
.8851528E-03
.7101543E-03
.5005192E-03
.4307157E-03
.4966901E-03
.5421447E-03
.5298657E-03
.6119298E-03
.7107438E-03
.8070698E-03
.6982554E-03
.5921843E-03
.5616388E-03
.5319664E-03
.3594874E-03
.2095342E-03
.2586860E-03
.4300197E-03
.3697404E-03
.2592091E-03
.2726408E-03
.3373448E-03
.4346280E-03
.3267017E-03
.3562490E-03
.6016982E-03
.9065255E-03
.1022152E-02
.1134294E-02
.1307757E-02
.1556140E-02
.1717082E-02
.1682922E-02
.1696167E-02
.1786143E-02
.1810784E-02
.1910411E-02
.1808298E-02
.1497516E-02
.1360374E-02
.1241889E-02
.1288308E-02
.1201724E-02
.1059880E-02
.1122408E-02
.1380171E-02
.1656171E-02
.1644085E-02
.1521701E-02
.1484274E-02
.1527954E-02
.1489201E-02
.1464088E-02
.1295956E-02
.1172065E-02
.1242924E-02
.1385512E-02
.1198523E-02
.7485394E-03
.4379498E-03
.4635006E-03
.5588531E-03
.4866337E-03
.2332198E-03
.2298618E-03
.6082996E-03
.1080187E-02
.1235096E-02
.1091164E-02
.1006050E-02
.1018246E-02
.8949186E-03
.6548439E-03
.2057824E-03
-.1815387E-03
-.2769462E-03
-.1849065E-03
-.4959451E-04
.2394100E-04
.1216095E-03
.3491098E-03
.6616547E-03
.8876891E-03
.8960773E-03
.8779913E-03
.1008168E-02
.1065204E-02
.1062101E-02
.1073379E-02
.1082586E-02
.1007043E-02
.8607599E-03
.8305460E-03
.8578038E-03
.7498800E-03
.5451340E-03
.3591281E-03
.3352784E-03
.3961736E-03
.4024762E-03
.3648453E-03
.3534620E-03
.4958651E-03
.6280785E-03
.6147925E-03
.5019767E-03
.4068848E-03
.3336421E-03
.2548142E-03
.1511598E-03
.6974686E-04
.1433257E-03
.2631274E-03
.3280751E-03
.3163343E-03
.3962887E-03
.5075128E-03
.4727319E-03
.3671804E-03
.2730936E-03
.2317983E-03
.2231460E-03
.1679025E-03
.1170363E-03
.1011365E-03
.1729411E-03
.2255210E-03
.2261531E-03
.2445096E-03
.3167568E-03
.3530594E-03
.3516648E-03
.3331005E-03
.3281551E-03
.3123991E-03
.3141009E-03
.3404886E-03
.3675181E-03
.3770133E-03
.3795404E-03
.3737506E-03
.3566266E-03
.3373823E-03
.3237900E-03
.3078692E-03
.3107238E-03
.3111934E-03
.2965494E-03
.2642408E-03
.2244211E-03
.1884739E-03
.1436995E-03
.9310817E-04
.5204585E-04
.3653060E-04
.2053674E-04
-.4718242E-05
-.2464896E-04
-.4401917E-04
-.4992927E-04
-.5678664E-04
-.7427857E-04
-.9184242E-04
-.9614352E-04
-.9802392E-04
-.1075823E-03
-.1233495E-03
-.1257767E-03
-.1268715E-03
-.1293165E-03
-.1374597E-03
-.1413203E-03
-.1432092E-03
-.1459374E-03
-.1511440E-03
-.1564628E-03
-.1575912E-03
-.1576960E-03
-.1595479E-03
-.1630532E-03
-.1654495E-03
-.1641152E-03
-.1595771E-03
-.1553309E-03
-.1513948E-03
-.1491913E-03
-.1465846E-03
-.1459770E-03
-.1472469E-03
-.1500165E-03
-.1517723E-03
-.1523277E-03
-.1527328E-03
-.1518626E-03
-.1503427E-03
-.1466274E-03
-.1427912E-03
-.1386337E-03
-.1350841E-03
-.1321613E-03
-.1296900E-03
-.1278411E-03
-.1258967E-03
-.1237769E-03
-.1215781E-03
-.1190075E-03
-.1162239E-03
-.1131606E-03
-.1099567E-03
-.1067028E-03
-.1032118E-03
-.9972872E-04
-.9627472E-04
-.9284134E-04
-.8944877E-04
-.8611103E-04
-.8267550E-04
-.7923458E-04
-.7579945E-04
-.7234452E-04
-.6884792E-04
-.6534545E-04
-.6183437E-04
-.5831604E-04
-.5476472E-04
-.5116858E-04
-.4756927E-04
-.4393911E-04
-.4030086E-04
-.3664736E-04
-.3298194E-04
-.2930209E-04
-.2560528E-04
-.2189108E-04
-.1816470E-04
-.1442809E-04
-.1068413E-04
-.6934423E-05
-.3181228E-05
.5740180E-06
.4330241E-05
.8086566E-05
.1184237E-04
