-.5992358E-03
-.5988664E-03
-.5984360E-03
-.5979758E-03
-.5974628E-03
-.5969042E-03
-.5963143E-03
-.5956796E-03
-.5950117E-03
-.5943141E-03
-.5935583E-03
-.5927380E-03
-.5918004E-03
-.5907274E-03
-.5895140E-03
-.5882825E-03
-.5874427E-03
-.5869098E-03
-.5862198E-03
-.5851692E-03
-.5840274E-03
-.5833538E-03
-.5826189E-03
-.5806637E-03
-.5788034E-03
-.5783107E-03
-.5771307E-03
-.5733362E-03
-.5704789E-03
-.5707702E-03
-.5734387E-03
-.5760083E-03
-.5767688E-03
-.5734310E-03
-.5672735E-03
-.5608715E-03
-.5554525E-03
-.5500966E-03
-.5401340E-03
-.5260929E-03
-.5163677E-03
-.5139109E-03
-.5173310E-03
-.5237255E-03
-.5276055E-03
-.5184790E-03
-.5068468E-03
-.5099868E-03
-.5221963E-03
-.5320544E-03
-.5422462E-03
-.5566734E-03
-.5715090E-03
-.5688168E-03
-.5466776E-03
-.5256542E-03
-.5225230E-03
-.5387656E-03
-.5417498E-03
-.5114902E-03
-.4301273E-03
-.3447827E-03
-.3189071E-03
-.3295527E-03
-.3289787E-03
-.2835787E-03
-.2496148E-03
-.3421176E-03
-.5160966E-03
-.6629697E-03
-.7170557E-03
-.6965529E-03
-.5942119E-03
-.4586363E-03
-.3437273E-03
-.3020994E-03
-.3205893E-03
-.3444161E-03
-.3509240E-03
-.3594699E-03
-.3905455E-03
-.4248502E-03
-.4102277E-03
-.4032225E-03
-.4945808E-03
-.6470525E-03
-.7696020E-03
-.6825798E-03
-.4132592E-03
-.2265548E-03
-.2237240E-03
-.3754932E-03
-.5620835E-03
-.7027500E-03
-.7177986E-03
-.6065751E-03
-.3988734E-03
-.2427711E-03
-.1989341E-03
-.1402577E-03
-.2509755E-04
.1500720E-04
-.1213546E-03
-.3957452E-03
-.5720922E-03
-.5907275E-03
-.5870184E-03
-.5951188E-03
-.4779379E-03
-.2808212E-03
-.1508480E-03
-.1930955E-03
-.3351482E-03
-.3699077E-03
-.3193908E-03
-.3355452E-03
-.3627201E-03
-.3556553E-03
-.5497816E-03
-.8120997E-03
-.7990743E-03
-.6002833E-03
-.4502331E-03
-.4257182E-03
-.5097735E-03
-.7020167E-03
-.8835016E-03
-.9344989E-03
-.6115244E-03
-.3435743E-04
.5186648E-03
.7671312E-03
.6561786E-03
.3079467E-03
-.2901807E-04
-.1855907E-03
-.3028635E-03
-.5150219E-03
-.6202180E-03
-.5403622E-03
-.3471391E-03
-.2034245E-03
-.1953922E-03
-.3861538E-03
-.7065919E-03
-.9700760E-03
-.1103120E-02
-.1106763E-02
-.9180789E-03
-.4072150E-03
.1882531E-03
.6856311E-03
.1173303E-02
.1489515E-02
.1298650E-02
.6156666E-03
-.4393661E-03
-.1764876E-02
-.2666061E-02
-.2373709E-02
-.1377045E-02
-.3992501E-03
.5422861E-03
.1352870E-02
.1685875E-02
.1605969E-02
.1295557E-02
.9890441E-03
.6616207E-03
.9421472E-04
-.3233705E-03
-.2058005E-03
.1291973E-03
.2878674E-03
.2126215E-03
.1195934E-04
-.2771277E-03
-.7230630E-03
-.1317281E-02
-.2000977E-02
-.2692462E-02
-.3252724E-02
-.3055758E-02
-.1972686E-02
-.2578261E-03
.1466112E-02
.2923590E-02
.3746414E-02
.3736175E-02
.2737570E-02
.1156426E-02
-.7164470E-03
-.2304670E-02
-.2984916E-02
-.2002980E-02
-.5074212E-03
.1920608E-03
-.3704730E-03
-.1420910E-02
-.1724984E-02
-.8873937E-03
.5834024E-03
.1528670E-02
.1567402E-02
.9335444E-03
.3023240E-03
-.2500677E-04
-.2142053E-03
-.5526677E-03
-.1198921E-02
-.2245605E-02
-.3656104E-02
-.3953109E-02
-.2701106E-02
-.9576233E-03
.3130563E-03
.1068847E-02
.1560700E-02
.1849511E-02
.1936202E-02
.1765064E-02
.1245611E-02
.3735377E-03
-.7106243E-03
-.1255730E-02
-.8324760E-03
.4938009E-03
.1349339E-02
.9780979E-03
-.5610016E-04
-.1083084E-02
-.2286509E-02
-.3804059E-02
-.5397078E-02
-.6291354E-02
-.5657829E-02
-.3035265E-02
.1206709E-04
.2334395E-02
.3513191E-02
.3783995E-02
.3286367E-02
.2539278E-02
.1758112E-02
.4933834E-03
-.1021452E-02
-.1526440E-02
-.7750055E-03
.8363294E-03
.2049687E-02
.2292713E-02
.1000575E-02
-.1178415E-02
-.3300556E-02
-.4710103E-02
-.5413360E-02
-.4599504E-02
-.2329426E-02
.4682604E-03
.2988115E-02
.5044950E-02
.5520437E-02
.4280253E-02
.1835844E-02
-.8881507E-03
-.3288135E-02
-.4954009E-02
-.5580084E-02
-.4742809E-02
-.3553360E-02
-.2763730E-02
-.1772609E-02
-.4764504E-03
.5125509E-03
.9830720E-03
.1152529E-02
.1609288E-02
.2296211E-02
.2617858E-02
.1626203E-02
-.8480544E-03
-.3486437E-02
-.4892208E-02
-.4581254E-02
-.3251107E-02
-.1520172E-02
-.3713914E-03
.3712105E-03
.1542512E-02
.2863623E-02
.3624495E-02
.3580182E-02
.3080427E-02
.2485618E-02
.1697237E-02
-.1442928E-03
-.2645760E-02
-.4600347E-02
-.4657282E-02
-.3378980E-02
-.2715177E-02
-.3104554E-02
-.3778518E-02
-.4027867E-02
-.3674409E-02
-.1890961E-02
.5832690E-03
.2422393E-02
.3856532E-02
.5494931E-02
.6390053E-02
.5997425E-02
.3996501E-02
.7306447E-03
-.3162426E-02
-.6496427E-02
-.8313870E-02
-.8182751E-02
-.6647638E-02
-.4019798E-02
-.5735625E-03
.2997765E-02
.5912403E-02
.6930713E-02
.4796150E-02
.1438295E-02
-.9501133E-03
-.1570594E-02
-.1418189E-02
-.1290496E-02
-.1973231E-02
-.3234619E-02
-.4132026E-02
-.4241102E-02
-.3797315E-02
-.3982052E-02
-.4820010E-02
-.4925273E-02
-.3152830E-02
.8162692E-03
.4571843E-02
.6342078E-02
.4216685E-02
.5638525E-03
-.1193572E-02
-.7472849E-03
.4974350E-03
.1759368E-02
.2966841E-02
.4900829E-02
.7122161E-02
.7418668E-02
.5135549E-02
.4011559E-03
-.6236688E-02
-.1218950E-01
-.1429956E-01
-.1295449E-01
-.9787746E-02
-.6609072E-02
-.4102748E-02
-.2267610E-02
-.1652127E-02
-.3283241E-02
-.5086076E-02
-.4657760E-02
-.6581436E-03
.4783503E-02
.9688433E-02
.1258010E-01
.1325440E-01
.1111689E-01
.6548703E-02
.1060543E-02
-.4620850E-02
-.1022835E-01
-.1450739E-01
-.1610057E-01
-.1493444E-01
-.1222623E-01
-.8865026E-02
-.4793995E-02
-.3228977E-03
.3614903E-02
.5702044E-02
.5578185E-02
.4102020E-02
.2508918E-02
.2193558E-02
.2888992E-02
.3798071E-02
.3880220E-02
.2978580E-02
.1484908E-02
-.5994291E-03
-.3855124E-02
-.7887703E-02
-.1148944E-01
-.1315947E-01
-.1284663E-01
-.1105493E-01
-.5983413E-02
.2186026E-02
.9659473E-02
.1244833E-01
.1142860E-01
.7770954E-02
.3058955E-02
-.1802463E-02
-.6177764E-02
-.8470730E-02
-.5888936E-02
-.2025893E-04
.5217237E-02
.8383572E-02
.8067642E-02
.5912687E-02
.3751061E-02
.2088394E-02
.3551853E-03
-.2436291E-02
-.5556137E-02
-.7379015E-02
-.6775859E-02
-.4780857E-02
-.4069798E-02
-.5697646E-02
-.8954956E-02
-.1028861E-01
-.8561945E-02
-.4439617E-02
-.7429313E-03
.3350831E-03
-.2555569E-03
-.7554244E-03
.8060099E-03
.3731681E-02
.6382237E-02
.8467863E-02
.1037582E-01
.9494240E-02
.4971487E-02
-.1225469E-02
-.6311363E-02
-.9361150E-02
-.1043283E-01
-.9552940E-02
-.6241384E-02
-.2363895E-02
.6122207E-03
.1370751E-02
.1689437E-03
-.1866364E-02
-.3542896E-02
-.4184848E-02
-.7546860E-03
.6802415E-02
.1405659E-01
.1464394E-01
.8238403E-02
-.2374971E-02
-.1459141E-01
-.2471023E-01
-.2764314E-01
-.2155045E-01
-.1190391E-01
-.3550031E-02
.2731534E-02
.7121230E-02
.8718039E-02
.8241036E-02
.5616581E-02
.2927048E-02
.1693088E-02
.1811758E-02
.2038899E-02
.1593142E-02
.2765206E-03
-.1077993E-02
-.7640022E-04
.2362071E-02
.3551155E-02
.8539788E-03
-.5761205E-02
-.1226755E-01
-.1694536E-01
-.1807035E-01
-.5628120E-02
.1906512E-01
.3427148E-01
.3150584E-01
.1908620E-01
.6903292E-02
-.1757928E-02
-.9273294E-02
-.1805975E-01
-.2819109E-01
-.3744621E-01
-.4075433E-01
-.3246370E-01
-.1175439E-01
.5862614E-02
.8931895E-02
.5899816E-02
.4956186E-02
.4993451E-02
.5003217E-02
.8676833E-02
.1435313E-01
.1923319E-01
.2302527E-01
.2329113E-01
.1809956E-01
.6466406E-02
-.1250387E-01
-.2975558E-01
-.3714836E-01
-.3280684E-01
-.2364879E-01
-.1631386E-01
-.1093780E-01
-.5783429E-02
.2108636E-03
.6776048E-02
.1267343E-01
.1525113E-01
.1503070E-01
.1355612E-01
.1218397E-01
.1120651E-01
.1031847E-01
.7840214E-02
.7119036E-03
-.7940039E-02
-.7905350E-02
.1788361E-02
.1138435E-01
.1309523E-01
.6341581E-02
-.2713344E-02
-.9369951E-02
-.9574439E-02
-.5517938E-02
.2245751E-04
.5338413E-02
.1004089E-01
.1305907E-01
.1128973E-01
.4004433E-02
-.6463579E-02
-.1702296E-01
-.2276244E-01
-.2477049E-01
-.2392916E-01
-.1706914E-01
-.4297850E-02
.7507026E-02
.1389221E-01
.1046419E-01
.1460946E-02
-.5754290E-02
-.8318545E-02
-.6959115E-02
-.2691707E-02
.6953308E-02
.1768496E-01
.1960730E-01
.9734211E-02
-.4335202E-02
-.1304459E-01
-.1213911E-01
-.9311542E-02
-.1138943E-01
-.1879030E-01
-.2821052E-01
-.3740872E-01
-.4162068E-01
-.3491096E-01
-.2271684E-01
-.1436027E-01
-.8610333E-02
.1921866E-02
.1110571E-01
.5318581E-02
-.2082486E-01
-.4175450E-01
-.3906067E-01
-.1183816E-01
.2730458E-01
.4530142E-01
.3773771E-01
.2449970E-01
.1850604E-01
.1542212E-01
.5261519E-02
-.1039114E-01
-.1818858E-01
-.1446811E-01
-.5905062E-02
-.1284065E-02
-.5847983E-02
-.1724560E-01
-.2911432E-01
-.3912930E-01
-.4562112E-01
-.4797902E-01
-.4657331E-01
-.3584200E-01
-.1880625E-01
-.7740467E-02
-.7010073E-02
-.9114082E-02
-.4517505E-02
.7740188E-02
.2196144E-01
.3037593E-01
.3117207E-01
.2744017E-01
.1898197E-01
-.3133925E-02
-.2968230E-01
-.4162472E-01
-.3511080E-01
-.2467656E-01
-.2064497E-01
-.2103697E-01
-.2113695E-01
-.1949522E-01
-.1620505E-01
-.7573362E-02
.3106290E-02
.6345923E-02
-.1163572E-02
-.1126826E-01
-.1624355E-01
-.1795686E-01
-.2137917E-01
-.2446700E-01
-.1801368E-01
-.6523307E-02
.9924504E-03
.4229080E-02
.7012012E-02
.9816980E-02
.1045845E-01
.6734488E-02
.4257903E-03
-.4053721E-02
-.6555226E-02
-.9750078E-02
-.1762628E-01
-.3133323E-01
-.5039228E-01
-.6601106E-01
-.6616995E-01
-.5475801E-01
-.4104902E-01
-.2987616E-01
-.1816131E-01
-.3761966E-02
.1149928E-01
.2194896E-01
.2238239E-01
.1281940E-01
-.2106570E-02
-.1631408E-01
-.2136337E-01
-.1479925E-01
.1822625E-02
.1937227E-01
.2467988E-01
.1466586E-01
-.4215615E-02
-.2183220E-01
-.3415670E-01
-.4739150E-01
-.6262689E-01
-.7191463E-01
-.7144007E-01
-.6220496E-01
-.5178218E-01
-.5163868E-01
-.6113670E-01
-.6926116E-01
-.6572364E-01
-.5130086E-01
-.3285812E-01
-.1436763E-01
.5019487E-02
.1899697E-01
.2718856E-01
.3546092E-01
.4579707E-01
.5077188E-01
.3688891E-01
.3756452E-02
-.2611942E-01
-.3648369E-01
-.3461532E-01
-.3663249E-01
-.4644870E-01
-.5746133E-01
-.6377612E-01
-.6225548E-01
-.5599549E-01
-.5176927E-01
-.5023340E-01
-.4469022E-01
-.3185216E-01
-.1330907E-01
.4614613E-02
.1933839E-01
.3295914E-01
.4402734E-01
.4801739E-01
.3975764E-01
.1021277E-01
-.2450794E-01
-.4430232E-01
-.4164560E-01
-.2881548E-01
-.2205698E-01
-.2384991E-01
-.2798133E-01
-.3535514E-01
-.4875001E-01
-.6171598E-01
-.6187458E-01
-.4546841E-01
-.2107353E-01
.8699037E-03
.1411447E-01
.2063484E-01
.2309141E-01
.2070217E-01
.1167870E-01
-.3264252E-02
-.1565541E-01
-.1716636E-01
-.9559000E-02
-.1413610E-02
.1108297E-02
-.6897015E-03
-.4009841E-02
-.7931508E-02
-.1407433E-01
-.2265224E-01
-.3115187E-01
-.3791128E-01
-.4320291E-01
-.4775623E-01
-.5180132E-01
-.5567961E-01
-.5816501E-01
-.5371160E-01
-.4084053E-01
-.2623679E-01
-.1578390E-01
-.1344129E-01
-.1486028E-01
-.1215326E-01
-.4519661E-02
.5256050E-02
.1422345E-01
.2172743E-01
.2985601E-01
.4028147E-01
.4834249E-01
.4828655E-01
.3688568E-01
.1496519E-01
-.9285369E-02
-.3199116E-01
-.4801067E-01
-.5609204E-01
-.6077017E-01
-.6560123E-01
-.6932587E-01
-.6842697E-01
-.5873015E-01
-.3786058E-01
-.1372879E-01
.2574583E-02
.7214343E-02
.3352546E-02
-.1881573E-02
-.6363178E-02
-.1333183E-01
-.2505332E-01
-.3848642E-01
-.4859550E-01
-.5461575E-01
-.5816553E-01
-.5610302E-01
-.4410829E-01
-.2700524E-01
-.1610348E-01
-.1395676E-01
-.1236102E-01
-.4327652E-02
.1342443E-01
.3293388E-01
.3972279E-01
.2798614E-01
.3100219E-02
-.2476254E-01
-.4377340E-01
-.5202169E-01
-.5632102E-01
-.6088615E-01
-.6203929E-01
-.5754015E-01
-.4496322E-01
-.2431356E-01
.3729493E-04
.2450029E-01
.4301960E-01
.5566169E-01
.6406319E-01
.6793750E-01
.6713059E-01
.5979369E-01
.4619055E-01
.2951443E-01
.1559787E-01
.7096929E-02
.2012971E-02
-.8214513E-03
-.2367742E-03
.4500396E-02
.8646139E-02
.6776554E-02
-.1264323E-02
-.1605855E-01
-.3644274E-01
-.5722289E-01
-.7342950E-01
-.8279873E-01
-.8368949E-01
-.7829714E-01
-.7202314E-01
-.6336875E-01
-.4895179E-01
-.2841944E-01
-.2456147E-02
.2411278E-01
.4714957E-01
.6160066E-01
.6487260E-01
.5832605E-01
.4313190E-01
.2748561E-01
.1499429E-01
-.2014965E-02
-.2300765E-01
-.4644645E-01
-.6786247E-01
-.8213642E-01
-.8829044E-01
-.8696941E-01
-.8256240E-01
-.7599458E-01
-.6502336E-01
-.4719212E-01
-.2953076E-01
-.2130376E-01
-.2302858E-01
-.2803982E-01
-.3109788E-01
-.3244384E-01
-.3296292E-01
-.3234858E-01
-.2948868E-01
-.2639114E-01
-.2492416E-01
-.2678318E-01
-.3146997E-01
-.3689343E-01
-.3943218E-01
-.3852818E-01
-.3481947E-01
-.3017259E-01
-.2457141E-01
-.2038523E-01
-.2363636E-01
-.3276032E-01
-.4347225E-01
-.5278845E-01
-.6025663E-01
-.6723313E-01
-.7281615E-01
-.7239135E-01
-.6390201E-01
-.5260012E-01
-.4538684E-01
-.4565982E-01
-.5307861E-01
-.6323780E-01
-.6832665E-01
-.6423258E-01
-.5640179E-01
-.5485163E-01
-.6570954E-01
-.8757620E-01
-.1049823E+00
-.1071619E+00
-.1017017E+00
-.1014599E+00
-.1073039E+00
-.1114202E+00
-.1112135E+00
-.1096428E+00
-.1084384E+00
-.1076285E+00
-.1088319E+00
-.1125983E+00
-.1097172E+00
-.9384768E-01
-.7513400E-01
-.6779792E-01
-.7449470E-01
-.8715905E-01
-.9384301E-01
-.8938969E-01
-.8326010E-01
-.8510101E-01
-.9397825E-01
-.1021804E+00
-.1012988E+00
-.9672536E-01
-.9940139E-01
-.1086883E+00
-.1120408E+00
-.1031238E+00
-.9187130E-01
-.8675776E-01
-.8699954E-01
-.8829248E-01
-.8672820E-01
-.8237134E-01
-.7644911E-01
-.7202687E-01
-.7056453E-01
-.7090346E-01
-.7127443E-01
-.7059565E-01
-.7104271E-01
-.7546117E-01
-.8258572E-01
-.8863243E-01
-.8824830E-01
-.8284075E-01
-.7825882E-01
-.7804580E-01
-.8195881E-01
-.8322694E-01
-.7444428E-01
-.5245196E-01
-.2303968E-01
.7659471E-02
.4386391E-01
.8946865E-01
.1346928E+00
.1698024E+00
.1951660E+00
.2161053E+00
.2403124E+00
.2705378E+00
.2991765E+00
.3158741E+00
.3253613E+00
.3370491E+00
.3532823E+00
.3695633E+00
.3773808E+00
.3801595E+00
.3867831E+00
.3985111E+00
.4119045E+00
.4226363E+00
.4292296E+00
.4342242E+00
.4391089E+00
.4433189E+00
.4451614E+00
.4458924E+00
.4467890E+00
.4472272E+00
.4457860E+00
.4418273E+00
.4389040E+00
.4384814E+00
.4394652E+00
.4406643E+00
.4424672E+00
.4477292E+00
.4561986E+00
.4653637E+00
.4690871E+00
.4628033E+00
.4505441E+00
.4411142E+00
.4367961E+00
.4341800E+00
.4274285E+00
.4155131E+00
.4023983E+00
.3939446E+00
.3897611E+00
.3852690E+00
.3696234E+00
.3413261E+00
.3034223E+00
.2700966E+00
.2523706E+00
.2490815E+00
.2466155E+00
.2348589E+00
.2136005E+00
.1898810E+00
.1680931E+00
.1465203E+00
.1279958E+00
.1153239E+00
.1073108E+00
.1001261E+00
.9107007E-01
.7829115E-01
.6592340E-01
.5741537E-01
.5213943E-01
.4743727E-01
.4170515E-01
.3441848E-01
.2539771E-01
.1557538E-01
.6377555E-02
-.1048739E-02
-.4776979E-02
-.5887800E-02
-.6406985E-02
-.7270448E-02
-.8101030E-02
-.8377691E-02
-.9773954E-02
-.1352962E-01
-.1768233E-01
-.2157331E-01
-.2641192E-01
-.3179220E-01
-.3513244E-01
-.3437965E-01
-.3255559E-01
-.3280726E-01
-.3769933E-01
-.4436880E-01
-.4864548E-01
-.4887936E-01
-.4678150E-01
-.4296177E-01
-.3942678E-01
-.3778920E-01
-.3928355E-01
-.4364914E-01
-.5005389E-01
-.5674081E-01
-.6228049E-01
-.6380824E-01
-.5796407E-01
-.4779665E-01
-.3841892E-01
-.3435811E-01
-.3491326E-01
-.3609298E-01
-.3578424E-01
-.3361807E-01
-.3137550E-01
-.3022081E-01
-.2767711E-01
-.2033463E-01
-.1013738E-01
-.3412913E-04
.5523540E-02
.3198768E-02
-.1295420E-02
.1527417E-02
.1280850E-01
.2348831E-01
.2866797E-01
.2644603E-01
.1363435E-01
-.1668197E-02
-.4527241E-02
.1079437E-01
.3645788E-01
.5394312E-01
.5548786E-01
.4908264E-01
.4280073E-01
.4222819E-01
.4959350E-01
.5894114E-01
.6314207E-01
.6150460E-01
.6125688E-01
.6674171E-01
.7635331E-01
.8565253E-01
.9148858E-01
.9183752E-01
.8534745E-01
.7515324E-01
.7006917E-01
.7798365E-01
.9718217E-01
.1140553E+00
.1158784E+00
.1083330E+00
.1054046E+00
.1103184E+00
.1167756E+00
.1196293E+00
.1185435E+00
.1195619E+00
.1263176E+00
.1348693E+00
.1408318E+00
.1400275E+00
.1358934E+00
.1357620E+00
.1426183E+00
.1509429E+00
.1558611E+00
.1576626E+00
.1574516E+00
.1561862E+00
.1567052E+00
.1620969E+00
.1694868E+00
.1716461E+00
.1676208E+00
.1641276E+00
.1715421E+00
.1887205E+00
.1992152E+00
.1951755E+00
.1871323E+00
.1875190E+00
.2001001E+00
.2164044E+00
.2235784E+00
.2187757E+00
.2097816E+00
.2032117E+00
.2009638E+00
.2029401E+00
.2052704E+00
.2058468E+00
.2045293E+00
.2029571E+00
.2023883E+00
.2031970E+00
.2050432E+00
.2091959E+00
.2137068E+00
.2154544E+00
.2156697E+00
.2163450E+00
.2166617E+00
.2157851E+00
.2135650E+00
.2099215E+00
.2044886E+00
.1951493E+00
.1816711E+00
.1675582E+00
.1540615E+00
.1404196E+00
.1265081E+00
.1134851E+00
.1011694E+00
.8868604E-01
.7492350E-01
.5865936E-01
.4026537E-01
.2254427E-01
.4133805E-02
-.1651883E-01
-.3689482E-01
-.5754373E-01
-.7596916E-01
-.9245317E-01
-.1103461E+00
-.1261221E+00
-.1364332E+00
-.1455314E+00
-.1583164E+00
-.1756751E+00
-.1951642E+00
-.2117547E+00
-.2225087E+00
-.2326940E+00
-.2490737E+00
-.2715834E+00
-.2936358E+00
-.3107313E+00
-.3232124E+00
-.3344922E+00
-.3485277E+00
-.3650925E+00
-.3813193E+00
-.3944578E+00
-.4033999E+00
-.4112691E+00
-.4202668E+00
-.4270438E+00
-.4290883E+00
-.4279732E+00
-.4274413E+00
-.4279553E+00
-.4271365E+00
-.4247333E+00
-.4220720E+00
-.4187123E+00
-.4137944E+00
-.4083443E+00
-.4011263E+00
-.3893090E+00
-.3719370E+00
-.3535324E+00
-.3403203E+00
-.3264866E+00
-.2977300E+00
-.2742389E+00
-.2662521E+00
-.2619839E+00
-.2524176E+00
-.2403045E+00
-.2317446E+00
-.2264562E+00
-.2211802E+00
-.2142069E+00
-.2061077E+00
-.1977570E+00
-.1894135E+00
-.1858032E+00
-.1898392E+00
-.1945430E+00
-.1894448E+00
-.1718199E+00
-.1529197E+00
-.1429114E+00
-.1419019E+00
-.1441129E+00
-.1458852E+00
-.1440913E+00
-.1316825E+00
-.1094702E+00
-.9043168E-01
-.8784880E-01
-.9466498E-01
-.9592784E-01
-.8644218E-01
-.7660154E-01
-.7303135E-01
-.7252005E-01
-.7049781E-01
-.6632578E-01
-.6182039E-01
-.5816370E-01
-.5509255E-01
-.5192247E-01
-.4817188E-01
-.4348637E-01
-.3812693E-01
-.3130622E-01
-.2862909E-01
-.2987809E-01
-.2888134E-01
-.2305199E-01
-.1546710E-01
-.1179193E-01
-.1307766E-01
-.1552958E-01
-.1365608E-01
-.8349911E-02
-.3182502E-02
-.7842442E-03
-.4137794E-03
-.8333699E-03
-.4350436E-03
.1092818E-02
.1401235E-02
-.1380552E-02
-.7924251E-02
-.1515431E-01
-.1994087E-01
-.2135450E-01
-.2213414E-01
-.2562782E-01
-.3427406E-01
-.4470749E-01
-.4954452E-01
-.4902659E-01
-.4843419E-01
-.4974516E-01
-.5150274E-01
-.5134999E-01
-.4927694E-01
-.4541821E-01
-.4096280E-01
-.3707375E-01
-.3322556E-01
-.2875878E-01
-.2529498E-01
-.2359479E-01
-.2321808E-01
-.2213561E-01
-.1866195E-01
-.1375986E-01
-.8794312E-02
-.5709454E-02
-.6190390E-02
-.8058437E-02
-.8845031E-02
-.7895456E-02
-.6459603E-02
-.6073162E-02
-.7719638E-02
-.1109387E-01
-.1440707E-01
-.1645663E-01
-.1739957E-01
-.1948584E-01
-.2323814E-01
-.2680680E-01
-.2875992E-01
-.3208433E-01
-.3906720E-01
-.4789053E-01
-.5077525E-01
-.4831558E-01
-.4643161E-01
-.4691442E-01
-.4770206E-01
-.4630842E-01
-.4526387E-01
-.4883817E-01
-.5352277E-01
-.5698911E-01
-.5953313E-01
-.6214262E-01
-.6513245E-01
-.6807735E-01
-.7042899E-01
-.7176460E-01
-.7221898E-01
-.7209984E-01
-.7093831E-01
-.6850277E-01
-.6647192E-01
-.6601775E-01
-.6733427E-01
-.6894449E-01
-.6979823E-01
-.7025168E-01
-.7097987E-01
-.7214546E-01
-.7370750E-01
-.7535330E-01
-.7683208E-01
-.7820185E-01
-.7961675E-01
-.8111816E-01
-.8264711E-01
-.8415198E-01
-.8563194E-01
-.8713078E-01
-.8877702E-01
-.9101239E-01
-.9413773E-01
-.9654611E-01
-.9765180E-01
-.9863912E-01
-.9976997E-01
-.1005116E+00
-.1010526E+00
-.1017240E+00
-.1025881E+00
-.1039139E+00
-.1057836E+00
-.1074026E+00
-.1081426E+00
-.1079724E+00
-.1079403E+00
-.1085210E+00
-.1092520E+00
-.1095128E+00
-.1090759E+00
-.1080799E+00
-.1069041E+00
-.1059400E+00
-.1048480E+00
-.1031389E+00
-.1016260E+00
-.1005639E+00
-.9821983E-01
-.9508831E-01
-.9311124E-01
-.9273669E-01
-.9309087E-01
-.9233651E-01
-.9056448E-01
-.8908348E-01
-.8872749E-01
-.8946859E-01
-.9155684E-01
-.9394260E-01
-.9522397E-01
-.9487665E-01
-.9377713E-01
-.9330578E-01
-.9392285E-01
-.9528373E-01
-.9582140E-01
-.9506533E-01
-.9348601E-01
-.9178726E-01
-.9020933E-01
-.8890385E-01
-.8785758E-01
-.8678533E-01
-.8531303E-01
-.8303716E-01
-.8094536E-01
-.8007152E-01
-.8122413E-01
-.8373639E-01
-.8592322E-01
-.8700528E-01
-.8740545E-01
-.8793455E-01
-.8876084E-01
-.8952259E-01
-.8988314E-01
-.8984083E-01
-.8969466E-01
-.8956427E-01
-.8941113E-01
-.8981043E-01
-.9098741E-01
-.9309105E-01
-.9526903E-01
-.9657907E-01
-.9759043E-01
-.9908416E-01
-.1011088E+00
-.1027607E+00
-.1034632E+00
-.1035446E+00
-.1033915E+00
-.1026689E+00
-.1014885E+00
-.1004005E+00
-.1004745E+00
-.1009087E+00
-.9982332E-01
-.9797303E-01
-.9691134E-01
-.9662549E-01
-.9612611E-01
-.9456599E-01
-.9226115E-01
-.8991927E-01
-.8811109E-01
-.8672663E-01
-.8537777E-01
-.8374735E-01
-.8195039E-01
-.8147835E-01
-.8240033E-01
-.8260806E-01
-.8178078E-01
-.8119135E-01
-.8139970E-01
-.8209509E-01
-.8346845E-01
-.8506421E-01
-.8619940E-01
-.8728087E-01
-.8913957E-01
-.9242600E-01
-.9655615E-01
-.1005438E+00
-.1030331E+00
-.1033080E+00
-.1011936E+00
-.9838325E-01
-.9611922E-01
-.9463948E-01
-.9321716E-01
-.9126338E-01
-.8793045E-01
-.8306911E-01
-.7803226E-01
-.7347342E-01
-.6894336E-01
-.6315478E-01
-.5520945E-01
-.4701674E-01
-.4004484E-01
-.3348551E-01
-.2631237E-01
-.1904751E-01
-.1407686E-01
-.1191549E-01
-.1123282E-01
-.1027101E-01
-.8826015E-02
-.8868529E-02
-.1056549E-01
-.1266839E-01
-.1528316E-01
-.1912500E-01
-.2658981E-01
-.3915902E-01
-.5488432E-01
-.6751844E-01
-.7319371E-01
-.7316354E-01
-.7022977E-01
-.6661102E-01
-.6185508E-01
-.5558988E-01
-.4865363E-01
-.4405282E-01
-.4230277E-01
-.4256263E-01
-.4391268E-01
-.4544117E-01
-.4650443E-01
-.4684363E-01
-.4563605E-01
-.4240039E-01
-.3692660E-01
-.2923756E-01
-.1903417E-01
-.4818546E-02
.1312537E-01
.3128168E-01
.4823747E-01
.6470717E-01
.7592942E-01
.8025941E-01
.8013596E-01
.7813546E-01
.7417073E-01
.6864679E-01
.6308707E-01
.5928210E-01
.5720505E-01
.5620222E-01
.5603137E-01
.5656244E-01
.5768643E-01
.5936962E-01
.6164243E-01
.6473567E-01
.6880356E-01
.7358466E-01
.7904766E-01
.8604709E-01
.9369569E-01
.1006264E+00
.1057247E+00
.1090208E+00
.1119684E+00
.1147017E+00
.1149201E+00
.1127609E+00
.1099790E+00
.1070450E+00
.1036269E+00
.9984275E-01
.9697234E-01
.9600950E-01
.9744531E-01
.1007304E+00
.1064647E+00
.1151008E+00
.1260802E+00
.1373086E+00
.1478577E+00
.1571291E+00
.1653189E+00
.1713032E+00
.1749836E+00
.1772002E+00
.1795584E+00
.1835464E+00
.1885951E+00
.1935256E+00
.1975275E+00
.2008519E+00
.2036299E+00
.2061739E+00
.2085835E+00
.2097846E+00
.2092542E+00
.2088236E+00
.2092419E+00
.2093696E+00
.2089640E+00
.2083898E+00
.2064901E+00
.2042358E+00
.2036678E+00
.2041793E+00
.2044760E+00
.2045629E+00
.2045748E+00
.2042987E+00
.2041958E+00
.2041328E+00
.2016986E+00
.1939256E+00
.1766819E+00
.1532877E+00
.1303570E+00
.1133917E+00
.1014078E+00
.9245885E-01
.8395449E-01
.7750877E-01
.7416991E-01
.7260657E-01
.7103378E-01
.6905158E-01
.6618222E-01
.6299215E-01
.6030221E-01
.5783812E-01
.5495460E-01
.5135687E-01
.4712191E-01
.4251506E-01
.3813448E-01
.3420526E-01
.3049054E-01
.2588146E-01
.2071224E-01
.1658117E-01
.1383236E-01
.1187976E-01
.1052526E-01
.9841434E-02
.1025260E-01
.1220181E-01
.1620997E-01
.2333838E-01
.3333426E-01
.4594771E-01
.5802417E-01
.6780141E-01
.7472700E-01
.7656983E-01
.7491782E-01
.6960926E-01
.6069718E-01
.4951719E-01
.3796081E-01
.2803664E-01
.2002507E-01
.1326979E-01
.7916843E-02
.4390196E-02
.2004957E-02
.1673791E-04
-.1594144E-02
-.2394575E-02
-.2204266E-02
-.1075367E-02
.1696025E-03
.9377337E-03
.1716725E-02
.2844777E-02
.3629908E-02
.3490693E-02
.2346892E-02
.7429496E-03
-.9955429E-03
-.3071742E-02
-.6065360E-02
-.1010475E-01
-.1435689E-01
-.1808248E-01
-.2109655E-01
-.2344567E-01
-.2535741E-01
-.2702140E-01
-.2768910E-01
-.2672432E-01
-.2385011E-01
-.1975043E-01
-.1578416E-01
-.1225399E-01
-.8649685E-02
-.4844268E-02
-.1149907E-02
.1915235E-02
.4336950E-02
.6267488E-02
.7559529E-02
.7907468E-02
.7963699E-02
.8287446E-02
.9016528E-02
.1015457E-01
.1178072E-01
.1318265E-01
.1399621E-01
.1508768E-01
.1674966E-01
.1822644E-01
.1966022E-01
.2156051E-01
.2344524E-01
.2496237E-01
.2660388E-01
.2869516E-01
.3057552E-01
.3205660E-01
.3356015E-01
.3517142E-01
.3676019E-01
.3880824E-01
.4156083E-01
.4530993E-01
.4943275E-01
.5313003E-01
.5654203E-01
.6001553E-01
.6279319E-01
.6458909E-01
.6580142E-01
.6662067E-01
.6679831E-01
.6588947E-01
.6365065E-01
.6024620E-01
.5687329E-01
.5457094E-01
.5259862E-01
.5010411E-01
.4722194E-01
.4558012E-01
.4620353E-01
.4874401E-01
.5163475E-01
.5387929E-01
.5613484E-01
.5936858E-01
.6330213E-01
.6712062E-01
.7001869E-01
.7194510E-01
.7272062E-01
.7262156E-01
.7176700E-01
.7068518E-01
.6927216E-01
.6656049E-01
.6278130E-01
.5879540E-01
.5517457E-01
.5217634E-01
.4996486E-01
.4818553E-01
.4633594E-01
.4404652E-01
.4193613E-01
.4068164E-01
.4083918E-01
.4184884E-01
.4233197E-01
.4218649E-01
.4215699E-01
.4283658E-01
.4414812E-01
.4625460E-01
.4867114E-01
.5078266E-01
.5317029E-01
.5625468E-01
.5844240E-01
.5973429E-01
.6166232E-01
.6437316E-01
.6703888E-01
.6931618E-01
.7133406E-01
.7273488E-01
.7386672E-01
.7540067E-01
.7530050E-01
.7150286E-01
.6220478E-01
.4762793E-01
.3036511E-01
.1541244E-01
.5655693E-02
-.1379521E-02
-.7786271E-02
-.1269906E-01
-.1579771E-01
-.1674528E-01
-.1631724E-01
-.1559141E-01
-.1537206E-01
-.1555260E-01
-.1578295E-01
-.1619469E-01
-.1711192E-01
-.1845593E-01
-.1995466E-01
-.2145858E-01
-.2242149E-01
-.2239090E-01
-.2092152E-01
-.1854262E-01
-.1590786E-01
-.1266484E-01
-.8215601E-02
-.2506173E-02
.3872346E-02
.1006867E-01
.1553584E-01
.1816964E-01
.1698102E-01
.1414440E-01
.1149216E-01
.9144456E-02
.6698420E-02
.3986807E-02
.5951507E-03
-.2810605E-02
-.4419681E-02
-.4329300E-02
-.3784122E-02
-.3820954E-02
-.4242224E-02
-.4403509E-02
-.4537490E-02
-.5188360E-02
-.6533416E-02
-.8307647E-02
-.1010426E-01
-.1159422E-01
-.1265400E-01
-.1296190E-01
-.1294881E-01
-.1332518E-01
-.1446811E-01
-.1627529E-01
-.1841092E-01
-.2053183E-01
-.2254428E-01
-.2482328E-01
-.2745770E-01
-.2935132E-01
-.3064855E-01
-.3240765E-01
-.3505261E-01
-.3813059E-01
-.4144450E-01
-.4551824E-01
-.5018624E-01
-.5542278E-01
-.6165941E-01
-.6861796E-01
-.7538983E-01
-.8091284E-01
-.8608570E-01
-.9208157E-01
-.9775172E-01
-.1013041E+00
-.1013995E+00
-.9766554E-01
-.8857295E-01
-.7110822E-01
-.4622008E-01
-.1971334E-01
.2944910E-02
.1438642E-01
.1569044E-01
.1174263E-01
.4310026E-02
-.5588684E-02
-.1690549E-01
-.2732020E-01
-.3523396E-01
-.4005907E-01
-.4277488E-01
-.4383252E-01
-.4357438E-01
-.4259482E-01
-.4114088E-01
-.3977314E-01
-.3888083E-01
-.3812191E-01
-.3738947E-01
-.3718936E-01
-.3814078E-01
-.4040587E-01
-.4436218E-01
-.5042316E-01
-.5922520E-01
-.7017427E-01
-.8206807E-01
-.9432207E-01
-.1044572E+00
-.1118849E+00
-.1176272E+00
-.1224353E+00
-.1250182E+00
-.1243448E+00
-.1207961E+00
-.1153058E+00
-.1080665E+00
-.9866861E-01
-.8802089E-01
-.7727559E-01
-.6778979E-01
-.5977743E-01
-.5188186E-01
-.4391980E-01
-.3847591E-01
-.3544182E-01
-.3307013E-01
-.3052097E-01
-.2825657E-01
-.2641548E-01
-.2481029E-01
-.2354401E-01
-.2188128E-01
-.1889560E-01
-.1581115E-01
-.1380315E-01
-.1266075E-01
-.1147441E-01
-.9830371E-02
-.8560495E-02
-.8311414E-02
-.8488712E-02
-.8892015E-02
-.1040195E-01
-.1321065E-01
-.1672452E-01
-.1990145E-01
-.2272229E-01
-.2584737E-01
-.2891427E-01
-.3100797E-01
-.3083270E-01
-.2888192E-01
-.2560696E-01
-.2023944E-01
-.1222426E-01
-.2470646E-02
.7396794E-02
.1648430E-01
.2431126E-01
.3032982E-01
.3512488E-01
.3921561E-01
.4316848E-01
.4687997E-01
.4986019E-01
.5155565E-01
.5132214E-01
.4857140E-01
.4330038E-01
.3538787E-01
.2496399E-01
.1269793E-01
.1241799E-02
-.7626760E-02
-.1290243E-01
-.1614113E-01
-.1816417E-01
-.1798377E-01
-.1544852E-01
-.1193966E-01
-.7859724E-02
-.2486781E-02
.2885272E-02
.7276444E-02
.1088431E-01
.1435800E-01
.1774530E-01
.2059905E-01
.2278394E-01
.2417069E-01
.2288121E-01
.1988181E-01
.1706202E-01
.1449565E-01
.1173488E-01
.9337287E-02
.8508693E-02
.9637870E-02
.1206131E-01
.1528397E-01
.1930728E-01
.2401536E-01
.2928539E-01
.3414131E-01
.3827826E-01
.4203519E-01
.4553777E-01
.4848424E-01
.5086007E-01
.5314114E-01
.5495768E-01
.5541990E-01
.5453897E-01
.5311329E-01
.5192542E-01
.5061122E-01
.4834242E-01
.4508121E-01
.4134570E-01
.3748753E-01
.3359585E-01
.2942838E-01
.2354033E-01
.1572399E-01
.7309688E-02
-.1808816E-02
-.1204485E-01
-.2299383E-01
-.3318387E-01
-.4073216E-01
-.4505338E-01
-.4680924E-01
-.4764182E-01
-.4804647E-01
-.4785023E-01
-.4655414E-01
-.4406109E-01
-.4115637E-01
-.3813569E-01
-.3501999E-01
-.3161369E-01
-.2738368E-01
-.2265053E-01
-.1750600E-01
-.1182525E-01
-.4624789E-02
.3983554E-02
.1252734E-01
.2038080E-01
.2658248E-01
.3070582E-01
.3353580E-01
.3548638E-01
.3616414E-01
.3528760E-01
.3248454E-01
.2798145E-01
.2229200E-01
.1567431E-01
.9372605E-02
.4379580E-02
.1044393E-02
-.1271720E-02
-.2520511E-02
-.2522082E-02
-.1502560E-02
-.6155663E-03
-.2240430E-03
.1594155E-03
.7829070E-03
.1423364E-02
.1583625E-02
.1328972E-02
.1276826E-02
.1042995E-02
-.1750611E-03
-.1570295E-02
-.2331843E-02
-.2568930E-02
-.2958287E-02
-.3867219E-02
-.5079539E-02
-.6429594E-02
-.8170439E-02
-.1027108E-01
-.1262765E-01
-.1538328E-01
-.1863338E-01
-.2233895E-01
-.2606155E-01
-.2952349E-01
-.3294357E-01
-.3630045E-01
-.3898865E-01
-.4022446E-01
-.3989667E-01
-.3857285E-01
-.3648774E-01
-.3337667E-01
-.2872408E-01
-.2166985E-01
-.1151321E-01
.5534941E-03
.1206337E-01
.2261085E-01
.3186935E-01
.3879262E-01
.4341533E-01
.4613825E-01
.4787047E-01
.4899174E-01
.4895044E-01
.4749631E-01
.4468646E-01
.4015136E-01
.3361895E-01
.2484465E-01
.1518574E-01
.6065436E-02
-.1325986E-02
-.6496452E-02
-.9214254E-02
-.1069724E-01
-.1159565E-01
-.1204094E-01
-.1256847E-01
-.1431188E-01
-.1734862E-01
-.2100867E-01
-.2432576E-01
-.2705582E-01
-.2919393E-01
-.2996867E-01
-.2864697E-01
-.2471924E-01
-.1956660E-01
-.1347136E-01
-.6938300E-02
-.2236016E-02
.6115232E-04
.3091648E-03
-.1319974E-02
-.5141899E-02
-.1043680E-01
-.1581414E-01
-.2031919E-01
-.2355075E-01
-.2533628E-01
-.2530414E-01
-.2375392E-01
-.2097381E-01
-.1782096E-01
-.1484592E-01
-.1210612E-01
-.9272325E-02
-.6276682E-02
-.3975883E-02
-.2364693E-02
.3715670E-03
.4683657E-02
.9763326E-02
.1494716E-01
.2000712E-01
.2320678E-01
.2489147E-01
.2639024E-01
.2743616E-01
.2721181E-01
.2595584E-01
.2495831E-01
.2605925E-01
.2823110E-01
.2978756E-01
.3089819E-01
.3233327E-01
.3400685E-01
.3545070E-01
.3640524E-01
.3688170E-01
.3694998E-01
.3676992E-01
.3690439E-01
.3784611E-01
.3891832E-01
.3957111E-01
.4022206E-01
.4112071E-01
.4196566E-01
.4219395E-01
.4153577E-01
.3950008E-01
.3600629E-01
.3131994E-01
.2612461E-01
.2105547E-01
.1745256E-01
.1499983E-01
.1263927E-01
.1025677E-01
.8563445E-02
.9664806E-02
.1283880E-01
.1599400E-01
.1867663E-01
.2165105E-01
.2499996E-01
.2764777E-01
.2774050E-01
.2626528E-01
.2357841E-01
.2037792E-01
.1753249E-01
.1515885E-01
.1285475E-01
.1048035E-01
.8931407E-02
.9219668E-02
.1025206E-01
.1094454E-01
.1166519E-01
.1233606E-01
.1216969E-01
.1101626E-01
.9302973E-02
.6873455E-02
.3928591E-02
.9495326E-03
-.1678767E-02
-.3900057E-02
-.5713422E-02
-.7595122E-02
-.9944815E-02
-.1252253E-01
-.1489056E-01
-.1680675E-01
-.1885874E-01
-.2144787E-01
-.2379176E-01
-.2572984E-01
-.2788412E-01
-.2974465E-01
-.3064224E-01
-.3108547E-01
-.3162781E-01
-.3222788E-01
-.3190642E-01
-.3011083E-01
-.2720042E-01
-.2337921E-01
-.1823184E-01
-.1294370E-01
-.8724783E-02
-.5775585E-02
-.3547284E-02
-.2232478E-02
-.1886546E-02
-.2208120E-02
-.1772511E-02
.3137573E-04
.3855426E-02
.9476875E-02
.1643923E-01
.2343503E-01
.2976021E-01
.3476137E-01
.3834241E-01
.3965740E-01
.3866807E-01
.3503185E-01
.2810929E-01
.1935683E-01
.1174926E-01
.6261036E-02
.2774075E-02
.1341888E-02
.1356546E-02
.2014711E-02
.2910920E-02
.3970086E-02
.4443257E-02
.3623861E-02
.9987820E-03
-.3141960E-02
-.8512359E-02
-.1474392E-01
-.2125053E-01
-.2717158E-01
-.3230491E-01
-.3702679E-01
-.4206252E-01
-.4718660E-01
-.5170856E-01
-.5611827E-01
-.6092997E-01
-.6527257E-01
-.6853988E-01
-.7072833E-01
-.7167585E-01
-.7135501E-01
-.6983834E-01
-.6831665E-01
-.6774934E-01
-.6743719E-01
-.6662285E-01
-.6542847E-01
-.6427355E-01
-.6327889E-01
-.6226114E-01
-.6087905E-01
-.5797452E-01
-.5383336E-01
-.4947658E-01
-.4530870E-01
-.4119091E-01
-.3733245E-01
-.3317015E-01
-.2742761E-01
-.2088468E-01
-.1506684E-01
-.1127184E-01
-.8967033E-02
-.7671404E-02
-.7697673E-02
-.1006397E-01
-.1438403E-01
-.1921140E-01
-.2304998E-01
-.2556014E-01
-.2713946E-01
-.2789778E-01
-.2785201E-01
-.2642280E-01
-.2400109E-01
-.2127022E-01
-.1817872E-01
-.1449291E-01
-.9956185E-02
-.5844984E-02
-.3160838E-02
-.1210564E-02
.7188383E-03
.2498420E-02
.4148307E-02
.5848669E-02
.7182726E-02
.8085196E-02
.9124757E-02
.1037900E-01
.1156412E-01
.1299219E-01
.1508091E-01
.1806234E-01
.2177361E-01
.2615506E-01
.3045059E-01
.3423668E-01
.3734724E-01
.3942188E-01
.3997180E-01
.3952312E-01
.3841646E-01
.3625063E-01
.3398814E-01
.3306874E-01
.3301524E-01
.3295449E-01
.3286455E-01
.3286298E-01
.3280651E-01
.3207086E-01
.3010393E-01
.2621912E-01
.2115208E-01
.1597389E-01
.1120052E-01
.6854706E-02
.3193099E-02
.6076963E-03
-.6063628E-03
.2262481E-03
.2601080E-02
.6219441E-02
.1031794E-01
.1440911E-01
.1912505E-01
.2413406E-01
.2751006E-01
.2957115E-01
.3151771E-01
.3298085E-01
.3347167E-01
.3304606E-01
.3198318E-01
.3036908E-01
.2853133E-01
.2667522E-01
.2476548E-01
.2259555E-01
.2003659E-01
.1752626E-01
.1576445E-01
.1516706E-01
.1571323E-01
.1711977E-01
.1924279E-01
.2142259E-01
.2306525E-01
.2381645E-01
.2399100E-01
.2404511E-01
.2447076E-01
.2558768E-01
.2708718E-01
.2845082E-01
.2897700E-01
.2885195E-01
.2846266E-01
.2692776E-01
.2355331E-01
.1823202E-01
.1139326E-01
.3661213E-02
-.3370453E-02
-.8767151E-02
-.1225985E-01
-.1356350E-01
-.1324085E-01
-.1169366E-01
-.9195277E-02
-.5816532E-02
-.9845676E-03
.5772458E-02
.1412991E-01
.2229129E-01
.2867920E-01
.3284748E-01
.3503781E-01
.3538807E-01
.3402012E-01
.3127292E-01
.2716535E-01
.2198599E-01
.1801728E-01
.1624442E-01
.1715526E-01
.2059464E-01
.2602848E-01
.3227672E-01
.3817873E-01
.4294138E-01
.4667061E-01
.4926190E-01
.5040754E-01
.5029444E-01
.4864697E-01
.4534234E-01
.4043233E-01
.3502730E-01
.2984051E-01
.2463448E-01
.2024153E-01
.1764251E-01
.1718878E-01
.1820737E-01
.2013661E-01
.2210470E-01
.2392856E-01
.2619122E-01
.2905770E-01
.3228743E-01
.3549678E-01
.3846222E-01
.4085961E-01
.4272285E-01
.4392502E-01
.4383815E-01
.4215922E-01
.3904261E-01
.3418307E-01
.2663346E-01
.1878034E-01
.1303582E-01
.9592814E-02
.7328246E-02
.6270910E-02
.7294489E-02
.1045136E-01
.1498757E-01
.2005232E-01
.2542271E-01
.2967630E-01
.3238507E-01
.3373997E-01
.3461189E-01
.3558610E-01
.3603582E-01
.3530912E-01
.3380552E-01
.3191219E-01
.2937323E-01
.2555390E-01
.2036573E-01
.1411798E-01
.7988751E-02
.2649316E-02
-.2351234E-02
-.6533845E-02
-.8708033E-02
-.9360468E-02
-.9208658E-02
-.8390520E-02
-.7223539E-02
-.6132415E-02
-.5320839E-02
-.4880665E-02
-.5305610E-02
-.6290432E-02
-.7206015E-02
-.7987776E-02
-.8862647E-02
-.9853998E-02
-.1051219E-01
-.1027601E-01
-.8895824E-02
-.6753607E-02
-.4446184E-02
-.1759645E-02
.1943502E-02
.5912276E-02
.9368191E-02
.1198136E-01
.1364028E-01
.1417213E-01
.1413916E-01
.1383624E-01
.1299339E-01
.1145468E-01
.9310410E-02
.7030747E-02
.4797849E-02
.2378222E-02
-.2662851E-03
-.2926477E-02
-.4989628E-02
-.5745790E-02
-.4222535E-02
-.4823171E-03
.4727642E-02
.1027672E-01
.1539767E-01
.1967046E-01
.2330891E-01
.2626476E-01
.2805733E-01
.2876307E-01
.2854302E-01
.2744062E-01
.2529164E-01
.2213180E-01
.1827182E-01
.1407187E-01
.1040437E-01
.7860332E-02
.6724647E-02
.6363699E-02
.6465936E-02
.7101669E-02
.8180583E-02
.8629367E-02
.8654203E-02
.9216541E-02
.9645131E-02
.9214524E-02
.9319263E-02
.1079725E-01
.1334567E-01
.1679071E-01
.2116151E-01
.2521522E-01
.2830081E-01
.3028694E-01
.3133079E-01
.3154379E-01
.3089779E-01
.2964825E-01
.2779959E-01
.2500590E-01
.2102933E-01
.1563776E-01
.9441068E-02
.3144799E-02
-.2901574E-02
-.8560202E-02
-.1336161E-01
-.1604800E-01
-.1597027E-01
-.1360603E-01
-.1064862E-01
-.8172168E-02
-.6428187E-02
-.5391397E-02
-.5599047E-02
-.6663327E-02
-.8060358E-02
-.9409047E-02
-.1050096E-01
-.1071485E-01
-.9930910E-02
-.7823234E-02
-.4701293E-02
-.1225709E-02
.1453763E-02
.3257619E-02
.4411935E-02
.4532941E-02
.3469578E-02
.2728978E-02
.2813287E-02
.3121757E-02
.3178170E-02
.3011749E-02
.2550311E-02
.1734520E-02
.5479337E-03
-.5735254E-03
-.1416173E-02
-.2321781E-02
-.3622144E-02
-.5329646E-02
-.6913772E-02
-.8165401E-02
-.9411688E-02
-.1080645E-01
-.1212691E-01
-.1271777E-01
-.1241064E-01
-.1149816E-01
-.1051248E-01
-.9669703E-02
-.9209565E-02
-.9013809E-02
-.8662182E-02
-.8197324E-02
-.8025408E-02
-.8725284E-02
-.1016509E-01
-.1166041E-01
-.1271157E-01
-.1338111E-01
-.1409950E-01
-.1498892E-01
-.1581951E-01
-.1634928E-01
-.1658461E-01
-.1679413E-01
-.1732014E-01
-.1854444E-01
-.1999220E-01
-.2110195E-01
-.2182185E-01
-.2230878E-01
-.2255685E-01
-.2239868E-01
-.2155096E-01
-.1935267E-01
-.1595702E-01
-.1187266E-01
-.7671200E-02
-.3570415E-02
-.3201129E-03
.1853752E-02
.2589682E-02
.2512346E-02
.2307795E-02
.1916018E-02
.1020724E-02
-.7071283E-03
-.2845924E-02
-.4736282E-02
-.5559857E-02
-.5164545E-02
-.3721364E-02
-.1594705E-02
.1179598E-02
.4448958E-02
.7955194E-02
.1155457E-01
.1522951E-01
.1886948E-01
.2172332E-01
.2401008E-01
.2646657E-01
.2868263E-01
.3009842E-01
.3145602E-01
.3313379E-01
.3471207E-01
.3605106E-01
.3742957E-01
.3950505E-01
.4241355E-01
.4582196E-01
.4919617E-01
.5233836E-01
.5530587E-01
.5799529E-01
.5989866E-01
.6043680E-01
.5960417E-01
.5812869E-01
.5640888E-01
.5437730E-01
.5143035E-01
.4739888E-01
.4335228E-01
.4033748E-01
.3858715E-01
.3668599E-01
.3413236E-01
.3198920E-01
.3034878E-01
.2851382E-01
.2667083E-01
.2520675E-01
.2408558E-01
.2293104E-01
.2149931E-01
.1965536E-01
.1735837E-01
.1424267E-01
.1058961E-01
.6960133E-02
.4000549E-02
.1733117E-02
-.2408161E-04
-.1161010E-02
-.1592503E-02
-.1377362E-02
-.1008983E-02
-.8777067E-03
-.1267921E-02
-.2125269E-02
-.3271885E-02
-.4594363E-02
-.6064859E-02
-.7491091E-02
-.8858029E-02
-.1026176E-01
-.1114887E-01
-.1107550E-01
-.1031442E-01
-.9430043E-02
-.8640713E-02
-.7771508E-02
-.6749640E-02
-.6231438E-02
-.6466049E-02
-.7307545E-02
-.8758280E-02
-.1066021E-01
-.1269285E-01
-.1457709E-01
-.1611098E-01
-.1690864E-01
-.1704293E-01
-.1698666E-01
-.1690437E-01
-.1675637E-01
-.1722420E-01
-.1800981E-01
-.1755382E-01
-.1639782E-01
-.1581435E-01
-.1564574E-01
-.1521452E-01
-.1422206E-01
-.1326773E-01
-.1284798E-01
-.1263053E-01
-.1216253E-01
-.1127779E-01
-.1020322E-01
-.9230701E-02
-.8768321E-02
-.8717339E-02
-.8888794E-02
-.9277541E-02
-.1000281E-01
-.1127141E-01
-.1290073E-01
-.1462309E-01
-.1653554E-01
-.1848734E-01
-.1982736E-01
-.2077837E-01
-.2188787E-01
-.2323593E-01
-.2433796E-01
-.2477467E-01
-.2497566E-01
-.2537969E-01
-.2595837E-01
-.2650605E-01
-.2701077E-01
-.2759723E-01
-.2837295E-01
-.2912366E-01
-.2971920E-01
-.3060893E-01
-.3189984E-01
-.3338919E-01
-.3456501E-01
-.3520996E-01
-.3566876E-01
-.3614739E-01
-.3643856E-01
-.3597512E-01
-.3485440E-01
-.3386658E-01
-.3335912E-01
-.3317961E-01
-.3313380E-01
-.3319055E-01
-.3342194E-01
-.3380160E-01
-.3430768E-01
-.3506627E-01
-.3577822E-01
-.3564121E-01
-.3508051E-01
-.3479478E-01
-.3444160E-01
-.3411233E-01
-.3473205E-01
-.3567634E-01
-.3596620E-01
-.3576956E-01
-.3580166E-01
-.3635713E-01
-.3682799E-01
-.3681829E-01
-.3641070E-01
-.3576469E-01
-.3490605E-01
-.3437912E-01
-.3431649E-01
-.3428164E-01
-.3441580E-01
-.3500355E-01
-.3541238E-01
-.3559806E-01
-.3650512E-01
-.3798974E-01
-.3924551E-01
-.3957689E-01
-.3945924E-01
-.3966602E-01
-.4021459E-01
-.4070879E-01
-.4087579E-01
-.4055801E-01
-.3967344E-01
-.3877972E-01
-.3825545E-01
-.3803975E-01
-.3808432E-01
-.3851668E-01
-.3871408E-01
-.3840514E-01
-.3800918E-01
-.3809813E-01
-.3869537E-01
-.3904705E-01
-.3885445E-01
-.3827108E-01
-.3770918E-01
-.3731070E-01
-.3672716E-01
-.3582093E-01
-.3475266E-01
-.3381476E-01
-.3309575E-01
-.3247733E-01
-.3195996E-01
-.3162525E-01
-.3095738E-01
-.2965260E-01
-.2783141E-01
-.2587823E-01
-.2384750E-01
-.2120345E-01
-.1824364E-01
-.1631874E-01
-.1489862E-01
-.1275726E-01
-.1055073E-01
-.8905408E-02
-.7203509E-02
-.5254632E-02
-.3473699E-02
-.2259947E-02
-.1432716E-02
-.4764313E-03
.6715071E-03
.1735820E-02
.2513548E-02
.2942730E-02
.2888038E-02
.2320195E-02
.1264348E-02
-.6757625E-03
-.3424938E-02
-.6271125E-02
-.9085619E-02
-.1209215E-01
-.1491261E-01
-.1717850E-01
-.1870667E-01
-.1912183E-01
-.1876787E-01
-.1879237E-01
-.1914853E-01
-.1900212E-01
-.1815529E-01
-.1714865E-01
-.1662837E-01
-.1671069E-01
-.1725737E-01
-.1734749E-01
-.1630926E-01
-.1485536E-01
-.1373650E-01
-.1298699E-01
-.1250720E-01
-.1242876E-01
-.1255182E-01
-.1270387E-01
-.1296277E-01
-.1395511E-01
-.1629578E-01
-.1901647E-01
-.2141694E-01
-.2391355E-01
-.2643007E-01
-.2847197E-01
-.2956424E-01
-.2996824E-01
-.3009790E-01
-.3012710E-01
-.2998554E-01
-.2938614E-01
-.2839657E-01
-.2728600E-01
-.2625850E-01
-.2532434E-01
-.2452049E-01
-.2411981E-01
-.2440182E-01
-.2468262E-01
-.2450634E-01
-.2443833E-01
-.2444575E-01
-.2389244E-01
-.2277028E-01
-.2139112E-01
-.2005932E-01
-.1893352E-01
-.1805655E-01
-.1739271E-01
-.1684828E-01
-.1587064E-01
-.1430976E-01
-.1236861E-01
-.1024878E-01
-.7971555E-02
-.5833121E-02
-.4269250E-02
-.3569596E-02
-.3431511E-02
-.3619909E-02
-.4201158E-02
-.5090051E-02
-.5812922E-02
-.6447109E-02
-.7270348E-02
-.8080468E-02
-.9006761E-02
-.1069256E-01
-.1255002E-01
-.1381180E-01
-.1475647E-01
-.1571024E-01
-.1645422E-01
-.1627656E-01
-.1519756E-01
-.1373021E-01
-.1183607E-01
-.9063896E-02
-.5897596E-02
-.2955104E-02
-.6784916E-03
.8289593E-03
.1591929E-02
.2762373E-02
.4874745E-02
.6798433E-02
.8095855E-02
.9317782E-02
.1035494E-01
.1084262E-01
.1109834E-01
.1097586E-01
.9903916E-02
.8170912E-02
.6105985E-02
.3328998E-02
.5571185E-03
-.9845033E-03
-.1391432E-02
-.1461493E-02
-.1300330E-02
-.8727926E-03
-.3146270E-03
.8329716E-04
.2822809E-03
.4236494E-03
.3124496E-03
-.4327297E-03
-.1726214E-02
-.2998808E-02
-.3528826E-02
-.3646667E-02
-.3831172E-02
-.4142962E-02
-.4362509E-02
-.3568977E-02
-.1764910E-02
.2544481E-04
.1663827E-02
.3639858E-02
.6012045E-02
.8522623E-02
.1102314E-01
.1307471E-01
.1449764E-01
.1600014E-01
.1777827E-01
.1920107E-01
.2007162E-01
.2066981E-01
.2113447E-01
.2136536E-01
.2122378E-01
.2117444E-01
.2161248E-01
.2237286E-01
.2294174E-01
.2275414E-01
.2266549E-01
.2346575E-01
.2437704E-01
.2457030E-01
.2374760E-01
.2305936E-01
.2339514E-01
.2428721E-01
.2499218E-01
.2539386E-01
.2603780E-01
.2723590E-01
.2854657E-01
.2976031E-01
.3119913E-01
.3278649E-01
.3414064E-01
.3469521E-01
.3489937E-01
.3563652E-01
.3678754E-01
.3758671E-01
.3676167E-01
.3511659E-01
.3438868E-01
.3403799E-01
.3261096E-01
.2921814E-01
.2478721E-01
.2045944E-01
.1626798E-01
.1208390E-01
.8482687E-02
.5288197E-02
.2110382E-02
-.5713790E-03
-.2381072E-02
-.3462716E-02
-.4309871E-02
-.5133162E-02
-.5514986E-02
-.5213214E-02
-.4458705E-02
-.4474706E-02
-.5681547E-02
-.6012309E-02
-.5097351E-02
-.4333866E-02
-.4245891E-02
-.4296765E-02
-.3863481E-02
-.3299207E-02
-.3521157E-02
-.3836056E-02
-.3354425E-02
-.2780005E-02
-.2803342E-02
-.3467230E-02
-.3632927E-02
-.2508205E-02
-.3244795E-03
.2099730E-02
.4457032E-02
.6211140E-02
.7116306E-02
.7809874E-02
.8194465E-02
.7069590E-02
.5071109E-02
.3358976E-02
.1742534E-02
-.4862232E-04
-.1648056E-02
-.2917505E-02
-.4016466E-02
-.5114330E-02
-.6479449E-02
-.8341248E-02
-.1048836E-01
-.1273267E-01
-.1509464E-01
-.1741178E-01
-.1935772E-01
-.2049690E-01
-.2096074E-01
-.2103414E-01
-.2089052E-01
-.2050708E-01
-.1985508E-01
-.1899785E-01
-.1794539E-01
-.1661840E-01
-.1503400E-01
-.1420939E-01
-.1441936E-01
-.1513712E-01
-.1595733E-01
-.1688777E-01
-.1745790E-01
-.1764844E-01
-.1831185E-01
-.1869641E-01
-.1728217E-01
-.1481127E-01
-.1253142E-01
-.1056696E-01
-.8810033E-02
-.7503338E-02
-.6777356E-02
-.6531881E-02
-.7161090E-02
-.8139368E-02
-.8591610E-02
-.8846509E-02
-.9380115E-02
-.9824871E-02
-.9815116E-02
-.9424400E-02
-.9551443E-02
-.1012684E-01
-.8965076E-02
-.6539184E-02
-.4893512E-02
-.3610310E-02
-.1622011E-02
.1148422E-02
.3666270E-02
.5055234E-02
.5947882E-02
.7137389E-02
.8942796E-02
.1105194E-01
.1312516E-01
.1490538E-01
.1647814E-01
.1841520E-01
.2087452E-01
.2373460E-01
.2620108E-01
.2779708E-01
.2877966E-01
.2965247E-01
.3077553E-01
.3163037E-01
.3171589E-01
.3119502E-01
.3064518E-01
.3068412E-01
.3077903E-01
.3031663E-01
.2982436E-01
.2975990E-01
.2990594E-01
.2973945E-01
.2912926E-01
.2860589E-01
.2832489E-01
.2783005E-01
.2683147E-01
.2550871E-01
.2460769E-01
.2406636E-01
.2294768E-01
.2132021E-01
.1971560E-01
.1760365E-01
.1471866E-01
.1160274E-01
.8260352E-02
.4488489E-02
.1050531E-02
-.1635845E-02
-.3744386E-02
-.5727384E-02
-.7569072E-02
-.8511718E-02
-.8329191E-02
-.7306103E-02
-.6309509E-02
-.5599555E-02
-.4495953E-02
-.2796539E-02
-.8277610E-03
.6599146E-03
.1344382E-02
.1613062E-02
.1752258E-02
.1402881E-02
.7203166E-03
.3546109E-04
-.9243193E-03
-.2391459E-02
-.4526419E-02
-.6826258E-02
-.8872361E-02
-.1096094E-01
-.1282907E-01
-.1381474E-01
-.1437812E-01
-.1510410E-01
-.1609639E-01
-.1710663E-01
-.1796848E-01
-.1869623E-01
-.1929482E-01
-.1935106E-01
-.1832217E-01
-.1583249E-01
-.1208407E-01
-.7379479E-02
-.2747506E-02
.1276798E-02
.4587669E-02
.7323368E-02
.9205191E-02
.9550215E-02
.8610368E-02
.7476783E-02
.6312272E-02
.4511610E-02
.2505135E-02
.8273442E-03
-.5735834E-03
-.2055836E-02
-.3812540E-02
-.5373984E-02
-.6135476E-02
-.5953148E-02
-.5219803E-02
-.4060179E-02
-.2529353E-02
-.5993348E-03
.2197525E-02
.5674977E-02
.8649228E-02
.1061980E-01
.1184410E-01
.1299129E-01
.1415679E-01
.1447955E-01
.1386697E-01
.1347170E-01
.1364703E-01
.1392487E-01
.1420878E-01
.1457575E-01
.1480738E-01
.1499968E-01
.1542956E-01
.1582262E-01
.1585196E-01
.1554799E-01
.1502979E-01
.1426307E-01
.1307948E-01
.1126960E-01
.8454567E-02
.5144966E-02
.2113848E-02
-.3661648E-03
-.2729495E-02
-.5935291E-02
-.9428705E-02
-.1193844E-01
-.1322395E-01
-.1388624E-01
-.1380921E-01
-.1279190E-01
-.1079240E-01
-.8219626E-02
-.5526090E-02
-.3084515E-02
-.1147119E-02
.9129552E-04
.5867895E-03
.3993318E-03
.2200225E-03
-.2473778E-04
-.1286950E-02
-.2950368E-02
-.3864190E-02
-.3447734E-02
-.2475673E-02
-.1426796E-02
-.4204908E-03
.9718464E-04
.4355290E-03
.1088926E-02
.1827386E-02
.2090024E-02
.1424548E-02
.5972043E-03
.4634781E-03
.7109360E-03
.8259420E-03
.1072194E-02
.1915231E-02
.3539372E-02
.5394719E-02
.7125812E-02
.9103911E-02
.1101376E-01
.1209984E-01
.1256042E-01
.1277425E-01
.1252877E-01
.1179550E-01
.1063926E-01
.9422514E-02
.8298705E-02
.6650072E-02
.4669447E-02
.3292405E-02
.2926593E-02
.3100203E-02
.2253566E-02
.4096786E-03
-.1411607E-02
-.2920444E-02
-.4475434E-02
-.6182745E-02
-.7926086E-02
-.9613127E-02
-.1143960E-01
-.1348875E-01
-.1525597E-01
-.1635693E-01
-.1671770E-01
-.1604736E-01
-.1416811E-01
-.1185659E-01
-.9448057E-02
-.6322603E-02
-.3216552E-02
-.1108981E-02
-.2558224E-04
.5302275E-03
.9069192E-03
.1417321E-02
.2107167E-02
.2540613E-02
.2576044E-02
.2495114E-02
.2430444E-02
.2290615E-02
.2381963E-02
.2870933E-02
.3611427E-02
.4478320E-02
.5554476E-02
.6844301E-02
.8354771E-02
.9623253E-02
.1043296E-01
.1144344E-01
.1243938E-01
.1260079E-01
.1238201E-01
.1239183E-01
.1229527E-01
.1215608E-01
.1246302E-01
.1253916E-01
.1178555E-01
.1083164E-01
.1019076E-01
.9712933E-02
.9104189E-02
.8348012E-02
.7762380E-02
.7489773E-02
.7554685E-02
.7590527E-02
.7383508E-02
.7357363E-02
.7708028E-02
.8304644E-02
.8354942E-02
.7517818E-02
.6811265E-02
.6709784E-02
.6863986E-02
.6874376E-02
.6640589E-02
.5923257E-02
.5166896E-02
.5192702E-02
.5353735E-02
.4864434E-02
.4453356E-02
.4933295E-02
.6792191E-02
.8936570E-02
.1039365E-01
.1163365E-01
.1293007E-01
.1345985E-01
.1289741E-01
.1127850E-01
.9017159E-02
.6486259E-02
.3468995E-02
.7987831E-04
-.2795182E-02
-.5149443E-02
-.7444938E-02
-.9729817E-02
-.1167998E-01
-.1289780E-01
-.1328750E-01
-.1311164E-01
-.1318520E-01
-.1354260E-01
-.1343337E-01
-.1286572E-01
-.1238369E-01
-.1249308E-01
-.1313993E-01
-.1400125E-01
-.1480316E-01
-.1554753E-01
-.1636510E-01
-.1725490E-01
-.1803989E-01
-.1843462E-01
-.1838862E-01
-.1829517E-01
-.1832289E-01
-.1830047E-01
-.1800213E-01
-.1735945E-01
-.1681779E-01
-.1655362E-01
-.1626572E-01
-.1574922E-01
-.1513170E-01
-.1527104E-01
-.1617013E-01
-.1654633E-01
-.1632208E-01
-.1636646E-01
-.1676914E-01
-.1714770E-01
-.1733876E-01
-.1763317E-01
-.1834652E-01
-.1909306E-01
-.1966179E-01
-.2069316E-01
-.2176644E-01
-.2178580E-01
-.2054482E-01
-.1878354E-01
-.1726724E-01
-.1603482E-01
-.1476900E-01
-.1313248E-01
-.1113851E-01
-.9202351E-02
-.7511271E-02
-.6002470E-02
-.4860576E-02
-.4203976E-02
-.3579220E-02
-.2796601E-02
-.2110412E-02
-.1442546E-02
-.4907888E-03
.5386953E-03
.1525378E-02
.2761237E-02
.3489650E-02
.2705908E-02
.1618356E-02
.1205656E-02
.7532531E-03
-.7265716E-04
-.7805836E-03
-.1183274E-02
-.1513354E-02
-.2171456E-02
-.2871052E-02
-.3129802E-02
-.3599102E-02
-.4797638E-02
-.6930878E-02
-.9334653E-02
-.1126331E-01
-.1254246E-01
-.1349912E-01
-.1414318E-01
-.1432331E-01
-.1391297E-01
-.1315780E-01
-.1236952E-01
-.1180164E-01
-.1150334E-01
-.1148601E-01
-.1180002E-01
-.1229643E-01
-.1249804E-01
-.1237463E-01
-.1218490E-01
-.1196155E-01
-.1156178E-01
-.1097979E-01
-.1024954E-01
-.9246142E-02
-.7896743E-02
-.6330302E-02
-.5086520E-02
-.4213442E-02
-.3463375E-02
-.2870336E-02
-.2601908E-02
-.2728846E-02
-.3287396E-02
-.4404360E-02
-.6041117E-02
-.8033461E-02
-.1011794E-01
-.1217977E-01
-.1413220E-01
-.1544977E-01
-.1587822E-01
-.1606025E-01
-.1614506E-01
-.1546854E-01
-.1452942E-01
-.1408963E-01
-.1389777E-01
-.1342211E-01
-.1245336E-01
-.1137084E-01
-.1066227E-01
-.1090410E-01
-.1251734E-01
-.1471246E-01
-.1694291E-01
-.1948887E-01
-.2204994E-01
-.2391615E-01
-.2531960E-01
-.2669644E-01
-.2810889E-01
-.2900821E-01
-.2884863E-01
-.2807607E-01
-.2717936E-01
-.2626999E-01
-.2513160E-01
-.2342420E-01
-.2177198E-01
-.2074113E-01
-.1969385E-01
-.1836364E-01
-.1744603E-01
-.1700433E-01
-.1657849E-01
-.1558855E-01
-.1409785E-01
-.1254515E-01
-.1110140E-01
-.9609705E-02
-.7658444E-02
-.5102061E-02
-.2362055E-02
.2725634E-03
.2892909E-02
.5146073E-02
.6766628E-02
.8343708E-02
.9988616E-02
.1098222E-01
.1135613E-01
.1153758E-01
.1163948E-01
.1163185E-01
.1168497E-01
.1163531E-01
.1118519E-01
.1083155E-01
.1106324E-01
.1188172E-01
.1291005E-01
.1391445E-01
.1482849E-01
.1564426E-01
.1604793E-01
.1613720E-01
.1618436E-01
.1631133E-01
.1643852E-01
.1627526E-01
.1583617E-01
.1545879E-01
.1506625E-01
.1433555E-01
.1345817E-01
.1261442E-01
.1161924E-01
.1010615E-01
.7808021E-02
.5298177E-02
.3051419E-02
.1028261E-02
-.1058824E-02
-.3266245E-02
-.5004816E-02
-.5694470E-02
-.5314315E-02
-.4315552E-02
-.3115819E-02
-.1780577E-02
-.2186120E-03
.1669660E-02
.3594827E-02
.5264495E-02
.6618653E-02
.7764352E-02
.8787900E-02
.9539480E-02
.9736710E-02
.9455261E-02
.9093373E-02
.9105264E-02
.9289651E-02
.9258633E-02
.9005819E-02
.8834398E-02
.9372289E-02
.1046960E-01
.1158489E-01
.1231795E-01
.1261687E-01
.1227689E-01
.1164864E-01
.1124478E-01
.1149954E-01
.1230061E-01
.1247758E-01
.1199711E-01
.1178335E-01
.1226934E-01
.1326700E-01
.1477605E-01
.1640868E-01
.1763276E-01
.1855398E-01
.1947332E-01
.2013815E-01
.2011728E-01
.1909894E-01
.1810680E-01
.1790550E-01
.1743593E-01
.1620084E-01
.1511433E-01
.1455228E-01
.1415674E-01
.1361737E-01
.1304407E-01
.1275194E-01
.1206430E-01
.1014541E-01
.8346788E-02
.7654995E-02
.7587065E-02
.7299784E-02
.6551288E-02
.5225426E-02
.3554917E-02
.1994982E-02
.4937166E-03
-.1204369E-02
-.2943042E-02
-.4670515E-02
-.6620261E-02
-.7527271E-02
-.6478097E-02
-.4549196E-02
-.2652846E-02
-.6652240E-03
.1673758E-02
.4355766E-02
.6968782E-02
.9185111E-02
.1036366E-01
.1095674E-01
.1180502E-01
.1275457E-01
.1337285E-01
.1413650E-01
.1519453E-01
.1618535E-01
.1685703E-01
.1728886E-01
.1776778E-01
.1832436E-01
.1801611E-01
.1722359E-01
.1669482E-01
.1615759E-01
.1552968E-01
.1489194E-01
.1409995E-01
.1339448E-01
.1314450E-01
.1280637E-01
.1199523E-01
.1087087E-01
.1008392E-01
.1010273E-01
.1033025E-01
.1034428E-01
.1082898E-01
.1163777E-01
.1195504E-01
.1159776E-01
.1079110E-01
.9560147E-02
.8050165E-02
.6447186E-02
.4961519E-02
.3537896E-02
.1769170E-02
-.3414724E-03
-.2468429E-02
-.4162441E-02
-.5380565E-02
-.6350025E-02
-.7194961E-02
-.7806627E-02
-.8416593E-02
-.9205015E-02
-.1012074E-01
-.1122282E-01
-.1261101E-01
-.1335322E-01
-.1298362E-01
-.1182743E-01
-.1027300E-01
-.8422520E-02
-.6503423E-02
-.4788887E-02
-.3674957E-02
-.3084715E-02
-.2959502E-02
-.3607240E-02
-.4972912E-02
-.6544258E-02
-.7928265E-02
-.9083009E-02
-.1008053E-01
-.1073793E-01
-.1051087E-01
-.9332732E-02
-.7488197E-02
-.5007965E-02
-.2035367E-02
.8887735E-03
.3515737E-02
.5753523E-02
.7019823E-02
.7565319E-02
.7837349E-02
.7946722E-02
.7817796E-02
.7634200E-02
.7616107E-02
.7956613E-02
.8785028E-02
.1006110E-01
.1149644E-01
.1296484E-01
.1451024E-01
.1610355E-01
.1765337E-01
.1914693E-01
.2043794E-01
.2115059E-01
.2146287E-01
.2161782E-01
.2131994E-01
.2062661E-01
.2021741E-01
.1982277E-01
.1877656E-01
.1785614E-01
.1759862E-01
.1748455E-01
.1657796E-01
.1441675E-01
.1240535E-01
.1145870E-01
.1050825E-01
.8831842E-02
.7000886E-02
.5823560E-02
.5321891E-02
.4351590E-02
.2854561E-02
.2192299E-02
.2556203E-02
.3134326E-02
.3058564E-02
.2530787E-02
.2172576E-02
.1888807E-02
.1356355E-02
.9844464E-03
.1010826E-02
.1279331E-02
.1276167E-02
.8622515E-03
.6451440E-03
.8933716E-03
.1379898E-02
.1599115E-02
.1470822E-02
.1705877E-02
.2330738E-02
.2762996E-02
.3542799E-02
.5341671E-02
.7569421E-02
.9871186E-02
.1244574E-01
.1401609E-01
.1419347E-01
.1381780E-01
.1348060E-01
.1300075E-01
.1197122E-01
.1024696E-01
.7849079E-02
.5599099E-02
.4022432E-02
.2511446E-02
.8384207E-03
-.2454078E-03
-.6332670E-04
.1044483E-02
.9146879E-03
-.1514694E-03
.9324893E-04
.1220640E-02
.1649995E-02
.1377222E-02
.1129574E-02
.1166468E-02
.1040129E-02
.4878326E-03
.2345304E-03
.3373116E-03
.2303803E-03
-.1419900E-03
-.4690275E-03
-.4160991E-03
.2229006E-03
.1511892E-02
.2567021E-02
.3008530E-02
.4063967E-02
.5715069E-02
.6883990E-02
.7565569E-02
.8231729E-02
.8637316E-02
.8845482E-02
.9313294E-02
.9665399E-02
.9436108E-02
.9031338E-02
.8945921E-02
.9253510E-02
.9622714E-02
.9775565E-02
.9303321E-02
.8400012E-02
.7460890E-02
.6236737E-02
.4397351E-02
.2388775E-02
.8876843E-03
.1955061E-03
-.2610654E-03
-.7476372E-03
-.7776780E-03
-.3373830E-03
.2460495E-03
.5410462E-03
.4659119E-03
.1593418E-03
-.3876967E-03
-.1427701E-02
-.2995185E-02
-.4858158E-02
-.6723414E-02
-.8066343E-02
-.8675971E-02
-.8928958E-02
-.9099982E-02
-.9083614E-02
-.8755742E-02
-.8157694E-02
-.7728251E-02
-.7256053E-02
-.6189961E-02
-.4950517E-02
-.4037433E-02
-.3249159E-02
-.2409829E-02
-.1747611E-02
-.1374043E-02
-.1194797E-02
-.1064385E-02
-.6133826E-03
.7629266E-03
.2055628E-02
.2374802E-02
.2826206E-02
.4059081E-02
.5698060E-02
.7105208E-02
.8074436E-02
.8522608E-02
.8629683E-02
.8712014E-02
.8424082E-02
.7443387E-02
.6356686E-02
.5151650E-02
.2886088E-02
.6810194E-03
-.3257959E-03
-.1733812E-02
-.3700572E-02
-.4778445E-02
-.5029687E-02
-.5217056E-02
-.5262371E-02
-.5093810E-02
-.4898982E-02
-.4587874E-02
-.4109595E-02
-.3710943E-02
-.3513637E-02
-.3455640E-02
-.3405821E-02
-.3580325E-02
-.4574754E-02
-.6233126E-02
-.8115963E-02
-.9371931E-02
-.9818171E-02
-.9892034E-02
-.1055845E-01
-.1206740E-01
-.1303260E-01
-.1286646E-01
-.1228802E-01
-.1196064E-01
-.1182363E-01
-.1137415E-01
-.1063871E-01
-.1008473E-01
-.9999611E-02
-.1035029E-01
-.1111223E-01
-.1192682E-01
-.1235645E-01
-.1276502E-01
-.1352066E-01
-.1401888E-01
-.1409536E-01
-.1412270E-01
-.1391390E-01
-.1311494E-01
-.1182296E-01
-.1041140E-01
-.9029920E-02
-.7751782E-02
-.6687512E-02
-.6239849E-02
-.6202985E-02
-.6184416E-02
-.6496627E-02
-.7365643E-02
-.7711971E-02
-.7314701E-02
-.6783825E-02
-.6892280E-02
-.7793590E-02
-.9032836E-02
-.1000937E-01
-.1048314E-01
-.1066451E-01
-.1073788E-01
-.1072111E-01
-.1064925E-01
-.1056805E-01
-.1016087E-01
-.9228819E-02
-.7899050E-02
-.6221950E-02
-.3891737E-02
-.1072209E-02
.1435935E-02
.3383390E-02
.4939730E-02
.6225801E-02
.7067247E-02
.7043823E-02
.6416483E-02
.5605026E-02
.5351101E-02
.5753351E-02
.6339599E-02
.6818816E-02
.7351595E-02
.8198584E-02
.9363989E-02
.1067781E-01
.1215643E-01
.1395596E-01
.1567337E-01
.1701165E-01
.1779025E-01
.1830830E-01
.1891044E-01
.1948846E-01
.1980522E-01
.1990124E-01
.1929898E-01
.1731942E-01
.1467563E-01
.1234138E-01
.1073759E-01
.9403917E-02
.7928873E-02
.6349479E-02
.5014006E-02
.4284246E-02
.3701373E-02
.2860594E-02
.2446093E-02
.2556818E-02
.2615098E-02
.1839861E-02
.4131236E-03
-.7739499E-04
.7718731E-03
.2155802E-02
.2949326E-02
.3144368E-02
.3475956E-02
.4184568E-02
.4871212E-02
.5353333E-02
.5811266E-02
.6116516E-02
.6034027E-02
.5359388E-02
.4323972E-02
.3484346E-02
.2492013E-02
.9882167E-03
.6870883E-04
.1858655E-04
.3343636E-03
.3792351E-03
.1856659E-03
.9547063E-03
.2611408E-02
.4162483E-02
.5012283E-02
.5329295E-02
.5618236E-02
.6093778E-02
.6703337E-02
.6768976E-02
.6009447E-02
.5477513E-02
.5611751E-02
.6078229E-02
.6821710E-02
.7968482E-02
.9119768E-02
.1004413E-01
.1083247E-01
.1147542E-01
.1190220E-01
.1223408E-01
.1242508E-01
.1216677E-01
.1148942E-01
.1068257E-01
.1029322E-01
.1029413E-01
.1016231E-01
.9796290E-02
.9457609E-02
.9397468E-02
.9392772E-02
.8855728E-02
.8043339E-02
.7442646E-02
.6913861E-02
.6246415E-02
.5475302E-02
.4894421E-02
.4712573E-02
.5049212E-02
.5631704E-02
.6221201E-02
.6921122E-02
.7807318E-02
.8378959E-02
.8560170E-02
.8606326E-02
.8792968E-02
.9098863E-02
.9044112E-02
.8512022E-02
.7597237E-02
.6668603E-02
.5981146E-02
.5649987E-02
.5533708E-02
.5524042E-02
.6092650E-02
.7497424E-02
.8760006E-02
.9576612E-02
.1048183E-01
.1206885E-01
.1423705E-01
.1570142E-01
.1634599E-01
.1697268E-01
.1786116E-01
.1874276E-01
.1946707E-01
.2006294E-01
.2058107E-01
.2152003E-01
.2310914E-01
.2457871E-01
.2558177E-01
.2635155E-01
.2680452E-01
.2673656E-01
.2625528E-01
.2552747E-01
.2460937E-01
.2327764E-01
.2141662E-01
.1935980E-01
.1769638E-01
.1675647E-01
.1585219E-01
.1449213E-01
.1275400E-01
.1091960E-01
.9057388E-02
.7084315E-02
.5089683E-02
.3411395E-02
.1981267E-02
.5637356E-03
-.8437056E-03
-.2138884E-02
-.3197415E-02
-.3529441E-02
-.3222603E-02
-.3006598E-02
-.3214673E-02
-.3686217E-02
-.4039558E-02
-.4099386E-02
-.3601191E-02
-.3137909E-02
-.3448069E-02
-.3758837E-02
-.3474103E-02
-.3029610E-02
-.3196321E-02
-.4328752E-02
-.5628448E-02
-.6507608E-02
-.7083776E-02
-.7111523E-02
-.6462793E-02
-.6463104E-02
-.7315078E-02
-.7658204E-02
-.7214585E-02
-.6711098E-02
-.6888728E-02
-.7561103E-02
-.7974182E-02
-.8006100E-02
-.7952873E-02
-.7727037E-02
-.7377262E-02
-.7114369E-02
-.6862493E-02
-.6480679E-02
-.6122052E-02
-.5988608E-02
-.6290292E-02
-.7026365E-02
-.7956376E-02
-.8324022E-02
-.8081034E-02
-.7646249E-02
-.7042399E-02
-.5993410E-02
-.4415286E-02
-.3012002E-02
-.2517759E-02
-.2349901E-02
-.1916994E-02
-.1609999E-02
-.1493641E-02
-.1182958E-02
-.1035967E-02
-.1443958E-02
-.2060128E-02
-.2341628E-02
-.2091309E-02
-.1640307E-02
-.1213801E-02
-.6867013E-03
.4473361E-03
.2598808E-02
.5008777E-02
.7028543E-02
.8584729E-02
.9719862E-02
.1028869E-01
.1033581E-01
.9900821E-02
.9090299E-02
.7674308E-02
.5372340E-02
.3413458E-02
.2310847E-02
.1220817E-02
.1626743E-03
-.2588579E-03
.2539815E-03
.1207764E-02
.1623729E-02
.1522690E-02
.1344363E-02
.7066309E-03
-.3043781E-03
-.1151380E-02
-.1534108E-02
-.1579817E-02
-.1721880E-02
-.1995291E-02
-.2132562E-02
-.2142458E-02
-.2199318E-02
-.2473689E-02
-.2786593E-02
-.2848552E-02
-.2596164E-02
-.2128029E-02
-.1192684E-02
-.1227767E-03
.5046789E-03
.8468345E-03
.1210124E-02
.1268399E-02
.1039890E-02
.8524224E-03
.6280194E-03
.2293137E-03
-.2447346E-03
-.6890572E-03
-.1122821E-02
-.1735339E-02
-.2661736E-02
-.3943037E-02
-.4860112E-02
-.5030833E-02
-.5485605E-02
-.6260066E-02
-.6484707E-02
-.6579353E-02
-.7238116E-02
-.8257233E-02
-.9138955E-02
-.9705653E-02
-.1000885E-01
-.1031888E-01
-.1100153E-01
-.1141814E-01
-.1072432E-01
-.9617149E-02
-.8775664E-02
-.7925502E-02
-.6877995E-02
-.5752934E-02
-.4429086E-02
-.3095886E-02
-.2434210E-02
-.2424743E-02
-.2813130E-02
-.3779105E-02
-.5261167E-02
-.6738164E-02
-.8163913E-02
-.9704370E-02
-.1090033E-01
-.1152078E-01
-.1167855E-01
-.1152177E-01
-.1107652E-01
-.1068534E-01
-.1050726E-01
-.1045144E-01
-.1023867E-01
-.9851583E-02
-.9852686E-02
-.1053562E-01
-.1172976E-01
-.1233276E-01
-.1212119E-01
-.1197707E-01
-.1258291E-01
-.1389572E-01
-.1461478E-01
-.1429818E-01
-.1372409E-01
-.1349148E-01
-.1352707E-01
-.1368157E-01
-.1382817E-01
-.1381230E-01
-.1362743E-01
-.1337972E-01
-.1324011E-01
-.1323452E-01
-.1331722E-01
-.1317874E-01
-.1266837E-01
-.1213054E-01
-.1178608E-01
-.1157338E-01
-.1135463E-01
-.1113575E-01
-.1118611E-01
-.1139141E-01
-.1143006E-01
-.1130165E-01
-.1110150E-01
-.1057008E-01
-.1005676E-01
-.1015009E-01
-.1042991E-01
-.1046264E-01
-.1057450E-01
-.1086076E-01
-.1102987E-01
-.1091820E-01
-.1052388E-01
-.9352668E-02
-.7564629E-02
-.5686484E-02
-.4013205E-02
-.2527768E-02
-.1533264E-02
-.5422294E-03
.1043557E-02
.1689525E-02
.7960697E-03
-.3731853E-03
-.9947916E-03
-.1213189E-02
-.1633382E-02
-.2471756E-02
-.2781251E-02
-.2169684E-02
-.1030680E-02
.6111451E-03
.3069732E-02
.4989738E-02
.5876167E-02
.7059440E-02
.8815825E-02
.1029589E-01
.1161857E-01
.1321848E-01
.1452343E-01
.1506700E-01
.1490256E-01
.1472441E-01
.1472338E-01
.1394834E-01
.1237816E-01
.1073373E-01
.9209406E-02
.7658415E-02
.6125960E-02
.4801066E-02
.3698696E-02
.2257340E-02
.3767204E-03
-.1444755E-02
-.3091196E-02
-.4754895E-02
-.6321937E-02
-.7575929E-02
-.8403475E-02
-.9045500E-02
-.9716991E-02
-.1039710E-01
-.1091414E-01
-.1121100E-01
-.1184319E-01
-.1274458E-01
-.1296379E-01
-.1254462E-01
-.1212513E-01
-.1200670E-01
-.1180976E-01
-.1087883E-01
-.9709621E-02
-.9040621E-02
-.9059238E-02
-.9451230E-02
-.9875808E-02
-.9957979E-02
-.9561679E-02
-.8713691E-02
-.7850117E-02
-.7457022E-02
-.7625195E-02
-.8155882E-02
-.8753124E-02
-.9212581E-02
-.9422501E-02
-.9451413E-02
-.9493979E-02
-.1013605E-01
-.1096119E-01
-.1112751E-01
-.1075092E-01
-.1033600E-01
-.1023141E-01
-.1050302E-01
-.1112329E-01
-.1183317E-01
-.1233542E-01
-.1235458E-01
-.1224236E-01
-.1239277E-01
-.1262651E-01
-.1269454E-01
-.1264319E-01
-.1282976E-01
-.1356737E-01
-.1466764E-01
-.1594154E-01
-.1753643E-01
-.1928465E-01
-.2089509E-01
-.2214089E-01
-.2294812E-01
-.2327095E-01
-.2313031E-01
-.2252212E-01
-.2164416E-01
-.2039451E-01
-.1847102E-01
-.1615680E-01
-.1382923E-01
-.1192232E-01
-.1019090E-01
-.8092327E-02
-.5954542E-02
-.4335267E-02
-.3353009E-02
-.2709134E-02
-.2343358E-02
-.1883820E-02
-.1164260E-02
-.9815973E-03
-.1346450E-02
-.1559972E-02
-.1468026E-02
-.1374975E-02
-.1475144E-02
-.1696635E-02
-.1889909E-02
-.1704315E-02
-.9350269E-03
.4546643E-03
.1929882E-02
.2990851E-02
.4129464E-02
.5849703E-02
.7868510E-02
.9853984E-02
.1188640E-01
.1362713E-01
.1478548E-01
.1569607E-01
.1667387E-01
.1773640E-01
.1867642E-01
.1939683E-01
.2006756E-01
.2060089E-01
.2050961E-01
.2014704E-01
.2007956E-01
.2038112E-01
.2079652E-01
.2124296E-01
.2142109E-01
.2118387E-01
.2094826E-01
.2084270E-01
.2053869E-01
.2028171E-01
.2050309E-01
.2136489E-01
.2199323E-01
.2101289E-01
.1934471E-01
.1831715E-01
.1755554E-01
.1645324E-01
.1509798E-01
.1411132E-01
.1359333E-01
.1303859E-01
.1231638E-01
.1168079E-01
.1118993E-01
.1095951E-01
.1139932E-01
.1181839E-01
.1134341E-01
.1059042E-01
.1008485E-01
.9334037E-02
.8184311E-02
.6965592E-02
.6155173E-02
.5393613E-02
.3805359E-02
.1867472E-02
.5132602E-03
.2954160E-03
.5208763E-03
.3175633E-03
-.4221111E-03
-.1247755E-02
-.1744578E-02
-.1804914E-02
-.1477465E-02
-.1053890E-02
-.7384575E-03
-.6604828E-03
-.4843026E-03
.1477193E-03
.6718277E-03
.7607076E-03
.8901062E-03
.1382845E-02
.2147110E-02
.2953005E-02
.3686093E-02
.4279494E-02
.4824776E-02
.5435807E-02
.6126508E-02
.6693902E-02
.6325061E-02
.5118821E-02
.3706437E-02
.2500963E-02
.1432865E-02
.3369365E-03
-.4084099E-03
-.3860345E-03
.8389092E-03
.2488565E-02
.2649204E-02
.2282513E-02
.3047981E-02
.4318215E-02
.4884675E-02
.4342575E-02
.3570175E-02
.3278063E-02
.3130266E-02
.2745842E-02
.2326226E-02
.2254660E-02
.2651106E-02
.3423611E-02
.4316031E-02
.5208768E-02
.5846052E-02
.6111466E-02
.6318799E-02
.6570228E-02
.6602714E-02
.6441426E-02
.6305704E-02
.6360051E-02
.6468667E-02
.6390378E-02
.6151090E-02
.5942184E-02
.6040172E-02
.6258482E-02
.6209397E-02
.6692668E-02
.8297225E-02
.9768799E-02
.1047296E-01
.1078663E-01
.1066796E-01
.9908058E-02
.9145506E-02
.8404741E-02
.6819570E-02
.4354408E-02
.1632479E-02
-.6366141E-03
-.2495692E-02
-.3920058E-02
-.4958642E-02
-.5607079E-02
-.6029099E-02
-.6355718E-02
-.6257079E-02
-.5711588E-02
-.5257545E-02
-.5040634E-02
-.4794851E-02
-.4277733E-02
-.3484550E-02
-.2220444E-02
-.6309860E-03
.1004615E-02
.2685888E-02
.4485613E-02
.5975449E-02
.7134806E-02
.8235134E-02
.9227846E-02
.9925724E-02
.1033836E-01
.1050164E-01
.1015365E-01
.8942640E-02
.6920899E-02
.4941817E-02
.3306670E-02
.1672420E-02
-.4453636E-03
-.3011205E-02
-.5063962E-02
-.6245835E-02
-.6781699E-02
-.6587216E-02
-.5783701E-02
-.4708469E-02
-.3539883E-02
-.2290534E-02
-.1280672E-02
-.5709394E-03
.1444065E-03
.6204131E-03
.2995616E-03
-.5785512E-03
-.1563464E-02
-.2785426E-02
-.4030177E-02
-.4752496E-02
-.4644973E-02
-.4017097E-02
-.3263142E-02
-.2466531E-02
-.1513162E-02
-.5310022E-03
.3351498E-03
.1171219E-02
.2065802E-02
.3000741E-02
.3922603E-02
.4815674E-02
.5699063E-02
.6590595E-02
.7490686E-02
.8463578E-02
.9895559E-02
.1164786E-01
.1330834E-01
.1479557E-01
.1627117E-01
.1780273E-01
.1924846E-01
.2012035E-01
.2058783E-01
.2111771E-01
.2148565E-01
.2132534E-01
.2085502E-01
.2035084E-01
.1974304E-01
.1916041E-01
.1865393E-01
.1748730E-01
.1578535E-01
.1428422E-01
.1296546E-01
.1141263E-01
.9569802E-02
.7420642E-02
.4897984E-02
.2696872E-02
.1177590E-02
.8156946E-04
-.9196059E-03
-.1759993E-02
-.2257021E-02
-.2329291E-02
-.1932276E-02
-.1113357E-02
.1419815E-03
.1285166E-02
.1994964E-02
.2115181E-02
.2115694E-02
.2477740E-02
.2794714E-02
.2766094E-02
.2851346E-02
.3066843E-02
.2994232E-02
.2647836E-02
.2212735E-02
.1586946E-02
.8740640E-03
.3027513E-03
-.2609194E-03
-.9414752E-03
-.1543568E-02
-.1808381E-02
-.1606694E-02
-.1124181E-02
-.5917137E-03
-.7217098E-04
.3613785E-03
.5960815E-03
.6973479E-03
.6844246E-03
.2926186E-03
-.2130396E-03
-.3477548E-03
-.3023874E-03
-.4102742E-03
-.6364248E-03
-.8229534E-03
-.9275717E-03
-.1013450E-02
-.1066590E-02
-.7262024E-03
-.9138885E-04
.4802854E-03
.1036411E-02
.1657058E-02
.1587886E-02
.9254453E-03
.3282725E-03
-.2574574E-03
-.1129654E-02
-.1784987E-02
-.2155556E-02
-.2679543E-02
-.3201170E-02
-.3431734E-02
-.3864414E-02
-.4586009E-02
-.5178914E-02
-.5628570E-02
-.6207790E-02
-.7111977E-02
-.8249230E-02
-.9547624E-02
-.1084172E-01
-.1195175E-01
-.1250013E-01
-.1267706E-01
-.1288636E-01
-.1306007E-01
-.1294003E-01
-.1255982E-01
-.1209575E-01
-.1164625E-01
-.1137747E-01
-.1112556E-01
-.1039353E-01
-.9600839E-02
-.9241530E-02
-.8617567E-02
-.7618548E-02
-.7319852E-02
-.7872128E-02
-.8793878E-02
-.9692762E-02
-.1038302E-01
-.1060869E-01
-.1050126E-01
-.1021703E-01
-.9914955E-02
-.9364024E-02
-.7958560E-02
-.6068036E-02
-.4355298E-02
-.3199818E-02
-.2377691E-02
-.1511398E-02
-.7983419E-03
-.6821024E-03
-.7199102E-03
-.4102334E-03
.3065326E-03
.1156980E-02
.2036542E-02
.2806410E-02
.3462421E-02
.4473787E-02
.5850765E-02
.7247665E-02
.8203279E-02
.8638304E-02
.9034405E-02
.9444185E-02
.9307787E-02
.8637622E-02
.7752542E-02
.6962322E-02
.6415777E-02
.6236163E-02
.5763974E-02
.4554848E-02
.3323455E-02
.2638774E-02
.2442827E-02
.2247780E-02
.1772870E-02
.9277298E-03
-.5199402E-05
-.5335985E-03
-.8875974E-03
-.1436634E-02
-.1834805E-02
-.1857744E-02
-.1525560E-02
-.1173217E-02
-.1024666E-02
-.1068056E-02
-.1274188E-02
-.1783773E-02
-.2611524E-02
-.3645016E-02
-.4679461E-02
-.5417453E-02
-.5395451E-02
-.4886413E-02
-.4369297E-02
-.4021575E-02
-.3762437E-02
-.3616179E-02
-.3734822E-02
-.4152635E-02
-.4512483E-02
-.4835313E-02
-.5644976E-02
-.6970009E-02
-.8537907E-02
-.1041712E-01
-.1232043E-01
-.1363243E-01
-.1460381E-01
-.1566082E-01
-.1637313E-01
-.1658418E-01
-.1656465E-01
-.1657412E-01
-.1667850E-01
-.1716114E-01
-.1769388E-01
-.1774287E-01
-.1774644E-01
-.1817756E-01
-.1862571E-01
-.1878569E-01
-.1878168E-01
-.1876021E-01
-.1875619E-01
-.1895583E-01
-.1921759E-01
-.1925779E-01
-.1918475E-01
-.1911484E-01
-.1857924E-01
-.1771170E-01
-.1709648E-01
-.1673590E-01
-.1627838E-01
-.1547614E-01
-.1445216E-01
-.1337433E-01
-.1253537E-01
-.1198841E-01
-.1107955E-01
-.9774216E-02
-.8885735E-02
-.8476623E-02
-.8046724E-02
-.7075584E-02
-.5865435E-02
-.5926587E-02
-.6795599E-02
-.6932431E-02
-.6293008E-02
-.5682249E-02
-.5730514E-02
-.5919730E-02
-.5455452E-02
-.4775685E-02
-.4560230E-02
-.4947803E-02
-.5671239E-02
-.6563720E-02
-.7411561E-02
-.8244044E-02
-.9550965E-02
-.1095058E-01
-.1167674E-01
-.1217596E-01
-.1295493E-01
-.1362536E-01
-.1364525E-01
-.1287938E-01
-.1218268E-01
-.1187609E-01
-.1097692E-01
-.9372983E-02
-.7786749E-02
-.6752778E-02
-.6230521E-02
-.5918374E-02
-.5649000E-02
-.5598009E-02
-.5719873E-02
-.5872241E-02
-.6191015E-02
-.6637108E-02
-.6997507E-02
-.7365171E-02
-.7959616E-02
-.8963441E-02
-.9951742E-02
-.1039990E-01
-.1059991E-01
-.1089546E-01
-.1093811E-01
-.1069272E-01
-.1049649E-01
-.1036254E-01
-.1012058E-01
-.9807061E-02
-.9450161E-02
-.8941330E-02
-.8504445E-02
-.8332527E-02
-.8147645E-02
-.7999594E-02
-.8428253E-02
-.9012137E-02
-.9217800E-02
-.9614761E-02
-.1042401E-01
-.1126676E-01
-.1201667E-01
-.1271357E-01
-.1282893E-01
-.1247438E-01
-.1212760E-01
-.1175223E-01
-.1111944E-01
-.1047602E-01
-.1005699E-01
-.9955266E-02
-.9891848E-02
-.9608349E-02
-.8946607E-02
-.8191274E-02
-.7928538E-02
-.7609414E-02
-.6627799E-02
-.5800702E-02
-.5754295E-02
-.6287071E-02
-.6674960E-02
-.6570093E-02
-.6489403E-02
-.6734263E-02
-.6975737E-02
-.7243036E-02
-.7876729E-02
-.8693278E-02
-.9373425E-02
-.9588294E-02
-.9434861E-02
-.9205195E-02
-.8850103E-02
-.8117048E-02
-.7306510E-02
-.6617564E-02
-.5410141E-02
-.3956694E-02
-.3370488E-02
-.3344202E-02
-.3005849E-02
-.2178039E-02
-.1343980E-02
-.9662837E-03
-.8907350E-03
-.7467563E-03
-.2229958E-03
.6498301E-03
.1704234E-02
.2844289E-02
.4122809E-02
.5295636E-02
.6217512E-02
.6802264E-02
.7078997E-02
.7071476E-02
.6821889E-02
.6365735E-02
.6008826E-02
.5686038E-02
.5106791E-02
.4486326E-02
.4189171E-02
.4584845E-02
.5332676E-02
.5926332E-02
.6267791E-02
.6500173E-02
.6562616E-02
.6687536E-02
.7349631E-02
.7912856E-02
.7722593E-02
.7239747E-02
.7084587E-02
.7467120E-02
.7992939E-02
.8314522E-02
.8384265E-02
.8608104E-02
.9634746E-02
.1064774E-01
.1052183E-01
.1015302E-01
.1071342E-01
.1124762E-01
.1064844E-01
.9364310E-02
.8280029E-02
.7660301E-02
.6581355E-02
.4508999E-02
.2613697E-02
.1463875E-02
.6430372E-03
.1142684E-03
-.2600403E-04
-.8533158E-03
-.2197294E-02
-.2997414E-02
-.2897212E-02
-.2266768E-02
-.1807594E-02
-.1681041E-02
-.1651447E-02
-.1726398E-02
-.2088235E-02
-.2841172E-02
-.3827136E-02
-.4958150E-02
-.6259504E-02
-.7663386E-02
-.8617614E-02
-.9146848E-02
-.9611603E-02
-.1013442E-01
-.1054463E-01
-.1045049E-01
-.9987709E-02
-.9508325E-02
-.9238792E-02
-.9123902E-02
-.8778666E-02
-.8235197E-02
-.8005751E-02
-.7889050E-02
-.7327988E-02
-.6300181E-02
-.5123508E-02
-.3997402E-02
-.2958447E-02
-.1999730E-02
-.1253775E-02
-.6722431E-03
.1065609E-03
.8132185E-03
.8848688E-03
.4948554E-03
.1181637E-03
.4787798E-03
.1404699E-02
.2388496E-02
.2996416E-02
.3245918E-02
.3733011E-02
.4350822E-02
.4123369E-02
.3397603E-02
.2923882E-02
.2119755E-02
.7045767E-03
-.5351831E-03
-.1269205E-02
-.1698924E-02
-.1645386E-02
-.1225917E-02
-.6603566E-03
-.2350747E-03
-.6980920E-04
-.1823904E-03
-.2952682E-03
.1357980E-03
.9707850E-03
.1782665E-02
.2015671E-02
.1900899E-02
.2317806E-02
.2952583E-02
.2883611E-02
.1845915E-02
.3633342E-03
-.1000928E-02
-.2243498E-02
-.3603397E-02
-.4897198E-02
-.5845399E-02
-.6305050E-02
-.6680361E-02
-.7282836E-02
-.7514195E-02
-.7322919E-02
-.7647630E-02
-.8281046E-02
-.8393984E-02
-.8075803E-02
-.7711956E-02
-.6933319E-02
-.5777058E-02
-.4656322E-02
-.3639187E-02
-.2644903E-02
-.2001443E-02
-.1864546E-02
-.2163162E-02
-.2667152E-02
-.3345482E-02
-.4355312E-02
-.5389561E-02
-.5975666E-02
-.6071714E-02
-.5920026E-02
-.6116804E-02
-.6586770E-02
-.6856734E-02
-.6805005E-02
-.6584514E-02
-.6232805E-02
-.5820335E-02
-.5414379E-02
-.4963933E-02
-.4456838E-02
-.4176278E-02
-.4068498E-02
-.3830621E-02
-.3479055E-02
-.3219819E-02
-.3273986E-02
-.3471880E-02
-.3333848E-02
-.2987673E-02
-.2783018E-02
-.2666474E-02
-.2524842E-02
-.2474261E-02
-.2341160E-02
-.1843514E-02
-.1173135E-02
-.6648333E-03
-.7584556E-03
-.1170328E-02
-.1363290E-02
-.1221912E-02
-.9688576E-03
-.6847642E-03
-.3942851E-03
-.1669139E-03
-.3248773E-03
-.8582491E-03
-.1427724E-02
-.1888118E-02
-.2349952E-02
-.2987278E-02
-.3635019E-02
-.3810194E-02
-.3505096E-02
-.2935278E-02
-.2517098E-02
-.2371194E-02
-.2482668E-02
-.2537596E-02
-.2273285E-02
-.2049372E-02
-.2247011E-02
-.2964937E-02
-.3868566E-02
-.4768717E-02
-.6003366E-02
-.7491031E-02
-.8478745E-02
-.9033522E-02
-.9632334E-02
-.1020959E-01
-.1057252E-01
-.1079775E-01
-.1090170E-01
-.1085510E-01
-.1081068E-01
-.1084502E-01
-.1089386E-01
-.1085385E-01
-.1073046E-01
-.1076444E-01
-.1080704E-01
-.1023491E-01
-.9369939E-02
-.8821075E-02
-.8694291E-02
-.8782574E-02
-.9012879E-02
-.9368264E-02
-.9834834E-02
-.1034987E-01
-.1078763E-01
-.1093065E-01
-.1081127E-01
-.1059340E-01
-.1043390E-01
-.1021676E-01
-.9639550E-02
-.8926354E-02
-.8393498E-02
-.7888401E-02
-.7307872E-02
-.6883190E-02
-.6591143E-02
-.6234674E-02
-.5661204E-02
-.4854208E-02
-.3804389E-02
-.2696250E-02
-.1700618E-02
-.9980634E-03
-.4844235E-03
.2226634E-03
.7204573E-03
.3135792E-03
-.3843672E-03
-.7262693E-03
-.8063580E-03
-.9688142E-03
-.1254700E-02
-.1086886E-02
-.4193553E-03
-.1650031E-03
-.2923260E-03
-.1006554E-03
.2157777E-03
.3732264E-03
.9556805E-03
.1886827E-02
.2600619E-02
.3312212E-02
.4313932E-02
.5413444E-02
.6312222E-02
.6905499E-02
.7297560E-02
.7611721E-02
.8128561E-02
.8539784E-02
.8342231E-02
.8177853E-02
.8621058E-02
.9141638E-02
.9459834E-02
.9838727E-02
.9881519E-02
.9236701E-02
.8497493E-02
.8129530E-02
.8055139E-02
.7904004E-02
.7510244E-02
.6845771E-02
.6091076E-02
.5398807E-02
.4723152E-02
.3993977E-02
.3277907E-02
.2621903E-02
.1998545E-02
.1267859E-02
.6467810E-03
.7596056E-03
.8965224E-03
-.1325315E-04
-.1694448E-02
-.3358713E-02
-.4660972E-02
-.5818493E-02
-.7028751E-02
-.7798800E-02
-.7827904E-02
-.7286520E-02
-.6843442E-02
-.6834798E-02
-.6964671E-02
-.6905443E-02
-.6632589E-02
-.6392561E-02
-.6300473E-02
-.6070649E-02
-.5523341E-02
-.4694605E-02
-.3764976E-02
-.2777984E-02
-.1601394E-02
-.5558882E-03
-.2009455E-04
.7119029E-03
.2018472E-02
.3364256E-02
.4414886E-02
.5324507E-02
.6282416E-02
.7240161E-02
.7755227E-02
.7913138E-02
.8097060E-02
.8129849E-02
.7759745E-02
.7453654E-02
.7400442E-02
.7370352E-02
.7286560E-02
.7306776E-02
.7782130E-02
.8381743E-02
.8536388E-02
.8437322E-02
.8415795E-02
.8238665E-02
.7742055E-02
.7018765E-02
.6348428E-02
.5785971E-02
.5056959E-02
.4007460E-02
.2700759E-02
.1500538E-02
.6580856E-03
.2655080E-03
.1391899E-03
.1845664E-03
.2562438E-03
.2150932E-03
-.8474233E-04
-.2784916E-03
.4541258E-04
.6091001E-03
.1142108E-02
.1824143E-02
.2755646E-02
.3874257E-02
.4845770E-02
.5595722E-02
.6406753E-02
.7443434E-02
.8620297E-02
.9521795E-02
.1005992E-01
.1047645E-01
.1123796E-01
.1259312E-01
.1365204E-01
.1397437E-01
.1394156E-01
.1403088E-01
.1432958E-01
.1465386E-01
.1488399E-01
.1507785E-01
.1520332E-01
.1514516E-01
.1499676E-01
.1481553E-01
.1434691E-01
.1389268E-01
.1396846E-01
.1410934E-01
.1383412E-01
.1303280E-01
.1214959E-01
.1155852E-01
.1083913E-01
.9835624E-02
.9089771E-02
.8547619E-02
.7797219E-02
.7044858E-02
.6703026E-02
.7004850E-02
.7425268E-02
.7497871E-02
.7365268E-02
.7305770E-02
.7348904E-02
.7260595E-02
.6940975E-02
.6811179E-02
.6873486E-02
.6509270E-02
.5702391E-02
.4862911E-02
.4353613E-02
.4033253E-02
.3481677E-02
.2801785E-02
.2408175E-02
.2881470E-02
.3593770E-02
.3334721E-02
.2918602E-02
.3436995E-02
.4088256E-02
.4243141E-02
.4199721E-02
.4365789E-02
.4771708E-02
.5200115E-02
.5472462E-02
.5507629E-02
.5476785E-02
.5512607E-02
.5463690E-02
.5364650E-02
.5494977E-02
.5920709E-02
.6464486E-02
.6720673E-02
.6682801E-02
.6537241E-02
.6350851E-02
.6050604E-02
.5513832E-02
.4864737E-02
.4314151E-02
.4028073E-02
.4008119E-02
.4051587E-02
.4005890E-02
.3867018E-02
.3660074E-02
.3392363E-02
.3138178E-02
.3041130E-02
.3216166E-02
.3558548E-02
.3877171E-02
.3909729E-02
.3896231E-02
.4239238E-02
.4886704E-02
.5597684E-02
.6162151E-02
.6713499E-02
.7480782E-02
.8205403E-02
.8709954E-02
.9606243E-02
.1059555E-01
.1085546E-01
.1116630E-01
.1229781E-01
.1335933E-01
.1374663E-01
.1362143E-01
.1360117E-01
.1389665E-01
.1390558E-01
.1350957E-01
.1313284E-01
.1318609E-01
.1356402E-01
.1329818E-01
.1252021E-01
.1208375E-01
.1217489E-01
.1242601E-01
.1234351E-01
.1204314E-01
.1192970E-01
.1217871E-01
.1266977E-01
.1306304E-01
.1313276E-01
.1285162E-01
.1241141E-01
.1185002E-01
.1087360E-01
.9786281E-02
.9189911E-02
.9241454E-02
.9559058E-02
.9647901E-02
.9455487E-02
.9190713E-02
.9139999E-02
.9247451E-02
.9018450E-02
.8495205E-02
.8074653E-02
.7799736E-02
.7467251E-02
.6930457E-02
.6297912E-02
.5697428E-02
.5019707E-02
.4323402E-02
.3994445E-02
.4154848E-02
.4561230E-02
.4454891E-02
.3882815E-02
.3700767E-02
.3779721E-02
.3508656E-02
.2739895E-02
.1904685E-02
.1632180E-02
.1789309E-02
.1930195E-02
.1862939E-02
.1640249E-02
.1244640E-02
.7853655E-03
.3252835E-03
-.3568421E-03
-.1004442E-02
-.9141038E-03
-.5203694E-03
-.5101309E-03
-.7547180E-03
-.1039410E-02
-.1589597E-02
-.1971271E-02
-.1789481E-02
-.1611283E-02
-.1642755E-02
-.1539641E-02
-.1634816E-02
-.2136868E-02
-.2460396E-02
-.2698801E-02
-.2848213E-02
-.2692061E-02
-.1828101E-02
-.5296450E-03
.2463521E-03
.2196377E-03
-.2667458E-03
-.1124277E-02
-.2349244E-02
-.3712030E-02
-.4832433E-02
-.5510361E-02
-.5572355E-02
-.5124757E-02
-.4043957E-02
-.2853374E-02
-.2075722E-02
-.1733419E-02
-.1398416E-02
-.7483432E-03
.8821608E-04
.8622528E-03
.1459963E-02
.2041401E-02
.2846354E-02
.3635966E-02
.4150040E-02
.4653289E-02
.5362263E-02
.6189207E-02
.6892898E-02
.7376470E-02
.7662093E-02
.7862154E-02
.8122706E-02
.8522280E-02
.9016340E-02
.9411113E-02
.9724453E-02
.1014696E-01
.1060122E-01
.1095581E-01
.1140510E-01
.1186559E-01
.1190212E-01
.1139714E-01
.1069448E-01
.1084188E-01
.1149346E-01
.1141051E-01
.1096879E-01
.1105447E-01
.1130744E-01
.1117827E-01
.1061194E-01
.9879736E-02
.9204609E-02
.9041443E-02
.9109592E-02
.8846205E-02
.8450056E-02
.8190070E-02
.7659185E-02
.6711877E-02
.5546757E-02
.4320951E-02
.3160009E-02
.2307878E-02
.1947769E-02
.2067359E-02
.2626096E-02
.3540168E-02
.4635724E-02
.5379282E-02
.5357117E-02
.5377395E-02
.5678130E-02
.5272403E-02
.3821737E-02
.1874076E-02
.5122756E-03
-.1199126E-03
-.3564809E-03
-.7220170E-03
-.1309671E-02
-.1489117E-02
-.1463977E-02
-.1929158E-02
-.2362487E-02
-.2219855E-02
-.1429052E-02
-.6578941E-03
-.5282641E-03
-.8037276E-03
-.1006137E-02
-.9788782E-03
-.8499966E-03
-.6758026E-03
-.7831376E-04
.8759526E-03
.1195655E-02
.8002332E-03
.3219695E-03
.2313328E-03
.4151128E-03
.5479209E-03
.5156805E-03
.4550394E-03
.7212274E-03
.1120235E-02
.8768086E-03
.1922369E-03
-.3340376E-03
-.7254716E-03
-.1304931E-02
-.2202686E-02
-.2810060E-02
-.2715853E-02
-.2461077E-02
-.2551499E-02
-.3075724E-02
-.3846095E-02
-.4615463E-02
-.4765231E-02
-.4475813E-02
-.4296901E-02
-.3784709E-02
-.2479623E-02
-.1308468E-02
-.8402180E-03
-.8464947E-03
-.8515895E-03
-.7380489E-03
-.5131461E-03
-.3875033E-03
-.5490828E-03
-.8050973E-03
-.9122516E-03
-.6840888E-03
-.3017131E-03
.2230929E-04
.6180151E-03
.1543896E-02
.2099221E-02
.2095522E-02
.1905436E-02
.2261481E-02
.3183262E-02
.4038441E-02
.4211677E-02
.3540922E-02
.3001505E-02
.3168510E-02
.3782650E-02
.4200594E-02
.4117452E-02
.3600860E-02
.2967504E-02
.2541840E-02
.2333365E-02
.2166156E-02
.1845784E-02
.1661944E-02
.2331995E-02
.3354801E-02
.3914064E-02
.3790544E-02
.3537735E-02
.3697142E-02
.4229740E-02
.4767227E-02
.4744924E-02
.4463522E-02
.4672194E-02
.4734452E-02
.3899864E-02
.2895009E-02
.2472737E-02
.2657877E-02
.2905854E-02
.2875146E-02
.2435453E-02
.2135170E-02
.2559212E-02
.3252806E-02
.3778593E-02
.4347620E-02
.4666400E-02
.4239289E-02
.4145085E-02
.4783601E-02
.5084017E-02
.4779644E-02
.4406567E-02
.4247660E-02
.4346178E-02
.4887237E-02
.5545266E-02
.5992183E-02
.6468978E-02
.7213569E-02
.8143372E-02
.8971236E-02
.9574630E-02
.1008123E-01
.1058124E-01
.1101832E-01
.1145461E-01
.1191279E-01
.1187917E-01
.1142409E-01
.1137088E-01
.1149514E-01
.1121394E-01
.1086304E-01
.1073711E-01
.1071827E-01
.1077183E-01
.1092359E-01
.1089421E-01
.1069731E-01
.1054430E-01
.1003694E-01
.8923933E-02
.8127236E-02
.7771874E-02
.7215641E-02
.6435152E-02
.5731834E-02
.5227656E-02
.4861638E-02
.4580693E-02
.4385460E-02
.4215398E-02
.3924471E-02
.3713263E-02
.3772302E-02
.3855386E-02
.3796068E-02
.3710933E-02
.3719505E-02
.3777359E-02
.3558043E-02
.3000153E-02
.2346347E-02
.1597860E-02
.7209219E-03
.3186066E-03
.5337809E-03
.1073266E-02
.1601561E-02
.2105111E-02
.2677322E-02
.3206244E-02
.3486220E-02
.3608275E-02
.3677131E-02
.3552669E-02
.3245588E-02
.2891480E-02
.2463114E-02
.1876679E-02
.1148793E-02
.3684475E-03
-.1113200E-03
-.2087214E-03
-.6043818E-04
.1781001E-03
.4776170E-03
.6701120E-03
.7452903E-03
.8086201E-03
.9357717E-03
.1098571E-02
.1203113E-02
.1204945E-02
.1104818E-02
.8859623E-03
.5649661E-03
.1120715E-03
-.6119765E-03
-.1663255E-02
-.2156648E-02
-.1917025E-02
-.1820237E-02
-.1959124E-02
-.1735782E-02
-.1093438E-02
-.4239182E-03
-.8339571E-04
-.8778413E-04
-.3034273E-03
-.8284788E-04
.3493921E-03
-.2518476E-03
-.1344640E-02
-.1830812E-02
-.1868940E-02
-.1933213E-02
-.1960044E-02
-.2325451E-02
-.3231740E-02
-.3623398E-02
-.3273524E-02
-.2771040E-02
-.2550020E-02
-.2553416E-02
-.2552758E-02
-.2317303E-02
-.1634104E-02
-.8636470E-03
-.3912157E-03
-.2359745E-03
-.1652122E-03
-.4454526E-04
.1087458E-03
.1768693E-03
-.9201308E-04
-.4367689E-03
-.4189986E-03
-.1937401E-03
-.1908134E-03
-.1155431E-02
-.2751286E-02
-.4189828E-02
-.5194445E-02
-.5921798E-02
-.6403768E-02
-.6544425E-02
-.6209672E-02
-.6179217E-02
-.6641590E-02
-.6804418E-02
-.6557300E-02
-.6370416E-02
-.6405447E-02
-.6505565E-02
-.6539654E-02
-.6632388E-02
-.6875051E-02
-.6881178E-02
-.6482875E-02
-.5873106E-02
-.5063438E-02
-.4043889E-02
-.3584471E-02
-.3585297E-02
-.2837330E-02
-.1580842E-02
-.7184538E-03
-.3834280E-03
-.2163726E-03
-.1453356E-04
.3335089E-03
.8468801E-03
.1567860E-02
.2323016E-02
.2707204E-02
.3029509E-02
.3676707E-02
.4185303E-02
.4192003E-02
.3835298E-02
.3485227E-02
.3242895E-02
.2677641E-02
.1806447E-02
.1313675E-02
.1356776E-02
.1514303E-02
.9704187E-03
-.5827848E-04
-.8515557E-03
-.1258356E-02
-.1528220E-02
-.1697562E-02
-.1755247E-02
-.1749771E-02
-.1981303E-02
-.2448408E-02
-.2683584E-02
-.2771639E-02
-.3198768E-02
-.4195378E-02
-.5275826E-02
-.5540850E-02
-.5272230E-02
-.5134625E-02
-.5035272E-02
-.4717622E-02
-.4305087E-02
-.3904189E-02
-.3484094E-02
-.2974558E-02
-.2401940E-02
-.1876847E-02
-.1447326E-02
-.1087856E-02
-.6230041E-03
-.2826111E-03
-.7777199E-03
-.1721394E-02
-.2435953E-02
-.3040794E-02
-.3638351E-02
-.3708198E-02
-.3115730E-02
-.2202474E-02
-.1662657E-02
-.1538861E-02
-.1520168E-02
-.1465069E-02
-.1461821E-02
-.1605085E-02
-.1739391E-02
-.1550192E-02
-.1283431E-02
-.1248743E-02
-.1228621E-02
-.9163496E-03
-.2521244E-03
.2496026E-03
.2077198E-03
-.4887962E-03
-.1541212E-02
-.2685459E-02
-.3711504E-02
-.4681193E-02
-.6036497E-02
-.7731088E-02
-.9331870E-02
-.1022371E-01
-.1052018E-01
-.1087255E-01
-.1089918E-01
-.1005863E-01
-.8993436E-02
-.8081709E-02
-.6888035E-02
-.5503852E-02
-.4299715E-02
-.3187622E-02
-.2116384E-02
-.1392092E-02
-.1107475E-02
-.1255694E-02
-.1804357E-02
-.2607244E-02
-.3433543E-02
-.4145105E-02
-.4744604E-02
-.5198686E-02
-.5408025E-02
-.5223999E-02
-.4924111E-02
-.4783592E-02
-.4694024E-02
-.4576442E-02
-.4614180E-02
-.4586557E-02
-.4265380E-02
-.3977973E-02
-.3772679E-02
-.3238356E-02
-.2386419E-02
-.1484870E-02
-.6138660E-03
-.8348443E-04
-.6413981E-03
-.2019148E-02
-.3596800E-02
-.5305998E-02
-.6907908E-02
-.7929052E-02
-.8116138E-02
-.7821957E-02
-.7634480E-02
-.7430991E-02
-.6788628E-02
-.6271795E-02
-.6280778E-02
-.6642395E-02
-.7264996E-02
-.8320603E-02
-.9543590E-02
-.1046068E-01
-.1061340E-01
-.1011318E-01
-.9134953E-02
-.8277880E-02
-.7862580E-02
-.7857118E-02
-.7682453E-02
-.6948872E-02
-.6258351E-02
-.6249553E-02
-.7108160E-02
-.7661210E-02
-.7082286E-02
-.5986547E-02
-.5049014E-02
-.4276874E-02
-.3496976E-02
-.2743467E-02
-.2664079E-02
-.3312722E-02
-.3993074E-02
-.4538899E-02
-.5141102E-02
-.5332276E-02
-.5144033E-02
-.4990264E-02
-.4906507E-02
-.4707249E-02
-.4455759E-02
-.4229559E-02
-.3996397E-02
-.3630284E-02
-.3127178E-02
-.2830511E-02
-.2701902E-02
-.2389943E-02
-.2123659E-02
-.2243902E-02
-.2573524E-02
-.2868738E-02
-.3156148E-02
-.3545865E-02
-.4072982E-02
-.4742108E-02
-.5345336E-02
-.5672641E-02
-.6052343E-02
-.6766406E-02
-.7637005E-02
-.8274719E-02
-.8485028E-02
-.8639388E-02
-.9030720E-02
-.9581519E-02
-.9915489E-02
-.9761188E-02
-.9293507E-02
-.8726585E-02
-.8172108E-02
-.7775079E-02
-.7678189E-02
-.7818243E-02
-.8064513E-02
-.8066584E-02
-.8265821E-02
-.9336297E-02
-.1041622E-01
-.1080831E-01
-.1066724E-01
-.1064276E-01
-.1106911E-01
-.1136025E-01
-.1122212E-01
-.1124471E-01
-.1124045E-01
-.1046001E-01
-.9135894E-02
-.7729588E-02
-.6202999E-02
-.4926676E-02
-.4471749E-02
-.4259345E-02
-.3720489E-02
-.3055289E-02
-.2680620E-02
-.2848564E-02
-.3193103E-02
-.3276099E-02
-.2828030E-02
-.2298315E-02
-.2363401E-02
-.2568500E-02
-.2291517E-02
-.1863161E-02
-.1544759E-02
-.1076131E-02
-.6155751E-03
-.4475882E-03
-.4378005E-03
-.2542153E-03
.3635788E-03
.9373542E-03
.1043438E-02
.9928413E-03
.8604992E-03
.7468708E-04
-.1256954E-02
-.2682781E-02
-.4087178E-02
-.5279943E-02
-.5978586E-02
-.6245431E-02
-.6170430E-02
-.5666750E-02
-.5059595E-02
-.4760928E-02
-.4352915E-02
-.3560732E-02
-.3442231E-02
-.3993693E-02
-.4337613E-02
-.4396467E-02
-.4578651E-02
-.4929114E-02
-.5196229E-02
-.5176320E-02
-.4735033E-02
-.3834088E-02
-.2556199E-02
-.1459534E-02
-.1313808E-02
-.1175659E-02
-.1093000E-03
.9771660E-03
.1613041E-02
.2399122E-02
.3057126E-02
.3053534E-02
.2863798E-02
.2999584E-02
.3515680E-02
.4021664E-02
.4242597E-02
.4063233E-02
.3756697E-02
.3837571E-02
.4249938E-02
.4630273E-02
.4418036E-02
.3801791E-02
.3626018E-02
.3841260E-02
.3881925E-02
.3553106E-02
.2955028E-02
.2127903E-02
.1273452E-02
.1213747E-02
.1829338E-02
.2450541E-02
.2722484E-02
.2802775E-02
.2997859E-02
.3442520E-02
.4066201E-02
.4265965E-02
.3766751E-02
.3219354E-02
.3114350E-02
.3505351E-02
.3931127E-02
.4089473E-02
.4137825E-02
.4130429E-02
.3759469E-02
.3435686E-02
.3576778E-02
.3699477E-02
.3425826E-02
.2758448E-02
.1915326E-02
.1107540E-02
.7898767E-03
.7779916E-03
.5789368E-03
.1665078E-03
-.1601848E-03
-.4426268E-04
.3197392E-03
.5111391E-03
.2888032E-03
-.2324237E-03
-.4799618E-03
-.3705992E-03
-.3573317E-03
-.5338046E-03
-.6984906E-03
-.8722035E-03
-.1106307E-02
-.1324685E-02
-.1610068E-02
-.2062311E-02
-.2589712E-02
-.3040103E-02
-.3263159E-02
-.3026737E-02
-.2320661E-02
-.1740783E-02
-.1454959E-02
-.1061409E-02
-.2147733E-03
.1098195E-02
.2114385E-02
.2560400E-02
.2891131E-02
.3297376E-02
.3524531E-02
.3394735E-02
.3072087E-02
.2981783E-02
.2994035E-02
.2707106E-02
.2323369E-02
.2186184E-02
.2347374E-02
.2406350E-02
.2021346E-02
.1878655E-02
.2505765E-02
.3352228E-02
.3621080E-02
.3045054E-02
.2477515E-02
.2482925E-02
.2719959E-02
.2679010E-02
.2229078E-02
.1420821E-02
.3792671E-03
-.3670561E-03
-.6145785E-03
-.5013554E-03
-.2922434E-03
-.9149210E-04
-.1892533E-03
-.5874092E-03
-.1094808E-02
-.1271538E-02
-.9974533E-03
-.7390139E-03
-.1001809E-02
-.1936705E-02
-.2971919E-02
-.3751308E-02
-.4466178E-02
-.5142185E-02
-.5536364E-02
-.5734064E-02
-.5984874E-02
-.6623523E-02
-.7449088E-02
-.8051611E-02
-.8253703E-02
-.8137832E-02
-.7361469E-02
-.6369701E-02
-.5912946E-02
-.5782135E-02
-.5539827E-02
-.5347081E-02
-.5300612E-02
-.5257224E-02
-.5134570E-02
-.4997227E-02
-.5093695E-02
-.5329595E-02
-.5429233E-02
-.5270726E-02
-.4903217E-02
-.4411282E-02
-.3867480E-02
-.3257089E-02
-.2786421E-02
-.2547776E-02
-.2039228E-02
-.1265346E-02
-.7304988E-03
-.5845911E-03
-.5956985E-03
-.3924127E-03
.2870256E-04
.3921200E-03
.5739294E-03
.6712496E-03
.8924385E-03
.1287833E-02
.1775394E-02
.2155651E-02
.2309543E-02
.2438730E-02
.2639106E-02
.2737526E-02
.3045702E-02
.3969963E-02
.4553507E-02
.4396482E-02
.4308434E-02
.4585547E-02
.4833800E-02
.4703080E-02
.4345905E-02
.4345961E-02
.4659792E-02
.4851987E-02
.4834348E-02
.4800032E-02
.4942286E-02
.5203861E-02
.5400922E-02
.5242513E-02
.4829767E-02
.4763638E-02
.5084944E-02
.5381275E-02
.5160322E-02
.4515257E-02
.3940760E-02
.3595349E-02
.3184055E-02
.2421741E-02
.1653796E-02
.1298576E-02
.1201763E-02
.1118740E-02
.1146561E-02
.1133688E-02
.5784924E-03
-.5780723E-03
-.1949153E-02
-.2645762E-02
-.2936708E-02
-.3661173E-02
-.4668081E-02
-.5427801E-02
-.5866443E-02
-.6066770E-02
-.6007638E-02
-.5987266E-02
-.6159276E-02
-.6220031E-02
-.6142278E-02
-.6181593E-02
-.6347126E-02
-.6506317E-02
-.6570599E-02
-.6693200E-02
-.7062141E-02
-.7417907E-02
-.7580719E-02
-.7980277E-02
-.8523580E-02
-.8697557E-02
-.8146922E-02
-.6996002E-02
-.6183614E-02
-.5814912E-02
-.5250942E-02
-.4507238E-02
-.3957081E-02
-.3493142E-02
-.2974930E-02
-.2471372E-02
-.1900652E-02
-.1179929E-02
-.5784089E-03
-.3330800E-03
-.5479160E-03
-.9907123E-03
-.1351678E-02
-.9351269E-03
.9621554E-04
.7452028E-03
.8957739E-03
.1043896E-02
.1219597E-02
.1225315E-02
.1023747E-02
.6992695E-03
.2992031E-03
.2218955E-04
-.1490757E-03
-.4984508E-03
-.9144469E-03
-.1040295E-02
-.5357810E-03
.2430321E-03
.4105132E-03
.2614201E-03
.5670122E-03
.1168818E-02
.1584558E-02
.1544673E-02
.1468143E-02
.1898445E-02
.2824418E-02
.3818244E-02
.4289720E-02
.4295869E-02
.4186121E-02
.3916439E-02
.3276701E-02
.2485187E-02
.1536113E-02
.2258782E-03
-.8314801E-03
-.1311434E-02
-.1400096E-02
-.1535958E-02
-.1922330E-02
-.2185746E-02
-.2166510E-02
-.2328593E-02
-.2497776E-02
-.2093080E-02
-.1448497E-02
-.9280976E-03
-.2296512E-04
.1018238E-02
.1441862E-02
.1691306E-02
.2330986E-02
.2907711E-02
.3089101E-02
.3056370E-02
.3523128E-02
.4619186E-02
.4883023E-02
.4031109E-02
.2743282E-02
.1552514E-02
.5443854E-03
.9885902E-04
-.6733631E-04
-.5162078E-03
-.7890757E-03
-.3268927E-03
.4349537E-03
.1004532E-02
.1366723E-02
.1940958E-02
.2906650E-02
.3726845E-02
.4070867E-02
.4063362E-02
.3977162E-02
.3852216E-02
.3666942E-02
.3400330E-02
.2962663E-02
.2337671E-02
.1571549E-02
.8426066E-03
.5721354E-03
.1430985E-02
.2432772E-02
.2528349E-02
.2015679E-02
.1642201E-02
.1066754E-02
.1481529E-02
.1851330E-02
.1709080E-02
.1151987E-02
.7566660E-03
.4191372E-03
-.3610693E-03
-.1313687E-02
-.2000488E-02
-.2307111E-02
-.2331939E-02
-.2099427E-02
-.2034935E-02
-.2241437E-02
-.2228175E-02
-.1848443E-02
-.1390783E-02
-.1427192E-02
-.1905432E-02
-.2048088E-02
-.1778298E-02
-.1577159E-02
-.1558333E-02
-.1561557E-02
-.1678861E-02
-.1603867E-02
-.8847197E-03
.2952093E-04
.6675765E-03
.1102530E-02
.1371694E-02
.1077962E-02
.5756900E-03
.3647946E-03
.3664282E-03
.3676240E-03
.4203589E-03
.3795876E-03
.1345881E-03
.6783645E-04
.1660227E-03
-.1917326E-03
-.1018716E-02
-.1928530E-02
-.2751666E-02
-.3516077E-02
-.4162155E-02
-.4642496E-02
-.4998447E-02
-.5465431E-02
-.6048816E-02
-.6497722E-02
-.6684533E-02
-.6714192E-02
-.6927966E-02
-.7382628E-02
-.7852116E-02
-.8365698E-02
-.9107220E-02
-.9602155E-02
-.9696243E-02
-.9869831E-02
-.1025293E-01
-.1054938E-01
-.1027679E-01
-.9507457E-02
-.8761312E-02
-.8371850E-02
-.8332297E-02
-.8315666E-02
-.8160747E-02
-.8001560E-02
-.7821754E-02
-.7457873E-02
-.7094992E-02
-.6881897E-02
-.6744297E-02
-.6584295E-02
-.6401001E-02
-.6220395E-02
-.6052108E-02
-.5874983E-02
-.5680033E-02
-.5483318E-02
-.5294005E-02
-.5107791E-02
-.4918792E-02
-.4726769E-02
-.4534638E-02
-.4357406E-02
-.4419326E-02
-.4790616E-02
-.4865678E-02
-.4459848E-02
-.4003405E-02
-.3699959E-02
-.3430464E-02
-.3195516E-02
-.3041044E-02
-.2962288E-02
-.2696728E-02
-.2009930E-02
-.1359160E-02
-.9181670E-03
-.2233601E-03
.6838181E-03
.1425221E-02
.1985285E-02
.2539077E-02
.3112669E-02
.3636927E-02
.4058929E-02
.4290460E-02
.4324319E-02
.4421665E-02
.4463608E-02
.4104965E-02
.3458866E-02
.2785860E-02
.2325495E-02
.2077194E-02
.1934198E-02
.1631005E-02
.1134431E-02
.9268318E-03
.1062035E-02
.1235087E-02
.1280284E-02
.1238730E-02
.1097532E-02
.9005022E-03
.6808376E-03
.2424859E-03
-.4801503E-03
-.9608613E-03
-.1048767E-02
-.9222831E-03
-.7021060E-03
-.3667715E-03
.9061974E-04
.5410698E-03
.7829568E-03
.8210083E-03
.7866363E-03
.8732559E-03
.1042772E-02
.1081050E-02
.9516053E-03
.7549344E-03
.6856294E-03
.7591675E-03
.8289831E-03
.8815486E-03
.1023869E-02
.1252762E-02
.1397361E-02
.1198969E-02
.9137726E-03
.8723467E-03
.7758977E-03
.3832975E-03
-.1762488E-03
-.7515569E-03
-.1314599E-02
-.1585220E-02
-.1549517E-02
-.1541095E-02
-.1707419E-02
-.1922181E-02
-.1826255E-02
-.1435419E-02
-.1239507E-02
-.1182997E-02
-.8204510E-03
-.5823441E-04
.8046975E-03
.1290611E-02
.1678873E-02
.2537923E-02
.3661595E-02
.4639413E-02
.5368826E-02
.6023921E-02
.6743779E-02
.7518604E-02
.8233442E-02
.8631007E-02
.8803989E-02
.8994441E-02
.9297858E-02
.9604228E-02
.9563878E-02
.9402531E-02
.9715922E-02
.9922408E-02
.9388514E-02
.8793422E-02
.8659624E-02
.8890625E-02
.9048748E-02
.8945548E-02
.8764199E-02
.8657986E-02
.8568797E-02
.8421299E-02
.8200955E-02
.7868674E-02
.7429659E-02
.6857702E-02
.6241455E-02
.5679241E-02
.5219430E-02
.4837212E-02
.4541608E-02
.4167704E-02
.3683816E-02
.3660698E-02
.3922783E-02
.3844048E-02
.3508915E-02
.3284327E-02
.3262862E-02
.3321064E-02
.3361002E-02
.3229197E-02
.2891252E-02
.2548528E-02
.2305617E-02
.2104113E-02
.1868371E-02
.1593517E-02
.1315342E-02
.1055304E-02
.8080534E-03
.5610864E-03
.3106976E-03
.6067116E-04
-.1852653E-03
-.4270904E-03
-.6664355E-03
-.9041042E-03
-.1139839E-02
-.1373002E-02
-.1603356E-02
-.1831168E-02
-.2060323E-02
-.2298569E-02
-.2539772E-02
-.2775091E-02
-.3004171E-02
-.3231002E-02
-.3457384E-02
-.3682108E-02
-.3903629E-02
-.4121377E-02
-.4298659E-02
-.4356561E-02
-.4344612E-02
-.4345732E-02
-.4424540E-02
-.4551873E-02
-.4647741E-02
-.4720358E-02
-.4786426E-02
-.4515367E-02
-.3913603E-02
-.3437600E-02
-.3190311E-02
-.2952268E-02
-.2488116E-02
-.1938317E-02
-.1718581E-02
-.1698586E-02
-.1558169E-02
-.1522615E-02
-.1712620E-02
-.1822670E-02
-.1822226E-02
-.1912054E-02
-.2104355E-02
-.2297579E-02
-.2445398E-02
-.2538651E-02
-.2425418E-02
-.2177460E-02
-.1977662E-02
-.1885362E-02
-.1875444E-02
-.1630742E-02
-.1064867E-02
-.9153170E-03
-.1216724E-02
-.1376174E-02
-.1120832E-02
-.6532186E-03
-.4035399E-03
-.4590202E-03
-.7098760E-03
-.8353681E-03
-.6762400E-03
-.3517979E-03
-.5785960E-04
.1501395E-03
.3236559E-03
.5230637E-03
.8289827E-03
.1121588E-02
.1150749E-02
.1057070E-02
.1107089E-02
.1457469E-02
.1919517E-02
.2259203E-02
.2586656E-02
.3027692E-02
.3240584E-02
.3230549E-02
.3318428E-02
.3544852E-02
.3716279E-02
.3575340E-02
.3246876E-02
.3000748E-02
.2936820E-02
.2963603E-02
.2880259E-02
.2740784E-02
.2793685E-02
.3010785E-02
.3217235E-02
.3315824E-02
.3323547E-02
.3236452E-02
.3188766E-02
.3268218E-02
.3353785E-02
.3374749E-02
.3385289E-02
.3410501E-02
.3420304E-02
.3358689E-02
.3251877E-02
.3154697E-02
.3049913E-02
.2906910E-02
.2770115E-02
.2654035E-02
.2517761E-02
.2125709E-02
.1440275E-02
.1101066E-02
.1086644E-02
.9088493E-03
.7329783E-03
.7698709E-03
.7392385E-03
.5992265E-03
.5604665E-03
.5389481E-03
.4215445E-03
.2917912E-03
.3375781E-03
.6635651E-03
.1013857E-02
.1237787E-02
.1517229E-02
.1874522E-02
.2126313E-02
.2076478E-02
.1808309E-02
.1577854E-02
.1543867E-02
.1718868E-02
.1943902E-02
.2109100E-02
.2201905E-02
.2308924E-02
.2495474E-02
.2704216E-02
.2875238E-02
.3012670E-02
.3119544E-02
.3174671E-02
.3183213E-02
.3159138E-02
.3053230E-02
.2884400E-02
.2716297E-02
.2606347E-02
.2518184E-02
.2284855E-02
.2007555E-02
.1909735E-02
.1948467E-02
.1976753E-02
.1939119E-02
.1855769E-02
.1737541E-02
.1559587E-02
.1345260E-02
.1176724E-02
.1057865E-02
.9536088E-03
.9158630E-03
.9543526E-03
.9967983E-03
.1054781E-02
.1163199E-02
.1221462E-02
.1188363E-02
.1130249E-02
.1085046E-02
.1043376E-02
.1039754E-02
.1086477E-02
.1162116E-02
.1287971E-02
.1474600E-02
.1606911E-02
.1660699E-02
.1728454E-02
.1722832E-02
.1566738E-02
.1536389E-02
.1682749E-02
.1710611E-02
.1557222E-02
.1386276E-02
.1387830E-02
.1466815E-02
.1397445E-02
.1274404E-02
.1266491E-02
.1286927E-02
.1253616E-02
.1197923E-02
.1159887E-02
.1136344E-02
.1093523E-02
.1048516E-02
.1061348E-02
.1117409E-02
.1179316E-02
.1276771E-02
.1414923E-02
.1576144E-02
.1684007E-02
.1715047E-02
.1804064E-02
.1957957E-02
.2058962E-02
.2066830E-02
.2043488E-02
.2127682E-02
.2299742E-02
.2460520E-02
.2581222E-02
.2688996E-02
.2765868E-02
.2762570E-02
.2621900E-02
.2484989E-02
.2459244E-02
.2404729E-02
.2272786E-02
.2163910E-02
.2119176E-02
.2083430E-02
.1921447E-02
.1692909E-02
.1564905E-02
.1550325E-02
.1564657E-02
.1557167E-02
.1546252E-02
.1576704E-02
.1584210E-02
.1519193E-02
.1496782E-02
.1550741E-02
.1620218E-02
.1638791E-02
.1603674E-02
.1571069E-02
.1553870E-02
.1511058E-02
.1446784E-02
.1389412E-02
.1342932E-02
.1279705E-02
.1159012E-02
.1010041E-02
.8813051E-03
.8048084E-03
.7511209E-03
.6794437E-03
.5810826E-03
.4798621E-03
.4357632E-03
.4168005E-03
.3550778E-03
.2984745E-03
.2940888E-03
.2583720E-03
.1830602E-03
.1337135E-03
.1241608E-03
.1265948E-03
.1120266E-03
.6384810E-04
-.2065277E-04
-.9261075E-04
-.1323041E-03
-.1983863E-03
-.2951882E-03
-.3789411E-03
-.4366727E-03
-.4808254E-03
-.5039959E-03
-.5209395E-03
-.5513747E-03
-.5601011E-03
-.5403998E-03
-.5594384E-03
-.6137510E-03
-.6489587E-03
-.6424552E-03
-.6107141E-03
-.5702308E-03
-.5361957E-03
-.5117533E-03
-.4837637E-03
-.4473745E-03
-.4118723E-03
-.3875347E-03
-.3771105E-03
-.3712071E-03
-.3624931E-03
-.3487090E-03
-.3419588E-03
-.3535744E-03
-.3648049E-03
-.3654727E-03
-.3890360E-03
-.4256305E-03
-.4383306E-03
-.4284803E-03
-.4175966E-03
-.4160315E-03
-.4188373E-03
-.4187876E-03
-.4059461E-03
-.3808367E-03
-.3649936E-03
-.3701869E-03
-.3928325E-03
-.4175595E-03
-.4387816E-03
-.4610440E-03
-.4859581E-03
-.5101201E-03
-.5254215E-03
-.5294682E-03
-.5307623E-03
-.5375273E-03
-.5508115E-03
-.5600864E-03
-.5630276E-03
-.5816082E-03
-.6114553E-03
-.6322602E-03
-.6420186E-03
-.6493330E-03
-.6580684E-03
-.6712633E-03
-.6912601E-03
-.7117534E-03
-.7281885E-03
-.7418347E-03
-.7575096E-03
-.7771042E-03
-.7906726E-03
-.7943368E-03
-.7937073E-03
-.7958296E-03
-.8023598E-03
-.8096831E-03
-.8143272E-03
-.8151138E-03
-.8185921E-03
-.8302843E-03
-.8406962E-03
-.8436164E-03
-.8424995E-03
-.8413587E-03
-.8407308E-03
-.8412033E-03
-.8420627E-03
-.8416394E-03
-.8393231E-03
-.8355697E-03
-.8297761E-03
-.8236550E-03
-.8213117E-03
-.8189614E-03
-.8123158E-03
-.8030406E-03
-.7952254E-03
-.7918893E-03
-.7900799E-03
-.7865738E-03
-.7821214E-03
-.7783144E-03
-.7751647E-03
-.7713615E-03
-.7663433E-03
-.7610058E-03
-.7561468E-03
-.7519600E-03
-.7482798E-03
-.7448496E-03
-.7412579E-03
-.7373944E-03
-.7333672E-03
-.7301473E-03
-.7280121E-03
-.7254350E-03
-.7216942E-03
-.7172963E-03
-.7137016E-03
-.7112833E-03
-.7085363E-03
-.7046275E-03
-.6998655E-03
-.6954230E-03
-.6916816E-03
-.6876209E-03
-.6828823E-03
-.6778538E-03
-.6728121E-03
-.6677826E-03
-.6629178E-03
-.6581914E-03
-.6535074E-03
-.6487804E-03
-.6440296E-03
-.6394208E-03
-.6349082E-03
-.6303457E-03
-.6255158E-03
-.6204155E-03
-.6153700E-03
-.6104959E-03
-.6056964E-03
-.6007297E-03
-.5955638E-03
-.5905172E-03
-.5856409E-03
-.5807749E-03
-.5758335E-03
-.5708484E-03
-.5658823E-03
-.5609057E-03
-.5558480E-03
-.5506824E-03
-.5454551E-03
-.5402908E-03
-.5351674E-03
-.5299957E-03
-.5247413E-03
-.5194419E-03
-.5141810E-03
-.5089324E-03
-.5036307E-03
-.4982866E-03
-.4929401E-03
-.4876239E-03
-.4823049E-03
-.4769421E-03
-.4715323E-03
-.4660969E-03
-.4606623E-03
-.4552194E-03
-.4497472E-03
-.4442403E-03
-.4387122E-03
-.4331811E-03
-.4276435E-03
-.4220891E-03
-.4165181E-03
-.4109336E-03
-.4053362E-03
-.3997211E-03
-.3940853E-03
-.3884331E-03
-.3827701E-03
-.3770999E-03
-.3714196E-03
-.3657262E-03
-.3600197E-03
-.3543013E-03
-.3485715E-03
-.3428300E-03
-.3370763E-03
-.3313105E-03
-.3255329E-03
-.3197434E-03
-.3139421E-03
-.3081293E-03
-.3023049E-03
-.2964689E-03
-.2906216E-03
-.2847633E-03
-.2788941E-03
-.2730140E-03
-.2671232E-03
-.2612217E-03
-.2553098E-03
-.2493877E-03
-.2434555E-03
-.2375134E-03
-.2315615E-03
-.2256001E-03
-.2196293E-03
-.2136494E-03
-.2076605E-03
-.2016627E-03
-.1956563E-03
-.1896415E-03
-.1836184E-03
-.1775872E-03
-.1715482E-03
-.1655014E-03
-.1594471E-03
-.1533854E-03
-.1473166E-03
