.3469625E-02
.3461528E-02
.3453577E-02
.3445809E-02
.3437571E-02
.3429492E-02
.3421219E-02
.3413309E-02
.3406399E-02
.3397874E-02
.3389157E-02
.3382344E-02
.3375352E-02
.3360857E-02
.3351129E-02
.3348661E-02
.3339594E-02
.3335271E-02
.3314823E-02
.3305954E-02
.3315701E-02
.3293092E-02
.3289522E-02
.3291113E-02
.3279876E-02
.3262040E-02
.3241126E-02
.3265400E-02
.3244047E-02
.3210886E-02
.3241497E-02
.3214151E-02
.3175940E-02
.3203092E-02
.3190258E-02
.3185895E-02
.3236403E-02
.3221310E-02
.3164616E-02
.3120281E-02
.3112340E-02
.3153388E-02
.3168435E-02
.3134267E-02
.3122787E-02
.3120504E-02
.3077658E-02
.3077974E-02
.3096812E-02
.3113549E-02
.3087040E-02
.3042147E-02
.3072937E-02
.3042503E-02
.3094040E-02
.3121376E-02
.3003475E-02
.3010503E-02
.3032180E-02
.3122622E-02
.3150364E-02
.3076925E-02
.3110761E-02
.2943257E-02
.2848581E-02
.3019912E-02
.3038672E-02
.2951863E-02
.2890334E-02
.2824410E-02
.2878095E-02
.3015262E-02
.2979968E-02
.2891579E-02
.2857469E-02
.2842436E-02
.2899481E-02
.2891906E-02
.2913389E-02
.2934488E-02
.2862545E-02
.2915036E-02
.2928908E-02
.2786644E-02
.2748385E-02
.2700717E-02
.2642403E-02
.2835475E-02
.2816253E-02
.2763762E-02
.2777286E-02
.2493961E-02
.2741788E-02
.2834528E-02
.2447316E-02
.2568773E-02
.2658760E-02
.2815974E-02
.2859587E-02
.2595078E-02
.2617236E-02
.2472427E-02
.2502323E-02
.2648013E-02
.2281206E-02
.2220718E-02
.2506550E-02
.2463658E-02
.2484727E-02
.2568468E-02
.2253923E-02
.2276282E-02
.2527164E-02
.2402942E-02
.2294244E-02
.2215251E-02
.2304303E-02
.2257623E-02
.2403672E-02
.2766676E-02
.2432815E-02
.2463365E-02
.2526619E-02
.2144872E-02
.2339222E-02
.2494939E-02
.2578825E-02
.2689319E-02
.2238634E-02
.1807704E-02
.2567057E-02
.3033406E-02
.2054070E-02
.2723543E-02
.3234139E-02
.1562634E-02
.1954369E-02
.2970981E-02
.2834395E-02
.2998122E-02
.2155791E-02
.1743236E-02
.2222582E-02
.2227948E-02
.2618782E-02
.2439625E-02
.1794769E-02
.2012889E-02
.2084892E-02
.1854433E-02
.1938203E-02
.1875019E-02
.2050192E-02
.2552152E-02
.2349156E-02
.2195592E-02
.2501910E-02
.2207927E-02
.1913824E-02
.2267272E-02
.2175080E-02
.1865870E-02
.1931623E-02
.1959583E-02
.2828171E-02
.2824357E-02
.2049262E-02
.2780740E-02
.2204627E-02
.1345457E-02
.1746337E-02
.1822104E-02
.2380740E-02
.1812132E-02
.1240019E-02
.2551701E-02
.2619041E-02
.1780474E-02
.1914756E-02
.2104870E-02
.1965926E-02
.2187203E-02
.2577166E-02
.2090114E-02
.1962366E-02
.2060264E-02
.1216901E-02
.1987139E-02
.2727664E-02
.1680529E-02
.1793602E-02
.2571092E-02
.2403828E-02
.1743474E-02
.2472616E-02
.2663028E-02
.1310881E-02
.2371039E-02
.3088001E-02
.1927757E-02
.1752482E-02
.1790972E-02
.2220844E-02
.2659739E-02
.2099991E-02
.1526720E-02
.1344636E-02
.1672909E-02
.2349496E-02
.2040920E-02
.1354832E-02
.1719225E-02
.1618826E-02
.9975364E-03
.1707253E-02
.2187762E-02
.1703627E-02
.1761909E-02
.1686475E-02
.1780646E-02
.1416772E-02
.8738798E-03
.1904063E-02
.1955081E-02
.1690343E-02
.1772532E-02
.1170984E-02
.1208920E-02
.9702486E-03
.7647288E-03
.1045973E-02
.2214864E-02
.3300337E-02
.2127675E-02
.1463559E-02
.1916505E-02
.1447512E-02
.1387132E-02
.1665786E-02
.1479098E-02
.1839004E-02
.2259311E-02
.2306840E-02
.1553246E-02
.1057137E-02
.1973281E-02
.1651853E-02
.9804567E-03
.1394707E-02
.1892135E-02
.1762003E-02
.8946499E-03
.1592865E-02
.1854122E-02
.1227655E-02
.1854907E-02
.1612118E-02
.1554415E-02
.2043776E-02
.2072074E-02
.2728134E-02
.2902560E-02
.1899878E-02
.1285208E-02
.1938941E-02
.2049134E-02
.2082676E-02
.2777751E-02
.1825891E-02
.1089911E-02
.1507465E-02
.1174367E-02
.1205788E-02
.1366186E-02
.1242131E-02
.1643369E-02
.1907883E-02
.1137910E-02
.1932981E-03
.1066665E-02
.1389553E-02
.6388576E-03
.1414426E-02
.1596469E-02
.1422248E-02
.1043151E-02
.8485245E-03
.2185059E-02
.1451380E-02
.6099879E-03
.1364348E-02
.1455964E-02
.1521856E-02
.1296876E-02
.1624948E-02
.1575111E-02
.8501274E-03
.1343357E-02
.1412545E-02
.1118264E-02
.1775637E-02
.2353206E-02
.1723206E-02
.6685240E-03
.9636715E-03
.1137473E-02
.6256014E-03
.1435783E-02
.1119692E-02
.3004890E-03
.1882381E-02
.1900792E-02
.8115138E-03
.1286176E-02
.1357098E-02
.7932490E-03
.4574982E-03
.8964179E-03
.1603729E-02
.2015437E-02
.1668165E-02
.1145293E-02
.2124154E-02
.2349500E-02
.5149071E-03
.6427175E-04
.9700526E-03
.6314703E-03
.9541890E-03
.1640065E-02
.8048358E-03
.1313935E-02
.1704735E-02
.1072489E-02
.1728534E-02
.1373390E-02
.1497881E-02
.2122506E-02
.1205457E-02
.1378994E-02
.9041796E-03
.5940540E-03
.2107198E-02
.2033172E-02
.1113245E-02
.1107298E-02
.1124304E-02
.6977585E-03
.5696370E-03
.6196875E-03
.1114028E-02
.1717235E-02
.8035320E-03
.6019581E-03
.1621860E-02
.1625070E-02
.1195516E-02
.7516896E-03
.5157458E-03
.1123176E-02
.1668968E-02
.7588936E-03
.1698657E-03
.8785895E-03
.3042974E-03
.3457564E-03
.8794049E-03
.3889452E-03
.1502332E-02
.1616317E-02
.1106237E-02
.1199082E-02
.6917169E-03
.1537330E-02
.9713903E-03
.1541254E-03
.9809385E-03
.2861529E-03
.3041001E-03
.1238648E-02
.1223072E-02
.8220534E-03
.6437997E-03
.1176559E-02
.6295329E-03
.7037258E-03
.1348595E-02
-.1419896E-03
.4065897E-03
.2074242E-02
.1261498E-02
.4777725E-03
.3524503E-03
.3196801E-03
.9673234E-03
.1045228E-02
-.1351640E-03
-.3872395E-03
.3100727E-03
.8637729E-03
.6206407E-03
.4814217E-03
.1462795E-02
.1550543E-02
.1539772E-02
.1447366E-02
.3259649E-03
-.7466053E-03
-.1518059E-02
-.1037343E-02
.5105334E-03
.1701389E-02
.1567221E-02
.1557742E-02
.2133142E-02
.1155241E-02
.2975081E-04
.1132085E-02
.2505918E-02
.1843628E-02
.1493806E-02
.8048888E-03
-.1214161E-02
-.1193100E-02
-.1686271E-02
-.3099262E-02
-.3012090E-02
-.3650637E-02
-.3080624E-02
.1889191E-03
.2461955E-02
.3402821E-02
.4379790E-02
.3006735E-02
.1616192E-02
.2835856E-02
.2985291E-02
.2358566E-02
.9465954E-03
-.9642233E-03
-.1337535E-02
-.1067052E-02
-.4028437E-04
.3515537E-03
-.8193236E-04
-.7039160E-04
.1702154E-02
.4077354E-02
.3367104E-02
.2200482E-02
.6411685E-03
-.2013527E-02
-.3164553E-02
-.3931286E-02
-.2647912E-02
-.1652112E-02
-.2464839E-02
-.8965534E-03
-.1087312E-02
-.2277824E-02
-.6220689E-03
.7058138E-03
.2494601E-02
.3688891E-02
.3246534E-02
.3090422E-02
.1630357E-02
-.1058687E-02
-.2778624E-02
-.1765576E-02
-.5792120E-03
-.1275247E-02
-.2332544E-02
-.3686378E-02
-.1923399E-02
.2651159E-02
.4920625E-02
.3044073E-02
-.1456190E-02
-.2769899E-02
-.7012927E-03
.1732220E-02
.3887315E-02
.1652079E-02
-.2679388E-02
-.3307440E-02
-.2131165E-02
-.1521035E-03
.2073124E-02
.1427282E-02
-.2329061E-02
-.6203092E-02
-.5424207E-02
-.1311980E-02
.3034035E-02
.6292603E-02
.5173179E-02
.2251583E-02
-.1905635E-02
-.5939402E-02
-.6661816E-02
-.7255476E-02
-.6298350E-02
-.5090784E-02
-.4003424E-02
-.1742647E-02
-.2768195E-02
-.1516114E-02
.2268167E-02
.3357896E-02
.4584767E-02
.3084411E-02
-.1281422E-02
-.6131895E-02
-.9291645E-02
-.6658181E-02
-.2448696E-02
.7586965E-03
.3169106E-02
.3457516E-02
.5163242E-03
-.4644423E-02
-.6751339E-02
-.4823033E-02
.9314101E-04
.2501403E-02
.1781015E-02
.1868403E-02
-.2189049E-02
-.5112131E-02
-.6165761E-02
-.8971064E-02
-.8154111E-02
-.7435634E-02
-.6320809E-02
-.6404131E-02
-.9478564E-02
-.8051114E-02
-.4183843E-02
.1353151E-02
.7202973E-02
.8058369E-02
.5364749E-02
.1731109E-02
-.1747389E-02
-.4804514E-02
-.3712501E-02
.3071124E-02
.9521120E-02
.9563467E-02
.5595948E-02
.4552578E-02
.5287181E-02
.4370608E-02
.4976485E-02
.1096113E-01
.1661517E-01
.1735169E-01
.1428986E-01
.7066008E-02
.1510920E-02
-.1851647E-02
-.3748406E-02
-.2357522E-02
-.6052322E-02
-.1356719E-01
-.1741318E-01
-.1758512E-01
-.1546583E-01
-.1271541E-01
-.8863740E-02
-.6150612E-02
-.6376495E-02
-.7522746E-02
-.8569227E-02
-.1122791E-01
-.1724838E-01
-.2153968E-01
-.2192801E-01
-.1786346E-01
-.7723259E-02
.1001792E-02
.4628181E-02
.4610648E-02
.2500408E-02
.2110922E-02
.8638398E-03
-.1041342E-02
-.1902462E-02
-.5432366E-02
-.7619881E-02
-.8542216E-02
-.9494938E-02
-.5334487E-02
-.2829630E-02
-.7635612E-02
-.1224846E-01
-.8087886E-02
-.2829118E-03
-.6451410E-03
-.6148149E-02
-.9763848E-02
-.1338000E-01
-.1710626E-01
-.1724647E-01
-.1908631E-01
-.2283428E-01
-.2104500E-01
-.1937009E-01
-.1928861E-01
-.1835720E-01
-.1913140E-01
-.1863294E-01
-.1585055E-01
-.1320346E-01
-.9377835E-02
-.2773615E-02
-.3203923E-03
-.4851534E-02
-.8821219E-02
-.9903549E-02
-.8952065E-02
-.5869026E-02
-.1075525E-02
.2754086E-02
.2035499E-02
-.7661000E-03
-.7121965E-03
.1059619E-02
-.1524827E-02
-.6570664E-02
-.7670078E-02
-.8170420E-02
-.1056935E-01
-.1243304E-01
-.1187887E-01
-.8393555E-02
-.7340489E-02
-.7884688E-02
-.7950702E-02
-.8155382E-02
-.2118033E-02
.4560542E-02
.6197727E-02
.9120619E-02
.1132417E-01
.1122657E-01
.1167530E-01
.1211742E-01
.1466878E-01
.2089752E-01
.2526393E-01
.2351199E-01
.1819095E-01
.1203357E-01
.8317618E-02
.1009881E-01
.1392558E-01
.2056495E-01
.3044221E-01
.3275813E-01
.2991551E-01
.3046947E-01
.3071972E-01
.3059742E-01
.2775301E-01
.2042024E-01
.1428074E-01
.9767132E-02
.8108467E-02
.1037665E-01
.1227197E-01
.1082594E-01
.7246759E-02
.3026050E-02
-.1298505E-02
-.2853442E-02
-.4804548E-02
-.8274436E-02
-.8615261E-02
-.1164955E-01
-.1920960E-01
-.2623802E-01
-.3123234E-01
-.3386770E-01
-.3866673E-01
-.4293803E-01
-.4349154E-01
-.4749916E-01
-.5006878E-01
-.4534714E-01
-.4056453E-01
-.3864816E-01
-.4022450E-01
-.4582199E-01
-.5369570E-01
-.6049620E-01
-.6212812E-01
-.6340195E-01
-.6678427E-01
-.6912265E-01
-.7184941E-01
-.7439092E-01
-.7946064E-01
-.8576656E-01
-.8752302E-01
-.8878272E-01
-.8775825E-01
-.8428415E-01
-.8556677E-01
-.8670822E-01
-.8247400E-01
-.8094594E-01
-.8801080E-01
-.9412510E-01
-.9354577E-01
-.9202547E-01
-.8964173E-01
-.8209671E-01
-.6948416E-01
-.5751731E-01
-.4977663E-01
-.4208057E-01
-.3149219E-01
-.2463903E-01
-.2159935E-01
-.1604357E-01
-.1557292E-01
-.1305709E-01
.9402300E-03
.8338835E-02
.8079919E-02
.3502939E-02
-.1034266E-01
-.2325552E-01
-.2684396E-01
-.1245271E-01
.1213421E-01
.3434516E-01
.5961000E-01
.7357580E-01
.6920124E-01
.5970722E-01
.4747683E-01
.4823186E-01
.7561052E-01
.1054519E+00
.1187752E+00
.1269982E+00
.1287401E+00
.1164804E+00
.8779036E-01
.5518165E-01
.5800908E-01
.8765442E-01
.1118021E+00
.1281352E+00
.1420004E+00
.1547833E+00
.1413312E+00
.1029907E+00
.7102187E-01
.6318515E-01
.6709587E-01
.5206255E-01
.3373128E-01
.1573109E-01
-.8719920E-02
-.2405225E-01
-.3974337E-01
-.4950449E-01
-.5417924E-01
-.6670208E-01
-.7350211E-01
-.7876918E-01
-.9149035E-01
-.1012541E+00
-.1027000E+00
-.9780088E-01
-.9560160E-01
-.1020158E+00
-.1135879E+00
-.1317018E+00
-.1438720E+00
-.1373721E+00
-.1249709E+00
-.1127462E+00
-.1026700E+00
-.9859911E-01
-.9016535E-01
-.8263176E-01
-.8870974E-01
-.1008725E+00
-.1145501E+00
-.1241285E+00
-.1288958E+00
-.1309786E+00
-.1246714E+00
-.1184700E+00
-.1148101E+00
-.1132938E+00
-.1163736E+00
-.1210639E+00
-.1277343E+00
-.1307031E+00
-.1326591E+00
-.1351045E+00
-.1344747E+00
-.1327981E+00
-.1271198E+00
-.1203797E+00
-.1133171E+00
-.1071143E+00
-.9992633E-01
-.7788294E-01
-.4951352E-01
-.3064617E-01
-.2010359E-01
-.1370073E-01
-.5195926E-02
.3190198E-02
.6334462E-02
.1126167E-01
.2346924E-01
.3748850E-01
.4918184E-01
.6071660E-01
.6559359E-01
.6470105E-01
.6812192E-01
.6626143E-01
.5494200E-01
.5026277E-01
.5930460E-01
.7173052E-01
.8117093E-01
.9295601E-01
.1027619E+00
.1004145E+00
.8422276E-01
.6685881E-01
.6572782E-01
.7650537E-01
.8837826E-01
.9716691E-01
.1044167E+00
.1137253E+00
.1138810E+00
.1058867E+00
.1019837E+00
.9221634E-01
.7508917E-01
.6434441E-01
.5073527E-01
.2479280E-01
.2392946E-02
-.6517097E-02
-.1481495E-01
-.3628065E-01
-.6079741E-01
-.7391404E-01
-.7957826E-01
-.8304346E-01
-.8919897E-01
-.9969213E-01
-.1076557E+00
-.1191327E+00
-.1365044E+00
-.1477046E+00
-.1600581E+00
-.1751678E+00
-.1792186E+00
-.1760049E+00
-.1685728E+00
-.1657265E+00
-.1732802E+00
-.1774140E+00
-.1781391E+00
-.1747699E+00
-.1660722E+00
-.1602736E+00
-.1557906E+00
-.1503841E+00
-.1469835E+00
-.1488361E+00
-.1484827E+00
-.1449148E+00
-.1485239E+00
-.1536399E+00
-.1549991E+00
-.1566111E+00
-.1589085E+00
-.1554416E+00
-.1471193E+00
-.1418832E+00
-.1349001E+00
-.1286464E+00
-.1221994E+00
-.1077989E+00
-.9570170E-01
-.8918153E-01
-.8897903E-01
-.8722696E-01
-.7268141E-01
-.6103205E-01
-.5121689E-01
-.3761759E-01
-.2735577E-01
-.9710690E-02
.1030335E-01
.2007180E-01
.3190147E-01
.4989708E-01
.6470244E-01
.8888626E-01
.1255346E+00
.1462428E+00
.1532695E+00
.1681562E+00
.1872155E+00
.1979219E+00
.2002330E+00
.2206170E+00
.2588787E+00
.2622569E+00
.2213019E+00
.1947091E+00
.2113010E+00
.2323954E+00
.2373005E+00
.2591970E+00
.2907172E+00
.2823712E+00
.2483515E+00
.2250621E+00
.2173371E+00
.2325580E+00
.2563040E+00
.2785613E+00
.2893273E+00
.2729740E+00
.2571954E+00
.2292400E+00
.1753741E+00
.1312565E+00
.9736255E-01
.7448015E-01
.5645925E-01
.2678190E-01
-.1934950E-02
-.2305221E-01
-.3957327E-01
-.6063557E-01
-.8804472E-01
-.1137805E+00
-.1403338E+00
-.1626948E+00
-.1711537E+00
-.1759202E+00
-.1885236E+00
-.2054142E+00
-.2200710E+00
-.2322347E+00
-.2438685E+00
-.2462761E+00
-.2514819E+00
-.2652389E+00
-.2648789E+00
-.2656795E+00
-.2771764E+00
-.2807868E+00
-.2712052E+00
-.2526479E+00
-.2314269E+00
-.2062908E+00
-.1861417E+00
-.1678284E+00
-.1489638E+00
-.1391187E+00
-.1211161E+00
-.1003717E+00
-.8075641E-01
-.5489621E-01
-.4225759E-01
-.3211948E-01
-.1214349E-01
.8877026E-02
.3326326E-01
.5581779E-01
.7101161E-01
.8093068E-01
.8872654E-01
.9885736E-01
.1130541E+00
.1292243E+00
.1467277E+00
.1664167E+00
.1871378E+00
.2109869E+00
.2326850E+00
.2404406E+00
.2402707E+00
.2485203E+00
.2624534E+00
.2703172E+00
.2722030E+00
.2738652E+00
.2850226E+00
.2971514E+00
.3031002E+00
.3105889E+00
.3031382E+00
.2825731E+00
.2597160E+00
.2249211E+00
.1952218E+00
.1827387E+00
.1662465E+00
.1361359E+00
.1054750E+00
.8266372E-01
.7131842E-01
.6865000E-01
.6225132E-01
.5316698E-01
.4580968E-01
.3820541E-01
.3547510E-01
.3791217E-01
.3866811E-01
.3685298E-01
.3133119E-01
.2259735E-01
.1424583E-01
.6496272E-02
.2674186E-02
.3512299E-02
.4661670E-02
.4018823E-02
-.1069856E-03
-.6877305E-02
-.1335244E-01
-.1991406E-01
-.2486071E-01
-.2741028E-01
-.3144183E-01
-.3150602E-01
-.2570304E-01
-.2007863E-01
-.1515783E-01
-.1175844E-01
-.8420938E-02
-.4262746E-02
.1844771E-02
.8576228E-02
.1710678E-01
.3351802E-01
.4715176E-01
.5187825E-01
.5314867E-01
.5252036E-01
.5314500E-01
.5465818E-01
.5536616E-01
.5663389E-01
.6377278E-01
.7610367E-01
.8861579E-01
.9867600E-01
.9952578E-01
.1015044E+00
.1150763E+00
.1273445E+00
.1384677E+00
.1513997E+00
.1557597E+00
.1570322E+00
.1621490E+00
.1666536E+00
.1717809E+00
.1793416E+00
.1909323E+00
.2057540E+00
.2145230E+00
.2161607E+00
.2152258E+00
.2107663E+00
.2080858E+00
.2109103E+00
.2141019E+00
.2134290E+00
.2036120E+00
.1875386E+00
.1726238E+00
.1597583E+00
.1556257E+00
.1560937E+00
.1503581E+00
.1442846E+00
.1374177E+00
.1269570E+00
.1157854E+00
.1069481E+00
.1079273E+00
.1139107E+00
.1173621E+00
.1144846E+00
.9426364E-01
.7131300E-01
.7103264E-01
.8444954E-01
.9927007E-01
.1056391E+00
.1008450E+00
.1007006E+00
.1024393E+00
.1068389E+00
.1162148E+00
.1169562E+00
.1144366E+00
.1176726E+00
.1223567E+00
.1236279E+00
.1198802E+00
.1134871E+00
.1049561E+00
.8842475E-01
.6512731E-01
.3611809E-01
.6550489E-02
-.3254261E-02
-.3100990E-02
-.1258281E-01
-.3058841E-01
-.5194241E-01
-.6472731E-01
-.7374868E-01
-.8159836E-01
-.8480493E-01
-.9314430E-01
-.1032977E+00
-.1166065E+00
-.1344961E+00
-.1481074E+00
-.1604812E+00
-.1711967E+00
-.1744793E+00
-.1730917E+00
-.1736368E+00
-.1835538E+00
-.2053053E+00
-.2237990E+00
-.2337008E+00
-.2487874E+00
-.2670931E+00
-.2854527E+00
-.3103298E+00
-.3377510E+00
-.3462290E+00
-.3337426E+00
-.3237505E+00
-.3038480E+00
-.2706617E+00
-.2383500E+00
-.1810047E+00
-.1126238E+00
-.7627348E-01
-.5883370E-01
-.3845455E-01
-.2004617E-01
-.1282307E-01
-.1047852E-01
-.3166421E-03
.1935640E-01
.4002134E-01
.5452379E-01
.7627955E-01
.1015422E+00
.1192784E+00
.1363237E+00
.1512798E+00
.1758503E+00
.2028524E+00
.2347090E+00
.2700283E+00
.2653242E+00
.2631783E+00
.3011405E+00
.3280441E+00
.3273630E+00
.3257975E+00
.3215444E+00
.2916927E+00
.2549325E+00
.2093280E+00
.1611826E+00
.1419063E+00
.1215180E+00
.1012309E+00
.8903244E-01
.6232060E-01
.3805907E-01
.2483556E-01
.1515074E-01
.3375990E-02
-.1723308E-01
-.3395459E-01
-.3952288E-01
-.5036170E-01
-.6482774E-01
-.7104846E-01
-.7910654E-01
-.9645989E-01
-.1134338E+00
-.1260127E+00
-.1462255E+00
-.1722275E+00
-.1934901E+00
-.2023297E+00
-.1978635E+00
-.1967043E+00
-.1974230E+00
-.1979783E+00
-.2089479E+00
-.2208261E+00
-.2250226E+00
-.2230992E+00
-.2143277E+00
-.2022280E+00
-.1904458E+00
-.1729372E+00
-.1547076E+00
-.1478218E+00
-.1422061E+00
-.1300383E+00
-.1171751E+00
-.1053818E+00
-.9565362E-01
-.8906480E-01
-.8068723E-01
-.7077124E-01
-.6782141E-01
-.6734370E-01
-.7112428E-01
-.7909205E-01
-.7338278E-01
-.6187779E-01
-.5466396E-01
-.4837327E-01
-.4206839E-01
-.3307496E-01
-.2214843E-01
-.9806213E-02
-.4879948E-02
.1594069E-03
.8756363E-02
.1247168E-01
.2158296E-01
.2883360E-01
.3787216E-01
.4801079E-01
.4525704E-01
.4260846E-01
.3639050E-01
.2751510E-01
.2149414E-01
.1657578E-01
.2263726E-01
.2740371E-01
.2813715E-01
.3387262E-01
.4103345E-01
.4039122E-01
.1415420E-01
-.1118340E-01
-.1326778E-01
-.1323007E-01
-.1010048E-01
-.9419234E-02
-.1315264E-01
-.8724768E-02
-.2719894E-02
-.2444683E-02
-.5666595E-02
-.6690719E-04
.8943977E-02
.8369887E-02
.6517051E-02
.5927406E-02
.2198446E-02
.3773968E-02
.8135457E-02
.7252534E-03
-.6116342E-02
-.6981656E-02
-.1715313E-01
-.3056250E-01
-.3927010E-01
-.5092960E-01
-.6153771E-01
-.6467193E-01
-.7290799E-01
-.8228076E-01
-.8356421E-01
-.8773245E-01
-.9332011E-01
-.9347273E-01
-.9252852E-01
-.1002207E+00
-.1109709E+00
-.1161680E+00
-.1206042E+00
-.1172900E+00
-.1171338E+00
-.1200073E+00
-.1041233E+00
-.9421430E-01
-.9823338E-01
-.9434226E-01
-.8800142E-01
-.8726971E-01
-.9227499E-01
-.1070457E+00
-.1273930E+00
-.1321076E+00
-.1350490E+00
-.1504775E+00
-.1472771E+00
-.1355936E+00
-.1258468E+00
-.9539150E-01
-.6444598E-01
-.5302876E-01
-.4810233E-01
-.3990817E-01
-.3156905E-01
-.3269404E-01
-.4299528E-01
-.4322893E-01
-.2427598E-01
-.7934120E-02
.3844406E-02
.1971888E-01
.2939718E-01
.4147592E-01
.5482609E-01
.6616839E-01
.8281416E-01
.9754507E-01
.1171950E+00
.1410545E+00
.1606349E+00
.1791073E+00
.1988401E+00
.2144292E+00
.2119598E+00
.1987145E+00
.1918876E+00
.1871296E+00
.1694065E+00
.1485018E+00
.1400160E+00
.1281844E+00
.1085174E+00
.9431373E-01
.8949539E-01
.9203034E-01
.8899597E-01
.8202378E-01
.8952980E-01
.1031569E+00
.1108486E+00
.1159756E+00
.1164896E+00
.1148929E+00
.1166622E+00
.1219982E+00
.1293560E+00
.1365558E+00
.1359333E+00
.1263718E+00
.1170382E+00
.1067422E+00
.9633286E-01
.8809356E-01
.8293345E-01
.6771604E-01
.2795806E-01
-.8156636E-02
-.2770491E-01
-.4007625E-01
-.4703638E-01
-.5578967E-01
-.6532938E-01
-.7764288E-01
-.8281386E-01
-.7859722E-01
-.7544877E-01
-.6693778E-01
-.7742582E-01
-.1213925E+00
-.1696266E+00
-.2047768E+00
-.2184068E+00
-.1972096E+00
-.1440131E+00
-.9530257E-01
-.6039461E-01
-.3242089E-01
-.3400624E-01
-.4408350E-01
-.3810950E-01
-.2894465E-01
-.1885827E-01
-.9708509E-02
-.5752248E-02
.1187343E-04
.1452404E-01
.2458039E-01
.3087045E-01
.3506682E-01
.2707688E-01
.2482842E-01
.2972702E-01
.3007005E-01
.1790922E-01
-.4301268E-02
-.1161762E-01
-.1335243E-01
-.1500481E-01
-.1581110E-01
-.3186104E-01
-.4493115E-01
-.5070858E-01
-.6429246E-01
-.8019554E-01
-.8119528E-01
-.6547785E-01
-.6003413E-01
-.6435971E-01
-.6665565E-01
-.7197167E-01
-.7711550E-01
-.8375565E-01
-.8511703E-01
-.8422183E-01
-.8862306E-01
-.9133649E-01
-.9851379E-01
-.1016923E+00
-.1096672E+00
-.1268199E+00
-.1338884E+00
-.1485747E+00
-.1656986E+00
-.1795475E+00
-.1943421E+00
-.1977397E+00
-.2046475E+00
-.2076175E+00
-.1955059E+00
-.1799228E+00
-.1548788E+00
-.1253528E+00
-.1032249E+00
-.8767543E-01
-.8399138E-01
-.8739303E-01
-.8319587E-01
-.7835959E-01
-.7947898E-01
-.7625610E-01
-.6801352E-01
-.5890364E-01
-.4526246E-01
-.3251743E-01
-.2242008E-01
-.8414193E-02
.1074535E-02
.1800385E-02
-.5633253E-02
-.2007317E-01
-.3055590E-01
-.3673030E-01
-.4125434E-01
-.4484718E-01
-.5358494E-01
-.6332744E-01
-.6920886E-01
-.7248066E-01
-.7478409E-01
-.8167622E-01
-.9066054E-01
-.1010816E+00
-.1153796E+00
-.1190753E+00
-.1130497E+00
-.1137984E+00
-.1175537E+00
-.1219014E+00
-.1303301E+00
-.1396893E+00
-.1481450E+00
-.1526549E+00
-.1547199E+00
-.1551357E+00
-.1523987E+00
-.1547131E+00
-.1672273E+00
-.1814328E+00
-.1941037E+00
-.2071536E+00
-.2124837E+00
-.2117636E+00
-.2097355E+00
-.2093700E+00
-.2178753E+00
-.2288524E+00
-.2334934E+00
-.2288658E+00
-.2232725E+00
-.2240925E+00
-.2300138E+00
-.2443206E+00
-.2550184E+00
-.2547456E+00
-.2570383E+00
-.2576754E+00
-.2493512E+00
-.2417854E+00
-.2334853E+00
-.2192891E+00
-.2038428E+00
-.1925893E+00
-.1841213E+00
-.1676442E+00
-.1449766E+00
-.1218409E+00
-.9992727E-01
-.8728562E-01
-.7638896E-01
-.5688406E-01
-.3316238E-01
-.1047267E-01
.3564303E-02
.7841063E-02
.1093814E-01
.1516101E-01
.2210799E-01
.3147068E-01
.3726013E-01
.4276368E-01
.5058495E-01
.5737361E-01
.6658767E-01
.7569120E-01
.7888969E-01
.8261852E-01
.8995515E-01
.9664666E-01
.1074887E+00
.1243250E+00
.1354744E+00
.1488153E+00
.1702876E+00
.1860457E+00
.2060754E+00
.2313360E+00
.2495172E+00
.2650936E+00
.2823036E+00
.2976052E+00
.3044145E+00
.3078760E+00
.3071427E+00
.3063321E+00
.3164166E+00
.3231607E+00
.3238964E+00
.3369672E+00
.3586289E+00
.3636529E+00
.3511985E+00
.3479639E+00
.3496609E+00
.3415121E+00
.3446699E+00
.3543445E+00
.3510126E+00
.3478506E+00
.3509422E+00
.3549544E+00
.3557456E+00
.3571929E+00
.3595360E+00
.3586955E+00
.3577153E+00
.3567450E+00
.3561750E+00
.3516471E+00
.3456874E+00
.3425125E+00
.3407081E+00
.3412427E+00
.3438320E+00
.3501820E+00
.3499888E+00
.3429416E+00
.3387591E+00
.3351888E+00
.3322611E+00
.3252517E+00
.3200566E+00
.3193344E+00
.3121099E+00
.3004827E+00
.2820123E+00
.2560866E+00
.2356847E+00
.2302421E+00
.2312318E+00
.2309231E+00
.2309411E+00
.2225122E+00
.2067705E+00
.1879901E+00
.1653355E+00
.1451898E+00
.1287547E+00
.1172700E+00
.1128438E+00
.1139892E+00
.1153498E+00
.1136775E+00
.1115012E+00
.1025577E+00
.8659957E-01
.7102445E-01
.5124344E-01
.3453274E-01
.2809662E-01
.2442660E-01
.2573842E-01
.2511630E-01
.2086731E-01
.2323397E-01
.2202213E-01
.9375413E-02
-.4145783E-02
-.1059991E-01
-.1906943E-01
-.2904985E-01
-.3595304E-01
-.4477920E-01
-.4757163E-01
-.5065966E-01
-.6109224E-01
-.7002835E-01
-.7557757E-01
-.7806315E-01
-.8179374E-01
-.8488080E-01
-.8855620E-01
-.9385453E-01
-.9372330E-01
-.9463073E-01
-.9839177E-01
-.1019221E+00
-.1059777E+00
-.1065534E+00
-.1072954E+00
-.1104044E+00
-.1097469E+00
-.1062791E+00
-.1043235E+00
-.1055343E+00
-.1055109E+00
-.1048845E+00
-.1075022E+00
-.1069230E+00
-.1070759E+00
-.1084795E+00
-.1070603E+00
-.1023131E+00
-.9750033E-01
-.1012249E+00
-.1020850E+00
-.1021191E+00
-.1036553E+00
-.1033513E+00
-.1047052E+00
-.1000801E+00
-.9848328E-01
-.9372448E-01
-.8756580E-01
-.8893010E-01
-.8804678E-01
-.9319448E-01
-.9763780E-01
-.9876653E-01
-.1004993E+00
-.9880663E-01
-.9846437E-01
-.9864974E-01
-.1027569E+00
-.1071021E+00
-.1078974E+00
-.1092293E+00
-.1085541E+00
-.1069497E+00
-.1094598E+00
-.1115770E+00
-.1064977E+00
-.1026126E+00
-.9713759E-01
-.8638225E-01
-.7563083E-01
-.6157991E-01
-.4845473E-01
-.3365864E-01
-.2072149E-01
-.1279144E-01
-.2661544E-02
.3578392E-02
.6127447E-02
.8437872E-02
.1544111E-01
.2102690E-01
.2028881E-01
.2392364E-01
.2357686E-01
.2177094E-01
.2630554E-01
.2840700E-01
.3131255E-01
.3605949E-01
.3959213E-01
.4381908E-01
.4587516E-01
.4607917E-01
.4743461E-01
.4537787E-01
.4084577E-01
.3969946E-01
.3656244E-01
.3334890E-01
.3200292E-01
.2454627E-01
.1859689E-01
.1815048E-01
.1527131E-01
.1158749E-01
.9861918E-02
.5499809E-02
-.1576714E-02
-.6412037E-02
-.1214775E-01
-.2246513E-01
-.3364344E-01
-.4087796E-01
-.4661704E-01
-.5300445E-01
-.5709478E-01
-.6079086E-01
-.6504671E-01
-.7441667E-01
-.8528004E-01
-.8883460E-01
-.9617274E-01
-.1043599E+00
-.1053792E+00
-.1070348E+00
-.1102669E+00
-.1098832E+00
-.1066305E+00
-.1076599E+00
-.1060960E+00
-.1055085E+00
-.1059797E+00
-.1054538E+00
-.1083115E+00
-.1004295E+00
-.1038719E+00
-.1105121E+00
-.1010229E+00
-.9868170E-01
-.9636605E-01
-.9501157E-01
-.9210062E-01
-.8593649E-01
-.8594271E-01
-.8616240E-01
-.8672277E-01
-.8763808E-01
-.9043682E-01
-.9045055E-01
-.8681704E-01
-.8552209E-01
-.8557236E-01
-.8642977E-01
-.8870728E-01
-.9189602E-01
-.9357398E-01
-.9413900E-01
-.9363759E-01
-.9187821E-01
-.9117758E-01
-.9129029E-01
-.9069033E-01
-.9148586E-01
-.9199648E-01
-.9178582E-01
-.9414975E-01
-.9424616E-01
-.9284043E-01
-.9228958E-01
-.9003820E-01
-.8924018E-01
-.8983013E-01
-.8901100E-01
-.8836611E-01
-.8876577E-01
-.9045336E-01
-.9224366E-01
-.9270736E-01
-.9241273E-01
-.8838620E-01
-.8429139E-01
-.7932277E-01
-.7188207E-01
-.7128499E-01
-.7230274E-01
-.7275327E-01
-.7229951E-01
-.6970305E-01
-.6912791E-01
-.6633838E-01
-.6569289E-01
-.6515986E-01
-.6016878E-01
-.5858570E-01
-.5868331E-01
-.5400595E-01
-.4815040E-01
-.4571240E-01
-.4251433E-01
-.3634997E-01
-.3026263E-01
-.2767242E-01
-.2450612E-01
-.1959003E-01
-.1687185E-01
-.1061732E-01
-.4178204E-02
-.2662447E-02
-.7453880E-03
.3566738E-02
.8250237E-02
.1276247E-01
.1808327E-01
.2057115E-01
.2206628E-01
.2474031E-01
.2744470E-01
.3088899E-01
.3384873E-01
.3929002E-01
.4302145E-01
.4440485E-01
.4629863E-01
.4470569E-01
.4645386E-01
.5079310E-01
.5283301E-01
.5636695E-01
.5964661E-01
.6389314E-01
.6896228E-01
.7147601E-01
.7458121E-01
.7618295E-01
.7842840E-01
.8545159E-01
.8691433E-01
.9216603E-01
.1045653E+00
.1043623E+00
.1040435E+00
.1092801E+00
.1121504E+00
.1177591E+00
.1201817E+00
.1236008E+00
.1314807E+00
.1422845E+00
.1551168E+00
.1611187E+00
.1673545E+00
.1768135E+00
.1829310E+00
.1880891E+00
.1936764E+00
.1991437E+00
.2049840E+00
.2111458E+00
.2167285E+00
.2231966E+00
.2280083E+00
.2293692E+00
.2330075E+00
.2359813E+00
.2379301E+00
.2438476E+00
.2471758E+00
.2492284E+00
.2521908E+00
.2505244E+00
.2471738E+00
.2424622E+00
.2336656E+00
.2196248E+00
.2041145E+00
.1868143E+00
.1646931E+00
.1485410E+00
.1334968E+00
.1190009E+00
.1127093E+00
.9983050E-01
.8727166E-01
.8128001E-01
.7184886E-01
.6434346E-01
.5964008E-01
.5444901E-01
.4707113E-01
.4096570E-01
.3725858E-01
.3579859E-01
.3620034E-01
.3031455E-01
.2679271E-01
.2396568E-01
.1218422E-01
.7935830E-02
.7683450E-02
.3326316E-03
-.4321405E-02
-.8636465E-02
-.1149374E-01
-.1979503E-01
-.3203232E-01
-.2617876E-01
-.3309304E-01
-.5001682E-01
-.4370341E-01
-.4678463E-01
-.5906969E-01
-.6256965E-01
-.6786206E-01
-.7423827E-01
-.8018779E-01
-.8207911E-01
-.8255012E-01
-.8382211E-01
-.8459345E-01
-.8451218E-01
-.8448616E-01
-.9132816E-01
-.9302346E-01
-.9251981E-01
-.9805274E-01
-.9292754E-01
-.8966248E-01
-.9203994E-01
-.8723533E-01
-.8373424E-01
-.7895741E-01
-.7415837E-01
-.7146884E-01
-.6759459E-01
-.6542424E-01
-.6055661E-01
-.5499337E-01
-.5070903E-01
-.4606083E-01
-.4291241E-01
-.3880204E-01
-.3418869E-01
-.3051728E-01
-.2622809E-01
-.2138051E-01
-.1749138E-01
-.1262084E-01
-.7091145E-02
-.2034396E-02
.6790044E-02
.1574194E-01
.2154216E-01
.2714178E-01
.3259734E-01
.3751968E-01
.4040340E-01
.4293806E-01
.4594545E-01
.4684580E-01
.4861398E-01
.4960142E-01
.4669617E-01
.4503379E-01
.4346311E-01
.3913762E-01
.3266708E-01
.2415930E-01
.1759442E-01
.1178671E-01
.5121086E-02
-.9908442E-03
-.7421717E-02
-.1199373E-01
-.1689730E-01
-.2236913E-01
-.2485542E-01
-.2836483E-01
-.3111536E-01
-.3110535E-01
-.3280102E-01
-.3509613E-01
-.3686878E-01
-.3938647E-01
-.4293589E-01
-.4633741E-01
-.4995470E-01
-.5410573E-01
-.5694281E-01
-.5887245E-01
-.6021766E-01
-.6159536E-01
-.6303812E-01
-.6595991E-01
-.6980797E-01
-.7193205E-01
-.7360700E-01
-.7408982E-01
-.7681258E-01
-.8133927E-01
-.8304808E-01
-.8615059E-01
-.9123175E-01
-.9583261E-01
-.1000438E+00
-.1043881E+00
-.1084749E+00
-.1128842E+00
-.1168897E+00
-.1182380E+00
-.1232608E+00
-.1327547E+00
-.1385895E+00
-.1404164E+00
-.1417828E+00
-.1435976E+00
-.1441778E+00
-.1431773E+00
-.1429566E+00
-.1437785E+00
-.1443159E+00
-.1440104E+00
-.1441457E+00
-.1462470E+00
-.1476398E+00
-.1477609E+00
-.1494134E+00
-.1514051E+00
-.1521555E+00
-.1509432E+00
-.1513733E+00
-.1551947E+00
-.1561741E+00
-.1558761E+00
-.1560541E+00
-.1537027E+00
-.1526357E+00
-.1523575E+00
-.1489276E+00
-.1444791E+00
-.1394890E+00
-.1341133E+00
-.1293451E+00
-.1227434E+00
-.1164375E+00
-.1117657E+00
-.1073830E+00
-.1043010E+00
-.9908161E-01
-.9368362E-01
-.9084819E-01
-.8773699E-01
-.8632336E-01
-.8609599E-01
-.8503897E-01
-.8374144E-01
-.8316049E-01
-.8259777E-01
-.7984951E-01
-.7698192E-01
-.7447588E-01
-.7223735E-01
-.7000516E-01
-.6583846E-01
-.6314641E-01
-.6242375E-01
-.6165132E-01
-.5955383E-01
-.5597306E-01
-.5510193E-01
-.5374184E-01
-.4822867E-01
-.4381138E-01
-.4239160E-01
-.4139142E-01
-.4121601E-01
-.4094615E-01
-.4040687E-01
-.4249481E-01
-.4203782E-01
-.3914471E-01
-.3849990E-01
-.3771945E-01
-.3786512E-01
-.3790690E-01
-.3777679E-01
-.3892152E-01
-.3860842E-01
-.3754872E-01
-.3802309E-01
-.4095205E-01
-.4242761E-01
-.4249153E-01
-.4567909E-01
-.4484574E-01
-.4221184E-01
-.4370734E-01
-.4394982E-01
-.4597153E-01
-.4689809E-01
-.4618305E-01
-.4803755E-01
-.4845938E-01
-.4852850E-01
-.4769455E-01
-.4801215E-01
-.4826997E-01
-.4673021E-01
-.4714982E-01
-.4657736E-01
-.4689202E-01
-.4753142E-01
-.4651727E-01
-.4699122E-01
-.4692765E-01
-.4584569E-01
-.4434051E-01
-.4319006E-01
-.4303754E-01
-.4176754E-01
-.4097303E-01
-.4111069E-01
-.4080904E-01
-.4157507E-01
-.4201724E-01
-.4164221E-01
-.4184054E-01
-.4077281E-01
-.3917612E-01
-.3921515E-01
-.4010706E-01
-.3997090E-01
-.3913404E-01
-.3975848E-01
-.3897715E-01
-.3686060E-01
-.3710964E-01
-.3546444E-01
-.3248667E-01
-.3189245E-01
-.3113195E-01
-.2877280E-01
-.2562090E-01
-.2378813E-01
-.2164940E-01
-.1978494E-01
-.1916920E-01
-.1570193E-01
-.1126852E-01
-.7131388E-02
-.2527432E-02
.1292365E-02
.3747228E-02
.4536181E-02
.5607646E-02
.7823255E-02
.8495014E-02
.7234121E-02
.8178860E-02
.9769186E-02
.9594995E-02
.1003956E-01
.9488967E-02
.7303543E-02
.5820540E-02
.5141905E-02
.2841700E-02
-.1092132E-03
-.1978857E-02
-.4371171E-02
-.6183234E-02
-.6891309E-02
-.7136865E-02
-.8067506E-02
-.9033652E-02
-.8485346E-02
-.8056710E-02
-.5824107E-02
-.3490362E-02
-.3700982E-02
-.2900191E-02
-.1106165E-02
.7796985E-03
.1601453E-02
.1859258E-02
.4409646E-02
.7074492E-02
.8820319E-02
.1096822E-01
.1374384E-01
.1608561E-01
.1710534E-01
.1864441E-01
.2034050E-01
.2193586E-01
.2335341E-01
.2380536E-01
.2397164E-01
.2342469E-01
.2415281E-01
.2471902E-01
.2401970E-01
.2425233E-01
.2142788E-01
.1827202E-01
.1819843E-01
.1707566E-01
.1791268E-01
.2024120E-01
.1978302E-01
.1945585E-01
.1925662E-01
.1776519E-01
.1584766E-01
.1481425E-01
.1571492E-01
.1764200E-01
.1960299E-01
.2066070E-01
.2184430E-01
.2137650E-01
.1916451E-01
.2022249E-01
.2203764E-01
.2296595E-01
.2431635E-01
.2429478E-01
.2469196E-01
.2671832E-01
.2955135E-01
.3201284E-01
.3380255E-01
.3599004E-01
.3860441E-01
.4258122E-01
.4748058E-01
.5232908E-01
.5662969E-01
.5990639E-01
.6329319E-01
.6760838E-01
.7148468E-01
.7511968E-01
.8161624E-01
.8834888E-01
.9325077E-01
.9882728E-01
.1041175E+00
.1096990E+00
.1168245E+00
.1239144E+00
.1310113E+00
.1392170E+00
.1478472E+00
.1557872E+00
.1633612E+00
.1704860E+00
.1759574E+00
.1799549E+00
.1826225E+00
.1848090E+00
.1889513E+00
.1925143E+00
.1937122E+00
.1964153E+00
.1998857E+00
.2008318E+00
.2014959E+00
.2029176E+00
.2038059E+00
.2059419E+00
.2083889E+00
.2092248E+00
.2080441E+00
.2054470E+00
.2028340E+00
.1986340E+00
.1948183E+00
.1922410E+00
.1883528E+00
.1856772E+00
.1853759E+00
.1845631E+00
.1825181E+00
.1809142E+00
.1781793E+00
.1737630E+00
.1692137E+00
.1633863E+00
.1583333E+00
.1558560E+00
.1531151E+00
.1488921E+00
.1452854E+00
.1421878E+00
.1372051E+00
.1302428E+00
.1214682E+00
.1136551E+00
.1093468E+00
.1045727E+00
.9812591E-01
.9310882E-01
.8849590E-01
.8278907E-01
.7769991E-01
.7100446E-01
.6343245E-01
.5875063E-01
.5273633E-01
.4774457E-01
.4490816E-01
.3994511E-01
.3696878E-01
.3349941E-01
.2798828E-01
.2404465E-01
.1942806E-01
.1425028E-01
.1056661E-01
.7405010E-02
.3895465E-02
.2752530E-02
.2178335E-02
-.1289241E-02
-.5538261E-02
-.9143327E-02
-.1095444E-01
-.1241139E-01
-.1528629E-01
-.1863362E-01
-.2098784E-01
-.2214888E-01
-.2514826E-01
-.2766985E-01
-.2823565E-01
-.3151637E-01
-.3428694E-01
-.3301517E-01
-.3266430E-01
-.3338734E-01
-.3260426E-01
-.3293811E-01
-.3316636E-01
-.3379418E-01
-.3639930E-01
-.3487952E-01
-.3209701E-01
-.3240457E-01
-.3045081E-01
-.2738913E-01
-.2634017E-01
-.2543374E-01
-.2329311E-01
-.2014704E-01
-.1814133E-01
-.1527000E-01
-.1115867E-01
-.9765935E-02
-.8150538E-02
-.6626012E-02
-.5798633E-02
-.3661054E-02
-.2525299E-02
-.4204121E-03
.6612799E-03
.1111521E-02
.4966113E-02
.8289783E-02
.1000055E-01
.1053530E-01
.1080894E-01
.1275468E-01
.1632767E-01
.1999507E-01
.2186425E-01
.2280626E-01
.2383152E-01
.2514341E-01
.2601551E-01
.2677137E-01
.2802989E-01
.2944488E-01
.3087323E-01
.3259243E-01
.3436251E-01
.3487377E-01
.3648527E-01
.3820598E-01
.3857079E-01
.3972245E-01
.4025946E-01
.4040641E-01
.4056018E-01
.4052850E-01
.4085491E-01
.4084260E-01
.3994735E-01
.4135593E-01
.4377719E-01
.4228319E-01
.4241047E-01
.4281565E-01
.4125553E-01
.4258285E-01
.4406225E-01
.4479439E-01
.4380060E-01
.4269558E-01
.4227570E-01
.4045099E-01
.4103122E-01
.4130779E-01
.4021964E-01
.4009116E-01
.3924993E-01
.3873217E-01
.3840075E-01
.3895841E-01
.3992983E-01
.3824722E-01
.3692207E-01
.3758712E-01
.3672365E-01
.3571996E-01
.3549952E-01
.3427700E-01
.3437987E-01
.3495480E-01
.3494887E-01
.3633649E-01
.3751945E-01
.3812192E-01
.3882523E-01
.3865663E-01
.3823738E-01
.3914034E-01
.3872083E-01
.3686473E-01
.3665441E-01
.3422685E-01
.3160103E-01
.2975175E-01
.2403769E-01
.2034613E-01
.1782542E-01
.1395433E-01
.1317161E-01
.1081639E-01
.7278947E-02
.7100450E-02
.5697390E-02
.2673065E-02
.2034470E-02
.9922543E-03
-.1049220E-02
-.6494055E-03
-.8073754E-03
-.8987929E-03
.5527878E-03
.4212354E-03
.1712197E-02
.2708332E-02
.1360087E-02
.3232296E-02
.5691041E-02
.4995422E-02
.5404862E-02
.7754361E-02
.9496396E-02
.1001284E-01
.9785422E-02
.1070204E-01
.1185217E-01
.1217306E-01
.1214988E-01
.1094225E-01
.1115123E-01
.1267188E-01
.1325296E-01
.1418926E-01
.1472933E-01
.1578364E-01
.1781784E-01
.1858870E-01
.1899842E-01
.1846610E-01
.1789193E-01
.1857142E-01
.1888701E-01
.2063183E-01
.2107681E-01
.1934981E-01
.2002145E-01
.2104493E-01
.2105948E-01
.2141382E-01
.2158907E-01
.2158716E-01
.2171170E-01
.2063177E-01
.1963875E-01
.2073638E-01
.2112774E-01
.1893663E-01
.1700961E-01
.1760566E-01
.1622437E-01
.1335097E-01
.1338022E-01
.1335641E-01
.1272762E-01
.1317219E-01
.1280868E-01
.1011276E-01
.8808327E-02
.8922327E-02
.7326372E-02
.6448549E-02
.5581822E-02
.4894452E-02
.4343422E-02
.3924157E-02
.5723071E-02
.5635836E-02
.4652313E-02
.5080760E-02
.4535161E-02
.3651143E-02
.2791086E-02
.2157148E-02
.1437200E-02
.4021955E-03
.5920364E-03
.1549625E-02
.5434085E-03
-.1244202E-02
-.1212836E-02
-.2440017E-02
-.3223068E-02
-.9792305E-03
-.2149045E-02
-.4882298E-02
-.4276819E-02
-.4467855E-02
-.5092298E-02
-.5265007E-02
-.5345360E-02
-.3877156E-02
-.3490791E-02
-.2794619E-02
-.1943329E-02
-.2560918E-02
-.2099850E-02
-.2716139E-02
-.3464917E-02
-.3616431E-02
-.4397811E-02
-.4849841E-02
-.5834630E-02
-.4419534E-02
-.2933012E-02
-.3699151E-02
-.2768127E-02
-.3920958E-02
-.6650044E-02
-.5840273E-02
-.5399005E-02
-.5779268E-02
-.5008051E-02
-.6050172E-02
-.7233786E-02
-.7680018E-02
-.9038255E-02
-.1022267E-01
-.1126349E-01
-.1251445E-01
-.1457772E-01
-.1506335E-01
-.1379533E-01
-.1500554E-01
-.1705943E-01
-.1849292E-01
-.2143385E-01
-.2460619E-01
-.2587339E-01
-.2724502E-01
-.3045414E-01
-.3451811E-01
-.3720377E-01
-.3769895E-01
-.3982326E-01
-.4457394E-01
-.4922759E-01
-.5346684E-01
-.5776704E-01
-.6197419E-01
-.6652748E-01
-.7093970E-01
-.7442082E-01
-.7858610E-01
-.8396761E-01
-.9054452E-01
-.9771350E-01
-.1045905E+00
-.1121423E+00
-.1203638E+00
-.1278832E+00
-.1339467E+00
-.1396037E+00
-.1443583E+00
-.1493322E+00
-.1544265E+00
-.1575303E+00
-.1616406E+00
-.1655351E+00
-.1695895E+00
-.1744238E+00
-.1764108E+00
-.1787229E+00
-.1811932E+00
-.1828092E+00
-.1847555E+00
-.1858258E+00
-.1864702E+00
-.1864029E+00
-.1864823E+00
-.1866026E+00
-.1868388E+00
-.1881076E+00
-.1902254E+00
-.1909097E+00
-.1890291E+00
-.1884621E+00
-.1846030E+00
-.1798623E+00
-.1810617E+00
-.1777539E+00
-.1742629E+00
-.1796884E+00
-.1822458E+00
-.1795857E+00
-.1787663E+00
-.1759431E+00
-.1707337E+00
-.1671166E+00
-.1625033E+00
-.1586141E+00
-.1573708E+00
-.1552566E+00
-.1518568E+00
-.1491059E+00
-.1453337E+00
-.1396261E+00
-.1351652E+00
-.1302127E+00
-.1259956E+00
-.1223301E+00
-.1140336E+00
-.1070002E+00
-.1026531E+00
-.9633216E-01
-.8932536E-01
-.8401358E-01
-.8013336E-01
-.7343348E-01
-.6750143E-01
-.6543680E-01
-.6174460E-01
-.5699066E-01
-.5275631E-01
-.4952531E-01
-.4790260E-01
-.4548115E-01
-.4217050E-01
-.3888154E-01
-.3644520E-01
-.3463883E-01
-.3208641E-01
-.2878761E-01
-.2769114E-01
-.2761706E-01
-.2344387E-01
-.2046579E-01
-.2006753E-01
-.1834505E-01
-.1575027E-01
-.1244368E-01
-.1253436E-01
-.1185520E-01
-.1001465E-01
-.1184745E-01
-.1204928E-01
-.1215712E-01
-.1291539E-01
-.1280517E-01
-.1323322E-01
-.1416130E-01
-.1569754E-01
-.1546463E-01
-.1604369E-01
-.1735222E-01
-.1765676E-01
-.1966298E-01
-.2012340E-01
-.1954577E-01
-.2097383E-01
-.2275655E-01
-.2482670E-01
-.2590813E-01
-.2441338E-01
-.2368810E-01
-.2483062E-01
-.2394862E-01
-.2342202E-01
-.2456405E-01
-.2326355E-01
-.2186663E-01
-.2174750E-01
-.2105371E-01
-.2030295E-01
-.1874399E-01
-.1700028E-01
-.1724520E-01
-.1806976E-01
-.1745635E-01
-.1626051E-01
-.1526509E-01
-.1444699E-01
-.1383315E-01
-.1330409E-01
-.1373870E-01
-.1400410E-01
-.1327854E-01
-.1349250E-01
-.1350793E-01
-.1330922E-01
-.1291442E-01
-.1212454E-01
-.1277729E-01
-.1272324E-01
-.1257093E-01
-.1250561E-01
-.1178053E-01
-.1311461E-01
-.1387452E-01
-.1368273E-01
-.1485106E-01
-.1563475E-01
-.1603812E-01
-.1640933E-01
-.1667803E-01
-.1713295E-01
-.1654702E-01
-.1641242E-01
-.1721448E-01
-.1605365E-01
-.1459756E-01
-.1328442E-01
-.1144045E-01
-.1099084E-01
-.1057451E-01
-.9334292E-02
-.7759576E-02
-.6840325E-02
-.6405990E-02
-.5009007E-02
-.4217027E-02
-.3899663E-02
-.2380663E-02
-.5351695E-03
-.6726308E-03
-.1355422E-02
-.2164402E-03
.5914608E-03
.1447535E-02
.2458783E-02
.3152666E-02
.4250919E-02
.4172341E-02
.5395819E-02
.6561460E-02
.5557244E-02
.6337229E-02
.6702673E-02
.5936894E-02
.6249643E-02
.6845094E-02
.8067797E-02
.9076102E-02
.9306142E-02
.9378423E-02
.9486958E-02
.9058519E-02
.8289350E-02
.7886838E-02
.7294952E-02
.7442119E-02
.7559586E-02
.6605640E-02
.6110127E-02
.5792555E-02
.5096519E-02
.4467188E-02
.3971514E-02
.3855814E-02
.4412784E-02
.4615196E-02
.4253458E-02
.5058385E-02
.6179501E-02
.5730623E-02
.5974296E-02
.6509795E-02
.5623955E-02
.7027798E-02
.8170770E-02
.6890574E-02
.8419648E-02
.9987911E-02
.8512287E-02
.8110744E-02
.9300407E-02
.9657811E-02
.1000867E-01
.1080015E-01
.1063910E-01
.1082843E-01
.1124658E-01
.1130927E-01
.1212335E-01
.1263597E-01
.1336497E-01
.1410683E-01
.1344376E-01
.1341968E-01
.1399553E-01
.1371253E-01
.1446239E-01
.1559569E-01
.1517300E-01
.1608715E-01
.1798025E-01
.1743237E-01
.1716852E-01
.1819228E-01
.1798969E-01
.1827966E-01
.1880990E-01
.1856659E-01
.1977769E-01
.2063626E-01
.2012960E-01
.2022684E-01
.2078634E-01
.2170208E-01
.2208450E-01
.2219722E-01
.2305224E-01
.2377229E-01
.2416130E-01
.2381251E-01
.2351975E-01
.2429157E-01
.2495649E-01
.2564145E-01
.2632654E-01
.2576002E-01
.2598730E-01
.2783060E-01
.2830363E-01
.2810602E-01
.2868124E-01
.2982931E-01
.3112386E-01
.3195711E-01
.3335215E-01
.3477055E-01
.3486451E-01
.3417478E-01
.3497729E-01
.3719847E-01
.3855427E-01
.3876912E-01
.3881720E-01
.3979562E-01
.4070499E-01
.4236557E-01
.4418686E-01
.4536847E-01
.4757109E-01
.4830293E-01
.5025177E-01
.5275369E-01
.5228981E-01
.5428715E-01
.5538542E-01
.5500227E-01
.5847489E-01
.5921730E-01
.5858225E-01
.6185702E-01
.6358782E-01
.6338808E-01
.6433888E-01
.6470045E-01
.6318801E-01
.6167694E-01
.6125893E-01
.6241327E-01
.6513791E-01
.6641269E-01
.6580647E-01
.6679296E-01
.6858686E-01
.6771236E-01
.6733596E-01
.6823199E-01
.6779750E-01
.6824044E-01
.6837934E-01
.6801874E-01
.6870190E-01
.6867732E-01
.6971439E-01
.7047163E-01
.6913499E-01
.6991519E-01
.7121553E-01
.7140666E-01
.7119098E-01
.7097302E-01
.7368501E-01
.7594566E-01
.7540322E-01
.7380977E-01
.7415723E-01
.7627236E-01
.7598504E-01
.7602727E-01
.7681467E-01
.7809428E-01
.7926839E-01
.7901542E-01
.7928089E-01
.7857588E-01
.7978261E-01
.8171723E-01
.8179635E-01
.8203337E-01
.8243922E-01
.8376621E-01
.8195183E-01
.8058028E-01
.8194426E-01
.7998452E-01
.7892667E-01
.8008435E-01
.7981847E-01
.7913596E-01
.7845133E-01
.7717817E-01
.7651535E-01
.7633372E-01
.7630538E-01
.7666172E-01
.7560596E-01
.7423894E-01
.7358587E-01
.7268207E-01
.7062844E-01
.6880884E-01
.6690147E-01
.6415197E-01
.6454957E-01
.6392886E-01
.6025372E-01
.5852997E-01
.5700932E-01
.5529156E-01
.5516458E-01
.5382921E-01
.5043346E-01
.4970793E-01
.5000454E-01
.4785776E-01
.4613158E-01
.4492854E-01
.4303096E-01
.4055695E-01
.3867144E-01
.3802431E-01
.3766138E-01
.3611201E-01
.3316589E-01
.3132113E-01
.3080302E-01
.3046124E-01
.2943780E-01
.2816020E-01
.2781034E-01
.2661460E-01
.2464142E-01
.2340151E-01
.2273391E-01
.2256950E-01
.2253702E-01
.2211018E-01
.2209056E-01
.2190588E-01
.2032907E-01
.2092480E-01
.2217625E-01
.2064436E-01
.2038760E-01
.2051182E-01
.2019402E-01
.2104133E-01
.2151718E-01
.2222200E-01
.2253123E-01
.2352208E-01
.2480613E-01
.2406910E-01
.2395349E-01
.2374547E-01
.2309990E-01
.2339730E-01
.2389911E-01
.2442223E-01
.2418965E-01
.2509174E-01
.2582995E-01
.2510877E-01
.2621039E-01
.2738620E-01
.2715976E-01
.2708521E-01
.2755945E-01
.2813800E-01
.2891842E-01
.2915773E-01
.2880171E-01
.2924728E-01
.2880714E-01
.2906692E-01
.3057994E-01
.3077808E-01
.3115065E-01
.3126626E-01
.3172374E-01
.3220049E-01
.3055539E-01
.3082755E-01
.3224262E-01
.3095855E-01
.3075014E-01
.3116066E-01
.3034527E-01
.3024997E-01
.2922482E-01
.2874159E-01
.2897592E-01
.2845115E-01
.2891281E-01
.2850035E-01
.2767807E-01
.2737661E-01
.2677913E-01
.2633061E-01
.2499426E-01
.2344885E-01
.2305031E-01
.2297099E-01
.2233434E-01
.2254679E-01
.2289580E-01
.2246021E-01
.2195788E-01
.2027138E-01
.1982220E-01
.1979601E-01
.1847886E-01
.1919994E-01
.1938677E-01
.1822492E-01
.1852780E-01
.1927496E-01
.2033909E-01
.2059889E-01
.1955016E-01
.1857449E-01
.1779958E-01
.1806542E-01
.1732075E-01
.1514603E-01
.1561433E-01
.1661237E-01
.1590669E-01
.1759244E-01
.2026480E-01
.1972963E-01
.1829687E-01
.1630304E-01
.1349410E-01
.1393083E-01
.1537958E-01
.1451320E-01
.1464998E-01
.1514312E-01
.1423287E-01
.1456230E-01
.1492521E-01
.1421368E-01
.1427885E-01
.1487992E-01
.1468545E-01
.1284670E-01
.1279989E-01
.1358578E-01
.1267564E-01
.1449539E-01
.1426627E-01
.1063956E-01
.1113909E-01
.1249050E-01
.1261252E-01
.1296605E-01
.1103578E-01
.1072554E-01
.1324051E-01
.1114880E-01
.9152209E-02
.1098869E-01
.9452295E-02
.9925663E-02
.1176822E-01
.8144876E-02
.7448585E-02
.9368206E-02
.9612315E-02
.8409466E-02
.5016354E-02
.4666965E-02
.4472597E-02
.3385153E-02
.4158553E-02
.3343890E-02
.3490890E-02
.3142144E-02
.1510203E-02
.4862710E-03
-.1283615E-02
-.1842229E-02
-.1808930E-02
-.1720122E-02
-.3295204E-02
-.4770220E-02
-.4095137E-02
-.5548740E-02
-.7219414E-02
-.8272923E-02
-.8863265E-02
-.9124236E-02
-.1001969E-01
-.9069434E-02
-.9527955E-02
-.1176497E-01
-.1220419E-01
-.1199631E-01
-.1220474E-01
-.1285413E-01
-.1460087E-01
-.1578831E-01
-.1500367E-01
-.1606263E-01
-.1774649E-01
-.1825244E-01
-.1889449E-01
-.1823044E-01
-.1808754E-01
-.1831092E-01
-.1814434E-01
-.1859070E-01
-.2043938E-01
-.2276118E-01
-.2269095E-01
-.2304736E-01
-.2369083E-01
-.2328126E-01
-.2376118E-01
-.2358684E-01
-.2375760E-01
-.2531138E-01
-.2653436E-01
-.2696296E-01
-.2715270E-01
-.2736039E-01
-.2747151E-01
-.2796321E-01
-.2780353E-01
-.2800102E-01
-.2994276E-01
-.3118841E-01
-.3204639E-01
-.3232998E-01
-.3172180E-01
-.3320467E-01
-.3411684E-01
-.3392890E-01
-.3471544E-01
-.3396586E-01
-.3466288E-01
-.3610634E-01
-.3599029E-01
-.3810702E-01
-.3980259E-01
-.4082505E-01
-.4171718E-01
-.4163913E-01
-.4347830E-01
-.4407627E-01
-.4324051E-01
-.4420712E-01
-.4563209E-01
-.4679595E-01
-.4820355E-01
-.5005227E-01
-.5096972E-01
-.5124369E-01
-.5225196E-01
-.5302624E-01
-.5354321E-01
-.5506833E-01
-.5681021E-01
-.5793869E-01
-.5953525E-01
-.6062948E-01
-.6039467E-01
-.6104455E-01
-.6210076E-01
-.6158861E-01
-.6151215E-01
-.6281593E-01
-.6409448E-01
-.6519009E-01
-.6568633E-01
-.6684342E-01
-.6833630E-01
-.6660527E-01
-.6499299E-01
-.6620571E-01
-.6513729E-01
-.6367795E-01
-.6453384E-01
-.6432135E-01
-.6383382E-01
-.6310667E-01
-.6243395E-01
-.6350168E-01
-.6402483E-01
-.6326062E-01
-.6186820E-01
-.6089634E-01
-.6106688E-01
-.6183430E-01
-.6335748E-01
-.6309159E-01
-.6137457E-01
-.6154648E-01
-.6165935E-01
-.6104423E-01
-.6045057E-01
-.5950618E-01
-.5931674E-01
-.5932322E-01
-.5950257E-01
-.6028333E-01
-.6030773E-01
-.5946364E-01
-.5910357E-01
-.5918073E-01
-.5939226E-01
-.6019716E-01
-.5954785E-01
-.5875648E-01
-.5919063E-01
-.5881045E-01
-.5896105E-01
-.5809733E-01
-.5688884E-01
-.5795799E-01
-.5870573E-01
-.5835377E-01
-.5738376E-01
-.5758999E-01
-.5783672E-01
-.5687860E-01
-.5696390E-01
-.5606495E-01
-.5478945E-01
-.5473196E-01
-.5443009E-01
-.5371598E-01
-.5348707E-01
-.5329272E-01
-.5220621E-01
-.5258376E-01
-.5235416E-01
-.5076942E-01
-.5100279E-01
-.5140691E-01
-.5148255E-01
-.5070334E-01
-.4957933E-01
-.4915843E-01
-.4897277E-01
-.4947790E-01
-.4902352E-01
-.4787258E-01
-.4788796E-01
-.4903042E-01
-.4937085E-01
-.4792752E-01
-.4738523E-01
-.4738293E-01
-.4674350E-01
-.4662957E-01
-.4637112E-01
-.4649977E-01
-.4652797E-01
-.4572206E-01
-.4500803E-01
-.4385795E-01
-.4340169E-01
-.4350652E-01
-.4303261E-01
-.4206283E-01
-.4072601E-01
-.4061327E-01
-.4102002E-01
-.4078568E-01
-.4097583E-01
-.4039418E-01
-.3912004E-01
-.3919284E-01
-.3818131E-01
-.3665312E-01
-.3669220E-01
-.3626070E-01
-.3613549E-01
-.3465724E-01
-.3314419E-01
-.3417177E-01
-.3317766E-01
-.3236401E-01
-.3246664E-01
-.3096338E-01
-.3061286E-01
-.3095807E-01
-.3129391E-01
-.3059479E-01
-.2956090E-01
-.3025155E-01
-.2963063E-01
-.2841786E-01
-.2853300E-01
-.2844305E-01
-.2823825E-01
-.2783088E-01
-.2769962E-01
-.2776038E-01
-.2707813E-01
-.2641198E-01
-.2674569E-01
-.2799093E-01
-.2780607E-01
-.2664405E-01
-.2748571E-01
-.2883982E-01
-.2770795E-01
-.2606039E-01
-.2655796E-01
-.2622439E-01
-.2589385E-01
-.2688391E-01
-.2683769E-01
-.2771284E-01
-.2752789E-01
-.2614767E-01
-.2635981E-01
-.2625157E-01
-.2606885E-01
-.2569971E-01
-.2609301E-01
-.2646664E-01
-.2531100E-01
-.2464688E-01
-.2375188E-01
-.2422215E-01
-.2499345E-01
-.2341164E-01
-.2288388E-01
-.2308686E-01
-.2271907E-01
-.2310134E-01
-.2327061E-01
-.2214008E-01
-.2013849E-01
-.1954924E-01
-.1996084E-01
-.1881561E-01
-.1857996E-01
-.1899814E-01
-.1789147E-01
-.1719801E-01
-.1695081E-01
-.1711312E-01
-.1652094E-01
-.1522235E-01
-.1530404E-01
-.1369260E-01
-.1135702E-01
-.1207690E-01
-.1252659E-01
-.1196399E-01
-.1230849E-01
-.9842104E-02
-.6941406E-02
-.8874069E-02
-.9308278E-02
-.7006129E-02
-.6181331E-02
-.5624314E-02
-.6809244E-02
-.6077821E-02
-.2617008E-02
-.3302835E-02
-.3701402E-02
-.1580366E-02
-.1509448E-02
-.1133946E-02
-.1372732E-05
.4019784E-03
.9712599E-03
.7966065E-03
.2221287E-02
.5231376E-02
.5163441E-02
.5508637E-02
.6785164E-02
.5835818E-02
.6622071E-02
.8686416E-02
.9311625E-02
.9469009E-02
.9881186E-02
.1155781E-01
.1317097E-01
.1270155E-01
.1317961E-01
.1527387E-01
.1689511E-01
.1661340E-01
.1423152E-01
.1544978E-01
.1804565E-01
.1864397E-01
.1999493E-01
.2042433E-01
.2031464E-01
.1963942E-01
.1989293E-01
.2160448E-01
.2247104E-01
.2367575E-01
.2412803E-01
.2415279E-01
.2490547E-01
.2478408E-01
.2462000E-01
.2480310E-01
.2456577E-01
.2548316E-01
.2648289E-01
.2568948E-01
.2556317E-01
.2773133E-01
.2808738E-01
.2609516E-01
.2653936E-01
.2681056E-01
.2639895E-01
.2669136E-01
.2647157E-01
.2705001E-01
.2711441E-01
.2732228E-01
.2676595E-01
.2629221E-01
.2796998E-01
.2692231E-01
.2631810E-01
.2845358E-01
.2776623E-01
.2704771E-01
.2762242E-01
.2723872E-01
.2771225E-01
.2766852E-01
.2802467E-01
.2809784E-01
.2603147E-01
.2734185E-01
.2811201E-01
.2632774E-01
.2713631E-01
.2704522E-01
.2814989E-01
.2899990E-01
.2624757E-01
.2638410E-01
.2668741E-01
.2644558E-01
.2712923E-01
.2650104E-01
.2791072E-01
.2902782E-01
.2834823E-01
.2785848E-01
.2768101E-01
.2807083E-01
.2804135E-01
.2820154E-01
.2799510E-01
.2765961E-01
.2796987E-01
.2818001E-01
.2858606E-01
.2966635E-01
.3058098E-01
.2953967E-01
.2939870E-01
.3038758E-01
.2990657E-01
.3063681E-01
.3080966E-01
.3011694E-01
.3091107E-01
.3059925E-01
.3094768E-01
.3170868E-01
.3156311E-01
.3213697E-01
.3158613E-01
.3199509E-01
.3298212E-01
.3197650E-01
.3168923E-01
.3182582E-01
.3155860E-01
.3190785E-01
.3206342E-01
.3128149E-01
.3081901E-01
.3134164E-01
.3119417E-01
.3024286E-01
.3089506E-01
.3160332E-01
.3102095E-01
.3083001E-01
.2967417E-01
.3029677E-01
.3225415E-01
.3140651E-01
.3113258E-01
.3120288E-01
.3088723E-01
.3212197E-01
.3276120E-01
.3228737E-01
.3178734E-01
.3146143E-01
.3221089E-01
.3266006E-01
.3237816E-01
.3366630E-01
.3467971E-01
.3427809E-01
.3488248E-01
.3640787E-01
.3689125E-01
.3719890E-01
.3801401E-01
.3794779E-01
.3872714E-01
.3944684E-01
.3961272E-01
.4137635E-01
.4224381E-01
.4227446E-01
.4269840E-01
.4353919E-01
.4491218E-01
.4561059E-01
.4709221E-01
.4813299E-01
.4809390E-01
.4912125E-01
.4968687E-01
.5092944E-01
.5203831E-01
.5100966E-01
.5146754E-01
.5356084E-01
.5514187E-01
.5582220E-01
.5554069E-01
.5592887E-01
.5671195E-01
.5657645E-01
.5765811E-01
.5869278E-01
.5872898E-01
.5931452E-01
.5841644E-01
.5812037E-01
.5830459E-01
.5799059E-01
.5912858E-01
.5934219E-01
.5938271E-01
.5974989E-01
.6077730E-01
.6171927E-01
.5998026E-01
.5873781E-01
.5948847E-01
.6022118E-01
.5868925E-01
.5810980E-01
.5936865E-01
.5853479E-01
.5937479E-01
.6062435E-01
.6046493E-01
.6180664E-01
.6076868E-01
.5909782E-01
.6008984E-01
.5946213E-01
.5820465E-01
.5775071E-01
.5665122E-01
.5759583E-01
.5882069E-01
.5754456E-01
.5704176E-01
.5745739E-01
.5640338E-01
.5568320E-01
.5637688E-01
.5548647E-01
.5444946E-01
.5353476E-01
.5196232E-01
.5246140E-01
.5125661E-01
.4981546E-01
.5081346E-01
.4979112E-01
.4808074E-01
.4707012E-01
.4641989E-01
.4534409E-01
.4449976E-01
.4450001E-01
.4309829E-01
.4189417E-01
.4079660E-01
.4038214E-01
.4048229E-01
.3854857E-01
.3701869E-01
.3580720E-01
.3481055E-01
.3380726E-01
.3185247E-01
.3220984E-01
.3220592E-01
.2972464E-01
.2892907E-01
.2790166E-01
.2547248E-01
.2440083E-01
.2351634E-01
.2262163E-01
.2180609E-01
.2108684E-01
.2093816E-01
.2008742E-01
.1848517E-01
.1702214E-01
.1641103E-01
.1551978E-01
.1471488E-01
.1408620E-01
.1243667E-01
.1164314E-01
.1170475E-01
.1126938E-01
.1012611E-01
.9463126E-02
.8655294E-02
.6790196E-02
.6797379E-02
.7569570E-02
.6634292E-02
.5918018E-02
.5706708E-02
.5491429E-02
.4753304E-02
.2765613E-02
.2477391E-02
.2944193E-02
.2558115E-02
.2511764E-02
.1969204E-02
.2692168E-02
.1653953E-02
-.2904574E-04
.1293119E-02
-.1247269E-03
-.1344078E-02
.2946460E-03
.8655784E-03
.6517552E-03
.2770616E-03
-.4556614E-03
-.8622159E-03
-.6027780E-03
-.1841251E-02
-.2224279E-02
-.8270875E-03
-.9793081E-03
-.9149865E-03
-.1222484E-02
-.2462519E-02
-.1584647E-02
-.4812255E-04
-.7654273E-03
-.1824370E-02
-.1433587E-02
-.1445270E-02
-.2154819E-02
-.3054442E-02
-.3845578E-02
-.3736779E-02
-.3769624E-02
-.4835961E-02
-.5366033E-02
-.4325087E-02
-.4691773E-02
-.5498199E-02
-.4008468E-02
-.4117426E-02
-.5565414E-02
-.6830323E-02
-.8279319E-02
-.8659027E-02
-.8640971E-02
-.8036704E-02
-.8472750E-02
-.9503698E-02
-.1019291E-01
-.1101909E-01
-.1098216E-01
-.1215306E-01
-.1305811E-01
-.1324863E-01
-.1351088E-01
-.1343828E-01
-.1401995E-01
-.1274593E-01
-.1319311E-01
-.1625473E-01
-.1571435E-01
-.1416346E-01
-.1577070E-01
-.1831003E-01
-.1798973E-01
-.1712825E-01
-.1874306E-01
-.1921530E-01
-.1976786E-01
-.2109935E-01
-.1922609E-01
-.1894121E-01
-.2104743E-01
-.2125526E-01
-.2143482E-01
-.2152508E-01
-.2239794E-01
-.2278652E-01
-.2223851E-01
-.2367466E-01
-.2408364E-01
-.2405247E-01
-.2368677E-01
-.2369265E-01
-.2557203E-01
-.2436456E-01
-.2451779E-01
-.2621401E-01
-.2479089E-01
-.2567319E-01
-.2677658E-01
-.2653162E-01
-.2652207E-01
-.2610693E-01
-.2764599E-01
-.2750636E-01
-.2667488E-01
-.2772072E-01
-.2712823E-01
-.2718734E-01
-.2771787E-01
-.2778405E-01
-.2841134E-01
-.2888073E-01
-.2898260E-01
-.2802017E-01
-.2895528E-01
-.2971726E-01
-.2861400E-01
-.2999496E-01
-.3060693E-01
-.3074102E-01
-.3226252E-01
-.3175050E-01
-.3111113E-01
-.3144419E-01
-.3108701E-01
-.3087886E-01
-.3229297E-01
-.3309648E-01
-.3174670E-01
-.3210479E-01
-.3411384E-01
-.3490823E-01
-.3446938E-01
-.3431204E-01
-.3592995E-01
-.3618211E-01
-.3448100E-01
-.3479641E-01
-.3496246E-01
-.3426799E-01
-.3518950E-01
-.3472234E-01
-.3436795E-01
-.3540346E-01
-.3472053E-01
-.3489814E-01
-.3434105E-01
-.3411863E-01
-.3626817E-01
-.3517086E-01
-.3447316E-01
-.3452506E-01
-.3296683E-01
-.3333472E-01
-.3334077E-01
-.3358790E-01
-.3322919E-01
-.3161841E-01
-.3262158E-01
-.3279817E-01
-.3242021E-01
-.3299731E-01
-.3133728E-01
-.3121091E-01
-.3218578E-01
-.3089159E-01
-.3096508E-01
-.3121769E-01
-.3112352E-01
-.3220413E-01
-.3205674E-01
-.3145361E-01
-.3120171E-01
-.3147718E-01
-.3177476E-01
-.3140228E-01
-.3112653E-01
-.2999477E-01
-.2954188E-01
-.3048719E-01
-.3056855E-01
-.2986335E-01
-.2995127E-01
-.3147238E-01
-.3141235E-01
-.2974684E-01
-.3075721E-01
-.3123836E-01
-.3013239E-01
-.3159977E-01
-.3126916E-01
-.2984893E-01
-.3163459E-01
-.3195890E-01
-.3096353E-01
-.3123929E-01
-.3212448E-01
-.3267215E-01
-.3131044E-01
-.3134794E-01
-.3333212E-01
-.3348053E-01
-.3332083E-01
-.3323450E-01
-.3263934E-01
-.3394413E-01
-.3552556E-01
-.3425568E-01
-.3386829E-01
-.3574176E-01
-.3577881E-01
-.3617812E-01
-.3734288E-01
-.3764252E-01
-.3820603E-01
-.3724103E-01
-.3751988E-01
-.3953810E-01
-.3945046E-01
-.3967932E-01
-.4065964E-01
-.4062474E-01
-.4062963E-01
-.4058039E-01
-.4102576E-01
-.4240754E-01
-.4310866E-01
-.4337069E-01
-.4356781E-01
-.4397424E-01
-.4444648E-01
-.4481075E-01
-.4630883E-01
-.4620033E-01
-.4576286E-01
-.4721191E-01
-.4684675E-01
-.4687565E-01
-.4703132E-01
-.4585882E-01
-.4615412E-01
-.4577704E-01
-.4624625E-01
-.4787484E-01
-.4676359E-01
-.4557758E-01
-.4573013E-01
-.4558167E-01
-.4503073E-01
-.4503225E-01
-.4484445E-01
-.4357660E-01
-.4349211E-01
-.4276679E-01
-.4141488E-01
-.4140692E-01
-.4051629E-01
-.4019742E-01
-.3945874E-01
-.3758683E-01
-.3699906E-01
-.3606263E-01
-.3553074E-01
-.3556965E-01
-.3450235E-01
-.3305203E-01
-.3100890E-01
-.2880870E-01
-.2799182E-01
-.2763617E-01
-.2594063E-01
-.2366360E-01
-.2230751E-01
-.2155891E-01
-.2057479E-01
-.1836920E-01
-.1623361E-01
-.1616844E-01
-.1517482E-01
-.1346130E-01
-.1229600E-01
-.1033054E-01
-.9811844E-02
-.8994913E-02
-.7252318E-02
-.5266509E-02
-.4267720E-02
-.4816406E-02
-.2020251E-02
-.1742508E-02
-.2668435E-02
.3893579E-03
.2958503E-04
-.3772898E-03
.1587454E-02
.2098034E-02
.1941454E-02
.2956882E-02
.3172402E-02
.2282821E-02
.3850224E-02
.3868136E-02
.4195727E-02
.5618604E-02
.5324762E-02
.6977944E-02
.6536311E-02
.5365441E-02
.6705743E-02
.7418010E-02
.7153341E-02
.6111347E-02
.6902988E-02
.7501912E-02
.6734989E-02
.7611968E-02
.8367251E-02
.7672724E-02
.6701876E-02
.8372666E-02
.1031831E-01
.8656006E-02
.7898026E-02
.8884843E-02
.9214926E-02
.9560619E-02
.9537608E-02
.9471710E-02
.9569204E-02
.9231783E-02
.8514701E-02
.9905505E-02
.1119386E-01
.9201074E-02
.9832986E-02
.1111859E-01
.1007338E-01
.9781751E-02
.9184452E-02
.1019362E-01
.1052385E-01
.9561994E-02
.1079650E-01
.1173195E-01
.1130834E-01
.1033082E-01
.1059393E-01
.1069454E-01
.1009993E-01
.1046681E-01
.9754899E-02
.9702619E-02
.1046961E-01
.1016929E-01
.1030060E-01
.1061627E-01
.1032607E-01
.1047592E-01
.1111540E-01
.1123508E-01
.1132599E-01
.1135708E-01
.1162234E-01
.1132209E-01
.1029557E-01
.1104036E-01
.1200386E-01
.1167655E-01
.1147090E-01
.1126926E-01
.1142582E-01
.1267478E-01
.1227103E-01
.1225432E-01
.1388168E-01
.1297859E-01
.1344453E-01
.1425262E-01
.1288711E-01
.1366756E-01
.1458262E-01
.1418627E-01
.1440005E-01
.1498307E-01
.1509503E-01
.1577507E-01
.1552505E-01
.1504155E-01
.1673543E-01
.1695534E-01
.1682381E-01
.1713280E-01
.1706611E-01
.1758482E-01
.1694653E-01
.1715802E-01
.1808432E-01
.1781562E-01
.1738007E-01
.1826735E-01
.1946450E-01
.1841846E-01
.1840084E-01
.1941002E-01
.1853511E-01
.1899551E-01
.2104070E-01
.2129787E-01
.2077370E-01
.2096189E-01
.2088911E-01
.2095077E-01
.2131547E-01
.2194337E-01
.2266510E-01
.2349559E-01
.2349763E-01
.2246668E-01
.2347960E-01
.2394436E-01
.2281966E-01
.2304771E-01
.2325366E-01
.2406401E-01
.2446177E-01
.2369634E-01
.2450103E-01
.2515262E-01
.2415228E-01
.2310488E-01
.2386987E-01
.2521746E-01
.2521291E-01
.2499063E-01
.2436541E-01
.2459842E-01
.2515602E-01
.2433093E-01
.2459427E-01
.2462730E-01
.2362388E-01
.2374819E-01
.2419635E-01
.2461661E-01
.2434816E-01
.2314765E-01
.2438417E-01
.2632320E-01
.2474191E-01
.2364236E-01
.2490283E-01
.2504172E-01
.2408534E-01
.2429771E-01
.2397057E-01
.2295830E-01
.2436525E-01
.2438624E-01
.2364330E-01
.2467696E-01
.2432111E-01
.2408472E-01
.2428634E-01
.2421075E-01
.2331599E-01
.2234972E-01
.2325351E-01
.2409842E-01
.2364023E-01
.2271204E-01
.2337178E-01
.2350299E-01
.2288190E-01
.2368589E-01
.2386977E-01
.2466215E-01
.2488571E-01
.2385212E-01
.2334705E-01
.2280916E-01
.2301261E-01
.2255850E-01
.2197401E-01
.2259979E-01
.2327155E-01
.2358858E-01
.2357685E-01
.2341298E-01
.2254788E-01
.2216091E-01
.2159540E-01
.2072980E-01
.2174615E-01
.2235934E-01
.2259901E-01
.2300944E-01
.2164469E-01
.2105384E-01
.2137235E-01
.2052095E-01
.2059859E-01
.2079347E-01
.2004408E-01
.1995147E-01
.1933004E-01
.1877878E-01
.1921001E-01
.1863496E-01
.1792215E-01
.1817245E-01
.1809163E-01
.1767206E-01
.1762223E-01
.1784728E-01
.1849073E-01
.1854674E-01
.1746565E-01
.1725766E-01
.1762372E-01
.1744423E-01
.1735605E-01
.1780632E-01
.1770834E-01
.1618897E-01
.1641781E-01
.1795189E-01
.1774577E-01
.1722846E-01
.1602433E-01
.1468642E-01
.1509401E-01
.1536693E-01
.1571629E-01
.1668966E-01
.1597143E-01
.1493647E-01
.1546158E-01
.1534945E-01
.1487669E-01
.1498152E-01
.1498166E-01
.1442233E-01
.1284157E-01
.1313626E-01
.1377237E-01
.1249920E-01
.1280448E-01
.1259034E-01
.1135134E-01
.1140132E-01
.1106961E-01
.1064269E-01
.1027768E-01
.9650542E-02
.9710398E-02
.9814504E-02
.8742437E-02
.7486973E-02
.7595451E-02
.7858000E-02
.7337370E-02
.7008656E-02
.6858719E-02
.6609642E-02
.5765020E-02
.4874581E-02
.5352524E-02
.5297026E-02
.4375826E-02
.4346441E-02
.4354760E-02
.4076675E-02
.3429284E-02
.3324346E-02
.4335681E-02
.4383639E-02
.3928488E-02
.4381513E-02
.4254572E-02
.3306093E-02
.2859207E-02
.2430237E-02
.2073739E-02
.1453050E-02
.9274474E-03
.1439544E-02
.1542308E-02
.1716031E-02
.9073629E-03
.1279745E-04
.9677584E-03
.9519611E-04
-.4353645E-03
.5343826E-03
.1974848E-03
.2916384E-03
.3095407E-03
.2890049E-03
.5348973E-03
.1002503E-02
.1306033E-02
-.5696770E-03
-.6641534E-03
.3919492E-03
-.2453214E-03
.6628110E-03
.7717813E-03
-.9333506E-03
-.1515518E-02
-.1354091E-02
-.1500467E-02
-.1221893E-02
-.6230221E-03
-.7927095E-03
-.5760545E-03
-.1980822E-02
-.3614567E-02
-.1994903E-02
-.1257353E-02
-.1900977E-02
-.1935968E-02
-.1352916E-02
-.9416006E-03
-.1805435E-02
-.2567833E-02
-.2231937E-02
-.1792886E-02
-.2923186E-02
-.3176300E-02
-.2153991E-02
-.2053928E-02
-.2467099E-02
-.4167493E-02
-.5067193E-02
-.4063427E-02
-.2569499E-02
-.1619946E-02
-.1682331E-02
-.2107220E-02
-.3397753E-02
-.4238294E-02
-.4264489E-02
-.4141361E-02
-.4870061E-02
-.6378245E-02
-.5701800E-02
-.5055566E-02
-.5418884E-02
-.4538294E-02
-.4852984E-02
-.6058050E-02
-.5514693E-02
-.5055642E-02
-.6145750E-02
-.6839471E-02
-.6933983E-02
-.7803646E-02
-.7868596E-02
-.6776822E-02
-.6725994E-02
-.7573408E-02
-.7442990E-02
-.6993001E-02
-.7930470E-02
-.7926036E-02
-.7303202E-02
-.8947901E-02
-.1028029E-01
-.1042087E-01
-.1084841E-01
-.1004447E-01
-.8746033E-02
-.9347018E-02
-.1015165E-01
-.9383434E-02
-.9414943E-02
-.1020068E-01
-.9907247E-02
-.9531601E-02
-.8674492E-02
-.8843339E-02
-.1034781E-01
-.9802519E-02
-.9084516E-02
-.9590695E-02
-.9598697E-02
-.9366380E-02
-.9522814E-02
-.9257818E-02
-.7794910E-02
-.7782093E-02
-.8331361E-02
-.7397231E-02
-.8237369E-02
-.9127561E-02
-.8378238E-02
-.8653380E-02
-.8638679E-02
-.7908961E-02
-.8162044E-02
-.8357026E-02
-.7415452E-02
-.7141981E-02
-.8174590E-02
-.8351486E-02
-.7313303E-02
-.6953087E-02
-.7589784E-02
-.8053159E-02
-.8477970E-02
-.8199298E-02
-.7530404E-02
-.7533458E-02
-.6866649E-02
-.6645172E-02
-.6930784E-02
-.7015129E-02
-.7712825E-02
-.7178461E-02
-.6668416E-02
-.6816132E-02
-.5937548E-02
-.5658019E-02
-.6813077E-02
-.7448886E-02
-.7150722E-02
-.8395222E-02
-.8598890E-02
-.6649102E-02
-.5692279E-02
-.4541744E-02
-.5069626E-02
-.6689965E-02
-.5712285E-02
-.5344893E-02
-.7322820E-02
-.9166260E-02
-.8675265E-02
-.6973101E-02
-.6738649E-02
-.7203376E-02
-.7098253E-02
-.6663975E-02
-.7747502E-02
-.9965283E-02
-.9224429E-02
-.8829187E-02
-.1011309E-01
-.8006000E-02
-.6696999E-02
-.7209371E-02
-.7706591E-02
-.9354384E-02
-.9405919E-02
-.9865770E-02
-.1030344E-01
-.9625227E-02
-.9417743E-02
-.7983275E-02
-.8488778E-02
-.1106336E-01
-.1230223E-01
-.1271365E-01
-.1313885E-01
-.1317992E-01
-.1160157E-01
-.1058453E-01
-.1121772E-01
-.1190191E-01
-.1244949E-01
-.1325786E-01
-.1476079E-01
-.1394424E-01
-.1270084E-01
-.1401686E-01
-.1403153E-01
-.1519464E-01
-.1671173E-01
-.1606937E-01
-.1695887E-01
-.1685656E-01
-.1628390E-01
-.1694291E-01
-.1724025E-01
-.1739062E-01
-.1685768E-01
-.1824404E-01
-.2086273E-01
-.2220992E-01
-.2298489E-01
-.2257486E-01
-.2167159E-01
-.2093404E-01
-.2087143E-01
-.2134257E-01
-.2194787E-01
-.2419702E-01
-.2618804E-01
-.2629191E-01
-.2662934E-01
-.2568193E-01
-.2387557E-01
-.2387645E-01
-.2352452E-01
-.2483581E-01
-.2811311E-01
-.2912845E-01
-.2909072E-01
-.2853447E-01
-.2707068E-01
-.2547810E-01
-.2494000E-01
-.2572000E-01
-.2522743E-01
-.2521684E-01
-.2720775E-01
-.2742286E-01
-.2629974E-01
-.2596246E-01
-.2566763E-01
-.2544775E-01
-.2479801E-01
-.2388001E-01
-.2359585E-01
-.2304263E-01
-.2227874E-01
-.2280391E-01
-.2394602E-01
-.2305843E-01
-.2148005E-01
-.2083006E-01
-.1905316E-01
-.1747084E-01
-.1713855E-01
-.1751869E-01
-.1863682E-01
-.1764720E-01
-.1613515E-01
-.1614562E-01
-.1504513E-01
-.1354562E-01
-.1291059E-01
-.1290557E-01
-.1292466E-01
-.1253467E-01
-.1161050E-01
-.9947834E-02
-.8769015E-02
-.8031145E-02
-.8875152E-02
-.9210518E-02
-.6900522E-02
-.6513796E-02
-.6544579E-02
-.5800534E-02
-.5085528E-02
-.4218176E-02
-.6324500E-02
-.7382405E-02
-.6229552E-02
-.4787538E-02
-.2856513E-02
-.3150649E-02
-.2695124E-02
-.2049891E-02
-.3756574E-02
-.4564903E-02
-.3969023E-02
-.3092238E-02
-.1935926E-02
-.9578722E-03
-.9716400E-03
.2048035E-03
.5603086E-03
-.1252975E-02
-.1790357E-02
-.2675176E-02
-.2431176E-02
-.8007597E-03
-.4033654E-03
.5183405E-03
.8358190E-03
.1244316E-03
.5201098E-03
.4597640E-03
-.4546236E-03
.5082194E-03
.1516312E-02
.9392418E-03
.4530426E-03
.3626848E-03
.1699600E-02
.2331743E-02
.2769604E-03
-.2645272E-03
.1345450E-02
.2102833E-02
.2001042E-02
.8300706E-03
.5521507E-04
.1637295E-02
.2898673E-02
.1957593E-02
.1093605E-02
.1912300E-02
.3047192E-02
.3909644E-02
.3412854E-02
.2699381E-02
.3890951E-02
.3848869E-02
.3428674E-02
.2801840E-02
.1565602E-02
.3163266E-02
.3915346E-02
.3306488E-02
.3618831E-02
.3321040E-02
.4178410E-02
.4368598E-02
.3506598E-02
.4078032E-02
.4004946E-02
.4847012E-02
.5335529E-02
.3046733E-02
.2568389E-02
.3477756E-02
.3836820E-02
.4150194E-02
.4355421E-02
.4654379E-02
.4069785E-02
.3772611E-02
.3332364E-02
.2719619E-02
.3987015E-02
.3843964E-02
.2981211E-02
.4668078E-02
.5077910E-02
.5041896E-02
.6316890E-02
.5538580E-02
.4926467E-02
.5010131E-02
.3843877E-02
.4310346E-02
.5394763E-02
.4814548E-02
.4836182E-02
.6094356E-02
.6770192E-02
.7078159E-02
.7867881E-02
.7547524E-02
.6595810E-02
.6683063E-02
.6658591E-02
.6753489E-02
.6640397E-02
.6510536E-02
.8149806E-02
.8768038E-02
.8561460E-02
.8644648E-02
.7785891E-02
.7896176E-02
.6918868E-02
.6590239E-02
.8741200E-02
.9213757E-02
.9738442E-02
.1074969E-01
.1191353E-01
.1176095E-01
.9870854E-02
.1052466E-01
.1019520E-01
.8648941E-02
.9917371E-02
.1056696E-01
.1030413E-01
.1156942E-01
.1181274E-01
.1084240E-01
.1071552E-01
.1051727E-01
.1069602E-01
.1101213E-01
.1079740E-01
.1148057E-01
.1222827E-01
.1140006E-01
.1097647E-01
.1134662E-01
.1088413E-01
.1136639E-01
.1130462E-01
.1049367E-01
.1129526E-01
.1092700E-01
.1019722E-01
.1081581E-01
.1033515E-01
.1004030E-01
.1079955E-01
.1037712E-01
.9830791E-02
.9462028E-02
.9475758E-02
.1026091E-01
.9829482E-02
.9796934E-02
.9432666E-02
.8410832E-02
.9178008E-02
.9171619E-02
.8551337E-02
.8900997E-02
.8928000E-02
.8588132E-02
.8525110E-02
.8503685E-02
.8194214E-02
.8203008E-02
.8204034E-02
.8281086E-02
.9288291E-02
.9968128E-02
.8999856E-02
.7941900E-02
.8022423E-02
.8381606E-02
.9037404E-02
.9043746E-02
.7868226E-02
.7194974E-02
.6036948E-02
.5125854E-02
.6106128E-02
.6508472E-02
.6996279E-02
.7864064E-02
.7556389E-02
.7400255E-02
.6490556E-02
.5842505E-02
.6951184E-02
.6908635E-02
.7299427E-02
.7938301E-02
.6781020E-02
.7722383E-02
.8088128E-02
.6200920E-02
.6485548E-02
.7110789E-02
.7246483E-02
.8575994E-02
.9595805E-02
.8177694E-02
.6771202E-02
.7362999E-02
.8016415E-02
.8588337E-02
.8020207E-02
.7058952E-02
.8036071E-02
.8907435E-02
.8166845E-02
.8409702E-02
.9434781E-02
.8707931E-02
.7941904E-02
.8298807E-02
.9028742E-02
.8866589E-02
.8323646E-02
.8820886E-02
.8381601E-02
.8403002E-02
.9334563E-02
.8766525E-02
.8347180E-02
.8359228E-02
.8413281E-02
.9231860E-02
.9112995E-02
.8334596E-02
.9255974E-02
.9954326E-02
.9280543E-02
.8933103E-02
.8046168E-02
.7830836E-02
.8358739E-02
.7598798E-02
.7266877E-02
.7380266E-02
.8016520E-02
.8688078E-02
.8328666E-02
.8741949E-02
.8434186E-02
.7950795E-02
.8272475E-02
.7496756E-02
.6736052E-02
.5673524E-02
.5423060E-02
.5954141E-02
.5239024E-02
.5618651E-02
.5657705E-02
.5230609E-02
.6288324E-02
.5739749E-02
.5260197E-02
.4755630E-02
.3215067E-02
.4269161E-02
.4599819E-02
.3981944E-02
.4665796E-02
.4474644E-02
.4365482E-02
.5122538E-02
.5368247E-02
.3690024E-02
.2989079E-02
.3649175E-02
.2884449E-02
.2307545E-02
.2068942E-02
.2280862E-02
.1945739E-02
.1662636E-02
.2268770E-02
.1094663E-02
.3655691E-03
-.6218237E-04
-.5455272E-03
.8455981E-03
.5629507E-03
-.1102878E-02
-.7304151E-03
-.1150597E-03
-.5167797E-03
-.5191534E-03
-.1031308E-02
-.1100217E-02
-.5976402E-03
-.1721543E-02
-.1985941E-02
-.9556186E-03
-.6518180E-03
-.1968093E-02
-.2828177E-02
-.1755787E-02
-.1899646E-02
-.2139210E-02
-.1835149E-02
-.2108049E-02
-.2533053E-02
-.2968055E-02
-.2401643E-02
-.2265313E-02
-.2738389E-02
-.2958724E-02
-.2603235E-02
-.2481114E-02
-.2613033E-02
-.1697734E-02
-.2711175E-02
-.3402623E-02
-.2253276E-02
-.2649703E-02
-.2148544E-02
-.8923515E-03
-.5908482E-03
-.2330789E-03
-.7656115E-03
-.2111620E-02
-.2080233E-02
-.1224963E-02
-.1566146E-02
-.1693641E-02
.1024602E-03
.1369239E-02
.3865869E-03
.6936833E-03
.1112031E-02
-.3462809E-03
-.3531647E-03
-.1100394E-03
.1818217E-03
.1530359E-02
.1927737E-02
.1892594E-02
.2184675E-02
.1943777E-02
.1913468E-02
.2917510E-02
.3540303E-02
.3842395E-02
.3655219E-02
.3242983E-02
.3897053E-02
.4349596E-02
.4501405E-02
.4499851E-02
.3476876E-02
.2382021E-02
.3025343E-02
.3429065E-02
.3168812E-02
.4521220E-02
.4483639E-02
.4555496E-02
.5744541E-02
.5060805E-02
.5153756E-02
.5491607E-02
.5018957E-02
.4210556E-02
.4071846E-02
.4753476E-02
.4413673E-02
.5271913E-02
.4514254E-02
.2767467E-02
.3978692E-02
.4231844E-02
.4228187E-02
.4353408E-02
.3875128E-02
.4334336E-02
.4569783E-02
.4735513E-02
.4365785E-02
.3349309E-02
.3387671E-02
.3993595E-02
.4120441E-02
.3935906E-02
.3927057E-02
.3997202E-02
.3692756E-02
.3684154E-02
.3434985E-02
.2479387E-02
.3146067E-02
.4482834E-02
.4277698E-02
.2926019E-02
.2392599E-02
.3283386E-02
.2608809E-02
.2394255E-02
.3461797E-02
.2807558E-02
.2636710E-02
.2794430E-02
.2899811E-02
.3985482E-02
.3569951E-02
.1619222E-02
.1012368E-02
.1442014E-02
.1018342E-02
.1268401E-02
.1779917E-02
.5914485E-03
.3143159E-04
-.7229277E-03
-.1447532E-02
-.1092293E-02
-.1201913E-02
-.1935462E-02
-.1231838E-02
-.1913563E-02
-.3249447E-02
-.2909887E-02
-.3592886E-02
-.4396928E-02
-.4101932E-02
-.5119871E-02
-.5442296E-02
-.4879234E-02
-.6367719E-02
-.7082529E-02
-.7072757E-02
-.7460626E-02
-.7531489E-02
-.8869584E-02
-.8431985E-02
-.6967430E-02
-.7659206E-02
-.8938282E-02
-.9673082E-02
-.9177116E-02
-.9606879E-02
-.9987778E-02
-.9845162E-02
-.1104262E-01
-.1170851E-01
-.1231162E-01
-.1239726E-01
-.1267965E-01
-.1350778E-01
-.1268440E-01
-.1253011E-01
-.1262994E-01
-.1251629E-01
-.1362116E-01
-.1323083E-01
-.1306578E-01
-.1487941E-01
-.1513228E-01
-.1474487E-01
-.1442924E-01
-.1407928E-01
-.1515856E-01
-.1545808E-01
-.1513427E-01
-.1530742E-01
-.1554098E-01
-.1584092E-01
-.1580416E-01
-.1623005E-01
-.1673612E-01
-.1708086E-01
-.1640278E-01
-.1607569E-01
-.1790054E-01
-.1690721E-01
-.1515671E-01
-.1659029E-01
-.1736933E-01
-.1702050E-01
-.1687703E-01
-.1754319E-01
-.1758237E-01
-.1704616E-01
-.1745707E-01
-.1699761E-01
-.1761241E-01
-.1815453E-01
-.1627530E-01
-.1593924E-01
-.1643178E-01
-.1684210E-01
-.1732190E-01
-.1624586E-01
-.1646415E-01
-.1690498E-01
-.1595746E-01
-.1617511E-01
-.1585739E-01
-.1557200E-01
-.1580184E-01
-.1534629E-01
-.1571005E-01
-.1571995E-01
-.1495992E-01
-.1383779E-01
-.1371547E-01
-.1375085E-01
-.1294731E-01
-.1444475E-01
-.1453402E-01
-.1363125E-01
-.1404063E-01
-.1197434E-01
-.1091618E-01
-.1114619E-01
-.1042105E-01
-.1065915E-01
-.1099188E-01
-.1092410E-01
-.9408257E-02
-.7896819E-02
-.8894665E-02
-.8892828E-02
-.7849253E-02
-.7891162E-02
-.7507421E-02
-.7592378E-02
-.7541903E-02
-.6907836E-02
-.6892669E-02
-.5926348E-02
-.5178854E-02
-.4799580E-02
-.4245765E-02
-.4585044E-02
-.4324092E-02
-.3937379E-02
-.3653888E-02
-.2522471E-02
-.1587281E-02
-.1670375E-02
-.2107456E-02
-.1636990E-02
-.9014549E-03
-.5437710E-03
-.8978323E-04
-.3662204E-03
-.5169190E-03
.6511812E-03
.1107564E-02
.1412091E-02
.1870250E-02
.1248576E-02
.1475673E-02
.1778548E-02
.1340196E-02
.1885388E-02
.2790129E-02
.3614796E-02
.4208529E-02
.3959448E-02
.4155694E-02
.4752246E-02
.4737983E-02
.4938908E-02
.4981051E-02
.4808454E-02
.5892874E-02
.6890837E-02
.6235558E-02
.6067461E-02
.6427240E-02
.5730281E-02
.6082777E-02
.7086296E-02
.6839347E-02
.6809553E-02
.7284814E-02
.7906807E-02
.8004053E-02
.7187204E-02
.7463604E-02
.8400114E-02
.8533124E-02
.8033909E-02
.8082155E-02
.9087567E-02
.8708105E-02
.7919395E-02
.8157704E-02
.8664357E-02
.8783257E-02
.7931858E-02
.8544349E-02
.8952013E-02
.7658272E-02
.8358946E-02
.8919366E-02
.8233067E-02
.8714916E-02
.8502891E-02
.7590817E-02
.7678759E-02
.8084577E-02
.7977611E-02
.7589638E-02
.7599646E-02
.7543081E-02
.7484566E-02
.7387893E-02
.6868229E-02
.6915620E-02
.7430094E-02
.7283965E-02
.6896318E-02
.7262278E-02
.7377911E-02
.7068758E-02
.7087791E-02
.6774761E-02
.6260710E-02
.5949806E-02
.6237773E-02
.6516184E-02
.6053343E-02
.5979125E-02
.6062031E-02
.5729096E-02
.5773557E-02
.5455612E-02
.4760740E-02
.5153700E-02
.5015249E-02
.4587484E-02
.4733800E-02
.4056131E-02
.4492255E-02
.4684061E-02
.3927167E-02
.4648557E-02
.4873606E-02
.4473265E-02
.4186068E-02
.3817253E-02
.3717204E-02
.3716411E-02
.3635885E-02
.3318565E-02
.3435938E-02
.3483994E-02
.3541620E-02
.3756114E-02
.3525311E-02
.3461099E-02
.2998963E-02
.2297470E-02
.2605540E-02
.3507366E-02
.3608720E-02
.3141075E-02
.3261885E-02
.2958831E-02
.2595467E-02
.2956013E-02
.2928730E-02
.3013282E-02
.2910276E-02
.2283823E-02
.2302167E-02
.2548197E-02
.2499147E-02
.2685842E-02
.2675890E-02
.2131752E-02
.2522559E-02
.2957297E-02
.2572166E-02
.2814914E-02
.3004748E-02
.3169939E-02
.3056039E-02
.2615990E-02
.3081611E-02
.3180468E-02
.2787638E-02
.2253818E-02
.2081894E-02
.2803848E-02
.2947481E-02
.2796415E-02
.2720957E-02
.2709637E-02
.2619529E-02
.2468624E-02
.2823720E-02
.2314373E-02
.2094830E-02
.2850295E-02
.2628545E-02
.2144277E-02
.2355747E-02
.2923089E-02
.2579173E-02
.2132713E-02
.2687565E-02
.2823641E-02
.2875790E-02
.2931136E-02
.2684694E-02
.2740784E-02
.2747388E-02
.2511268E-02
.2367262E-02
.2509894E-02
.2281749E-02
.1994843E-02
.2229152E-02
.2046718E-02
.1985178E-02
.2271881E-02
.1998278E-02
.1900127E-02
.2119638E-02
.2000085E-02
.1722602E-02
.1710905E-02
.2025532E-02
.2057955E-02
.2002558E-02
.2190232E-02
.2012200E-02
.1778260E-02
.1891700E-02
.2076578E-02
.2178313E-02
.1894765E-02
.1440304E-02
.1455578E-02
.1737178E-02
.1636634E-02
.1433243E-02
.1542647E-02
.1540633E-02
.1413675E-02
.1342496E-02
.1216675E-02
.1385590E-02
.1442683E-02
.1343247E-02
.1478138E-02
.1118189E-02
.1079316E-02
.1400384E-02
.1146180E-02
.1283985E-02
.1424019E-02
.1099077E-02
.8814369E-03
.6101299E-03
.7700259E-03
.1239400E-02
.1145546E-02
.1033292E-02
.9234392E-03
.6591744E-03
.8744533E-03
.9559800E-03
.8538304E-03
.8892089E-03
.7849157E-03
.7289254E-03
.6424189E-03
.6821261E-03
.7247918E-03
.6644658E-03
.6864830E-03
.5748974E-03
.6401197E-03
.6660109E-03
.6151687E-03
.7203109E-03
.5406072E-03
.6129429E-03
.8400137E-03
.7010325E-03
.6588277E-03
.6728996E-03
.6282915E-03
.5022901E-03
.3446593E-03
.4001393E-03
.4785849E-03
.3740907E-03
.2703063E-03
.2647417E-03
.3534116E-03
.4751238E-03
.4043207E-03
.3346754E-03
.2756693E-03
.1272142E-03
.2726082E-03
.3904868E-03
.2354248E-03
.1471232E-03
.6540331E-04
.2684372E-04
.1560697E-04
-.1663825E-04
-.1229743E-05
-.1353909E-03
-.2176311E-03
-.1019198E-03
-.8820908E-04
-.9902725E-04
-.1439535E-03
-.2640863E-03
-.2312443E-03
-.2687699E-03
-.3612629E-03
-.2860020E-03
-.2954046E-03
-.3630883E-03
-.3362209E-03
-.3055115E-03
-.3768642E-03
-.4187959E-03
-.3390495E-03
-.3514839E-03
-.4023691E-03
-.4256512E-03
-.4739353E-03
-.4855611E-03
-.5210598E-03
-.5602414E-03
-.5111644E-03
-.5095859E-03
-.5614172E-03
-.5031633E-03
-.4949327E-03
-.5593248E-03
-.5149398E-03
-.5108890E-03
-.5753402E-03
-.5497193E-03
-.5124690E-03
-.5284565E-03
-.5506482E-03
-.5739909E-03
-.5579570E-03
-.5667561E-03
-.5855868E-03
-.5297014E-03
-.5486797E-03
-.5948213E-03
-.5816988E-03
-.5912178E-03
-.5800666E-03
-.5541140E-03
-.5632161E-03
-.5803413E-03
-.5704677E-03
-.5788288E-03
-.5900497E-03
-.5805930E-03
-.6112553E-03
-.6210493E-03
-.6035327E-03
-.6117257E-03
-.6153044E-03
-.6158727E-03
-.6239030E-03
-.6357465E-03
-.6499542E-03
-.6547588E-03
-.6650210E-03
-.6765296E-03
-.6605469E-03
-.6531954E-03
-.6672881E-03
-.6646077E-03
-.6568807E-03
-.6696257E-03
-.6838238E-03
-.6811853E-03
-.6768260E-03
-.6757374E-03
-.6811589E-03
-.6905590E-03
-.6885514E-03
-.6834482E-03
-.6845269E-03
-.6892403E-03
-.6942819E-03
-.6925203E-03
-.6930046E-03
-.7051510E-03
-.7064238E-03
-.7050983E-03
-.7126057E-03
-.7098859E-03
-.7115098E-03
-.7139540E-03
-.7116258E-03
-.7141448E-03
-.7142073E-03
-.7207406E-03
-.7255648E-03
-.7236080E-03
-.7269863E-03
-.7302906E-03
-.7309902E-03
-.7328335E-03
-.7362595E-03
-.7390567E-03
-.7409089E-03
-.7415351E-03
-.7421992E-03
-.7460725E-03
-.7492759E-03
-.7488641E-03
-.7511225E-03
-.7554351E-03
-.7559598E-03
-.7584343E-03
-.7618158E-03
-.7616382E-03
-.7635587E-03
-.7659334E-03
-.7663765E-03
-.7681876E-03
-.7703522E-03
-.7719359E-03
-.7738326E-03
-.7753910E-03
-.7766840E-03
-.7783860E-03
-.7800077E-03
-.7814908E-03
-.7831573E-03
-.7846478E-03
-.7860235E-03
-.7874625E-03
-.7887423E-03
-.7900939E-03
-.7916581E-03
-.7931917E-03
-.7945746E-03
-.7959345E-03
-.7973794E-03
-.7988169E-03
-.8002397E-03
-.8016132E-03
-.8029436E-03
-.8043019E-03
-.8056352E-03
-.8069489E-03
-.8082594E-03
-.8095293E-03
-.8107605E-03
-.8119682E-03
-.8131550E-03
-.8143122E-03
-.8154345E-03
-.8165218E-03
-.8175737E-03
-.8185903E-03
-.8195696E-03
-.8205100E-03
-.8214106E-03
-.8222706E-03
-.8230893E-03
-.8238659E-03
