-.7031811E-05
-.6942527E-05
-.6873421E-05
-.6797921E-05
-.6726526E-05
-.6652051E-05
-.6582173E-05
-.6517912E-05
-.6446716E-05
-.6376993E-05
-.6331334E-05
-.6273977E-05
-.6182440E-05
-.6106006E-05
-.6050266E-05
-.5999366E-05
-.5973448E-05
-.5961434E-05
-.5957985E-05
-.5907011E-05
-.5792910E-05
-.5674055E-05
-.5622448E-05
-.5555425E-05
-.5506390E-05
-.5475268E-05
-.5334561E-05
-.5302231E-05
-.5384843E-05
-.5232503E-05
-.5104953E-05
-.5088418E-05
-.4816775E-05
-.4864959E-05
-.5020656E-05
-.4518653E-05
-.4275576E-05
-.4495055E-05
-.4558049E-05
-.4723371E-05
-.4744025E-05
-.4467716E-05
-.4538352E-05
-.4337283E-05
-.3898753E-05
-.4231268E-05
-.4692850E-05
-.4446273E-05
-.4316202E-05
-.4471131E-05
-.4334358E-05
-.4594200E-05
-.5025947E-05
-.4666853E-05
-.4570693E-05
-.4193153E-05
-.3263218E-05
-.3961058E-05
-.3922190E-05
-.3335133E-05
-.4247155E-05
-.3683083E-05
-.3702074E-05
-.4408577E-05
-.3124178E-05
-.3171895E-05
-.4025189E-05
-.3530591E-05
-.3347367E-05
-.3653680E-05
-.4158161E-05
-.4494711E-05
-.4843609E-05
-.4996305E-05
-.4641888E-05
-.4339093E-05
-.4105536E-05
-.3289300E-05
-.2036363E-05
-.2316376E-05
-.3905747E-05
-.5061978E-05
-.4323061E-05
-.2152673E-05
-.1885166E-05
-.1062654E-05
-.8386356E-06
-.2823028E-05
-.2229297E-05
-.3236652E-05
-.5439859E-05
-.3767372E-05
-.2280108E-05
-.1684606E-05
-.1779961E-05
-.2643381E-05
-.2057667E-05
-.2610204E-05
-.4106109E-05
-.4486808E-05
-.3720789E-05
-.3738657E-05
-.3838877E-05
-.2644435E-05
-.4157185E-05
-.4833549E-05
-.2193549E-05
-.2843093E-05
-.2392847E-05
-.1523147E-05
-.4171759E-05
-.3316968E-05
-.2019692E-05
-.2793505E-05
-.2643228E-05
-.1425231E-05
-.1796799E-05
-.5466609E-05
-.6240979E-05
-.5929419E-05
-.5389560E-05
-.3853088E-05
-.5465099E-05
-.5329977E-05
-.3308772E-05
-.3269300E-05
-.2136795E-05
-.1536827E-05
-.2289363E-05
-.2112872E-05
-.2061060E-05
-.3135462E-05
-.5188765E-05
-.4826902E-05
-.3782667E-05
-.1329263E-05
.3258416E-06
-.2607640E-05
-.6503259E-09
.2723480E-07
-.2359125E-05
-.6705352E-06
-.4014325E-05
-.2457963E-05
.1903582E-05
.1284667E-05
-.1984658E-05
-.4839037E-05
-.3485109E-05
-.5690835E-05
-.6251243E-05
-.5585048E-05
-.7853382E-05
-.5355204E-05
-.5891093E-05
-.8311927E-05
-.5721254E-05
-.5134320E-05
-.4339415E-05
-.2967447E-05
-.5515252E-05
-.4961065E-05
.1072972E-05
.1975756E-05
-.1772796E-05
-.1801616E-05
-.3022035E-05
-.3532801E-05
.4712007E-08
-.5465814E-05
-.8840234E-05
-.2165457E-05
-.7178219E-06
-.2752115E-05
-.8779930E-05
-.1270828E-04
-.1220338E-04
-.1183317E-04
-.1038602E-04
-.1130939E-04
-.1012144E-04
-.1152922E-04
-.1115680E-04
-.5547380E-05
-.6101594E-05
-.3427976E-05
.1499451E-05
.4755933E-06
-.2004150E-05
-.2701515E-05
-.4936790E-05
-.3719324E-05
.3781384E-05
.1724879E-05
.2540812E-05
.7220200E-05
.8061859E-06
-.3196577E-05
-.8372256E-05
-.9571857E-05
-.8194658E-05
-.1033744E-04
-.8296996E-05
-.8101797E-05
-.4336883E-05
-.5943562E-05
-.7354361E-05
-.3331427E-05
-.7363556E-05
-.2409995E-05
-.5203140E-05
-.9501634E-05
-.1683180E-05
-.5022739E-05
-.3182437E-05
-.2295671E-06
-.9243138E-06
.1816605E-05
.3929420E-06
.1050075E-05
-.2654597E-05
-.5229140E-05
-.6245092E-05
-.6424409E-05
-.2007913E-06
-.8314515E-05
-.1266094E-04
-.9027325E-05
-.1262126E-04
-.4115570E-05
-.4411446E-05
-.1151542E-04
-.1040804E-04
-.1015142E-04
-.7730009E-05
-.1117860E-04
-.9425550E-05
-.7300863E-05
-.6983606E-05
.6128685E-08
-.1034654E-04
-.1366872E-04
.1735083E-06
.4533940E-05
.5430927E-05
.8795971E-05
.5930070E-05
.3282978E-05
.9333194E-05
.1753754E-05
-.5127549E-05
.3549520E-05
-.8139222E-06
-.2960891E-05
-.7276602E-05
-.1338449E-04
-.8335294E-05
-.1050356E-04
-.1510578E-04
-.1197472E-04
-.3389458E-05
-.7186914E-05
-.8058485E-05
-.6917171E-05
-.1533097E-04
-.4314091E-05
-.1288485E-05
-.6466959E-05
.3590422E-05
.4409983E-06
-.2665156E-05
.6869078E-05
.1138434E-04
.5426133E-05
.2009678E-05
-.1645054E-05
-.1092878E-04
-.1012063E-04
-.1103585E-04
-.1044603E-04
-.3527609E-05
-.7900537E-05
-.1403365E-04
-.1501968E-04
-.1448863E-04
-.9919815E-05
-.2789792E-05
-.2420469E-06
-.2219519E-05
-.2200816E-05
-.3746519E-05
-.5679879E-05
.1964979E-05
.4427825E-05
-.1418943E-05
.1412806E-05
-.1469544E-05
-.1929252E-05
.4564426E-05
.4811435E-05
.5160130E-05
-.2329509E-05
-.1459800E-04
-.1911732E-04
-.1349002E-04
-.9428537E-05
-.8757043E-05
-.5842546E-05
-.7167160E-05
-.5734393E-05
-.3082649E-05
-.1819929E-07
.4062121E-05
.8259048E-05
.8630926E-05
.4287996E-05
.6688936E-05
.1150213E-05
-.5319575E-05
-.4267397E-06
-.6966552E-06
.2286284E-05
.6399201E-05
.2400229E-05
-.2730411E-05
-.4154608E-05
-.3734306E-05
-.3543727E-05
-.1639178E-05
-.6625970E-05
-.4990256E-05
-.1086724E-06
-.6402724E-05
-.9995342E-06
.4193079E-05
-.3168892E-06
-.1890988E-05
-.5924469E-05
-.1198663E-04
-.9948289E-05
-.3304358E-05
.2373905E-05
.5915615E-05
.2396050E-05
-.1625379E-05
-.1175045E-05
-.5474107E-06
.2977737E-05
.4046799E-05
.9678859E-08
-.5631797E-05
-.8577663E-05
-.7108288E-05
-.1014143E-04
-.5893969E-05
.6111879E-05
.2282196E-05
.2145873E-06
-.2994551E-05
-.1438919E-04
-.9042298E-05
-.3770907E-05
-.2721680E-05
.1797306E-05
.1941012E-05
.3235678E-06
.4739972E-06
.1883158E-05
-.1021394E-05
-.5513624E-06
-.3793013E-07
-.1442612E-05
-.5545959E-06
-.2914595E-05
-.4062865E-05
-.4446957E-05
.1248147E-06
.3662994E-05
.2291471E-05
.6137029E-06
-.7408756E-05
-.7874734E-05
-.5487253E-05
-.1079335E-04
-.5918973E-05
-.3232592E-05
-.2156911E-05
.3863696E-05
.2444821E-05
.2451360E-05
.7011021E-05
.5558648E-05
.2488499E-05
.2534233E-05
.4540877E-06
-.1964579E-05
.9888113E-06
-.9613829E-06
-.3980047E-05
-.3552001E-05
-.1854281E-05
.6706272E-05
.1137682E-04
.1192567E-04
.1187483E-04
.5342305E-05
-.1845986E-05
-.3788184E-05
-.4884100E-05
-.1193895E-04
-.1137069E-04
-.6442698E-05
-.6652806E-05
-.2849976E-06
-.1614644E-05
-.6252862E-05
-.4726728E-05
-.1073305E-05
.3702424E-06
-.2560840E-05
-.6211359E-07
.2485852E-05
.3137412E-05
.3975695E-05
-.3935455E-06
.3061949E-05
.6159194E-05
.3152248E-05
.6211845E-05
.8215451E-05
.2212175E-05
-.1906292E-05
-.1012014E-04
-.1600139E-04
-.9633430E-05
-.1246124E-04
-.1199765E-04
-.2866901E-05
.1332259E-05
.5871653E-05
.8421457E-05
.9027993E-05
.1252648E-04
.9516637E-05
.4458343E-05
.6972332E-05
.9057217E-05
.6526399E-05
.1916985E-05
-.1581647E-05
-.2168103E-05
.5168773E-06
.6527764E-05
.3547181E-05
-.2528348E-05
-.5158394E-05
-.1169880E-04
-.1271064E-04
-.9221775E-05
-.9592704E-05
-.6118635E-05
-.2984869E-05
-.2987850E-05
-.2996951E-05
-.3764585E-06
.3620005E-05
.5274070E-05
.8795793E-05
.5198005E-05
.2674378E-06
.5191518E-05
.2263469E-05
-.2320678E-05
.7055716E-06
-.1332925E-05
-.2236571E-05
.3733746E-05
-.2405606E-06
-.1725264E-05
.5814737E-05
.2334105E-05
-.1174457E-05
.2252358E-05
-.1333951E-06
.3925675E-05
.6877914E-05
-.1098148E-05
.3924625E-05
.1150452E-04
.9686884E-05
.1252936E-04
.8591567E-05
.2979389E-05
.2422670E-05
-.5520237E-06
-.1109539E-05
.9991496E-06
-.2657707E-05
-.7595905E-05
-.5635211E-06
.2508599E-05
.6000661E-06
.4020294E-05
-.2515819E-05
-.9085577E-05
-.6668212E-05
-.8549044E-05
-.8662235E-05
-.3467563E-05
.2065505E-05
.3656502E-05
.7236869E-05
.6628260E-05
-.8595886E-06
.4181979E-05
.7146301E-05
.1271297E-05
.7160995E-05
.7802340E-05
.6589986E-06
-.1913682E-05
-.4974888E-05
-.5415641E-05
.6393344E-06
-.1384252E-05
-.7935177E-05
-.5452874E-05
-.5464186E-05
-.5832574E-05
.7923261E-07
-.2229052E-06
.2723807E-05
.5812861E-05
.1266878E-05
-.5441163E-05
-.7846377E-05
-.5498986E-05
-.3201639E-05
.4752023E-05
.1253123E-05
-.3709506E-05
.6023577E-06
-.8692150E-07
.7348164E-05
.8902331E-05
.5522483E-05
.9301556E-05
.6049654E-05
.7346709E-05
.1002469E-04
.1206725E-04
.9900877E-05
.4025612E-05
.3215025E-05
-.2651844E-05
.1354100E-05
.2727222E-05
-.6126403E-05
-.3011412E-06
-.3247062E-05
-.1076054E-04
-.6948951E-05
-.8717099E-05
-.3239558E-05
.4921535E-05
.3978098E-05
.4930518E-05
.8535304E-05
.9033317E-05
.5996367E-05
.1400698E-05
-.5758770E-05
-.1029822E-04
-.7285620E-05
-.6254906E-05
-.6223804E-05
.3760122E-06
.3924281E-05
.2972841E-05
.8044608E-05
.7481616E-05
-.2596401E-05
-.4199562E-05
-.6284744E-05
-.1174390E-04
-.5762576E-05
-.1643777E-05
-.5506507E-06
.4438938E-05
.3917998E-06
-.2046818E-05
.3860712E-05
.1499043E-05
.4507522E-05
.8993317E-05
.4610227E-05
.5930614E-05
.7611831E-05
.9060769E-05
.9072301E-05
.7598955E-05
.3390108E-05
-.4597354E-05
-.7304558E-05
-.1388191E-04
-.1635024E-04
-.9900808E-05
-.9209243E-05
-.4222757E-05
.2432700E-05
.2960358E-05
.2939430E-05
.4508144E-05
.1852304E-05
.8405733E-08
.5900507E-05
.2989508E-05
.2487306E-05
.5892378E-05
.1523438E-05
.3897606E-05
.2397315E-05
-.2596483E-05
.1310384E-05
.2998724E-05
.2854745E-05
.4019349E-05
.2841298E-05
-.6726702E-05
-.8780476E-05
-.5328995E-05
-.7200170E-05
-.2733260E-05
-.2236716E-05
-.4133217E-05
.2817167E-05
.2413696E-05
.2924418E-05
.1306419E-04
.1560199E-04
.1520831E-04
.1859898E-04
.7989137E-05
-.1143238E-05
.2168498E-06
-.7805969E-05
-.1192909E-04
-.4820006E-05
-.2777251E-05
-.1704850E-05
.7917597E-05
.1045612E-04
.3917387E-05
.1755483E-05
.1330605E-05
.5886883E-05
.1302429E-04
.1044627E-04
.2332883E-05
.1811571E-05
-.1364322E-05
-.6749630E-05
-.3660258E-06
-.2807412E-05
-.4774358E-05
.3691143E-05
.2852673E-05
.5807821E-05
.1808835E-04
.2106377E-04
.1299819E-04
.1196104E-04
.5146583E-05
-.7255899E-05
-.3568813E-05
-.9474489E-05
-.1095074E-04
-.2070605E-05
-.5789374E-05
-.3535755E-05
-.2907197E-05
-.4420719E-05
-.2007913E-05
-.3357997E-05
-.6642541E-05
-.9455476E-05
-.4061502E-05
-.4498788E-05
-.3144238E-06
.1116844E-04
.5273923E-05
.1013766E-06
-.3571858E-05
-.1464866E-04
-.7573080E-05
.7609555E-05
.9285246E-05
.1380335E-04
.1315703E-04
.4245575E-05
.8041158E-05
.5088400E-05
.2113924E-05
.9039351E-05
.3612210E-05
-.2597263E-05
-.1581517E-05
-.3623910E-05
-.4629011E-05
.2501537E-05
.4469967E-05
-.4101065E-05
-.7753299E-05
-.1134892E-04
-.1487187E-04
-.2113388E-05
.9946127E-05
.7643350E-05
.1151588E-04
.5382026E-05
-.6120970E-05
-.3918952E-05
-.9254891E-05
-.8339728E-05
-.1281541E-05
-.2678031E-05
-.7701682E-06
.8159131E-06
-.3812432E-05
-.7894329E-05
-.2785662E-05
.5812207E-05
.7414764E-05
.5287591E-05
.2259194E-05
.3779790E-05
.6818764E-05
.2685450E-05
.5393935E-05
.1790902E-04
.1139303E-04
.5389178E-05
.7573376E-05
-.2739686E-05
.2092704E-05
.7183593E-05
-.2799410E-06
-.4152249E-05
-.1051142E-04
-.9724410E-05
-.3983013E-05
.3614812E-05
.1962977E-05
-.3882727E-05
-.1602773E-06
-.4988402E-05
-.2538490E-05
.1923604E-05
-.3991358E-05
.1960611E-05
.5509313E-05
-.1504140E-05
.3879032E-06
.2449582E-05
.2507020E-05
.6441661E-05
.6570780E-05
.5908569E-05
.6538379E-05
.7943786E-05
.4942084E-05
.5990764E-05
.5813422E-05
-.4177441E-05
-.4328408E-05
-.4883197E-05
-.6729408E-05
.1663511E-05
.3158899E-06
-.1298126E-05
.4804792E-05
.4782156E-05
.7440997E-06
.6812764E-06
-.5501633E-05
-.9912262E-05
-.3017152E-05
-.8507573E-05
-.1101383E-04
.1106071E-07
.1548039E-06
.6197211E-06
.6141155E-05
.2631748E-05
.3166890E-05
.7584679E-05
.3153893E-05
.5595709E-05
.9118926E-05
.5112650E-05
.7600031E-05
.7542150E-05
-.2608846E-05
-.2584327E-05
.7848151E-06
-.6122459E-05
-.6604593E-06
.1272653E-05
-.7115239E-05
-.2900138E-05
-.5874970E-06
.4350112E-05
.7890203E-05
.4977722E-05
-.8954431E-06
-.9801567E-05
-.3917580E-05
.1227871E-05
.2376378E-05
.2593894E-05
-.7811499E-05
-.7526164E-05
-.4439149E-05
-.2283212E-06
.8139541E-05
.5381342E-05
.4090989E-05
-.3560419E-06
-.6556034E-05
-.8099535E-05
-.4468402E-05
-.3129928E-05
-.6487561E-05
-.5644210E-06
-.2083689E-05
-.5495983E-05
.1344973E-05
.5982849E-07
.3980350E-05
.1063243E-04
.3501910E-05
-.1136030E-04
-.1273188E-04
-.2858562E-05
-.1520038E-05
.6399174E-05
.4831311E-05
-.1550655E-05
.5706103E-05
-.6671628E-06
-.2747636E-05
.1112221E-05
-.9341160E-05
-.1057110E-04
-.6445676E-05
-.7980578E-05
-.3908585E-05
.3685793E-05
.6109948E-06
-.4449708E-05
-.9729362E-06
-.4066069E-05
-.8017217E-05
-.1109250E-05
-.9794281E-06
-.9872605E-06
-.3233178E-05
-.1267607E-04
-.4229745E-05
.6004568E-05
.5552009E-05
.6420463E-05
.7575260E-05
.4857472E-05
-.5259990E-05
-.4209195E-05
.3241008E-05
-.1630146E-05
-.2815532E-05
-.7448112E-05
-.1184158E-04
-.4479221E-05
-.8919931E-05
-.6833954E-05
.8224417E-05
.5866080E-05
.3245226E-05
.5643722E-05
.1757199E-05
.3601082E-05
.1633266E-05
-.5019152E-05
-.6594280E-05
-.6573800E-05
-.9706603E-05
-.1112896E-04
-.9783165E-05
-.1579313E-04
-.1323031E-04
-.7360018E-05
-.1008860E-04
-.3808240E-05
-.7242698E-05
-.1024264E-04
-.2352749E-05
-.2056231E-05
-.1362445E-05
-.2154630E-05
-.1338277E-05
-.3320584E-05
-.1988176E-06
.4135215E-05
-.1508661E-06
.6216472E-05
.5265378E-05
-.4887587E-05
-.4998889E-05
-.4983472E-05
-.7550776E-05
-.2409440E-05
-.3150693E-05
-.1098091E-04
-.3160511E-05
-.8704005E-05
-.1671519E-04
-.2274463E-05
.4156401E-05
-.7542891E-06
-.3034542E-05
.5392524E-05
-.3277025E-05
-.1477551E-04
-.6003535E-05
-.6710104E-05
-.3787332E-05
.6842659E-06
-.5240625E-05
-.2917990E-05
.2507650E-06
-.8479251E-06
-.2383386E-05
-.3252969E-06
.3126796E-05
.2738410E-05
.2045424E-05
.6784051E-06
.3075461E-05
-.4689128E-06
-.3442350E-05
-.1114965E-05
-.4994627E-05
-.1555436E-05
-.1652324E-05
-.8063539E-05
-.2739781E-05
-.3611191E-05
-.6714088E-05
-.4243762E-05
-.5721793E-05
-.5784272E-05
-.1179587E-05
.2734122E-06
-.2752469E-05
.2937670E-06
.1617533E-06
-.6804597E-05
-.1368233E-05
.2188649E-05
-.1304173E-05
.1596428E-05
.1131345E-05
-.4239935E-06
.5167487E-05
.6095719E-05
-.4267779E-06
-.1570885E-05
-.5652251E-05
-.9157554E-05
-.2119361E-05
-.2673315E-05
-.6084074E-05
.3292414E-06
-.7804987E-05
-.1375074E-04
-.1852281E-05
-.6759406E-05
-.8255955E-05
-.4510310E-06
-.7696539E-05
-.8090613E-05
-.7368262E-05
-.6447505E-05
-.5011133E-05
-.7261311E-06
.6086518E-05
-.3354002E-05
-.4460787E-05
-.5775751E-06
-.5367729E-05
-.6172631E-06
-.1961267E-05
-.4556022E-05
-.4192200E-05
-.8118722E-05
-.5215357E-05
-.5197686E-05
-.9268299E-05
-.3698725E-05
.2356230E-05
.3832931E-06
.2342915E-05
.6433770E-05
.3308547E-05
.8539281E-06
.3763581E-05
-.3324612E-05
-.9931134E-05
-.7002799E-05
-.7962606E-05
-.3353006E-05
.5129793E-05
.2264120E-05
-.1522749E-05
-.6543008E-05
-.7110918E-05
-.1549281E-05
.5116084E-06
-.1100504E-05
-.1021490E-05
-.1698000E-05
-.9735521E-05
-.9810144E-05
-.5825008E-05
-.6212774E-05
-.2305201E-05
-.2225219E-05
-.5856558E-05
-.7424478E-05
-.2752120E-05
.1608650E-05
.3509622E-06
.4639693E-05
-.8471369E-06
-.2834918E-05
.3000187E-05
.2749775E-06
.3547269E-05
-.2496273E-05
-.1005736E-04
-.4691277E-05
-.6581384E-05
-.5621831E-05
.4013551E-06
-.3095235E-05
-.5194932E-05
-.2157668E-05
-.4227214E-05
-.7271940E-05
-.3247415E-05
-.2288809E-05
-.4754923E-05
-.1831746E-05
-.4868778E-05
-.9425180E-05
-.8016410E-05
-.1204713E-04
-.1512472E-04
-.1215344E-04
-.1056094E-04
-.8108715E-05
-.4975999E-05
-.6651160E-05
-.1162844E-04
-.6626909E-05
-.4165486E-05
-.4482780E-05
.3902188E-05
-.5509079E-06
-.5122894E-05
-.1787486E-05
-.4609436E-05
-.7637701E-06
.3067674E-06
-.3752208E-05
-.4929974E-05
-.6846477E-05
-.5464537E-05
-.5432505E-05
-.3854321E-05
-.7676433E-05
-.1650846E-04
-.1023470E-04
-.1315306E-04
-.1406796E-04
-.3178131E-05
-.5407105E-05
-.3594596E-05
-.4103334E-05
-.1166477E-04
-.8771368E-05
-.2048539E-05
.3721103E-06
-.1082319E-05
-.1706756E-05
-.6302416E-05
-.8288784E-05
-.5400448E-05
-.8868567E-05
-.5844873E-05
-.1905028E-05
-.8377962E-05
-.6467284E-05
-.3443962E-05
-.7454656E-05
-.4465535E-05
-.3010360E-05
-.6968139E-05
-.3564274E-05
-.3011514E-05
-.4529619E-05
-.3099589E-05
-.7651774E-05
-.1073509E-04
-.6696468E-05
-.6226768E-05
-.7197571E-05
-.6463346E-06
.1360922E-05
-.2154150E-05
.3082938E-06
-.2299395E-05
-.7791257E-05
-.4936911E-05
-.7378359E-05
-.9490471E-05
-.4403998E-05
-.2919937E-05
-.6433621E-05
-.9602278E-05
-.1670383E-04
-.2179730E-04
-.2397204E-04
-.2587307E-04
-.1938316E-04
-.2096614E-04
-.2434090E-04
-.1399495E-04
-.6523109E-05
.2323400E-05
.5540715E-05
.1061880E-04
.1140079E-04
.3075938E-05
.5230677E-05
-.3247742E-05
-.8345771E-05
-.1974983E-05
-.4227017E-05
-.6086954E-05
-.1046822E-04
-.1007775E-04
-.1220124E-04
-.1711317E-04
-.1282571E-04
-.1311131E-04
-.1123849E-04
-.9703761E-05
-.9634195E-05
-.8798801E-05
-.1219690E-04
-.8784077E-05
-.5687767E-05
-.6200969E-05
-.3197421E-05
-.1148773E-06
-.1734973E-05
-.2645754E-05
.1264791E-05
-.1723136E-05
-.2760655E-05
-.3267261E-06
-.5881411E-05
-.7427402E-05
-.7563663E-05
-.1921326E-04
-.2381972E-04
-.2144008E-04
-.2278090E-04
-.1323103E-04
-.1025078E-04
-.1771397E-04
-.1130367E-04
-.9245072E-05
-.1012961E-04
-.7056282E-06
-.1046655E-05
-.1655340E-05
.5476419E-05
.5421093E-05
-.6325975E-06
-.1743096E-05
-.7893853E-05
-.1495827E-04
-.7916011E-05
-.5957499E-05
-.1087220E-04
-.8614153E-05
-.1505969E-04
-.2026372E-04
-.1826914E-04
-.1671807E-04
-.9612646E-05
-.2028454E-05
-.3533032E-05
-.5089758E-05
-.3600878E-05
-.8228265E-05
-.1121556E-04
-.5239335E-05
-.4683892E-05
-.5177148E-05
-.2751658E-05
-.6248533E-05
-.4234362E-05
-.7796108E-06
-.8842264E-05
-.1452919E-04
-.1712736E-04
-.2116725E-04
-.1612205E-04
-.1056777E-04
-.1669579E-04
-.1664030E-04
-.5574793E-05
-.6033855E-05
-.5435433E-05
.4166781E-06
-.8544942E-05
-.9154141E-05
-.4174957E-05
-.1061490E-04
-.1184194E-04
-.1020811E-04
-.1083057E-04
-.1077773E-04
-.6757626E-05
-.7368718E-05
-.5132077E-05
.4748416E-05
-.2216113E-05
-.3208374E-05
.3106029E-05
-.5734782E-05
-.1892603E-05
-.1426864E-05
-.1605279E-04
-.1624712E-04
-.1212238E-04
-.1418012E-04
-.1113224E-04
-.8149593E-05
-.1423943E-04
-.1423328E-04
-.8240720E-05
-.1123289E-04
-.9708297E-05
-.3705739E-05
-.9788104E-05
-.9694540E-05
-.4904461E-05
-.1427705E-04
-.9888907E-05
-.4372905E-05
-.7167922E-05
.1169696E-05
-.3793306E-05
-.1242637E-04
-.9067837E-05
-.1042131E-04
-.9547335E-05
-.7488206E-05
-.1109359E-04
-.1312809E-04
-.9594022E-05
-.9668528E-05
-.8524649E-05
-.5418018E-06
-.6642101E-05
-.1161712E-04
-.2173489E-05
-.7677236E-05
-.1167806E-04
-.3788994E-05
-.1123412E-04
-.1334691E-04
-.5304211E-05
-.8262590E-05
-.9345742E-05
-.5310787E-05
-.1043198E-04
-.1496894E-04
-.1000169E-04
-.1048820E-04
-.9415895E-05
-.2446227E-05
-.6932271E-05
-.1107201E-04
-.5985407E-05
-.7094369E-05
-.1206803E-04
-.8648240E-05
-.1633624E-04
-.2481041E-04
-.1542802E-04
-.1628829E-04
-.1783033E-04
-.9821874E-05
-.1074663E-04
-.1025302E-04
-.7330302E-05
-.1233389E-04
-.5730295E-05
.5339861E-05
-.1192400E-05
-.1197252E-05
.7829967E-05
.2680943E-06
-.4271766E-05
.8436804E-07
-.9940787E-05
-.1353557E-04
-.1169828E-04
-.2116469E-04
-.1669409E-04
-.1122500E-04
-.1813114E-04
-.1223637E-04
-.1020029E-04
-.1309687E-04
-.6748669E-05
-.1321070E-04
-.2089930E-04
-.1949459E-04
-.2039890E-04
-.1645225E-04
-.8719813E-05
-.7828031E-05
-.1539852E-04
-.1437007E-04
-.1406606E-04
-.2092096E-04
-.1097204E-04
-.7393788E-05
-.1179344E-04
-.6512702E-05
-.1187947E-04
-.1715500E-04
-.1404334E-04
-.1106132E-04
-.9518516E-05
-.1846846E-05
.1008615E-05
-.5373336E-05
-.1021534E-05
-.6642202E-05
-.1612315E-04
-.9344728E-05
-.1061846E-04
-.9712598E-05
-.7266482E-05
-.1426673E-04
-.1339535E-04
-.8242494E-05
-.9324941E-05
-.1287124E-04
-.1085092E-04
-.1094695E-04
-.1441242E-04
-.8402285E-05
-.6405202E-05
-.9865537E-05
-.5949909E-05
-.9488212E-05
-.1402413E-04
-.7525968E-05
-.9039052E-05
-.1456143E-04
-.1425873E-04
-.1970546E-04
-.1979453E-04
-.1576783E-04
-.1516552E-04
-.1174316E-04
-.9599953E-05
-.8688795E-05
-.1017951E-04
-.1174155E-04
-.1487695E-04
-.1626612E-04
-.1552616E-04
-.1934937E-04
-.1085424E-04
-.7882184E-05
-.1066020E-04
-.1901410E-05
-.7181877E-05
-.1350237E-04
-.1245468E-04
-.9856169E-05
-.1005762E-04
-.8729403E-05
-.1521917E-05
-.8311041E-05
-.5928906E-05
-.5591517E-05
-.1490569E-04
-.9775782E-05
-.1401562E-04
-.1931082E-04
-.2137195E-04
-.2226580E-04
-.1792141E-04
-.1663248E-04
-.1488941E-04
-.1927575E-04
-.1578821E-04
-.1236447E-04
-.1566306E-04
-.1091168E-04
-.1424764E-04
-.1692066E-04
-.1543248E-04
-.1536022E-04
-.9354312E-05
-.1653145E-05
.2868195E-05
.1851900E-05
-.1196516E-05
-.6410457E-05
-.1186901E-04
-.1308990E-04
-.2113948E-04
-.2422779E-04
-.1974792E-04
-.2118080E-04
-.2125740E-04
-.2127134E-04
-.2586029E-04
-.2586938E-04
-.1980375E-04
-.1571765E-04
-.1112093E-04
-.6581514E-05
-.1118960E-04
-.1418484E-04
-.6636010E-05
-.6654073E-05
-.8568003E-05
-.1634256E-05
-.6620553E-05
-.1219855E-04
-.1139411E-04
-.1727080E-04
-.1802811E-04
-.1735904E-04
-.1853078E-04
-.1943768E-04
-.1547149E-04
-.1293364E-04
-.6698517E-05
.1863080E-06
-.8256085E-05
-.1042141E-04
-.9984420E-05
-.1492729E-04
-.8985577E-05
-.4831839E-05
-.1051527E-04
-.1194331E-04
-.9589970E-05
-.1608407E-04
-.1252917E-04
-.7152356E-05
-.1552976E-04
-.1271808E-04
-.1322968E-04
-.1715235E-04
-.7208092E-05
-.7601051E-05
-.1270316E-04
-.7180550E-05
-.7662957E-05
-.1684577E-04
-.2039967E-04
-.2307113E-04
-.2955154E-04
-.2658814E-04
-.2975618E-04
-.3561020E-04
-.2371890E-04
-.2047701E-04
-.1741194E-04
-.8967187E-05
-.1228320E-04
-.1202504E-04
-.6763443E-05
-.1282300E-05
-.3301190E-05
-.6272489E-05
-.9593918E-05
-.1592019E-04
-.5966242E-05
-.4458031E-05
-.8766820E-05
-.3615160E-05
-.1548915E-04
-.1869377E-04
-.1523886E-04
-.2473157E-04
-.2335134E-04
-.1825046E-04
-.2382314E-04
-.2590436E-04
-.1977591E-04
-.1834106E-04
-.1817921E-04
-.1176495E-04
-.1521805E-04
-.1725559E-04
-.1382958E-04
-.1878682E-04
-.1836212E-04
-.1432881E-04
-.1577526E-04
-.1489725E-04
-.9655995E-05
-.6844233E-05
-.1118853E-04
-.7262877E-05
-.1299611E-04
-.1924207E-04
-.6547256E-05
-.1123182E-04
-.9312113E-05
-.7029784E-05
-.2344435E-04
-.1920639E-04
-.1453223E-04
-.1953385E-04
-.1308217E-04
-.1044396E-04
-.1509926E-04
-.1094502E-04
-.3969754E-05
-.9981767E-05
-.8942303E-05
-.8122926E-05
-.2938303E-04
-.3094168E-04
-.3479947E-05
.1991571E-05
.3639988E-06
.1415667E-04
-.2303503E-04
-.5350666E-04
-.2347292E-04
-.2414722E-04
-.8967022E-05
.8053176E-05
.2828315E-05
.5197185E-04
.3882199E-04
-.2730309E-04
-.5547042E-04
-.7509457E-04
-.8216317E-04
-.2660429E-04
.1130296E-03
.1135488E-03
-.4882292E-04
-.1152319E-03
-.1272458E-03
-.1185965E-03
.7778027E-05
.1492620E-03
.1670498E-03
.5697770E-04
-.8707885E-04
-.1430462E-03
-.1110718E-03
-.1053383E-03
.5387410E-04
.3539212E-03
.3231572E-03
.1165276E-03
-.1379131E-03
-.3668781E-03
-.1891393E-03
-.7978967E-05
.4879016E-04
-.7069933E-04
-.2206845E-03
.2514893E-03
.6208371E-03
.3063012E-03
-.3611541E-03
-.5713713E-03
.3039605E-04
.6335619E-03
.9077219E-03
.8324542E-04
-.1131817E-02
-.9703248E-03
-.1428100E-03
.6678038E-03
.9765816E-03
.9133729E-03
.5748259E-03
-.8546409E-03
-.1376656E-02
-.8448543E-03
-.3090914E-03
.1289088E-02
.1563521E-02
.3979879E-03
-.6492803E-03
-.1566499E-02
-.4606935E-03
.4979325E-03
.1191268E-02
.2299643E-02
.8181646E-03
-.7144282E-03
-.1639714E-02
-.1793595E-02
.3263391E-04
.5989586E-03
.5852597E-03
.9225092E-03
.9538995E-03
.1347432E-03
-.1186531E-02
-.7229507E-03
-.5353472E-03
.2443175E-03
.2226960E-02
.1842680E-02
-.8075045E-04
-.1709007E-02
-.2008548E-02
-.1736855E-02
.1040177E-02
.4063403E-02
.2211707E-02
.5864500E-03
-.2573499E-03
-.1808767E-02
-.2920519E-02
-.2012413E-02
.1947284E-02
.3258256E-02
.2123066E-02
.3585197E-03
-.2164828E-02
-.2986666E-02
-.1507735E-02
.2237714E-02
.4251521E-02
.2973100E-02
.9289901E-03
-.2022426E-02
-.3655607E-02
-.2182738E-02
.9981646E-03
.3832178E-02
.2572656E-02
-.7583885E-03
-.1614825E-02
-.1020128E-02
-.1760297E-02
-.1316672E-02
.1668146E-02
.8267983E-03
.5063227E-03
.9285078E-03
-.8093706E-03
-.7045807E-03
-.2150564E-02
.3768045E-04
.9786375E-03
.6358677E-03
.3986712E-02
.4438685E-04
-.7815129E-03
.6634247E-03
-.1495812E-02
.1549532E-03
.7679208E-04
-.7743382E-04
-.1219118E-03
-.1833982E-02
-.2377552E-02
-.2322211E-02
-.2365566E-03
.2637211E-02
.2074469E-02
.8560146E-03
.1142703E-02
-.1475561E-02
-.2363075E-02
-.2104269E-03
.3668251E-03
-.3958269E-03
-.9561853E-03
.1356145E-03
.4680866E-03
.1476527E-02
-.5498129E-04
-.3620086E-02
-.3011281E-02
-.1612774E-02
.1372383E-04
-.6959794E-03
-.3550061E-03
.2020658E-02
.4273089E-03
.3022011E-03
.7981774E-04
-.6470134E-03
.4367889E-03
-.4277703E-03
-.5426131E-03
.2062415E-02
.3467419E-02
.1181646E-02
.6970610E-03
.2357858E-02
.1160949E-02
.1658750E-03
.1239474E-02
.4448092E-03
-.1967572E-02
-.1775795E-02
-.9685325E-03
.5623132E-04
.2206769E-02
.4191501E-02
.5977816E-02
.3679536E-02
.2447472E-03
-.1544857E-02
-.4668594E-02
-.2500093E-02
.2197269E-02
.1070785E-02
.2551544E-03
-.1625439E-02
-.4756851E-02
-.3503238E-02
.4761331E-03
.7620312E-02
.6871964E-02
-.1902991E-02
-.6155867E-02
-.1006830E-01
-.4498737E-02
.4115981E-02
-.7781475E-04
.6748254E-03
.8143828E-03
-.2434470E-02
.1553662E-02
.1287352E-02
.3260700E-02
.3817952E-02
.1132225E-02
.2781269E-02
-.1984120E-02
-.7726746E-03
.5089616E-02
.2431208E-02
-.4760235E-03
-.3485722E-02
-.5079341E-02
.9328807E-03
.8249416E-02
.8159176E-02
.7557702E-02
.3249748E-02
-.3357291E-02
-.2098541E-02
-.2343280E-02
.1729125E-02
.5222002E-02
.3077809E-02
.5489565E-02
.8756997E-03
-.1107387E-02
.3661995E-02
.1875497E-02
.1585611E-02
.9607392E-03
-.3867581E-02
-.7734556E-02
-.7942238E-02
-.3638894E-02
.1874996E-02
.2532277E-02
-.6000206E-03
.7633719E-03
-.1585579E-02
-.4044108E-02
.2057282E-02
.1016629E-02
-.7681453E-03
-.3121672E-02
-.7182009E-02
-.1969807E-04
.8511494E-03
.6141979E-03
.5862882E-02
.2424290E-02
.6740875E-03
.5680798E-03
-.1208163E-02
.1756625E-02
.3316202E-02
.4537526E-03
-.4086893E-02
-.1019332E-01
-.6681859E-02
.4238812E-02
.4545593E-02
.1797984E-02
.4851934E-02
.5470837E-02
-.5657052E-03
-.2891676E-02
.2409450E-02
.5086000E-02
.2970927E-02
-.2462977E-02
-.5869728E-02
-.4408852E-02
-.1833197E-02
.5609961E-03
.1899315E-02
.9395409E-04
-.2679308E-02
-.6067568E-02
-.7679247E-02
-.3119997E-02
-.3529742E-02
.9440463E-03
.5951572E-02
-.3127738E-02
-.3827156E-02
-.2228870E-02
-.1830995E-02
.1204433E-02
.5796153E-02
.1277264E-01
.1120423E-02
-.1097653E-01
-.6386045E-02
-.1246729E-02
.1564594E-02
.6868497E-02
.1155440E-01
.6481366E-02
-.1874111E-02
-.5066672E-02
-.4545720E-02
-.4910944E-02
-.4138510E-03
.7969452E-02
.7702382E-02
.1588067E-02
-.7537731E-02
-.8323046E-02
.3418389E-02
.9425475E-02
.4156616E-02
-.1773766E-02
-.3072993E-02
-.8395006E-02
-.1497411E-01
-.8724268E-02
.2604123E-02
.6089551E-02
.7280841E-02
.5662328E-02
-.3717987E-02
-.1227982E-01
-.9505045E-02
-.5258847E-04
.2663930E-02
-.8240048E-03
-.4821367E-02
-.4559638E-02
-.4349296E-02
-.8216530E-02
-.3785152E-02
.3605448E-02
.6348415E-02
.1026851E-01
.1092317E-01
.8813891E-02
.5106069E-02
-.4433729E-03
.2608313E-02
.6550307E-02
.3437656E-02
.2381432E-02
.8855207E-03
.8652540E-03
.6878194E-03
-.2330601E-03
.3751134E-02
.4339004E-02
.3553650E-02
.1832905E-02
-.7485663E-03
-.7038378E-02
-.1392760E-01
-.4840537E-02
.2813387E-02
.1093649E-03
-.1067529E-02
.3984154E-02
.6962742E-02
-.5923706E-03
.5849732E-03
.6029407E-02
.1235220E-02
-.5666822E-02
-.4781645E-02
.7124807E-03
-.1107998E-02
-.7187078E-04
.1979892E-02
.2902662E-02
.5817018E-02
-.1844740E-02
.7532717E-04
.7396784E-02
.2837562E-02
.4836066E-02
.1978898E-02
-.3423636E-03
.6277655E-02
.8994589E-02
.1423420E-01
.4067041E-02
-.9493600E-02
-.6493385E-02
-.7459900E-02
-.5102934E-02
.1634753E-02
.6128745E-03
-.4016944E-03
.1632426E-02
-.4467313E-02
-.1034823E-01
-.3406052E-02
.5156056E-02
.9143923E-02
.1511596E-02
-.1489285E-02
.2086838E-02
-.1104258E-01
-.1173151E-01
.1253201E-02
.5279151E-02
.4988404E-02
-.2246504E-02
-.3448152E-03
.3450495E-02
-.1287299E-03
.5138638E-02
.5281358E-02
.5037638E-03
-.6989692E-02
-.1294374E-01
-.6539676E-02
-.6420560E-02
-.7471212E-02
-.8952382E-02
-.3291644E-02
.1327786E-01
.9331499E-02
.5984855E-02
.7965174E-02
.5204601E-02
.2469248E-02
-.3368745E-02
.5915870E-02
.2672577E-02
-.4803973E-02
.3827759E-02
.2532320E-02
.1617492E-02
-.4112672E-02
-.2737853E-03
.9590710E-02
.3321805E-02
-.1430060E-02
-.9711608E-02
-.9057590E-02
-.9113869E-03
.1694326E-02
.3729762E-02
.3502765E-02
.3533984E-02
-.4652544E-02
-.6183652E-02
.4849031E-03
-.4577522E-03
.4703000E-03
.3167050E-02
.3555420E-02
-.1642364E-02
-.8833462E-02
-.8897813E-02
-.2552358E-03
.6228921E-02
.3981939E-02
-.3003945E-02
-.1373932E-01
-.1687278E-01
-.1335207E-01
-.5026306E-02
.3899109E-02
.2717804E-02
.7002019E-02
.1159256E-01
.5838035E-02
.3623528E-02
.1031206E-01
.1595471E-01
.1362569E-01
.9035413E-02
-.2798617E-02
-.1049496E-01
-.5993691E-02
-.1291052E-02
.9248085E-02
.1195002E-01
.3181391E-02
-.5653646E-02
-.1138388E-01
-.4245337E-02
-.2557795E-02
-.6686221E-02
-.1399534E-02
-.4937527E-05
-.6623843E-02
-.1215151E-01
-.5765048E-02
.6192768E-02
.1185977E-01
.1270892E-01
.1013246E-01
.4977685E-02
.9181847E-03
.2033193E-02
.1353514E-02
.2395937E-03
-.7737571E-03
-.7608812E-02
-.9632405E-02
-.1352155E-01
-.2020494E-01
-.1562764E-01
-.7744799E-02
-.5430180E-03
-.6641472E-03
-.7751518E-02
-.6843125E-02
-.6990689E-02
-.5683618E-02
.6168182E-02
.6281356E-02
-.1944388E-02
.2123773E-02
.8146310E-02
.8604711E-02
.5464780E-02
.6839143E-02
.1032672E-01
-.1922150E-02
-.7738997E-02
-.1215048E-02
-.4947534E-02
-.9269115E-02
-.8746773E-02
-.3079797E-02
-.2825653E-02
-.3773196E-02
.5095120E-02
.4882805E-02
-.5307575E-03
-.5580018E-02
-.3364372E-03
.4328995E-02
-.4999470E-02
.1451360E-02
.5608913E-02
-.2033900E-02
-.5646886E-02
-.5651456E-02
.8547117E-04
-.4376565E-02
-.9162369E-02
-.7834320E-02
-.1151084E-01
-.8666360E-02
-.1128951E-02
-.5129647E-03
-.3386918E-02
-.7041467E-02
-.8739503E-02
-.1599852E-02
.3190560E-02
.4811766E-02
.8707867E-02
.8617985E-02
.3612864E-02
-.6050779E-02
-.3884868E-02
.2714819E-02
-.1144994E-02
.8903569E-04
.6015938E-02
.6101934E-02
.4325562E-02
.8620333E-02
.5692180E-02
.7664698E-04
-.7193185E-02
-.1575945E-01
-.7397497E-02
-.1023559E-01
-.3346240E-02
.7546636E-02
-.7141367E-02
-.2400254E-02
-.1879954E-02
-.8703116E-03
.1353738E-01
.1563256E-01
.1086266E-01
-.8477919E-02
-.1702410E-01
-.1790288E-01
-.1303552E-01
-.5381972E-03
.5885253E-02
.1362355E-01
-.2440518E-02
-.1594853E-01
-.1916694E-01
-.1435223E-01
.1412799E-01
.1726237E-01
.1115096E-01
.1095816E-01
-.2906927E-02
-.7737730E-02
-.5124221E-02
.5982658E-02
.2586263E-01
.2253093E-01
.3606864E-02
-.4177525E-02
-.1550611E-01
-.1921366E-01
-.2129758E-02
.8151233E-02
.1313779E-01
.1453807E-01
.7654806E-03
-.1104893E-01
-.9881407E-02
-.6476703E-02
-.3282412E-02
-.2003552E-02
-.3447181E-02
.5736387E-03
-.4780110E-02
-.1321273E-01
-.6859927E-02
-.6609124E-02
.2222696E-02
.1478119E-01
.4444844E-02
-.3784241E-03
-.5006122E-03
.3444663E-02
.3535796E-02
-.9626790E-02
.2020965E-02
.5254177E-02
-.9647195E-02
-.6963284E-02
-.6123070E-02
-.6658501E-02
-.1011609E-01
-.2250571E-02
.1190813E-01
.5636539E-02
.6705378E-02
.8796493E-02
.9283995E-02
.6080454E-02
-.8207087E-02
-.5034445E-02
.2864376E-04
-.1435177E-02
-.5029520E-03
.2183406E-02
.2381917E-02
-.6586687E-02
-.7681679E-02
-.1464491E-02
-.9400968E-03
-.1357446E-01
-.1726226E-01
-.2971646E-02
-.9544430E-03
-.6387817E-03
-.6289717E-02
-.1614330E-01
.4047215E-03
.1267846E-01
.8882136E-02
.4079974E-02
-.1077312E-01
-.1349997E-01
-.5707384E-02
.4324416E-02
.2349685E-01
.1740636E-01
.4995086E-02
.3018223E-02
-.7750964E-02
-.3278785E-02
.7603136E-02
.1217490E-01
.1074591E-01
.5728010E-03
-.7696807E-02
-.1587510E-01
-.1212963E-01
.8258995E-03
.1075679E-01
.1336968E-01
.1931233E-02
-.1287388E-01
-.2069401E-01
-.1372694E-01
-.3780510E-02
.3654336E-02
.1941199E-01
.2785849E-01
.1584124E-01
-.6496797E-02
-.1172855E-01
-.3104898E-02
-.6233166E-02
.2474330E-04
.1701396E-01
.5391599E-02
-.2153870E-01
-.2650167E-01
-.6166261E-02
.1780277E-01
.1962498E-01
.1497904E-01
.1450214E-01
-.3231528E-02
-.2105447E-01
-.2415596E-01
-.1767144E-01
-.1069117E-03
.9369542E-02
.1128669E-01
.6134788E-02
-.1511611E-01
-.2115752E-01
-.4961719E-02
.1918233E-01
.2931532E-01
.1663930E-01
.1712683E-01
.1348643E-01
-.6203601E-02
-.1226582E-01
-.2341335E-02
.1259304E-01
.3819865E-02
-.7286613E-02
.8422233E-03
-.4568453E-02
-.1192803E-01
.2303963E-02
.2725654E-01
.3470390E-01
.2321477E-01
.1039441E-01
.7620605E-03
-.1670110E-02
-.7546905E-02
-.2826909E-02
.1011614E-01
.6113705E-02
.6732429E-03
-.2585506E-02
.1278671E-02
.4713638E-02
-.2804750E-02
.1652095E-02
.4991874E-02
-.4256392E-03
.7789706E-03
.1843192E-02
-.1372355E-02
-.7757851E-02
-.6931837E-02
-.1274326E-03
.1445583E-03
-.1049267E-02
-.3054871E-02
-.5227882E-02
-.1066288E-01
-.1214341E-01
-.2013078E-02
.2292385E-03
.2207033E-02
.6547203E-02
.6391798E-02
.9209131E-02
.6153486E-02
.6142026E-02
.8091920E-02
.1027117E-02
-.2893880E-02
-.3365579E-02
-.7506652E-02
-.8620463E-02
.2062903E-02
.8492974E-02
.3786437E-02
-.4919940E-03
-.3111940E-02
.8619521E-03
.1251073E-02
-.4637744E-03
.6593988E-02
.9782197E-02
.1043518E-01
.2065615E-02
-.1903543E-02
.1942662E-02
-.1081843E-01
-.2148164E-02
.1682722E-01
.1304707E-01
.5544962E-02
-.6257384E-02
-.7875176E-02
-.4305892E-02
.2378917E-02
.1309828E-01
.3351446E-02
-.8527939E-02
-.1096582E-01
-.9583863E-02
-.9511493E-02
-.7829392E-02
-.7582546E-04
-.3649749E-02
-.1253657E-02
.4149798E-02
-.9273358E-02
-.1375553E-01
-.1119409E-01
-.5081073E-02
.8802191E-02
.5872873E-02
.8675254E-02
.1581934E-01
.7699578E-02
.1106247E-01
.1007070E-01
.7796793E-02
.1999001E-01
.1781623E-01
.1659325E-01
.2259820E-01
.1603658E-01
.1411493E-01
.1822990E-01
.1992949E-01
.2433267E-01
.2388816E-01
.2001945E-01
.1756645E-01
.8009260E-02
.5869525E-02
.1908522E-01
.1547983E-01
.4945090E-02
.5613823E-02
-.1813180E-02
-.4082052E-02
-.8343497E-02
-.1617963E-01
-.8356223E-02
-.1352332E-01
-.1732084E-01
-.9030792E-03
.4521990E-02
-.1998604E-02
-.1104798E-01
-.1186574E-01
-.1217410E-02
-.2513412E-02
-.9555937E-02
-.9568815E-02
-.1475032E-01
-.2274420E-01
-.2394822E-01
-.1759319E-01
-.1186234E-01
-.7062264E-02
-.5701949E-02
-.1406545E-01
-.2192014E-01
-.2715598E-01
-.2051293E-01
-.5232108E-02
.6496466E-04
.4587161E-02
.7404903E-02
.4703083E-02
.5762934E-02
.9794804E-02
.1846208E-01
.2710540E-01
.3336779E-01
.3450381E-01
.1794969E-01
.3269562E-02
-.5927218E-02
-.1304999E-01
-.1167218E-01
-.2452290E-01
-.3379851E-01
-.3897349E-01
-.4884145E-01
-.4611830E-01
-.4101748E-01
-.1983685E-01
.3401492E-02
.2093873E-01
.3969966E-01
.4290795E-01
.4343786E-01
.3433718E-01
.3121624E-01
.3916248E-01
.4401853E-01
.5167296E-01
.3738966E-01
.2186180E-01
.1322228E-01
.2498534E-02
.3466730E-02
-.6616586E-02
-.1716012E-01
-.2019951E-01
-.2799824E-01
-.3097157E-01
-.3282436E-01
-.3520129E-01
-.3248540E-01
-.2901595E-01
-.2981210E-01
-.2465029E-01
-.1483191E-01
-.7731969E-02
.6066656E-02
.1769676E-01
.1567796E-01
.1505968E-01
.2453632E-01
.3121016E-01
.2279425E-01
.5171157E-02
-.8002288E-02
-.1675336E-01
-.1479151E-01
-.7080391E-02
-.1832831E-02
.1801750E-01
.3282149E-01
.3424273E-01
.4034535E-01
.3908349E-01
.3717452E-01
.4060723E-01
.3143578E-01
.1384100E-01
-.3469241E-02
-.3279281E-01
-.5711902E-01
-.6112010E-01
-.6176038E-01
-.5653322E-01
-.4758953E-01
-.3014402E-01
-.6556424E-03
.2642301E-01
.4687983E-01
.5556221E-01
.5605212E-01
.4653873E-01
.3894361E-01
.3921904E-01
.2185371E-01
-.2606137E-02
-.2121801E-01
-.4165274E-01
-.6027115E-01
-.8059896E-01
-.9748383E-01
-.9402292E-01
-.8514511E-01
-.8052036E-01
-.6545860E-01
-.4428373E-01
-.2064603E-01
.2363048E-03
.2163649E-01
.4328353E-01
.4798470E-01
.4559038E-01
.3941309E-01
.3494871E-01
.3096710E-01
.1975494E-01
.2440845E-01
.3484937E-01
.3203972E-01
.1913346E-01
.1199747E-01
.1858888E-01
.1413055E-01
.4786337E-02
-.2741221E-04
-.6290335E-02
-.4118139E-02
.6095001E-03
.1481930E-02
.6761460E-02
.1614493E-01
.1346113E-01
.5775271E-02
-.1066283E-02
-.1514115E-01
-.1718957E-01
-.2172488E-01
-.2523515E-01
-.5511153E-02
.7224579E-04
-.1261439E-02
.3517275E-02
.9072182E-03
-.2294426E-03
-.6727546E-02
-.6811877E-02
-.4723552E-02
-.1777784E-01
-.2964032E-01
-.3493640E-01
-.3362877E-01
-.3424332E-01
-.4088657E-01
-.4454058E-01
-.4129072E-01
-.3377626E-01
-.3024452E-01
-.1918087E-01
-.2859373E-02
.3961106E-02
.1163311E-01
.2174416E-01
.3073724E-01
.3798071E-01
.3828163E-01
.4369154E-01
.4675597E-01
.2413951E-01
.3329861E-02
-.4713280E-02
-.1612934E-01
-.1563369E-01
-.1497952E-01
-.2109836E-01
-.1634133E-01
-.7020626E-02
.9367910E-02
.3269316E-01
.4348114E-01
.3348073E-01
.2198925E-01
.2193004E-01
.2829432E-01
.3532833E-01
.2255944E-01
.1107833E-01
.1747677E-01
.1219891E-01
.4227103E-02
-.4630940E-02
-.9383007E-02
-.6333941E-02
-.1674668E-01
-.1883202E-01
-.1599738E-01
-.2021169E-01
-.2031671E-01
-.2397118E-01
-.1906988E-01
-.1213139E-01
-.1742791E-01
-.2239102E-01
-.1796874E-01
-.9999522E-02
-.1479066E-01
-.1423978E-01
-.2248060E-02
.5997601E-02
.1663106E-01
.2233104E-01
.3075163E-01
.4073255E-01
.3569333E-01
.3371987E-01
.3922953E-01
.3552331E-01
.1923646E-01
.2084259E-02
-.1109280E-01
-.2574943E-01
-.3798993E-01
-.4591670E-01
-.4699823E-01
-.4081278E-01
-.4197758E-01
-.4466571E-01
-.3379148E-01
-.2261352E-01
-.1020576E-01
.6506340E-02
.1912381E-01
.3534751E-01
.4341330E-01
.3882558E-01
.3769462E-01
.3219050E-01
.1646159E-01
.5079624E-02
-.3613567E-02
-.1732194E-01
-.2249755E-01
-.2431490E-01
-.3017390E-01
-.3397385E-01
-.3916511E-01
-.3602519E-01
-.3119992E-01
-.3436381E-01
-.2795146E-01
-.1809692E-01
-.1018454E-01
-.5428638E-03
.1503501E-02
.5233223E-02
.1112267E-01
.1327258E-01
.9514496E-02
-.5471874E-02
-.2191504E-01
-.4034567E-01
-.5121897E-01
-.5313439E-01
-.5776155E-01
-.5806322E-01
-.5999987E-01
-.5402337E-01
-.3691653E-01
-.1811772E-01
.3375870E-02
.1344514E-01
.2048788E-01
.2593541E-01
.2065420E-01
.1949072E-01
.1451130E-01
.2135625E-02
-.5325451E-02
-.1082087E-01
-.8875685E-02
.3121986E-02
.1616772E-01
.2929315E-01
.4134188E-01
.4797513E-01
.5627287E-01
.6881159E-01
.7203870E-01
.6949475E-01
.7098717E-01
.7567983E-01
.7848233E-01
.7234129E-01
.5908103E-01
.3679130E-01
.1006987E-01
-.1220473E-01
-.2669853E-01
-.3532975E-01
-.4467012E-01
-.4842359E-01
-.5019411E-01
-.4973375E-01
-.3852835E-01
-.2110136E-01
.7212476E-02
.4180449E-01
.6193828E-01
.6517514E-01
.5838130E-01
.4428795E-01
.3672988E-01
.3151228E-01
.1769651E-01
.1775717E-02
-.1313949E-01
-.1692305E-01
-.1826644E-01
-.2847913E-01
-.3593760E-01
-.3057307E-01
-.1798417E-01
-.7265076E-02
.9065931E-02
.1526579E-01
.1089091E-01
.4439300E-02
-.1009827E-01
-.8500966E-02
-.3358441E-02
-.8996854E-02
-.1399318E-01
-.1734526E-01
-.1496893E-01
-.1827714E-01
-.1484124E-01
.2360403E-02
.1931936E-01
.3975852E-01
.4975427E-01
.4540914E-01
.4091731E-01
.2948106E-01
.7993013E-02
-.8937918E-02
-.1576820E-01
-.1882388E-01
-.3084136E-01
-.4797590E-01
-.5046965E-01
-.4588955E-01
-.3723063E-01
-.2007077E-01
.2641116E-02
.2804595E-01
.3784888E-01
.4397978E-01
.5494428E-01
.5315026E-01
.4947097E-01
.4578474E-01
.3748539E-01
.2984001E-01
.1630466E-01
-.5904769E-02
-.2076341E-01
-.1425621E-01
-.4750456E-02
-.9869409E-03
.6634565E-02
.1554440E-01
.2672661E-01
.3018853E-01
.2358686E-01
.2348282E-01
.2464283E-01
.1896070E-01
.1576470E-01
.1394454E-01
.2572623E-02
-.1609070E-01
-.3545886E-01
-.4635010E-01
-.4500843E-01
-.4175566E-01
-.4136193E-01
-.4019244E-01
-.4027414E-01
-.4322271E-01
-.3423793E-01
-.2175512E-01
-.1578892E-01
-.3601992E-02
.3942694E-02
.4421972E-02
-.1247457E-02
-.1343356E-01
-.2306762E-01
-.3332620E-01
-.3544219E-01
-.2346840E-01
-.1308990E-01
-.8972538E-02
.9925767E-03
.5747048E-02
.1064422E-01
.3262530E-01
.4837647E-01
.5877316E-01
.6588240E-01
.6691624E-01
.7224441E-01
.7008470E-01
.6508201E-01
.5318024E-01
.3224469E-01
.2140078E-01
.5576998E-02
-.1519090E-01
-.2931100E-01
-.4743085E-01
-.5431295E-01
-.5060165E-01
-.5296171E-01
-.5855917E-01
-.6951303E-01
-.7526684E-01
-.7973747E-01
-.8303794E-01
-.7678769E-01
-.7956948E-01
-.7892189E-01
-.7399032E-01
-.7942827E-01
-.7415012E-01
-.5641167E-01
-.3918655E-01
-.2344806E-01
-.1414564E-01
-.1335367E-01
-.1123260E-01
-.7894898E-02
-.2690934E-02
.9501645E-02
.1754067E-01
.1938263E-01
.1820085E-01
.1229364E-01
.5389976E-02
.4027367E-02
.7813507E-02
.9575491E-02
.7860941E-02
.7831802E-02
.2265879E-01
.4335639E-01
.5330300E-01
.5800476E-01
.6148383E-01
.7240038E-01
.8223081E-01
.8048874E-01
.8335998E-01
.9447226E-01
.1032671E+00
.9751556E-01
.8300824E-01
.7705249E-01
.8062841E-01
.8445287E-01
.8191550E-01
.7984851E-01
.7973588E-01
.8331384E-01
.9527655E-01
.1001422E+00
.9487023E-01
.9111920E-01
.8151592E-01
.6374535E-01
.4517970E-01
.2272219E-01
.1026358E-02
-.1976698E-01
-.3958332E-01
-.5527755E-01
-.8085831E-01
-.1072299E+00
-.1225410E+00
-.1244823E+00
-.1120388E+00
-.1053188E+00
-.9973469E-01
-.9175988E-01
-.8600564E-01
-.7236863E-01
-.5388501E-01
-.2476568E-01
.3638895E-02
.1136093E-01
-.3819252E-04
-.2369022E-01
-.4322320E-01
-.5981790E-01
-.6824539E-01
-.6802255E-01
-.7615378E-01
-.7653869E-01
-.6741847E-01
-.5555181E-01
-.3533799E-01
-.1213682E-01
.1646146E-01
.3991238E-01
.5331694E-01
.6596193E-01
.7454533E-01
.8159849E-01
.8634820E-01
.8846012E-01
.8406992E-01
.6110552E-01
.3477251E-01
.1408986E-01
-.1110983E-01
-.3336205E-01
-.4150717E-01
-.3327689E-01
-.1922687E-01
-.3477212E-02
.1378107E-01
.1864499E-01
.2150041E-01
.3469304E-01
.4852429E-01
.6439213E-01
.8387874E-01
.8840425E-01
.6872093E-01
.4624866E-01
.2780032E-01
.9967171E-02
-.1429603E-02
-.1538647E-01
-.3047689E-01
-.3694062E-01
-.3410624E-01
-.2520206E-01
-.1711567E-01
-.1117851E-01
-.9622698E-02
-.9671321E-02
-.1399583E-01
-.2791449E-01
-.3374746E-01
-.3500673E-01
-.4963657E-01
-.6334239E-01
-.7037240E-01
-.7931459E-01
-.8458949E-01
-.8771236E-01
-.8870621E-01
-.8500704E-01
-.8560049E-01
-.8147723E-01
-.7144849E-01
-.7021564E-01
-.7171417E-01
-.6661045E-01
-.4763166E-01
-.2172434E-01
-.2716725E-03
.1588092E-01
.2491693E-01
.3416866E-01
.3872936E-01
.4520841E-01
.6686511E-01
.8758538E-01
.1023139E+00
.1029364E+00
.8476276E-01
.6081141E-01
.3059221E-01
.1283992E-02
-.1821472E-01
-.3640278E-01
-.5582656E-01
-.6475027E-01
-.6425884E-01
-.6335003E-01
-.5424374E-01
-.3761378E-01
-.2028339E-01
.1890112E-02
.2731116E-01
.4707706E-01
.6084576E-01
.7007947E-01
.6057048E-01
.3760281E-01
.1920518E-01
-.2636555E-02
-.2933972E-01
-.4894418E-01
-.5902507E-01
-.6302327E-01
-.5403872E-01
-.3446036E-01
-.2205534E-01
-.1021619E-01
.5495334E-02
.2349997E-01
.5161001E-01
.6970373E-01
.6574018E-01
.5716188E-01
.4175525E-01
.1397302E-01
-.1349090E-01
-.3541090E-01
-.5495181E-01
-.7770405E-01
-.9956555E-01
-.1116016E+00
-.1136343E+00
-.1001891E+00
-.8377564E-01
-.7782201E-01
-.6632043E-01
-.4120736E-01
-.7730803E-02
.2385848E-01
.4764827E-01
.6714516E-01
.8220522E-01
.8883609E-01
.8031436E-01
.6466499E-01
.5701506E-01
.5046003E-01
.4225681E-01
.4494575E-01
.5058666E-01
.4542436E-01
.3718396E-01
.3082549E-01
.1705478E-01
-.2453441E-02
-.1859785E-01
-.3052678E-01
-.3238739E-01
-.2996058E-01
-.3344145E-01
-.4226094E-01
-.6032515E-01
-.7310523E-01
-.7228203E-01
-.6417903E-01
-.4542565E-01
-.2725975E-01
-.1624635E-01
-.1160721E-01
-.1692992E-01
-.2444430E-01
-.2712717E-01
-.1944762E-01
-.6534260E-02
-.1802111E-03
.6418673E-02
.1535489E-01
.1624807E-01
.8871346E-02
.7649263E-03
-.8185453E-02
-.1638773E-01
-.1678780E-01
-.1644797E-01
-.1409319E-01
-.1112286E-01
-.1766173E-01
-.2293055E-01
-.2292847E-01
-.1573260E-01
-.7931821E-02
-.1310693E-02
.1431716E-01
.2155795E-01
.2804698E-01
.4282879E-01
.5494677E-01
.7136117E-01
.8780844E-01
.9917837E-01
.1009519E+00
.9085382E-01
.6733286E-01
.3370516E-01
.5061645E-02
-.1909057E-01
-.3853308E-01
-.6372145E-01
-.9441263E-01
-.1138357E+00
-.1237018E+00
-.1140608E+00
-.9394928E-01
-.7614564E-01
-.5269282E-01
-.2948654E-01
.1527166E-02
.3013551E-01
.4193524E-01
.5796260E-01
.7039151E-01
.6888963E-01
.6171587E-01
.5268413E-01
.4108526E-01
.1632809E-01
-.2311351E-02
-.1513742E-01
-.3645872E-01
-.4257380E-01
-.4538300E-01
-.5336290E-01
-.5256528E-01
-.4948625E-01
-.4758232E-01
-.4875827E-01
-.4578182E-01
-.4089527E-01
-.4139993E-01
-.4060231E-01
-.3735947E-01
-.3557187E-01
-.4040338E-01
-.4125959E-01
-.2912765E-01
-.1606850E-01
-.4657789E-02
.1264902E-01
.2211950E-01
.1182034E-01
.4568538E-02
.3316940E-02
-.4090619E-02
-.7272296E-02
-.8591150E-02
-.1259040E-01
-.1567312E-01
-.1092844E-01
.4851463E-02
.1320470E-01
.1416461E-01
.2579373E-01
.4332315E-01
.5492365E-01
.6192195E-01
.7386041E-01
.8314589E-01
.7959329E-01
.7898366E-01
.8209894E-01
.7911216E-01
.7597462E-01
.7500680E-01
.7210997E-01
.6088706E-01
.4823001E-01
.3696206E-01
.2498915E-01
.2069474E-01
.1745923E-01
.1283989E-01
.4843289E-02
-.9497780E-02
-.1932869E-01
-.2643530E-01
-.3377903E-01
-.4223212E-01
-.4980870E-01
-.4948578E-01
-.4788433E-01
-.4673548E-01
-.3942292E-01
-.2804678E-01
-.1698127E-01
-.2764547E-02
.1859395E-01
.3866083E-01
.5003305E-01
.5832020E-01
.7012051E-01
.7741006E-01
.6752316E-01
.5004699E-01
.3085817E-01
.3900602E-02
-.1384390E-01
-.1381742E-01
-.1012546E-01
-.1076639E-01
-.1635988E-01
-.1770129E-01
-.9198965E-02
.1855690E-03
.4884026E-02
.4535812E-02
.7187439E-03
.1070783E-02
.5609857E-02
.1397034E-01
.2911852E-01
.4146785E-01
.5029343E-01
.5747200E-01
.5943738E-01
.6155200E-01
.6103701E-01
.5738540E-01
.5567137E-01
.5094089E-01
.3927608E-01
.2816980E-01
.2499668E-01
.1731770E-01
.3829554E-02
.1258184E-03
.1759053E-02
.3159087E-02
.2586461E-02
-.1364725E-02
-.2938820E-02
-.7988338E-02
-.1560849E-01
-.1293087E-01
-.6061680E-02
-.4314637E-02
.1157901E-02
.1098211E-01
.1200955E-01
.6972442E-03
-.1961892E-01
-.3352547E-01
-.3346375E-01
-.3591212E-01
-.3932455E-01
-.3977820E-01
-.4662681E-01
-.5428589E-01
-.5655997E-01
-.5097203E-01
-.3588562E-01
-.1987936E-01
-.6124664E-02
.1193989E-01
.3170932E-01
.4612855E-01
.5262214E-01
.5255504E-01
.5285993E-01
.5281076E-01
.5421879E-01
.5462116E-01
.4417926E-01
.3980289E-01
.4260477E-01
.3612346E-01
.3058639E-01
.3102281E-01
.3116471E-01
.2352289E-01
.1359012E-01
.1388937E-01
.1435821E-01
.9508952E-02
-.2517002E-03
-.1207254E-01
-.2118318E-01
-.3559540E-01
-.4438632E-01
-.4485718E-01
-.4930902E-01
-.4407048E-01
-.3067477E-01
-.2399705E-01
-.2233146E-01
-.1956744E-01
-.1335357E-01
-.9569422E-02
-.4792309E-02
.1920810E-02
-.1315806E-02
-.1100235E-01
-.1596680E-01
-.1893092E-01
-.2791937E-01
-.3514431E-01
-.3476545E-01
-.3609885E-01
-.3843063E-01
-.3942847E-01
-.3647110E-01
-.2537368E-01
-.1488870E-01
-.4220383E-02
.1153553E-01
.2541851E-01
.3842900E-01
.5261590E-01
.5560616E-01
.4661944E-01
.4155928E-01
.3709992E-01
.2472253E-01
.1206860E-01
.6560282E-02
.6676453E-02
.6543421E-02
.3836761E-02
-.3685814E-02
-.9478700E-02
-.7518356E-02
-.4341184E-02
-.5642658E-03
.3490805E-02
.6799820E-02
.1158193E-01
.1684609E-01
.2148606E-01
.2641905E-01
.3131514E-01
.3102577E-01
.2495354E-01
.1406802E-01
-.5282282E-03
-.7909693E-02
-.6088202E-02
-.4351837E-02
-.6628481E-02
-.1145788E-01
-.1405343E-01
-.1652511E-01
-.1849807E-01
-.1325993E-01
-.1002439E-01
-.1648780E-01
-.2279655E-01
-.2455397E-01
-.3073672E-01
-.3948844E-01
-.4058891E-01
-.3960516E-01
-.4156098E-01
-.4635862E-01
-.5272189E-01
-.5760666E-01
-.6295810E-01
-.6330616E-01
-.6224396E-01
-.6399816E-01
-.5821293E-01
-.4907771E-01
-.3812128E-01
-.1915278E-01
.5536040E-02
.2642160E-01
.3753082E-01
.4948942E-01
.5485769E-01
.5164048E-01
.6226787E-01
.7183451E-01
.6436710E-01
.5574676E-01
.5240554E-01
.4925137E-01
.3930132E-01
.2772529E-01
.2315574E-01
.2033701E-01
.1376537E-01
.6660228E-02
.5493836E-02
.2798373E-02
-.7211183E-03
.6188722E-02
.1137111E-01
.1057088E-01
.1133444E-01
.1060261E-01
.8832076E-02
.8344292E-02
.7258773E-02
.3542677E-02
-.7050610E-03
-.5845386E-02
-.9311624E-02
-.9108348E-02
-.1054696E-01
-.8483918E-02
-.9857037E-03
.7224069E-02
.1505044E-01
.2356865E-01
.3690634E-01
.4315945E-01
.3361883E-01
.2467136E-01
.2213997E-01
.1757001E-01
.1085680E-01
.1375588E-02
-.1084217E-01
-.1895671E-01
-.2337910E-01
-.2832994E-01
-.2901537E-01
-.2137234E-01
-.1331430E-01
-.1074510E-01
-.1023014E-01
-.1199379E-01
-.1718857E-01
-.2129882E-01
-.2406053E-01
-.3145459E-01
-.4218809E-01
-.4936961E-01
-.5139020E-01
-.5335862E-01
-.5714930E-01
-.5604763E-01
-.5008597E-01
-.4090766E-01
-.2967751E-01
-.2326886E-01
-.1924628E-01
-.1408140E-01
-.8120241E-02
-.3234234E-02
-.3387725E-02
-.3621236E-02
-.4319566E-02
-.1272464E-01
-.2181279E-01
-.2337560E-01
-.2369916E-01
-.2713621E-01
-.2854436E-01
-.2601526E-01
-.2335810E-01
-.2099057E-01
-.1821241E-01
-.1943342E-01
-.2339566E-01
-.2533227E-01
-.2526440E-01
-.2686662E-01
-.3172330E-01
-.3350999E-01
-.3449982E-01
-.3624562E-01
-.3534517E-01
-.3930394E-01
-.4531719E-01
-.4691452E-01
-.4691279E-01
-.4634337E-01
-.4232180E-01
-.3185836E-01
-.2425525E-01
-.2063892E-01
-.1461604E-01
-.1287407E-01
-.1304444E-01
-.1367886E-01
-.1518249E-01
-.1282347E-01
-.1342767E-01
-.1536813E-01
-.1535339E-01
-.1466323E-01
-.8897463E-02
.6139909E-03
.1326033E-01
.2334351E-01
.2633377E-01
.3072790E-01
.4061812E-01
.4986561E-01
.5459973E-01
.6281984E-01
.7339882E-01
.7570044E-01
.7209243E-01
.6775143E-01
.6423096E-01
.5877692E-01
.5061990E-01
.4473780E-01
.3491781E-01
.1998963E-01
.9272725E-02
.8284427E-03
-.5164137E-02
-.7732281E-02
-.8154538E-02
-.4725550E-02
-.4357967E-02
-.2371372E-02
.5892061E-02
.8199750E-02
.7420385E-02
.6272129E-02
.1341670E-03
-.4906297E-02
-.8740671E-02
-.1133373E-01
-.1012657E-01
-.1466850E-01
-.2570974E-01
-.3521935E-01
-.4308437E-01
-.5012149E-01
-.5785221E-01
-.5851096E-01
-.5214213E-01
-.4915841E-01
-.4223548E-01
-.3421586E-01
-.2828324E-01
-.2015747E-01
-.1710369E-01
-.1378566E-01
-.8723951E-02
-.7253215E-02
-.4131531E-02
-.9320066E-03
-.1603503E-02
-.1546890E-02
.2514634E-02
.7016928E-02
.1185162E-01
.2015427E-01
.2901383E-01
.3572575E-01
.4374014E-01
.4986692E-01
.4992188E-01
.5216649E-01
.5702465E-01
.5820551E-01
.5708809E-01
.5541373E-01
.5326756E-01
.5028221E-01
.4826800E-01
.4858661E-01
.4976036E-01
.5143921E-01
.5191115E-01
.4936126E-01
.4869378E-01
.5336901E-01
.5669896E-01
.5573303E-01
.5249455E-01
.4525727E-01
.3592439E-01
.2914831E-01
.2305835E-01
.1239953E-01
.1179049E-02
-.9663287E-02
-.2238829E-01
-.2679005E-01
-.2698381E-01
-.2967933E-01
-.2810938E-01
-.2514853E-01
-.2097931E-01
-.1627431E-01
-.1483770E-01
-.1288421E-01
-.9205897E-02
-.6225709E-02
-.5006435E-02
-.4348911E-02
-.9038373E-02
-.1982232E-01
-.2696797E-01
-.3003813E-01
-.3429630E-01
-.3910138E-01
-.4424793E-01
-.5157631E-01
-.5864611E-01
-.6076803E-01
-.5679116E-01
-.5414587E-01
-.5419497E-01
-.4863048E-01
-.4416690E-01
-.4426433E-01
-.3932582E-01
-.3135002E-01
-.2643529E-01
-.2292404E-01
-.1825731E-01
-.1690031E-01
-.2081395E-01
-.2239573E-01
-.2041913E-01
-.2089840E-01
-.2184603E-01
-.1884894E-01
-.1572633E-01
-.1344103E-01
-.1010242E-01
-.8540935E-02
-.7924242E-02
-.7083890E-02
-.4566549E-02
.1348039E-02
.4962895E-02
.6776373E-02
.1193381E-01
.1691787E-01
.1887577E-01
.2174757E-01
.2570741E-01
.2609700E-01
.2513784E-01
.2429892E-01
.2417085E-01
.2870278E-01
.3192941E-01
.3003232E-01
.2792286E-01
.2691901E-01
.2729529E-01
.2804527E-01
.2758700E-01
.2615538E-01
.2439128E-01
.2152006E-01
.1642338E-01
.1478921E-01
.1768764E-01
.1800199E-01
.1618519E-01
.1618803E-01
.1740040E-01
.1732000E-01
.1691167E-01
.1756474E-01
.1983281E-01
.2475424E-01
.2806120E-01
.2829862E-01
.2909147E-01
.2969312E-01
.2784553E-01
.2612240E-01
.2706708E-01
.2872054E-01
.3203185E-01
.3518315E-01
.3192300E-01
.2840607E-01
.3032903E-01
.3032577E-01
.3056526E-01
.3649589E-01
.4020162E-01
.3820932E-01
.3565894E-01
.3445122E-01
.3380842E-01
.3213921E-01
.2724916E-01
.2146601E-01
.1680323E-01
.1170642E-01
.8588983E-02
.7545536E-02
.6285038E-02
.5048403E-02
.2536986E-02
-.6522278E-03
-.4229627E-02
-.8301759E-02
-.1010307E-01
-.8725718E-02
-.4387824E-02
-.1889754E-02
-.2972891E-02
-.7020352E-03
.2046499E-02
.9860315E-03
.1567578E-02
.5562918E-02
.7770530E-02
.5565102E-02
.4825085E-02
.5147684E-02
.1172714E-02
-.6216372E-02
-.1724136E-01
-.2609836E-01
-.2840151E-01
-.3062882E-01
-.3203365E-01
-.3112632E-01
-.2996809E-01
-.2595864E-01
-.2128063E-01
-.1692285E-01
-.1134296E-01
-.6937904E-02
-.2349353E-02
.3419263E-02
.8129781E-02
.9752782E-02
.9046666E-02
.1021561E-01
.1280970E-01
.1341317E-01
.1334774E-01
.1375716E-01
.1235112E-01
.1040171E-01
.9769966E-02
.8540890E-02
.4426188E-02
-.1345226E-02
-.2471338E-02
.4634063E-03
.2533871E-02
.4251157E-02
.4679113E-02
.9743646E-03
-.6587840E-02
-.8233852E-02
-.1805448E-02
.1087868E-02
.4259217E-02
.9955687E-02
.1043723E-01
.1270213E-01
.2074906E-01
.2680371E-01
.2474591E-01
.1948118E-01
.1729936E-01
.1137577E-01
.4661920E-02
.2793052E-02
-.1144086E-02
-.5612927E-02
-.7730261E-02
-.1111184E-01
-.1585023E-01
-.1871431E-01
-.1832588E-01
-.1512874E-01
-.1055232E-01
-.7432179E-02
-.5006815E-02
-.4284116E-02
-.5529295E-02
-.4858991E-02
-.4612051E-02
-.6007291E-02
-.8127971E-02
-.1018101E-01
-.1004615E-01
-.1225096E-01
-.1738055E-01
-.1963341E-01
-.1967019E-01
-.2026873E-01
-.1953619E-01
-.1863378E-01
-.2104410E-01
-.2226828E-01
-.2281831E-01
-.2436801E-01
-.2195602E-01
-.1921103E-01
-.1881494E-01
-.1955077E-01
-.2121154E-01
-.2422028E-01
-.2909357E-01
-.3135037E-01
-.3180808E-01
-.3206252E-01
-.3076423E-01
-.2916292E-01
-.2731985E-01
-.2646381E-01
-.2414709E-01
-.2017342E-01
-.1887637E-01
-.1605218E-01
-.1065388E-01
-.9215886E-02
-.1126665E-01
-.1421244E-01
-.1662707E-01
-.1617232E-01
-.1701289E-01
-.2013255E-01
-.2127227E-01
-.2163192E-01
-.2241712E-01
-.2276019E-01
-.2105994E-01
-.2008059E-01
-.2145390E-01
-.2025870E-01
-.1812604E-01
-.1488686E-01
-.1049493E-01
-.1016164E-01
-.1129980E-01
-.1408498E-01
-.1666390E-01
-.1424036E-01
-.1237749E-01
-.1006708E-01
-.6318608E-02
-.7689104E-02
-.8788996E-02
-.6355749E-02
-.6940637E-02
-.7306979E-02
-.7430563E-03
.9230440E-02
.1385185E-01
.1472320E-01
.1763935E-01
.1531775E-01
.9513092E-02
.1031027E-01
.9694413E-02
.3884990E-02
.2961892E-02
.5761269E-02
.4307413E-02
.2366059E-02
.3084177E-02
-.2112386E-02
-.1012783E-01
-.9982744E-02
-.7153544E-02
-.8165629E-02
-.1146150E-01
-.1540571E-01
-.1757941E-01
-.1680400E-01
-.1267790E-01
-.8136905E-02
-.6022602E-02
-.6491216E-02
-.1087057E-01
-.1158544E-01
-.5970054E-02
-.3538116E-02
-.2935699E-02
-.3912014E-02
-.9908149E-02
-.1427959E-01
-.1306770E-01
-.8948253E-02
-.6600327E-02
-.5590781E-02
-.4899645E-02
-.6956302E-02
-.7875884E-02
-.5748857E-02
-.1219214E-02
.4140984E-02
.6736740E-02
.8630719E-02
.1071582E-01
.1164732E-01
.1264952E-01
.1595085E-01
.2084208E-01
.2348407E-01
.2377789E-01
.2262584E-01
.1965720E-01
.1746013E-01
.1893975E-01
.2221238E-01
.2473805E-01
.2874473E-01
.3392620E-01
.3668402E-01
.3832609E-01
.3992836E-01
.4002437E-01
.3846396E-01
.3549245E-01
.3206456E-01
.2647404E-01
.1933373E-01
.1505782E-01
.1224151E-01
.8451289E-02
.4006746E-02
-.1436027E-02
-.6741752E-02
-.1014494E-01
-.1394142E-01
-.1709649E-01
-.1548511E-01
-.1159795E-01
-.7299025E-02
-.2480656E-02
.2349814E-02
.5347073E-02
.6054880E-02
.8044663E-02
.9465560E-02
.9492340E-02
.1040229E-01
.1070324E-01
.9565847E-02
.7544017E-02
.5031090E-02
.2207361E-02
.1127218E-02
.6207744E-03
-.1290098E-02
-.2000213E-02
-.1627762E-02
-.6866963E-03
-.9210421E-03
-.3192224E-02
-.2829360E-02
.8683842E-04
.1518286E-02
.9633735E-03
.1154094E-02
.2048628E-02
.1341972E-02
.6864494E-03
.3552612E-03
.3333949E-03
.2694318E-02
.6978338E-02
.1123661E-01
.1294260E-01
.1262832E-01
.1106291E-01
.7597332E-02
.5867530E-02
.5097369E-02
.1622355E-02
-.1576881E-03
.6114970E-03
-.5341655E-03
-.2540071E-02
-.5002649E-02
-.6546428E-02
-.5046631E-02
-.4353258E-02
-.3679944E-02
-.1855744E-02
-.1248598E-02
.4194787E-03
.2398699E-02
.3034593E-02
.3864475E-02
.4057248E-02
.3804220E-02
.4393531E-02
.3959152E-02
.5535174E-03
-.4097856E-02
-.7908856E-02
-.1006973E-01
-.9940259E-02
-.8548837E-02
-.6022705E-02
-.4155060E-02
-.6189001E-02
-.8372626E-02
-.8658024E-02
-.8860594E-02
-.8370210E-02
-.8226205E-02
-.6886342E-02
-.3010913E-02
.9568867E-04
.7521429E-04
-.1211947E-02
-.3394605E-03
-.6590918E-03
-.4716296E-02
-.8289984E-02
-.9669055E-02
-.8012963E-02
-.3261190E-02
.2811129E-04
.8759996E-03
.2985644E-02
.6692683E-02
.1070599E-01
.1536051E-01
.1965463E-01
.2097203E-01
.1956250E-01
.1718562E-01
.1515454E-01
.1333822E-01
.8673158E-02
.2021722E-02
-.2630552E-02
-.3401873E-02
-.3424837E-02
-.5262211E-02
-.3809660E-02
-.1297697E-02
-.2511086E-02
-.3796618E-02
-.4393325E-02
-.4270400E-02
-.3968367E-02
-.4764505E-02
-.4528839E-02
-.3922992E-02
-.5683089E-02
-.8890505E-02
-.1000414E-01
-.7941361E-02
-.2072983E-02
.4586301E-02
.6634499E-02
.9379421E-02
.1459870E-01
.1659682E-01
.1706546E-01
.1866249E-01
.2052222E-01
.1840586E-01
.1462759E-01
.1588295E-01
.1636531E-01
.1288806E-01
.9991941E-02
.7560181E-02
.5791745E-02
.6642393E-02
.1019624E-01
.1370626E-01
.1448680E-01
.1346333E-01
.1256931E-01
.1208073E-01
.1112193E-01
.1113631E-01
.1429668E-01
.1624668E-01
.1318149E-01
.8501221E-02
.5102959E-02
.3909201E-02
.4121230E-02
.5663858E-02
.8433669E-02
.1014166E-01
.1215151E-01
.1398928E-01
.1455248E-01
.1537487E-01
.1697502E-01
.1961605E-01
.2008598E-01
.1911924E-01
.1887361E-01
.1622324E-01
.1345344E-01
.1440480E-01
.1673083E-01
.1831451E-01
.2038927E-01
.2129432E-01
.2005483E-01
.1885498E-01
.1536694E-01
.9738435E-02
.7545411E-02
.9256509E-02
.8305124E-02
.2824320E-02
-.2292089E-02
-.7354266E-02
-.1340158E-01
-.1779220E-01
-.1853157E-01
-.1757762E-01
-.1967966E-01
-.2276608E-01
-.2409157E-01
-.2408316E-01
-.2158846E-01
-.1818386E-01
-.1678994E-01
-.1827925E-01
-.2041789E-01
-.2379031E-01
-.2897521E-01
-.3032411E-01
-.2893597E-01
-.2888216E-01
-.3013874E-01
-.3379042E-01
-.3610367E-01
-.3487952E-01
-.3279904E-01
-.2684291E-01
-.1687445E-01
-.8024489E-02
-.9990228E-03
.4401032E-02
.7999863E-02
.1014082E-01
.1162738E-01
.1312744E-01
.1310226E-01
.1258161E-01
.1240680E-01
.1231208E-01
.1332902E-01
.1239817E-01
.9433106E-02
.8311462E-02
.9391940E-02
.1191422E-01
.1432944E-01
.1489520E-01
.1165728E-01
.6220342E-02
.3088195E-02
.2403615E-02
.2735351E-02
.6440182E-03
-.4763544E-02
-.1087318E-01
-.1726541E-01
-.2004333E-01
-.1942893E-01
-.1814152E-01
-.1452911E-01
-.1176206E-01
-.1050869E-01
-.8615896E-02
-.5089329E-02
.4149015E-03
.3471642E-02
.4671127E-02
.5868206E-02
.5666046E-02
.4310068E-02
.2755465E-02
.3452746E-02
.1781191E-02
-.3906899E-02
-.7386957E-02
-.9407214E-02
-.1027869E-01
-.1071051E-01
-.1263918E-01
-.1399853E-01
-.1391565E-01
-.1195196E-01
-.1013235E-01
-.7817865E-02
-.3619405E-02
-.1067176E-02
.4624805E-03
.1410120E-02
.1707358E-02
.2664964E-02
.2589837E-02
.1157778E-02
-.1256356E-02
-.4108970E-02
-.6811064E-02
-.9102864E-02
-.9579234E-02
-.8964782E-02
-.9106266E-02
-.9831064E-02
-.1114758E-01
-.1220473E-01
-.1102368E-01
-.1004973E-01
-.1161004E-01
-.1401540E-01
-.1603917E-01
-.1727115E-01
-.1690771E-01
-.1539559E-01
-.1484973E-01
-.1259626E-01
-.8938694E-02
-.8701413E-02
-.7558269E-02
-.3995787E-02
-.1415902E-02
.7065210E-03
.1749618E-02
.1542919E-02
.1606991E-03
-.2083309E-02
-.4211706E-02
-.5422531E-02
-.7076797E-02
-.1183477E-01
-.1583651E-01
-.1691047E-01
-.1846076E-01
-.2105130E-01
-.2397177E-01
-.2426283E-01
-.1985868E-01
-.1556445E-01
-.1264608E-01
-.7322583E-02
-.2405347E-02
.1208136E-03
.3691361E-02
.7878316E-02
.1017578E-01
.9788564E-02
.8164045E-02
.7097966E-02
.5700473E-02
.3778744E-02
.3010405E-02
.2742403E-02
.1980582E-02
.1616678E-02
.6564391E-04
-.2302522E-02
-.2649285E-02
-.2609454E-02
-.3063590E-02
-.1593170E-02
.2236497E-02
.6278059E-02
.9225298E-02
.1026461E-01
.9151632E-02
.7566479E-02
.4278898E-02
-.1372886E-02
-.5202663E-02
-.6129229E-02
-.6627343E-02
-.7194648E-02
-.7682505E-02
-.8157838E-02
-.8210092E-02
-.8241618E-02
-.7112665E-02
-.3878546E-02
-.1397181E-02
-.1083115E-02
-.2166352E-02
-.3212162E-02
-.4087935E-02
-.6801478E-02
-.9197674E-02
-.9333743E-02
-.8900855E-02
-.8738962E-02
-.8443819E-02
-.7023703E-02
-.5201199E-02
-.2982267E-02
.4089810E-04
.3192540E-02
.6085676E-02
.7645994E-02
.8029072E-02
.7257155E-02
.6024430E-02
.4793086E-02
.2821400E-02
.1444466E-02
.7287245E-03
-.1589488E-04
-.9259344E-03
-.6887192E-03
.1558796E-02
.4490638E-02
.7909466E-02
.1119498E-01
.1570194E-01
.2054341E-01
.2311514E-01
.2584441E-01
.2902509E-01
.3159414E-01
.3277282E-01
.3099075E-01
.2656119E-01
.2150173E-01
.1714684E-01
.1262882E-01
.8637413E-02
.5006892E-02
.1112154E-02
-.1900457E-02
-.3438755E-02
-.2581945E-02
-.1279783E-02
-.3753507E-03
.1792011E-02
.3630583E-02
.5395561E-02
.7493190E-02
.7381547E-02
.7376295E-02
.8937459E-02
.7576470E-02
.4466089E-02
.3246001E-02
.1762861E-02
-.1595658E-02
-.4232803E-02
-.4993586E-02
-.6838709E-02
-.1014107E-01
-.1377960E-01
-.1659142E-01
-.1705714E-01
-.1636202E-01
-.1426734E-01
-.1192569E-01
-.9896180E-02
-.6586352E-02
-.3980287E-02
-.1607777E-02
.1834970E-02
.5866615E-02
.1063294E-01
.1472464E-01
.1623378E-01
.1500742E-01
.1420683E-01
.1467545E-01
.1353118E-01
.1142401E-01
.9683802E-02
.7803607E-02
.6338227E-02
.5498129E-02
.5024694E-02
.4570597E-02
.3147066E-02
.1148895E-02
-.1720547E-03
-.5449815E-03
.2665617E-03
.8059236E-03
-.2980603E-03
-.1917389E-02
-.4461604E-02
-.5945553E-02
-.4480676E-02
-.3750542E-02
-.2850871E-02
-.1924057E-03
.1115244E-02
.1718778E-02
.2546572E-02
.3250354E-02
.4973340E-02
.6093037E-02
.5294389E-02
.3515418E-02
.1811290E-02
.1394641E-02
.3451504E-03
-.1610928E-02
-.1654781E-02
-.1309505E-02
-.2924649E-02
-.4790676E-02
-.4416674E-02
-.3235229E-02
-.2098043E-02
.6776252E-03
.3585242E-02
.5147050E-02
.4546864E-02
.2835602E-02
.2762477E-02
.2624060E-02
.9949140E-03
-.3926803E-03
-.1047372E-03
.2789222E-03
-.5556781E-04
.1248167E-02
.3107607E-02
.4268967E-02
.5924322E-02
.7685263E-02
.8834484E-02
.9396767E-02
.8711428E-02
.7605138E-02
.7464483E-02
.6188207E-02
.4776144E-02
.3163975E-02
-.9676208E-04
-.4339323E-03
-.7656160E-03
-.2716721E-02
-.1504427E-02
-.9406799E-03
-.9024005E-03
.6199898E-03
-.3020516E-03
-.1754576E-02
-.1236821E-02
-.1821259E-02
-.3257286E-02
-.2397818E-02
-.1777441E-02
-.3388879E-02
-.5523280E-02
-.7583097E-02
-.8243295E-02
-.8943797E-02
-.1116283E-01
-.1280198E-01
-.1350397E-01
-.1404473E-01
-.1530749E-01
-.1715949E-01
-.1717521E-01
-.1507580E-01
-.1378268E-01
-.1397948E-01
-.1422012E-01
-.1439292E-01
-.1420815E-01
-.1291145E-01
-.1073953E-01
-.8408831E-02
-.6380716E-02
-.5305463E-02
-.5107424E-02
-.3975950E-02
-.9618095E-03
.3154428E-02
.7659596E-02
.1182849E-01
.1530285E-01
.1865191E-01
.2106905E-01
.2072898E-01
.1832398E-01
.1610383E-01
.1514188E-01
.1403947E-01
.1068171E-01
.6405406E-02
.3793887E-02
.3855904E-02
.5282300E-02
.5607870E-02
.5783284E-02
.7123090E-02
.9647721E-02
.1374206E-01
.1780982E-01
.1943826E-01
.1801182E-01
.1565960E-01
.1505399E-01
.1630966E-01
.1706893E-01
.1675146E-01
.1615937E-01
.1510315E-01
.1475860E-01
.1475464E-01
.1618457E-01
.1966735E-01
.2106431E-01
.2079710E-01
.1966713E-01
.1771196E-01
.1661497E-01
.1415592E-01
.1156732E-01
.1077747E-01
.8391078E-02
.3891766E-02
-.7790786E-03
-.4459319E-02
-.6841242E-02
-.9061342E-02
-.1050069E-01
-.9965247E-02
-.9462693E-02
-.9503254E-02
-.7880882E-02
-.5890300E-02
-.4824138E-02
-.3477919E-02
-.1452072E-02
.1395089E-02
.3208401E-02
.2779557E-02
.6093874E-03
-.2919404E-02
-.6391880E-02
-.9030366E-02
-.1018372E-01
-.1121327E-01
-.1299099E-01
-.1424574E-01
-.1484709E-01
-.1357266E-01
-.1105360E-01
-.7943215E-02
-.3822605E-02
.2304890E-03
.4033366E-02
.5901597E-02
.6329102E-02
.6975695E-02
.6917819E-02
.7011558E-02
.6194566E-02
.4215760E-02
.2785629E-02
-.1207119E-03
-.3610766E-02
-.6061038E-02
-.8120889E-02
-.7715576E-02
-.5626819E-02
-.4751458E-02
-.4877169E-02
-.4103909E-02
-.9761992E-03
.2645221E-02
.3773275E-02
.3213013E-02
.3829528E-02
.4982333E-02
.4563742E-02
.2913153E-02
.1209437E-02
-.2602702E-03
-.2771749E-02
-.6308873E-02
-.9574982E-02
-.1221218E-01
-.1366591E-01
-.1451582E-01
-.1555066E-01
-.1641002E-01
-.1812544E-01
-.2059192E-01
-.2218046E-01
-.2364950E-01
-.2501174E-01
-.2561596E-01
-.2556182E-01
-.2425595E-01
-.2309338E-01
-.2265850E-01
-.2131852E-01
-.1906234E-01
-.1704628E-01
-.1483823E-01
-.1108114E-01
-.7363559E-02
-.5392350E-02
-.5391581E-02
-.6065107E-02
-.4378658E-02
-.2812762E-02
-.3626097E-02
-.4325635E-02
-.6485676E-02
-.1012491E-01
-.1345754E-01
-.1815113E-01
-.2163046E-01
-.2193412E-01
-.2185248E-01
-.2089544E-01
-.1949610E-01
-.2009828E-01
-.2038942E-01
-.1924349E-01
-.1795090E-01
-.1640326E-01
-.1582930E-01
-.1573365E-01
-.1594763E-01
-.1789307E-01
-.2026395E-01
-.2201171E-01
-.2255017E-01
-.2204355E-01
-.2235984E-01
-.2350002E-01
-.2336682E-01
-.2275344E-01
-.2226377E-01
-.2069172E-01
-.2047533E-01
-.1969964E-01
-.1638106E-01
-.1364127E-01
-.1023594E-01
-.7260407E-02
-.6067052E-02
-.4289363E-02
-.2487921E-02
-.1181182E-03
.2713942E-02
.4017788E-02
.4287834E-02
.3589149E-02
.1417243E-02
-.1086551E-02
-.2694985E-02
-.3390288E-02
-.3360328E-02
-.2794010E-02
-.2883396E-02
-.3499368E-02
-.2984113E-02
-.1237612E-02
.2154586E-02
.7569833E-02
.1215343E-01
.1421185E-01
.1575405E-01
.1767290E-01
.1873112E-01
.1920470E-01
.1997229E-01
.2052935E-01
.2200392E-01
.2459040E-01
.2599140E-01
.2705237E-01
.2922948E-01
.3146274E-01
.3316362E-01
.3506443E-01
.3703237E-01
.3780429E-01
.3758110E-01
.3675326E-01
.3532202E-01
.3418724E-01
.3396188E-01
.3388915E-01
.3310195E-01
.3245286E-01
.3142169E-01
.2963835E-01
.2958309E-01
.3082964E-01
.3217450E-01
.3410302E-01
.3504798E-01
.3435690E-01
.3293968E-01
.3121494E-01
.2955810E-01
.2747963E-01
.2398207E-01
.1947459E-01
.1596509E-01
.1392836E-01
.1174836E-01
.9102005E-02
.7242262E-02
.6004747E-02
.4610135E-02
.3725467E-02
.2998594E-02
.2442457E-02
.2518029E-02
.1795836E-02
.1700038E-02
.2542174E-02
.1606896E-02
.5508254E-03
-.1364583E-03
-.1502122E-02
-.3182938E-02
-.5582567E-02
-.6474485E-02
-.6525402E-02
-.7131637E-02
-.6972105E-02
-.7969391E-02
-.8852103E-02
-.8377929E-02
-.7904676E-02
-.6373407E-02
-.4770526E-02
-.3813286E-02
-.3684919E-02
-.4431518E-02
-.4933218E-02
-.5480535E-02
-.5884838E-02
-.6322676E-02
-.6984210E-02
-.7381010E-02
-.6882145E-02
-.5625565E-02
-.4221845E-02
-.1946606E-02
-.4611119E-04
.1576145E-02
.4309734E-02
.7316730E-02
.9306507E-02
.8477687E-02
.7074653E-02
.7360644E-02
.8248469E-02
.9205326E-02
.9347285E-02
.9580708E-02
.1071689E-01
.1191868E-01
.1224147E-01
.1258067E-01
.1395088E-01
.1494020E-01
.1620940E-01
.1678917E-01
.1587665E-01
.1472212E-01
.1246720E-01
.1112246E-01
.1145308E-01
.1189580E-01
.1236785E-01
.1183846E-01
.9845229E-02
.7019859E-02
.4854745E-02
.3802637E-02
.2815460E-02
.9438700E-03
-.2372201E-02
-.5687949E-02
-.8392536E-02
-.1105581E-01
-.1311612E-01
-.1529159E-01
-.1776846E-01
-.1918627E-01
-.1935823E-01
-.1863544E-01
-.1728042E-01
-.1569293E-01
-.1484436E-01
-.1469008E-01
-.1462436E-01
-.1479664E-01
-.1459988E-01
-.1519130E-01
-.1744962E-01
-.2003408E-01
-.2220846E-01
-.2333967E-01
-.2350901E-01
-.2268782E-01
-.2134855E-01
-.1997055E-01
-.1814844E-01
-.1654627E-01
-.1406149E-01
-.1064722E-01
-.8167323E-02
-.5608425E-02
-.3003593E-02
-.1648636E-02
-.3164620E-03
.1254641E-02
.1512038E-02
.9340496E-03
-.5708837E-03
-.2782682E-02
-.3734462E-02
-.4627010E-02
-.4742672E-02
-.3274267E-02
-.3108075E-02
-.3635930E-02
-.3526100E-02
-.2657020E-02
-.2001504E-02
-.2525032E-02
-.3144223E-02
-.4155814E-02
-.4567352E-02
-.3596698E-02
-.2591138E-02
-.1842363E-02
-.1221257E-02
.1574510E-03
.2038543E-02
.3092572E-02
.4014706E-02
.5238635E-02
.5395155E-02
.5203109E-02
.5698264E-02
.4876665E-02
.2483573E-02
.8935483E-04
-.1774373E-02
-.3464244E-02
-.5695865E-02
-.7596131E-02
-.8896503E-02
-.1034733E-01
-.1043613E-01
-.8861074E-02
-.7782137E-02
-.7357575E-02
-.7193932E-02
-.7328015E-02
-.6429748E-02
-.4953582E-02
-.4248608E-02
-.3730196E-02
-.3817053E-02
-.4204076E-02
-.4277025E-02
-.5718105E-02
-.7575190E-02
-.8767668E-02
-.9629767E-02
-.9459070E-02
-.9500497E-02
-.1041911E-01
-.1212090E-01
-.1404284E-01
-.1460614E-01
-.1465666E-01
-.1523359E-01
-.1635835E-01
-.1786298E-01
-.1941421E-01
-.2116206E-01
-.2303659E-01
-.2407398E-01
-.2376757E-01
-.2353427E-01
-.2355379E-01
-.2310654E-01
-.2292001E-01
-.2247229E-01
-.2102094E-01
-.1973672E-01
-.1947314E-01
-.2016769E-01
-.2077444E-01
-.1980423E-01
-.1832414E-01
-.1719330E-01
-.1577826E-01
-.1487730E-01
-.1458179E-01
-.1411530E-01
-.1310662E-01
-.1196565E-01
-.1168005E-01
-.1153258E-01
-.1020082E-01
-.8694254E-02
-.7727505E-02
-.5861890E-02
-.4557677E-02
-.4602855E-02
-.3711721E-02
-.2897304E-02
-.2565529E-02
-.1361059E-02
.5660572E-03
.3202633E-02
.5441054E-02
.6217041E-02
.6925923E-02
.8421037E-02
.9433006E-02
.9991738E-02
.1095098E-01
.1174798E-01
.1198863E-01
.1192829E-01
.1201509E-01
.1199492E-01
.1178812E-01
.1162874E-01
.1073465E-01
.9846166E-02
.9880246E-02
.9584563E-02
.9089315E-02
.9188617E-02
.8433592E-02
.6671529E-02
.4812552E-02
.2055210E-02
-.7552795E-03
-.2656298E-02
-.3618811E-02
-.3381416E-02
-.3606688E-02
-.3825440E-02
-.2692643E-02
-.1391672E-02
-.2273387E-03
.9754510E-03
.2643405E-02
.4888981E-02
.6998501E-02
.8594803E-02
.1012856E-01
.1241642E-01
.1387853E-01
.1343073E-01
.1253819E-01
.1149288E-01
.9600888E-02
.7132227E-02
.5382448E-02
.4509509E-02
.4150495E-02
.4767784E-02
.5529098E-02
.6635601E-02
.8840043E-02
.1041248E-01
.1170817E-01
.1413951E-01
.1635646E-01
.1792858E-01
.1963428E-01
.2071968E-01
.2011029E-01
.1878190E-01
.1743047E-01
.1589676E-01
.1561008E-01
.1552276E-01
.1444746E-01
.1501317E-01
.1695032E-01
.1766420E-01
.1741428E-01
.1741243E-01
.1792477E-01
.1886708E-01
.1887929E-01
.1680365E-01
.1423575E-01
.1201308E-01
.9987653E-02
.8855983E-02
.7753891E-02
.5767814E-02
.3666722E-02
.2389273E-02
.1704131E-02
.8052355E-03
.5794625E-03
.1273848E-02
.1956696E-02
.3320525E-02
.4731453E-02
.5552928E-02
.6843734E-02
.7113331E-02
.5651593E-02
.4131207E-02
.2846339E-02
.1938570E-02
.2061810E-02
.2944478E-02
.3618353E-02
.4235857E-02
.5158639E-02
.5844054E-02
.6156141E-02
.6256530E-02
.6798705E-02
.6835601E-02
.5379232E-02
.3994230E-02
.2205697E-02
.6141495E-04
-.6282620E-03
-.1021459E-02
-.2219873E-02
-.3821507E-02
-.5921868E-02
-.8357840E-02
-.9880162E-02
-.1001134E-01
-.9353822E-02
-.7732079E-02
-.6142952E-02
-.5731317E-02
-.6057107E-02
-.6566451E-02
-.6666267E-02
-.6769075E-02
-.6951139E-02
-.7264242E-02
-.8521397E-02
-.9466884E-02
-.9872158E-02
-.1108118E-01
-.1201731E-01
-.1165068E-01
-.1107970E-01
-.1061816E-01
-.9175127E-02
-.7104114E-02
-.5020327E-02
-.2719345E-02
-.1336756E-02
-.3881478E-03
.7818978E-03
.2765955E-04
-.1302328E-02
-.2036015E-02
-.4102993E-02
-.5845707E-02
-.6111640E-02
-.5771657E-02
-.5077816E-02
-.4544127E-02
-.3819305E-02
-.2510321E-02
-.5615355E-03
.1786204E-02
.4304114E-02
.6216354E-02
.7024895E-02
.7341544E-02
.6683448E-02
.6017723E-02
.5973193E-02
.5248055E-02
.4078145E-02
.2172649E-02
-.4510610E-03
-.2521331E-02
-.3709906E-02
-.4257035E-02
-.4324340E-02
-.3217942E-02
-.1444173E-02
-.4519418E-03
.4417697E-03
.1279499E-02
.1675106E-02
.2276117E-02
.2411000E-02
.2174724E-02
.2552736E-02
.3175409E-02
.3624858E-02
.4436107E-02
.5865052E-02
.7791611E-02
.1068371E-01
.1404224E-01
.1717477E-01
.1949318E-01
.2068406E-01
.2184877E-01
.2271422E-01
.2348336E-01
.2450165E-01
.2431418E-01
.2319179E-01
.2204516E-01
.2129661E-01
.2040413E-01
.1892610E-01
.1787216E-01
.1717949E-01
.1656615E-01
.1561928E-01
.1521092E-01
.1626551E-01
.1702526E-01
.1760834E-01
.1838160E-01
.1876112E-01
.1880791E-01
.1871269E-01
.1901871E-01
.1870074E-01
.1832935E-01
.1847501E-01
.1813204E-01
.1827050E-01
.1853616E-01
.1822714E-01
.1721928E-01
.1549138E-01
.1334805E-01
.1056089E-01
.8502686E-02
.7342212E-02
.6708286E-02
.6787143E-02
.6364399E-02
.5922567E-02
.5627687E-02
.5128651E-02
.5083747E-02
.4402527E-02
.2612915E-02
.5934545E-03
-.1308138E-02
-.2670243E-02
-.3411932E-02
-.3713415E-02
-.4527575E-02
-.7014078E-02
-.1033850E-01
-.1310036E-01
-.1478343E-01
-.1541820E-01
-.1507411E-01
-.1405764E-01
-.1330369E-01
-.1281111E-01
-.1223809E-01
-.1144772E-01
-.1039181E-01
-.1029890E-01
-.1123215E-01
-.1229205E-01
-.1366351E-01
-.1488712E-01
-.1575758E-01
-.1699862E-01
-.1834350E-01
-.1899423E-01
-.1912019E-01
-.1899774E-01
-.1809666E-01
-.1640924E-01
-.1455795E-01
-.1268796E-01
-.1009239E-01
-.6792256E-02
-.4219347E-02
-.2300933E-02
-.6549568E-03
-.2911910E-03
-.6816384E-03
-.9066287E-03
-.1263547E-02
-.1753957E-02
-.2599757E-02
-.3952324E-02
-.5093313E-02
-.5601019E-02
-.5777845E-02
-.6175386E-02
-.7073454E-02
-.7794783E-02
-.7368084E-02
-.6589282E-02
-.6673770E-02
-.7055040E-02
-.7483583E-02
-.8496005E-02
-.9554724E-02
-.9955186E-02
-.1056055E-01
-.1188901E-01
-.1336246E-01
-.1520692E-01
-.1693922E-01
-.1801003E-01
-.1891189E-01
-.1988689E-01
-.2124638E-01
-.2265476E-01
-.2356037E-01
-.2385208E-01
-.2402220E-01
-.2509781E-01
-.2717926E-01
-.2953067E-01
-.3147056E-01
-.3323268E-01
-.3494563E-01
-.3614780E-01
-.3711772E-01
-.3796401E-01
-.3833195E-01
-.3823717E-01
-.3748839E-01
-.3603904E-01
-.3469737E-01
-.3329046E-01
-.3157861E-01
-.3057245E-01
-.2986545E-01
-.2898772E-01
-.2844320E-01
-.2789838E-01
-.2740052E-01
-.2732755E-01
-.2710914E-01
-.2649346E-01
-.2635584E-01
-.2635082E-01
-.2546414E-01
-.2423371E-01
-.2286073E-01
-.2130979E-01
-.1985268E-01
-.1857185E-01
-.1759913E-01
-.1674705E-01
-.1602447E-01
-.1508033E-01
-.1387427E-01
-.1272125E-01
-.1148638E-01
-.1048027E-01
-.9871581E-02
-.9522022E-02
-.8358355E-02
-.6081706E-02
-.4042781E-02
-.2836352E-02
-.2491268E-02
-.2223067E-02
-.1544168E-02
-.9062432E-03
-.4801616E-03
.6852672E-04
.7987254E-03
.1112360E-02
.1376006E-02
.1600941E-02
.1889326E-02
.2949929E-02
.4597438E-02
.6902669E-02
.8839280E-02
.9793404E-02
.1041859E-01
.1053030E-01
.1086610E-01
.1182643E-01
.1295464E-01
.1416411E-01
.1439468E-01
.1362994E-01
.1328012E-01
.1329329E-01
.1355770E-01
.1437884E-01
.1497046E-01
.1467220E-01
.1366195E-01
.1271104E-01
.1223535E-01
.1188083E-01
.1123691E-01
.1032516E-01
.9863767E-02
.9549213E-02
.9147553E-02
.9384532E-02
.9529538E-02
.9718803E-02
.1068021E-01
.1160597E-01
.1281624E-01
.1451978E-01
.1552029E-01
.1590782E-01
.1653561E-01
.1694289E-01
.1670005E-01
.1591189E-01
.1419358E-01
.1226701E-01
.1087651E-01
.9714799E-02
.9006122E-02
.8351893E-02
.7538603E-02
.6692837E-02
.5657992E-02
.4931908E-02
.3908787E-02
.3166734E-02
.3692217E-02
.4293451E-02
.5402543E-02
.6877421E-02
.8478260E-02
.1072486E-01
.1209307E-01
.1282513E-01
.1344419E-01
.1425453E-01
.1562733E-01
.1612426E-01
.1664358E-01
.1746638E-01
.1745017E-01
.1704018E-01
.1612629E-01
.1541547E-01
.1530919E-01
.1450029E-01
.1280494E-01
.1125415E-01
.1007759E-01
.9213276E-02
.9135180E-02
.9421229E-02
.9858729E-02
.1039855E-01
.1043250E-01
.1097781E-01
.1253009E-01
.1436406E-01
.1482958E-01
.1445983E-01
.1340567E-01
.1225362E-01
.1152376E-01
.1195403E-01
.1232351E-01
.1168893E-01
.1074604E-01
.9684833E-02
.9463527E-02
.1015098E-01
.1088256E-01
.1141176E-01
.1180948E-01
.1311100E-01
.1507653E-01
.1654071E-01
.1758697E-01
.1808602E-01
.1808242E-01
.1812390E-01
.1808578E-01
.1786481E-01
.1759251E-01
.1744294E-01
.1752632E-01
.1757488E-01
.1736063E-01
.1700107E-01
.1677331E-01
.1689863E-01
.1751972E-01
.1800594E-01
.1776795E-01
.1685308E-01
.1564138E-01
.1471299E-01
.1364296E-01
.1251625E-01
.1178940E-01
.1126318E-01
.1088421E-01
.1017514E-01
.9848630E-02
.1115908E-01
.1349545E-01
.1534879E-01
.1646417E-01
.1778298E-01
.1862026E-01
.1824047E-01
.1780085E-01
.1790862E-01
.1802435E-01
.1699435E-01
.1474261E-01
.1233539E-01
.9653105E-02
.6916124E-02
.4632829E-02
.2590629E-02
.1192174E-02
.4081636E-03
.1084314E-03
.8954310E-03
.2750870E-02
.4893025E-02
.6940486E-02
.9054003E-02
.1053587E-01
.1081094E-01
.1046415E-01
.9720553E-02
.8569727E-02
.6823370E-02
.4812483E-02
.3389046E-02
.1749513E-02
.5389809E-04
-.1065196E-02
-.2333531E-02
-.2885947E-02
-.2978975E-02
-.3311895E-02
-.3193884E-02
-.2700173E-02
-.1278740E-02
.9542234E-04
.5843882E-03
.1542311E-02
.2422032E-02
.2576684E-02
.2105669E-02
.8886064E-03
.1369958E-03
.1787329E-03
.6022270E-04
.3910210E-04
-.8650377E-04
-.3971539E-03
-.2389983E-03
-.5927546E-03
-.1147677E-02
-.1063383E-02
-.8867104E-03
-.4501924E-03
-.5774265E-03
-.1592405E-02
-.2635926E-02
-.3722246E-02
-.4744755E-02
-.5633184E-02
-.6110062E-02
-.6330090E-02
-.6685054E-02
-.6628325E-02
-.5979810E-02
-.5153135E-02
-.4707992E-02
-.4316582E-02
-.3718027E-02
-.3834018E-02
-.4536259E-02
-.5122457E-02
-.5667265E-02
-.6578221E-02
-.8207207E-02
-.9859785E-02
-.1057297E-01
-.1122679E-01
-.1274316E-01
-.1442041E-01
-.1594353E-01
-.1720280E-01
-.1830466E-01
-.1957225E-01
-.2043675E-01
-.2109272E-01
-.2187601E-01
-.2232293E-01
-.2252026E-01
-.2269002E-01
-.2286344E-01
-.2327113E-01
-.2391350E-01
-.2425431E-01
-.2455023E-01
-.2502565E-01
-.2477112E-01
-.2417619E-01
-.2407529E-01
-.2432824E-01
-.2492856E-01
-.2570120E-01
-.2645928E-01
-.2715841E-01
-.2760582E-01
-.2756472E-01
-.2754317E-01
-.2819324E-01
-.2890337E-01
-.2953572E-01
-.3003659E-01
-.3000278E-01
-.2998848E-01
-.3011872E-01
-.3046191E-01
-.3081593E-01
-.3081039E-01
-.3063024E-01
-.3004441E-01
-.2934958E-01
-.2852547E-01
-.2763055E-01
-.2697949E-01
-.2632413E-01
-.2574320E-01
-.2481110E-01
-.2413103E-01
-.2384566E-01
-.2322360E-01
-.2283681E-01
-.2244016E-01
-.2169381E-01
-.2028676E-01
-.1854072E-01
-.1695654E-01
-.1533992E-01
-.1444605E-01
-.1389648E-01
-.1340354E-01
-.1290522E-01
-.1195960E-01
-.1120466E-01
-.1065733E-01
-.1035666E-01
-.1002654E-01
-.9549563E-02
-.9093731E-02
-.8241026E-02
-.7574851E-02
-.7172113E-02
-.7252037E-02
-.7836628E-02
-.8015053E-02
-.8182990E-02
-.7967337E-02
-.7240297E-02
-.6903262E-02
-.6704732E-02
-.6775465E-02
-.7000880E-02
-.6956378E-02
-.6836053E-02
-.6501127E-02
-.6119406E-02
-.5977924E-02
-.5922635E-02
-.5626205E-02
-.4819448E-02
-.3662190E-02
-.2772044E-02
-.2302896E-02
-.1719581E-02
-.1021637E-02
-.2230967E-03
.6947045E-03
.1470121E-02
.2146038E-02
.2847304E-02
.3917678E-02
.5361365E-02
.6970566E-02
.8616913E-02
.1009991E-01
.1143044E-01
.1259732E-01
.1375560E-01
.1479666E-01
.1570539E-01
.1650099E-01
.1672833E-01
.1686379E-01
.1748627E-01
.1808730E-01
.1841701E-01
.1881119E-01
.1908278E-01
.1898375E-01
.1872887E-01
.1844405E-01
.1849160E-01
.1886256E-01
.1893909E-01
.1889666E-01
.1898990E-01
.1872786E-01
.1854990E-01
.1889504E-01
.1909405E-01
.1916753E-01
.1927720E-01
.1952284E-01
.2007585E-01
.2065502E-01
.2138541E-01
.2209454E-01
.2253556E-01
.2286459E-01
.2297112E-01
.2311702E-01
.2334110E-01
.2314027E-01
.2267857E-01
.2219575E-01
.2152324E-01
.2062274E-01
.1940955E-01
.1803538E-01
.1672075E-01
.1565555E-01
.1513545E-01
.1501921E-01
.1508862E-01
.1511330E-01
.1498829E-01
.1459691E-01
.1391859E-01
.1351961E-01
.1336153E-01
.1336614E-01
.1364895E-01
.1372739E-01
.1329339E-01
.1243797E-01
.1168417E-01
.1118372E-01
.1083910E-01
.1063599E-01
.1022487E-01
.9692363E-02
.8964714E-02
.8105138E-02
.7450340E-02
.6829629E-02
.6365346E-02
.5796051E-02
.5117498E-02
.4816770E-02
.4619889E-02
.4558942E-02
.4518503E-02
.4228785E-02
.3975996E-02
.3885996E-02
.4075327E-02
.4269758E-02
.4114520E-02
.3570706E-02
.2805492E-02
.2338516E-02
.2131463E-02
.1965541E-02
.1861265E-02
.1839160E-02
.1950035E-02
.2225693E-02
.2697462E-02
.2963518E-02
.3181290E-02
.3505994E-02
.3396865E-02
.3095109E-02
.2731165E-02
.2379723E-02
.2190737E-02
.1883877E-02
.1659761E-02
.1489792E-02
.1292429E-02
.1308448E-02
.1478512E-02
.1614561E-02
.1600609E-02
.1594962E-02
.1628316E-02
.1594710E-02
.1571289E-02
.1660918E-02
.1795511E-02
.1750494E-02
.1501756E-02
.1185863E-02
.9655857E-03
.9438821E-03
.1110668E-02
.1215419E-02
.1193990E-02
.1386780E-02
.1693724E-02
.1935932E-02
.2110720E-02
.2196464E-02
.2311901E-02
.2314086E-02
.2194596E-02
.2024044E-02
.1604638E-02
.1078088E-02
.5977715E-03
.1230751E-03
-.2585133E-03
-.5812538E-03
-.8763471E-03
-.1097188E-02
-.1284165E-02
-.1432756E-02
-.1525791E-02
-.1598876E-02
-.1738958E-02
-.1983051E-02
-.2208977E-02
-.2267150E-02
-.2154230E-02
-.2032472E-02
-.1990185E-02
-.1983434E-02
-.1988909E-02
-.1978398E-02
-.1980676E-02
-.2074306E-02
-.2241164E-02
-.2433950E-02
-.2652790E-02
-.2841555E-02
-.2985322E-02
-.3215650E-02
-.3490332E-02
-.3702485E-02
-.3934526E-02
-.4121070E-02
-.4182819E-02
-.4228307E-02
-.4317335E-02
-.4393429E-02
-.4389451E-02
-.4347075E-02
-.4325019E-02
-.4336583E-02
-.4324801E-02
-.4318450E-02
-.4386495E-02
-.4394888E-02
-.4363800E-02
-.4371791E-02
-.4385145E-02
-.4426112E-02
-.4441951E-02
-.4449496E-02
-.4489876E-02
-.4528814E-02
-.4575502E-02
-.4609752E-02
-.4626319E-02
-.4679935E-02
-.4747024E-02
-.4758405E-02
-.4778389E-02
-.4829995E-02
-.4853351E-02
-.4862251E-02
-.4827264E-02
-.4746028E-02
-.4665835E-02
-.4576256E-02
-.4495026E-02
-.4452803E-02
-.4408908E-02
-.4358735E-02
-.4342792E-02
-.4302784E-02
-.4231257E-02
-.4179128E-02
-.4151581E-02
-.4161395E-02
-.4130616E-02
-.4041506E-02
-.3954183E-02
-.3840771E-02
-.3716311E-02
-.3613881E-02
-.3519347E-02
-.3414914E-02
-.3323891E-02
-.3262852E-02
-.3206819E-02
-.3143419E-02
-.3060706E-02
-.3000125E-02
-.2965031E-02
-.2907150E-02
-.2826708E-02
-.2720243E-02
-.2611348E-02
-.2505608E-02
-.2405090E-02
-.2322976E-02
-.2241281E-02
-.2172753E-02
-.2093954E-02
-.1994258E-02
-.1914923E-02
-.1843060E-02
-.1756642E-02
-.1656489E-02
-.1557705E-02
-.1472372E-02
-.1379108E-02
-.1265584E-02
-.1143802E-02
-.1029287E-02
-.9359480E-03
-.8582408E-03
-.7832263E-03
-.7223580E-03
-.6882137E-03
-.6688953E-03
-.6556218E-03
-.6536688E-03
-.6596233E-03
-.6672943E-03
-.6691759E-03
-.6637468E-03
-.6592018E-03
-.6414429E-03
-.6079526E-03
-.5703621E-03
-.5253866E-03
-.4815359E-03
-.4365800E-03
-.3889911E-03
-.3483468E-03
-.3046960E-03
-.2567442E-03
-.2097442E-03
-.1645959E-03
-.1318951E-03
-.1139222E-03
-.9966646E-04
-.8407947E-04
-.6885143E-04
-.5271451E-04
-.3770612E-04
-.2794363E-04
-.1911771E-04
-.7184822E-05
.4513156E-05
.1506575E-04
.2543640E-04
.3596165E-04
.4917150E-04
.6107453E-04
.6903772E-04
.7777443E-04
.8691545E-04
.9501666E-04
.1012684E-03
.1050801E-03
.1085142E-03
.1112925E-03
.1129038E-03
.1127557E-03
.1108217E-03
.1098169E-03
.1101537E-03
.1114211E-03
.1137459E-03
.1161250E-03
.1187376E-03
.1216461E-03
.1244415E-03
.1275705E-03
.1309847E-03
.1346482E-03
.1385990E-03
.1420796E-03
.1447514E-03
.1471359E-03
.1494037E-03
.1518004E-03
.1544804E-03
.1568513E-03
.1590516E-03
.1610917E-03
.1625437E-03
.1638780E-03
.1653545E-03
.1668844E-03
.1684989E-03
.1700579E-03
.1716209E-03
.1733318E-03
.1751057E-03
.1768919E-03
.1787077E-03
.1805389E-03
.1824137E-03
.1843137E-03
.1862184E-03
.1881883E-03
.1902098E-03
.1922709E-03
.1944171E-03
.1966150E-03
.1988266E-03
.2010396E-03
.2032370E-03
.2054381E-03
.2076455E-03
.2098412E-03
.2120307E-03
.2142223E-03
.2164078E-03
.2185758E-03
.2207229E-03
.2228472E-03
.2249500E-03
.2270315E-03
.2290879E-03
.2311173E-03
.2331184E-03
.2350909E-03
.2370347E-03
.2389498E-03
.2408357E-03
.2426923E-03
.2445191E-03
.2463159E-03
