.9238273E-03
.9182215E-03
.9125788E-03
.9068395E-03
.9010705E-03
.8952012E-03
.8892761E-03
.8832730E-03
.8772289E-03
.8711479E-03
.8650035E-03
.8586992E-03
.8521340E-03
.8453306E-03
.8381583E-03
.8306585E-03
.8225774E-03
.8139896E-03
.8045228E-03
.7943517E-03
.7829998E-03
.7705620E-03
.7565315E-03
.7411393E-03
.7236451E-03
.7042992E-03
.6822376E-03
.6578992E-03
.6304533E-03
.6003307E-03
.5656746E-03
.5264727E-03
.4843003E-03
.4470009E-03
.4169885E-03
.3910008E-03
.3648528E-03
.3396202E-03
.3140912E-03
.2905549E-03
.2676838E-03
.2468165E-03
.2260207E-03
.2073684E-03
.1914743E-03
.1825964E-03
.1780004E-03
.1783074E-03
.1817059E-03
.1901645E-03
.2021061E-03
.2203195E-03
.2417864E-03
.2688738E-03
.3012417E-03
.3462825E-03
.3999398E-03
.4437069E-03
.4358270E-03
.3776299E-03
.2959928E-03
.2072350E-03
.1120078E-03
.1220344E-04
-.9545266E-04
-.2104874E-03
-.3350928E-03
-.4657303E-03
-.6054881E-03
-.7514950E-03
-.9064130E-03
-.1065829E-02
-.1232477E-02
-.1406359E-02
-.1591549E-02
-.1783267E-02
-.1982637E-02
-.2182125E-02
-.2389921E-02
-.2623656E-02
-.2916073E-02
-.3241883E-02
-.3583800E-02
-.3931724E-02
-.4283267E-02
-.4639323E-02
-.5019304E-02
-.5430842E-02
-.5813637E-02
-.5994022E-02
-.5885981E-02
-.5632407E-02
-.5352420E-02
-.5063042E-02
-.4769505E-02
-.4456205E-02
-.4127443E-02
-.3769803E-02
-.3422933E-02
-.3151737E-02
-.3018189E-02
-.2941568E-02
-.2872433E-02
-.2795933E-02
-.2713046E-02
-.2629524E-02
-.2546498E-02
-.2457024E-02
-.2370022E-02
-.2280576E-02
-.2190359E-02
-.2094979E-02
-.2003830E-02
-.1910799E-02
-.1817785E-02
-.1724826E-02
-.1634414E-02
-.1539301E-02
-.1448946E-02
-.1356074E-02
-.1263636E-02
-.1171847E-02
-.1084117E-02
-.9908692E-03
-.8983163E-03
-.8087774E-03
-.7275963E-03
-.6325414E-03
-.5175567E-03
-.3543900E-03
-.1709247E-03
.2362709E-04
.2170007E-03
.4123326E-03
.6034061E-03
.7966077E-03
.9867915E-03
.1179881E-02
.1370058E-02
.1563392E-02
.1753247E-02
.1946139E-02
.2135439E-02
.2328149E-02
.2520105E-02
.2716002E-02
.2904698E-02
.3090534E-02
.3275317E-02
.3465332E-02
.3656698E-02
.3867385E-02
.4075166E-02
.4214423E-02
.4165895E-02
.3994931E-02
.3793318E-02
.3590446E-02
.3389383E-02
.3192211E-02
.2993396E-02
.2797222E-02
.2591053E-02
.2360455E-02
.2131252E-02
.2027596E-02
.2208395E-02
.2537762E-02
.2880973E-02
.3219798E-02
.3547707E-02
.3882301E-02
.4219885E-02
.4564912E-02
.4902249E-02
.5237423E-02
.5560200E-02
.5905309E-02
.6281031E-02
.6643437E-02
.6813320E-02
.6619535E-02
.6249260E-02
.5870342E-02
.5490013E-02
.5125353E-02
.4735514E-02
.4327779E-02
.3906727E-02
.3495820E-02
.3077856E-02
.2662602E-02
.2238322E-02
.1821797E-02
.1410222E-02
.1020490E-02
.5926039E-03
.1465030E-04
-.7901231E-03
-.1689905E-02
-.2603355E-02
-.3499873E-02
-.4383980E-02
-.5275684E-02
-.6224679E-02
-.7198871E-02
-.7986301E-02
-.8196113E-02
-.7889721E-02
-.7403229E-02
-.6909748E-02
-.6433673E-02
-.5963010E-02
-.5478619E-02
-.4995888E-02
-.4512053E-02
-.4031790E-02
-.3546473E-02
-.3066296E-02
-.2581776E-02
-.2095704E-02
-.1607208E-02
-.1127197E-02
-.6439473E-03
-.1622326E-03
.3223906E-03
.8045112E-03
.1289677E-02
.1773255E-02
.2256857E-02
.2731209E-02
.3216690E-02
.3741546E-02
.4272139E-02
.4612275E-02
.4529964E-02
.4228241E-02
.3912697E-02
.3599400E-02
.3298708E-02
.2989338E-02
.2687149E-02
.2372734E-02
.2049964E-02
.1720831E-02
.1467059E-02
.1368319E-02
.1356136E-02
.1339905E-02
.1300230E-02
.1242112E-02
.1258083E-02
.1383071E-02
.1366509E-02
.5110418E-03
-.1604420E-02
-.4317261E-02
-.6666445E-02
-.7666137E-02
-.7247319E-02
-.6347247E-02
-.5418812E-02
-.4532544E-02
-.3602420E-02
-.2631057E-02
-.1774388E-02
-.1360653E-02
-.1395809E-02
-.1611021E-02
-.1831876E-02
-.2048476E-02
-.2243689E-02
-.2443810E-02
-.2650496E-02
-.2914120E-02
-.3183683E-02
-.3265984E-02
-.2805327E-02
-.1930159E-02
-.9194894E-03
.9015187E-04
.1091392E-02
.2069494E-02
.3057909E-02
.4061666E-02
.5063573E-02
.5760237E-02
.5509802E-02
.3528537E-02
.5989476E-03
-.2501050E-02
-.5044442E-02
-.5951884E-02
-.5440350E-02
-.4464625E-02
-.3492306E-02
-.2569873E-02
-.1552243E-02
-.2481299E-03
.1285443E-02
.2644227E-02
.2969808E-02
.1741520E-02
-.2966092E-03
-.2176867E-02
-.2726613E-02
-.1086039E-02
.1608285E-02
.4637697E-02
.7695461E-02
.9683822E-02
.9092345E-02
.6667697E-02
.3841911E-02
.1350787E-02
-.2182755E-03
-.1408927E-02
-.2539659E-02
-.3375133E-02
-.3359515E-02
-.2772411E-02
-.2111535E-02
-.1673396E-02
-.1402315E-02
-.1171963E-02
-.9011741E-03
-.5718867E-03
-.1969960E-03
.1838107E-03
.6004993E-03
.1010526E-02
.1295572E-02
.1287124E-02
.1117799E-02
.1229199E-02
.2383659E-02
.4515810E-02
.6405139E-02
.6709033E-02
.5719916E-02
.4315007E-02
.2916065E-02
.1719858E-02
.8594255E-03
.1242977E-03
-.6554544E-03
-.1361902E-02
-.1609094E-02
-.1092578E-02
-.2068315E-03
.7051784E-03
.1554592E-02
.2266556E-02
.2941129E-02
.3619160E-02
.3992331E-02
.3324727E-02
.1518821E-02
-.8897665E-03
-.3523329E-02
-.5655123E-02
-.5759057E-02
-.3319009E-02
.2826261E-03
.3631664E-02
.5431771E-02
.5066039E-02
.3845211E-02
.2563309E-02
.1321558E-02
.3226461E-04
-.1304299E-02
-.2408265E-02
-.2799428E-02
-.2622527E-02
-.2212231E-02
-.1673522E-02
-.1061791E-02
-.3983010E-03
.4220141E-03
.1311474E-02
.1698779E-02
.5439961E-03
-.2067228E-02
-.5356394E-02
-.8812466E-02
-.1159309E-01
-.1227379E-01
-.1080407E-01
-.8549202E-02
-.6213846E-02
-.3805314E-02
-.1358911E-02
.6875430E-03
.1437850E-02
.1020801E-02
.1880147E-03
-.7053536E-03
-.1628830E-02
-.2431992E-02
-.2836120E-02
-.2726766E-02
-.2658556E-02
-.2959586E-02
-.2973145E-02
-.7095722E-03
.4851340E-02
.9527441E-02
.8549599E-02
.4557948E-02
.6952611E-03
-.1256430E-02
-.1133571E-02
-.3815949E-03
.3632762E-03
.1009515E-02
.1672823E-02
.2412454E-02
.3199895E-02
.3850682E-02
.4103908E-02
.3949167E-02
.3651968E-02
.3331029E-02
.2973006E-02
.2612777E-02
.2423731E-02
.2679815E-02
.3219397E-02
.3814171E-02
.4429772E-02
.5143084E-02
.5893447E-02
.6238017E-02
.5521554E-02
.4177918E-02
.3089502E-02
.3109142E-02
.4217646E-02
.5745644E-02
.7237899E-02
.8219074E-02
.8324406E-02
.8020261E-02
.7721427E-02
.7544837E-02
.7461013E-02
.7369469E-02
.7276743E-02
.7169003E-02
.7070172E-02
.6970877E-02
.6882441E-02
.6785033E-02
.6696535E-02
.6592559E-02
.6471583E-02
.6319805E-02
.6163348E-02
.6012629E-02
.5902722E-02
.5806502E-02
.5580517E-02
.4932339E-02
.3919273E-02
.2780414E-02
.1623195E-02
.4243830E-03
-.7476564E-03
-.1656042E-02
-.1993449E-02
-.2014049E-02
-.1876670E-02
-.1750037E-02
-.2179458E-02
-.3861720E-02
-.6254498E-02
-.8845340E-02
-.1176556E-01
-.1503097E-01
-.1789031E-01
-.1923787E-01
-.1962205E-01
-.1982418E-01
-.2022176E-01
-.2094921E-01
-.2122640E-01
-.1941464E-01
-.1491104E-01
-.9868794E-02
-.7013643E-02
-.7982893E-02
-.1070931E-01
-.1354088E-01
-.1629517E-01
-.1898793E-01
-.2188796E-01
-.2472433E-01
-.2647916E-01
-.2585569E-01
-.2392930E-01
-.2051501E-01
-.1370418E-01
-.4751851E-02
.4747064E-02
.1341098E-01
.1937283E-01
.2152726E-01
.2135970E-01
.2043745E-01
.1882483E-01
.1680446E-01
.1477606E-01
.1359147E-01
.1411415E-01
.1558631E-01
.1709766E-01
.1791823E-01
.1750781E-01
.1644803E-01
.1568217E-01
.1611538E-01
.1746653E-01
.1591479E-01
.9219467E-02
-.3534372E-03
-.9779904E-02
-.1455161E-01
-.1051994E-01
-.2718794E-02
.4254567E-02
.9942972E-02
.1523540E-01
.2108220E-01
.2627496E-01
.2825104E-01
.2538196E-01
.2033644E-01
.1482279E-01
.9553241E-02
.5506255E-02
.3573060E-02
.2568369E-02
.1507413E-02
.5535345E-03
.7187107E-04
.1684468E-03
-.1043781E-02
-.6200058E-02
-.1437785E-01
-.1523440E-01
-.8953154E-02
-.1731527E-02
.3264695E-02
.5831579E-02
.7573680E-02
.8865261E-02
.9672982E-02
.8596038E-02
.6118332E-02
.2626523E-02
-.1191627E-02
-.3578468E-02
-.4749727E-03
.8767602E-02
.2136984E-01
.3412199E-01
.4238920E-01
.4044946E-01
.3350291E-01
.2602414E-01
.1878478E-01
.1166897E-01
.3954664E-02
-.3879016E-02
-.9921894E-02
-.1173997E-01
-.1120692E-01
-.1020455E-01
-.9425918E-02
-.1044921E-01
-.1421494E-01
-.1962746E-01
-.2537650E-01
-.3007026E-01
-.3022047E-01
-.2484931E-01
-.1435510E-01
.3517170E-03
.1177267E-01
.8983758E-02
-.1243316E-02
-.9517209E-02
-.1413379E-01
-.1718692E-01
-.2013938E-01
-.2299936E-01
-.2506431E-01
-.2585730E-01
-.2457363E-01
-.2215024E-01
-.1991704E-01
-.1762919E-01
-.1190794E-01
.7865674E-03
.1553865E-01
.1502643E-01
.1283362E-02
-.1558007E-01
-.2978286E-01
-.3805239E-01
-.3734515E-01
-.3129640E-01
-.2265850E-01
-.1178122E-01
-.1215501E-03
.1288286E-01
.2593143E-01
.3469552E-01
.3248839E-01
.2281126E-01
.9919058E-02
-.6655118E-02
-.2489092E-01
-.3647671E-01
-.3204196E-01
-.2009927E-01
-.1345942E-01
-.1068825E-01
-.8602734E-02
-.5524993E-02
-.1421037E-02
.2864076E-02
.6879809E-02
.1085478E-01
.1528456E-01
.2028113E-01
.2382703E-01
.2179948E-01
.1261725E-01
-.3376683E-05
-.1402045E-01
-.2699416E-01
-.3264104E-01
-.2566307E-01
-.1202495E-01
.1837696E-02
.1076094E-01
.9579828E-02
.3593176E-02
-.3267580E-02
-.9481424E-02
-.1267847E-01
-.1116491E-01
-.7412371E-02
-.3198119E-02
.1055203E-02
.4140395E-02
.4575701E-02
.3096974E-02
.1117671E-02
-.9442423E-03
-.2833306E-02
-.4506398E-02
-.6026688E-02
-.7966933E-02
-.1044619E-01
-.1151740E-01
-.7515360E-02
.1389020E-02
.5016936E-02
-.7443039E-03
-.1031978E-01
-.1945789E-01
-.2539688E-01
-.2858872E-01
-.3095052E-01
-.3303871E-01
-.3363515E-01
-.3118352E-01
-.2124731E-01
-.7529416E-03
.1787762E-01
.1974953E-01
.9378388E-02
-.4533563E-02
-.1847458E-01
-.3103669E-01
-.4126485E-01
-.4957278E-01
-.5718426E-01
-.6406655E-01
-.6948080E-01
-.7344188E-01
-.7513627E-01
-.7190878E-01
-.6459828E-01
-.5503281E-01
-.4313254E-01
-.2999383E-01
-.1582935E-01
.5983861E-03
.1799768E-01
.3137545E-01
.3561012E-01
.3516499E-01
.3463653E-01
.3577810E-01
.3770789E-01
.3330554E-01
.1340331E-01
-.1626592E-01
-.4523650E-01
-.6209632E-01
-.5527849E-01
-.3769580E-01
-.1763823E-01
.6584435E-02
.3517181E-01
.6421570E-01
.8815304E-01
.1044930E+00
.1080530E+00
.9361834E-01
.6687642E-01
.3358748E-01
.7515348E-02
-.1008612E-01
-.2665765E-01
-.4008418E-01
-.4114637E-01
-.2313087E-01
.2787185E-02
.2936611E-01
.5595085E-01
.8443440E-01
.1135110E+00
.1340784E+00
.1324493E+00
.1178254E+00
.1065850E+00
.1003088E+00
.9475415E-01
.7996912E-01
.4508972E-01
.2278608E-02
-.3762192E-01
-.7200635E-01
-.8965264E-01
-.8179313E-01
-.6326669E-01
-.4691164E-01
-.3130795E-01
-.8154836E-02
.2757683E-01
.5157743E-01
.6472413E-01
.7296740E-01
.7213522E-01
.6278083E-01
.4962656E-01
.3636666E-01
.2332876E-01
.1038814E-01
-.3861711E-02
-.1873765E-01
-.2982322E-01
-.2862635E-01
-.1560074E-01
.2562280E-02
.2169533E-01
.3718295E-01
.4134345E-01
.3358162E-01
.2130990E-01
.8383442E-02
-.5208560E-02
-.1820904E-01
-.2651229E-01
-.2569102E-01
-.2006586E-01
-.1584427E-01
-.1965823E-01
-.3352952E-01
-.5061520E-01
-.6039679E-01
-.5197350E-01
-.3243463E-01
-.1125220E-01
.9576585E-02
.3036254E-01
.5340992E-01
.7664822E-01
.9188114E-01
.8735887E-01
.7110642E-01
.5132608E-01
.2771744E-01
-.3384881E-03
-.3010088E-01
-.5633194E-01
-.7340352E-01
-.8405797E-01
-.8934003E-01
-.8257551E-01
-.6310635E-01
-.3983268E-01
-.1911796E-01
-.8320468E-03
.1687691E-01
.3312412E-01
.4401648E-01
.4501729E-01
.3936308E-01
.3193935E-01
.2400000E-01
.1598986E-01
.9498745E-02
.8126391E-02
.1245351E-01
.1914853E-01
.2647810E-01
.3410660E-01
.4038068E-01
.4202932E-01
.3763655E-01
.3037030E-01
.1778966E-01
-.7380546E-02
-.3989299E-01
-.6994589E-01
-.8621341E-01
-.8464499E-01
-.7593780E-01
-.6634964E-01
-.5675698E-01
-.4813254E-01
-.4272426E-01
-.4234618E-01
-.4430902E-01
-.4697220E-01
-.4997122E-01
-.5185479E-01
-.4922452E-01
-.4017078E-01
-.2776393E-01
-.1161560E-01
.1107173E-01
.3419126E-01
.4744862E-01
.4518964E-01
.3583071E-01
.2537519E-01
.1510162E-01
.7363620E-02
.4651980E-02
.5147180E-02
.6256515E-02
.7553586E-02
.8746581E-02
.9816677E-02
.1037390E-01
.1150236E-01
.1555467E-01
.2411283E-01
.3434153E-01
.3917041E-01
.2893180E-01
.7809069E-02
-.1386486E-01
-.2847481E-01
-.3473318E-01
-.3784948E-01
-.3946751E-01
-.3694669E-01
-.2713635E-01
-.1367971E-01
.9871281E-03
.1649528E-01
.2972677E-01
.3419361E-01
.2685673E-01
.1423497E-01
.1849872E-02
-.6450259E-02
-.8611296E-02
-.8044382E-02
-.7038833E-02
-.7031452E-02
-.1022255E-01
-.1686913E-01
-.2495809E-01
-.3141797E-01
-.3171310E-01
-.2498458E-01
-.1526685E-01
-.5549382E-02
.2114293E-02
.5762656E-02
.6302505E-02
.3523081E-02
-.8801710E-03
-.5372318E-02
-.9728017E-02
-.1398114E-01
-.1846057E-01
-.2246354E-01
-.2407170E-01
-.2235557E-01
-.1925100E-01
-.1695930E-01
-.1702911E-01
-.1884251E-01
-.1979449E-01
-.1948672E-01
-.1718405E-01
-.9483429E-02
.4997024E-02
.1348594E-01
.1229799E-01
.1049916E-01
.9981063E-02
.1070927E-01
.1291331E-01
.1512181E-01
.1252256E-01
-.1185153E-02
-.2119212E-01
-.3854067E-01
-.4235462E-01
-.2788102E-01
-.5704790E-02
.1649065E-01
.3456339E-01
.4588569E-01
.5106769E-01
.5174453E-01
.5007064E-01
.4621072E-01
.4125818E-01
.3593930E-01
.2688197E-01
.8676918E-02
-.1380472E-01
-.2651613E-01
-.2100365E-01
-.7202966E-02
.5241889E-02
.1204318E-01
.1491594E-01
.1735130E-01
.2005798E-01
.2354395E-01
.2655568E-01
.2720287E-01
.2317687E-01
.1666159E-01
.9791485E-02
.5151894E-02
.5250805E-02
.7403604E-02
.7232462E-02
.4089416E-02
-.4692404E-03
-.5594251E-02
-.1164067E-01
-.1592676E-01
-.1241665E-01
.2839335E-02
.2573074E-01
.4751058E-01
.4924186E-01
.3379189E-01
.1548697E-01
.1463489E-02
-.8594832E-02
-.1865211E-01
-.2873373E-01
-.3546338E-01
-.3410395E-01
-.2892365E-01
-.2323674E-01
-.1754082E-01
-.1156035E-01
-.5809492E-02
-.2575394E-02
-.4068138E-02
-.7834839E-02
-.1188030E-01
-.1582738E-01
-.1946188E-01
-.2267674E-01
-.2534814E-01
-.2672143E-01
-.2450832E-01
-.1819768E-01
-.1006689E-01
-.1660120E-02
.5606715E-02
.9979778E-02
.1215276E-01
.1379916E-01
.1587094E-01
.1882220E-01
.2064024E-01
.1663682E-01
.3458019E-02
-.1356165E-01
-.2983491E-01
-.4302283E-01
-.5088700E-01
-.4842636E-01
-.3729165E-01
-.2361267E-01
-.9913017E-02
.3385500E-02
.1608791E-01
.2618325E-01
.3179317E-01
.3583657E-01
.4006445E-01
.4182424E-01
.3623164E-01
.2357419E-01
.8096486E-02
-.7119816E-02
-.1807758E-01
-.2168575E-01
-.2183635E-01
-.2173737E-01
-.2169330E-01
-.2192365E-01
-.2206407E-01
-.2225857E-01
-.2244171E-01
-.2299330E-01
-.2377503E-01
-.2376483E-01
-.2046474E-01
-.1348617E-01
-.5583182E-02
.3977384E-03
.4022165E-02
.6582159E-02
.8933963E-02
.1085024E-01
.1243111E-01
.1302693E-01
.1144122E-01
.7683638E-02
.3171127E-02
-.1656009E-02
-.6522167E-02
-.1074656E-01
-.1280568E-01
-.1275314E-01
-.1190264E-01
-.1102366E-01
-.1014062E-01
-.9312584E-02
-.8420812E-02
-.7531748E-02
-.6471448E-02
-.5354735E-02
-.4584669E-02
-.5077293E-02
-.6532983E-02
-.7573293E-02
-.6024995E-02
-.1400459E-02
.4406134E-02
.9612943E-02
.1349958E-01
.1697842E-01
.2110977E-01
.2525762E-01
.2689908E-01
.2274413E-01
.1647144E-01
.1338635E-01
.1338960E-01
.1428239E-01
.1533654E-01
.1687762E-01
.1952852E-01
.2250507E-01
.2585553E-01
.3091299E-01
.3883441E-01
.4804209E-01
.5506662E-01
.5531055E-01
.4942782E-01
.4144206E-01
.3376995E-01
.2776626E-01
.2366789E-01
.2010562E-01
.1705704E-01
.1587733E-01
.1700369E-01
.1917137E-01
.2177350E-01
.2420882E-01
.2500695E-01
.2228132E-01
.1774622E-01
.1282082E-01
.7607521E-02
.2869202E-02
.2515256E-03
.1123377E-02
.3566864E-02
.6149086E-02
.8587613E-02
.1095214E-01
.1362813E-01
.1666990E-01
.1907299E-01
.1827615E-01
.1301925E-01
.5812166E-02
-.9983548E-03
-.6289955E-02
-.1040223E-01
-.1432050E-01
-.1810254E-01
-.2173317E-01
-.2538185E-01
-.3008993E-01
-.3604351E-01
-.4055402E-01
-.3912835E-01
-.3450333E-01
-.2948160E-01
-.2497843E-01
-.2191074E-01
-.1957057E-01
-.1690353E-01
-.1345675E-01
-.1139598E-01
-.1566652E-01
-.2882794E-01
-.4582775E-01
-.6318393E-01
-.7928934E-01
-.9133870E-01
-.9321779E-01
-.8196312E-01
-.6552191E-01
-.4802005E-01
-.2767064E-01
-.4095720E-02
.1458636E-01
.1772908E-01
.1250268E-01
.5897792E-02
.1202349E-02
.2401852E-02
.8783564E-02
.1684072E-01
.2479926E-01
.3350220E-01
.4351458E-01
.5197402E-01
.5046026E-01
.3328775E-01
.9075106E-02
-.1613969E-01
-.4292907E-01
-.6948879E-01
-.8846527E-01
-.8647012E-01
-.6827393E-01
-.4530555E-01
-.2236987E-01
.1441234E-03
.2343607E-01
.4728519E-01
.6720690E-01
.7616866E-01
.7116278E-01
.5709204E-01
.3920082E-01
.2104324E-01
.9043325E-02
.1262582E-01
.2657769E-01
.4317426E-01
.5442046E-01
.4874845E-01
.2734886E-01
.7183208E-03
-.2175706E-01
-.3189117E-01
-.3263769E-01
-.3102347E-01
-.2971757E-01
-.2864316E-01
-.2602798E-01
-.2036812E-01
-.1288424E-01
-.4947150E-02
.1936412E-02
.4878135E-02
.3231568E-02
-.3093932E-03
-.3977692E-02
-.7512516E-02
-.1088308E-01
-.1442010E-01
-.1837878E-01
-.2241744E-01
-.2487384E-01
-.2382710E-01
-.2066643E-01
-.1720296E-01
-.1390783E-01
-.1074203E-01
-.6559387E-02
-.4029355E-03
.6695726E-02
.1373524E-01
.2144839E-01
.3045424E-01
.4086754E-01
.4893477E-01
.4666381E-01
.2943840E-01
.5123350E-02
-.2178792E-01
-.4859459E-01
-.6698279E-01
-.6616579E-01
-.5400860E-01
-.4013646E-01
-.2638806E-01
-.1241964E-01
.3980657E-02
.2087748E-01
.3180402E-01
.2777375E-01
.1501238E-01
.3412674E-03
-.1497302E-01
-.2985662E-01
-.4137376E-01
-.4503104E-01
-.4438628E-01
-.4205329E-01
-.3547614E-01
-.2244257E-01
-.6606161E-02
.9660734E-02
.2743938E-01
.4630975E-01
.6055244E-01
.5782416E-01
.3629034E-01
.6975965E-02
-.2006339E-01
-.3641725E-01
-.4033911E-01
-.4057690E-01
-.4151645E-01
-.4043947E-01
-.2966603E-01
-.5914415E-02
.2510566E-01
.5825887E-01
.8452321E-01
.8739775E-01
.6440670E-01
.2913799E-01
-.7148460E-02
-.3097260E-01
-.2780453E-01
-.1301050E-01
-.1334722E-01
-.2447000E-01
-.3824446E-01
-.5339403E-01
-.6605696E-01
-.6889095E-01
-.5438734E-01
-.3149119E-01
-.6946694E-02
.1479434E-01
.2795132E-01
.3221351E-01
.3335616E-01
.3470727E-01
.3734217E-01
.3879713E-01
.3291267E-01
.1425146E-01
-.1115046E-01
-.4015087E-01
-.6941726E-01
-.8626255E-01
-.7268181E-01
-.3825966E-01
.1953633E-02
.4537665E-01
.8955758E-01
.1231612E+00
.1249258E+00
.9758419E-01
.6072063E-01
.2302280E-01
-.1635907E-01
-.5820349E-01
-.9301138E-01
-.9935303E-01
-.7042900E-01
-.2728117E-01
.1808142E-01
.6596383E-01
.1133819E+00
.1469403E+00
.1468965E+00
.1286710E+00
.1074788E+00
.8839132E-01
.7399998E-01
.5539632E-01
.1634338E-01
-.5042161E-01
-.1105572E+00
-.1150142E+00
-.5372295E-01
.1816947E-01
.7172235E-01
.1083824E+00
.1212792E+00
.1120871E+00
.1036295E+00
.1006563E+00
.9945845E-01
.9697175E-01
.8530169E-01
.6094696E-01
.3100845E-01
.4270781E-02
-.1299024E-01
-.2196428E-01
-.2624679E-01
-.2702940E-01
-.2341015E-01
-.8580049E-02
.1719294E-01
.4915297E-01
.8314480E-01
.1092564E+00
.1093952E+00
.8152638E-01
.4290444E-01
.2234423E-02
-.3941639E-01
-.7696507E-01
-.9938913E-01
-.1015868E+00
-.9482053E-01
-.8770202E-01
-.8470326E-01
-.8717546E-01
-.8768381E-01
-.7896327E-01
-.6603990E-01
-.5896890E-01
-.6803065E-01
-.8833992E-01
-.1125393E+00
-.1358150E+00
-.1463207E+00
-.1341709E+00
-.1121945E+00
-.9209960E-01
-.6844992E-01
-.2856936E-01
.3716424E-01
.9042220E-01
.1327373E+00
.1733389E+00
.1984219E+00
.1897074E+00
.1578215E+00
.1205581E+00
.8731998E-01
.6935357E-01
.6236350E-01
.5841173E-01
.3726512E-01
-.2652143E-01
-.1139932E+00
-.1635296E+00
-.1489010E+00
-.1050113E+00
-.6390277E-01
-.4556370E-01
-.5673857E-01
-.8025347E-01
-.1058938E+00
-.1228115E+00
-.1150544E+00
-.8281031E-01
-.4014757E-01
.4542017E-02
.3883902E-01
.4628216E-01
.3081156E-01
.8790498E-02
-.1090819E-01
-.2137715E-01
-.2463631E-01
-.2288253E-01
-.1229597E-01
.1027770E-01
.3669745E-01
.5395968E-01
.4565777E-01
.2077584E-01
-.9291673E-02
-.3662637E-01
-.4997405E-01
-.4298403E-01
-.2814466E-01
-.1845443E-01
-.2126731E-01
-.3036386E-01
-.4007268E-01
-.4977478E-01
-.5837139E-01
-.6386138E-01
-.6416851E-01
-.6057254E-01
-.5117534E-01
-.3501995E-01
-.1489078E-01
.6288254E-02
.2117452E-01
.1860802E-01
.8164324E-03
-.2321863E-01
-.4872274E-01
-.6709827E-01
-.6589140E-01
-.4581056E-01
-.1907133E-01
.9450727E-02
.3756407E-01
.6118034E-01
.7307984E-01
.7677808E-01
.7755377E-01
.7749280E-01
.7851822E-01
.8584249E-01
.1023482E+00
.1236587E+00
.1390899E+00
.1336967E+00
.1034851E+00
.6268051E-01
.1707062E-01
-.2698917E-01
-.5215403E-01
-.3778925E-01
-.4128139E-02
.2827499E-01
.4993730E-01
.6090032E-01
.7021707E-01
.8142407E-01
.9069689E-01
.8617425E-01
.6043494E-01
.2519779E-01
-.8298830E-02
-.3452006E-01
-.5455608E-01
-.7503561E-01
-.9582825E-01
-.1075521E+00
-.9751881E-01
-.7458230E-01
-.5187405E-01
-.3906185E-01
-.4075907E-01
-.4671539E-01
-.4401238E-01
-.2091440E-01
.1343910E-01
.5157105E-01
.8702252E-01
.1045145E+00
.9101009E-01
.6259397E-01
.3138752E-01
-.7998185E-04
-.2486085E-01
-.3463392E-01
-.3277293E-01
-.2828410E-01
-.2528882E-01
-.2681552E-01
-.3018069E-01
-.3432789E-01
-.3871722E-01
-.4145807E-01
-.3784518E-01
-.2681889E-01
-.1202471E-01
.3220475E-02
.1499122E-01
.1786354E-01
.1445402E-01
.9465381E-02
.4541787E-02
-.3739412E-03
-.5885582E-02
-.1132501E-01
-.1402958E-01
-.1133740E-01
-.6208362E-02
-.3542293E-02
-.7999966E-02
-.1771858E-01
-.2846960E-01
-.3885816E-01
-.4941637E-01
-.6249232E-01
-.7862461E-01
-.9246518E-01
-.9871164E-01
-.1027351E+00
-.1064005E+00
-.9971463E-01
-.6808220E-01
-.2052217E-01
.2919184E-01
.7861213E-01
.1295981E+00
.1862336E+00
.2387531E+00
.2589278E+00
.2196624E+00
.1537732E+00
.8525225E-01
.1501709E-01
-.5928829E-01
-.1306108E+00
-.1694048E+00
-.1509570E+00
-.1097470E+00
-.7906408E-01
-.6056954E-01
-.5120749E-01
-.4417180E-01
-.3785123E-01
-.3056440E-01
-.1976717E-01
-.2306655E-02
.1797308E-01
.3385976E-01
.3460462E-01
.2204449E-01
.7098170E-02
.1151443E-02
.9466252E-02
.2341635E-01
.3406157E-01
.3891128E-01
.4072084E-01
.4348381E-01
.4886293E-01
.5720125E-01
.6608317E-01
.7204373E-01
.6892564E-01
.5846252E-01
.4535195E-01
.3223333E-01
.1918915E-01
.6701079E-02
-.5844715E-02
-.1883575E-01
-.3381290E-01
-.4841643E-01
-.5516918E-01
-.4396941E-01
-.2439428E-01
-.6942211E-02
.2982611E-02
.5573475E-02
.1189848E-01
.3430127E-01
.6545766E-01
.8847802E-01
.8931278E-01
.7884656E-01
.6734222E-01
.5625642E-01
.4587852E-01
.3507385E-01
.2446245E-01
.1385199E-01
.2005378E-02
-.1408886E-01
-.3362988E-01
-.5462567E-01
-.7183341E-01
-.7579197E-01
-.6470876E-01
-.4754343E-01
-.2896798E-01
-.9826437E-02
.6033928E-02
.1119202E-01
.3643539E-02
-.8827089E-02
-.2190122E-01
-.3444897E-01
-.4613993E-01
-.5592726E-01
-.6113246E-01
-.5725620E-01
-.4891792E-01
-.3966302E-01
-.2554227E-01
.7408967E-03
.3291775E-01
.5547435E-01
.5269214E-01
.3472906E-01
.1435065E-01
-.3587829E-02
-.1355271E-01
-.1718188E-01
-.1659781E-01
-.1349557E-01
-.9025324E-02
-.4522206E-02
-.8409284E-03
-.2369591E-03
-.1688298E-02
-.4080573E-02
-.6437943E-02
-.8645015E-02
-.9950475E-02
-.1145507E-01
-.1604516E-01
-.2809941E-01
-.4362488E-01
-.5883283E-01
-.7296634E-01
-.8797238E-01
-.1002190E+00
-.9699938E-01
-.6832575E-01
-.2766469E-01
.1474711E-01
.5447371E-01
.8521751E-01
.1043873E+00
.1132392E+00
.1040736E+00
.7404262E-01
.3260132E-01
-.7323972E-02
-.3333358E-01
-.4910768E-01
-.5966382E-01
-.6583509E-01
-.7064879E-01
-.7505526E-01
-.7774269E-01
-.7688575E-01
-.7376372E-01
-.6821903E-01
-.5786031E-01
-.4492480E-01
-.3092211E-01
-.1507953E-01
.2642853E-02
.2226133E-01
.4278271E-01
.5887801E-01
.6149996E-01
.5103159E-01
.3602589E-01
.1900689E-01
-.2813746E-02
-.2775642E-01
-.4616656E-01
-.4561644E-01
-.3250666E-01
-.1680088E-01
-.8693898E-03
.1573427E-01
.3349012E-01
.4682628E-01
.4584487E-01
.2977719E-01
.8127054E-02
-.1443482E-01
-.3581861E-01
-.5279803E-01
-.5840590E-01
-.5081291E-01
-.3761543E-01
-.2460781E-01
-.1428898E-01
-.7243463E-02
.1543989E-02
.1268029E-01
.2446650E-01
.3518254E-01
.4349738E-01
.5018756E-01
.5466841E-01
.5420561E-01
.5083419E-01
.4680638E-01
.3998145E-01
.2440970E-01
.3540792E-03
-.2647419E-01
-.4846385E-01
-.5515347E-01
-.4157070E-01
-.1913796E-01
.4235469E-02
.2575976E-01
.4299168E-01
.5703103E-01
.7116853E-01
.8521491E-01
.9273789E-01
.8548201E-01
.7054649E-01
.5411626E-01
.3702854E-01
.2270902E-01
.1645460E-01
.2027895E-01
.2799827E-01
.3603794E-01
.4344712E-01
.5100752E-01
.5968331E-01
.6920576E-01
.7490808E-01
.6928751E-01
.5294417E-01
.3330465E-01
.1603876E-01
.5527302E-02
-.1198366E-02
-.6664513E-02
-.1185128E-01
-.1915843E-01
-.3241727E-01
-.4962234E-01
-.6214429E-01
-.5924913E-01
-.4411789E-01
-.2569642E-01
-.7557523E-02
.1007089E-01
.2883890E-01
.4925676E-01
.6690199E-01
.7173626E-01
.5884434E-01
.3801150E-01
.1525908E-01
-.8473079E-02
-.2798758E-01
-.3348377E-01
-.2189042E-01
-.3905127E-02
.1443565E-01
.3290356E-01
.5334427E-01
.7426144E-01
.8646905E-01
.7725515E-01
.5493287E-01
.3009688E-01
.7099888E-02
-.9867881E-02
-.2228993E-01
-.3316612E-01
-.4437943E-01
-.5573475E-01
-.6672365E-01
-.7541554E-01
-.8088986E-01
-.8397770E-01
-.8015438E-01
-.6018354E-01
-.3138936E-01
-.9096164E-03
.3039975E-01
.6323056E-01
.9436161E-01
.1133819E+00
.1117408E+00
.1001910E+00
.8785245E-01
.7759928E-01
.6947415E-01
.5601889E-01
.2475601E-01
-.2459548E-01
-.7308128E-01
-.9952683E-01
-.1018312E+00
-.9503314E-01
-.8799250E-01
-.8188997E-01
-.7577870E-01
-.6862644E-01
-.6120747E-01
-.5641089E-01
-.5802064E-01
-.6349691E-01
-.6982949E-01
-.7733944E-01
-.8694040E-01
-.9442822E-01
-.8768935E-01
-.5770775E-01
-.2082155E-01
.4411331E-02
.1402493E-01
.1723763E-01
.2044665E-01
.2235044E-01
.2022199E-01
.1468000E-01
.8804800E-02
.3250126E-02
-.2942522E-02
-.1332331E-01
-.2802943E-01
-.4136601E-01
-.4535181E-01
-.4072559E-01
-.3299945E-01
-.2499834E-01
-.1709311E-01
-.1021702E-01
-.5553849E-02
-.3234995E-02
-.1669256E-02
-.4603824E-03
.9500893E-03
.2647918E-02
.4805228E-02
.5751832E-02
.2773227E-02
-.5181899E-02
-.1477994E-01
-.2450960E-01
-.3449311E-01
-.4571186E-01
-.5635584E-01
-.6080145E-01
-.5238241E-01
-.3743696E-01
-.2055484E-01
-.3734032E-02
.7626303E-02
.6077557E-02
-.4045142E-02
-.1754523E-01
-.3047197E-01
-.3306131E-01
-.1588338E-01
.1129517E-01
.3822093E-01
.5985775E-01
.7220654E-01
.7696851E-01
.7035542E-01
.5542797E-01
.3772181E-01
.1866603E-01
-.1837187E-02
-.2090436E-01
-.3090988E-01
-.2536229E-01
-.1243030E-01
.2096168E-02
.1658060E-01
.2729362E-01
.2949362E-01
.2570070E-01
.2044556E-01
.1504681E-01
.1002085E-01
.4936853E-02
-.3095355E-03
-.6104679E-02
-.1165759E-01
-.1504354E-01
-.1392715E-01
-.1057236E-01
-.6473191E-02
-.2334284E-02
.2655189E-04
-.1982533E-02
-.7449646E-02
-.1385820E-01
-.2042551E-01
-.2746473E-01
-.3485677E-01
-.4021151E-01
-.3931745E-01
-.3256428E-01
-.2387188E-01
-.1511123E-01
-.6526977E-02
.2295668E-02
.1155148E-01
.2000775E-01
.2500924E-01
.2561345E-01
.2445829E-01
.2323335E-01
.2212212E-01
.2104706E-01
.1968594E-01
.1816247E-01
.1738557E-01
.1895847E-01
.2271307E-01
.2720620E-01
.3167441E-01
.3594191E-01
.4024387E-01
.4517480E-01
.5061650E-01
.5402704E-01
.5061469E-01
.3996281E-01
.2654141E-01
.1253112E-01
-.2023205E-02
-.1582863E-01
-.2498822E-01
-.2609932E-01
-.2342921E-01
-.2035241E-01
-.1747352E-01
-.1474470E-01
-.1158823E-01
-.8310282E-02
-.6175158E-02
-.7191057E-02
-.1031389E-01
-.1405551E-01
-.1819358E-01
-.2250008E-01
-.2541022E-01
-.2423707E-01
-.1913197E-01
-.1282952E-01
-.6460501E-02
.5283791E-04
.7086589E-02
.1357689E-01
.1671866E-01
.1455531E-01
.1028014E-01
.7955557E-02
.1072223E-01
.1619439E-01
.2183890E-01
.2736040E-01
.3286990E-01
.3893843E-01
.4505339E-01
.4910943E-01
.4832957E-01
.4505770E-01
.4153045E-01
.3811698E-01
.3719686E-01
.3325263E-01
.2934899E-01
.2717089E-01
.2856789E-01
.3164671E-01
.3481877E-01
.3793582E-01
.4113378E-01
.4455447E-01
.4724024E-01
.4750686E-01
.4505119E-01
.4166615E-01
.3822949E-01
.3480214E-01
.3091011E-01
.2685536E-01
.2473633E-01
.2728734E-01
.3237416E-01
.3686616E-01
.3847804E-01
.3687293E-01
.3411722E-01
.3126858E-01
.2854105E-01
.2585459E-01
.2316229E-01
.2038236E-01
.1756853E-01
.1487763E-01
.1260479E-01
.1081942E-01
.9247029E-02
.7728036E-02
.6229998E-02
.4653907E-02
.2941488E-02
.1327441E-02
.5045025E-03
.8983768E-03
.1132460E-02
-.1009458E-02
-.6197801E-02
-.1258292E-01
-.1892842E-01
-.2509877E-01
-.3111576E-01
-.3704845E-01
-.4282563E-01
-.4843218E-01
-.5384750E-01
-.5931181E-01
-.6485134E-01
-.6967668E-01
-.7213252E-01
-.7168425E-01
-.7006282E-01
-.6838439E-01
-.6673338E-01
-.6505236E-01
-.6321497E-01
-.6159220E-01
-.6067669E-01
-.6072828E-01
-.6109614E-01
-.6147655E-01
-.6172071E-01
-.6184984E-01
-.6194864E-01
-.6223141E-01
-.6251795E-01
-.6184976E-01
-.5856795E-01
-.5314660E-01
-.4714683E-01
-.4124836E-01
-.3558263E-01
-.3012645E-01
-.2480693E-01
-.1957607E-01
-.1431990E-01
-.9238292E-02
-.5061432E-02
-.2641600E-02
-.1145321E-02
.1413504E-03
.1333781E-02
.2556252E-02
.3814694E-02
.5105707E-02
.6022603E-02
.5774555E-02
.4221487E-02
.2263142E-02
.3981779E-03
-.1310278E-02
-.2906604E-02
-.4503229E-02
-.6213892E-02
-.7545892E-02
-.7420542E-02
-.5235554E-02
-.2256765E-02
.6764523E-03
.3462774E-02
.6077048E-02
.8600840E-02
.1098931E-01
.1324367E-01
.1536329E-01
.1738047E-01
.1927849E-01
.2094592E-01
.2216208E-01
.2291486E-01
.2344474E-01
.2389107E-01
.2429470E-01
.2461670E-01
.2459298E-01
.2387892E-01
.2272056E-01
.2149586E-01
.2039514E-01
.1945062E-01
.1829861E-01
.1631316E-01
.1327034E-01
.9887922E-02
.6710218E-02
.4322530E-02
.3524391E-02
.4049935E-02
.4918768E-02
.5719455E-02
.6419347E-02
.7050172E-02
.7482394E-02
.7429797E-02
.6902991E-02
.6249752E-02
.5657262E-02
.5146952E-02
.4702416E-02
.4316012E-02
.3998255E-02
.3731176E-02
.3486913E-02
.3263357E-02
.3149720E-02
.3303815E-02
.3749029E-02
.4243097E-02
.4652521E-02
.4967748E-02
.5203043E-02
.5372210E-02
.5475275E-02
.5522843E-02
.5527961E-02
.5486446E-02
.5352866E-02
.5071028E-02
.4706182E-02
.4346020E-02
.4017052E-02
.3720254E-02
.3445644E-02
.3192724E-02
.2965722E-02
.2772108E-02
.2599906E-02
.2436748E-02
.2277940E-02
.2123448E-02
.1973451E-02
.1828079E-02
.1686023E-02
.1546576E-02
.1410952E-02
.1283985E-02
.1169251E-02
.1058031E-02
.9440140E-03
.8277320E-03
.7105345E-03
.5943487E-03
.4789404E-03
.3633112E-03
.2468680E-03
.1343313E-03
.2804247E-04
-.7220622E-04
-.1670723E-03
-.2571337E-03
-.3426431E-03
-.4237302E-03
-.5006965E-03
-.5740507E-03
-.6440406E-03
-.7106989E-03
-.7740590E-03
-.8341349E-03
-.8909000E-03
-.9443434E-03
-.9945179E-03
-.1041481E-02
-.1085283E-02
-.1125963E-02
-.1163559E-02
-.1198107E-02
-.1229638E-02
-.1258181E-02
-.1283768E-02
-.1306436E-02
-.1326222E-02
-.1343167E-02
-.1357310E-02
-.1368695E-02
