-.9429229E-03
-.9236815E-03
-.9042380E-03
-.8847564E-03
-.8651242E-03
-.8454361E-03
-.8256259E-03
-.8057426E-03
-.7857235E-03
-.7656426E-03
-.7454646E-03
-.7252065E-03
-.7048211E-03
-.6843640E-03
-.6638154E-03
-.6432136E-03
-.6225103E-03
-.6018054E-03
-.5810081E-03
-.5601018E-03
-.5389738E-03
-.5176800E-03
-.4962623E-03
-.4749517E-03
-.4539260E-03
-.4333838E-03
-.4131976E-03
-.3930150E-03
-.3723208E-03
-.3507404E-03
-.3282550E-03
-.3054945E-03
-.2832100E-03
-.2618081E-03
-.2408988E-03
-.2199636E-03
-.1989451E-03
-.1786578E-03
-.1603004E-03
-.1450943E-03
-.1331974E-03
-.1226457E-03
-.1096971E-03
-.9043673E-04
-.6207847E-04
-.2363137E-04
.2428859E-04
.7979240E-04
.1390261E-03
.1954506E-03
.2422230E-03
.2744302E-03
.2905403E-03
.2921963E-03
.2836821E-03
.2705699E-03
.2578674E-03
.2483499E-03
.2423063E-03
.2377875E-03
.2318616E-03
.2230056E-03
.2164235E-03
.2237102E-03
.2576999E-03
.3242964E-03
.4136779E-03
.5027502E-03
.5681705E-03
.5970356E-03
.5896347E-03
.5562177E-03
.5113045E-03
.4677833E-03
.4344480E-03
.4196046E-03
.4332062E-03
.4835186E-03
.5761330E-03
.7206613E-03
.9322685E-03
.1224772E-02
.1604797E-02
.2069760E-02
.2609879E-02
.3209059E-02
.3823816E-02
.4372323E-02
.4766241E-02
.4946902E-02
.4904008E-02
.4686443E-02
.4410066E-02
.4219479E-02
.4232521E-02
.4502872E-02
.5005366E-02
.5642170E-02
.6276326E-02
.6783552E-02
.7092485E-02
.7197002E-02
.7145076E-02
.7024362E-02
.6943295E-02
.6994755E-02
.7224002E-02
.7599509E-02
.8018925E-02
.8357845E-02
.8519770E-02
.8464035E-02
.8207709E-02
.7807516E-02
.7333171E-02
.6842941E-02
.6369410E-02
.5923021E-02
.5529932E-02
.5246056E-02
.5127030E-02
.5142997E-02
.5090262E-02
.4667623E-02
.3616833E-02
.1817475E-02
-.6924450E-03
-.3719643E-02
-.6764402E-02
-.9033603E-02
-.9768910E-02
-.8547516E-02
-.5391393E-02
-.6891128E-03
.4990546E-02
.1110017E-01
.1724315E-01
.2307140E-01
.2814924E-01
.3208103E-01
.3467831E-01
.3602009E-01
.3639959E-01
.3620650E-01
.3580414E-01
.3544417E-01
.3524954E-01
.3539668E-01
.3632296E-01
.3856105E-01
.4229313E-01
.4689540E-01
.5116888E-01
.5392629E-01
.5445127E-01
.5266400E-01
.4902074E-01
.4425754E-01
.3910814E-01
.3409514E-01
.2944131E-01
.2509734E-01
.2083853E-01
.1638999E-01
.1153738E-01
.6185484E-02
.3607371E-03
-.5828775E-02
-.1224931E-01
-.1879154E-01
-.2540006E-01
-.3207674E-01
-.3886372E-01
-.4580495E-01
-.5290010E-01
-.6009122E-01
-.6698184E-01
-.7248485E-01
-.7541633E-01
-.7524418E-01
-.7226481E-01
-.6746423E-01
-.6229322E-01
-.5817992E-01
-.5604382E-01
-.5582719E-01
-.5614315E-01
-.5488546E-01
-.5022433E-01
-.4108657E-01
-.2664061E-01
-.6136082E-02
.2064425E-01
.5233998E-01
.8482334E-01
.1125897E+00
.1313425E+00
.1396859E+00
.1391371E+00
.1330177E+00
.1250165E+00
.1180201E+00
.1135264E+00
.1116457E+00
.1115175E+00
.1118996E+00
.1117022E+00
.1103136E+00
.1076712E+00
.1041327E+00
.1002404E+00
.9648001E-01
.9301231E-01
.8952057E-01
.8542155E-01
.8018361E-01
.7349935E-01
.6489383E-01
.5336530E-01
.3786125E-01
.1786479E-01
-.6323175E-02
-.3287324E-01
-.5771700E-01
-.7608954E-01
-.8463832E-01
-.8255029E-01
-.7145300E-01
-.5447824E-01
-.3498626E-01
-.1535784E-01
.3487409E-02
.2181211E-01
.4013106E-01
.5745974E-01
.7117679E-01
.7852343E-01
.7795699E-01
.6967246E-01
.5531579E-01
.3720049E-01
.1752068E-01
-.2160519E-02
-.2109436E-01
-.3924630E-01
-.5694975E-01
-.7384574E-01
-.8817892E-01
-.9771004E-01
-.1009187E+00
-.9763010E-01
-.8895007E-01
-.7662869E-01
-.6221218E-01
-.4666748E-01
-.3041691E-01
-.1352667E-01
.4082698E-02
.2246770E-01
.4122858E-01
.5830349E-01
.7028812E-01
.7417944E-01
.6872083E-01
.5483511E-01
.3522809E-01
.1328723E-01
-.8070621E-02
-.2711513E-01
-.4344955E-01
-.5770427E-01
-.7093611E-01
-.8322139E-01
-.9253101E-01
-.9586331E-01
-.9096404E-01
-.7732678E-01
-.5628048E-01
-.3115563E-01
-.7381310E-02
.9438362E-02
.1571057E-01
.1078108E-01
-.3602452E-02
-.2441538E-01
-.4843577E-01
-.7297417E-01
-.9621376E-01
-.1173656E+00
-.1364317E+00
-.1528897E+00
-.1649155E+00
-.1704054E+00
-.1681599E+00
-.1583074E+00
-.1421268E+00
-.1215849E+00
-.9876140E-01
-.7547254E-01
-.5389441E-01
-.3686731E-01
-.2680945E-01
-.2470198E-01
-.2983836E-01
-.4016483E-01
-.5259564E-01
-.6377856E-01
-.7120250E-01
-.7384807E-01
-.7217021E-01
-.6759423E-01
-.6183291E-01
-.5630170E-01
-.5185185E-01
-.4900242E-01
-.4810683E-01
-.4925863E-01
-.5224183E-01
-.5660416E-01
-.6180448E-01
-.6714705E-01
-.7090607E-01
-.7039409E-01
-.6326708E-01
-.4857138E-01
-.2703374E-01
-.1451398E-02
.2305408E-01
.4094149E-01
.4849307E-01
.4487163E-01
.3200807E-01
.1364297E-01
-.6155851E-02
-.2427696E-01
-.3920915E-01
-.5100199E-01
-.6068266E-01
-.6888809E-01
-.7486289E-01
-.7708117E-01
-.7429147E-01
-.6616917E-01
-.5355582E-01
-.3895337E-01
-.2614978E-01
-.1864154E-01
-.1832948E-01
-.2511605E-01
-.3731544E-01
-.5249785E-01
-.6825287E-01
-.8174993E-01
-.8933375E-01
-.8785721E-01
-.7601437E-01
-.5474299E-01
-.2691735E-01
.3622426E-02
.3339292E-01
.5994047E-01
.8138673E-01
.9644106E-01
.1048375E+00
.1074271E+00
.1058402E+00
.1019559E+00
.9754747E-01
.9387529E-01
.9122032E-01
.8904752E-01
.8650281E-01
.8287487E-01
.7785277E-01
.7155877E-01
.6441669E-01
.5695094E-01
.4960513E-01
.4263291E-01
.3607800E-01
.2982575E-01
.2368986E-01
.1760418E-01
.1228652E-01
.9345252E-02
.1042073E-01
.1637868E-01
.2701204E-01
.4117189E-01
.5650122E-01
.6929183E-01
.7587456E-01
.7411550E-01
.6409992E-01
.4793473E-01
.2878499E-01
.1036586E-01
-.3058575E-02
-.7941462E-02
-.2744540E-02
.1169762E-01
.3190710E-01
.5174643E-01
.6469709E-01
.6642462E-01
.5600377E-01
.3610855E-01
.1234882E-01
-.9016548E-02
-.2351388E-01
-.2996472E-01
-.3028335E-01
-.2800200E-01
-.2661908E-01
-.2844047E-01
-.3406182E-01
-.4041351E-01
-.3804986E-01
-.1758911E-01
.2076642E-01
.6757303E-01
.1101266E+00
.1381521E+00
.1467201E+00
.1365611E+00
.1125906E+00
.8150171E-01
.4941909E-01
.2035554E-01
-.4161011E-02
-.2446908E-01
-.4195418E-01
-.5826259E-01
-.7423292E-01
-.8899742E-01
-.1006323E+00
-.1073869E+00
-.1085167E+00
-.1044562E+00
-.9652097E-01
-.8640075E-01
-.7565172E-01
-.6544931E-01
-.5725307E-01
-.5317938E-01
-.5508277E-01
-.6312046E-01
-.7481851E-01
-.8620971E-01
-.9374381E-01
-.9559125E-01
-.9189230E-01
-.8422994E-01
-.7471812E-01
-.6482360E-01
-.5171063E-01
-.2870091E-01
.5506074E-02
.4544550E-01
.8303673E-01
.1115743E+00
.1279128E+00
.1326511E+00
.1289258E+00
.1208263E+00
.1120248E+00
.1054350E+00
.1040487E+00
.1097570E+00
.1210348E+00
.1335492E+00
.1425022E+00
.1446183E+00
.1390142E+00
.1269695E+00
.1109617E+00
.9351438E-01
.7644052E-01
.6056884E-01
.4583406E-01
.3154935E-01
.1681984E-01
.9466005E-03
-.1630907E-01
-.3426093E-01
-.5104954E-01
-.6449249E-01
-.7310908E-01
-.7663369E-01
-.7594097E-01
-.7258103E-01
-.6820045E-01
-.6423997E-01
-.6220489E-01
-.6296953E-01
-.6582724E-01
-.6895227E-01
-.7041274E-01
-.6895951E-01
-.6439544E-01
-.5778949E-01
-.5113890E-01
-.4645556E-01
-.4499814E-01
-.4696687E-01
-.5136588E-01
-.5580952E-01
-.5737036E-01
-.5384582E-01
-.4451028E-01
-.3024632E-01
-.1341355E-01
.2457318E-02
.1389199E-01
.1846217E-01
.1468078E-01
.2123961E-02
-.1832347E-01
-.4356264E-01
-.6704158E-01
-.8096849E-01
-.7973050E-01
-.6249605E-01
-.3501146E-01
-.7312779E-02
.1094571E-01
.1407802E-01
.1826715E-02
-.2156350E-01
-.4980585E-01
-.7700819E-01
-.9915208E-01
-.1145077E+00
-.1227450E+00
-.1241934E+00
-.1191498E+00
-.1072175E+00
-.8808264E-01
-.6345404E-01
-.3732335E-01
-.1417372E-01
.2806933E-02
.1257874E-01
.1611604E-01
.1563610E-01
.1388227E-01
.1401412E-01
.1890655E-01
.3006344E-01
.4699890E-01
.6718033E-01
.8670528E-01
.1019042E+00
.1106004E+00
.1122407E+00
.1075274E+00
.9801385E-01
.8558658E-01
.7195588E-01
.5834571E-01
.4546282E-01
.3354653E-01
.2246819E-01
.1189532E-01
.1444109E-02
-.9414946E-02
-.2140697E-01
-.3446087E-01
-.4630704E-01
-.5336214E-01
-.5280380E-01
-.4404205E-01
-.2869436E-01
-.9618352E-02
.1011899E-01
.2784390E-01
.4181623E-01
.5129143E-01
.5597484E-01
.5591303E-01
.5160736E-01
.4396857E-01
.3425595E-01
.2493441E-01
.1988276E-01
.2253748E-01
.3313122E-01
.4799968E-01
.6172248E-01
.6965341E-01
.6946768E-01
.6144047E-01
.4773153E-01
.3123656E-01
.1454417E-01
-.6909103E-03
-.1340281E-01
-.2207338E-01
-.2501650E-01
-.2126797E-01
-.1106604E-01
.3900268E-02
.2021925E-01
.3383056E-01
.4163684E-01
.4244807E-01
.3699280E-01
.2721724E-01
.1537642E-01
.3325721E-02
-.7826973E-02
-.1759604E-01
-.2587088E-01
-.3258440E-01
-.3713679E-01
-.3856948E-01
-.3617600E-01
-.2993281E-01
-.2053802E-01
-.9124983E-02
.3122917E-02
.1525878E-01
.2619531E-01
.3404206E-01
.3674887E-01
.3310571E-01
.2321810E-01
.8355385E-02
-.9591798E-02
-.2859660E-01
-.4590777E-01
-.5787168E-01
-.6137101E-01
-.5516680E-01
-.4038963E-01
-.1993704E-01
.2755582E-02
.2476413E-01
.4369477E-01
.5753647E-01
.6518016E-01
.6676430E-01
.6351148E-01
.5717248E-01
.4937640E-01
.4124209E-01
.3329083E-01
.2556086E-01
.1782075E-01
.9796873E-02
.1528386E-02
-.6321218E-02
-.1277429E-01
-.1705160E-01
-.1888897E-01
-.1858468E-01
-.1703233E-01
-.1571407E-01
-.1615076E-01
-.1900722E-01
-.2345535E-01
-.2769514E-01
-.2992627E-01
-.2906686E-01
-.2500346E-01
-.1842915E-01
-.1044630E-01
-.2129285E-02
.5778729E-02
.1297468E-01
.1953266E-01
.2549381E-01
.3000282E-01
.3146305E-01
.2845546E-01
.2043056E-01
.7943041E-02
-.6943337E-02
-.2073271E-01
-.3001422E-01
-.3305729E-01
-.3023268E-01
-.2334878E-01
-.1456801E-01
-.5622223E-02
.2530991E-02
.9703666E-02
.1624582E-01
.2272545E-01
.2960665E-01
.3679766E-01
.4352209E-01
.4900160E-01
.5324818E-01
.5692870E-01
.6020590E-01
.6203230E-01
.6083111E-01
.5541518E-01
.4528274E-01
.3028108E-01
.1067423E-01
-.1258705E-01
-.3780134E-01
-.6180840E-01
-.8044472E-01
-.9034708E-01
-.9024824E-01
-.8103566E-01
-.6476693E-01
-.4378014E-01
-.2015375E-01
.4535866E-02
.2894297E-01
.5175737E-01
.7136305E-01
.8550767E-01
.9219488E-01
.9066100E-01
.8172699E-01
.6810663E-01
.5429092E-01
.4488871E-01
.4282157E-01
.4772069E-01
.5568616E-01
.6139349E-01
.6051374E-01
.5116274E-01
.3423963E-01
.1264652E-01
-.1012351E-01
-.3123693E-01
-.4909445E-01
-.6328464E-01
-.7434321E-01
-.8318999E-01
-.9009164E-01
-.9443174E-01
-.9534537E-01
-.9235286E-01
-.8564875E-01
-.7607491E-01
-.6485195E-01
-.5318843E-01
-.4196578E-01
-.3157455E-01
-.2177648E-01
-.1179547E-01
-.7476337E-03
.1195518E-01
.2639602E-01
.4165627E-01
.5533837E-01
.6456729E-01
.6734683E-01
.6326669E-01
.5334966E-01
.3982908E-01
.2611625E-01
.1568825E-01
.1082514E-01
.1203643E-01
.1825682E-01
.2746521E-01
.3702672E-01
.4414065E-01
.4675944E-01
.4417509E-01
.3691712E-01
.2624118E-01
.1361461E-01
.3039321E-03
-.1287284E-01
-.2559711E-01
-.3783086E-01
-.4899190E-01
-.5767246E-01
-.6239205E-01
-.6236111E-01
-.5783030E-01
-.4997671E-01
-.4041166E-01
-.3062678E-01
-.2161393E-01
-.1370142E-01
-.6518380E-02
.6495446E-03
.8264760E-02
.1633687E-01
.2441138E-01
.3140312E-01
.3594712E-01
.3705592E-01
.3454027E-01
.2933319E-01
.2348947E-01
.1933867E-01
.1855323E-01
.2166218E-01
.2803625E-01
.3629718E-01
.4492928E-01
.5278368E-01
.5932524E-01
.6458792E-01
.6864887E-01
.7107739E-01
.7116863E-01
.6842194E-01
.6282205E-01
.5498684E-01
.4664049E-01
.4033103E-01
.3830967E-01
.4155485E-01
.4892727E-01
.5741351E-01
.6360140E-01
.6507175E-01
.6106017E-01
.5236245E-01
.4075483E-01
.2823143E-01
.1636788E-01
.6448671E-02
.6989561E-03
.1417023E-02
.8309115E-02
.1828253E-01
.2722294E-01
.3181198E-01
.3054776E-01
.2385483E-01
.1344982E-01
.1112700E-02
-.1112480E-01
-.2046084E-01
-.2434590E-01
-.2151571E-01
-.1232115E-01
.1565814E-02
.1783973E-01
.3435933E-01
.4970976E-01
.6339192E-01
.7570193E-01
.8740139E-01
.9909765E-01
.1097466E+00
.1162430E+00
.1147554E+00
.1024622E+00
.7872423E-01
.4517224E-01
.5123640E-02
-.3610305E-01
-.7169116E-01
-.9638103E-01
-.1090004E+00
-.1122471E+00
-.1108468E+00
-.1094832E+00
-.1108753E+00
-.1139639E+00
-.1147154E+00
-.1091309E+00
-.9657454E-01
-.8012038E-01
-.6448287E-01
-.5377069E-01
-.5011284E-01
-.5333023E-01
-.5999633E-01
-.6239273E-01
-.5465169E-01
-.3684037E-01
-.1364962E-01
.8775930E-02
.2565609E-01
.3494336E-01
.3729404E-01
.3513220E-01
.3109099E-01
.2644051E-01
.2093558E-01
.1357126E-01
.3392351E-02
-.9993712E-02
-.2593696E-01
-.4196668E-01
-.5450445E-01
-.6053240E-01
-.5878206E-01
-.5019561E-01
-.3748190E-01
-.2405038E-01
-.1370018E-01
-.1009284E-01
-.1549910E-01
-.2998074E-01
-.5097373E-01
-.7402763E-01
-.9462176E-01
-.1095934E+00
-.1177831E+00
-.1197011E+00
-.1164637E+00
-.1092392E+00
-.9939356E-01
-.8889059E-01
-.7985366E-01
-.7380830E-01
-.7126952E-01
-.7178884E-01
-.7431727E-01
-.7766841E-01
-.8089563E-01
-.8348819E-01
-.8537499E-01
-.8679184E-01
-.8809051E-01
-.8919138E-01
-.8818430E-01
-.8172688E-01
-.6801483E-01
-.4890431E-01
-.2874556E-01
-.1207762E-01
-.1861496E-02
.1211154E-02
-.1572706E-02
-.7818971E-02
-.1501814E-01
-.2130412E-01
-.2580281E-01
-.2857588E-01
-.3019654E-01
-.3088348E-01
-.3016919E-01
-.2732306E-01
-.2184256E-01
-.1370867E-01
-.3376385E-02
.8409528E-02
.2073593E-01
.3216331E-01
.4086125E-01
.4545698E-01
.4574942E-01
.4269097E-01
.3784723E-01
.3276665E-01
.2854380E-01
.2602003E-01
.2645822E-01
.3124594E-01
.4112327E-01
.5522812E-01
.7070316E-01
.8342568E-01
.8953409E-01
.8688841E-01
.7555797E-01
.5709466E-01
.3369906E-01
.8448777E-02
-.1514338E-01
-.3417098E-01
-.4599567E-01
-.4806168E-01
-.3955359E-01
-.2214459E-01
.8303831E-03
.2572408E-01
.4966655E-01
.7047574E-01
.8583870E-01
.9382191E-01
.9359676E-01
.8528771E-01
.6970737E-01
.4838721E-01
.2366322E-01
-.1026770E-02
-.2163599E-01
-.3501114E-01
-.3995307E-01
-.3733740E-01
-.2974303E-01
-.2082946E-01
-.1407953E-01
-.1168928E-01
-.1415354E-01
-.2052620E-01
-.2877343E-01
-.3584789E-01
-.3863608E-01
-.3516325E-01
-.2509199E-01
-.9485344E-02
.9775219E-02
.3049165E-01
.5032206E-01
.6730432E-01
.8037461E-01
.8885226E-01
.9158978E-01
.8749864E-01
.7726503E-01
.6479929E-01
.5565651E-01
.5397834E-01
.5916575E-01
.6601782E-01
.6791059E-01
.5987169E-01
.4020641E-01
.1091640E-01
-.2316300E-01
-.5651678E-01
-.8459868E-01
-.1035667E+00
-.1105424E+00
-.1046309E+00
-.8724251E-01
-.6149134E-01
-.3131846E-01
-.1722119E-02
.2172754E-01
.3483688E-01
.3619717E-01
.2726799E-01
.1139226E-01
-.7590295E-02
-.2653230E-01
-.4363098E-01
-.5794472E-01
-.6649772E-01
-.6430887E-01
-.4957536E-01
-.2604087E-01
-.6028764E-03
.2007163E-01
.3189528E-01
.3411894E-01
.2874436E-01
.1944716E-01
.1101310E-01
.7861703E-02
.1155543E-01
.2024198E-01
.3018697E-01
.3769296E-01
.4044587E-01
.3798968E-01
.3142518E-01
.2267147E-01
.1366197E-01
.5779028E-02
-.9811060E-04
-.3256699E-02
-.3275044E-02
-.2093648E-03
.5466705E-02
.1312008E-01
.2219308E-01
.3217875E-01
.4240580E-01
.5179895E-01
.5826094E-01
.5920669E-01
.5296751E-01
.3985904E-01
.2096412E-01
-.2203054E-02
-.2566534E-01
-.4397203E-01
-.5300427E-01
-.5158307E-01
-.4135189E-01
-.2564326E-01
-.8109569E-02
.7636954E-02
.1748553E-01
.1848768E-01
.1048090E-01
-.4224887E-02
-.2210620E-01
-.3915475E-01
-.5123052E-01
-.5527895E-01
-.5030047E-01
-.3740041E-01
-.1908176E-01
.1535554E-02
.2035656E-01
.3315957E-01
.3739561E-01
.3228347E-01
.1860768E-01
-.1669130E-02
-.2586395E-01
-.5016093E-01
-.6993988E-01
-.8148949E-01
-.8330359E-01
-.7627289E-01
-.6298538E-01
-.4670545E-01
-.3039345E-01
-.1596982E-01
-.3896969E-02
.6966348E-02
.1865642E-01
.3304076E-01
.5108099E-01
.7253691E-01
.9579177E-01
.1177472E+00
.1349228E+00
.1448004E+00
.1461016E+00
.1387855E+00
.1240841E+00
.1047827E+00
.8518408E-01
.6961194E-01
.6083047E-01
.5898042E-01
.6136869E-01
.6389859E-01
.6292178E-01
.5644518E-01
.4433823E-01
.2760097E-01
.7606231E-02
-.1432274E-01
-.3716192E-01
-.6020422E-01
-.8262865E-01
-.1034050E+00
-.1217025E+00
-.1372217E+00
-.1502482E+00
-.1614785E+00
-.1717487E+00
-.1817807E+00
-.1918505E+00
-.2011473E+00
-.2079782E+00
-.2107430E+00
-.2086928E+00
-.2021638E+00
-.1923306E+00
-.1807148E+00
-.1687034E+00
-.1572204E+00
-.1466298E+00
-.1370125E+00
-.1288780E+00
-.1230988E+00
-.1196278E+00
-.1166302E+00
-.1114076E+00
-.1017378E+00
-.8669520E-01
-.6675867E-01
-.4339149E-01
-.1841067E-01
.6546535E-02
.3038024E-01
.5267979E-01
.7364053E-01
.9381584E-01
.1137680E+00
.1326267E+00
.1464894E+00
.1502363E+00
.1407959E+00
.1189940E+00
.8879535E-01
.5534006E-01
.2307407E-01
-.5236558E-02
-.2767006E-01
-.4228576E-01
-.4779907E-01
-.4416415E-01
-.3219229E-01
-.1312720E-01
.1148398E-01
.3958935E-01
.6826714E-01
.9440936E-01
.1155650E+00
.1304634E+00
.1392356E+00
.1431680E+00
.1441310E+00
.1438121E+00
.1426224E+00
.1395376E+00
.1330440E+00
.1220979E+00
.1066044E+00
.8739204E-01
.6623603E-01
.4644848E-01
.3203474E-01
.2596108E-01
.2906909E-01
.3987627E-01
.5525881E-01
.7173279E-01
.8641536E-01
.9711882E-01
.1025506E+00
.1025839E+00
.9814901E-01
.9079484E-01
.8213860E-01
.7342880E-01
.6533294E-01
.5795929E-01
.5103943E-01
.4415125E-01
.3678673E-01
.2838670E-01
.1854639E-01
.7185747E-02
-.5314901E-02
-.1811624E-01
-.3026617E-01
-.4108193E-01
-.5034067E-01
-.5820438E-01
-.6453889E-01
-.6839391E-01
-.6855536E-01
-.6433869E-01
-.5627659E-01
-.4615249E-01
-.3621633E-01
-.2820005E-01
-.2259488E-01
-.1871995E-01
-.1531381E-01
-.1116591E-01
-.5540923E-02
.1566689E-02
.9347279E-02
.1658583E-01
.2223553E-01
.2578902E-01
.2735350E-01
.2749027E-01
.2694347E-01
.2637451E-01
.2609302E-01
.2582149E-01
.2482666E-01
.2234327E-01
.1793638E-01
.1163939E-01
.3893210E-02
-.4402420E-02
-.1179880E-01
-.1681386E-01
-.1854227E-01
-.1692248E-01
-.1262706E-01
-.6721852E-02
-.2830955E-03
.5535983E-02
.8413349E-02
.5243793E-02
-.5652856E-02
-.2299816E-01
-.4271399E-01
-.5984156E-01
-.7061416E-01
-.7356628E-01
-.6953032E-01
-.6088848E-01
-.5051450E-01
-.4080229E-01
-.3309635E-01
-.2760957E-01
-.2373801E-01
-.2068287E-01
-.1795068E-01
-.1542688E-01
-.1320695E-01
-.1117254E-01
-.8765068E-02
-.5274506E-02
-.4425890E-03
.4687294E-02
.8131002E-02
.8564236E-02
.6357222E-02
.3137586E-02
.9565225E-03
.1653799E-02
.6291559E-02
.1477919E-01
.2532750E-01
.3476103E-01
.3995738E-01
.3908490E-01
.3205058E-01
.2019668E-01
.5563173E-02
-.9850202E-02
-.2416784E-01
-.3529503E-01
-.4145934E-01
-.4187316E-01
-.3685132E-01
-.2754670E-01
-.1549882E-01
-.2133426E-02
.1139242E-01
.2370445E-01
.3325089E-01
.3891511E-01
.4043327E-01
.3839586E-01
.3393907E-01
.2832324E-01
.2257448E-01
.1729077E-01
.1259220E-01
.8144884E-02
.3382397E-02
-.1991670E-02
-.7260818E-02
-.1088402E-01
-.1135750E-01
-.7903208E-02
-.7279102E-03
.9141757E-02
.2032053E-01
.3147984E-01
.4116317E-01
.4769856E-01
.4980914E-01
.4712866E-01
.4026511E-01
.3049025E-01
.1946989E-01
.9390655E-02
.2482032E-02
.1897827E-03
.2750941E-02
.9307332E-02
.1834052E-01
.2789490E-01
.3581322E-01
.4041749E-01
.4102622E-01
.3799226E-01
.3233299E-01
.2526317E-01
.1782117E-01
.1065536E-01
.3985359E-02
-.2298919E-02
-.8466358E-02
-.1478170E-01
-.2140222E-01
-.2834640E-01
-.3552183E-01
-.4278079E-01
-.4975685E-01
-.5513776E-01
-.5686092E-01
-.5319286E-01
-.4369183E-01
-.2957310E-01
-.1310241E-01
.3372471E-02
.1813469E-01
.2954613E-01
.3488149E-01
.3124372E-01
.1730807E-01
-.4206015E-02
-.2663344E-01
-.4350740E-01
-.5126365E-01
-.4927743E-01
-.3905486E-01
-.2329840E-01
-.4982540E-02
.1283812E-01
.2708881E-01
.3554840E-01
.3774220E-01
.3528383E-01
.3104420E-01
.2786123E-01
.2753512E-01
.2989102E-01
.3246180E-01
.3184265E-01
.2536179E-01
.1204183E-01
-.7249951E-02
-.3011096E-01
-.5350113E-01
-.7485869E-01
-.9261386E-01
-.1051805E+00
-.1104490E+00
-.1068064E+00
-.9421174E-01
-.7453999E-01
-.5084073E-01
-.2620453E-01
-.3074982E-02
.1639767E-01
.3017258E-01
.3687346E-01
.3634481E-01
.2967972E-01
.1874716E-01
.5531564E-02
-.7664243E-02
-.1812051E-01
-.2361459E-01
-.2301283E-01
-.1651157E-01
-.5397174E-02
.8499533E-02
.2336764E-01
.3784440E-01
.5082374E-01
.6056216E-01
.6500069E-01
.6278806E-01
.5400743E-01
.4032983E-01
.2432302E-01
.8421479E-02
-.6092449E-02
-.1945755E-01
-.3286794E-01
-.4754003E-01
-.6263695E-01
-.7373541E-01
-.7500112E-01
-.6226935E-01
-.3543316E-01
.9470096E-03
.3948531E-01
.7209905E-01
.9255252E-01
.9830195E-01
.9068615E-01
.7375006E-01
.5250833E-01
.3132270E-01
.1286611E-01
-.2079516E-02
-.1409607E-01
-.2441500E-01
-.3424577E-01
-.4372322E-01
-.5135388E-01
-.5498293E-01
-.5308488E-01
-.4547458E-01
-.3317443E-01
-.1765866E-01
-.2521589E-03
.1756391E-01
.3294698E-01
.4318876E-01
.4761033E-01
.4754869E-01
.4535026E-01
.4304107E-01
.4153739E-01
.4071690E-01
.3988030E-01
.3832516E-01
.3601520E-01
.3359578E-01
.3189145E-01
.3147848E-01
.3221507E-01
.3300719E-01
.3236008E-01
.2908395E-01
.2268188E-01
.1340045E-01
.1937577E-02
-.1118939E-01
-.2588273E-01
-.4182903E-01
-.5710685E-01
-.6852616E-01
-.7324485E-01
-.6998816E-01
-.5940878E-01
-.4382505E-01
-.2628688E-01
-.9304383E-02
.5867698E-02
.1912175E-01
.3042563E-01
.3904344E-01
.4397580E-01
.4462177E-01
.4111183E-01
.3426656E-01
.2533967E-01
.1565263E-01
.6498364E-02
-.6406992E-03
-.4441111E-02
-.4255625E-02
-.3104937E-03
.6231567E-02
.1327006E-01
.1849025E-01
.2025103E-01
.1798861E-01
.1200744E-01
.3130313E-02
-.7609628E-02
-.1912580E-01
-.2991227E-01
-.3814518E-01
-.4241357E-01
-.4224932E-01
-.3817807E-01
-.3139450E-01
-.2329022E-01
-.1518907E-01
-.8825435E-02
-.6256613E-02
-.8765131E-02
-.1603510E-01
-.2643400E-01
-.3766356E-01
-.4715899E-01
-.5281111E-01
-.5368964E-01
-.5020205E-01
-.4369860E-01
-.3585509E-01
-.2825376E-01
-.2222850E-01
-.1859573E-01
-.1748836E-01
-.1844280E-01
-.2066531E-01
-.2332351E-01
-.2565834E-01
-.2700872E-01
-.2688658E-01
-.2512260E-01
-.2195323E-01
-.1789798E-01
-.1353921E-01
-.9344854E-02
-.5596320E-02
-.2377388E-02
.3068052E-03
.2278699E-02
.3201382E-02
.2735892E-02
.6778055E-03
-.3161818E-02
-.8970174E-02
-.1650447E-01
-.2502063E-01
-.3359915E-01
-.4149535E-01
-.4833886E-01
-.5415206E-01
-.5923209E-01
-.6374704E-01
-.6678433E-01
-.6652654E-01
-.6153239E-01
-.5154594E-01
-.3785750E-01
-.2316354E-01
-.1045464E-01
-.1856610E-02
.1939750E-02
.1595615E-02
-.1342147E-02
-.4852683E-02
-.6893273E-02
-.5688988E-02
-.8342901E-04
.1009153E-01
.2362936E-01
.3789551E-01
.4988681E-01
.5742582E-01
.5968491E-01
.5712289E-01
.5108643E-01
.4324289E-01
.3505311E-01
.2744363E-01
.2073614E-01
.1477472E-01
.9150302E-02
.3430807E-02
-.2675551E-02
-.9247515E-02
-.1613853E-01
-.2305052E-01
-.2967887E-01
-.3583102E-01
-.4147386E-01
-.4671192E-01
-.5168828E-01
-.5606542E-01
-.5858783E-01
-.5778261E-01
-.5285384E-01
-.4399442E-01
-.3219106E-01
-.1878445E-01
-.5020735E-02
.8045682E-02
.1869624E-01
.2452218E-01
.2388079E-01
.1763933E-01
.8970442E-02
.1681370E-02
-.1356593E-02
.9676830E-03
.8017877E-02
.1804248E-01
.2900143E-01
.3915164E-01
.4722658E-01
.5218042E-01
.5316878E-01
.4989030E-01
.4273738E-01
.3260227E-01
.2051388E-01
.7370798E-02
-.6163698E-02
-.1928798E-01
-.3065559E-01
-.3885073E-01
-.4303922E-01
-.4326121E-01
-.4032023E-01
-.3542627E-01
-.2979137E-01
-.2432013E-01
-.1946835E-01
-.1527337E-01
-.1149585E-01
-.7800388E-02
-.3903491E-02
.4429265E-03
.5552275E-02
.1148723E-01
.1787687E-01
.2412978E-01
.2972235E-01
.3438392E-01
.3813764E-01
.4121884E-01
.4383304E-01
.4593197E-01
.4729530E-01
.4772120E-01
.4715577E-01
.4571555E-01
.4362406E-01
.4113334E-01
.3846411E-01
.3576939E-01
.3312404E-01
.3053793E-01
.2798107E-01
.2541140E-01
.2279667E-01
.2012724E-01
.1746219E-01
.1499613E-01
.1298402E-01
.1161207E-01
.1092182E-01
.1080969E-01
.1108057E-01
.1151037E-01
.1178692E-01
.1143734E-01
.1000064E-01
.7201727E-02
.2967254E-02
-.2587119E-02
-.9189103E-02
-.1648507E-01
-.2413065E-01
-.3185759E-01
-.3908425E-01
-.4347027E-01
-.4135898E-01
-.3078840E-01
-.1339474E-01
.6568767E-02
.2432137E-01
.3639822E-01
.4143851E-01
.3998106E-01
.3382864E-01
.2524380E-01
.1621853E-01
.8021175E-02
.1243322E-02
-.3689827E-02
-.6409494E-02
-.6784404E-02
-.5008412E-02
-.1512947E-02
.3178548E-02
.8541133E-02
.1389791E-01
.1836913E-01
.2118656E-01
.2198386E-01
.2087582E-01
.1834375E-01
.1502387E-01
.1149862E-01
.8158218E-02
.5158010E-02
.2457172E-02
-.7926315E-04
-.2431372E-02
-.4261939E-02
-.5109011E-02
-.4646263E-02
-.2823904E-02
.1350144E-03
.3776018E-02
.7358742E-02
.9754646E-02
.9497695E-02
.5368171E-02
-.3081839E-02
-.1540947E-01
-.3052584E-01
-.4710514E-01
-.6360073E-01
-.7746609E-01
-.8565134E-01
-.8598701E-01
-.7808446E-01
-.6345116E-01
-.4479033E-01
-.2496840E-01
-.6250190E-02
.1009284E-01
.2385062E-01
.3560791E-01
.4619775E-01
.5623383E-01
.6592230E-01
.7473328E-01
.8147741E-01
.8498820E-01
.8470978E-01
.8094492E-01
.7492627E-01
.6844542E-01
.6309243E-01
.5943578E-01
.5687243E-01
.5418871E-01
.5022655E-01
.4432684E-01
.3653370E-01
.2780439E-01
.1973244E-01
.1381244E-01
.1082720E-01
.1044169E-01
.1131116E-01
.1162238E-01
.9758885E-02
.4858430E-02
-.2684585E-02
-.1099171E-01
-.1756813E-01
-.2043472E-01
-.1879909E-01
-.1318239E-01
-.5241127E-02
.2646531E-02
.8235879E-02
.1022538E-01
.8573271E-02
.4240231E-02
-.1363259E-02
-.6928482E-02
-.1161394E-01
-.1515899E-01
-.1778269E-01
-.1996073E-01
-.2218620E-01
-.2478935E-01
-.2786637E-01
-.3131410E-01
-.3491863E-01
-.3837082E-01
-.4123245E-01
-.4307800E-01
-.4367486E-01
-.4306279E-01
-.4151083E-01
-.3940214E-01
-.3706749E-01
-.3456108E-01
-.3165458E-01
-.2803777E-01
-.2350737E-01
-.1804403E-01
-.1179801E-01
-.5084714E-02
.1676904E-02
.7940831E-02
.1279298E-01
.1520397E-01
.1448770E-01
.1047276E-01
.3491974E-02
-.5727843E-02
-.1597901E-01
-.2531566E-01
-.3164559E-01
-.3358547E-01
-.3086694E-01
-.2420946E-01
-.1491617E-01
-.4433806E-02
.5830586E-02
.1462208E-01
.2099732E-01
.2452610E-01
.2537493E-01
.2417883E-01
.2177045E-01
.1880056E-01
.1545650E-01
.1156246E-01
.6835751E-02
.1097823E-02
-.5629375E-02
-.1313749E-01
-.2111382E-01
-.2919380E-01
-.3687494E-01
-.4359458E-01
-.4896014E-01
-.5289107E-01
-.5561199E-01
-.5753635E-01
-.5911211E-01
-.6067944E-01
-.6210146E-01
-.6239105E-01
-.6019380E-01
-.5451878E-01
-.4516179E-01
-.3272128E-01
-.1830018E-01
-.3093592E-02
.1195615E-01
.2632919E-01
.3991062E-01
.5287293E-01
.6540944E-01
.7694337E-01
.8593321E-01
.9073886E-01
.9046842E-01
.8528763E-01
.7611696E-01
.6415065E-01
.5053582E-01
.3620556E-01
.2211553E-01
.9498450E-02
-.4353165E-03
-.6965419E-02
-.1010197E-01
-.1052228E-01
-.9331197E-02
-.7695215E-02
-.6499522E-02
-.6077219E-02
-.5959754E-02
-.5179204E-02
-.3089545E-02
.1678489E-03
.3880237E-02
.7331354E-02
.1037207E-01
.1341280E-01
.1704971E-01
.2166697E-01
.2728120E-01
.3361319E-01
.4022280E-01
.4626770E-01
.5025549E-01
.5064969E-01
.4658488E-01
.3816528E-01
.2659327E-01
.1421306E-01
.3691535E-02
-.2994013E-02
-.5045498E-02
-.2836561E-02
.2426997E-02
.9000350E-02
.1472178E-01
.1763248E-01
.1664243E-01
.1176427E-01
.3945372E-02
-.5337972E-02
-.1462945E-01
-.2292870E-01
-.2986702E-01
-.3558141E-01
-.4026335E-01
-.4397939E-01
-.4684426E-01
-.4907496E-01
-.5093463E-01
-.5261616E-01
-.5395931E-01
-.5440299E-01
-.5332939E-01
-.5039420E-01
-.4565817E-01
-.3952214E-01
-.3252915E-01
-.2517404E-01
-.1779693E-01
-.1055481E-01
-.3454716E-02
.3557265E-02
.1050465E-01
.1736696E-01
.2410604E-01
.3069328E-01
.3712463E-01
.4341806E-01
.4955376E-01
.5523805E-01
.5965754E-01
.6181385E-01
.6103872E-01
.5724494E-01
.5089412E-01
.4279375E-01
.3382516E-01
.2468223E-01
.1570688E-01
.6915017E-02
-.1868516E-02
-.1085939E-01
-.2020239E-01
-.2989578E-01
-.3977759E-01
-.4961098E-01
-.5907387E-01
-.6718167E-01
-.7226195E-01
-.7297159E-01
-.6900732E-01
-.6112335E-01
-.5072230E-01
-.3929118E-01
-.2792900E-01
-.1716272E-01
-.7008448E-02
.2835724E-02
.1283815E-01
.2356989E-01
.3528244E-01
.4693362E-01
.5631949E-01
.6126091E-01
.6059496E-01
.5451413E-01
.4435238E-01
.3207392E-01
.1960299E-01
.8282106E-02
-.1353053E-02
-.9485302E-02
-.1673252E-01
-.2381202E-01
-.3126891E-01
-.3911605E-01
-.4636276E-01
-.5138693E-01
-.5272696E-01
-.4969441E-01
-.4256896E-01
-.3238891E-01
-.2052483E-01
-.8305101E-02
.3147626E-02
.1309568E-01
.2115860E-01
.2701781E-01
.3044085E-01
.3140109E-01
.3002312E-01
.2656276E-01
.2141069E-01
.1503567E-01
.7811265E-02
-.1174099E-03
-.8761116E-02
-.1815017E-01
-.2818571E-01
-.3851939E-01
-.4866510E-01
-.5820451E-01
-.6684871E-01
-.7419893E-01
-.7975182E-01
-.8322159E-01
-.8486161E-01
-.8526450E-01
-.8466610E-01
-.8277839E-01
-.7913980E-01
-.7347847E-01
-.6588456E-01
-.5679073E-01
-.4680880E-01
-.3653535E-01
-.2640401E-01
-.1661991E-01
-.7176702E-02
.2064646E-02
.1128284E-01
.2061992E-01
.3012361E-01
.3938374E-01
.4711348E-01
.5173538E-01
.5255206E-01
.5049386E-01
.4758383E-01
.4592255E-01
.4690608E-01
.5091399E-01
.5743275E-01
.6543974E-01
.7384433E-01
.8182637E-01
.8880837E-01
.9379159E-01
.9536318E-01
.9233278E-01
.8404608E-01
.7052325E-01
.5229232E-01
.3009907E-01
.4803083E-02
-.2259799E-01
-.5008151E-01
-.7410082E-01
-.9103756E-01
-.9879154E-01
-.9743208E-01
-.8887936E-01
-.7600908E-01
-.6165637E-01
-.4787980E-01
-.3562633E-01
-.2478727E-01
-.1459637E-01
-.4169644E-02
.6685968E-02
.1692644E-01
.2487802E-01
.2916310E-01
.2927594E-01
.2566985E-01
.1956408E-01
.1274862E-01
.7063908E-02
.3785046E-02
.3314575E-02
.5249350E-02
.8662756E-02
.1214826E-01
.1392694E-01
.1249527E-01
.7180700E-02
-.1730350E-02
-.1319531E-01
-.2563283E-01
-.3699254E-01
-.4522445E-01
-.4902898E-01
-.4823930E-01
-.4370466E-01
-.3684460E-01
-.2911744E-01
-.2156719E-01
-.1460888E-01
-.8125355E-02
-.1717446E-02
.5039556E-02
.1241617E-01
.2045264E-01
.2898278E-01
.3770217E-01
.4597983E-01
.5276081E-01
.5702404E-01
.5825117E-01
.5659504E-01
.5275051E-01
.4766106E-01
.4221100E-01
.3701096E-01
.3232310E-01
.2828363E-01
.2552064E-01
.2473183E-01
.2613442E-01
.2940282E-01
.3386952E-01
.3879829E-01
.4358117E-01
.4752373E-01
.4955703E-01
.4862687E-01
.4420390E-01
.3649768E-01
.2631930E-01
.1474715E-01
.2780740E-02
-.8786748E-02
-.1883168E-01
-.2574932E-01
-.2816874E-01
-.2558580E-01
-.1852500E-01
-.8263883E-02
.3657783E-02
.1590070E-01
.2746097E-01
.3721579E-01
.4392999E-01
.4677443E-01
.4564415E-01
.4111161E-01
.3417738E-01
.2594420E-01
.1733116E-01
.8912779E-02
.9087535E-03
-.6655688E-02
-.1380041E-01
-.2055613E-01
-.2694153E-01
-.3264054E-01
-.3676695E-01
-.3850599E-01
-.3766776E-01
-.3471209E-01
-.3048243E-01
-.2586885E-01
-.2154528E-01
-.1784419E-01
-.1476957E-01
-.1210570E-01
-.9551457E-02
-.6797982E-02
-.3592318E-02
.1894722E-03
.4519025E-02
.9251508E-02
.1419300E-01
.1916768E-01
.2406059E-01
.2873155E-01
.3266308E-01
.3501039E-01
.3504821E-01
.3251159E-01
.2766832E-01
.2117197E-01
.1381135E-01
.6278558E-02
-.8852457E-03
-.7175635E-02
-.1220647E-01
-.1592868E-01
-.1871342E-01
-.2116139E-01
-.2384172E-01
-.2710961E-01
-.3104907E-01
-.3544100E-01
-.3950058E-01
-.4200743E-01
-.4189489E-01
-.3870392E-01
-.3268987E-01
-.2463602E-01
-.1553831E-01
-.6548065E-02
.8195492E-03
.5096620E-02
.5458764E-02
.1980079E-02
-.4507484E-02
-.1279051E-01
-.2168860E-01
-.3030963E-01
-.3761768E-01
-.4190008E-01
-.4140255E-01
-.3526118E-01
-.2413516E-01
-.9958420E-02
.5019595E-02
.1916789E-01
.3182924E-01
.4318906E-01
.5363291E-01
.6239949E-01
.6752888E-01
.6721785E-01
.6091443E-01
.4945801E-01
.3459448E-01
.1827195E-01
.2004106E-02
-.1343595E-01
-.2796183E-01
-.4155200E-01
-.5315845E-01
-.6095725E-01
-.6340794E-01
-.6000293E-01
-.5132793E-01
-.3835076E-01
-.2189159E-01
-.2849127E-02
.1715589E-01
.3558836E-01
.4981365E-01
.5816444E-01
.6039119E-01
.5741717E-01
.5083274E-01
.4236538E-01
.3349286E-01
.2521005E-01
.1793346E-01
.1157951E-01
.5765889E-02
.4198993E-04
-.5928734E-02
-.1212091E-01
-.1781335E-01
-.2187250E-01
-.2335717E-01
-.2192118E-01
-.1787807E-01
-.1199653E-01
-.5189126E-02
.1762634E-02
.8373175E-02
.1448609E-01
.2019752E-01
.2571403E-01
.3123023E-01
.3683463E-01
.4213134E-01
.4594119E-01
.4688112E-01
.4418215E-01
.3804423E-01
.2943367E-01
.1964974E-01
.9916799E-02
.1069264E-02
-.6581102E-02
-.1318498E-01
-.1916763E-01
-.2495595E-01
-.3049855E-01
-.3513649E-01
-.3803477E-01
-.3860436E-01
-.3666381E-01
-.3245708E-01
-.2655151E-01
-.1965040E-01
-.1239157E-01
-.5187688E-02
.1819509E-02
.8693103E-02
.1558570E-01
.2245315E-01
.2860292E-01
.3292136E-01
.3448468E-01
.3301250E-01
.2895478E-01
.2323848E-01
.1689473E-01
.1074424E-01
.5240377E-02
.6269753E-03
-.2749430E-02
-.4517206E-02
-.4515194E-02
-.3099050E-02
-.1221993E-02
-.2106877E-04
-.3471554E-03
-.2515990E-02
-.6290783E-02
-.1087257E-01
-.1507663E-01
-.1781617E-01
-.1852294E-01
-.1742145E-01
-.1542409E-01
-.1365742E-01
-.1294431E-01
-.1336172E-01
-.1427812E-01
-.1478850E-01
-.1415072E-01
-.1203410E-01
-.8549456E-02
-.4119207E-02
.7226586E-03
.5514290E-02
.9980202E-02
.1406595E-01
.1789154E-01
.2165495E-01
.2553700E-01
.2964199E-01
.3398124E-01
.3849243E-01
.4307894E-01
.4765312E-01
.5224937E-01
.5708866E-01
.6199444E-01
.6608660E-01
.6825636E-01
.6763446E-01
.6381687E-01
.5696771E-01
.4773391E-01
.3700996E-01
.2566469E-01
.1430925E-01
.3190063E-02
-.7745861E-02
-.1870299E-01
-.2989380E-01
-.4144281E-01
-.5335475E-01
-.6548695E-01
-.7712855E-01
-.8677315E-01
-.9282248E-01
-.9435479E-01
-.9135181E-01
-.8443251E-01
-.7457489E-01
-.6286073E-01
-.5024646E-01
-.3740037E-01
-.2463604E-01
-.1197175E-01
.6539199E-03
.1260713E-01
.2197071E-01
.2638007E-01
.2424418E-01
.1547410E-01
.1515121E-02
-.1531784E-01
-.3270059E-01
-.4853130E-01
-.6030862E-01
-.6560662E-01
-.6310893E-01
-.5308887E-01
-.3718083E-01
-.1777595E-01
.2687274E-02
.2236828E-01
.4035705E-01
.5646940E-01
.7017795E-01
.8025850E-01
.8551905E-01
.8549169E-01
.8065595E-01
.7222894E-01
.6173195E-01
.5052805E-01
.3932814E-01
.2797381E-01
.1579690E-01
.2126245E-02
-.1337047E-01
-.3057996E-01
-.4885452E-01
-.6670623E-01
-.8180627E-01
-.9042284E-01
-.8829395E-01
-.7264296E-01
-.4348560E-01
-.4968288E-02
.3478288E-01
.6702800E-01
.8583236E-01
.8964028E-01
.8088225E-01
.6434770E-01
.4525432E-01
.2766580E-01
.1366103E-01
.3319943E-02
-.4681926E-02
-.1218586E-01
-.2075218E-01
-.3119576E-01
-.4351110E-01
-.5703705E-01
-.7025437E-01
-.8078532E-01
-.8640199E-01
-.8598477E-01
-.7983602E-01
-.6938592E-01
-.5656031E-01
-.4305598E-01
-.2982929E-01
-.1707046E-01
-.4523006E-02
.8132722E-02
.2108485E-01
.3434776E-01
.4780315E-01
.6127391E-01
.7456699E-01
.8745407E-01
.9962753E-01
.1102089E+00
.1176940E+00
.1207277E+00
.1187877E+00
.1123837E+00
.1027916E+00
.9155999E-01
.8004013E-01
.6909056E-01
.5899102E-01
.4953427E-01
.4025850E-01
.3070210E-01
.2057835E-01
.9835715E-02
-.1380017E-02
-.1282451E-01
-.2425717E-01
-.3551442E-01
-.4651695E-01
-.5719487E-01
-.6747473E-01
-.7732042E-01
-.8675946E-01
-.9587764E-01
-.1047896E+00
-.1136058E+00
-.1224080E+00
-.1311312E+00
-.1389591E+00
-.1442441E+00
-.1453684E+00
-.1415289E+00
-.1329802E+00
-.1207240E+00
-.1060358E+00
-.9010961E-01
-.7382703E-01
-.5766998E-01
-.4176069E-01
-.2595614E-01
-.9901542E-02
.6824066E-02
.2441531E-01
.4202120E-01
.5724975E-01
.6692159E-01
.6854719E-01
.6136731E-01
.4648658E-01
.2633192E-01
.3785184E-02
-.1869183E-01
-.3960232E-01
-.5809858E-01
-.7258292E-01
-.8077416E-01
-.8094572E-01
-.7279665E-01
-.5753722E-01
-.3737060E-01
-.1479058E-01
.7424285E-02
.2601078E-01
.3819896E-01
.4272580E-01
.4007774E-01
.3195521E-01
.2050111E-01
.7675982E-02
-.5118546E-02
-.1718376E-01
-.2844957E-01
-.3924719E-01
-.5002475E-01
-.6095628E-01
-.7137669E-01
-.7977990E-01
-.8460550E-01
-.8499727E-01
-.8109332E-01
-.7380714E-01
-.6429688E-01
-.5357403E-01
-.4234120E-01
-.3096624E-01
-.1954778E-01
-.8026318E-02
.3593529E-02
.1478499E-01
.2454808E-01
.3194347E-01
.3652610E-01
.3850488E-01
.3872668E-01
.3830545E-01
.3812468E-01
.3861859E-01
.3979235E-01
.4137006E-01
.4270478E-01
.4198531E-01
.3659854E-01
.2473293E-01
.6335354E-02
-.1708476E-01
-.4321430E-01
-.6933247E-01
-.9216670E-01
-.1083766E+00
-.1156865E+00
-.1137046E+00
-.1038883E+00
-.8884287E-01
-.7139103E-01
-.5377871E-01
-.3718388E-01
-.2167535E-01
-.6606963E-02
.8841354E-02
.2480158E-01
.3995966E-01
.5221779E-01
.5985517E-01
.6227080E-01
.6007793E-01
.5471761E-01
.4788297E-01
.4100393E-01
.3494283E-01
.2994056E-01
.2576081E-01
.2196071E-01
.1820720E-01
.1442155E-01
.1102805E-01
.9215117E-02
.1044555E-01
.1579139E-01
.2549486E-01
.3874447E-01
.5373579E-01
.6834119E-01
.8067790E-01
.8935569E-01
.9378738E-01
.9425246E-01
.9154138E-01
.8658187E-01
.8020030E-01
.7281381E-01
.6431722E-01
.5436462E-01
.4275823E-01
.2990210E-01
.1680200E-01
.4588535E-02
-.5923504E-02
-.1440452E-01
-.2099636E-01
-.2617677E-01
-.3049177E-01
-.3432039E-01
-.3784644E-01
-.4113206E-01
-.4411546E-01
-.4625805E-01
-.4651114E-01
-.4387511E-01
-.3789667E-01
-.2882662E-01
-.1746416E-01
-.4839122E-02
.8110583E-02
.2066780E-01
.3176054E-01
.3966642E-01
.4277821E-01
.4037044E-01
.3282509E-01
.2134904E-01
.7496279E-02
-.7290395E-02
-.2197683E-01
-.3587213E-01
-.4811583E-01
-.5739943E-01
-.6250446E-01
-.6290540E-01
-.5897326E-01
-.5178256E-01
-.4270822E-01
-.3301224E-01
-.2356234E-01
-.1474663E-01
-.6580306E-02
.1108017E-02
.8319495E-02
.1451732E-01
.1889914E-01
.2097703E-01
.2095438E-01
.1959301E-01
.1783644E-01
.1637450E-01
.1533716E-01
.1439563E-01
.1305521E-01
.1089809E-01
.7719473E-02
.3568072E-02
-.1307340E-02
-.6497272E-02
-.1135592E-01
-.1516001E-01
-.1740730E-01
-.1798158E-01
-.1712689E-01
-.1530884E-01
-.1304076E-01
-.1073827E-01
-.8640118E-02
-.6808940E-02
-.5314482E-02
-.4519266E-02
-.4960662E-02
-.7047476E-02
-.1086741E-01
-.1617198E-01
-.2242554E-01
-.2858787E-01
-.3315016E-01
-.3473545E-01
-.3265634E-01
-.2709187E-01
-.1888092E-01
-.9099217E-02
.1299400E-02
.1167855E-01
.2176465E-01
.3152689E-01
.4054057E-01
.4754835E-01
.5107643E-01
.5019585E-01
.4487286E-01
.3589934E-01
.2460219E-01
.1264062E-01
.2000579E-02
-.5396122E-02
-.8383976E-02
-.6944624E-02
-.2075284E-02
.4713359E-02
.1195610E-01
.1863602E-01
.2435489E-01
.2925738E-01
.3374611E-01
.3805240E-01
.4199856E-01
.4497068E-01
.4622558E-01
.4528053E-01
.4211263E-01
.3713625E-01
.3107873E-01
.2478812E-01
.1897920E-01
.1420130E-01
.1104020E-01
.9967010E-02
.1098833E-01
.1358836E-01
.1697731E-01
.2036838E-01
.2302389E-01
.2430559E-01
.2386259E-01
.2172955E-01
.1837094E-01
.1480080E-01
.1226527E-01
.1163736E-01
.1310189E-01
.1623372E-01
.2028533E-01
.2452812E-01
.2848607E-01
.3184476E-01
.3424830E-01
.3538271E-01
.3512875E-01
.3361918E-01
.3122026E-01
.2843064E-01
.2571391E-01
.2336960E-01
.2149047E-01
.1999685E-01
.1871564E-01
.1746402E-01
.1611669E-01
.1465753E-01
.1317638E-01
.1180428E-01
.1064580E-01
.9724385E-02
.8934958E-02
.8084091E-02
.6987248E-02
.5563870E-02
.3881560E-02
.2104577E-02
.4086938E-03
-.1076969E-02
-.2196742E-02
-.2672004E-02
-.2214714E-02
-.6801191E-03
.1873032E-02
.5220387E-02
.9058950E-02
.1309683E-01
.1703487E-01
.2036426E-01
.2246126E-01
.2293641E-01
.2184219E-01
.1960101E-01
.1679582E-01
.1394829E-01
.1136566E-01
.9113579E-02
.7083153E-02
.5092510E-02
.2997032E-02
.9387449E-03
-.5249059E-03
-.7140596E-03
.8208372E-03
.4122748E-02
.8857957E-02
.1436438E-01
.1945829E-01
.2267862E-01
.2289170E-01
.1964511E-01
.1320880E-01
.4407851E-02
-.5368645E-02
-.1408381E-01
-.1973234E-01
-.2112392E-01
-.1826119E-01
-.1221994E-01
-.4606055E-02
.3061001E-02
.9775436E-02
.1519830E-01
.1959365E-01
.2340767E-01
.2664713E-01
.2887046E-01
.2949302E-01
.2800654E-01
.2418857E-01
.1820971E-01
.1063409E-01
.2325278E-02
-.5833297E-02
-.1321392E-01
-.1954200E-01
-.2454860E-01
-.2764582E-01
-.2823669E-01
-.2622007E-01
-.2213911E-01
-.1691904E-01
-.1149979E-01
-.6573848E-02
-.2515124E-02
.6062347E-03
.2950983E-02
.4691143E-02
.5794681E-02
.6090780E-02
.5433147E-02
.3818338E-02
.1581009E-02
-.4602136E-03
-.1357491E-02
-.4589452E-03
.2365756E-02
.6665027E-02
.1156535E-01
.1594870E-01
.1867066E-01
.1886304E-01
.1619441E-01
.1093262E-01
.3785313E-02
-.4349728E-02
-.1252880E-01
-.1992481E-01
-.2588469E-01
-.2987194E-01
-.3157114E-01
-.3090862E-01
-.2805523E-01
-.2340851E-01
-.1750294E-01
-.1088241E-01
-.3988689E-02
.2877399E-02
.9455215E-02
.1540489E-01
.2016554E-01
.2312428E-01
.2393777E-01
.2268237E-01
.1980240E-01
.1593641E-01
.1171148E-01
.7587041E-02
.3788411E-02
.3263030E-03
-.2926923E-02
-.6144241E-02
-.9467024E-02
-.1296237E-01
-.1661737E-01
-.2032549E-01
-.2370954E-01
-.2612396E-01
-.2697220E-01
-.2598633E-01
-.2331108E-01
-.1940498E-01
-.1485118E-01
-.1017121E-01
-.5708782E-02
-.1632392E-02
.2003170E-02
.5228881E-02
.8122468E-02
.1060305E-01
.1224651E-01
.1250515E-01
.1101899E-01
.7778615E-02
.3148876E-02
-.2032029E-02
-.6591706E-02
-.9493292E-02
-.1020734E-01
-.8829043E-02
-.6048292E-02
-.2904135E-02
-.3709933E-03
.9553688E-03
.9601277E-03
-.1112016E-03
-.2004146E-02
-.4651273E-02
-.8076194E-02
-.1216477E-01
-.1659528E-01
-.2097288E-01
-.2496356E-01
-.2813085E-01
-.2972255E-01
-.2897384E-01
-.2551616E-01
-.1955619E-01
-.1184527E-01
-.3594350E-02
.3774349E-02
.8908335E-02
.1092611E-01
.9618567E-02
.5405070E-02
-.8381232E-03
-.8024434E-02
-.1517813E-01
-.2167684E-01
-.2732508E-01
-.3223914E-01
-.3658376E-01
-.4042313E-01
-.4359632E-01
-.4571404E-01
-.4639242E-01
-.4546547E-01
-.4306241E-01
-.3955019E-01
-.3539985E-01
-.3104773E-01
-.2680036E-01
-.2281776E-01
-.1913822E-01
-.1571078E-01
-.1243767E-01
-.9217075E-02
-.5981455E-02
-.2776926E-02
.2015879E-03
.2725393E-02
.4667612E-02
.6052428E-02
.7024842E-02
.7784666E-02
.8541093E-02
.9504046E-02
.1083100E-01
.1252651E-01
.1440354E-01
.1618544E-01
.1763668E-01
.1864382E-01
.1923678E-01
.1956379E-01
.1966891E-01
.1926310E-01
.1788551E-01
.1518019E-01
.1107351E-01
.5821593E-02
-.9618123E-04
-.6165556E-02
-.1199730E-01
-.1738195E-01
-.2211078E-01
-.2584739E-01
-.2828258E-01
-.2930529E-01
-.2907945E-01
-.2809664E-01
-.2705388E-01
-.2658337E-01
-.2704863E-01
-.2848583E-01
-.3065457E-01
-.3299878E-01
-.3467889E-01
-.3488519E-01
-.3310799E-01
-.2935924E-01
-.2418904E-01
-.1841651E-01
-.1280360E-01
-.7802270E-02
-.3436935E-02
.5915981E-03
.4694231E-02
.9204668E-02
.1427524E-01
.1980420E-01
.2528339E-01
.2993466E-01
.3307488E-01
.3431838E-01
.3361223E-01
.3121871E-01
.2761637E-01
.2334822E-01
.1888033E-01
.1455690E-01
.1067246E-01
.7454255E-02
.4993490E-02
.3218621E-02
.1907849E-02
.7659730E-03
-.4686999E-03
-.1952304E-02
-.3717133E-02
-.5698632E-02
-.7774271E-02
-.9783464E-02
-.1157332E-01
-.1301908E-01
-.1395379E-01
-.1419412E-01
-.1363813E-01
-.1231961E-01
-.1038917E-01
-.8044410E-02
-.5469262E-02
-.2800346E-02
-.1166317E-03
.2555345E-02
.5223424E-02
.7909220E-02
.1063082E-01
.1338868E-01
.1616386E-01
.1892844E-01
.2165864E-01
.2434282E-01
.2697986E-01
.2953536E-01
.3190077E-01
.3394437E-01
.3552770E-01
.3628708E-01
.3563946E-01
.3309756E-01
.2852873E-01
.2222345E-01
.1476408E-01
.6805442E-02
-.1118942E-02
-.8692670E-02
-.1579304E-01
-.2224900E-01
-.2754874E-01
-.3108504E-01
-.3252316E-01
-.3195115E-01
-.2981701E-01
-.2674600E-01
-.2334088E-01
-.2003648E-01
-.1704038E-01
-.1435666E-01
-.1186155E-01
-.9440561E-02
-.7188794E-02
-.5394177E-02
-.4354171E-02
-.4199251E-02
-.4726894E-02
-.5442097E-02
-.5795627E-02
-.5402069E-02
-.4140485E-02
-.2135957E-02
.3046823E-03
.2703463E-02
.4532812E-02
.5417462E-02
.5250732E-02
.4185475E-02
.2552090E-02
.8495549E-03
-.3170406E-03
-.4580114E-03
.6081185E-03
.2664096E-02
.5211530E-02
.7704540E-02
.9745336E-02
.1117458E-01
.1205726E-01
.1259129E-01
.1291645E-01
.1297727E-01
.1259787E-01
.1161784E-01
.9982182E-02
.7762368E-02
.5125246E-02
.2320254E-02
-.3207587E-03
-.2487317E-02
-.4002652E-02
-.4870421E-02
-.5292213E-02
-.5623720E-02
-.6228795E-02
-.7346327E-02
-.9034091E-02
-.1119068E-01
-.1362513E-01
-.1613685E-01
-.1857706E-01
-.2086166E-01
-.2282152E-01
-.2408886E-01
-.2426803E-01
-.2314126E-01
-.2075618E-01
-.1738757E-01
-.1343609E-01
-.9448729E-02
-.6154837E-02
-.4219894E-02
-.3986096E-02
-.5386093E-02
-.8026997E-02
-.1136762E-01
-.1485835E-01
-.1787251E-01
-.1976329E-01
-.2010097E-01
-.1881701E-01
-.1618301E-01
-.1267217E-01
-.8785963E-02
-.4925677E-02
-.1435170E-02
.1328457E-02
.3097049E-02
.3796051E-02
.3574588E-02
.2899678E-02
.2551484E-02
.3307939E-02
.5634544E-02
.9556253E-02
.1456704E-01
.1956209E-01
.2331545E-01
.2502474E-01
.2447882E-01
.2200207E-01
.1824944E-01
.1394860E-01
.9683869E-02
.5779559E-02
.2294947E-02
-.9003138E-03
-.4015774E-02
-.7237333E-02
-.1057074E-01
-.1362864E-01
-.1577869E-01
-.1648448E-01
-.1553846E-01
-.1310623E-01
-.9620735E-02
-.5609039E-02
-.1555442E-02
.2111293E-02
.5062395E-02
.7153279E-02
.8444150E-02
.9146590E-02
.9531355E-02
.9837100E-02
.1019212E-01
.1059205E-01
.1094515E-01
.1107917E-01
.1073795E-01
.9690331E-02
.7838863E-02
.5252829E-02
.2128661E-02
-.1286275E-02
-.4769132E-02
-.8102386E-02
-.1090147E-01
-.1267845E-01
-.1307754E-01
-.1202708E-01
-.9743990E-02
-.6629435E-02
-.3124445E-02
.4132780E-03
.3776028E-02
.6893532E-02
.9693457E-02
.1202501E-01
.1373663E-01
.1476418E-01
.1516281E-01
.1508309E-01
.1471764E-01
.1423261E-01
.1363543E-01
.1272699E-01
.1124076E-01
.8997997E-02
.5984537E-02
.2341714E-02
-.1693449E-02
-.5756666E-02
-.9242082E-02
-.1149199E-01
-.1208758E-01
-.1099507E-01
-.8530513E-02
-.5206879E-02
-.1578319E-02
.1811804E-02
.4518487E-02
.6313129E-02
.7218879E-02
.7453194E-02
.7319766E-02
.7100231E-02
.6970739E-02
.6939746E-02
.6876813E-02
.6611343E-02
.6031151E-02
.5223482E-02
.4530291E-02
.4376016E-02
.5066213E-02
.6681805E-02
.9085098E-02
.1199830E-01
.1502598E-01
.1761010E-01
.1919614E-01
.1945585E-01
.1838538E-01
.1626015E-01
.1350256E-01
.1056274E-01
.7870808E-02
.5750667E-02
.4338820E-02
.3577187E-02
.3271658E-02
.3155769E-02
.2939540E-02
.2393337E-02
.1414894E-02
.6494378E-04
-.1455740E-02
-.2904907E-02
-.4097452E-02
-.4968979E-02
-.5628149E-02
-.6317020E-02
-.7287682E-02
-.8698651E-02
-.1056027E-01
-.1261954E-01
-.1433398E-01
-.1511977E-01
-.1461165E-01
-.1277672E-01
-.9875574E-02
-.6331023E-02
-.2614861E-02
.8050525E-03
.3573944E-02
.5555873E-02
.6871742E-02
.7820290E-02
.8735424E-02
.9848005E-02
.1116178E-01
.1247379E-01
.1351685E-01
.1410454E-01
.1422391E-01
.1401857E-01
.1370230E-01
.1343560E-01
.1317481E-01
.1269455E-01
.1173915E-01
.1015209E-01
.7929706E-02
.5202063E-02
.2171216E-02
-.9596388E-03
-.4040652E-02
-.6999317E-02
-.9834903E-02
-.1258527E-01
-.1524854E-01
-.1774984E-01
-.1999132E-01
-.2188682E-01
-.2331131E-01
-.2411070E-01
-.2415923E-01
-.2340258E-01
-.2189271E-01
-.1978108E-01
-.1727442E-01
-.1457947E-01
-.1188450E-01
-.9380387E-02
-.7225623E-02
-.5495740E-02
-.4194070E-02
-.3328809E-02
-.2922576E-02
-.2973995E-02
-.3432818E-02
-.4164494E-02
-.4890150E-02
-.5266250E-02
-.5030474E-02
-.4090573E-02
-.2528273E-02
-.5411132E-03
.1640282E-02
.3823842E-02
.5896289E-02
.7806037E-02
.9470767E-02
.1075642E-01
.1148574E-01
.1145739E-01
.1054168E-01
.8750894E-02
.6238812E-02
.3245517E-02
.2230303E-04
-.3225504E-02
-.6262599E-02
-.8690386E-02
-.1008000E-01
-.1017725E-01
-.8999687E-02
-.6806586E-02
-.4021103E-02
-.1156763E-02
.1303217E-02
.3015903E-02
.3849395E-02
.3855830E-02
.3201570E-02
.2103716E-02
.7715193E-03
-.6266219E-03
-.1883650E-02
-.2689675E-02
-.2748847E-02
-.1911049E-02
-.2195318E-03
.2126279E-02
.4854678E-02
.7709511E-02
.1051135E-01
.1317671E-01
.1563407E-01
.1767652E-01
.1902204E-01
.1946835E-01
.1898691E-01
.1772480E-01
.1594922E-01
.1397170E-01
.1205855E-01
.1036831E-01
.8935599E-02
.7679329E-02
.6444153E-02
.5074461E-02
.3473646E-02
.1626197E-02
-.4149927E-03
-.2549851E-02
-.4627615E-02
-.6482247E-02
-.7998229E-02
-.9148474E-02
-.9990642E-02
-.1063538E-01
-.1120794E-01
-.1181140E-01
-.1250071E-01
-.1324027E-01
-.1386788E-01
-.1412907E-01
-.1378530E-01
-.1271992E-01
-.1097471E-01
-.8717693E-02
-.6173664E-02
-.3561614E-02
-.1079054E-02
.1123393E-02
.2978013E-02
.4507082E-02
.5798665E-02
.6965402E-02
.8092959E-02
.9194635E-02
.1022425E-01
.1110770E-01
.1174632E-01
.1203433E-01
.1182605E-01
.1094265E-01
.9266534E-02
.6808587E-02
.3712611E-02
.2615667E-03
-.3139938E-02
-.6075554E-02
-.8193905E-02
-.9297368E-02
-.9398344E-02
-.8694233E-02
-.7484529E-02
-.6109924E-02
-.4937190E-02
-.4270862E-02
-.4226631E-02
-.4616197E-02
-.5029866E-02
-.5045922E-02
-.4398698E-02
-.3058160E-02
-.1230981E-02
.7470880E-03
.2557585E-02
.4006380E-02
.5061240E-02
.5820546E-02
.6445007E-02
.7069021E-02
.7687082E-02
.8153148E-02
.8285039E-02
.7972379E-02
.7268883E-02
.6382421E-02
.5568901E-02
.5027639E-02
.4841347E-02
.4901481E-02
.4854990E-02
.4261472E-02
.2807491E-02
.4971205E-03
-.2304655E-02
-.5066164E-02
-.7326348E-02
-.8843997E-02
-.9628535E-02
-.9877086E-02
-.9867166E-02
-.9852880E-02
-.9988161E-02
-.1024495E-01
-.1042319E-01
-.1028106E-01
-.9654123E-02
-.8510488E-02
-.6941391E-02
-.5109229E-02
-.3246587E-02
-.1663321E-02
-.6361777E-03
-.3024850E-03
-.6283406E-03
-.1446839E-02
-.2533519E-02
-.3677152E-02
-.4704798E-02
-.5494081E-02
-.5994927E-02
-.6215375E-02
-.6109337E-02
-.5529569E-02
-.4321239E-02
-.2417561E-02
.1219108E-03
.3095947E-02
.6172319E-02
.8940164E-02
.1101379E-01
.1214484E-01
.1223498E-01
.1133456E-01
.9625324E-02
.7365581E-02
.4820516E-02
.2210556E-02
-.3198892E-03
-.2710674E-02
-.4926896E-02
-.6874003E-02
-.8426296E-02
-.9464564E-02
-.9874545E-02
-.9593904E-02
-.8655283E-02
-.7200718E-02
-.5498527E-02
-.3878844E-02
-.2613007E-02
-.1832604E-02
-.1517206E-02
-.1534748E-02
-.1672163E-02
-.1653317E-02
-.1229884E-02
-.2701230E-03
.1212737E-02
.3091175E-02
.5185460E-02
.7327288E-02
.9403086E-02
.1135297E-01
.1304317E-01
.1419843E-01
.1453714E-01
.1391652E-01
.1238737E-01
.1016057E-01
.7524180E-02
.4785480E-02
.2260650E-02
.2035922E-03
-.1268223E-02
-.2189881E-02
-.2708540E-02
-.3015701E-02
-.3282606E-02
-.3619262E-02
-.4063019E-02
-.4573852E-02
-.5021898E-02
-.5240873E-02
-.5105136E-02
-.4554639E-02
-.3587140E-02
-.2255125E-02
-.6517055E-03
.1115251E-02
.2949896E-02
.4786507E-02
.6594750E-02
.8368875E-02
.1005423E-01
.1148032E-01
.1243827E-01
.1278576E-01
.1245327E-01
.1140612E-01
.9664647E-02
.7322909E-02
.4533890E-02
.1473275E-02
-.1695305E-02
-.4848001E-02
-.7880936E-02
-.1065075E-01
-.1300486E-01
-.1481548E-01
-.1596984E-01
-.1641177E-01
-.1618125E-01
-.1541054E-01
-.1428392E-01
-.1298596E-01
-.1165922E-01
-.1037395E-01
-.9102907E-02
-.7750866E-02
-.6218201E-02
-.4449302E-02
-.2451973E-02
-.3041938E-03
.1843066E-02
.3713845E-02
.4961058E-02
.5368576E-02
.4985371E-02
.4075603E-02
.2982817E-02
.2001161E-02
.1298803E-02
.9037625E-03
.7384461E-03
.6905196E-03
.6903448E-03
.7288173E-03
.8339195E-03
.1038040E-02
.1328766E-02
.1616167E-02
.1774792E-02
.1704411E-02
.1366755E-02
.7891609E-03
.4423955E-04
-.7782520E-03
-.1568259E-02
-.2185072E-02
-.2501803E-02
-.2444705E-02
-.2008973E-02
-.1254568E-02
-.2819612E-03
.8006663E-03
.1905540E-02
.2980628E-02
.4010632E-02
.5004009E-02
.5954672E-02
.6820035E-02
.7545425E-02
.8090723E-02
.8433390E-02
.8571727E-02
.8529204E-02
.8349651E-02
.8085589E-02
.7785252E-02
.7483129E-02
.7202365E-02
.6989905E-02
.6927052E-02
.7090078E-02
.7513344E-02
.8177729E-02
.9022413E-02
.9968817E-02
.1093957E-01
.1184386E-01
.1257791E-01
.1305295E-01
.1321151E-01
.1304461E-01
.1259536E-01
.1194337E-01
.1117911E-01
.1038007E-01
.9600577E-02
.8891213E-02
.8324143E-02
.7984149E-02
.7929871E-02
.8167227E-02
.8649450E-02
.9296633E-02
.1002317E-01
.1076012E-01
.1146723E-01
.1213371E-01
.1276820E-01
.1336349E-01
.1386494E-01
.1419739E-01
.1430760E-01
.1418787E-01
.1387538E-01
.1343534E-01
.1293796E-01
.1243808E-01
.1193770E-01
.1135247E-01
.1055773E-01
.9457597E-02
.8024829E-02
.6273201E-02
.4168067E-02
.1632826E-02
-.1343373E-02
-.4572719E-02
-.7719015E-02
-.1042359E-01
-.1238668E-01
-.1345599E-01
-.1366814E-01
-.1321574E-01
-.1236752E-01
-.1138086E-01
-.1043908E-01
-.9627296E-02
-.8940030E-02
-.8291738E-02
-.7547526E-02
-.6586273E-02
-.5348922E-02
-.3851007E-02
-.2164749E-02
-.3895042E-03
.1303242E-02
.2595758E-02
.3142137E-02
.2731993E-02
.1367436E-02
-.7605098E-03
-.3358592E-02
-.6132276E-02
-.8835027E-02
-.1117476E-01
-.1281200E-01
-.1350017E-01
-.1318774E-01
-.1204519E-01
-.1042278E-01
-.8719078E-02
-.7246126E-02
-.6156338E-02
-.5445188E-02
-.5040658E-02
-.4897123E-02
-.5002634E-02
-.5352796E-02
-.5930215E-02
-.6697741E-02
-.7595573E-02
-.8514130E-02
-.9306630E-02
-.9848558E-02
-.1008342E-01
-.1004648E-01
-.9861590E-02
-.9686934E-02
-.9651793E-02
-.9819212E-02
-.1018157E-01
-.1067726E-01
-.1119368E-01
-.1158569E-01
-.1173223E-01
-.1157498E-01
-.1111011E-01
-.1037136E-01
-.9418944E-02
-.8324784E-02
-.7156189E-02
-.5963468E-02
-.4774710E-02
-.3597767E-02
-.2427275E-02
-.1258026E-02
-.1564740E-03
.6788089E-03
.1001793E-02
.6225415E-03
-.5226395E-03
-.2353470E-02
-.4683335E-02
-.7285658E-02
-.9921124E-02
-.1227655E-01
-.1402033E-01
-.1493643E-01
-.1499905E-01
-.1435838E-01
-.1326671E-01
-.1198765E-01
-.1072413E-01
-.9583575E-02
-.8580996E-02
-.7669062E-02
-.6792383E-02
-.5962732E-02
-.5260812E-02
-.4779912E-02
-.4575258E-02
-.4642775E-02
-.4926143E-02
-.5341184E-02
-.5803762E-02
-.6251243E-02
-.6652180E-02
-.7004497E-02
-.7325442E-02
-.7633986E-02
-.7888601E-02
-.7951050E-02
-.7657403E-02
-.6903460E-02
-.5688316E-02
-.4135517E-02
-.2479069E-02
-.9720125E-03
.2079189E-03
.1008789E-02
.1499402E-02
.1818507E-02
.2112363E-02
.2487416E-02
.2988955E-02
.3590768E-02
.4165328E-02
.4521879E-02
.4499143E-02
.4032201E-02
.3184750E-02
.2136261E-02
.1104284E-02
.2612031E-03
-.3115848E-03
-.6073513E-03
-.6411387E-03
-.4351847E-03
-.2319584E-04
.5496000E-03
.1233079E-02
.1981111E-02
.2758451E-02
.3543434E-02
.4326977E-02
.5108530E-02
.5890003E-02
.6642342E-02
.7266905E-02
.7637701E-02
.7667091E-02
.7338374E-02
.6668339E-02
.5657691E-02
.4312410E-02
.2709071E-02
.1002406E-02
-.6374855E-03
-.2086155E-02
-.3265701E-02
-.4104410E-02
-.4551592E-02
-.4607701E-02
-.4330556E-02
-.3818135E-02
-.3196028E-02
-.2611505E-02
-.2193173E-02
-.2011308E-02
-.2065055E-02
-.2280639E-02
-.2513479E-02
-.2602043E-02
-.2432548E-02
-.1972170E-02
-.1264982E-02
-.4098968E-03
.4672918E-03
.1255638E-02
.1892030E-02
.2373945E-02
.2783706E-02
.3286885E-02
.4056725E-02
.5199315E-02
.6716442E-02
.8464046E-02
.1015749E-01
.1146918E-01
.1212872E-01
.1201143E-01
.1116700E-01
.9780018E-02
.8092646E-02
.6326789E-02
.4631618E-02
.3070253E-02
.1650321E-02
.3561887E-03
-.8173737E-03
-.1814809E-02
-.2540238E-02
-.2918063E-02
-.2933308E-02
-.2637176E-02
-.2125474E-02
-.1512787E-02
-.9410705E-03
-.5680437E-03
-.5114284E-03
-.8036245E-03
-.1346602E-02
-.1924048E-02
-.2300277E-02
-.2315182E-02
-.1927370E-02
-.1203338E-02
-.2726570E-03
.7256349E-03
.1679661E-02
.2492744E-02
.3076978E-02
.3381003E-02
.3408562E-02
.3213104E-02
.2875110E-02
.2475468E-02
.2074938E-02
.1708000E-02
.1413226E-02
.1259661E-02
.1318402E-02
.1626486E-02
.2172077E-02
.2901926E-02
.3734571E-02
.4566452E-02
.5275170E-02
.5741284E-02
.5862443E-02
.5540150E-02
.4713146E-02
.3392997E-02
.1665264E-02
-.3386845E-03
-.2481364E-02
-.4652614E-02
-.6785092E-02
-.8825303E-02
-.1069476E-01
-.1229156E-01
-.1346859E-01
-.1407581E-01
-.1403887E-01
-.1339622E-01
-.1228332E-01
-.1088343E-01
-.9378609E-02
-.7956926E-02
-.6813169E-02
-.6088590E-02
-.5824310E-02
-.5960249E-02
-.6368134E-02
-.6857773E-02
-.7166789E-02
-.7045749E-02
-.6354257E-02
-.5097577E-02
-.3401213E-02
-.1449869E-02
.5775538E-03
.2554276E-02
.4399145E-02
.6017124E-02
.7307057E-02
.8210227E-02
.8737402E-02
.8962193E-02
.8992273E-02
.8931566E-02
.8840568E-02
.8727558E-02
.8573574E-02
.8386586E-02
.8230192E-02
.8190330E-02
.8332105E-02
.8675502E-02
.9194479E-02
.9832686E-02
.1052406E-01
.1120990E-01
.1185210E-01
.1243792E-01
.1297612E-01
.1348754E-01
.1398854E-01
.1444828E-01
.1478050E-01
.1489209E-01
.1473079E-01
.1430390E-01
.1366995E-01
.1291337E-01
.1212214E-01
.1141233E-01
.1093594E-01
.1082118E-01
.1111926E-01
.1179205E-01
.1273609E-01
.1382394E-01
.1494314E-01
.1600830E-01
.1692343E-01
.1758319E-01
.1791251E-01
.1786097E-01
.1738886E-01
.1649033E-01
.1521021E-01
.1363724E-01
.1188129E-01
.1005576E-01
.8260844E-02
.6562367E-02
.4982148E-02
.3503629E-02
.2091968E-02
.7416289E-03
-.4976662E-03
-.1539283E-02
-.2287862E-02
-.2683710E-02
-.2730547E-02
-.2493207E-02
-.2072009E-02
-.1570394E-02
-.1061169E-02
-.5481975E-03
.2686530E-04
.7384585E-03
.1635640E-02
.2722884E-02
.3956673E-02
.5211044E-02
.6280220E-02
.6965661E-02
.7149399E-02
.6823834E-02
.6080758E-02
.5069222E-02
.3943853E-02
.2820585E-02
.1751184E-02
.7294894E-03
-.2833330E-03
-.1330927E-02
-.2441928E-02
-.3610751E-02
-.4747921E-02
-.5691477E-02
-.6289568E-02
-.6472010E-02
-.6300561E-02
-.5957974E-02
-.5663682E-02
-.5587294E-02
-.5802527E-02
-.6286529E-02
-.6946633E-02
-.7637293E-02
-.8194560E-02
-.8495538E-02
-.8496213E-02
-.8232228E-02
-.7791421E-02
-.7275976E-02
-.6769679E-02
-.6319759E-02
-.5934947E-02
-.5595936E-02
-.5275070E-02
-.4979025E-02
-.4768009E-02
-.4719625E-02
-.4886162E-02
-.5273243E-02
-.5841293E-02
-.6504197E-02
-.7121201E-02
-.7542615E-02
-.7669493E-02
-.7483194E-02
-.7038192E-02
-.6431292E-02
-.5771625E-02
-.5191274E-02
-.4837183E-02
-.4817254E-02
-.5161317E-02
-.5819842E-02
-.6683148E-02
-.7591573E-02
-.8375419E-02
-.8914009E-02
-.9168167E-02
-.9176465E-02
-.9025591E-02
-.8813009E-02
-.8616066E-02
-.8472016E-02
-.8338428E-02
-.8080625E-02
-.7542732E-02
-.6624552E-02
-.5317410E-02
-.3695906E-02
-.1882027E-02
-.1700822E-04
.1748260E-02
.3290462E-02
.4551593E-02
.5547756E-02
.6350032E-02
.7051399E-02
.7728255E-02
.8380888E-02
.8922331E-02
.9239365E-02
.9256191E-02
.8965209E-02
.8419778E-02
.7686388E-02
.6803545E-02
.5785038E-02
.4636982E-02
.3377496E-02
.2072112E-02
.8299497E-03
-.2448778E-03
-.1094344E-02
-.1720362E-02
-.2177451E-02
-.2566286E-02
-.3006571E-02
-.3592822E-02
-.4366453E-02
-.5313096E-02
-.6379371E-02
-.7486416E-02
-.8524796E-02
-.9361117E-02
-.9869884E-02
-.9983062E-02
-.9714014E-02
-.9145521E-02
-.8395436E-02
-.7578256E-02
-.6771809E-02
-.5982509E-02
-.5151616E-02
-.4219128E-02
-.3189158E-02
-.2125496E-02
-.1111279E-02
-.2109585E-03
.5496708E-03
.1184247E-02
.1732928E-02
.2244417E-02
.2759903E-02
.3297085E-02
.3818226E-02
.4236025E-02
.4462642E-02
.4450673E-02
.4182914E-02
.3610408E-02
.2660973E-02
.1292110E-02
-.4766504E-03
-.2562455E-02
-.4798746E-02
-.6928007E-02
-.8694256E-02
-.9942305E-02
-.1065869E-01
-.1095099E-01
-.1099065E-01
-.1094961E-01
-.1095300E-01
-.1105758E-01
-.1124457E-01
-.1143775E-01
-.1154862E-01
-.1151590E-01
-.1132460E-01
-.1100258E-01
-.1061182E-01
-.1024499E-01
-.9996718E-02
-.9927734E-02
-.1004926E-01
-.1033592E-01
-.1074667E-01
-.1123813E-01
-.1177311E-01
-.1232578E-01
-.1288253E-01
-.1343997E-01
-.1400073E-01
-.1456599E-01
-.1512671E-01
-.1566377E-01
-.1612962E-01
-.1643116E-01
-.1647085E-01
-.1619576E-01
-.1561965E-01
-.1482071E-01
-.1391503E-01
-.1301494E-01
-.1219640E-01
-.1148671E-01
-.1087067E-01
-.1030760E-01
-.9747870E-02
-.9149007E-02
-.8488268E-02
-.7765416E-02
-.6997408E-02
-.6208535E-02
-.5421906E-02
-.4672651E-02
-.4036966E-02
-.3606908E-02
-.3443933E-02
-.3553314E-02
-.3882616E-02
-.4311740E-02
-.4669063E-02
-.4798465E-02
-.4616131E-02
-.4133440E-02
-.3441979E-02
-.2667306E-02
-.1921096E-02
-.1270577E-02
-.7337155E-03
-.3102979E-03
-.9866205E-05
.1551968E-03
.1834414E-03
.8997829E-04
-.9955356E-04
-.3587676E-03
-.6651040E-03
-.1001369E-02
-.1355345E-02
-.1718913E-02
-.2072416E-02
-.2352454E-02
-.2470375E-02
-.2357767E-02
-.1995876E-02
-.1418186E-02
-.6929564E-03
.9439347E-04
.8422089E-03
.1454545E-02
.1873475E-02
.2095614E-02
.2183321E-02
.2255022E-02
.2435076E-02
.2805620E-02
.3385615E-02
.4138048E-02
.4993746E-02
.5875935E-02
.6718542E-02
.7481826E-02
.8157313E-02
.8747611E-02
.9235937E-02
.9593406E-02
.9800735E-02
.9861425E-02
.9801572E-02
.9661656E-02
.9499764E-02
.9405439E-02
.9473285E-02
.9763495E-02
.1028235E-01
.1098759E-01
.1180943E-01
.1267579E-01
.1353123E-01
.1433142E-01
.1500203E-01
.1544798E-01
.1559417E-01
.1538121E-01
.1476102E-01
.1372480E-01
.1231839E-01
.1063233E-01
.8776096E-02
.6849771E-02
.4927574E-02
.3070081E-02
.1331981E-02
-.2516938E-03
-.1666462E-02
-.2901759E-02
-.3923181E-02
-.4672004E-02
-.5104311E-02
-.5221313E-02
-.5073527E-02
-.4743896E-02
-.4322415E-02
-.3894347E-02
-.3557456E-02
-.3407676E-02
-.3502953E-02
-.3840448E-02
-.4360314E-02
-.4974223E-02
-.5598419E-02
-.6176726E-02
-.6688502E-02
-.7142605E-02
-.7550349E-02
-.7888739E-02
-.8109231E-02
-.8165291E-02
-.8010236E-02
-.7598371E-02
-.6909479E-02
-.5964035E-02
-.4818781E-02
-.3549104E-02
-.2238371E-02
-.9785280E-03
.1513682E-03
.1110039E-02
.1901703E-02
.2566243E-02
.3159705E-02
.3734714E-02
.4326996E-02
.4950848E-02
.5602595E-02
.6261560E-02
.6867936E-02
.7330731E-02
.7572478E-02
.7563606E-02
.7329442E-02
.6935761E-02
.6480702E-02
.6092157E-02
.5891922E-02
.5965888E-02
.6344331E-02
.6997516E-02
.7851715E-02
.8816930E-02
.9813736E-02
.1078943E-01
.1169875E-01
.1244803E-01
.1291462E-01
.1301024E-01
.1271993E-01
.1210328E-01
.1126686E-01
.1032668E-01
.9376582E-02
.8471108E-02
.7624384E-02
.6821699E-02
.6056293E-02
.5388126E-02
.4925842E-02
.4763261E-02
.4934594E-02
.5400817E-02
.6028604E-02
.6598392E-02
.6891841E-02
.6775854E-02
.6235794E-02
.5357823E-02
.4281389E-02
.3148406E-02
.2102885E-02
.1321521E-02
.9631486E-03
.1105916E-02
.1730892E-02
.2740969E-02
.3998578E-02
.5366971E-02
.6729787E-02
.7994368E-02
.9106096E-02
.1005152E-01
.1081461E-01
.1134507E-01
.1158950E-01
.1151940E-01
.1110276E-01
.1029662E-01
.9083261E-02
.7495488E-02
.5613817E-02
.3543730E-02
.1388356E-02
-.7588522E-03
-.2800186E-02
-.4640236E-02
-.6157441E-02
-.7216107E-02
-.7732829E-02
-.7718126E-02
-.7270709E-02
-.6532157E-02
-.5634476E-02
-.4672515E-02
-.3699809E-02
-.2763927E-02
-.1945207E-02
-.1331412E-02
-.9763846E-03
-.8757886E-03
-.9425429E-03
-.1017621E-02
-.9376222E-03
-.5972585E-03
.2494004E-04
.8722043E-03
.1813945E-02
.2678900E-02
.3322259E-02
.3674202E-02
.3749524E-02
.3625276E-02
.3403443E-02
.3174928E-02
.2997001E-02
.2887721E-02
.2846366E-02
.2895177E-02
.3078426E-02
.3433659E-02
.3970481E-02
.4666367E-02
.5475984E-02
.6346322E-02
.7212247E-02
.7966056E-02
.8484141E-02
.8682899E-02
.8550278E-02
.8142152E-02
.7555072E-02
.6899507E-02
.6316359E-02
.5969287E-02
.5983212E-02
.6398346E-02
.7166068E-02
.8177862E-02
.9305582E-02
.1042566E-01
.1143886E-01
.1229213E-01
.1298435E-01
.1355449E-01
.1405977E-01
.1455294E-01
.1506343E-01
.1558971E-01
.1611006E-01
.1659860E-01
.1702859E-01
.1735855E-01
.1754312E-01
.1755672E-01
.1740586E-01
.1712548E-01
.1676534E-01
.1637029E-01
.1593937E-01
.1541090E-01
.1470372E-01
.1376380E-01
.1258754E-01
.1121869E-01
.9728470E-02
.8190780E-02
.6669520E-02
.5233189E-02
.3949714E-02
.2860726E-02
.1966879E-02
.1231114E-02
.5928805E-03
-.1260126E-04
-.6357670E-03
-.1302632E-02
-.2013265E-02
-.2725186E-02
-.3342287E-02
-.3758468E-02
-.3907907E-02
-.3788149E-02
-.3452482E-02
-.2968318E-02
-.2353644E-02
-.1575508E-02
-.5957162E-03
.5770288E-03
.1877851E-02
.3212754E-02
.4473971E-02
.5557983E-02
.6375115E-02
.6845626E-02
.6927521E-02
.6639043E-02
.6058220E-02
.5316778E-02
.4568329E-02
.3937798E-02
.3488351E-02
.3217231E-02
.3074296E-02
.2987770E-02
.2869986E-02
.2626308E-02
.2187786E-02
.1534605E-02
.6960807E-03
-.2661153E-03
-.1278225E-02
-.2275385E-02
-.3217511E-02
-.4094261E-02
-.4918825E-02
-.5704195E-02
-.6418100E-02
-.6988709E-02
-.7348630E-02
-.7469687E-02
-.7372418E-02
-.7115165E-02
-.6788678E-02
-.6529923E-02
-.6484990E-02
-.6750145E-02
-.7332687E-02
-.8138768E-02
-.9015803E-02
-.9818106E-02
-.1045435E-01
-.1090336E-01
-.1118619E-01
-.1129561E-01
-.1118456E-01
-.1080667E-01
-.1015007E-01
-.9247490E-02
-.8164862E-02
-.6980350E-02
-.5763981E-02
-.4578751E-02
-.3495638E-02
-.2576401E-02
-.1855835E-02
-.1346374E-02
-.1039429E-02
-.9046287E-03
-.8949337E-03
-.9441401E-03
-.9659090E-03
-.8805733E-03
-.6425026E-03
-.2498020E-03
.2638445E-03
.8470551E-03
.1449874E-02
.2037146E-02
.2593852E-02
.3126115E-02
.3659817E-02
.4227557E-02
.4852844E-02
.5523101E-02
.6150652E-02
.6603310E-02
.6765417E-02
.6572716E-02
.6028061E-02
.5195432E-02
.4174447E-02
.3068552E-02
.1968146E-02
.9572810E-03
.1084590E-03
-.5195306E-03
-.8935732E-03
-.1020036E-02
-.9429899E-03
-.7288530E-03
-.4493709E-03
-.1755015E-03
.3342915E-04
.1442240E-03
.1545596E-03
.8657253E-04
-.2586707E-04
-.1500312E-03
-.2634270E-03
-.3549447E-03
-.4118797E-03
-.4135070E-03
-.3409692E-03
-.1872733E-03
.3978851E-04
.3212569E-03
.6272041E-03
.8870599E-03
.9886671E-03
.8301641E-03
.3650885E-03
-.3847974E-03
-.1345463E-02
-.2415468E-02
-.3470644E-02
-.4385333E-02
-.5074278E-02
-.5516474E-02
-.5750864E-02
-.5852789E-02
-.5903815E-02
-.5964059E-02
-.6041327E-02
-.6088921E-02
-.6040766E-02
-.5848182E-02
-.5498826E-02
-.5016793E-02
-.4449026E-02
-.3847390E-02
-.3259513E-02
-.2748598E-02
-.2391677E-02
-.2246273E-02
-.2326279E-02
-.2600191E-02
-.3006485E-02
-.3476154E-02
-.3952405E-02
-.4401786E-02
-.4815225E-02
-.5201831E-02
-.5578970E-02
-.5959481E-02
-.6337695E-02
-.6692738E-02
-.7002282E-02
-.7256325E-02
-.7475547E-02
-.7708579E-02
-.8007313E-02
-.8399001E-02
-.8844549E-02
-.9237225E-02
-.9458664E-02
-.9432730E-02
-.9149158E-02
-.8661228E-02
-.8094165E-02
-.7627298E-02
-.7422350E-02
-.7563817E-02
-.8041624E-02
-.8771906E-02
-.9637741E-02
-.1052890E-01
-.1134165E-01
-.1195363E-01
-.1225688E-01
-.1220299E-01
-.1181771E-01
-.1118437E-01
-.1041709E-01
-.9649917E-02
-.9008947E-02
-.8573891E-02
-.8359971E-02
-.8326524E-02
-.8398865E-02
-.8493719E-02
-.8545497E-02
-.8521300E-02
-.8421941E-02
-.8275018E-02
-.8131879E-02
-.8051816E-02
-.8077769E-02
-.8222309E-02
-.8468235E-02
-.8779713E-02
-.9113055E-02
-.9407367E-02
-.9587620E-02
-.9595081E-02
-.9410115E-02
-.9055204E-02
-.8581797E-02
-.8052701E-02
-.7532593E-02
-.7075343E-02
-.6710070E-02
-.6437124E-02
-.6234434E-02
-.6069625E-02
-.5913045E-02
-.5753538E-02
-.5605715E-02
-.5497112E-02
-.5451068E-02
-.5468026E-02
-.5484711E-02
-.5380634E-02
-.5039365E-02
-.4399746E-02
-.3472906E-02
-.2327848E-02
-.1061912E-02
.2137485E-03
.1381097E-02
.2348817E-02
.3080629E-02
.3598962E-02
.3967024E-02
.4258541E-02
.4509807E-02
.4696653E-02
.4764180E-02
.4666015E-02
.4388593E-02
.3954344E-02
.3402904E-02
.2766668E-02
.2065368E-02
.1304447E-02
.4520903E-03
-.5564598E-03
-.1779409E-02
-.3237177E-02
-.4904399E-02
-.6721811E-02
-.8603289E-02
-.1041828E-01
-.1202174E-01
-.1331284E-01
-.1426899E-01
-.1494269E-01
-.1543230E-01
-.1584373E-01
-.1623415E-01
-.1654278E-01
-.1662471E-01
-.1634278E-01
-.1605976E-01
-.1493836E-01
-.1352820E-01
-.1197067E-01
-.1043670E-01
-.9103951E-02
-.8097971E-02
-.7454493E-02
-.7122348E-02
-.6995699E-02
-.6956726E-02
-.6911001E-02
-.6804325E-02
-.6603909E-02
-.6273904E-02
-.5785322E-02
-.5131642E-02
-.4334526E-02
-.3457794E-02
-.2613167E-02
-.1917672E-02
-.1446665E-02
-.1211629E-02
-.1159076E-02
-.1187850E-02
-.1189938E-02
-.1088087E-02
-.8535926E-03
-.5068524E-03
-.1185331E-03
.2128948E-03
.4037908E-03
.4150949E-03
.2582206E-03
-.1421697E-04
-.2991350E-03
-.4529909E-03
-.3502534E-03
.6810641E-04
.7821083E-03
.1712070E-02
.2753770E-02
.3805584E-02
.4779578E-02
.5617922E-02
.6304738E-02
.6862573E-02
.7336984E-02
.7777353E-02
.8221984E-02
.8690413E-02
.9184280E-02
.9691541E-02
.1018252E-01
.1060996E-01
.1092911E-01
.1111416E-01
.1115995E-01
.1108122E-01
.1090794E-01
.1067643E-01
.1042009E-01
.1016910E-01
.9960977E-02
.9833882E-02
.9810909E-02
.9892038E-02
.1005681E-01
.1027345E-01
.1050776E-01
.1070361E-01
.1076259E-01
.1058320E-01
.1010878E-01
.9347815E-02
.8368152E-02
.7280242E-02
.6202151E-02
.5221699E-02
.4376642E-02
.3660961E-02
.3065958E-02
.2605492E-02
.2300597E-02
.2158607E-02
.2156768E-02
.2225161E-02
.2266096E-02
.2194776E-02
.1967872E-02
.1598627E-02
.1174955E-02
.8314138E-03
.6868843E-03
.7996093E-03
.1156622E-02
.1691358E-02
.2315268E-02
.2950538E-02
.3552704E-02
.4113070E-02
.4647563E-02
.5181527E-02
.5736027E-02
.6308006E-02
.6843283E-02
.7257016E-02
.7478788E-02
.7482650E-02
.7292121E-02
.6965484E-02
.6572564E-02
.6172628E-02
.5784962E-02
.5360156E-02
.4809265E-02
.4056504E-02
.3076361E-02
.1922028E-02
.7226749E-03
-.3739846E-03
-.1261492E-02
-.1904320E-02
-.2335619E-02
-.2639620E-02
-.2921860E-02
-.3271431E-02
-.3735661E-02
-.4315465E-02
-.4977325E-02
-.5672364E-02
-.6337622E-02
-.6880393E-02
-.7206972E-02
-.7264841E-02
-.7060955E-02
-.6653056E-02
-.6129336E-02
-.5607929E-02
-.5219994E-02
-.5063071E-02
-.5169688E-02
-.5502358E-02
-.5932601E-02
-.6247386E-02
-.6238636E-02
-.5788025E-02
-.4897819E-02
-.3669587E-02
-.2253948E-02
-.7964237E-03
.6007134E-03
.1887821E-02
.3022317E-02
.3934614E-02
.4554215E-02
.4844117E-02
.4820022E-02
.4545571E-02
.4111507E-02
.3632141E-02
.3252413E-02
.3104415E-02
.3258711E-02
.3707501E-02
.4380213E-02
.5176937E-02
.5993104E-02
.6698528E-02
.7149274E-02
.7245132E-02
.6970064E-02
.6406673E-02
.5707871E-02
.5033493E-02
.4496442E-02
.4139106E-02
.3940071E-02
.3846771E-02
.3821366E-02
.3854253E-02
.3952197E-02
.4123383E-02
.4367591E-02
.4673717E-02
.5022469E-02
.5391869E-02
.5757046E-02
.6068250E-02
.6254686E-02
.6263615E-02
.6087014E-02
.5760068E-02
.5342507E-02
.4896250E-02
.4473787E-02
.4129990E-02
.3917990E-02
.3868122E-02
.3966650E-02
.4139823E-02
.4281563E-02
.4300771E-02
.4152601E-02
.3844401E-02
.3421874E-02
.2946066E-02
.2471666E-02
.2033269E-02
.1641833E-02
.1289292E-02
.9594613E-03
.6499160E-03
.3827153E-03
.1888870E-03
.8958529E-04
.8642458E-04
.1624844E-03
.2931567E-03
.4585490E-03
.6466031E-03
.8510582E-03
.1066677E-02
.1281848E-02
.1479883E-02
.1646403E-02
.1774799E-02
.1867428E-02
.1933208E-02
.1983684E-02
.2029303E-02
.2077009E-02
.2132712E-02
.2208413E-02
.2319372E-02
.2475870E-02
.2678353E-02
.2917821E-02
.3182110E-02
.3463591E-02
.3759640E-02
.4069559E-02
.4391917E-02
.4723480E-02
.5057807E-02
.5371463E-02
.5616848E-02
.5739259E-02
.5676472E-02
.5370419E-02
.4799685E-02
.4045453E-02
.3345027E-02
.2991131E-02
.3194198E-02
.4008479E-02
.5336842E-02
.6983735E-02
.8681710E-02
.1012614E-01
.1107781E-01
.1144088E-01
.1127184E-01
.1072669E-01
.9950815E-02
.9003062E-02
.7876240E-02
.6545838E-02
.5007421E-02
.3290727E-02
.1453517E-02
-.4348590E-03
-.2305713E-02
-.4038339E-02
-.5410782E-02
-.6198705E-02
-.6321978E-02
-.5907865E-02
-.5213074E-02
-.4468666E-02
-.3768467E-02
-.3083225E-02
-.2328392E-02
-.1427789E-02
-.3506456E-03
.8732992E-03
.2147068E-02
.3321515E-02
.4219097E-02
.4698447E-02
.4710868E-02
.4310380E-02
.3623049E-02
.2798291E-02
.1964151E-02
.1200481E-02
.5416252E-03
.2262638E-04
-.3047105E-03
-.4146697E-03
-.3910696E-03
-.4226248E-03
-.7033619E-03
-.1346600E-02
-.2353826E-02
-.3634017E-02
-.5048348E-02
-.6415434E-02
-.7479444E-02
-.7993109E-02
-.7827799E-02
-.7016005E-02
-.5721561E-02
-.4170142E-02
-.2606444E-02
-.1304946E-02
-.5042889E-03
-.3193736E-03
-.7132931E-03
-.1532119E-02
-.2572305E-02
-.3643899E-02
-.4594587E-02
-.5321909E-02
-.5789743E-02
-.6025789E-02
-.6097793E-02
-.6066275E-02
-.5945905E-02
-.5718770E-02
-.5364971E-02
-.4883927E-02
-.4314083E-02
-.3754738E-02
-.3330711E-02
-.3131489E-02
-.3166555E-02
-.3368155E-02
-.3632712E-02
-.3865217E-02
-.4007443E-02
-.4045417E-02
-.4000298E-02
-.3912654E-02
-.3832721E-02
-.3806831E-02
-.3860990E-02
-.3986794E-02
-.4126698E-02
-.4197080E-02
-.4130710E-02
-.3903184E-02
-.3535498E-02
-.3083980E-02
-.2631045E-02
-.2258933E-02
-.2019817E-02
-.1923029E-02
-.1940996E-02
-.2026320E-02
-.2130554E-02
-.2215841E-02
-.2258315E-02
-.2250125E-02
-.2197930E-02
-.2117353E-02
-.2026066E-02
-.1938198E-02
-.1863177E-02
-.1808954E-02
-.1781210E-02
-.1780716E-02
-.1802866E-02
-.1839486E-02
-.1881479E-02
-.1919694E-02
-.1944629E-02
-.1949152E-02
-.1931058E-02
-.1893268E-02
-.1842096E-02
-.1785448E-02
-.1732366E-02
-.1690765E-02
-.1664634E-02
-.1653208E-02
-.1652073E-02
-.1655116E-02
-.1654815E-02
-.1642871E-02
-.1613167E-02
-.1563654E-02
-.1496636E-02
-.1417645E-02
-.1333292E-02
-.1248247E-02
-.1163823E-02
-.1079338E-02
-.9939584E-03
-.9077822E-03
-.8220584E-03
-.7390450E-03
-.6639266E-03
-.6052405E-03
-.5703137E-03
-.5613550E-03
-.5746653E-03
-.6019980E-03
-.6312846E-03
-.6498542E-03
-.6492854E-03
-.6277975E-03
-.5895293E-03
-.5420441E-03
-.4942576E-03
-.4543142E-03
-.4270423E-03
-.4125979E-03
-.4072101E-03
-.4057234E-03
-.4041460E-03
-.4005916E-03
-.3949519E-03
-.3881184E-03
-.3811856E-03
-.3749105E-03
-.3694627E-03
-.3643732E-03
-.3587991E-03
-.3519657E-03
-.3434775E-03
-.3334190E-03
-.3227414E-03
-.3133486E-03
-.3068511E-03
-.3027298E-03
-.2982566E-03
-.2903410E-03
-.2771255E-03
-.2586752E-03
-.2368690E-03
-.2144223E-03
-.1936852E-03
-.1759723E-03
-.1615280E-03
-.1497706E-03
-.1396621E-03
-.1301030E-03
-.1202368E-03
-.1095989E-03
-.9810975E-04
-.8594875E-04
-.7339618E-04
-.6070468E-04
-.4802335E-04
-.3539048E-04
-.2276206E-04
-.1006331E-04
.2771399E-05
.1577077E-04
.2893152E-04
.4225387E-04
.5578027E-04
.6953847E-04
.8350280E-04
.9757652E-04
.1116002E-03
.1254112E-03
.1389096E-03
.1520803E-03
.1649790E-03
.1776944E-03
.1903119E-03
.2028894E-03
.2154528E-03
.2279972E-03
.2404970E-03
.2529192E-03
.2652405E-03
.2774549E-03
.2895719E-03
.3016076E-03
.3135768E-03
.3254932E-03
.3373685E-03
.3492056E-03
.3609942E-03
.3727147E-03
.3843440E-03
.3958636E-03
.4072624E-03
.4185371E-03
.4296904E-03
.4407276E-03
.4516543E-03
.4624741E-03
.4731883E-03
.4837981E-03
.4943053E-03
.5047121E-03
.5150216E-03
.5252357E-03
.5353557E-03
.5453817E-03
.5553132E-03
.5651491E-03
.5748878E-03
.5845280E-03
.5940690E-03
.6035107E-03
.6128536E-03
.6220984E-03
.6312457E-03
.6402960E-03
.6492504E-03
.6581094E-03
.6668732E-03
.6755418E-03
.6841152E-03
.6925928E-03
.7009747E-03
.7092604E-03
.7174501E-03
.7255437E-03
.7335412E-03
.7414430E-03
.7492492E-03
.7569599E-03
.7645754E-03
.7720959E-03
.7795218E-03
.7868531E-03
.7940903E-03
.8012335E-03
