-.9668509E-03
-.9645776E-03
-.9617956E-03
-.9598420E-03
-.9588380E-03
-.9568545E-03
-.9534043E-03
-.9490116E-03
-.9485046E-03
-.9477512E-03
-.9411897E-03
-.9367938E-03
-.9409154E-03
-.9460183E-03
-.9458955E-03
-.9447102E-03
-.9286044E-03
-.9107877E-03
-.9189668E-03
-.9311759E-03
-.9301919E-03
-.9173822E-03
-.8971857E-03
-.8888042E-03
-.9018756E-03
-.8957266E-03
-.8785220E-03
-.8953866E-03
-.9119461E-03
-.9299277E-03
-.9234909E-03
-.8795147E-03
-.8660767E-03
-.8452772E-03
-.8403920E-03
-.8703472E-03
-.8648515E-03
-.8617188E-03
-.8388690E-03
-.8173206E-03
-.8758556E-03
-.9071437E-03
-.9016768E-03
-.9275523E-03
-.8936103E-03
-.8344709E-03
-.8239760E-03
-.7649537E-03
-.7594209E-03
-.8236752E-03
-.8382423E-03
-.8892438E-03
-.8690841E-03
-.8666035E-03
-.9211480E-03
-.8694189E-03
-.8957103E-03
-.9031169E-03
-.9033435E-03
-.9549127E-03
-.8603846E-03
-.8082796E-03
-.8676582E-03
-.8475624E-03
-.7163349E-03
-.7338045E-03
-.8817789E-03
-.7971706E-03
-.7253150E-03
-.8748630E-03
-.8833886E-03
-.7693122E-03
-.8192885E-03
-.9293997E-03
-.8770935E-03
-.8186767E-03
-.9012106E-03
-.7232314E-03
-.4585321E-03
-.6208279E-03
-.8545504E-03
-.8168576E-03
-.4605680E-03
-.4318530E-03
-.9870169E-03
-.1032665E-02
-.8357858E-03
-.9151332E-03
-.7099568E-03
-.5385276E-03
-.7212856E-03
-.1021992E-02
-.1028938E-02
-.7853524E-03
-.7140495E-03
-.5385144E-03
-.6590985E-03
-.1195806E-02
-.9297781E-03
-.2163277E-03
-.3997579E-03
-.9256509E-03
-.8179256E-03
-.6548743E-03
-.6673592E-03
-.5075438E-03
-.5044683E-03
-.3611237E-03
-.1465444E-03
-.5950172E-03
-.8054845E-03
-.1982848E-03
.2250258E-03
.2276465E-04
-.2601189E-03
-.2706297E-03
-.3722270E-03
-.5077030E-03
-.4654268E-03
-.5463432E-03
-.7678453E-03
-.5180752E-03
.8066215E-05
-.2000798E-03
-.4652997E-03
-.5536847E-03
-.9411456E-03
-.7122996E-03
-.3332322E-03
-.5150994E-03
-.6715073E-03
-.5467040E-03
-.2876690E-03
-.2809135E-03
-.1983435E-03
-.1621030E-04
.2256698E-04
-.1947601E-03
-.6398319E-03
-.2353384E-03
-.4726292E-04
-.3841641E-03
-.3794686E-03
-.7736429E-03
-.5446832E-03
-.5003193E-03
-.1026450E-02
-.9167537E-03
-.1151669E-02
-.5964201E-03
.1618979E-03
-.4006101E-03
-.5778665E-03
-.3132865E-03
-.1833006E-04
.2295051E-03
-.1239598E-03
-.6462071E-03
-.9024102E-03
-.7889477E-03
-.6787471E-03
-.5736300E-03
-.2458440E-03
-.4061892E-03
-.2851632E-03
-.3519988E-04
-.7037019E-03
-.9035607E-03
-.6943883E-03
-.3556162E-03
-.6761613E-05
-.3753664E-03
-.4443464E-03
-.1205217E-03
-.1318573E-03
-.9781589E-03
-.1241884E-02
.5355770E-04
.1985437E-04
-.4252612E-03
.2906492E-03
-.5487014E-04
.1441980E-04
.4919531E-03
-.1494014E-03
.7083718E-04
-.3657392E-03
-.1352713E-02
-.5607734E-03
-.1672159E-03
-.2290981E-03
.1355297E-03
-.3938841E-03
-.1351741E-02
-.1438926E-02
-.1105793E-02
-.8281844E-03
.6719609E-05
.3948068E-03
-.1726227E-03
-.4912672E-03
-.2094046E-03
.1923721E-03
-.4148551E-04
-.3021849E-03
-.4130924E-03
-.8654412E-03
-.2294778E-03
.7937946E-04
-.8688951E-03
-.1267295E-03
.7657555E-03
-.1198615E-03
-.1036499E-02
-.8231891E-03
-.3014175E-03
-.8949843E-03
-.7684009E-03
-.2983195E-03
-.8611418E-03
-.5363712E-03
-.4807888E-03
-.8303340E-03
-.1421259E-03
.1530375E-03
-.2383392E-03
-.3028153E-03
-.3086453E-04
-.2870635E-03
-.2819171E-03
.4372150E-03
.4151202E-03
.1210141E-03
-.4506456E-04
-.4535844E-03
-.8310071E-03
-.9030750E-03
-.6763152E-03
-.1377082E-02
-.1719215E-02
-.2275833E-03
.7434458E-04
-.1350955E-02
-.1696116E-02
-.1208253E-02
-.1449259E-02
-.9559086E-03
-.4860705E-03
-.1860680E-02
-.1685431E-02
-.2112451E-03
-.1294406E-03
-.7013697E-03
-.1328376E-02
-.1448200E-02
-.1361695E-02
-.5574558E-03
.5540212E-03
.1967058E-03
.1983685E-03
.8225651E-03
.3007473E-03
-.8025956E-04
-.4304711E-03
-.1099984E-02
-.8970868E-03
-.7712588E-03
-.6495953E-03
-.2206909E-03
-.2425292E-03
-.1131564E-02
-.3050573E-02
-.4398518E-02
-.4229149E-02
-.3081761E-02
-.1895273E-02
-.1176233E-02
-.9408968E-03
-.6139760E-03
.4719186E-03
.4117110E-03
-.4660196E-03
-.8118324E-03
-.1448589E-02
-.4251286E-03
.1305985E-02
.1346076E-02
.1303820E-02
-.2974858E-04
-.1953077E-02
-.1077975E-02
.2223816E-03
.3976992E-03
-.2524881E-04
-.2625040E-02
-.3894378E-02
-.2012121E-02
-.2362809E-02
-.2824745E-02
-.8392602E-03
-.5588147E-03
-.3359446E-03
.4560694E-03
.1235630E-03
.3641439E-03
.1533540E-03
-.2787112E-04
.1072832E-02
.1644087E-02
.5745904E-03
-.1977745E-02
-.2781717E-02
-.1985511E-02
-.3265518E-02
-.4271018E-02
-.3986955E-02
-.3395574E-02
-.9819369E-03
.7705133E-03
-.1738795E-03
-.2927610E-02
-.6481303E-02
-.7938486E-02
-.5818289E-02
-.1661916E-02
.1880034E-02
.3876437E-02
.4919850E-02
.5551968E-02
.5983518E-02
.4010638E-02
-.6229478E-05
-.3028467E-02
-.5204988E-02
-.5567383E-02
-.2420306E-02
.1640396E-02
.3662512E-02
.2488092E-02
-.1138419E-02
-.4023361E-02
-.5214590E-02
-.4364270E-02
-.1875082E-02
-.1528342E-02
-.2127891E-02
-.1135298E-02
.1371354E-03
.5669832E-03
-.9974612E-03
-.2330770E-02
-.1471117E-02
.4614908E-03
.1649218E-02
-.2422766E-03
-.3364424E-02
-.3928658E-02
-.7819767E-03
.2552269E-02
.1616092E-02
-.2181286E-02
-.4773469E-02
-.3983015E-02
-.6516929E-03
.2653638E-02
.3087091E-02
.1128727E-02
.7664662E-03
.2952071E-02
.5527962E-02
.5890846E-02
.4419501E-02
.3899678E-02
.2075808E-02
-.2211183E-02
-.4880932E-02
-.5414257E-02
-.4315643E-02
-.2227515E-02
-.1403316E-02
-.1562521E-02
-.1358981E-02
-.5736414E-03
-.2139212E-02
-.7556241E-02
-.1294990E-01
-.1406226E-01
-.9222407E-02
-.1970535E-02
.2238873E-02
.3186051E-02
.2703302E-02
.1227644E-02
.4469257E-04
-.1039364E-02
-.2410187E-02
-.1853375E-02
.8600970E-04
.1076443E-02
.1007689E-02
-.4348906E-03
-.2263830E-02
-.1958098E-02
-.6002743E-04
.9705329E-03
-.1279313E-02
-.7093563E-02
-.1270513E-01
-.1484717E-01
-.1431072E-01
-.1389740E-01
-.1436766E-01
-.1428599E-01
-.1134010E-01
-.5351476E-02
-.4055380E-03
.1506935E-02
.4058987E-03
-.4066494E-02
-.8592399E-02
-.9616060E-02
-.7120145E-02
-.3051426E-02
.4971919E-03
.4268688E-02
.9237153E-02
.1282117E-01
.1278809E-01
.7595616E-02
-.2249065E-02
-.9471110E-02
-.9179788E-02
-.3689323E-02
.3051847E-02
.7875444E-02
.1126439E-01
.1297534E-01
.1290213E-01
.1319886E-01
.1106924E-01
.6037860E-02
.2149973E-02
-.1508899E-02
-.5881547E-02
-.8560749E-02
-.1049834E-01
-.1386425E-01
-.1639517E-01
-.1658600E-01
-.1581583E-01
-.1610854E-01
-.1738229E-01
-.1729936E-01
-.1870277E-01
-.2207100E-01
-.2286512E-01
-.2075771E-01
-.1413439E-01
-.4265611E-02
.3593812E-02
.9125055E-02
.1128477E-01
.9237427E-02
.5976495E-02
.4075991E-02
.2546145E-02
-.7019192E-03
-.4258372E-02
-.6614450E-02
-.7780167E-02
-.1046786E-01
-.1630341E-01
-.2170177E-01
-.2475869E-01
-.2524878E-01
-.2275168E-01
-.1801511E-01
-.1257895E-01
-.9309775E-02
-.1258555E-01
-.2042383E-01
-.2366688E-01
-.1899376E-01
-.8635668E-02
.2161056E-02
.8977831E-02
.1127378E-01
.7438195E-02
-.2289405E-02
-.1483254E-01
-.2247318E-01
-.2070810E-01
-.1473091E-01
-.8497555E-02
-.5395735E-02
-.6411840E-02
-.6790637E-02
-.6177615E-02
-.9209535E-02
-.1573314E-01
-.2007042E-01
-.1765057E-01
-.7122743E-02
.6826699E-02
.1753511E-01
.2459043E-01
.3036231E-01
.3583773E-01
.3894367E-01
.3834434E-01
.3862969E-01
.4174458E-01
.4359060E-01
.4244149E-01
.3925005E-01
.3548347E-01
.3254309E-01
.3009700E-01
.2680506E-01
.2154291E-01
.1524814E-01
.9096875E-02
.1993063E-02
-.7232624E-02
-.1616696E-01
-.2221222E-01
-.2728364E-01
-.3421351E-01
-.4319729E-01
-.5077087E-01
-.5471368E-01
-.5368629E-01
-.4871532E-01
-.4624707E-01
-.4884941E-01
-.5618957E-01
-.6425875E-01
-.6610103E-01
-.6078557E-01
-.5324082E-01
-.4913557E-01
-.4684422E-01
-.4079133E-01
-.2788813E-01
-.1189385E-01
-.2427300E-02
-.2087327E-02
-.6173084E-02
-.6164987E-02
.2904283E-02
.1424127E-01
.2306473E-01
.3060816E-01
.3498819E-01
.3647370E-01
.3987549E-01
.4649910E-01
.5135627E-01
.4787817E-01
.3542726E-01
.2296807E-01
.1785763E-01
.1595362E-01
.1326527E-01
.1136415E-01
.9186201E-02
.5806308E-02
.4284765E-02
.4771362E-02
.2091445E-02
-.5287474E-02
-.1153762E-01
-.1160327E-01
-.8198647E-02
-.5599801E-02
-.3457093E-02
-.3498156E-02
-.8336904E-02
-.1633262E-01
-.2333243E-01
-.2471610E-01
-.1856829E-01
-.7919113E-02
-.1489651E-02
-.3908505E-02
-.1095680E-01
-.1892535E-01
-.2565422E-01
-.3193863E-01
-.4061244E-01
-.4947858E-01
-.5579850E-01
-.5986236E-01
-.6080974E-01
-.5996152E-01
-.6019851E-01
-.5916759E-01
-.5469208E-01
-.4708558E-01
-.3710476E-01
-.2665554E-01
-.1678503E-01
-.1153942E-01
-.1391694E-01
-.1874759E-01
-.1866292E-01
-.1219217E-01
-.6296389E-02
-.7364221E-02
-.1308040E-01
-.1595963E-01
-.1323034E-01
-.1017694E-01
-.1221438E-01
-.1774393E-01
-.1938121E-01
-.1645303E-01
-.1502228E-01
-.1831176E-01
-.2806939E-01
-.3923830E-01
-.4461380E-01
-.4629830E-01
-.4696742E-01
-.4798074E-01
-.4974197E-01
-.4915432E-01
-.4830244E-01
-.4922977E-01
-.5137574E-01
-.5483101E-01
-.5768708E-01
-.6165364E-01
-.6182799E-01
-.5196773E-01
-.3914649E-01
-.2852376E-01
-.2317424E-01
-.2264050E-01
-.2187085E-01
-.2257532E-01
-.2434917E-01
-.2440022E-01
-.2298970E-01
-.1976636E-01
-.1406139E-01
-.4427221E-02
.9899525E-02
.2607842E-01
.4014217E-01
.5142806E-01
.6038450E-01
.6956024E-01
.8061512E-01
.8883362E-01
.9219210E-01
.9194592E-01
.8969349E-01
.8812296E-01
.8583838E-01
.7906002E-01
.6689257E-01
.5526224E-01
.5247865E-01
.5908344E-01
.6825721E-01
.7171205E-01
.6633691E-01
.5622916E-01
.4605677E-01
.3785405E-01
.3063940E-01
.2125399E-01
.1185779E-01
.8640518E-02
.1312522E-01
.2040490E-01
.2224325E-01
.1618864E-01
.5543593E-02
-.8485857E-02
-.2126993E-01
-.2786026E-01
-.3141423E-01
-.3239965E-01
-.2864734E-01
-.2066154E-01
-.7898481E-02
.4668069E-02
.1096564E-01
.1267082E-01
.1358137E-01
.1608720E-01
.1908428E-01
.2122681E-01
.2416119E-01
.2671207E-01
.2632520E-01
.2348125E-01
.2013440E-01
.1760293E-01
.1372846E-01
.6702569E-02
-.6727208E-03
-.5695552E-02
-.6631715E-02
-.1810262E-02
.5618330E-02
.1357929E-01
.2659822E-01
.4034373E-01
.4676614E-01
.4971307E-01
.5178278E-01
.5258775E-01
.5461567E-01
.5817820E-01
.6146897E-01
.6104066E-01
.5695805E-01
.5243049E-01
.4625537E-01
.3713070E-01
.2730191E-01
.1674193E-01
.9889063E-03
-.2083171E-01
-.4254087E-01
-.5733959E-01
-.5653927E-01
-.3771246E-01
-.1455719E-01
.4097327E-02
.2060489E-01
.3442983E-01
.4712769E-01
.5933957E-01
.6727074E-01
.7441902E-01
.8713740E-01
.1075354E+00
.1279864E+00
.1346721E+00
.1327879E+00
.1333936E+00
.1323168E+00
.1278655E+00
.1225442E+00
.1218624E+00
.1317413E+00
.1477611E+00
.1631442E+00
.1717112E+00
.1740599E+00
.1772336E+00
.1813476E+00
.1834596E+00
.1845824E+00
.1870333E+00
.1835423E+00
.1670252E+00
.1450024E+00
.1262473E+00
.1138990E+00
.1070200E+00
.1046186E+00
.1079291E+00
.1139852E+00
.1181333E+00
.1193436E+00
.1186595E+00
.1167177E+00
.1131855E+00
.1076593E+00
.1005305E+00
.9280575E-01
.8678188E-01
.8473111E-01
.8384392E-01
.7901725E-01
.7135494E-01
.6561376E-01
.6038081E-01
.5175794E-01
.4102769E-01
.2881274E-01
.1646296E-01
.9694933E-02
.8283612E-02
.6913932E-02
.2562707E-02
-.7158220E-02
-.2067607E-01
-.3276988E-01
-.4355830E-01
-.5606036E-01
-.6974874E-01
-.8434585E-01
-.9986865E-01
-.1155910E+00
-.1324760E+00
-.1499008E+00
-.1664355E+00
-.1802943E+00
-.1912407E+00
-.2008537E+00
-.2096268E+00
-.2208546E+00
-.2329592E+00
-.2451990E+00
-.2604559E+00
-.2743268E+00
-.2852712E+00
-.2889464E+00
-.2825163E+00
-.2727342E+00
-.2628515E+00
-.2549858E+00
-.2499960E+00
-.2495188E+00
-.2530471E+00
-.2558211E+00
-.2545799E+00
-.2465766E+00
-.2371690E+00
-.2279489E+00
-.2135319E+00
-.1974727E+00
-.1829275E+00
-.1720396E+00
-.1665393E+00
-.1626998E+00
-.1593521E+00
-.1553437E+00
-.1499028E+00
-.1432186E+00
-.1349863E+00
-.1288283E+00
-.1254880E+00
-.1256458E+00
-.1308594E+00
-.1364751E+00
-.1403368E+00
-.1456327E+00
-.1533568E+00
-.1606552E+00
-.1644790E+00
-.1641244E+00
-.1648354E+00
-.1700167E+00
-.1749694E+00
-.1801072E+00
-.1849565E+00
-.1845845E+00
-.1804000E+00
-.1730676E+00
-.1636956E+00
-.1544432E+00
-.1431536E+00
-.1302138E+00
-.1173477E+00
-.1053916E+00
-.9529602E-01
-.8635650E-01
-.7851836E-01
-.7035398E-01
-.6128471E-01
-.5327901E-01
-.4379582E-01
-.3227533E-01
-.2107971E-01
-.6113708E-02
.1491796E-01
.3820446E-01
.6175447E-01
.8500330E-01
.1063314E+00
.1254660E+00
.1457942E+00
.1704953E+00
.1934220E+00
.2071387E+00
.2141818E+00
.2188557E+00
.2221776E+00
.2249982E+00
.2309739E+00
.2403647E+00
.2541938E+00
.2714070E+00
.2784938E+00
.2756863E+00
.2709683E+00
.2655619E+00
.2634966E+00
.2602932E+00
.2532639E+00
.2477670E+00
.2486582E+00
.2564931E+00
.2638389E+00
.2669923E+00
.2654769E+00
.2619612E+00
.2638828E+00
.2696560E+00
.2746866E+00
.2790805E+00
.2840236E+00
.2897546E+00
.2917541E+00
.2905103E+00
.2882818E+00
.2830474E+00
.2771036E+00
.2687202E+00
.2578566E+00
.2502103E+00
.2459351E+00
.2442632E+00
.2406931E+00
.2330112E+00
.2274444E+00
.2227418E+00
.2159077E+00
.2108972E+00
.2093709E+00
.2100583E+00
.2113954E+00
.2126890E+00
.2144659E+00
.2168417E+00
.2191356E+00
.2213167E+00
.2246502E+00
.2273008E+00
.2257589E+00
.2205121E+00
.2118296E+00
.1994176E+00
.1861970E+00
.1741108E+00
.1642621E+00
.1569944E+00
.1510263E+00
.1459236E+00
.1406486E+00
.1346766E+00
.1261374E+00
.1130276E+00
.9982306E-01
.9190118E-01
.9063558E-01
.9482710E-01
.1001230E+00
.1025747E+00
.1018144E+00
.9771158E-01
.9049577E-01
.8360884E-01
.7867083E-01
.7449166E-01
.7250447E-01
.7088371E-01
.6405097E-01
.5009490E-01
.2773516E-01
.2974676E-03
-.2714101E-01
-.5619659E-01
-.8618021E-01
-.1087175E+00
-.1108826E+00
-.9401416E-01
-.7720801E-01
-.7174006E-01
-.7680186E-01
-.8644309E-01
-.9461337E-01
-.9922049E-01
-.1048042E+00
-.1147054E+00
-.1220094E+00
-.1251615E+00
-.1289718E+00
-.1358999E+00
-.1442310E+00
-.1485059E+00
-.1488885E+00
-.1484395E+00
-.1506812E+00
-.1556763E+00
-.1563294E+00
-.1511118E+00
-.1460893E+00
-.1412640E+00
-.1305549E+00
-.1143573E+00
-.1004224E+00
-.9332634E-01
-.8512199E-01
-.7191594E-01
-.5908694E-01
-.4699990E-01
-.4023070E-01
-.3532259E-01
-.2657067E-01
-.2480487E-01
-.2976137E-01
-.3167558E-01
-.3122330E-01
-.3413574E-01
-.4066073E-01
-.4850384E-01
-.5875506E-01
-.6987568E-01
-.8475125E-01
-.1054306E+00
-.1250691E+00
-.1393930E+00
-.1481330E+00
-.1531396E+00
-.1576374E+00
-.1664956E+00
-.1767867E+00
-.1820097E+00
-.1818363E+00
-.1781192E+00
-.1733303E+00
-.1624822E+00
-.1512277E+00
-.1448619E+00
-.1423161E+00
-.1364084E+00
-.1226320E+00
-.1098514E+00
-.4106829E-01
.5302821E-01
.6806942E-01
.7331620E-01
.9875123E-01
.9399669E-01
.7320174E-01
.4543228E-01
.3306023E-01
.3626885E-01
.4081332E-01
.5443224E-01
.6609148E-01
.6945352E-01
.6334918E-01
.4611216E-01
.2435007E-01
.4999319E-02
-.1100652E-01
-.2725690E-01
-.4430760E-01
-.5969674E-01
-.7114549E-01
-.8498007E-01
-.1100185E+00
-.1501654E+00
-.1939474E+00
-.2209751E+00
-.2385267E+00
-.2540107E+00
-.2576115E+00
-.2568354E+00
-.2609512E+00
-.2672553E+00
-.2673653E+00
-.2577497E+00
-.2507958E+00
-.2495569E+00
-.2454629E+00
-.2383007E+00
-.2298747E+00
-.2202570E+00
-.2065806E+00
-.1863198E+00
-.1678087E+00
-.1565487E+00
-.1497892E+00
-.1498878E+00
-.1528672E+00
-.1520667E+00
-.1506497E+00
-.1509505E+00
-.1520500E+00
-.1492182E+00
-.1403615E+00
-.1244977E+00
-.1029160E+00
-.8498094E-01
-.7077183E-01
-.6063013E-01
-.5499397E-01
-.4658313E-01
-.3361192E-01
-.1755911E-01
-.3123114E-02
.1118933E-01
.2337685E-01
.2960373E-01
.4045553E-01
.5603688E-01
.7149248E-01
.8584653E-01
.9803018E-01
.1128860E+00
.1288028E+00
.1400746E+00
.1451938E+00
.1435212E+00
.1351370E+00
.1269783E+00
.1248873E+00
.1234043E+00
.1174491E+00
.1025321E+00
.7820326E-01
.5059486E-01
.2054277E-01
-.1172684E-01
-.4386940E-01
-.7151503E-01
-.8943477E-01
-.9705287E-01
-.9699429E-01
-.9348488E-01
-.9269362E-01
-.1006738E+00
-.1116625E+00
-.1106861E+00
-.9591841E-01
-.7754768E-01
-.5941844E-01
-.4396744E-01
-.3342508E-01
-.2082170E-01
-.4359398E-02
.9981510E-02
.2001410E-01
.2666213E-01
.3293566E-01
.4445542E-01
.6268672E-01
.8045338E-01
.9363854E-01
.1042758E+00
.1125911E+00
.1146764E+00
.1092268E+00
.1020203E+00
.1006351E+00
.1114002E+00
.1230654E+00
.1227282E+00
.1189702E+00
.1237926E+00
.1340308E+00
.1332656E+00
.1282437E+00
.1276914E+00
.1328546E+00
.1398822E+00
.1494207E+00
.1747063E+00
.1788929E+00
.1789505E+00
.1911842E+00
.1779730E+00
.1757624E+00
.1778982E+00
.1716624E+00
.1714786E+00
.1659080E+00
.1638816E+00
.1568805E+00
.1414002E+00
.1172988E+00
.8640657E-01
.5425456E-01
.2108905E-01
-.5205063E-02
-.2263145E-01
-.3094599E-01
-.4199969E-01
-.5218978E-01
-.5792306E-01
-.7042183E-01
-.7988125E-01
-.8578459E-01
-.9296688E-01
-.9432536E-01
-.8881734E-01
-.7997554E-01
-.7020877E-01
-.6194529E-01
-.5785244E-01
-.5435823E-01
-.4600264E-01
-.3379972E-01
-.2032640E-01
-.6187142E-02
.6402399E-02
.1626172E-01
.2227708E-01
.2298395E-01
.2138175E-01
.1806084E-01
.1539960E-01
.9896137E-02
-.4506187E-02
-.1545538E-01
-.2004197E-01
-.2658595E-01
-.3184509E-01
-.3859736E-01
-.5655662E-01
-.7789032E-01
-.9367143E-01
-.1079993E+00
-.1154156E+00
-.1160209E+00
-.1174366E+00
-.1258685E+00
-.1433944E+00
-.1512589E+00
-.1442425E+00
-.1407098E+00
-.1491292E+00
-.1597416E+00
-.1637518E+00
-.1681909E+00
-.1753835E+00
-.1809046E+00
-.1838700E+00
-.1841373E+00
-.1838721E+00
-.1841773E+00
-.1838342E+00
-.1819734E+00
-.1793006E+00
-.1753780E+00
-.1682762E+00
-.1585048E+00
-.1472289E+00
-.1345894E+00
-.1226042E+00
-.1133387E+00
-.1068193E+00
-.1050494E+00
-.1084936E+00
-.1127460E+00
-.1145916E+00
-.1158615E+00
-.1192933E+00
-.1249655E+00
-.1304030E+00
-.1289012E+00
-.1174407E+00
-.9569690E-01
-.6160004E-01
-.2237313E-01
.1307256E-01
.3852403E-01
.5048657E-01
.5894257E-01
.7051232E-01
.8022654E-01
.8541635E-01
.8897570E-01
.9647937E-01
.1104970E+00
.1257990E+00
.1329719E+00
.1374500E+00
.1482216E+00
.1621813E+00
.1748482E+00
.1754429E+00
.1616734E+00
.1336192E+00
.8710996E-01
.3560376E-01
-.5210557E-02
-.3122326E-01
-.5085460E-01
-.6724762E-01
-.8080351E-01
-.9326663E-01
-.9364419E-01
-.8936649E-01
-.9300903E-01
-.1021024E+00
-.1163186E+00
-.1334368E+00
-.1503279E+00
-.1625247E+00
-.1697409E+00
-.1724966E+00
-.1673227E+00
-.1564265E+00
-.1406282E+00
-.1181041E+00
-.8904540E-01
-.5452431E-01
-.2004156E-01
.7938297E-02
.2779675E-01
.3628689E-01
.3618588E-01
.4005989E-01
.5075287E-01
.6451140E-01
.8205578E-01
.1061727E+00
.1328107E+00
.1537221E+00
.1598276E+00
.1491901E+00
.1461141E+00
.1665847E+00
.2014713E+00
.2294340E+00
.2293888E+00
.2169386E+00
.2085840E+00
.1953098E+00
.1773866E+00
.1621010E+00
.1536828E+00
.1503760E+00
.1484358E+00
.1516737E+00
.1604496E+00
.1636499E+00
.1556321E+00
.1460952E+00
.1424782E+00
.1398291E+00
.1321732E+00
.1173216E+00
.9457959E-01
.6458675E-01
.2966458E-01
-.3360097E-02
-.2864902E-01
-.4757074E-01
-.6512881E-01
-.8257547E-01
-.9654999E-01
-.1039804E+00
-.1047382E+00
-.1074749E+00
-.1210809E+00
-.1443019E+00
-.1714993E+00
-.1935221E+00
-.2043374E+00
-.2060335E+00
-.1984557E+00
-.1832957E+00
-.1710610E+00
-.1632499E+00
-.1538183E+00
-.1439582E+00
-.1331166E+00
-.1211085E+00
-.1084513E+00
-.9343510E-01
-.7978851E-01
-.7097909E-01
-.6755029E-01
-.6323127E-01
-.4932266E-01
-.2823174E-01
-.6650903E-02
.9051995E-02
.1877910E-01
.3210509E-01
.5205541E-01
.7484411E-01
.9840763E-01
.1183970E+00
.1340007E+00
.1494843E+00
.1656729E+00
.1813037E+00
.1921287E+00
.1949997E+00
.1934809E+00
.1915290E+00
.1923763E+00
.1955473E+00
.1982045E+00
.2026964E+00
.2082709E+00
.2122503E+00
.2173399E+00
.2231811E+00
.2261791E+00
.2267794E+00
.2281928E+00
.2292150E+00
.2271717E+00
.2254626E+00
.2270808E+00
.2298851E+00
.2324563E+00
.2337820E+00
.2298918E+00
.2209598E+00
.2094024E+00
.1955120E+00
.1795919E+00
.1606661E+00
.1399165E+00
.1145661E+00
.8173228E-01
.4671670E-01
.1046438E-01
-.2558893E-01
-.5445109E-01
-.7662082E-01
-.9639171E-01
-.1118822E+00
-.1224468E+00
-.1303779E+00
-.1350820E+00
-.1379711E+00
-.1403478E+00
-.1428749E+00
-.1475481E+00
-.1510959E+00
-.1478905E+00
-.1341401E+00
-.1109257E+00
-.8229757E-01
-.4745214E-01
-.6099683E-02
.3958529E-01
.8807552E-01
.1307905E+00
.1576412E+00
.1710955E+00
.1795550E+00
.1887070E+00
.2010491E+00
.2153267E+00
.2279370E+00
.2380119E+00
.2486625E+00
.2594713E+00
.2683897E+00
.2742847E+00
.2785360E+00
.2841044E+00
.2873829E+00
.2867475E+00
.2834653E+00
.2770288E+00
.2650640E+00
.2409787E+00
.2022550E+00
.1450065E+00
.6958739E-01
-.5173671E-02
-.6149902E-01
-.9506207E-01
-.1112147E+00
-.1174474E+00
-.1163372E+00
-.1138750E+00
-.1148099E+00
-.1209763E+00
-.1349409E+00
-.1490430E+00
-.1620632E+00
-.1810151E+00
-.2021445E+00
-.2196270E+00
-.2292712E+00
-.2314050E+00
-.2244677E+00
-.2038414E+00
-.1776436E+00
-.1537104E+00
-.1332960E+00
-.1171940E+00
-.1045954E+00
-.9487454E-01
-.8844856E-01
-.9202094E-01
-.1055125E+00
-.1207918E+00
-.1357194E+00
-.1472374E+00
-.1564377E+00
-.1657225E+00
-.1720501E+00
-.1769974E+00
-.1830242E+00
-.1887368E+00
-.1904763E+00
-.1857374E+00
-.1778544E+00
-.1697828E+00
-.1603481E+00
-.1511181E+00
-.1423852E+00
-.1322005E+00
-.1215131E+00
-.1093993E+00
-.9566957E-01
-.7927310E-01
-.5994862E-01
-.4477760E-01
-.3639651E-01
-.3508102E-01
-.4302521E-01
-.5620443E-01
-.7176657E-01
-.8799362E-01
-.9963632E-01
-.1055875E+00
-.1082099E+00
-.1103054E+00
-.1165407E+00
-.1277588E+00
-.1392294E+00
-.1465917E+00
-.1474189E+00
-.1453991E+00
-.1452847E+00
-.1449392E+00
-.1416997E+00
-.1339350E+00
-.1212784E+00
-.1021420E+00
-.7625412E-01
-.5107871E-01
-.3202041E-01
-.1753863E-01
-.4273283E-02
.6014414E-02
.1280422E-01
.2183287E-01
.3234628E-01
.4272047E-01
.5425957E-01
.6676104E-01
.8203401E-01
.9859852E-01
.1136796E+00
.1229899E+00
.1232030E+00
.1205872E+00
.1193996E+00
.1195267E+00
.1201178E+00
.1186486E+00
.1168375E+00
.1166300E+00
.1174367E+00
.1190335E+00
.1184634E+00
.1134011E+00
.1059864E+00
.9737355E-01
.8970928E-01
.8309777E-01
.7516853E-01
.6771914E-01
.6015740E-01
.5371004E-01
.4910692E-01
.4302356E-01
.3696597E-01
.3072540E-01
.2281473E-01
.1384558E-01
.5403733E-02
-.2767149E-02
-.1513840E-01
-.2794493E-01
-.3581613E-01
-.4004722E-01
-.3881774E-01
-.3386963E-01
-.2868371E-01
-.2271495E-01
-.1688686E-01
-.1079838E-01
-.5647083E-02
-.1445412E-02
.4548501E-02
.1157973E-01
.1915790E-01
.2673332E-01
.3331598E-01
.3664165E-01
.3777270E-01
.3944532E-01
.4001335E-01
.4293759E-01
.4751787E-01
.4943617E-01
.5119396E-01
.5225516E-01
.5116466E-01
.4723662E-01
.3917396E-01
.2798320E-01
.1585541E-01
.1617512E-02
-.1741248E-01
-.3788917E-01
-.5816651E-01
-.7994490E-01
-.1028555E+00
-.1280877E+00
-.1536737E+00
-.1724853E+00
-.1803186E+00
-.1746798E+00
-.1577164E+00
-.1439534E+00
-.1401442E+00
-.1349384E+00
-.1259164E+00
-.1236843E+00
-.1294987E+00
-.1376870E+00
-.1471877E+00
-.1574014E+00
-.1660408E+00
-.1714202E+00
-.1721800E+00
-.1693451E+00
-.1682472E+00
-.1692448E+00
-.1694048E+00
-.1732069E+00
-.1810873E+00
-.1885711E+00
-.1963966E+00
-.2042688E+00
-.2084886E+00
-.2091587E+00
-.2107493E+00
-.2137365E+00
-.2181464E+00
-.2255942E+00
-.2314350E+00
-.2345518E+00
-.2396177E+00
-.2464698E+00
-.2545744E+00
-.2645465E+00
-.2730130E+00
-.2769683E+00
-.2790145E+00
-.2816112E+00
-.2840284E+00
-.2876299E+00
-.2928846E+00
-.2997136E+00
-.3083524E+00
-.3150372E+00
-.3178434E+00
-.3155797E+00
-.3078714E+00
-.2979583E+00
-.2860958E+00
-.2731675E+00
-.2609174E+00
-.2497970E+00
-.2402195E+00
-.2312763E+00
-.2227149E+00
-.2127236E+00
-.2031038E+00
-.1965330E+00
-.1909118E+00
-.1877751E+00
-.1884624E+00
-.1944200E+00
-.2049327E+00
-.2156888E+00
-.2264972E+00
-.2319658E+00
-.2258468E+00
-.2085009E+00
-.1816578E+00
-.1493996E+00
-.1167351E+00
-.8618134E-01
-.5777100E-01
-.3564984E-01
-.2046333E-01
-.7508925E-02
.1653610E-02
.8440628E-02
.1501251E-01
.2101925E-01
.2785033E-01
.3523444E-01
.4647509E-01
.6047117E-01
.7431977E-01
.9033549E-01
.1049046E+00
.1173484E+00
.1293349E+00
.1378397E+00
.1439991E+00
.1482751E+00
.1491814E+00
.1489050E+00
.1470545E+00
.1418391E+00
.1356835E+00
.1279363E+00
.1156376E+00
.9994166E-01
.8362827E-01
.6926743E-01
.5709843E-01
.4851982E-01
.4800060E-01
.5408164E-01
.5997191E-01
.6451975E-01
.6926194E-01
.7226296E-01
.7514006E-01
.7941946E-01
.8258107E-01
.8500967E-01
.8773636E-01
.9272712E-01
.1008213E+00
.1078835E+00
.1145924E+00
.1248093E+00
.1355322E+00
.1444100E+00
.1548110E+00
.1620485E+00
.1638780E+00
.1718089E+00
.1830210E+00
.1891668E+00
.1958662E+00
.2042994E+00
.2118739E+00
.2184737E+00
.2236678E+00
.2268416E+00
.2250231E+00
.2188201E+00
.2122166E+00
.2049794E+00
.1968419E+00
.1873324E+00
.1771265E+00
.1697481E+00
.1635349E+00
.1575453E+00
.1540373E+00
.1545064E+00
.1580730E+00
.1606401E+00
.1632158E+00
.1681633E+00
.1740357E+00
.1785512E+00
.1825732E+00
.1888386E+00
.1942061E+00
.1982736E+00
.2030363E+00
.2066815E+00
.2100961E+00
.2133189E+00
.2148324E+00
.2158373E+00
.2177020E+00
.2198234E+00
.2236412E+00
.2292203E+00
.2324440E+00
.2344582E+00
.2378545E+00
.2410844E+00
.2430975E+00
.2451967E+00
.2471965E+00
.2478606E+00
.2491527E+00
.2501424E+00
.2500598E+00
.2514762E+00
.2543209E+00
.2577147E+00
.2598874E+00
.2612161E+00
.2629527E+00
.2627833E+00
.2604428E+00
.2579964E+00
.2569380E+00
.2553918E+00
.2515490E+00
.2483057E+00
.2393325E+00
.2113801E+00
.1688623E+00
.1296819E+00
.1006654E+00
.8062286E-01
.7014237E-01
.5825658E-01
.4351078E-01
.4211072E-01
.4826276E-01
.4993327E-01
.4930450E-01
.4835432E-01
.4694479E-01
.4224265E-01
.3543877E-01
.3185422E-01
.3021362E-01
.2793428E-01
.2839027E-01
.2948558E-01
.2883484E-01
.3082860E-01
.3420983E-01
.3749520E-01
.4055034E-01
.4441032E-01
.4893033E-01
.5065769E-01
.5293354E-01
.5385336E-01
.5022987E-01
.4521046E-01
.3844121E-01
.3172297E-01
.2445037E-01
.1729156E-01
.1404760E-01
.1184138E-01
.9682486E-02
.7800857E-02
.6190071E-02
.4888336E-02
.1725259E-02
-.1817199E-02
-.4917360E-02
-.7514556E-02
-.9253436E-02
-.1239759E-01
-.1540860E-01
-.1754216E-01
-.2049356E-01
-.2259442E-01
-.2326818E-01
-.2443254E-01
-.2691398E-01
-.2830376E-01
-.2906699E-01
-.3041087E-01
-.3108401E-01
-.3210758E-01
-.3263907E-01
-.3330381E-01
-.3254499E-01
-.3136884E-01
-.3365412E-01
-.3249353E-01
-.3136056E-01
-.3270765E-01
-.3071783E-01
-.3409165E-01
-.3888365E-01
-.3751872E-01
-.3759406E-01
-.3817502E-01
-.3886149E-01
-.4141644E-01
-.4193631E-01
-.4166898E-01
-.4239638E-01
-.4380721E-01
-.4592065E-01
-.4717952E-01
-.4796266E-01
-.4970028E-01
-.5135489E-01
-.5305087E-01
-.5747031E-01
-.6225825E-01
-.6434281E-01
-.6666192E-01
-.6892590E-01
-.6977604E-01
-.7182560E-01
-.7406815E-01
-.7508016E-01
-.7803354E-01
-.8145089E-01
-.8216617E-01
-.8337850E-01
-.8582736E-01
-.8679583E-01
-.8534800E-01
-.8334499E-01
-.8241279E-01
-.8129086E-01
-.8086503E-01
-.8284926E-01
-.8575909E-01
-.8659929E-01
-.8889839E-01
-.9275280E-01
-.8682021E-01
-.7494353E-01
-.6785141E-01
-.6261844E-01
-.5727919E-01
-.5186792E-01
-.4628115E-01
-.4021095E-01
-.3127447E-01
-.2026609E-01
-.1060040E-01
-.5173260E-02
-.2474140E-02
-.1574977E-02
-.3640640E-02
-.6381816E-02
-.7821618E-02
-.7842427E-02
-.8644208E-02
-.9608677E-02
-.9373764E-02
-.9925029E-02
-.9584150E-02
-.1004112E-01
-.1258150E-01
-.1443280E-01
-.1715920E-01
-.2169163E-01
-.2866501E-01
-.3530857E-01
-.3998141E-01
-.4414950E-01
-.4462903E-01
-.4623575E-01
-.5006705E-01
-.4989342E-01
-.4975807E-01
-.4984670E-01
-.4868095E-01
-.4915528E-01
-.4911479E-01
-.4792101E-01
-.4634574E-01
-.4387963E-01
-.4234357E-01
-.4050428E-01
-.3622318E-01
-.3257623E-01
-.3009658E-01
-.2752340E-01
-.2550326E-01
-.2293498E-01
-.2010448E-01
-.1788389E-01
-.1518567E-01
-.1245565E-01
-.1115355E-01
-.1042929E-01
-.9689295E-02
-.9997604E-02
-.1133610E-01
-.1191739E-01
-.1183158E-01
-.1360737E-01
-.1497980E-01
-.1371626E-01
-.1290586E-01
-.1418651E-01
-.1584223E-01
-.1673706E-01
-.1796913E-01
-.1914189E-01
-.2045387E-01
-.2220132E-01
-.2213184E-01
-.2127759E-01
-.2146222E-01
-.2181778E-01
-.2159015E-01
-.2032229E-01
-.1876193E-01
-.1828508E-01
-.1677604E-01
-.1185342E-01
-.6432583E-02
-.1378763E-02
.5571334E-02
.1323090E-01
.2200249E-01
.3239385E-01
.4297890E-01
.5438794E-01
.6373241E-01
.6703043E-01
.6424808E-01
.5741193E-01
.4963625E-01
.4199942E-01
.3568794E-01
.3252857E-01
.3222351E-01
.3446244E-01
.3907687E-01
.4334946E-01
.4489803E-01
.4549153E-01
.4423970E-01
.4077986E-01
.3889029E-01
.3656904E-01
.3297242E-01
.3078466E-01
.2971683E-01
.3034663E-01
.3207345E-01
.3423593E-01
.3718993E-01
.3985652E-01
.4252321E-01
.4602183E-01
.4996909E-01
.5308889E-01
.5469807E-01
.5508414E-01
.5526948E-01
.5561215E-01
.5536048E-01
.5582920E-01
.5702106E-01
.5701548E-01
.5587434E-01
.5548769E-01
.5642521E-01
.5634320E-01
.5621398E-01
.5722009E-01
.5692970E-01
.5637728E-01
.5631969E-01
.5499003E-01
.5422212E-01
.5555377E-01
.5637578E-01
.5427663E-01
.4685023E-01
.3154768E-01
.1246881E-01
-.2507370E-02
-.1205183E-01
-.1870196E-01
-.2213933E-01
-.2206216E-01
-.2066839E-01
-.1963015E-01
-.1874272E-01
-.1793639E-01
-.1836889E-01
-.2084041E-01
-.2377295E-01
-.2537368E-01
-.2677238E-01
-.2841333E-01
-.2890761E-01
-.2847015E-01
-.2758671E-01
-.2517069E-01
-.2060745E-01
-.1544490E-01
-.9295148E-02
-.2154262E-02
.3460273E-02
.9563752E-02
.1611217E-01
.2046893E-01
.2458590E-01
.2785958E-01
.2991643E-01
.3168077E-01
.3156176E-01
.3175248E-01
.3260878E-01
.3138945E-01
.2998214E-01
.2870040E-01
.2468408E-01
.1965848E-01
.1626583E-01
.1211722E-01
.7359117E-02
.4009752E-02
.1129011E-02
-.1049712E-02
-.2905329E-02
-.4345056E-02
-.4971927E-02
-.5390697E-02
-.5078392E-02
-.4543108E-02
-.3694753E-02
-.2469270E-02
-.1094476E-02
.1010595E-02
.4253722E-02
.8526523E-02
.1138548E-01
.1268767E-01
.1417846E-01
.1572238E-01
.1749697E-01
.1937137E-01
.2170050E-01
.2483471E-01
.2814392E-01
.3121705E-01
.3346051E-01
.3460214E-01
.3531326E-01
.3666543E-01
.3839318E-01
.3939177E-01
.3984986E-01
.4038173E-01
.4075050E-01
.4128892E-01
.4186203E-01
.4110866E-01
.4051582E-01
.3985254E-01
.3636675E-01
.3253336E-01
.2883860E-01
.2407100E-01
.2141804E-01
.1911508E-01
.1511181E-01
.1223268E-01
.9464777E-02
.6904755E-02
.5029996E-02
.1481676E-02
-.1181032E-02
-.2326028E-02
-.4691225E-02
-.7375724E-02
-.9660210E-02
-.1125178E-01
-.1257203E-01
-.1406958E-01
-.1482940E-01
-.1505512E-01
-.1502097E-01
-.1541613E-01
-.1607923E-01
-.1651463E-01
-.1705026E-01
-.1722010E-01
-.1694389E-01
-.1532884E-01
-.1360022E-01
-.1283483E-01
-.1161493E-01
-.1118346E-01
-.1045335E-01
-.8440135E-02
-.8117186E-02
-.8482895E-02
-.6895889E-02
-.5478500E-02
-.6043637E-02
-.5700153E-02
-.3247510E-02
-.1590010E-02
-.1237481E-02
-.2151520E-03
.5759250E-03
.3265308E-03
.1720701E-03
-.3323510E-03
-.1680787E-03
.1426793E-02
.2531383E-02
.3148110E-02
.3413530E-02
.4245604E-02
.6735343E-02
.8204077E-02
.8608281E-02
.9840965E-02
.1039665E-01
.9907197E-02
.1012739E-01
.1096178E-01
.1122979E-01
.1179345E-01
.1257935E-01
.1233029E-01
.1214988E-01
.1148479E-01
.9579908E-02
.8459713E-02
.8155528E-02
.7692041E-02
.6572939E-02
.5485312E-02
.5827644E-02
.5372106E-02
.3990841E-02
.3473526E-02
.2190245E-02
.9309727E-03
.8877068E-03
.1106114E-02
.1337618E-02
.1500001E-02
.1606540E-02
.1582254E-02
.1989710E-02
.2582313E-02
.2928914E-02
.3218716E-02
.3167331E-02
.3276123E-02
.3483912E-02
.3938121E-02
.4750341E-02
.5027771E-02
.5311787E-02
.5734791E-02
.5952136E-02
.6017601E-02
.6104621E-02
.6422008E-02
.5306721E-02
.3915531E-02
.4362215E-02
.4684228E-02
.4266964E-02
.3497944E-02
.3184065E-02
.3757448E-02
.3839356E-02
.3159294E-02
.2342247E-02
.2441974E-02
.3297568E-02
.4456991E-02
.5367784E-02
.6308416E-02
.7670344E-02
.7440528E-02
.6450372E-02
.4364447E-02
.1794423E-02
.2167890E-02
.3535116E-02
.4755493E-02
.5648341E-02
.6132184E-02
.6856974E-02
.6252282E-02
.4207577E-02
.1623991E-02
.3397546E-03
-.8517795E-03
-.4245927E-02
-.6907824E-02
-.8460059E-02
-.1102894E-01
-.1420498E-01
-.1816508E-01
-.2329537E-01
-.2910728E-01
-.3510950E-01
-.4013765E-01
-.4303606E-01
-.4361805E-01
-.4227849E-01
-.4062787E-01
-.4061180E-01
-.4112319E-01
-.4260896E-01
-.4599051E-01
-.4766056E-01
-.4899876E-01
-.5246722E-01
-.5498979E-01
-.5571785E-01
-.5588064E-01
-.5567123E-01
-.5525519E-01
-.5488894E-01
-.5427644E-01
-.5494412E-01
-.5624464E-01
-.5667638E-01
-.5712552E-01
-.5672881E-01
-.5656992E-01
-.5427987E-01
-.5078392E-01
-.4917008E-01
-.4159637E-01
-.3094830E-01
-.2624058E-01
-.2580451E-01
-.2653062E-01
-.2693862E-01
-.2739481E-01
-.2744840E-01
-.2698261E-01
-.2638249E-01
-.2555359E-01
-.2553257E-01
-.2557510E-01
-.2474647E-01
-.2353566E-01
-.2376971E-01
-.2548407E-01
-.2620128E-01
-.2705289E-01
-.2940006E-01
-.3132708E-01
-.3205511E-01
-.3347006E-01
-.3596459E-01
-.3741105E-01
-.3879869E-01
-.4117156E-01
-.4305972E-01
-.4371760E-01
-.4428949E-01
-.4675198E-01
-.4849996E-01
-.4915479E-01
-.4964297E-01
-.4764248E-01
-.4819148E-01
-.5147255E-01
-.5050422E-01
-.4786764E-01
-.4593011E-01
-.4315019E-01
-.4104008E-01
-.3858436E-01
-.3373855E-01
-.2914098E-01
-.2625461E-01
-.2250985E-01
-.1807071E-01
-.1489690E-01
-.1224615E-01
-.8977644E-02
-.5144207E-02
-.1544625E-02
.1040030E-02
.3738993E-02
.7211707E-02
.8910505E-02
.9634243E-02
.1148431E-01
.1109249E-01
.8301023E-02
.5288458E-02
-.3240009E-02
-.1879229E-01
-.3047301E-01
-.3504244E-01
-.3938197E-01
-.4329491E-01
-.4578550E-01
-.4801333E-01
-.4957971E-01
-.5111953E-01
-.5268377E-01
-.5511898E-01
-.5783251E-01
-.5961957E-01
-.6250201E-01
-.6516872E-01
-.6563201E-01
-.6565292E-01
-.6506430E-01
-.6328744E-01
-.6049826E-01
-.5717351E-01
-.5410440E-01
-.5134381E-01
-.4991822E-01
-.4851826E-01
-.4637481E-01
-.4570279E-01
-.4599030E-01
-.4586866E-01
-.4487389E-01
-.4344287E-01
-.4282568E-01
-.4251384E-01
-.4161675E-01
-.4188306E-01
-.4295136E-01
-.4245154E-01
-.4337940E-01
-.4541343E-01
-.4589726E-01
-.4773404E-01
-.4963486E-01
-.5015680E-01
-.5041635E-01
-.4950541E-01
-.4912664E-01
-.4954729E-01
-.4895921E-01
-.4710237E-01
-.4508622E-01
-.4391495E-01
-.4187567E-01
-.3974909E-01
-.3885437E-01
-.3755313E-01
-.3684610E-01
-.3706994E-01
-.3703514E-01
-.3661085E-01
-.3628331E-01
-.3759053E-01
-.3911650E-01
-.3941760E-01
-.3957062E-01
-.4039571E-01
-.4181375E-01
-.4252266E-01
-.4476325E-01
-.4820127E-01
-.4879878E-01
-.4863732E-01
-.4990203E-01
-.5187977E-01
-.5337977E-01
-.5449481E-01
-.5507706E-01
-.5395408E-01
-.5395683E-01
-.5449797E-01
-.5344142E-01
-.5257460E-01
-.5153156E-01
-.5025155E-01
-.4759692E-01
-.4362701E-01
-.4086379E-01
-.3772816E-01
-.3458746E-01
-.3155752E-01
-.2730691E-01
-.2480039E-01
-.2298944E-01
-.1959813E-01
-.1715684E-01
-.1621174E-01
-.1530556E-01
-.1414634E-01
-.1324411E-01
-.1351892E-01
-.1535365E-01
-.1688177E-01
-.1726654E-01
-.1944800E-01
-.2291311E-01
-.2444462E-01
-.2608341E-01
-.2907373E-01
-.3085779E-01
-.3194312E-01
-.3297811E-01
-.3330828E-01
-.3369211E-01
-.3395795E-01
-.3409898E-01
-.3433220E-01
-.3398319E-01
-.3271502E-01
-.3094312E-01
-.2890160E-01
-.2654058E-01
-.2520255E-01
-.2430035E-01
-.2230208E-01
-.2158660E-01
-.2201970E-01
-.2063416E-01
-.1882721E-01
-.1838060E-01
-.1903148E-01
-.1889738E-01
-.1700992E-01
-.1653760E-01
-.1682326E-01
-.1610346E-01
-.1611349E-01
-.1649996E-01
-.1699462E-01
-.1735974E-01
-.1737188E-01
-.1728213E-01
-.1744949E-01
-.1840941E-01
-.1864080E-01
-.1889311E-01
-.1996384E-01
-.2036112E-01
-.2090902E-01
-.2159464E-01
-.2195191E-01
-.2276775E-01
-.2250627E-01
-.2170062E-01
-.2285060E-01
-.2326646E-01
-.2272332E-01
-.2381414E-01
-.2423694E-01
-.2439540E-01
-.2534438E-01
-.2506150E-01
-.2508570E-01
-.2577038E-01
-.2533514E-01
-.2480672E-01
-.2431313E-01
-.2340772E-01
-.2287855E-01
-.2299935E-01
-.2287497E-01
-.2172141E-01
-.2118258E-01
-.2104604E-01
-.2005310E-01
-.1931447E-01
-.1826807E-01
-.1724895E-01
-.1748637E-01
-.1709830E-01
-.1539404E-01
-.1451477E-01
-.1445504E-01
-.1402019E-01
-.1384496E-01
-.1381690E-01
-.1336039E-01
-.1259105E-01
-.1225546E-01
-.1272107E-01
-.1264876E-01
-.1203116E-01
-.1228814E-01
-.1232434E-01
-.1071686E-01
-.1002202E-01
-.1137830E-01
-.1198053E-01
-.1174931E-01
-.1231166E-01
-.1265134E-01
-.1228427E-01
-.1186270E-01
-.1079130E-01
-.9820602E-02
-.8820018E-02
-.8237696E-02
-.1000339E-01
-.1061150E-01
-.9225910E-02
-.8521844E-02
-.7352152E-02
-.5527953E-02
-.4549625E-02
-.5255387E-02
-.5668264E-02
-.4829507E-02
-.4550417E-02
-.4340775E-02
-.3319864E-02
-.2038846E-02
-.1036254E-02
.4318072E-03
.1836931E-02
.2740909E-02
.4757356E-02
.6515693E-02
.7823884E-02
.9955402E-02
.1131723E-01
.1146493E-01
.1155465E-01
.1263643E-01
.1396101E-01
.1493354E-01
.1615793E-01
.1630667E-01
.1617737E-01
.1705872E-01
.1758098E-01
.1711526E-01
.1613953E-01
.1703917E-01
.1881722E-01
.1842116E-01
.1720682E-01
.1604503E-01
.1579613E-01
.1719219E-01
.1824955E-01
.1801031E-01
.1800133E-01
.1865726E-01
.1812434E-01
.1823851E-01
.1976579E-01
.1949854E-01
.1935907E-01
.2053799E-01
.2098023E-01
.2154122E-01
.2198106E-01
.2139850E-01
.2131978E-01
.2188330E-01
.2191534E-01
.2278627E-01
.2426436E-01
.2489125E-01
.2637034E-01
.2756126E-01
.2737233E-01
.2800850E-01
.2875810E-01
.2861325E-01
.2888947E-01
.2969967E-01
.3011473E-01
.3132535E-01
.3305548E-01
.3344242E-01
.3351761E-01
.3388286E-01
.3401619E-01
.3406423E-01
.3459242E-01
.3520111E-01
.3470644E-01
.3484409E-01
.3648190E-01
.3681296E-01
.3692023E-01
.3870608E-01
.3982860E-01
.4062434E-01
.4111989E-01
.4090250E-01
.4257396E-01
.4436075E-01
.4485890E-01
.4661431E-01
.4891979E-01
.5108679E-01
.5346506E-01
.5461416E-01
.5564089E-01
.5741347E-01
.5887395E-01
.6052299E-01
.6278363E-01
.6496357E-01
.6660562E-01
.6851988E-01
.6937220E-01
.6948738E-01
.7128486E-01
.7253864E-01
.7260980E-01
.7286953E-01
.7292896E-01
.7304357E-01
.7297934E-01
.7216367E-01
.7212727E-01
.7289542E-01
.7118292E-01
.6856806E-01
.6842918E-01
.6833021E-01
.6676626E-01
.6560139E-01
.6427260E-01
.6272743E-01
.6328353E-01
.6362024E-01
.6215875E-01
.6160712E-01
.6167133E-01
.6153543E-01
.6120795E-01
.6114013E-01
.6170921E-01
.6110127E-01
.6030961E-01
.6048565E-01
.6025153E-01
.6072834E-01
.6140801E-01
.6109722E-01
.6095416E-01
.6024702E-01
.6006834E-01
.6094572E-01
.6041124E-01
.5982070E-01
.6017848E-01
.6073021E-01
.6154602E-01
.6166573E-01
.6204347E-01
.6321285E-01
.6404808E-01
.6422328E-01
.6335760E-01
.6335263E-01
.6437746E-01
.6423667E-01
.6411584E-01
.6453046E-01
.6432221E-01
.6370137E-01
.6381493E-01
.6451904E-01
.6413339E-01
.6274512E-01
.6208800E-01
.6272064E-01
.6261745E-01
.6142762E-01
.6093333E-01
.6067478E-01
.6041414E-01
.5999813E-01
.5889020E-01
.5810874E-01
.5771431E-01
.5718399E-01
.5665543E-01
.5641618E-01
.5620320E-01
.5547991E-01
.5502265E-01
.5459714E-01
.5380429E-01
.5261662E-01
.5152138E-01
.5172138E-01
.5116185E-01
.5080816E-01
.5141104E-01
.5057119E-01
.5084529E-01
.5216675E-01
.5306435E-01
.5328664E-01
.5230077E-01
.5233479E-01
.5308950E-01
.5374533E-01
.5392783E-01
.5401808E-01
.5532070E-01
.5648057E-01
.5706025E-01
.5763599E-01
.5838877E-01
.5852374E-01
.5846473E-01
.5795125E-01
.5618800E-01
.5560662E-01
.5459054E-01
.5266614E-01
.5199441E-01
.5123370E-01
.5003917E-01
.4779623E-01
.4542172E-01
.4392177E-01
.4235723E-01
.4051540E-01
.3814094E-01
.3680495E-01
.3613941E-01
.3455773E-01
.3288527E-01
.3172566E-01
.3073780E-01
.2966888E-01
.2915755E-01
.2852890E-01
.2731325E-01
.2626049E-01
.2690437E-01
.2820696E-01
.2746727E-01
.2656112E-01
.2584366E-01
.2580649E-01
.2571833E-01
.2526704E-01
.2728757E-01
.2719872E-01
.2574385E-01
.2652920E-01
.2740025E-01
.2806834E-01
.2747217E-01
.2780637E-01
.2943222E-01
.2984757E-01
.3010214E-01
.3014259E-01
.3022271E-01
.3124472E-01
.3224971E-01
.3176346E-01
.3161425E-01
.3227477E-01
.3153051E-01
.3102271E-01
.3116815E-01
.3109226E-01
.3033413E-01
.2826365E-01
.2721955E-01
.2713694E-01
.2580983E-01
.2406789E-01
.2296207E-01
.2177028E-01
.1990067E-01
.1824119E-01
.1713048E-01
.1559061E-01
.1438550E-01
.1292423E-01
.1040413E-01
.8991567E-02
.7069594E-02
.4145824E-02
.2154647E-02
.5635092E-04
-.1791451E-02
-.3628502E-02
-.5973648E-02
-.7535013E-02
-.8060963E-02
-.9207249E-02
-.1093651E-01
-.1135240E-01
-.1217457E-01
-.1329033E-01
-.1312474E-01
-.1327031E-01
-.1329250E-01
-.1221507E-01
-.1101414E-01
-.1111968E-01
-.1087129E-01
-.9023715E-02
-.7954707E-02
-.7134207E-02
-.6549486E-02
-.6370576E-02
-.5692657E-02
-.5594796E-02
-.5276789E-02
-.4747609E-02
-.4139330E-02
-.3407135E-02
-.3759305E-02
-.4089545E-02
-.4122856E-02
-.4532532E-02
-.4773701E-02
-.4410805E-02
-.4155581E-02
-.5418271E-02
-.6988320E-02
-.7140666E-02
-.7604695E-02
-.9025225E-02
-.9840419E-02
-.1023656E-01
-.1104072E-01
-.1290733E-01
-.1421011E-01
-.1429396E-01
-.1524014E-01
-.1542956E-01
-.1548006E-01
-.1697664E-01
-.1704773E-01
-.1658337E-01
-.1732913E-01
-.1793288E-01
-.1870888E-01
-.2007377E-01
-.2053142E-01
-.2002873E-01
-.1980160E-01
-.2028490E-01
-.2144551E-01
-.2198866E-01
-.2211872E-01
-.2243008E-01
-.2212290E-01
-.2326430E-01
-.2551613E-01
-.2593714E-01
-.2624868E-01
-.2750901E-01
-.2782442E-01
-.2758530E-01
-.2783982E-01
-.2831715E-01
-.2946119E-01
-.3085807E-01
-.3101735E-01
-.3066094E-01
-.3043660E-01
-.2988804E-01
-.2966188E-01
-.2886824E-01
-.2704987E-01
-.2631843E-01
-.2605034E-01
-.2543074E-01
-.2481291E-01
-.2377030E-01
-.2359496E-01
-.2379878E-01
-.2389240E-01
-.2411563E-01
-.2323626E-01
-.2262307E-01
-.2241239E-01
-.2221658E-01
-.2221601E-01
-.2179003E-01
-.2223566E-01
-.2211242E-01
-.2194857E-01
-.2340060E-01
-.2340875E-01
-.2307163E-01
-.2337769E-01
-.2362753E-01
-.2540414E-01
-.2707779E-01
-.2747722E-01
-.2714481E-01
-.2738501E-01
-.2923981E-01
-.3015515E-01
-.2958580E-01
-.2960318E-01
-.3012783E-01
-.3034953E-01
-.3106049E-01
-.3233259E-01
-.3295687E-01
-.3358037E-01
-.3475768E-01
-.3527108E-01
-.3504461E-01
-.3518397E-01
-.3507535E-01
-.3468572E-01
-.3479340E-01
-.3551202E-01
-.3725969E-01
-.3790789E-01
-.3748306E-01
-.3706147E-01
-.3624463E-01
-.3754469E-01
-.3883451E-01
-.3841891E-01
-.3861184E-01
-.3829741E-01
-.3833183E-01
-.3942052E-01
-.3979276E-01
-.3933281E-01
-.3917448E-01
-.3984826E-01
-.3960281E-01
-.3884619E-01
-.3897521E-01
-.3854165E-01
-.3842581E-01
-.3960962E-01
-.3984346E-01
-.3900384E-01
-.3777602E-01
-.3679872E-01
-.3734381E-01
-.3729435E-01
-.3599116E-01
-.3579960E-01
-.3637125E-01
-.3661643E-01
-.3667730E-01
-.3607945E-01
-.3521270E-01
-.3544829E-01
-.3562733E-01
-.3531374E-01
-.3563508E-01
-.3632975E-01
-.3724323E-01
-.3772956E-01
-.3823936E-01
-.3954553E-01
-.3989960E-01
-.3939602E-01
-.4058446E-01
-.4237316E-01
-.4294620E-01
-.4340627E-01
-.4337645E-01
-.4425842E-01
-.4585043E-01
-.4559469E-01
-.4595747E-01
-.4689159E-01
-.4766658E-01
-.4931048E-01
-.5063883E-01
-.5184650E-01
-.5243079E-01
-.5238809E-01
-.5246900E-01
-.5280578E-01
-.5365523E-01
-.5459125E-01
-.5598578E-01
-.5616003E-01
-.5541128E-01
-.5673303E-01
-.5786332E-01
-.5767046E-01
-.5825159E-01
-.5922201E-01
-.5971155E-01
-.5953652E-01
-.5958877E-01
-.5998384E-01
-.5933487E-01
-.5868797E-01
-.5859029E-01
-.5847949E-01
-.5802394E-01
-.5640032E-01
-.5561850E-01
-.5455040E-01
-.5077400E-01
-.4771933E-01
-.4568982E-01
-.4259753E-01
-.3995433E-01
-.3819830E-01
-.3609979E-01
-.3412952E-01
-.3242927E-01
-.3059124E-01
-.2943714E-01
-.2845677E-01
-.2710155E-01
-.2559654E-01
-.2436733E-01
-.2373654E-01
-.2175287E-01
-.1875930E-01
-.1732202E-01
-.1686340E-01
-.1571833E-01
-.1378325E-01
-.1233498E-01
-.1242662E-01
-.1276740E-01
-.1154140E-01
-.9963443E-02
-.9503759E-02
-.9644761E-02
-.9630605E-02
-.9269947E-02
-.9096895E-02
-.8616921E-02
-.7855984E-02
-.6901756E-02
-.5750090E-02
-.6143783E-02
-.6173222E-02
-.5013098E-02
-.5154283E-02
-.5539414E-02
-.5946630E-02
-.5989712E-02
-.4771989E-02
-.4241906E-02
-.4367003E-02
-.4102466E-02
-.3771234E-02
-.4010868E-02
-.4241493E-02
-.3553065E-02
-.3207341E-02
-.3250261E-02
-.3172015E-02
-.3343640E-02
-.3006188E-02
-.2681177E-02
-.2215747E-02
-.1344100E-02
-.1769450E-02
-.2468083E-02
-.3307288E-02
-.4034194E-02
-.3071216E-02
-.3018298E-02
-.3741712E-02
-.4174821E-02
-.5419174E-02
-.6038482E-02
-.5601227E-02
-.5432763E-02
-.5959137E-02
-.5685903E-02
-.4996373E-02
-.5590236E-02
-.6623173E-02
-.6703330E-02
-.5952992E-02
-.6197975E-02
-.6780560E-02
-.6244496E-02
-.5463254E-02
-.4952146E-02
-.5171731E-02
-.5452907E-02
-.4292431E-02
-.3356015E-02
-.3766186E-02
-.3375568E-02
-.3394191E-02
-.3892484E-02
-.2656792E-02
-.2038100E-02
-.1883156E-02
-.1234071E-02
-.1747134E-02
-.2092565E-02
-.1935152E-02
-.1833604E-02
-.8282346E-03
-.2503082E-03
-.7089593E-03
-.8568185E-03
-.1013345E-02
-.6888842E-03
.1960879E-03
.3738000E-03
.2508779E-04
-.2184196E-03
.7669072E-03
.1190363E-02
.1298333E-03
.8460351E-03
.1668048E-02
.5210837E-03
.9801853E-04
.1133150E-02
.1775633E-02
.1322485E-02
.8110163E-03
.5556514E-03
.7770641E-04
-.3953409E-03
-.6316351E-03
-.6780860E-03
-.1599034E-03
.4005251E-03
.4855122E-04
-.1034063E-02
-.1725614E-02
-.1429040E-02
-.1134310E-02
-.5770022E-03
.1325936E-03
.1057955E-02
.2396981E-02
.1858075E-02
.8874528E-03
.1610033E-02
.2415129E-02
.3136878E-02
.3879441E-02
.3528927E-02
.3233209E-02
.3872491E-02
.4367076E-02
.5057064E-02
.5102776E-02
.4647367E-02
.5306410E-02
.5593740E-02
.5626633E-02
.5508394E-02
.4627514E-02
.5261341E-02
.5365434E-02
.3704068E-02
.3901160E-02
.4582895E-02
.4301845E-02
.4440040E-02
.5198508E-02
.5339914E-02
.4263297E-02
.4154282E-02
.4733657E-02
.5186380E-02
.5467177E-02
.5736222E-02
.6360675E-02
.5834586E-02
.6340578E-02
.7732291E-02
.7592610E-02
.7871135E-02
.8036193E-02
.8222891E-02
.9137895E-02
.9065384E-02
.8569491E-02
.8355609E-02
.8731908E-02
.9665126E-02
.9517986E-02
.8718902E-02
.8971023E-02
.8984423E-02
.8488427E-02
.8791501E-02
.8824858E-02
.8570520E-02
.8652352E-02
.8609592E-02
.8163290E-02
.7662052E-02
.7775733E-02
.7719422E-02
.7454469E-02
.8198623E-02
.8782250E-02
.8415252E-02
.9106914E-02
.1000122E-01
.9607733E-02
.9551238E-02
.9784635E-02
.9929319E-02
.1048786E-01
.1119313E-01
.1107639E-01
.1036942E-01
.1106150E-01
.1151936E-01
.1159929E-01
.1275234E-01
.1204496E-01
.1154566E-01
.1249033E-01
.1259008E-01
.1326568E-01
.1333454E-01
.1408314E-01
.1476431E-01
.1373576E-01
.1504737E-01
.1478994E-01
.1318163E-01
.1373248E-01
.1266737E-01
.1206139E-01
.1259742E-01
.1258462E-01
.1318744E-01
.1357141E-01
.1388406E-01
.1329249E-01
.1259369E-01
.1402237E-01
.1361400E-01
.1171962E-01
.1212330E-01
.1262183E-01
.1355961E-01
.1461776E-01
.1376210E-01
.1314013E-01
.1351407E-01
.1373226E-01
.1352257E-01
.1388088E-01
.1385199E-01
.1339227E-01
.1452624E-01
.1494376E-01
.1451656E-01
.1509026E-01
.1588685E-01
.1640888E-01
.1607530E-01
.1656265E-01
.1766126E-01
.1762405E-01
.1774395E-01
.1727245E-01
.1704015E-01
.1822731E-01
.1792265E-01
.1707324E-01
.1746382E-01
.1741447E-01
.1683001E-01
.1609783E-01
.1593790E-01
.1567233E-01
.1424322E-01
.1389359E-01
.1342051E-01
.1199369E-01
.1150526E-01
.1083641E-01
.9930953E-02
.8769946E-02
.7872758E-02
.8515193E-02
.9141108E-02
.8610016E-02
.7555606E-02
.7650174E-02
.8836782E-02
.9207118E-02
.8950744E-02
.9100078E-02
.9031144E-02
.8563548E-02
.8731912E-02
.9151601E-02
.9158341E-02
.9566496E-02
.1086472E-01
.1191795E-01
.1170937E-01
.1119063E-01
.1159618E-01
.1202271E-01
.1184007E-01
.1253116E-01
.1311024E-01
.1275693E-01
.1319485E-01
.1343097E-01
.1260218E-01
.1193139E-01
.1208443E-01
.1218254E-01
.1137922E-01
.1139148E-01
.1229456E-01
.1231456E-01
.1229405E-01
.1224552E-01
.1111081E-01
.1031221E-01
.1022043E-01
.9756373E-02
.9078861E-02
.8576015E-02
.8301713E-02
.8006364E-02
.8018763E-02
.8233037E-02
.7849578E-02
.7703525E-02
.8163384E-02
.8089325E-02
.7711440E-02
.7606623E-02
.6785465E-02
.5792432E-02
.6522772E-02
.8040402E-02
.8841329E-02
.8904568E-02
.8459183E-02
.8484046E-02
.8649934E-02
.8356051E-02
.9056554E-02
.9997456E-02
.1010602E-01
.1056419E-01
.1106240E-01
.1151651E-01
.1175278E-01
.1132503E-01
.1123157E-01
.1114875E-01
.1111837E-01
.1130503E-01
.1126410E-01
.1204598E-01
.1270602E-01
.1215532E-01
.1178785E-01
.1198370E-01
.1260258E-01
.1231883E-01
.1091480E-01
.1139391E-01
.1218275E-01
.1047058E-01
.9625768E-02
.1097830E-01
.1136768E-01
.1111962E-01
.1104371E-01
.9662196E-02
.8825793E-02
.9164041E-02
.9019607E-02
.8943676E-02
.8324764E-02
.7815469E-02
.8205804E-02
.7939315E-02
.7715602E-02
.8155447E-02
.8297975E-02
.7310926E-02
.6766595E-02
.7748640E-02
.7498069E-02
.6610408E-02
.6425322E-02
.6313935E-02
.6890875E-02
.6432278E-02
.5316863E-02
.5254780E-02
.5478317E-02
.6422790E-02
.6767591E-02
.6017708E-02
.5778943E-02
.5547727E-02
.5229900E-02
.5134473E-02
.5015611E-02
.4491028E-02
.4078751E-02
.3829627E-02
.3172629E-02
.3559634E-02
.3739410E-02
.2378822E-02
.2056971E-02
.2679846E-02
.2515041E-02
.1665572E-02
.1179541E-02
.1352300E-02
.1436566E-02
.1808693E-02
.1689031E-02
.1154147E-02
.1780645E-02
.1624826E-02
.7946712E-03
.1368220E-02
.1450081E-02
.7194541E-03
.1036294E-02
.1292107E-02
.1237389E-02
.2071005E-02
.1890535E-02
.1216333E-02
.1743913E-02
.1504384E-02
.1463596E-02
.2042950E-02
.1526967E-02
.1433990E-02
.1590938E-02
.1128216E-02
.1125059E-02
.1439291E-02
.2142503E-02
.2100018E-02
.7781844E-03
.1077115E-02
.1270567E-02
-.3288072E-03
-.4505739E-03
-.5289133E-04
-.1180412E-03
.4406367E-03
.3301457E-03
-.3421825E-03
-.4728068E-03
-.4023029E-03
-.8862167E-03
-.1192252E-02
-.1477976E-02
-.2377381E-02
-.2241439E-02
-.1867747E-02
-.2220818E-02
-.2445307E-02
-.2357069E-02
-.1324525E-02
-.6697075E-03
-.5682526E-03
.7797018E-04
.1757966E-03
-.3140420E-03
-.6911845E-03
-.2290213E-03
-.5234651E-04
.1039564E-03
.1472352E-02
.1425332E-02
.7722884E-03
.1600992E-02
.2219623E-02
.1304643E-02
.2345979E-02
.3687649E-02
.2190767E-02
.4717701E-02
.5248335E-02
.2591623E-03
-.4526653E-03
.2462817E-03
-.2110008E-03
-.4131038E-03
.7046302E-04
.1139408E-02
-.3856159E-03
-.1772454E-02
-.4382692E-03
.2728744E-03
-.9395479E-03
-.1733537E-02
-.1183247E-02
-.9794468E-03
-.1737164E-02
-.2564968E-02
-.2412344E-02
-.2059046E-02
-.2368002E-02
-.1798161E-02
-.1558996E-02
-.2073893E-02
-.1969673E-02
-.2827678E-02
-.2947424E-02
-.1731168E-02
-.2040756E-02
-.2557751E-02
-.1738337E-02
-.1367471E-02
-.2095366E-02
-.1486757E-02
-.1781396E-03
-.1081142E-02
-.1766123E-02
-.2111007E-03
.7832434E-03
.2447016E-03
.6533552E-04
.5547783E-03
.3193602E-03
.3417936E-03
.1510240E-02
.1724619E-02
.1161690E-02
.1012360E-02
.1078327E-02
.1524679E-02
.2031642E-02
.2591372E-02
.2830128E-02
.2206278E-02
.1564241E-02
.1425142E-02
.1289978E-02
.1037884E-02
.1053456E-02
.1543737E-02
.1951771E-02
.1837947E-02
.2141489E-02
.2491935E-02
.2149309E-02
.1529440E-02
.1313575E-02
.2232697E-02
.2619457E-02
.1860538E-02
.1223562E-02
.1002724E-02
.1295548E-02
.8216232E-03
.9368535E-03
.2487809E-02
.1456185E-02
-.9848312E-04
.5493873E-03
.6077550E-03
.6907252E-03
.2842852E-03
.6102079E-04
.1224126E-02
.2168850E-03
-.2488841E-03
.9262073E-03
.5221760E-03
.4779895E-03
.4300374E-03
-.1204175E-03
-.1206703E-03
.4030866E-03
.1463723E-02
.1532834E-02
.1370211E-02
.1582973E-02
.1247175E-02
.9542519E-03
.9278453E-03
.1489407E-02
.1972542E-02
.1821057E-02
.1360107E-02
.7815458E-03
.1762183E-02
.2980250E-02
.1697271E-02
.7977919E-03
.1633931E-02
.1635874E-02
.1107603E-02
.6423303E-03
.5311000E-03
.7283523E-03
-.1426693E-03
-.1060301E-02
-.6426291E-03
.1464945E-03
-.2401699E-03
-.1152484E-02
-.1925124E-02
-.2806461E-02
-.2465925E-02
-.2267906E-02
-.3193424E-02
-.3156865E-02
-.2247758E-02
-.1746611E-02
-.2529095E-02
-.3748715E-02
-.3837792E-02
-.3136801E-02
-.2806528E-02
-.2929232E-02
-.3160264E-02
-.3758203E-02
-.3830663E-02
-.3756177E-02
-.4309210E-02
-.4455719E-02
-.3751794E-02
-.3105531E-02
-.4110165E-02
-.4747423E-02
-.4575020E-02
-.5181416E-02
-.4725458E-02
-.4095988E-02
-.3565669E-02
-.2664293E-02
-.3102686E-02
-.3964987E-02
-.3676381E-02
-.3065705E-02
-.3622276E-02
-.3951978E-02
-.3719506E-02
-.3985169E-02
-.4392639E-02
-.4715215E-02
-.3966798E-02
-.3533431E-02
-.4112601E-02
-.4429916E-02
-.4955249E-02
-.4639280E-02
-.3924083E-02
-.4366852E-02
-.5227563E-02
-.6079719E-02
-.6609089E-02
-.6897470E-02
-.6766552E-02
-.6270962E-02
-.6365634E-02
-.6716372E-02
-.7133302E-02
-.7608577E-02
-.8503338E-02
-.9422499E-02
-.9352704E-02
-.9659303E-02
-.9705693E-02
-.9950708E-02
-.1136459E-01
-.1090218E-01
-.1018770E-01
-.1045675E-01
-.1028316E-01
-.1041600E-01
-.9872188E-02
-.1046208E-01
-.1123843E-01
-.9660024E-02
-.9847925E-02
-.1076388E-01
-.9232401E-02
-.7407610E-02
-.7471177E-02
-.8299174E-02
-.6845261E-02
-.5150398E-02
-.5211588E-02
-.4808614E-02
-.3908939E-02
-.3156034E-02
-.1997045E-02
-.9206827E-03
-.1347243E-02
-.1832170E-02
-.1243388E-02
-.1699682E-02
-.1667606E-02
-.1258398E-02
-.2459406E-02
-.2133198E-02
-.9708848E-03
-.1113890E-02
-.1590352E-02
-.1855894E-02
-.1376129E-02
-.1997870E-02
-.3229177E-02
-.3296508E-02
-.3297228E-02
-.2925854E-02
-.2800446E-02
-.3810789E-02
-.4761146E-02
-.5031120E-02
-.4681213E-02
-.4778303E-02
-.6055586E-02
-.6680177E-02
-.5777704E-02
-.5391487E-02
-.5863273E-02
-.5764580E-02
-.6251552E-02
-.7136504E-02
-.6862636E-02
-.6862242E-02
-.6942907E-02
-.7323755E-02
-.8093070E-02
-.7003138E-02
-.5984803E-02
-.6301079E-02
-.6849834E-02
-.7273264E-02
-.7053847E-02
-.6665941E-02
-.6011616E-02
-.6330291E-02
-.7495647E-02
-.7463463E-02
-.6925107E-02
-.5827527E-02
-.5404829E-02
-.5961902E-02
-.5653756E-02
-.5806457E-02
-.5840147E-02
-.5417240E-02
-.5209231E-02
-.4954563E-02
-.5311357E-02
-.4723261E-02
-.4269421E-02
-.4606096E-02
-.3748748E-02
-.3070250E-02
-.3082565E-02
-.3729261E-02
-.3791978E-02
-.2877984E-02
-.3129981E-02
-.2766283E-02
-.2119962E-02
-.2463031E-02
-.1871886E-02
-.1945011E-02
-.2212318E-02
-.1787985E-02
-.1963223E-02
-.1494213E-02
-.2059128E-02
-.2482775E-02
-.1283641E-02
-.1637352E-02
-.1230884E-02
-.8020301E-03
-.1979535E-02
-.1496473E-02
-.1712073E-02
-.2328538E-02
-.1952662E-02
-.2872115E-02
-.2737118E-02
-.1840845E-02
-.1954859E-02
-.1811292E-02
-.1291111E-02
-.8951097E-03
-.2046238E-02
-.2547054E-02
-.1836948E-02
-.2511583E-02
-.1897320E-02
-.1375286E-02
-.2815250E-02
-.2658204E-02
-.2075106E-02
-.2695492E-02
-.3127655E-02
-.2505318E-02
-.1812914E-02
-.2133040E-02
-.2156866E-02
-.2209214E-02
-.2378306E-02
-.2467736E-02
-.3252855E-02
-.3652198E-02
-.3731941E-02
-.3806808E-02
-.3545122E-02
-.3616179E-02
-.4073722E-02
-.3594822E-02
-.2802734E-02
-.3919950E-02
-.5143863E-02
-.4813152E-02
-.4276560E-02
-.4136190E-02
-.4215574E-02
-.4262038E-02
-.4053783E-02
-.3792340E-02
-.4455732E-02
-.5184714E-02
-.5143773E-02
-.5117953E-02
-.4811714E-02
-.4439820E-02
-.4371212E-02
-.4535757E-02
-.4153559E-02
-.3705721E-02
-.4354940E-02
-.4431646E-02
-.4316102E-02
-.4165980E-02
-.3879834E-02
-.4804590E-02
-.4177632E-02
-.3332008E-02
-.4687388E-02
-.4993847E-02
-.4418474E-02
-.3752017E-02
-.3819361E-02
-.4937490E-02
-.4706652E-02
-.4594397E-02
-.4598449E-02
-.3481797E-02
-.2900133E-02
-.2777418E-02
-.2910554E-02
-.4146083E-02
-.3820560E-02
-.4162251E-02
-.4579181E-02
-.3506307E-02
-.2556156E-02
-.3472398E-02
-.3739636E-02
-.2769268E-02
-.2337291E-02
-.2689622E-02
-.2578770E-02
-.1968614E-02
-.2187890E-02
-.2142842E-02
-.2015888E-02
-.2014892E-02
-.1494162E-02
-.8818006E-03
-.8458136E-04
-.3754164E-03
-.6241034E-03
-.2906692E-03
-.5259950E-03
-.8230883E-04
.9195934E-04
-.3730245E-03
-.4173735E-03
.1363057E-03
.2387172E-03
-.8908880E-03
-.9447568E-03
-.6505958E-03
-.5424778E-03
.3851411E-03
-.2725679E-03
-.9155997E-03
-.5439525E-04
-.4461008E-04
-.2822080E-03
-.2389437E-03
-.3600485E-03
-.3561108E-03
.1003635E-04
.2090362E-03
-.4520648E-03
-.2243075E-03
.8323691E-03
.9327639E-03
.6469236E-03
.6547220E-03
.1331606E-02
.1132577E-02
.1686414E-03
.5362223E-03
-.1933493E-03
-.1648883E-02
-.1874898E-02
-.2133502E-02
-.1666932E-02
-.1717743E-02
-.3229705E-02
-.3902778E-02
-.4070488E-02
-.4109235E-02
-.3500316E-02
-.3612528E-02
-.3775199E-02
-.3112859E-02
-.3275711E-02
-.3100999E-02
-.2955476E-02
-.4051332E-02
-.3630088E-02
-.2001008E-02
-.1135576E-02
-.1295753E-02
-.4205378E-03
.2711709E-02
.3406049E-02
.1760873E-03
-.2595386E-02
-.1981328E-02
.9024932E-03
.1817879E-02
.1454736E-02
.2806228E-02
.3263353E-02
.2927145E-02
.3621736E-02
.3205503E-02
.2256257E-02
.2830203E-02
.3768501E-02
.4149096E-02
.4331226E-02
.4355676E-02
.4556675E-02
.4776378E-02
.5781132E-02
.7207910E-02
.7000939E-02
.7418435E-02
.8370212E-02
.7629496E-02
.7625964E-02
.7957446E-02
.7451975E-02
.7232818E-02
.6493474E-02
.5605711E-02
.6002651E-02
.6938520E-02
.6749645E-02
.6160621E-02
.6030745E-02
.5832391E-02
.6017647E-02
.5425916E-02
.4520387E-02
.5461620E-02
.6120826E-02
.5342710E-02
.4721962E-02
.4729488E-02
.5452443E-02
.5706745E-02
.4891268E-02
.4906840E-02
.5677738E-02
.6291493E-02
.6635150E-02
.5842139E-02
.5471647E-02
.6326962E-02
.6694609E-02
.6684694E-02
.6905438E-02
.7123550E-02
.6612059E-02
.6115812E-02
.6366104E-02
.6872008E-02
.7063255E-02
.6154385E-02
.6255234E-02
.7147879E-02
.6882269E-02
.6358461E-02
.5494832E-02
.5171705E-02
.4906722E-02
.4573348E-02
.5391541E-02
.5814540E-02
.5851268E-02
.5824858E-02
.5955324E-02
.6342562E-02
.5985057E-02
.5361379E-02
.4955067E-02
.4791415E-02
.4312758E-02
.3709611E-02
.3374252E-02
.2707053E-02
.2722919E-02
.3167479E-02
.3163245E-02
.3484352E-02
.3407494E-02
.2985026E-02
.3080181E-02
.2825216E-02
.2590043E-02
.3150537E-02
.3350731E-02
.2716841E-02
.2185320E-02
.2557358E-02
.3113056E-02
.2810513E-02
.2735921E-02
.2821624E-02
.2240369E-02
.2123897E-02
.2741186E-02
.3037527E-02
.2398200E-02
.2102569E-02
.2361578E-02
.2151676E-02
.2316833E-02
.2551463E-02
.2434353E-02
.2366760E-02
.2024081E-02
.1703780E-02
.2037421E-02
.2775006E-02
.2336867E-02
.9162522E-03
.7757536E-03
.1788783E-02
.2285013E-02
.2155102E-02
.2163288E-02
.2179317E-02
.1327730E-02
.6494331E-03
.1420068E-02
.1548419E-02
.7953824E-03
.8728248E-03
.1194380E-02
.1555861E-02
.2023384E-02
.2474828E-02
.2602715E-02
.2279870E-02
.2186934E-02
.2095876E-02
.2166898E-02
.2371837E-02
.2233345E-02
.1864065E-02
.1456675E-02
.1863302E-02
.2368362E-02
.2326721E-02
.2477040E-02
.2148932E-02
.1764334E-02
.2125602E-02
.2352322E-02
.2017880E-02
.1911969E-02
.2369127E-02
.2361638E-02
.2006826E-02
.1887948E-02
.1726928E-02
.1597625E-02
.1363164E-02
.1170239E-02
.1432634E-02
.1599618E-02
.1430760E-02
.1557676E-02
.1524216E-02
.1210339E-02
.1348010E-02
.1219332E-02
.9583731E-03
.1183901E-02
.1100141E-02
.8203864E-03
.7398114E-03
.7278055E-03
.9262447E-03
.9979987E-03
.8000142E-03
.7876329E-03
.7606474E-03
.4964089E-03
.4617323E-03
.7885496E-03
.1012006E-02
.8474594E-03
.6382454E-03
.7726785E-03
.1016963E-02
.9633431E-03
.7083888E-03
.6034162E-03
.6447543E-03
.5810231E-03
.6188112E-03
.9561936E-03
.9762518E-03
.7108358E-03
.7470370E-03
.7393828E-03
.7255230E-03
.8347033E-03
.6245493E-03
.4968686E-03
.5880204E-03
.5123345E-03
.4499706E-03
.4230216E-03
.4010356E-03
.2775709E-03
.4453856E-04
.4017193E-04
.1061535E-03
.1551918E-04
-.9971168E-04
-.1134445E-03
-.1641830E-03
-.3605089E-03
-.3666181E-03
-.2601223E-03
-.3397278E-03
-.4445293E-03
-.5774373E-03
-.6738306E-03
-.6661491E-03
-.6975995E-03
-.6335013E-03
-.5343186E-03
-.5702825E-03
-.6045268E-03
-.7189686E-03
-.9715078E-03
-.1089432E-02
-.1050602E-02
-.1008688E-02
-.9683953E-03
-.8939937E-03
-.8136553E-03
-.7405195E-03
-.7056199E-03
-.8436811E-03
-.9414695E-03
-.8779228E-03
-.9560974E-03
-.1069753E-02
-.1033257E-02
-.9563979E-03
-.9003053E-03
-.8645436E-03
-.8324523E-03
-.8843348E-03
-.9741565E-03
-.9880465E-03
-.1044231E-02
-.1136342E-02
-.1141690E-02
-.1120180E-02
-.1117761E-02
-.1075275E-02
-.1049366E-02
-.1118708E-02
-.1183375E-02
-.1171032E-02
-.1172117E-02
-.1236250E-02
-.1270743E-02
-.1268063E-02
-.1277939E-02
-.1274927E-02
-.1287643E-02
-.1315638E-02
-.1323027E-02
-.1315233E-02
-.1312344E-02
-.1343245E-02
-.1359028E-02
-.1343627E-02
-.1346422E-02
-.1352300E-02
-.1355727E-02
-.1356789E-02
-.1355128E-02
-.1366027E-02
-.1364696E-02
-.1358992E-02
-.1370438E-02
-.1375918E-02
-.1368024E-02
-.1361618E-02
-.1360377E-02
-.1357570E-02
-.1358367E-02
-.1361053E-02
-.1355746E-02
-.1343997E-02
-.1337827E-02
-.1339931E-02
-.1329582E-02
-.1320067E-02
-.1321232E-02
-.1309700E-02
-.1295539E-02
-.1284583E-02
-.1270684E-02
-.1257754E-02
-.1243203E-02
-.1230791E-02
-.1224193E-02
-.1215883E-02
-.1201141E-02
-.1188929E-02
-.1179481E-02
-.1165340E-02
-.1151851E-02
-.1139108E-02
-.1124937E-02
-.1111962E-02
-.1097408E-02
-.1081972E-02
-.1068882E-02
-.1055738E-02
-.1041311E-02
-.1027289E-02
-.1012950E-02
-.9980703E-03
-.9834527E-03
-.9680531E-03
-.9519687E-03
-.9360701E-03
-.9202668E-03
-.9043435E-03
-.8882180E-03
-.8720501E-03
-.8557912E-03
-.8392860E-03
-.8225207E-03
-.8056861E-03
-.7889115E-03
-.7719931E-03
-.7549008E-03
-.7376979E-03
-.7203742E-03
-.7029801E-03
-.6854968E-03
-.6679053E-03
-.6502397E-03
-.6324890E-03
-.6146464E-03
-.5967237E-03
-.5787170E-03
-.5606274E-03
-.5424595E-03
-.5242136E-03
-.5058910E-03
-.4874932E-03
-.4690215E-03
