.1361168E-01
.1365572E-01
.1369916E-01
.1374234E-01
.1378455E-01
.1382647E-01
.1386574E-01
.1390532E-01
.1394229E-01
.1397895E-01
.1401236E-01
.1405400E-01
.1408164E-01
.1409516E-01
.1410229E-01
.1411918E-01
.1413869E-01
.1419167E-01
.1419435E-01
.1410941E-01
.1399162E-01
.1396178E-01
.1410335E-01
.1424873E-01
.1413255E-01
.1382936E-01
.1354522E-01
.1345968E-01
.1355958E-01
.1392746E-01
.1391055E-01
.1355296E-01
.1315972E-01
.1263022E-01
.1265400E-01
.1359120E-01
.1351409E-01
.1151348E-01
.9635968E-02
.1161104E-01
.1403522E-01
.1275564E-01
.1049147E-01
.9977092E-02
.9220749E-02
.9656015E-02
.1153059E-01
.1170739E-01
.8175145E-02
.2915780E-02
.3457841E-02
.9665954E-02
.1293882E-01
.7603572E-02
-.2073467E-02
-.7552705E-02
-.3319357E-02
.6031672E-02
.8548319E-02
.6068632E-02
.1400270E-02
-.3294147E-02
-.2603084E-02
.3452947E-02
.7939756E-02
.4758168E-02
-.2326253E-02
-.8443440E-02
-.7820341E-02
.7767578E-03
.7123016E-02
.1914035E-02
-.4616723E-02
-.1574220E-02
-.1044570E-02
-.1079763E-01
-.1705866E-01
-.1649901E-01
-.6396777E-02
.4186974E-02
-.3650779E-03
-.1150177E-01
-.2156814E-01
-.2390932E-01
-.1572193E-01
-.2572003E-02
.6812534E-02
.1401745E-01
.1299769E-01
-.3481589E-02
-.2177278E-01
-.3499549E-01
-.3524160E-01
-.2104292E-01
-.1100230E-01
-.8110313E-02
-.1363118E-01
-.2894925E-01
-.1745033E-01
.4541624E-02
-.2424067E-02
-.1525191E-01
-.9345572E-02
-.4494059E-02
-.2052403E-01
-.3426878E-01
-.2870870E-01
-.8801644E-02
.7760130E-02
.6397516E-03
-.1655135E-01
-.2824103E-01
-.2719865E-01
-.2187192E-01
-.2487409E-01
-.1554215E-01
.6463773E-02
.6241076E-02
-.1992944E-01
-.4431301E-01
-.4281137E-01
-.2520191E-01
-.2466762E-02
.9881614E-02
.3713234E-02
-.6239058E-02
-.9020107E-02
-.8610759E-02
-.1839128E-01
-.3175617E-01
-.3189764E-01
-.2013864E-01
-.7314344E-02
.3740365E-02
-.1974327E-02
-.1188424E-01
-.8236930E-02
.4276474E-02
.1544920E-01
.1007425E-01
-.1755257E-01
-.3489163E-01
-.2451508E-01
-.1627143E-01
-.1751331E-01
-.9473798E-02
-.4496816E-03
.2597236E-02
-.4284182E-02
-.2418566E-01
-.3206901E-01
-.2580817E-01
-.1359715E-01
.1073721E-01
.1420140E-01
-.2028020E-01
-.5739156E-01
-.5456387E-01
-.3322698E-01
-.2550534E-01
-.9601956E-02
.9844120E-02
.4912773E-03
-.1313884E-01
.3403010E-02
.3918174E-01
.3704234E-01
-.1054713E-01
-.3989982E-01
-.3631720E-01
-.3957465E-01
-.2833962E-01
.9125135E-02
.1704563E-01
-.8946901E-02
-.1623074E-01
.3804647E-03
.8836491E-02
.6020965E-02
.1300015E-01
.1613298E-01
.5152643E-02
-.3960076E-02
-.2822040E-02
.5394163E-04
-.8213458E-02
-.2851486E-01
-.3991038E-01
-.4375326E-01
-.2692281E-01
.9186062E-02
.2109279E-01
.4544809E-02
-.1247839E-01
-.1160350E-01
-.8171312E-02
-.1075305E-01
-.9502337E-02
.6131155E-02
.9333850E-02
-.1655633E-02
-.9840216E-02
-.1385942E-01
-.5850651E-02
.9174916E-02
.1190115E-02
-.2415283E-01
-.3054124E-01
-.1005903E-01
.2103170E-01
.2643074E-01
.9959232E-02
-.3811542E-02
-.1345629E-01
-.2293763E-01
-.1004746E-01
.1500336E-01
.1346603E-01
-.9195351E-02
-.2513962E-01
-.2426891E-01
-.3144165E-02
.2505375E-01
.2503223E-01
.3547953E-02
-.1596451E-01
-.2028400E-01
-.1621289E-01
-.8054691E-02
-.1745489E-02
-.7097824E-02
-.1411939E-01
-.6335358E-02
.9308088E-02
.3373252E-02
-.1845417E-01
-.1523384E-01
.2153350E-01
.4451405E-01
.3068406E-01
.3235755E-02
-.1324695E-01
-.1047341E-01
-.1986220E-01
-.1794634E-01
.1529323E-01
.2382657E-01
.3273581E-02
-.2525697E-01
-.4050230E-01
-.1266361E-01
.3331860E-01
.4243528E-01
.2708741E-01
.1197024E-01
-.3326645E-02
-.1652270E-01
-.1993736E-01
-.1547097E-01
-.8422225E-02
.2476091E-02
.9066957E-02
-.1425419E-02
-.1186405E-01
.3279514E-02
.1896023E-01
.2440384E-01
.2829124E-01
.2897731E-01
.1670703E-01
-.1458040E-01
-.3686557E-01
-.3916186E-01
-.2490118E-01
.7135653E-02
.2415858E-01
.7238291E-02
-.1591660E-01
-.2044004E-01
-.1752438E-01
-.7502588E-02
.2687039E-01
.4773175E-01
.1867841E-01
-.2918974E-01
-.4942359E-01
-.2857705E-01
.1210248E-01
.4528614E-01
.5553894E-01
.1215474E-01
-.3569267E-01
-.3995548E-01
-.1115129E-01
.4413088E-01
.6162048E-01
.2785252E-02
-.4172313E-01
-.2618211E-01
.1991774E-01
.5700949E-01
.3414235E-01
-.1126552E-01
-.1164411E-01
.5853992E-02
-.1888557E-01
-.4883786E-01
-.2198712E-01
.4700158E-01
.6621091E-01
.2522756E-02
-.5192046E-01
-.2697690E-01
.3548842E-01
.6781593E-01
.3696303E-01
-.1956318E-01
-.4497873E-01
-.4485477E-01
-.2424623E-01
.2207848E-01
.4868746E-01
.3784828E-01
.2363871E-01
.5457104E-02
-.9986071E-03
.7228589E-02
.1758766E-01
.3081028E-01
.2860235E-01
-.1060185E-01
-.4470491E-01
-.3817152E-01
.9360759E-02
.4845329E-01
.3675132E-01
-.9884532E-02
-.3279752E-01
-.1399398E-01
.1402814E-01
.2485173E-01
.3721184E-01
.5022077E-01
.1565447E-01
-.1423637E-01
.2077353E-01
.5498536E-01
.2682326E-01
-.2605452E-01
-.3588605E-01
-.4046241E-02
.4111533E-01
.5163739E-01
.1435411E-01
-.2635327E-01
-.1888337E-01
.4824918E-01
.1307117E+00
.1314986E+00
.4706935E-01
-.2347076E-01
-.4044877E-01
-.2477514E-01
.1449014E-01
.3645979E-01
.3838610E-02
-.4429559E-01
-.3165195E-01
.3788815E-01
.7209889E-01
.6785987E-01
.7268259E-01
.3442225E-01
-.3959110E-01
-.6825297E-01
-.1402707E-01
.9152063E-01
.1090527E+00
.1898701E-02
-.6218175E-01
-.3287687E-01
.2652007E-01
.1087013E+00
.1044966E+00
-.3185410E-01
-.1312768E+00
-.1239210E+00
.6680181E-02
.2054675E+00
.1876094E+00
-.1898653E-01
-.1259779E+00
-.7648985E-01
-.2361375E-01
.8967352E-02
.6660199E-01
.9225485E-01
.2206548E-01
-.1058107E+00
-.2012461E+00
-.1021352E+00
.7393996E-01
.1424736E+00
.9601491E-01
-.1885733E-01
-.8785352E-01
-.9638153E-01
-.5093088E-01
.7172462E-01
.1461171E+00
.7304871E-01
-.3458818E-01
-.4894207E-01
.2948686E-01
.1515531E+00
.2255711E+00
.2064659E+00
.1407991E+00
.1198935E+00
.1321799E+00
.1487857E+00
.1645249E+00
.1814367E+00
.1283449E+00
-.9056808E-01
-.2648558E+00
-.2704975E+00
-.2003249E+00
-.1082253E+00
-.3570159E-02
.4021181E-01
.3522294E-02
-.1553233E-01
.4881160E-01
.1246299E+00
.1359375E+00
.9530180E-01
-.2343468E-02
-.1166928E+00
-.1629941E+00
-.1706121E+00
-.1573601E+00
-.9780877E-01
-.5658421E-01
-.6495413E-01
-.6144852E-01
-.1119463E-02
.1334722E+00
.2255695E+00
.1019390E+00
-.9967342E-01
-.1311787E+00
-.2824086E-02
.1218378E+00
.1299679E+00
.4978283E-01
-.1188572E-01
-.2622567E-02
.2016391E-01
.4075436E-01
.7893900E-01
.8047283E-01
.2239632E-01
-.1516039E-01
.4512631E-02
.3173052E-01
.3678423E-01
.2033275E-01
-.1664866E-01
-.6055617E-01
-.9495337E-01
-.1035827E+00
-.8330981E-01
-.3267691E-01
.2479781E-01
.2486970E-02
-.8941304E-01
-.1159895E+00
-.8446788E-01
-.3993319E-01
.3560703E-01
.5209123E-01
-.2099893E-01
-.5825277E-01
-.1083362E-01
.8095710E-01
.1677233E+00
.1322187E+00
-.7076658E-03
-.7778732E-01
-.5288588E-01
-.1213191E-01
.1849023E-01
.4317701E-01
.6550144E-01
.7196635E-01
.5723016E-01
.3854362E-01
.4013824E-01
.5601837E-01
.5192359E-01
.2471775E-01
.1423327E-01
.2710985E-01
.4659231E-01
.6619491E-01
.7074015E-01
.4759644E-01
.3997023E-01
.5008692E-01
.4694076E-01
.1683131E-01
-.2345415E-01
-.6418890E-01
-.9460874E-01
-.1235771E+00
-.1590977E+00
-.1404652E+00
-.5876625E-01
-.1056100E-01
-.4159189E-01
-.1123220E+00
-.1411334E+00
-.1060587E+00
-.5380790E-01
-.1826175E-01
-.1984517E-02
-.4858356E-02
-.4871250E-01
-.7050641E-01
-.5886610E-01
.5049163E-01
.2617316E+00
.2609267E+00
.6734730E-01
-.5992431E-01
-.3935953E-01
.4764301E-01
.1394694E+00
.1342219E+00
-.1853601E-01
-.1373639E+00
-.6078152E-01
.7933879E-01
.9202246E-01
.2727272E-01
-.4448560E-01
-.1096046E+00
-.1256029E+00
-.1184850E+00
-.1129393E+00
-.1017752E+00
-.9767950E-01
-.9717086E-01
-.8550088E-01
-.5623178E-01
-.3317117E-01
-.2439532E-01
-.1281647E-01
-.2122498E-02
.6334320E-02
.1752495E-01
.4103741E-01
.5480190E-01
.3414909E-01
-.4157415E-02
-.2405855E-01
-.3475134E-01
-.2578581E-01
.4793617E-01
.1222544E+00
.1049272E+00
.4228099E-01
.9718265E-02
-.2830310E-02
-.3391075E-01
-.3127610E-01
.2224798E-01
.4687051E-02
-.9742474E-01
-.1861313E+00
-.2102953E+00
-.1364080E+00
.9317576E-01
.2800370E+00
.1757837E+00
-.6506068E-01
-.1156723E+00
.1145684E-01
.1061534E+00
.7599458E-01
-.2004249E-01
-.9741874E-01
-.1537139E+00
-.1653514E+00
-.7546165E-01
.6759666E-01
.1141597E+00
.1025854E-01
-.1197675E+00
-.9985489E-01
-.3699227E-02
.3870513E-01
.3594026E-02
-.5858799E-01
-.7916030E-01
-.4926926E-01
.3410817E-02
.5718957E-01
.9696993E-01
.8374537E-01
.4586475E-01
.5925971E-01
.1028639E+00
.8522983E-01
-.2838700E-01
-.9615797E-01
-.4591500E-01
.1664907E-01
.1289140E-01
-.2632585E-01
-.8009792E-01
-.9910552E-01
-.8461315E-01
-.6373276E-01
-.2872852E-01
.1618623E-01
.1843853E-01
-.5157629E-01
-.9541512E-01
-.6509933E-01
-.2188954E-01
-.1488764E-01
-.1349985E-01
.9334881E-02
.1937874E-01
-.1387921E-02
.2647511E-01
.1013940E+00
.1460737E+00
.1301464E+00
.7791232E-01
.1599423E-01
-.3195493E-01
-.4072680E-01
-.6882781E-01
-.9581198E-01
-.6882982E-01
-.4165992E-01
-.5089977E-01
-.5691191E-01
-.4050745E-01
.1406803E-01
.5880647E-01
.1152811E-01
-.6027918E-01
-.8665098E-01
-.1007361E+00
-.1441719E+00
-.1632561E+00
-.1176031E+00
-.7633354E-01
-.8303982E-01
-.8168705E-01
-.6182672E-01
-.5565451E-01
-.9938316E-01
-.1346317E+00
-.1093854E+00
-.2847549E-01
.1131378E+00
.2411552E+00
.2436421E+00
.1742207E+00
.1201736E+00
.7500263E-01
.4835833E-01
.4628347E-01
.5747931E-01
.7777824E-01
.8268065E-01
.7132235E-01
.5246481E-01
.6577733E-01
.1499411E+00
.2336034E+00
.2008465E+00
.5669014E-01
-.4562785E-01
-.3850778E-01
-.5044574E-01
-.1052235E+00
-.4791166E-01
.6226345E-01
.3177562E-01
-.1149406E+00
-.1895899E+00
-.1698998E+00
-.1502867E+00
-.1398052E+00
-.1433876E+00
-.1870410E+00
-.2230551E+00
-.2029665E+00
-.1413736E+00
-.3789409E-01
.3417068E-01
-.5617979E-01
-.2078660E+00
-.2148076E+00
-.6306405E-01
.4758152E-01
.5562513E-01
.8534888E-02
-.7443389E-01
-.1847894E+00
-.1978589E+00
.8156551E-01
.3732373E+00
.2248190E+00
-.7167403E-01
-.4098762E-01
.2369364E+00
.3862365E+00
.2380166E+00
.4158182E-01
-.4763663E-01
-.6505788E-01
-.3831519E-01
.2855794E-01
.1709519E+00
.2591982E+00
.2143558E+00
.1609534E+00
.1570521E+00
.1089411E+00
.3042260E-01
.1606987E-01
.1192187E-01
-.3772504E-01
-.1050188E+00
-.1544980E+00
-.1589057E+00
-.1138365E+00
-.5544672E-01
-.8468585E-02
-.1159715E-01
-.9426460E-01
-.1418773E+00
-.1015981E+00
-.3965922E-01
-.1808463E-01
-.4757954E-01
-.1315067E+00
-.2244084E+00
-.2556528E+00
-.2037691E+00
-.1281563E+00
-.7549388E-01
-.1779248E-01
-.9114584E-02
-.1551621E+00
-.2535410E+00
-.9471482E-01
.9586101E-01
.7667721E-01
-.3440434E-01
-.5880754E-01
.1614402E-01
.7421694E-01
.8799050E-01
.1135770E+00
.1578374E+00
.1636475E+00
.9009159E-01
.1816015E-01
.1359841E-01
.2233844E-01
.5764725E-01
.2048043E+00
.3355988E+00
.2688196E+00
.8914270E-01
-.3390332E-01
-.9080557E-01
-.8208246E-01
.6427044E-03
.6316086E-01
.2714307E-01
-.1000608E+00
-.2081827E+00
-.1818882E+00
.2163938E-01
.2445346E+00
.2503640E+00
.1235334E+00
.6323901E-01
.8837880E-01
.1353642E+00
.1970375E+00
.2321054E+00
.1968173E+00
.1023475E+00
.5724077E-01
.1090852E+00
.1791682E+00
.1563604E+00
.4739754E-01
-.3716413E-01
-.1434604E-01
.8798963E-01
.1102476E+00
.4107751E-01
-.3690786E-01
.2259843E-02
.1576149E+00
.2080277E+00
.1341695E+00
.6313972E-01
.1941959E-01
-.4943816E-01
-.7833076E-01
.2835115E-01
.1420072E+00
.7953477E-01
-.1679670E+00
-.3609051E+00
-.2786395E+00
-.1038094E+00
-.9169967E-01
-.1735474E+00
-.1627696E+00
-.7888086E-01
-.5260754E-01
-.7239020E-01
-.6977787E-01
.8363989E-01
.3525674E+00
.4079537E+00
.3393887E+00
.3145571E+00
.2395148E+00
.9116253E-01
-.3943675E-01
-.1265761E+00
-.1649083E+00
-.1641277E+00
-.1424424E+00
-.1361540E+00
-.1596798E+00
-.2212614E+00
-.2527279E+00
-.1637245E+00
-.5212325E-02
.4109325E-01
-.7858482E-01
-.1714653E+00
-.1686020E+00
-.1849873E+00
-.2205970E+00
-.2074469E+00
-.2082357E+00
-.2957385E+00
-.3581726E+00
-.3307919E+00
-.3074877E+00
-.3459284E+00
-.3955374E+00
-.4070755E+00
-.4264514E+00
-.4897390E+00
-.5565058E+00
-.5407804E+00
-.4119957E+00
-.1448215E+00
.1314897E+00
.2961820E-01
-.2714903E+00
-.2718873E+00
.3146604E-01
.2103177E+00
.1728486E+00
.6886898E-01
-.5586859E-02
.1243983E-02
.8693690E-01
.1903090E+00
.2011266E+00
.1337667E+00
.1265293E+00
.2188364E+00
.3079398E+00
.3122114E+00
.2098227E+00
.1277135E+00
.1177613E+00
.1144727E+00
.7886329E-01
.2728674E-01
-.4777747E-02
.1499967E-01
.9326629E-01
.1548914E+00
.1515175E+00
.9130105E-01
-.1751797E-01
-.6494357E-01
-.5107605E-04
.1645971E+00
.2412372E+00
.6596966E-01
-.7687453E-01
.2981845E-01
.2114130E+00
.2221052E+00
.7679710E-01
-.3674968E-01
-.6276620E-01
-.9170191E-01
-.1016595E+00
-.7045039E-01
-.6712787E-01
-.1723704E+00
-.3271932E+00
-.3777519E+00
-.3573418E+00
-.3638072E+00
-.4052701E+00
-.4263286E+00
-.3133325E+00
-.1004895E-01
.1564297E+00
.1080185E-01
-.1250841E+00
-.5132274E-01
.5871376E-01
.1031277E+00
.1285519E+00
.1519197E+00
.1453089E+00
.1307449E+00
.1472483E+00
.1896193E+00
.1983757E+00
.1550126E+00
.1334436E+00
.1589767E+00
.1464414E+00
.3560553E-01
-.8019434E-01
-.1024782E+00
-.9653474E-01
-.4956889E-01
.1727534E+00
.4877002E+00
.5305933E+00
.2944758E+00
.1809842E+00
.2322723E+00
.3115172E+00
.4408874E+00
.5320915E+00
.5626498E+00
.5574240E+00
.4833003E+00
.3830993E+00
.2260655E+00
.2653521E-01
-.1717512E-01
.1064368E+00
.2196324E+00
.2563145E+00
.1783282E+00
.6653168E-01
.5127934E-01
.7409187E-01
.5206322E-01
.9900417E-02
-.4121388E-01
-.1391806E+00
-.2259301E+00
-.2823965E+00
-.3586489E+00
-.4511106E+00
-.4986891E+00
-.4463761E+00
-.1423105E+00
.3583331E+00
.5314777E+00
.2456285E+00
-.7696434E-03
.2863098E-01
.4913722E-01
-.1143557E+00
-.2752986E+00
-.2831452E+00
-.2224632E+00
-.2165640E+00
-.2744013E+00
-.3561318E+00
-.4216949E+00
-.4132167E+00
-.3529361E+00
-.2189920E+00
.8038869E-01
.2642761E+00
.4594457E-01
-.2076610E+00
-.2179398E+00
-.9757525E-02
.1401002E+00
.1017069E-01
-.1624191E+00
-.2558850E-01
.3787465E+00
.4672444E+00
.2103864E+00
-.7289931E-03
-.1261079E-01
.1275957E+00
.2727584E+00
.2843240E+00
.2035695E+00
.1052934E+00
.3962173E-01
.2806276E-01
.9355779E-01
.2051994E+00
.1800284E+00
.6606798E-01
.5500324E-01
.1356374E+00
.1719844E+00
.1374287E+00
.9015592E-01
.1176280E+00
.2240622E+00
.2621478E+00
.1745202E+00
.7735013E-01
.4127560E-01
.6165582E-01
.7309992E-01
.3752565E-01
-.3637316E-02
-.4757303E-01
-.1688078E+00
-.3127493E+00
-.3567889E+00
-.3107825E+00
-.2828250E+00
-.2882333E+00
-.2804800E+00
-.2750008E+00
-.3220125E+00
-.2945349E+00
-.1195972E+00
-.1941785E-01
-.5236544E-01
-.1121217E+00
.1776493E-01
.4649559E+00
.7503862E+00
.5822569E+00
.3729671E+00
.2794540E+00
.1687156E+00
.7299130E-01
.8145869E-01
.1286282E+00
.1906774E+00
.2169691E+00
.1424461E+00
.7711783E-01
.7749060E-01
.7654342E-01
.6029362E-01
.7649581E-01
.1187664E+00
.1407152E+00
.9699983E-01
-.8162134E-02
-.1095769E+00
-.1541000E+00
-.1667454E+00
-.9823573E-01
.8536515E-01
.1506314E+00
.5743008E-01
.6853994E-02
.3212745E-02
-.5534166E-01
-.1258892E+00
-.1549978E+00
-.1599944E+00
-.1584236E+00
-.1564600E+00
-.1931005E+00
-.2550334E+00
-.2632703E+00
-.1859762E+00
-.5440918E-01
.7182929E-01
.7702013E-01
-.2565406E-01
-.1077221E+00
-.1357687E+00
-.1159553E+00
-.6481881E-01
-.5281252E-02
.4995168E-01
.8818911E-01
.8921019E-01
.8418346E-01
.1336389E+00
.2544256E+00
.3649035E+00
.3165487E+00
.1584268E+00
.1009444E+00
.1360324E+00
.1347971E+00
.7632504E-01
.1603858E-01
-.4504919E-01
-.1099651E+00
-.1535601E+00
-.1308337E+00
-.3750986E-01
.5466549E-02
-.3136060E-01
-.1199718E+00
-.2441458E+00
-.2803926E+00
-.1359504E+00
.1332917E+00
.3883505E+00
.3243708E+00
.5236960E-01
-.8682600E-01
-.1269387E+00
-.1421705E+00
-.9768745E-01
-.2310427E-01
-.6412761E-02
-.7378764E-01
-.2314590E+00
-.3510512E+00
-.3931919E+00
-.3479499E+00
-.1123419E+00
.2820099E+00
.4365389E+00
.1241731E+00
-.1206764E+00
-.2120011E-01
.6961637E-01
-.1930696E-01
-.8429302E-01
-.1034752E-01
.5909959E-01
.4981305E-02
-.8435137E-01
-.1098375E+00
-.1190174E+00
-.1705572E+00
-.2204540E+00
-.2140940E+00
-.1457102E+00
-.7253511E-01
-.8136096E-01
-.1529993E+00
-.1872499E+00
-.1700181E+00
-.1627494E+00
-.1736157E+00
-.1315073E+00
-.2167310E-01
.4880056E-01
.4842954E-01
.7992435E-01
.1534827E+00
.2416125E+00
.3023311E+00
.2382075E+00
.1088267E+00
-.5713368E-02
-.9491435E-01
-.1618120E+00
-.1903045E+00
-.1625642E+00
-.9595938E-01
-.4068600E-01
-.7820777E-02
.5031965E-01
.9850416E-01
.8336274E-01
.7254909E-01
.1106623E+00
.1475087E+00
.1575340E+00
.1944925E+00
.2413308E+00
.2742836E+00
.3009894E+00
.2615925E+00
.1784205E+00
.1248431E+00
.8918167E-01
.7098641E-01
.9698357E-01
.1723161E+00
.2745541E+00
.3577597E+00
.4334943E+00
.4770113E+00
.3181140E+00
.1919243E-01
-.1134096E+00
-.7532740E-01
-.1042069E-01
.4696303E-01
.9429491E-01
.1357491E+00
.1925600E+00
.2169935E+00
.1189548E+00
-.1119561E-01
-.4973529E-01
-.4751051E-01
-.8980517E-01
-.1699406E+00
-.2325124E+00
-.2623282E+00
-.2814017E+00
-.2924532E+00
-.2653021E+00
-.2284236E+00
-.2086721E+00
-.1854106E+00
-.1907212E+00
-.2530053E+00
-.2920025E+00
-.2774780E+00
-.1584985E+00
.1071024E+00
.2026949E+00
-.4423688E-01
-.2644156E+00
-.2540624E+00
-.2465141E+00
-.3576446E+00
-.4591500E+00
-.3930215E+00
-.2026173E+00
-.5340235E-01
-.1089700E-01
.2595423E-01
.1069471E+00
.1600269E+00
.1987549E+00
.3108594E+00
.4578908E+00
.6024125E+00
.6297209E+00
.3972264E+00
.4515014E-01
-.1330499E+00
-.2137833E+00
-.2336935E+00
-.2766843E-03
.2259178E+00
.2484406E+00
.2894559E+00
.4486030E+00
.5328083E+00
.3614944E+00
.1457700E+00
.6257085E-01
.3542411E+00
.8639465E+00
.6180805E+00
.5260940E-01
-.7261408E-02
.1821747E+00
.1061284E+00
-.1615348E+00
-.3485858E+00
-.3671137E+00
-.1883704E+00
.7638288E-01
.1932346E+00
.1729133E+00
.1172863E+00
.4172294E-01
-.9779922E-02
-.1692426E-01
-.3092890E-01
-.3228343E-01
.9760439E-01
.3228681E+00
.4567748E+00
.4494863E+00
.3130794E+00
.1628657E+00
.9028241E-01
.7754984E-01
.3060864E-01
-.1176566E+00
-.2583332E+00
-.3018104E+00
-.3552047E+00
-.4896839E+00
-.6449799E+00
-.7262877E+00
-.7186769E+00
-.6871619E+00
-.6315179E+00
-.5200540E+00
-.3484094E+00
-.1602341E+00
-.1673668E-01
.6660607E-01
.6607452E-01
.5120871E-01
.8889823E-01
.1224764E+00
.4312561E-01
-.1777633E+00
-.3744368E+00
-.3218871E+00
-.1020863E+00
.9298319E-01
.1146941E+00
.5084183E-02
-.1106461E+00
-.2208377E+00
-.3530965E+00
-.4031396E+00
-.2704295E+00
.1323276E+00
.5284862E+00
.4111290E+00
-.1255490E+00
-.4295543E+00
-.1888508E+00
.1052726E+00
.1075269E+00
-.3292006E-02
-.4878044E-01
-.3909205E-01
.1440422E-01
.1402400E+00
.1561032E+00
.4188355E-01
-.3715196E-01
-.4729700E-01
-.4477047E-01
-.5086516E-01
-.3568205E-01
-.1655452E-01
-.1822414E-01
-.3559921E-01
-.4293115E-01
-.2333056E-01
-.1090499E-01
-.1793847E-01
-.6723913E-02
-.1009563E-01
-.9073375E-01
-.2035952E+00
-.2646344E+00
-.2511353E+00
-.2553559E+00
-.2565101E+00
-.1321482E+00
.1770401E-01
.4778880E-01
-.8795793E-01
-.2659539E+00
-.2715145E+00
-.1710189E+00
-.1148870E+00
-.1165333E+00
-.1222304E+00
-.1255434E+00
-.1261764E+00
-.1051518E+00
-.9744400E-01
-.1421001E+00
-.1806347E+00
-.1795682E+00
-.2059828E+00
-.2834115E+00
-.2804296E+00
-.1963567E+00
-.2223865E+00
-.3139579E+00
-.3521554E+00
-.3281776E+00
-.2010902E+00
.3054356E-01
.1838345E+00
.6423327E-01
-.1253121E+00
-.1441916E+00
-.7992062E-01
-.9429230E-01
-.1437678E+00
-.1353100E+00
-.4118978E-01
.1058046E+00
.1334867E+00
.2206326E-01
-.6481067E-01
-.5055010E-01
-.5240474E-02
-.1124283E-01
-.1049128E+00
-.2623084E+00
-.2892468E+00
-.1574628E+00
-.8222432E-01
-.1293983E+00
-.1959319E+00
-.1611230E+00
-.3995948E-01
.1731087E-01
-.2636232E-01
-.6727501E-01
-.6079440E-01
-.3812742E-01
-.1865963E-01
-.2287416E-01
-.5731470E-01
-.4166272E-01
.5825759E-01
.1233327E+00
.6995118E-01
-.4512541E-01
-.1116622E+00
-.8561256E-01
-.3994625E-02
.1504423E+00
.2525582E+00
.8209292E-01
-.7963782E-01
.2971832E-01
.3663440E+00
.5753154E+00
.4215915E+00
.2316696E+00
.2098637E+00
.2079484E+00
.1314959E+00
.1321775E-01
.1332844E-01
.1660752E+00
.2943614E+00
.2927713E+00
.1931499E+00
.1429860E+00
.1644587E+00
.1514597E+00
.9469493E-01
.4967667E-01
.1101853E-01
-.3537170E-01
-.1497283E+00
-.3242362E+00
-.3770803E+00
-.3000120E+00
-.1436201E+00
-.1211049E+00
-.2706892E+00
-.3589322E+00
-.2752926E+00
-.1633977E+00
-.1664552E+00
-.2534518E+00
-.2798756E+00
-.1819506E+00
-.9049269E-01
-.9365729E-01
-.1231505E+00
-.1280216E+00
-.1625076E+00
-.2306029E+00
-.3148058E+00
-.4371399E+00
-.5039098E+00
-.4456219E+00
-.3471845E+00
-.3447393E+00
-.2394112E+00
.6181603E-01
.1065468E+00
-.6491569E-01
-.9665185E-01
-.2151690E-02
.4626538E-01
.1688652E-01
-.4368267E-01
-.8131629E-01
-.8760214E-01
-.9217488E-01
-.9505129E-01
.2439296E-01
.3707633E+00
.6212917E+00
.4758643E+00
.2735795E+00
.2833873E+00
.4132934E+00
.5735139E+00
.6404039E+00
.5853270E+00
.5129616E+00
.4644029E+00
.4370115E+00
.4020931E+00
.3594119E+00
.3306796E+00
.2918943E+00
.2054084E+00
.1585870E+00
.1646434E+00
.2719847E+00
.6156490E+00
.8012069E+00
.5044694E+00
.1458549E+00
.1581717E+00
.3626323E+00
.4761334E+00
.4934740E+00
.5230390E+00
.5277151E+00
.4503357E+00
.3510987E+00
.2300156E+00
.7920861E-01
-.1572580E-01
-.7337619E-02
.1355381E-01
-.5578344E-03
-.2129273E-01
-.7477091E-01
-.1212322E+00
-.1341296E+00
-.1295528E+00
-.1390893E+00
-.1662121E+00
-.1449282E+00
.3819238E-01
.2131973E+00
.8604184E-01
-.1016027E+00
-.5343356E-01
.7914169E-01
.9364786E-01
.4677521E-01
.5226271E-01
.1111896E+00
.1595551E+00
.1464062E+00
.9207660E-01
.2343721E-01
-.5258648E-01
-.1147109E+00
-.1307872E+00
-.1177205E+00
-.7745679E-01
-.2107589E-01
-.6447621E-02
-.4023669E-02
.2961818E-01
.1152818E+00
.2169231E+00
.2047498E+00
.8434059E-01
-.3264184E-01
-.6593389E-01
-.1537339E-01
.1215110E+00
.2408564E+00
.2219041E+00
.1535978E+00
.1248919E+00
.1137244E+00
.9949049E-01
.6214724E-01
-.8398297E-02
-.7171497E-01
-.1028863E+00
-.1658434E+00
-.3052811E+00
-.4124772E+00
-.4222641E+00
-.3849057E+00
-.3288073E+00
-.2545762E+00
-.1833073E+00
-.1493371E-01
.1909461E+00
.1730988E+00
-.3571622E-02
-.9836239E-01
-.1020865E+00
-.1353727E+00
-.1407719E+00
-.1106580E+00
-.1442397E+00
-.2226569E+00
-.2691226E+00
-.2873093E+00
-.2982548E+00
-.2965615E+00
-.2329167E+00
-.5399308E-01
.1943727E+00
.3190249E+00
.2142906E+00
.9383504E-01
.1245894E+00
.1835748E+00
.1453929E+00
.4158769E-01
-.3353696E-01
.5431454E-02
.1105329E+00
.1870196E+00
.2305378E+00
.2501321E+00
.2911517E+00
.3324976E+00
.2813238E+00
.2151333E+00
.2314413E+00
.2561535E+00
.1969382E+00
.1230648E-01
-.2396101E+00
-.3121160E+00
-.2011512E+00
-.1230547E+00
-.1033840E+00
-.6821479E-01
-.7665477E-01
-.1519045E+00
-.2191073E+00
-.2212431E+00
-.1770914E+00
-.1201866E+00
-.8724243E-01
-.8764042E-01
-.7608923E-01
-.5762520E-01
-.4650816E-01
-.5420470E-01
-.7425980E-01
-.9450074E-01
-.6183753E-01
.4317085E-01
.4724878E-01
-.1285393E+00
-.3198453E+00
-.3384095E+00
-.2056385E+00
-.3738713E-01
.4401066E-01
-.2336868E-01
-.1874081E+00
-.2895380E+00
-.2617199E+00
-.1801562E+00
-.1132697E+00
-.1056598E+00
-.1380270E+00
-.1824775E+00
-.1436755E+00
.3789613E-01
.2031432E+00
.2163041E+00
.1545173E+00
.1686655E+00
.2287652E+00
.1911966E+00
.1605725E+00
.2757435E+00
.3861766E+00
.3338166E+00
.2208549E+00
.1982633E+00
.2011918E+00
.1442879E+00
-.2671738E-01
-.2964945E+00
-.4032142E+00
-.3008249E+00
-.2161258E+00
-.2633873E+00
-.3080168E+00
-.2531473E+00
-.1802403E+00
-.1485634E+00
-.1305439E+00
-.1010960E+00
-.6508912E-01
-.5989631E-01
-.1334210E+00
-.1790773E+00
-.1663714E+00
-.7809655E-01
.1290743E+00
.2623833E+00
.2810490E+00
.2458445E+00
.1990407E+00
.1191970E+00
.6720139E-01
.8912740E-01
.1406069E+00
.1970703E+00
.2395410E+00
.2118420E+00
.1194313E+00
.4012070E-01
.9348167E-02
-.2574022E-01
-.7001958E-01
-.7640059E-01
.3770419E-01
.2021104E+00
.2250460E+00
.1907284E+00
.2475900E+00
.3423532E+00
.3385845E+00
.2552613E+00
.2297609E+00
.2751467E+00
.3103183E+00
.3183702E+00
.3057067E+00
.2627877E+00
.1872366E+00
.6061182E-01
-.5956268E-01
-.7679025E-01
-.4619110E-01
-.5676024E-01
-.8437323E-01
-.5754494E-01
-.6114812E-02
.1911748E-01
.5334214E-01
.8966143E-01
.6860182E-01
-.7195690E-03
-.5357571E-01
-.8265156E-01
-.1259807E+00
-.1955562E+00
-.2586842E+00
-.2609395E+00
-.2491467E+00
-.2193208E+00
-.8759480E-01
.1746967E-01
.3597381E-01
.1066310E+00
.1448637E+00
-.6756692E-01
-.2503925E+00
-.1835364E+00
-.9121771E-01
-.1198860E+00
-.1690516E+00
-.1594838E+00
-.1186873E+00
-.4791917E-01
.5493371E-01
.9107057E-01
.7130398E-01
.8578346E-01
.1249143E+00
.1084258E+00
.7458274E-01
.7709282E-01
.7868423E-01
.7051833E-01
.6813843E-01
.4231006E-01
.9177237E-02
.9183157E-02
.1295094E-01
-.2247142E-01
-.5581002E-01
-.5453261E-01
-.3721684E-01
-.3299269E-01
-.3411612E-01
-.3136101E-01
-.4646258E-01
-.7171519E-01
-.8304692E-01
-.8067498E-01
-.8245435E-01
-.6967229E-01
-.8956472E-01
-.1787402E+00
-.2396740E+00
-.1832982E+00
-.7454100E-01
-.1119197E-01
.5009815E-01
.8429934E-01
.7350518E-01
.4600133E-01
.2339292E-01
.2230592E-04
-.2019199E-02
-.1315485E-01
-.1009349E+00
-.1942952E+00
-.1820049E+00
-.1003766E+00
-.6946450E-01
-.1015140E+00
-.8877048E-01
-.8468309E-02
.3768080E-01
-.2088434E-01
-.8241075E-01
-.7003031E-01
-.3235754E-01
-.1093969E-01
.3101304E-01
.4942218E-01
-.5167748E-02
-.6165370E-01
-.2923320E-01
.7500628E-01
.1523918E+00
.1450826E+00
.1055252E+00
.8627412E-01
.9220613E-01
.8872701E-01
.7429324E-01
.8004304E-01
.9653518E-01
.8437198E-01
.4620917E-01
.1500352E-01
.3052908E-02
-.4342136E-01
-.1319247E+00
-.1548077E+00
-.1255464E+00
-.1127513E+00
-.7183989E-01
-.7919761E-02
-.2901182E-01
-.9489700E-01
-.9395734E-01
-.3542226E-01
-.2749545E-01
-.1012115E+00
-.1558097E+00
-.1414457E+00
-.1240686E+00
-.1484585E+00
-.1749896E+00
-.1715784E+00
-.1541910E+00
-.1416319E+00
-.1370427E+00
-.1327829E+00
-.1259318E+00
-.1216030E+00
-.1197531E+00
-.1163957E+00
-.1119251E+00
-.1077038E+00
-.8809132E-01
-.4123086E-01
.3144805E-02
.2168094E-01
.2899709E-01
.2459509E-01
-.6747768E-04
-.1109533E-01
-.1658274E-02
.1183185E-02
-.2890638E-02
.3397901E-02
.1582972E-01
.2109931E-01
.1173826E-01
.4932529E-03
.4230846E-02
.2126647E-01
.3356634E-01
.4040848E-01
.4279808E-01
.3879208E-01
.3460604E-01
.3064871E-01
.2657151E-01
.2250718E-01
.1637081E-01
.1328140E-01
.1563231E-01
.1656576E-01
.1536836E-01
.1610326E-01
.1746820E-01
.1750971E-01
.1823958E-01
.2053856E-01
.2433306E-01
.2787151E-01
.2960942E-01
.3089213E-01
.3305548E-01
.3528034E-01
.3647555E-01
.3617148E-01
.3437264E-01
.3295298E-01
.3247544E-01
.3168223E-01
.3103425E-01
.3092217E-01
.3137072E-01
.3255345E-01
.3448110E-01
.3453422E-01
.3185766E-01
.2999172E-01
.3030857E-01
.3059118E-01
.3006723E-01
.2966214E-01
.2956307E-01
.2904715E-01
.2812451E-01
.2743038E-01
.2695413E-01
.2637101E-01
.2578127E-01
.2514876E-01
.2444623E-01
.2368419E-01
.2291287E-01
.2235692E-01
.2161018E-01
.2077783E-01
.2007963E-01
.1937392E-01
.1865344E-01
.1787120E-01
.1705512E-01
.1626796E-01
.1548606E-01
.1469383E-01
.1389200E-01
.1307290E-01
.1224949E-01
.1142660E-01
.1059795E-01
.9762598E-02
.8923108E-02
.8080599E-02
.7235053E-02
.6386426E-02
.5535248E-02
.4682089E-02
.3827362E-02
.2971490E-02
.2114902E-02
.1258024E-02
