.7089051E-03
.7280070E-03
.7024466E-03
.7209073E-03
.6938050E-03
.7116555E-03
.6830255E-03
.7003225E-03
.6703807E-03
.6869925E-03
.6553193E-03
.6723836E-03
.6409454E-03
.6514516E-03
.6175823E-03
.6596987E-03
.5986427E-03
.4001270E-03
.5122320E-03
.8998215E-03
.6388239E-03
.5303717E-03
.5904764E-03
.5328240E-03
.1796657E-03
.4570224E-03
.5759211E-03
-.3270812E-03
-.2580444E-03
.4196870E-04
.3064789E-03
.5286888E-03
.3867909E-03
.4725262E-03
.3919151E-03
.4528279E-03
.3736673E-03
.4335482E-03
.3580228E-03
.4178539E-03
.3420208E-03
.4048662E-03
.3268758E-03
.3954808E-03
.3122326E-03
.3863382E-03
.3015785E-03
.3939961E-03
.2622429E-03
.3689547E-03
.4032417E-03
.3444017E-03
-.1134231E-02
-.1816958E-03
.5571981E-03
.2648490E-03
.2212609E-03
.3291247E-03
.1186420E-02
.5460755E-03
-.1203175E-02
-.8446731E-04
-.1264661E-03
-.1345340E-02
-.7526699E-03
-.1169680E-02
-.9437023E-03
.2978086E-03
.1008174E-02
.6095383E-03
.1575957E-03
.3553871E-03
-.4839073E-03
.8582331E-03
.1234461E-02
.1222469E-02
.1447547E-02
.4530788E-03
-.3283383E-02
-.9815437E-03
.1556175E-03
-.1827982E-03
.6114119E-03
-.9789339E-03
-.3596775E-02
-.5606584E-02
-.4344215E-02
-.3958682E-02
-.4257632E-02
-.1414254E-02
-.6449258E-04
-.4200217E-03
-.3417077E-02
-.6008003E-02
-.2357264E-02
.1681817E-02
.3043551E-02
.9679760E-02
.6031470E-02
-.1024468E-01
-.1425405E-01
-.1280166E-01
-.2144576E-02
.7327773E-02
.9586116E-02
.1172549E-01
.2219322E-02
-.1155912E-01
-.3578213E-02
.7721904E-02
.4294589E-02
.7586043E-03
-.9944563E-02
-.1399342E-01
-.1297726E-01
-.4074380E-02
.8334741E-02
.1807985E-01
.2480100E-01
.1385578E-01
-.3589692E-02
-.1170441E-01
-.1653360E-01
-.1607374E-01
-.1456787E-01
.3836816E-02
.2910675E-01
.3974119E-01
.2186052E-01
-.1301356E-01
-.3347777E-01
-.2822470E-01
-.1497166E-01
.9517966E-02
.3003153E-01
.3139693E-01
.2424129E-01
.7172120E-02
-.9292644E-02
-.3017979E-01
-.2896741E-01
-.9783256E-02
.1094438E-01
.1825267E-01
.1228146E-01
-.8991055E-02
-.1550482E-01
-.9486587E-03
.8647878E-02
.9643648E-02
.1072241E-01
.8327515E-02
-.8343455E-02
-.2102265E-01
-.2496623E-01
-.1709693E-01
.9315943E-02
.2516754E-01
.1315655E-01
-.1396189E-01
-.1910539E-01
-.1246716E-01
-.1333740E-01
-.6739532E-02
.2758597E-02
.9497419E-02
.1371092E-01
.1645774E-01
.1499753E-01
.8583768E-02
-.8744753E-02
-.1409250E-01
-.1273974E-01
-.1387662E-01
.2995693E-03
.3238493E-02
-.1194814E-01
-.1921980E-01
.4266665E-02
.3022133E-01
.1558377E-01
-.1057782E-01
-.1495245E-01
-.1251738E-01
.1134921E-02
.4660653E-02
-.1202681E-01
-.6385224E-02
.1724269E-01
.2590524E-01
.2253101E-01
.8647125E-02
-.1062696E-01
-.2186801E-01
-.1649397E-01
.1116193E-01
.1700372E-01
-.1709954E-02
-.1300137E-01
-.4094388E-02
-.1581891E-03
.8459856E-02
.4269374E-02
-.1266025E-01
-.7514709E-02
.4301715E-02
-.8800801E-02
-.1724889E-01
-.2912869E-03
.2025768E-01
.1774168E-01
-.8707408E-02
-.1486137E-01
-.1390331E-01
-.3646484E-02
.2109009E-01
.2117469E-01
-.8055334E-02
-.1551013E-01
-.1125430E-01
-.1274603E-01
-.1383562E-01
-.1398344E-01
.1970027E-02
.1217151E-01
.1901214E-01
.2077619E-01
.4132766E-02
-.1239597E-01
-.1556671E-01
.5648939E-02
.2658007E-01
.1768474E-01
-.9718247E-02
-.1460792E-01
-.3802300E-02
-.1075713E-01
-.1581393E-01
-.1372314E-01
-.1349909E-01
-.3253983E-02
.3227294E-02
-.5963084E-03
.7178727E-02
.1859126E-01
.1259781E-01
-.1084523E-01
-.1613629E-01
.1056742E-01
.1700109E-01
-.8242495E-02
-.1572359E-01
-.1271607E-01
-.8415071E-02
.7788370E-02
.1040678E-01
.1572226E-02
-.1042325E-01
-.2373356E-01
-.2741065E-01
-.9248959E-02
.1310442E-01
.3595952E-02
-.1462838E-01
.4939506E-02
.1883320E-01
.4164482E-02
-.1175885E-01
.7641496E-02
.1028140E-01
.7239658E-02
.2988132E-01
.1106350E-01
-.2932096E-01
-.2894132E-01
-.2197407E-01
-.1644797E-01
.1842756E-01
.2153029E-01
-.2048866E-01
-.2409920E-01
.6627407E-02
.2027585E-01
.1049845E-01
.8963201E-02
.1023256E-01
-.1025754E-01
-.2843453E-02
.1442627E-01
-.1229178E-01
-.2761714E-01
.1677149E-02
.4073690E-02
-.1355238E-01
.2517443E-02
.1248782E-01
.9901566E-02
.1935287E-01
.1785056E-01
-.1514592E-02
.6874449E-02
.1062313E-01
-.1070385E-01
-.4340880E-02
.1034781E-01
.7674540E-02
.5874197E-02
.2173238E-01
.3851261E-01
-.1187477E-02
-.2742552E-01
-.2423883E-01
-.3115136E-01
-.2129518E-01
-.1278470E-01
-.1333320E-01
-.1397526E-01
-.1323006E-01
-.6340867E-02
-.9763835E-02
-.1401384E-01
-.2279687E-01
-.2355371E-01
-.3742760E-02
.1995663E-01
.2105754E-01
-.1046196E-01
-.2175756E-01
-.1089900E-02
.2217055E-01
.4019348E-02
-.1753925E-01
-.1474496E-01
-.6665350E-02
.1489966E-02
.2510445E-01
.4380512E-01
.3881718E-01
.2065216E-01
.3430866E-02
-.1206412E-01
-.1446811E-01
.5993500E-02
.6303092E-02
-.1200998E-01
-.1354360E-01
-.1235753E-01
-.2179628E-01
-.2616906E-01
-.1770357E-01
-.6622827E-02
.2516946E-01
.2087785E-01
-.1553784E-01
-.2208828E-01
-.1446051E-01
-.1266273E-01
-.2434390E-02
-.3720089E-02
-.1476669E-01
.9556487E-02
.3151862E-01
.1420866E-01
-.1958324E-02
.6838202E-02
.2305331E-01
.1791862E-01
.7046246E-02
.9398588E-02
.6498068E-02
-.2035341E-01
-.4218670E-01
-.2014926E-01
.1654212E-01
.2252411E-01
.2133324E-01
.2710080E-01
.1574296E-01
.9873706E-02
.6533486E-02
-.2085534E-01
-.5110864E-01
-.4798816E-01
-.1939165E-01
.2214364E-01
.3359326E-01
-.5260989E-02
-.2376580E-01
-.1711503E-01
.2936698E-02
.2888166E-01
.1954965E-01
-.3445456E-02
-.1377132E-01
-.1556159E-01
.2277333E-02
.2970308E-01
.1503420E-01
-.1842616E-01
-.1686388E-01
.2377583E-02
.8303690E-02
.1803439E-01
.1744018E-01
-.1410855E-01
-.2843064E-01
-.1516206E-01
-.1299325E-01
-.1601003E-01
.4449273E-02
.1476832E-01
-.1079717E-01
-.1766913E-01
.2188113E-01
.2674503E-01
-.2534191E-02
-.1333156E-01
-.2028120E-01
-.2023169E-01
.7249899E-02
.1157941E-01
-.1105601E-01
-.1334758E-01
-.1656359E-01
-.2979297E-01
-.9035339E-02
.3359957E-01
.4002062E-01
.1768330E-01
-.1020160E-01
-.1564269E-01
-.3040992E-02
.1372641E-01
.2804387E-01
.2246563E-01
.9969601E-02
.1216250E-01
.1218896E-01
.1098232E-01
-.8294364E-02
-.2200603E-01
-.1575028E-01
-.2178087E-03
.8611828E-02
-.3023982E-02
-.2244535E-01
-.2774698E-01
-.1710003E-01
.4411318E-02
.2197567E-01
.2270036E-01
.8874159E-02
.3307357E-02
-.1141821E-02
-.2733827E-01
-.4281459E-01
-.2536890E-01
-.1291431E-02
.1106937E-01
.1016941E-01
.9234233E-02
-.8280525E-02
-.1705725E-01
-.1391402E-01
.2546573E-02
.2059136E-01
.3722739E-01
.4617167E-01
.3227298E-01
-.6594571E-02
-.1932929E-01
.1182425E-01
.2261202E-01
.2159019E-01
.2902527E-01
.2805022E-01
-.6620357E-02
-.3451957E-01
-.2921268E-01
-.1763335E-01
-.1808358E-01
-.2625782E-01
-.4119592E-01
-.3846080E-01
-.1736133E-01
.8594316E-02
-.7265279E-02
-.3097069E-01
-.2318488E-01
.6339240E-02
.1196996E-01
-.1966291E-01
-.3997109E-01
-.3082590E-01
-.1709200E-01
.2006178E-01
.4014998E-01
.1366607E-01
-.1298601E-01
-.2583901E-01
-.1730957E-01
.1184076E-01
.1299438E-01
-.3784657E-02
-.1277720E-01
-.1352951E-01
-.1333150E-01
-.1655521E-01
-.1480661E-01
-.1360065E-01
-.1478649E-01
-.1474010E-01
-.3454931E-01
-.7152245E-01
-.8895635E-01
-.7761716E-01
-.8480607E-01
-.9296790E-01
-.8549139E-01
-.8696914E-01
-.8941687E-01
-.8070074E-01
-.6931329E-01
-.6052045E-01
-.5868481E-01
-.6494413E-01
-.6442006E-01
-.5847140E-02
.9979513E-01
.1597998E+00
.1637694E+00
.1698884E+00
.1891213E+00
.1968272E+00
.1899333E+00
.1699783E+00
.1250777E+00
.5097723E-01
-.8799605E-02
-.4087910E-02
.1657422E-01
.1907991E-01
.2430715E-01
.3527816E-01
.1990798E-01
.1660452E-02
.5247225E-03
.1173640E-01
.3227010E-01
.5129700E-01
.7091872E-01
.8369130E-01
.8771543E-01
.8912981E-01
.9484584E-01
.1047594E+00
.1036674E+00
.9946523E-01
.9766029E-01
.9180574E-01
.7784195E-01
.7579890E-01
.5447255E-01
.1959003E-01
-.8278376E-02
-.1680935E-01
-.3150791E-01
-.6140955E-01
-.9441355E-01
-.1198865E+00
-.1313197E+00
-.1272924E+00
-.9929300E-01
-.5627342E-01
-.1850473E-01
-.2120743E-02
.3800604E-02
.3163567E-01
.8593923E-01
.1301766E+00
.1506300E+00
.1533854E+00
.1540399E+00
.1596129E+00
.1654886E+00
.1698539E+00
.1751357E+00
.1714457E+00
.1579889E+00
.1134749E+00
.4143336E-01
-.4798445E-01
-.1354952E+00
-.1795722E+00
-.1925125E+00
-.1878198E+00
-.1698131E+00
-.1385474E+00
-.1025799E+00
-.6423570E-01
-.3766907E-01
-.2491119E-01
-.1543564E-01
-.1084692E-01
-.2358933E-01
-.8259002E-01
-.1395862E+00
-.1303285E+00
-.1019531E+00
-.9861482E-01
-.9309735E-01
-.7108812E-01
-.5859577E-01
-.7249000E-01
-.8704044E-01
-.8496250E-01
-.6643494E-01
-.4547803E-01
-.3114734E-01
-.2821297E-01
-.2020452E-01
.2077264E-02
.3433532E-01
.5267238E-01
.6577917E-01
.7540101E-01
.8135137E-01
.7586280E-01
.6956992E-01
.7927353E-01
.8634153E-01
.7535359E-01
.5445860E-01
.4254078E-01
.3360420E-01
.1409600E-01
-.1305838E-01
-.3512582E-01
-.5292243E-01
-.6215400E-01
-.5247878E-01
-.2597133E-01
-.1062625E-01
-.2053282E-01
-.6621323E-01
-.1170967E+00
-.1245218E+00
-.1270987E+00
-.1257144E+00
-.1117235E+00
-.1014619E+00
-.1093679E+00
-.1171694E+00
-.8853595E-01
-.1023994E-01
.6478148E-01
.9790292E-01
.1187672E+00
.1433449E+00
.1566533E+00
.1503141E+00
.1337894E+00
.9729547E-01
.2135318E-01
-.1657357E-01
.5892364E-02
.4160786E-01
.6091441E-01
.7105136E-01
.8668237E-01
.8086697E-01
.6598512E-02
-.8474007E-01
-.1177648E+00
-.1077205E+00
-.9330800E-01
-.6580178E-01
-.1069026E-01
.4790472E-01
.5894662E-01
.4055795E-01
.4825940E-01
.7309380E-01
.7865155E-01
.6145851E-01
.2511907E-01
-.2156337E-01
-.5144351E-01
-.5864791E-01
-.6498805E-01
-.7370449E-01
-.7468821E-01
-.7905492E-01
-.8618779E-01
-.9695616E-01
-.9809484E-01
-.5277238E-01
.3441514E-01
.8850541E-01
.8118008E-01
.6052362E-01
.4134002E-01
.1233651E-01
.3731309E-02
.3816981E-01
.7513964E-01
.8191218E-01
.5162948E-01
-.3506171E-02
-.4503681E-01
-.4489910E-01
-.7599700E-02
.1947185E-01
-.5820678E-02
-.3870707E-01
-.5515697E-01
-.7952660E-01
-.9736515E-01
-.8800441E-01
-.6454492E-01
-.4840659E-01
-.4660150E-01
-.5056958E-01
-.4286612E-01
-.8690052E-02
.4056426E-01
.6747630E-01
.5897122E-01
.4080855E-01
.1943736E-01
-.9967480E-02
-.1815057E-01
.5555243E-02
.4804655E-01
.8422835E-01
.1002004E+00
.1065708E+00
.1132318E+00
.1184668E+00
.1221626E+00
.1026429E+00
.6164125E-01
.4084949E-01
.4739682E-01
.6274111E-01
.6714892E-01
.4365183E-01
.2463339E-02
-.2573755E-01
-.4163140E-01
-.6199216E-01
-.8650704E-01
-.1070526E+00
-.1073015E+00
-.9963046E-01
-.9215533E-01
-.1014115E+00
-.1209789E+00
-.1249838E+00
-.1059260E+00
-.6682867E-01
-.1664323E-01
.3360507E-01
.5391965E-01
.4225900E-01
.3029583E-01
.2091226E-01
.7084501E-02
-.1010282E-01
-.1413919E-01
-.2217776E-01
-.4001251E-01
-.3160185E-01
-.3981767E-02
.2569824E-01
.3026411E-01
.1913962E-01
.2428624E-01
.4808886E-01
.6975218E-01
.8024632E-01
.7359471E-01
.6026509E-01
.4191304E-01
.1658252E-01
.1659261E-02
.2332380E-02
.1104968E-01
.1215679E-01
-.1129146E-01
-.5122254E-01
-.8973479E-01
-.1081986E+00
-.1053642E+00
-.8709886E-01
-.6146363E-01
-.3379239E-01
-.2200227E-01
-.1810978E-01
-.9574710E-02
.1322253E-01
.4143938E-01
.5807287E-01
.7035072E-01
.8776312E-01
.8704939E-01
.5077053E-01
.1638464E-01
.1740852E-01
.2268655E-01
.2582717E-01
.4165792E-01
.6078844E-01
.6642012E-01
.4809652E-01
.1768643E-01
.6594806E-02
.1392646E-01
.1115837E-01
-.1235194E-01
-.4858298E-01
-.7715346E-01
-.9055443E-01
-.9615199E-01
-.8873487E-01
-.7186666E-01
-.5512916E-01
-.3312834E-01
-.6682464E-02
.2290466E-01
.4371858E-01
.4812530E-01
.4148606E-01
.1895922E-01
-.1049291E-01
-.1648102E-01
-.1494861E-02
.7488020E-02
.1037613E-01
-.6658628E-02
-.4723470E-01
-.7565361E-01
-.6024535E-01
-.2961095E-01
-.1754951E-01
-.1661094E-01
-.1766094E-02
.2265922E-01
.4596679E-01
.5613506E-01
.4457977E-01
.2351530E-01
.1123047E-01
.1184161E-01
.2583579E-01
.4176323E-01
.2756527E-01
-.6916975E-02
-.4141857E-01
-.6173914E-01
-.5922226E-01
-.3391715E-01
-.3611314E-02
.1973337E-01
.2131158E-01
-.6938346E-02
-.3281173E-01
-.4350703E-01
-.2233778E-01
.1988762E-01
.3690531E-01
.2435730E-01
.1013370E-01
-.1041957E-01
-.3566468E-01
-.3579718E-01
-.2379491E-01
-.1024924E-01
.1970014E-01
.4816669E-01
.5346924E-01
.5959985E-01
.7299408E-01
.7272325E-01
.4819657E-01
.2205545E-01
.9463471E-02
.1372487E-01
.1191934E-01
-.1013170E-01
-.1803240E-01
-.1258029E-01
-.1638761E-01
-.3609566E-01
-.5949624E-01
-.5833652E-01
-.4467470E-01
-.2983585E-01
-.1671918E-01
.4874765E-02
.4600853E-02
-.6043586E-02
-.2857339E-02
-.6256149E-03
.6455674E-02
.1434960E-01
.1853571E-01
.1724613E-01
.1027398E-01
-.4229243E-02
-.1574606E-01
.5025185E-02
.3263039E-01
.5059544E-01
.5196643E-01
.3914984E-01
.1960468E-01
.2161020E-02
-.3290034E-02
.5674649E-02
.2124256E-01
.1792500E-01
-.8419554E-02
-.3360551E-01
-.4620316E-01
-.4299817E-01
-.3228261E-01
-.1793184E-01
-.7192202E-03
.7501488E-02
-.9480116E-02
-.1693866E-01
-.1509430E-01
-.2965954E-02
.2330971E-01
.3493607E-01
.3126746E-01
.3015706E-01
.1780700E-01
-.9042911E-02
-.3111798E-01
-.4725164E-01
-.5318199E-01
-.5535732E-01
-.5641363E-01
-.5302298E-01
-.3996115E-01
-.2058302E-01
.7664806E-03
.2809117E-01
.5211074E-01
.5648802E-01
.5060814E-01
.5107410E-01
.4122847E-01
.1716511E-01
.4269782E-03
-.1701284E-02
-.1284319E-02
-.1182680E-01
-.1441629E-01
-.1675563E-01
-.3119458E-01
-.2998143E-01
-.1708580E-01
-.2707451E-02
.1467668E-01
.2304240E-01
.6959782E-02
-.1711128E-01
-.2700229E-01
-.1851841E-01
.3319195E-02
.2308981E-01
.2360231E-01
.8278281E-02
-.1485532E-01
-.3094091E-01
-.2319120E-01
.2321610E-02
.1615966E-01
.1557589E-02
-.1411944E-01
-.3394301E-03
.2374631E-01
.4358997E-01
.6772085E-01
.7405142E-01
.5048215E-01
-.3321979E-02
-.4346054E-01
-.6029749E-01
-.6114658E-01
-.6029153E-01
-.5997842E-01
-.6549601E-01
-.6904857E-01
-.6032921E-01
-.2641217E-01
.2686850E-01
.6271534E-01
.4562818E-01
-.6353165E-02
-.4060548E-01
-.3849321E-01
-.1899792E-01
-.5321500E-02
-.1177657E-01
-.2987066E-01
-.4066436E-01
-.3815830E-01
-.2119200E-01
.1974017E-01
.5185417E-01
.6097304E-01
.5050322E-01
.3204309E-01
.1057028E-01
.9797281E-02
.3222772E-01
.4361009E-01
.3731391E-01
.2288090E-01
.2327437E-02
-.1898567E-01
-.2463870E-01
-.7914008E-02
-.2314091E-02
-.2182758E-01
-.4515941E-01
-.4875196E-01
-.3625927E-01
-.2204204E-01
-.5107160E-02
.2137736E-02
-.1172093E-01
-.1569720E-01
-.1370353E-01
-.1414106E-01
-.1670359E-01
-.1854282E-01
-.2676822E-01
-.3188127E-01
-.4315501E-01
-.5621483E-01
-.5749748E-01
-.4965247E-01
-.3947995E-01
-.3360096E-01
-.3549124E-01
-.3747587E-01
-.3903627E-01
-.4136922E-01
-.4137042E-01
-.4101992E-01
-.3522757E-01
-.3534883E-01
-.4701956E-01
-.5257265E-01
-.3961267E-01
-.2456639E-01
-.1585967E-01
-.1565301E-01
-.8156047E-02
.1443436E-01
.3237197E-01
.3886619E-01
.3998455E-01
.4489872E-01
.5950093E-01
.7774540E-01
.9067159E-01
.8963271E-01
.8491624E-01
.8041018E-01
.6751139E-01
.4312944E-01
.6381430E-02
-.2332675E-01
-.2098445E-01
-.1359475E-01
-.1499475E-01
-.9108825E-02
-.1681696E-02
.6752699E-02
.1160146E-01
.1480298E-01
.1005437E-01
.9307164E-03
.5360755E-02
.2156971E-01
.3651884E-01
.4908075E-01
.6621152E-01
.8179583E-01
.9381592E-01
.9625590E-01
.1022818E+00
.1083321E+00
.1107599E+00
.1146042E+00
.1169890E+00
.1186019E+00
.1121892E+00
.1008515E+00
.8774000E-01
.5473438E-01
-.2281051E-02
-.5286098E-01
-.7836562E-01
-.9155849E-01
-.1080616E+00
-.1160566E+00
-.1180820E+00
-.1223473E+00
-.1368976E+00
-.1472006E+00
-.1502880E+00
-.1494378E+00
-.1417642E+00
-.1264894E+00
-.1145444E+00
-.1070599E+00
-.9279520E-01
-.7655832E-01
-.4248722E-01
.8796513E-05
.2388339E-01
.1845597E-01
.1898919E-02
-.1246313E-01
-.1629706E-01
-.2706018E-02
.1809535E-01
.3243898E-01
.3592199E-01
.3511991E-01
.2854073E-01
.2619938E-01
.3328095E-01
.4538236E-01
.7335538E-01
.1016000E+00
.1131916E+00
.1166743E+00
.1195400E+00
.1131983E+00
.8854799E-01
.7449677E-01
.7364820E-01
.8185694E-01
.9373155E-01
.1025472E+00
.1152204E+00
.1276904E+00
.1295624E+00
.1396298E+00
.1537551E+00
.1557712E+00
.1407673E+00
.1061486E+00
.4941856E-01
-.6699455E-02
-.1687231E-01
-.1342543E-01
-.5522953E-02
.7541654E-02
.8924509E-02
-.9428899E-02
-.3171819E-01
-.3497946E-01
-.2294372E-01
-.1552415E-01
.4897487E-03
.2249239E-01
.3601526E-01
.5643016E-01
.7527165E-01
.7545055E-01
.3905206E-01
-.1106942E-01
-.4312135E-01
-.6025833E-01
-.7121023E-01
-.8599229E-01
-.9734112E-01
-.1092346E+00
-.1131913E+00
-.1197055E+00
-.1353592E+00
-.1448817E+00
-.1433676E+00
-.1278256E+00
-.1125803E+00
-.9717322E-01
-.9568750E-01
-.1083831E+00
-.1183446E+00
-.1087670E+00
-.7658265E-01
-.3574379E-01
-.1980108E-01
-.2345852E-01
-.3867643E-01
-.5721841E-01
-.7355831E-01
-.6483687E-01
-.4608006E-01
-.2330122E-01
.1638518E-01
.7348316E-01
.1175764E+00
.1306149E+00
.1361992E+00
.1492722E+00
.1623642E+00
.1724403E+00
.1787347E+00
.1818058E+00
.1790326E+00
.1566138E+00
.1056703E+00
.5635122E-01
.4064985E-01
.4950035E-01
.5139470E-01
.4464135E-01
.2375980E-01
.8180751E-03
-.1272060E-01
-.2730309E-02
.1138046E-02
.1646474E-01
.3665408E-01
.2719782E-01
-.6604509E-02
-.3126578E-01
-.5362293E-01
-.7915703E-01
-.9855677E-01
-.1059136E+00
-.1128646E+00
-.1213379E+00
-.1438337E+00
-.1789041E+00
-.2029855E+00
-.2282754E+00
-.2573736E+00
-.2699346E+00
-.2610857E+00
-.2394429E+00
-.2134660E+00
-.1790903E+00
-.1301422E+00
-.8785645E-01
-.6965595E-01
-.6961933E-01
-.6434674E-01
-.4560916E-01
-.2842660E-01
-.2075005E-01
-.1882761E-01
-.2150278E-01
-.2917274E-01
-.2664119E-01
-.6834381E-02
.1795065E-01
.4371713E-01
.6653145E-01
.7585802E-01
.8268143E-01
.7958354E-01
.7771012E-01
.9121319E-01
.1078371E+00
.1288478E+00
.1391859E+00
.1411835E+00
.1276594E+00
.1018467E+00
.7863886E-01
.7090466E-01
.7368145E-01
.7614822E-01
.7394135E-01
.7342648E-01
.7864167E-01
.8787119E-01
.1004271E+00
.1197196E+00
.1350521E+00
.1490904E+00
.1590254E+00
.1614846E+00
.1418823E+00
.9575449E-01
.4455994E-01
.1248304E-01
.1585404E-02
-.1136889E-01
-.2983714E-01
-.3994670E-01
-.5198558E-01
-.6454355E-01
-.7381845E-01
-.7694239E-01
-.6315240E-01
-.3010595E-01
-.1539361E-03
.2160551E-01
.3403516E-01
.3036684E-01
.2428940E-01
.2210345E-01
.1292161E-01
-.8743275E-02
-.3605424E-01
-.4739889E-01
-.4092319E-01
-.3564814E-01
-.4352284E-01
-.5855244E-01
-.7340261E-01
-.7580449E-01
-.6940952E-01
-.6803774E-01
-.6328855E-01
-.5662506E-01
-.4975154E-01
-.4762269E-01
-.4749602E-01
-.2407931E-01
.2410286E-01
.6936502E-01
.8433598E-01
.8157950E-01
.7540490E-01
.7071795E-01
.7060791E-01
.7082704E-01
.6648060E-01
.4560967E-01
.1363903E-01
-.9441247E-02
-.3284334E-01
-.6241605E-01
-.8094446E-01
-.8352688E-01
-.7030708E-01
-.4986475E-01
-.4000215E-01
-.4262413E-01
-.4801853E-01
-.6036319E-01
-.6983774E-01
-.7665946E-01
-.8232085E-01
-.8428139E-01
-.8677637E-01
-.9535953E-01
-.9681046E-01
-.9313087E-01
-.8712049E-01
-.7154060E-01
-.6032707E-01
-.4596088E-01
-.3268688E-01
-.1914471E-01
.9205915E-02
.2512668E-01
.3184842E-01
.3521342E-01
.3054798E-01
.2317719E-01
.2256843E-01
.2191873E-01
.2659100E-01
.3883422E-01
.4947008E-01
.5033583E-01
.4770125E-01
.3950984E-01
.1808001E-01
-.1023522E-01
-.1672988E-01
-.2231653E-02
.1621436E-01
.2912964E-01
.1991059E-01
-.7733105E-02
-.2900634E-01
-.4966728E-01
-.5862974E-01
-.4903393E-01
-.3745851E-01
-.3369751E-01
-.3443876E-01
-.3914257E-01
-.4930436E-01
-.5165986E-01
-.4262331E-01
-.3165246E-01
-.2382645E-01
-.1877225E-01
-.2430264E-01
-.3403464E-01
-.4499730E-01
-.5551385E-01
-.5767542E-01
-.5459975E-01
-.4777749E-01
-.4700325E-01
-.3914846E-01
-.3054107E-01
-.2363233E-01
-.1866529E-01
-.1930061E-01
-.1973436E-01
-.1626028E-01
-.8520134E-02
.1182473E-01
.3804725E-01
.6523769E-01
.8228084E-01
.9315416E-01
.1045855E+00
.1081578E+00
.1099486E+00
.1103971E+00
.1073097E+00
.9445593E-01
.7992057E-01
.7542878E-01
.7087816E-01
.6429661E-01
.6322612E-01
.6320107E-01
.5841431E-01
.5514067E-01
.5197286E-01
.4356995E-01
.3160972E-01
.1791501E-01
.7334661E-02
.1470544E-02
.6847302E-02
.1431430E-01
.1535156E-01
.1743367E-01
.2169029E-01
.2242367E-01
.2329002E-01
.2027232E-01
.1710395E-01
.2509382E-01
.4231805E-01
.6115283E-01
.6892175E-01
.6827453E-01
.7008724E-01
.6581645E-01
.5695280E-01
.4237895E-01
.2905994E-01
.1494044E-01
.8842277E-02
.8032791E-02
.1608787E-01
.2695734E-01
.2798445E-01
.1988497E-01
.1606150E-01
.1320720E-01
.8844470E-02
.7887184E-02
.3318820E-02
-.1025277E-01
-.2101741E-01
-.3233472E-01
-.4810583E-01
-.5978408E-01
-.6307706E-01
-.7102214E-01
-.8196460E-01
-.8251682E-01
-.7777952E-01
-.5856921E-01
-.3673225E-01
-.2657151E-01
-.2688717E-01
-.2610096E-01
-.2706793E-01
-.2652243E-01
-.2656465E-01
-.1848246E-01
-.1499111E-01
-.2325981E-02
.9858408E-02
.7285367E-02
-.1007519E-01
-.1554693E-01
-.1804679E-01
-.1690098E-01
-.7618510E-02
.7366414E-02
.2401393E-01
.3227728E-01
.3016294E-01
.2706816E-01
.2959615E-01
.2478775E-01
.1388749E-01
.1411301E-02
-.1156251E-01
-.1533846E-01
-.1376298E-01
-.3628174E-02
.8699937E-03
.4032176E-02
.1050389E-01
.1406101E-01
.2073979E-01
.2039149E-01
.2087623E-01
.2666101E-01
.2978839E-01
.2887189E-01
.2897404E-01
.2409344E-01
.1356506E-01
-.9856853E-02
-.3117873E-01
-.3153637E-01
-.2045925E-01
-.1489651E-01
-.1331418E-01
-.1345677E-01
-.2551147E-01
-.3897526E-01
-.4114210E-01
-.4119848E-01
-.2917142E-01
-.1545842E-01
-.1391430E-01
-.1586238E-01
-.2908443E-02
.1490958E-01
.3275766E-01
.4841732E-01
.5131484E-01
.4422340E-01
.3687488E-01
.2578020E-01
.1150692E-01
-.9698395E-02
-.2128929E-01
-.2963493E-01
-.3901147E-01
-.5288437E-01
-.5559919E-01
-.4796130E-01
-.3715270E-01
-.1838233E-01
.4078672E-02
.1092972E-01
.6357967E-02
.6075043E-02
.1231536E-01
.1583609E-01
.1469839E-01
.1506711E-01
.2126711E-01
.2554843E-01
.2800625E-01
.3501610E-01
.3550152E-01
.3338358E-01
.3013429E-01
.2931764E-01
.2778060E-01
.1710406E-01
.2597062E-02
-.1177682E-01
-.1470794E-01
-.1284833E-01
-.1385913E-01
-.2344389E-01
-.3287802E-01
-.3301579E-01
-.2946637E-01
-.2935724E-01
-.2749833E-01
-.2054947E-01
-.1886878E-01
-.1584955E-01
-.1459740E-01
-.1446233E-01
-.3941073E-02
-.3214591E-02
-.1292409E-01
-.1429039E-01
-.1443923E-01
-.1419857E-01
-.4122518E-02
-.2996495E-02
-.1292563E-01
-.1476322E-01
-.1458170E-01
-.5418738E-02
.8862739E-02
.2335868E-01
.3280962E-01
.2966637E-01
.2121416E-01
.1125731E-01
.1547536E-02
-.5309896E-02
-.1252497E-01
-.1456257E-01
-.1509690E-01
-.3838570E-02
.1326394E-01
.1913319E-01
.1541412E-01
.1471293E-01
.1901457E-01
.2277213E-01
.2175633E-01
.2590761E-01
.2698908E-01
.2622390E-01
.2348473E-01
.2118172E-01
.2233931E-01
.2243711E-01
.2194121E-01
.1610293E-01
.1580206E-02
-.1234057E-01
-.1492510E-01
-.1508754E-01
-.1436866E-01
-.1386640E-01
-.1402535E-01
-.1370820E-01
-.1437163E-01
-.1458768E-01
-.7407830E-02
.9343498E-03
.1831363E-02
.5822259E-02
.1804730E-01
.3527413E-01
.4810589E-01
.5463285E-01
.5547701E-01
.5005622E-01
.4772423E-01
.5333118E-01
.5567464E-01
.5415436E-01
.5044767E-01
.4308500E-01
.3672094E-01
.3627012E-01
.3706179E-01
.3207412E-01
.1887339E-01
.2207156E-02
-.1127992E-01
-.1691758E-01
-.2680933E-01
-.3435110E-01
-.3338576E-01
-.3296587E-01
-.3073932E-01
-.2624565E-01
-.2465664E-01
-.3101974E-01
-.3907252E-01
-.4107898E-01
-.4297719E-01
-.4439380E-01
-.4132975E-01
-.3387801E-01
-.2786530E-01
-.1688645E-01
-.6618264E-02
-.8142530E-03
-.1264256E-02
-.1894327E-02
-.1135021E-02
.9450907E-02
.2620643E-01
.4306934E-01
.5258083E-01
.5524431E-01
.5450646E-01
.4402912E-01
.3573695E-01
.3655439E-01
.3665137E-01
.4011097E-01
.4192672E-01
.4175001E-01
.3831121E-01
.2832386E-01
.1605869E-01
.9065293E-02
.6983587E-02
.8410677E-02
.1053666E-01
.3844168E-02
-.1123122E-01
-.1462502E-01
-.1369579E-01
-.1493092E-01
-.4200618E-02
.8290911E-02
.9295556E-02
.8087230E-02
.4505303E-02
.4666210E-02
.6949162E-02
.1111825E-01
.1081364E-01
.1700381E-02
-.1135230E-01
-.1604212E-01
-.1487082E-01
-.1842229E-01
-.1925795E-01
-.1924872E-01
-.1921841E-01
-.1652985E-01
-.1397799E-01
-.1395144E-01
-.1379001E-01
-.1417423E-01
-.1449838E-01
-.8886601E-02
-.1583598E-02
-.1358924E-02
-.1130534E-01
-.1526418E-01
-.1735568E-01
-.2742048E-01
-.3725738E-01
-.4677776E-01
-.5507173E-01
-.6261028E-01
-.6563104E-01
-.7499500E-01
-.8117160E-01
-.8656087E-01
-.8847669E-01
-.8835686E-01
-.8909889E-01
-.7923707E-01
-.6563805E-01
-.5115471E-01
-.3849765E-01
-.3361843E-01
-.2684807E-01
-.2793474E-01
-.2999231E-01
-.3173433E-01
-.3498559E-01
-.3494325E-01
-.2853540E-01
-.2104449E-01
-.1687848E-01
-.1665034E-01
-.1895198E-01
-.1778917E-01
-.2649312E-01
-.3191112E-01
-.3957878E-01
-.4158393E-01
-.3433069E-01
-.2399213E-01
-.1919693E-01
-.1532305E-01
-.1331165E-01
-.1477254E-01
-.1414587E-01
-.5046438E-02
.1338814E-02
.9658795E-02
.2472913E-01
.3797098E-01
.5245645E-01
.6241921E-01
.6821916E-01
.6364635E-01
.5752183E-01
.5531270E-01
.5686460E-01
.5705143E-01
.5700782E-01
.5724688E-01
.5587566E-01
.5061038E-01
.4814475E-01
.4224457E-01
.3170820E-01
.2154718E-01
.1122868E-01
-.2303422E-02
-.1584127E-01
-.3185507E-01
-.5009469E-01
-.6436123E-01
-.7490115E-01
-.8539981E-01
-.9376975E-01
-.1002106E+00
-.1089954E+00
-.1125192E+00
-.1162931E+00
-.1156117E+00
-.1178978E+00
-.1224665E+00
-.1230040E+00
-.1231234E+00
-.1204372E+00
-.1132833E+00
-.1094579E+00
-.1043849E+00
-.9816984E-01
-.8810966E-01
-.7891019E-01
-.6927685E-01
-.6408477E-01
-.6231907E-01
-.5652902E-01
-.4919463E-01
-.4202648E-01
-.3239372E-01
-.2184272E-01
-.1605883E-01
-.2452891E-02
.1252865E-01
.2630152E-01
.3860839E-01
.4783415E-01
.5996946E-01
.7434485E-01
.9176253E-01
.1119337E+00
.1291901E+00
.1413952E+00
.1512357E+00
.1601468E+00
.1646488E+00
.1725334E+00
.1788576E+00
.1840857E+00
.1854463E+00
.1834897E+00
.1767836E+00
.1677079E+00
.1590795E+00
.1556174E+00
.1503747E+00
.1392681E+00
.1273312E+00
.1159351E+00
.1001363E+00
.7682297E-01
.5095743E-01
.2775001E-01
.5864610E-02
-.1107156E-01
-.1392192E-01
-.1686956E-01
-.2463774E-01
-.2817165E-01
-.3347054E-01
-.3354095E-01
-.3155788E-01
-.3481493E-01
-.4062546E-01
-.4612580E-01
-.4694153E-01
-.4197262E-01
-.4192850E-01
-.3809333E-01
-.3322418E-01
-.3353047E-01
-.2812195E-01
-.2021428E-01
-.1465368E-01
-.1375732E-01
-.1412378E-01
-.1382823E-01
-.1388035E-01
-.1383570E-01
-.1385848E-01
-.1391258E-01
-.1399467E-01
-.1338649E-01
-.1460717E-01
-.2317689E-01
-.3389883E-01
-.4410014E-01
-.5880896E-01
-.6737013E-01
-.7502331E-01
-.8291225E-01
-.8786650E-01
-.8803996E-01
-.7693748E-01
-.6576537E-01
-.6251591E-01
-.5975724E-01
-.5706489E-01
-.6254578E-01
-.6327674E-01
-.6652495E-01
-.7499832E-01
-.7771736E-01
-.7535343E-01
-.7963137E-01
-.8207663E-01
-.8116598E-01
-.7889332E-01
-.7543115E-01
-.6953467E-01
-.5984712E-01
-.4948062E-01
-.3587371E-01
-.2159472E-01
-.1539739E-01
.1071453E-02
.1971186E-01
.3353705E-01
.5124377E-01
.7011260E-01
.8339049E-01
.8988743E-01
.9206243E-01
.9136462E-01
.8948943E-01
.8515798E-01
.8327382E-01
.8300935E-01
.8860840E-01
.9514436E-01
.1007767E+00
.1038460E+00
.9951663E-01
.8403392E-01
.6832347E-01
.4608235E-01
.3109542E-01
.2212924E-01
.1142013E-01
.4774502E-03
-.1168767E-01
-.1416372E-01
-.1368904E-01
-.1482881E-01
-.5167478E-02
.9172576E-02
.2018769E-01
.3278136E-01
.4216074E-01
.5102364E-01
.5635494E-01
.6027618E-01
.6983744E-01
.7159960E-01
.6085259E-01
.3993185E-01
.1273301E-01
-.1040432E-01
-.1720016E-01
-.2340627E-01
-.2908419E-01
-.3298863E-01
-.3317975E-01
-.3044073E-01
-.3084051E-01
-.2304754E-01
-.1824493E-01
-.1657015E-01
-.1454679E-01
-.2383399E-01
-.2898110E-01
-.3435300E-01
-.3849124E-01
-.4541658E-01
-.4657434E-01
-.5140292E-01
-.5437506E-01
-.5312769E-01
-.5492679E-01
-.5634997E-01
-.5980968E-01
-.6396576E-01
-.6232572E-01
-.5059562E-01
-.3674328E-01
-.2115624E-01
-.1478727E-01
-.1529966E-01
.1464130E-02
.1212565E-01
.1283472E-01
.1790688E-01
.1947065E-01
.1621503E-01
.1492664E-01
.1291493E-01
.8470777E-02
.7754013E-02
.1138365E-01
.1533818E-01
.1667328E-01
.1042850E-01
.8463674E-02
.8181942E-02
.1542366E-01
.3339940E-01
.4835191E-01
.5831726E-01
.6813088E-01
.7638246E-01
.8563570E-01
.9186339E-01
.9499791E-01
.9139494E-01
.8922899E-01
.9345356E-01
.8514233E-01
.6845151E-01
.4723847E-01
.2711743E-01
.1153800E-01
.7597375E-02
.2516579E-02
.1357656E-02
-.2829883E-02
-.1256744E-01
-.1388220E-01
-.1726358E-01
-.2118634E-01
-.2545268E-01
-.2879910E-01
-.3194395E-01
-.3800688E-01
-.4045067E-01
-.4739757E-01
-.5437308E-01
-.6058190E-01
-.7195322E-01
-.8021721E-01
-.8570343E-01
-.8303557E-01
-.7835071E-01
-.6993603E-01
-.6411674E-01
-.6269527E-01
-.6099810E-01
-.6259175E-01
-.5634885E-01
-.4514207E-01
-.3627769E-01
-.3033881E-01
-.2663023E-01
-.2590503E-01
-.2644541E-01
-.2339072E-01
-.1946247E-01
-.1668544E-01
-.1479704E-01
-.4870774E-02
.6048785E-02
.1338572E-01
.2522177E-01
.3500252E-01
.4433834E-01
.4872194E-01
.4963161E-01
.4989079E-01
.4920285E-01
.5874864E-01
.6832272E-01
.7108868E-01
.6994642E-01
.6418813E-01
.5511058E-01
.5037275E-01
.4929934E-01
.5076002E-01
.4511462E-01
.4474655E-01
.4970480E-01
.5507042E-01
.6263603E-01
.6946735E-01
.7480555E-01
.7456692E-01
.7430121E-01
.7433019E-01
.7458809E-01
.7474425E-01
.7230550E-01
.6565031E-01
.5777253E-01
.4950386E-01
.3759568E-01
.2965337E-01
.2898471E-01
.2879956E-01
.2854438E-01
.2252556E-01
.1661999E-01
.1015403E-01
.6735124E-02
.2973712E-02
-.9236286E-03
-.4135392E-02
-.6409038E-02
-.1207702E-01
-.1388008E-01
-.1827119E-01
-.2519418E-01
-.3153583E-01
-.3318264E-01
-.3139480E-01
-.3506432E-01
-.3913552E-01
-.4139132E-01
-.4199800E-01
-.4009115E-01
-.4181448E-01
-.4603401E-01
-.4914053E-01
-.5413372E-01
-.5671808E-01
-.5966637E-01
-.6067203E-01
-.6051430E-01
-.6023955E-01
-.5941167E-01
-.6312750E-01
-.6645116E-01
-.6192115E-01
-.6039741E-01
-.5706409E-01
-.4825108E-01
-.4479302E-01
-.4245408E-01
-.4140772E-01
-.4016080E-01
-.3651221E-01
-.3570472E-01
-.2798384E-01
-.1934123E-01
-.1489484E-01
-.1388474E-01
-.1402844E-01
-.7973461E-02
-.1155070E-01
-.1441187E-01
-.1595711E-01
-.1918676E-01
-.1889289E-01
-.1613595E-01
-.1436511E-01
-.1441106E-01
-.3096346E-02
.2737648E-02
.1981235E-02
-.3591667E-03
-.1084831E-01
-.1794507E-01
-.2653690E-01
-.3528780E-01
-.3885884E-01
-.4028540E-01
-.4056366E-01
-.4185918E-01
-.3541377E-01
-.2676945E-01
-.1742782E-01
-.1410151E-01
-.3729507E-02
.7688685E-02
.8141350E-02
.8393234E-02
.1235572E-01
.1619855E-01
.1557641E-01
.1331943E-01
.8962907E-02
.8587699E-02
.8515183E-02
.1316542E-01
.1280551E-01
.1183565E-01
.1216350E-01
.1450724E-01
.1244330E-01
.1167505E-01
.9568639E-02
.1095987E-01
.1340279E-01
.1864860E-01
.2798271E-01
.3601926E-01
.3693568E-01
.3642859E-01
.3542759E-01
.3043079E-01
.2893318E-01
.3293792E-01
.3590192E-01
.4040559E-01
.4446413E-01
.4843269E-01
.5026355E-01
.5309036E-01
.5132967E-01
.4971924E-01
.4927377E-01
.5066087E-01
.4812804E-01
.4672434E-01
.4833445E-01
.5345922E-01
.6017220E-01
.6415954E-01
.5903282E-01
.4366402E-01
.2316713E-01
.9786345E-02
.9224356E-02
.8520148E-02
.1932506E-02
-.5454891E-02
-.7023085E-02
-.1416034E-02
.2590523E-02
.7061088E-02
.1065722E-01
.1284791E-01
.1364051E-01
.1822908E-01
.2790174E-01
.2982061E-01
.2797267E-01
.1609616E-01
-.8794110E-02
-.1672859E-01
-.1712917E-01
-.1626664E-01
-.1390225E-01
-.1470946E-01
-.5626660E-02
.4374046E-02
.3112061E-02
-.1425148E-02
-.1087740E-01
-.1472612E-01
-.1276318E-01
-.1399013E-01
-.1348949E-01
-.1340274E-01
-.1405676E-01
-.2352332E-01
-.3158205E-01
-.3487698E-01
-.3804262E-01
-.4034948E-01
-.4424366E-01
-.4703063E-01
-.4150515E-01
-.2895924E-01
-.1502138E-01
-.1313213E-01
-.1530399E-01
-.1901037E-01
-.1826276E-01
-.1885651E-01
-.2137872E-01
-.2487766E-01
-.3153522E-01
-.3627720E-01
-.3675724E-01
-.3132043E-01
-.1685640E-01
-.1304996E-01
-.1402457E-01
-.1353079E-01
-.1388169E-01
-.1446611E-01
-.4761242E-02
.6265435E-02
.1377147E-01
.1467627E-01
.1857421E-01
.1815748E-01
.9983595E-02
.3212678E-02
-.1121421E-02
.6826397E-03
-.3085670E-02
-.1168749E-01
-.1843846E-01
-.2007732E-01
-.1526224E-01
-.3546610E-02
.2141407E-02
.8794291E-02
.4908884E-02
-.1099707E-01
-.1498637E-01
-.1357288E-01
-.4905090E-02
.7334320E-02
.1468459E-01
.1946889E-01
.1501862E-01
.1867477E-01
.1826734E-01
.8179542E-02
-.9612382E-02
-.1494164E-01
-.1376005E-01
-.1577756E-01
-.1433002E-01
-.1374775E-01
-.1328626E-01
-.1462058E-01
-.9097521E-02
.5233181E-02
.2060639E-01
.2763390E-01
.3187087E-01
.3536695E-01
.4194277E-01
.4910319E-01
.5345422E-01
.5434841E-01
.5157415E-01
.4004796E-01
.2424310E-01
.1159045E-01
.2654081E-02
-.9840367E-02
-.2051171E-01
-.3134309E-01
-.3986629E-01
-.4405552E-01
-.5184590E-01
-.5531722E-01
-.5347061E-01
-.4969499E-01
-.5170420E-01
-.4875228E-01
-.4341020E-01
-.3488638E-01
-.2641617E-01
-.1783968E-01
-.1291738E-01
-.1376616E-01
-.1386420E-01
-.1474830E-01
-.2801948E-02
.9088426E-02
.9945743E-02
.3676580E-02
-.3465122E-02
-.1189215E-01
-.1386169E-01
-.1309351E-01
-.1349287E-01
-.1346666E-01
-.1350460E-01
-.1341527E-01
-.1354841E-01
-.1339104E-01
-.1333560E-01
-.1372966E-01
-.1406618E-01
-.7207538E-02
.1132498E-02
.7056436E-02
.9090636E-02
.8553132E-02
.8880034E-02
.1172055E-01
.1285668E-01
.1202242E-01
.1254240E-01
.1515649E-01
.1476261E-01
.1416505E-01
.1422620E-01
.4721868E-02
-.1076022E-01
-.1445236E-01
-.1256789E-01
-.1354394E-01
-.1318354E-01
-.1432307E-01
-.1497910E-01
-.1392366E-01
-.1277056E-01
-.1434741E-01
-.1404209E-01
-.2982076E-02
.7555747E-02
.8361028E-02
.1516430E-01
.1668050E-01
.1563967E-01
.1560895E-01
.1851455E-01
.2224612E-01
.2577004E-01
.2661641E-01
.2651328E-01
.2360244E-01
.2139413E-01
.2106794E-01
.1803644E-01
.1041602E-01
.7536605E-02
.7417443E-02
.1974708E-02
-.4091462E-02
-.4817450E-02
-.4590400E-02
-.4953049E-02
-.1838740E-02
.3789645E-02
.1246995E-01
.2563494E-01
.3565585E-01
.3685136E-01
.3621434E-01
.3946617E-01
.4181184E-01
.4327739E-01
.4602258E-01
.4860596E-01
.5413926E-01
.5641583E-01
.5607945E-01
.5274629E-01
.4008323E-01
.2823729E-01
.1852781E-01
.1200122E-01
.2271550E-02
-.1120902E-01
-.1401326E-01
-.1266124E-01
-.1340762E-01
-.1428973E-01
-.1650544E-01
-.2352636E-01
-.3314900E-01
-.3315912E-01
-.2839403E-01
-.2855131E-01
-.2926154E-01
-.2766591E-01
-.3022535E-01
-.3776387E-01
-.4133622E-01
-.4079697E-01
-.3695407E-01
-.3298654E-01
-.2254122E-01
-.1488185E-01
-.1532872E-01
-.1408344E-01
-.1738874E-01
-.2104138E-01
-.2488857E-01
-.2941176E-01
-.2963314E-01
-.3089470E-01
-.3293984E-01
-.3354737E-01
-.3320816E-01
-.2851616E-01
-.2859338E-01
-.2807527E-01
-.2895991E-01
-.2938228E-01
-.2416827E-01
-.1495080E-01
-.6878902E-02
.1161486E-02
.7795058E-02
.9432069E-02
.8262027E-02
.1357489E-01
.1625726E-01
.1370926E-01
.9341857E-02
.9112942E-02
.8978789E-02
.1208487E-01
.1291892E-01
.1270332E-01
.9864949E-02
.9891362E-02
.8631486E-02
.8579520E-02
.1304040E-01
.1861808E-01
.2198089E-01
.2839978E-01
.3387393E-01
.3947561E-01
.4728925E-01
.5632932E-01
.5723166E-01
.5720421E-01
.5775805E-01
.5649429E-01
.5505310E-01
.5454443E-01
.5398152E-01
.5528050E-01
.5699277E-01
.6411054E-01
.6553393E-01
.6312098E-01
.5908791E-01
.5517615E-01
.4820740E-01
.4261340E-01
.4213019E-01
.4248199E-01
.4199949E-01
.4218317E-01
.4346279E-01
.4433394E-01
.4254205E-01
.4100872E-01
.3760434E-01
.3630642E-01
.3468240E-01
.3440243E-01
.3349168E-01
.3487944E-01
.3555624E-01
.3620151E-01
.3133018E-01
.2979577E-01
.2811778E-01
.2464992E-01
.1654047E-01
.1388179E-01
.9432926E-02
-.2298106E-02
-.1199312E-01
-.1325768E-01
-.1384156E-01
-.1658977E-01
-.2301148E-01
-.2997361E-01
-.4136895E-01
-.4654709E-01
-.4825321E-01
-.4662296E-01
-.4548099E-01
-.4235133E-01
-.3887991E-01
-.3933210E-01
-.3861284E-01
-.3957277E-01
-.4576982E-01
-.4959222E-01
-.5223526E-01
-.5597966E-01
-.5930621E-01
-.6307070E-01
-.6652377E-01
-.6730841E-01
-.6665370E-01
-.6657544E-01
-.6115116E-01
-.5704606E-01
-.5388697E-01
-.4957433E-01
-.4563488E-01
-.4548674E-01
-.4631049E-01
-.4708896E-01
-.4385681E-01
-.3621501E-01
-.3284030E-01
-.2729657E-01
-.2071756E-01
-.1506350E-01
-.1344757E-01
-.3041551E-02
.6675033E-02
.9300155E-02
.1067196E-01
.8619700E-02
.6521119E-02
.6604273E-02
.9085795E-02
.1447123E-01
.1961932E-01
.2067479E-01
.2312113E-01
.2410796E-01
.2217776E-01
.1571005E-01
.9583944E-02
.2460690E-02
-.3516084E-02
-.1138588E-01
-.7788871E-02
-.1059449E-01
-.1411277E-01
-.1257514E-01
-.1297747E-01
-.1353694E-01
-.1364425E-01
-.3704565E-02
.1439569E-02
.1042633E-02
-.1109953E-03
-.1064018E-01
-.1395212E-01
-.1249302E-01
-.1306371E-01
-.1301266E-01
-.1313370E-01
-.1296867E-01
-.1307563E-01
-.1299885E-01
-.1314064E-01
-.1293457E-01
-.1281553E-01
-.1358515E-01
-.1370120E-01
-.3900289E-02
.5187833E-02
.7892924E-02
.1289445E-01
.1105623E-01
.6989341E-02
.2135750E-02
.1751670E-02
.2373892E-02
.2079821E-02
.2838598E-02
.2508338E-02
.2631343E-02
.1263130E-02
.1491261E-02
-.2959802E-02
-.1152251E-01
-.1338737E-01
-.1289117E-01
-.1740459E-01
-.1878080E-01
-.1802762E-01
-.1446607E-01
-.1693275E-01
-.1906300E-01
-.1669822E-01
-.1368500E-01
-.1265405E-01
-.1312702E-01
-.1310920E-01
-.1358399E-01
-.8004826E-02
-.3018852E-03
.5717377E-02
.7904403E-02
.9118640E-02
.7097152E-02
.3197795E-02
.1194671E-02
-.1413542E-02
.1088554E-03
.2650688E-02
.2818388E-02
.1301222E-02
-.6831127E-03
-.9485220E-03
.3791552E-03
.2321309E-02
.3514595E-02
.1611871E-02
-.9950957E-02
-.1400573E-01
-.1271581E-01
-.1361488E-01
-.3659673E-02
.1658794E-02
.2605782E-02
-.2377812E-02
-.1162803E-01
-.1438637E-01
-.1686893E-01
-.2102796E-01
-.2435998E-01
-.2499730E-01
-.2735883E-01
-.3154466E-01
-.3259138E-01
-.3110466E-01
-.2248297E-01
-.1419240E-01
-.7576111E-02
-.5033520E-03
.1028037E-02
.4499925E-02
.7608345E-02
.1000600E-01
.1609927E-01
.2039261E-01
.2234831E-01
.2169128E-01
.2156458E-01
.2296129E-01
.2296413E-01
.2321195E-01
.2291387E-01
.2102217E-01
.2516489E-01
.3467233E-01
.4109457E-01
.3952148E-01
.3956488E-01
.3772199E-01
.3181971E-01
.2511401E-01
.1820598E-01
.9887242E-02
.3383732E-02
-.1084468E-04
-.2521668E-03
-.2991181E-02
-.1134640E-01
-.1351076E-01
-.1243880E-01
-.1293942E-01
-.1283174E-01
-.1299326E-01
-.1277723E-01
-.1297900E-01
-.1279011E-01
-.1297274E-01
-.1277432E-01
-.1302902E-01
-.1271990E-01
-.1286546E-01
-.1305306E-01
-.1340723E-01
-.7533210E-02
-.3570879E-02
-.4071950E-02
-.1103787E-01
-.1347046E-01
-.1281364E-01
-.1339214E-01
-.6997462E-02
-.3706265E-02
-.1110355E-01
-.1375559E-01
-.1243523E-01
-.1287351E-01
-.1258064E-01
-.1332658E-01
-.1342002E-01
-.6536741E-02
.2329208E-02
.3104939E-02
-.1806523E-03
-.4140698E-02
-.4198399E-02
-.1070306E-01
-.1348880E-01
-.1270859E-01
-.1343852E-01
-.7610097E-02
-.2220672E-03
.2399963E-02
.6526294E-02
.9913725E-02
.9427887E-02
.6802591E-02
.7807435E-02
.9803777E-02
.9301494E-02
.1234927E-01
.1324255E-01
.1379971E-01
.1340021E-01
.1280384E-01
.1230245E-01
.1516845E-01
.1564967E-01
.1071667E-01
.6877976E-02
.2739578E-02
-.3755648E-02
-.1141146E-01
-.1328407E-01
-.1235798E-01
-.1297003E-01
-.1270300E-01
-.1278659E-01
-.1291819E-01
-.1353022E-01
-.7662062E-02
.8534688E-04
.2961224E-02
.1155111E-02
.4322003E-03
.2395623E-02
.8857642E-02
.9899524E-02
.1415824E-01
.2243423E-01
.2644832E-01
.2959980E-01
.2955376E-01
.3264577E-01
.3575908E-01
.3667745E-01
.3733228E-01
.4019416E-01
.4184492E-01
.3802762E-01
.3991678E-01
.4112793E-01
.3933111E-01
.4189457E-01
.4171628E-01
.3738304E-01
.3648565E-01
.3203205E-01
.2830484E-01
.2590724E-01
.1833370E-01
.1056762E-01
.9456924E-02
.1090674E-01
.8173228E-02
.5896225E-02
.4051613E-02
.6794770E-02
.9925044E-02
.9486530E-02
.9601093E-02
.9241462E-02
.9210103E-02
.4064895E-02
.9989073E-03
.2554395E-02
.1950379E-02
.9314233E-03
-.1426808E-02
-.3676830E-02
-.5088140E-02
-.1143272E-01
-.1321281E-01
-.1249059E-01
-.1277849E-01
-.1274011E-01
-.1258635E-01
-.1316470E-01
-.1325983E-01
-.6224138E-02
.1687686E-03
.1904320E-03
-.6209865E-03
-.1697100E-02
.5896448E-03
.2583291E-02
.3018329E-02
.2947558E-02
.8584533E-03
-.4913531E-02
-.1147929E-01
-.1305380E-01
-.1188730E-01
-.1702655E-01
-.1969244E-01
-.1954358E-01
-.1850132E-01
-.2348767E-01
-.2517325E-01
-.2741879E-01
-.2867949E-01
-.2827622E-01
-.2587189E-01
-.2502723E-01
-.1978216E-01
-.1479019E-01
-.1298964E-01
-.1259484E-01
-.1338408E-01
-.1324688E-01
-.2981995E-02
.3188713E-02
.7146532E-02
.1005051E-01
.9220630E-02
.9808057E-02
.1211189E-01
.1293950E-01
.1422275E-01
.1417004E-01
.9900314E-02
.9471163E-02
.1212719E-01
.1600885E-01
.1942991E-01
.2367118E-01
.2228951E-01
.2577767E-01
.3052224E-01
.3488929E-01
.3723944E-01
.4109171E-01
.4810016E-01
.4598948E-01
.4193579E-01
.3304525E-01
.2331262E-01
.1803831E-01
.1427660E-01
.6055883E-02
.1284100E-02
-.2686056E-02
-.5798517E-02
-.4354387E-02
-.4089797E-02
-.2270786E-02
.7394339E-03
.2582214E-02
.2939970E-02
.3381514E-02
.3879223E-02
.3266410E-02
.1908525E-02
-.3101672E-02
-.5923402E-02
-.4563943E-02
-.3930628E-04
.1614063E-02
.5739801E-02
.3006824E-02
.1747629E-02
.2361339E-02
-.4451390E-03
-.3160804E-02
-.4465250E-02
-.3705743E-02
-.4088113E-02
-.3854609E-02
-.5139388E-02
-.5042009E-02
-.4207778E-02
-.1076156E-01
-.1388723E-01
-.6985268E-02
-.5579380E-02
-.1105549E-02
.1128371E-02
.6414190E-03
.4971539E-02
.1041515E-01
.9769098E-02
.8776201E-02
.1228246E-01
.1372980E-01
.1048093E-01
.1075849E-01
.4050972E-02
-.3388637E-02
-.1083413E-01
-.1324117E-01
-.1219897E-01
-.1279670E-01
-.1260345E-01
-.1278698E-01
-.1259185E-01
-.1274544E-01
-.1262398E-01
-.1276711E-01
-.1258462E-01
-.1262003E-01
-.1333574E-01
-.1438694E-01
-.1306847E-01
-.1249077E-01
-.1274992E-01
-.1272738E-01
-.1264150E-01
-.1248589E-01
-.1305601E-01
-.1314818E-01
-.7614271E-02
-.3711003E-02
-.1086439E-01
-.1357473E-01
-.1218214E-01
-.1281547E-01
-.1259478E-01
-.1234054E-01
-.1374897E-01
-.2010785E-01
-.2138163E-01
-.2244857E-01
-.3010353E-01
-.3727055E-01
-.3918181E-01
-.4427080E-01
-.4701384E-01
-.4071695E-01
-.3893938E-01
-.4044838E-01
-.3907888E-01
-.3862004E-01
-.3707661E-01
-.3250384E-01
-.2799121E-01
-.2802803E-01
-.2878545E-01
-.2530641E-01
-.2453345E-01
-.2587445E-01
-.2502337E-01
-.2105488E-01
-.2353649E-01
-.2538880E-01
-.2474701E-01
-.2703436E-01
-.3211270E-01
-.3252299E-01
-.3125085E-01
-.3355148E-01
-.2976411E-01
-.2526000E-01
-.2109658E-01
-.2106783E-01
-.2172748E-01
-.1994232E-01
-.1807475E-01
-.1810169E-01
-.1662733E-01
-.1318139E-01
-.1270235E-01
-.1313882E-01
-.7418426E-02
-.3903610E-02
-.1578368E-02
.8989107E-03
.2466867E-02
.5448400E-02
.6448758E-02
.9699675E-02
.1013755E-01
.9363943E-02
.1343361E-01
.1367248E-01
.1277412E-01
.1576759E-01
.1953466E-01
.2265780E-01
.2646813E-01
.3027368E-01
.2943839E-01
.2558741E-01
.2688096E-01
.2824427E-01
.2382088E-01
.2275280E-01
.2673918E-01
.2752064E-01
.2710802E-01
.2441268E-01
.2367180E-01
.2199854E-01
.1790182E-01
.1424561E-01
.7956360E-02
.1803719E-02
.1208996E-02
.1522721E-02
.9912512E-03
.8069845E-03
.5557855E-02
.7715733E-02
.3327387E-02
.2390990E-02
.9258571E-02
.9444638E-02
.8752203E-02
.9935539E-02
.1000120E-01
.1101985E-01
.4743072E-02
.8045259E-03
.1400597E-02
.2742706E-02
.3095351E-02
.2381057E-02
.5490613E-02
.1027596E-01
.1103015E-01
.6983058E-02
.7656167E-02
.7321934E-02
.3480079E-02
.1468742E-02
.1380914E-02
.1043221E-03
-.2941179E-02
-.5321372E-02
-.1106898E-01
-.1322577E-01
-.1219669E-01
-.1281216E-01
-.1243561E-01
-.1266086E-01
-.1281033E-01
-.1321383E-01
-.6203320E-02
.3002542E-03
.6652312E-02
.1220556E-01
.1445422E-01
.1823374E-01
.2312399E-01
.2252170E-01
.2295514E-01
.2226080E-01
.2406733E-01
.2533861E-01
.2107440E-01
.1575559E-01
.1658749E-01
.1456195E-01
.9310882E-02
.8536402E-02
.1066615E-01
.3502318E-02
.3615213E-03
.1618212E-02
-.2831987E-02
-.1081851E-01
-.1365579E-01
-.1250558E-01
-.7529723E-02
-.1155993E-02
.5382397E-03
.5232346E-02
.8448700E-02
.9658021E-02
.1237093E-01
.1366055E-01
.1303748E-01
.1345747E-01
.1303455E-01
.1336343E-01
.1463991E-01
.1530199E-01
.1290365E-01
.1324250E-01
.1090859E-01
.7173968E-02
.2807444E-02
-.2752686E-02
-.1096191E-01
-.1319516E-01
-.1212149E-01
-.1255169E-01
-.1293051E-01
-.1296333E-01
-.7252438E-02
-.3911019E-02
-.2931253E-02
.4341252E-03
.2499385E-02
.5540561E-02
.9204087E-02
.1019517E-01
.9583601E-02
.8370013E-02
.9352955E-02
.1273922E-01
.1159702E-01
.1518302E-01
.2101665E-01
.2126379E-01
.1729925E-01
.1971540E-01
.2220371E-01
.2032191E-01
.1601440E-01
.1455872E-01
.1714297E-01
.1356431E-01
.9972283E-02
.8611590E-02
.9355447E-02
.3720577E-02
-.3295089E-02
-.1083830E-01
-.1281187E-01
-.1305265E-01
-.1982194E-01
-.2480270E-01
-.2760823E-01
-.3122157E-01
-.3453829E-01
-.3775595E-01
-.4141013E-01
-.4004194E-01
-.4129837E-01
-.4007314E-01
-.3560106E-01
-.2932807E-01
-.2515064E-01
-.1965472E-01
-.1335891E-01
-.1305002E-01
-.7573780E-02
-.1885056E-02
.8504942E-03
.1149195E-02
.1274363E-02
.1570295E-02
-.1927499E-03
-.3499382E-02
-.5880252E-03
.2242839E-03
-.2374220E-02
-.7489778E-03
.9752820E-03
-.4161517E-02
-.1158698E-01
-.1270547E-01
-.1294457E-01
-.1311946E-01
-.2538182E-02
.3195370E-02
.2960112E-02
.9403777E-02
.1104696E-01
.9715418E-02
.1299952E-01
.1511837E-01
.1616339E-01
.2020340E-01
.2048364E-01
.2348306E-01
.2515395E-01
.2380645E-01
.2225214E-01
.2178445E-01
.2275565E-01
.2362514E-01
.2380263E-01
.2359965E-01
.2257947E-01
.2318853E-01
.2009830E-01
.1937072E-01
.1751961E-01
.1482754E-01
.1414026E-01
.1033913E-01
.9835638E-02
.8568721E-02
.8947793E-02
.8160949E-02
.9087165E-02
.1271713E-01
.1718246E-01
.1521430E-01
.1646964E-01
.2371419E-01
.2528132E-01
.1968558E-01
.1946288E-01
.1655903E-01
.1587029E-01
.1721133E-01
.1663586E-01
.1686529E-01
.1660468E-01
.1702601E-01
.1694276E-01
.1427859E-01
.1055231E-01
.8649859E-02
.4201182E-02
.2696979E-02
.2028323E-02
.1003148E-02
.1267109E-03
-.1216925E-03
-.2668620E-02
-.1111081E-01
-.1312902E-01
-.1223957E-01
-.1248773E-01
-.1265418E-01
-.1325348E-01
-.1285918E-01
-.1240811E-01
-.1273593E-01
-.1255730E-01
-.1245223E-01
-.1247955E-01
-.1544676E-01
-.1493726E-01
-.1401507E-01
-.1447295E-01
-.1439883E-01
-.1296227E-01
-.1246914E-01
-.1263232E-01
-.1246221E-01
-.1287578E-01
-.1299754E-01
-.7457909E-02
-.1400608E-02
.2241792E-02
.7721638E-02
.8762422E-02
.9043821E-02
.1012725E-01
.9884893E-02
.9895636E-02
.6997683E-02
.8990619E-02
.8784533E-02
.8033283E-02
.1025057E-01
.9580803E-02
.8888064E-02
.1059628E-01
.7295208E-02
.8482511E-02
.1033432E-01
.1261170E-01
.1098776E-01
.9063632E-02
.9961737E-02
.1337537E-01
.1397324E-01
.1199097E-01
.1389093E-01
.1728850E-01
.1606422E-01
.1307687E-01
.1317320E-01
.1550968E-01
.1703893E-01
.1525980E-01
.1374094E-01
.1412475E-01
.1099577E-01
.9312852E-02
.1023853E-01
.1046760E-01
.8934257E-02
.9755263E-02
.1008336E-01
.9960785E-02
.7929881E-02
.6718538E-02
.4657242E-02
-.1216003E-02
-.3228170E-02
-.1087477E-01
-.1300653E-01
-.1227452E-01
-.1323254E-01
-.1402929E-01
-.1340525E-01
-.1692476E-01
-.1911024E-01
-.1740312E-01
-.2278694E-01
-.2280256E-01
-.1969439E-01
-.2338256E-01
-.2147149E-01
-.2076389E-01
-.1781840E-01
-.1884017E-01
-.1877572E-01
-.1486834E-01
-.1271618E-01
-.1260437E-01
-.1265801E-01
-.1260387E-01
-.1252341E-01
-.1264436E-01
-.1254686E-01
-.1258576E-01
-.1246837E-01
-.1339311E-01
-.1337142E-01
-.1262091E-01
-.1282741E-01
-.1325704E-01
-.5882151E-02
.6673833E-03
.2251256E-02
.6890718E-02
.1536553E-01
.2308343E-01
.2659031E-01
.2940764E-01
.3692491E-01
.3817039E-01
.4000567E-01
.3909096E-01
.3690187E-01
.2969187E-01
.2345753E-01
.1887196E-01
.1126400E-01
.4294495E-02
.1391444E-02
.7382439E-03
-.2955851E-02
-.1073806E-01
-.1368633E-01
-.1226801E-01
-.7331490E-02
-.4790370E-02
-.6307917E-02
-.5485430E-02
-.5526129E-02
-.5124207E-02
-.1135571E-01
-.1294905E-01
-.1234095E-01
-.1267715E-01
-.1296626E-01
-.8075178E-02
-.5711467E-02
-.4428263E-02
-.1047083E-01
-.1358248E-01
-.1190416E-01
-.1267152E-01
-.1393326E-01
-.1453158E-01
-.1295201E-01
-.1677918E-01
-.2098103E-01
-.2134221E-01
-.1891987E-01
-.2086127E-01
-.1902791E-01
-.1455158E-01
-.1318190E-01
-.1320997E-01
-.5998293E-02
.9568969E-03
.9277277E-03
.2256351E-02
.7823329E-02
.8938963E-02
.8875366E-02
.9992879E-02
.1242565E-01
.1378215E-01
.1282197E-01
.1367976E-01
.1423336E-01
.1104892E-01
.6507035E-02
.8565809E-02
.8400946E-02
.9263961E-02
.1255104E-01
.1497817E-01
.1479142E-01
.1650492E-01
.1698580E-01
.1661104E-01
.1506725E-01
.1979694E-01
.2130064E-01
.1993183E-01
.1630039E-01
.1626448E-01
.1452375E-01
.1024707E-01
.1073671E-01
.8579094E-02
.3767749E-02
.1238117E-02
-.7971141E-03
.5591914E-04
-.9344851E-02
-.1398265E-01
-.1179808E-01
-.1279265E-01
-.1236026E-01
-.1286213E-01
-.1234727E-01
-.1278839E-01
-.1239566E-01
-.1280893E-01
-.1236614E-01
-.1266748E-01
-.1268152E-01
-.1303435E-01
-.7974662E-02
-.4331627E-02
-.1220593E-02
.1110678E-02
.1325769E-02
-.2894304E-03
.8477258E-03
.1472923E-02
.1155044E-02
.1231028E-02
.2709511E-02
.1904596E-02
.1165583E-02
-.2152392E-03
-.5144578E-03
.8685191E-03
-.2591553E-02
-.1115354E-01
-.1314526E-01
-.1217601E-01
-.1258511E-01
-.1262196E-01
-.1262377E-01
-.1251961E-01
-.1260181E-01
-.1327908E-01
-.1282571E-01
-.1249470E-01
-.1260661E-01
-.1267634E-01
-.1250347E-01
-.1247274E-01
-.1294869E-01
-.1310584E-01
-.5995774E-02
-.5047138E-03
.7896726E-03
.1219975E-02
.1251253E-02
.1474812E-02
.2757682E-04
-.2940360E-02
-.5216628E-02
-.1095506E-01
-.1342358E-01
-.1260624E-01
-.8068389E-02
-.3788887E-02
-.4091520E-02
-.5299008E-02
-.4818665E-02
-.3628698E-02
-.8073124E-03
.1967327E-03
-.7317373E-03
-.1119153E-03
-.3348302E-02
-.4067405E-02
-.3934945E-02
-.3769346E-02
-.4000649E-02
-.4023261E-02
-.4096856E-02
-.1204302E-02
-.3741460E-03
.7102866E-03
.2747862E-02
.3100206E-02
.2907658E-02
.3019602E-02
.2995955E-02
.3002339E-02
.2974364E-02
.3130889E-02
.2915099E-02
.1710130E-02
.2485264E-02
.1942639E-02
.9430665E-03
.1457498E-02
.1170307E-02
.1279656E-02
.1207675E-02
.2573472E-02
.2719935E-02
.5518150E-02
.1008180E-01
.9764675E-02
.9074231E-02
.9191248E-02
.1198962E-01
.1530958E-01
.1605598E-01
.1563955E-01
.1616038E-01
.1622393E-01
.1080706E-01
.7167413E-02
.2252353E-02
.1157341E-02
-.1369539E-02
-.2388213E-03
-.2308485E-02
-.5487803E-02
-.1109442E-01
-.1314496E-01
-.1225895E-01
-.1265177E-01
-.1259947E-01
-.1264653E-01
-.1260452E-01
-.1260230E-01
-.1264815E-01
-.1257615E-01
-.1266396E-01
-.1255288E-01
-.1273590E-01
-.1247620E-01
-.1260158E-01
-.1285344E-01
-.1302414E-01
-.7218934E-02
-.4750029E-02
-.5745588E-02
-.1111098E-01
-.1327228E-01
-.1220341E-01
-.1270776E-01
-.1253721E-01
-.1273514E-01
-.1257698E-01
-.1256968E-01
-.1252872E-01
-.1405717E-01
-.1445127E-01
-.1362991E-01
-.1412981E-01
-.1313797E-01
-.1241236E-01
-.1277729E-01
-.1253066E-01
-.1255383E-01
-.1296444E-01
-.1288701E-01
-.7258179E-02
-.4583149E-02
-.4541705E-02
-.1335247E-02
-.4491736E-03
.2255339E-02
.3262646E-02
.1429663E-02
.1225971E-02
.1510249E-02
-.9951818E-03
-.1827200E-02
.8157374E-03
.2846354E-02
.1524210E-02
.2352381E-02
.3329222E-02
.2872331E-02
.1543948E-02
.2390011E-02
.3356901E-02
.2820228E-02
.1711325E-02
.2126637E-02
.3081856E-02
.6066231E-02
.9159690E-02
.7739728E-02
.7112268E-02
.3548816E-02
.6098447E-02
.9243895E-02
.8016831E-02
.6866974E-02
.9905470E-02
.4551298E-02
.5312907E-03
.5681101E-03
-.3463898E-02
-.5288744E-02
-.5947314E-02
-.5689297E-02
-.4767121E-02
-.3352928E-03
.1237291E-02
.1230962E-02
-.2070522E-03
.2434515E-03
-.2532975E-02
-.5495545E-02
-.1109716E-01
-.1301536E-01
-.1257946E-01
-.1328673E-01
-.7330799E-02
-.4267118E-03
-.2137091E-03
-.6933993E-03
.2888019E-03
-.2879420E-02
-.4355963E-02
-.4533877E-02
-.5577419E-02
-.4446142E-02
-.5352780E-02
-.4101671E-02
-.4228640E-02
-.1110742E-01
-.1334021E-01
-.1220886E-01
-.1280182E-01
-.1252690E-01
-.1257084E-01
-.1367515E-01
-.1744173E-01
-.1863032E-01
-.1798333E-01
-.1762374E-01
-.1939937E-01
-.1843325E-01
-.1795107E-01
-.1518358E-01
-.1291674E-01
-.1244806E-01
-.1267844E-01
-.1328730E-01
-.1298554E-01
-.2589576E-02
-.6895335E-03
-.4810491E-03
.2765019E-02
.2767820E-02
.7686550E-02
.7191199E-02
.8281806E-02
.1003572E-01
.1037233E-01
.4681102E-02
.5767482E-03
.6552625E-02
.4221514E-02
.2479295E-02
.2962409E-02
.3155831E-02
.1582325E-02
.2083708E-02
.1484772E-02
.8303344E-02
.1062349E-01
.1256018E-01
.1540182E-01
.1577540E-01
.1547126E-01
.1950591E-01
.2090047E-01
.1890291E-01
.2347475E-01
.2410638E-01
.2436567E-01
.2480293E-01
.2101242E-01
.1968558E-01
.2132552E-01
.2120571E-01
.1781849E-01
.1644827E-01
.1431642E-01
.1058216E-01
.9290663E-02
.2910437E-02
.6038781E-03
.1588308E-02
-.8158166E-04
-.4363593E-03
-.3276982E-02
-.4518750E-02
-.3767499E-02
-.6820755E-03
-.2786211E-02
-.2068961E-02
.8196058E-04
-.2109801E-04
-.2418512E-03
-.2413387E-02
.4064987E-03
.2802731E-02
.3011543E-02
.2716538E-02
.2972729E-02
.2927760E-02
.3009444E-02
.1582849E-02
.1155249E-02
-.1927050E-03
-.7106055E-03
-.2361768E-03
-.6692434E-03
-.3368662E-02
-.1559046E-02
-.9731481E-04
-.2216021E-02
.7797184E-04
.1715992E-02
.5988534E-02
.1037062E-01
.9817011E-02
.9403235E-02
.1244957E-01
.1343827E-01
.1332633E-01
.1382741E-01
.1063531E-01
.1214110E-01
.1396219E-01
.1013786E-01
.9574781E-02
.9906982E-02
.9808510E-02
.7073020E-02
.8248042E-02
.4804245E-02
.2421013E-02
-.2822137E-03
-.2005556E-02
-.4070270E-03
-.5547150E-03
-.1324122E-02
-.1672651E-02
-.5640859E-03
-.7358043E-03
-.1325596E-02
.7663453E-03
.6704814E-04
-.3787878E-02
-.1524401E-02
.5519724E-03
-.4927503E-03
-.6226552E-03
-.7200674E-03
-.5756059E-03
-.2175864E-04
-.1523939E-02
-.1064643E-01
-.1355612E-01
-.1220009E-01
-.1275745E-01
-.1268881E-01
-.1280100E-01
-.1266064E-01
-.1274999E-01
-.1275198E-01
-.1266848E-01
-.1264710E-01
-.1301712E-01
-.1296096E-01
-.8051120E-02
-.5734539E-02
-.4765456E-02
-.1219946E-02
.5688467E-03
.1060455E-02
.7034798E-02
.7481601E-02
.8105378E-02
.1021480E-01
.1189364E-01
.1361307E-01
.1543545E-01
.1721462E-01
.1633286E-01
.1689576E-01
.1492418E-01
.1639443E-01
.1678100E-01
.1617603E-01
.1368878E-01
.1324258E-01
.1034642E-01
.9818017E-02
.9820939E-02
.6861670E-02
.5977997E-02
.9965259E-02
.5680193E-02
.5731458E-02
.3093028E-02
.1817976E-02
.2053997E-02
.6928548E-03
.1515075E-02
.9680346E-03
-.8218139E-04
-.7692803E-03
-.2795844E-03
-.3288069E-02
-.4238024E-02
-.5667994E-02
-.4629532E-02
-.5248134E-03
-.6880590E-04
-.9621313E-03
-.4700361E-03
-.7332578E-03
-.4505912E-03
-.6665605E-03
-.6282224E-03
-.1460842E-02
.7368926E-03
-.1145898E-03
-.1581689E-02
-.7379894E-03
-.2658572E-03
-.3421727E-02
-.4228751E-02
-.4807559E-02
-.4930293E-02
-.5281476E-02
-.6037118E-02
-.1118017E-01
-.7610715E-02
-.1014982E-01
-.1416888E-01
-.1246753E-01
-.7679534E-02
-.4931759E-02
-.5062183E-02
-.3797101E-02
-.4635521E-02
-.1953752E-03
.2533543E-02
.8912036E-02
.1014192E-01
.1184976E-01
.1496848E-01
.1610450E-01
.1523318E-01
.1714489E-01
.2019160E-01
.2016231E-01
.2068677E-01
.1774306E-01
.1980118E-01
.1682125E-01
.1543028E-01
.1605115E-01
.1411959E-01
.1102693E-01
.6594305E-02
.5165380E-02
.1880730E-02
.9463856E-03
-.9164913E-03
-.3734280E-03
-.2893329E-02
-.1117074E-01
-.1343701E-01
-.1225293E-01
-.1286871E-01
-.1264779E-01
-.1291657E-01
-.1260213E-01
-.1295960E-01
-.1252518E-01
-.1279365E-01
-.1312328E-01
-.1304043E-01
-.5868108E-02
-.4957528E-02
-.5131509E-02
-.1259972E-02
-.3705445E-03
.6448136E-03
-.8108477E-04
-.8766753E-03
-.5390684E-03
-.7659470E-03
.7291516E-03
.1213145E-02
.2338637E-02
.2565552E-02
.5314880E-02
.9954548E-02
.1025288E-01
.9081165E-02
.9606114E-02
.1249538E-01
.1436217E-01
.1038804E-01
.1082390E-01
.1037078E-01
.9419040E-02
.8601047E-02
.9945105E-02
.7300992E-02
.7782760E-02
.9635289E-02
.7415402E-02
.3759501E-02
.2626725E-02
.1832268E-02
-.5980470E-03
-.4448603E-03
.1114468E-03
-.2831081E-02
-.4616210E-02
-.5382729E-02
-.4879918E-02
-.9381913E-03
-.6866383E-03
-.7829602E-03
.7109650E-03
.2531147E-02
.1229650E-02
.4983907E-02
.7302344E-02
.6263583E-02
.7945842E-02
.9101196E-02
.1029008E-01
.1083327E-01
.6922650E-02
.8060155E-02
.8060923E-02
.6288458E-02
.3652747E-02
.2524387E-02
.1681018E-02
.2285103E-02
.1952360E-02
.8003667E-03
-.8958437E-03
-.9712490E-03
-.1490555E-03
-.3557491E-02
-.5275770E-02
-.5701094E-02
-.1103354E-01
-.1354230E-01
-.1226184E-01
-.1302290E-01
-.1245236E-01
-.1294596E-01
-.1295086E-01
-.1311813E-01
-.6076035E-02
-.4996243E-02
-.1504020E-02
-.4296663E-05
-.1123380E-02
.9246686E-03
.2459687E-02
.1228423E-02
.4605691E-02
.9081762E-02
.1012758E-01
.7112669E-02
.8431376E-02
.9901637E-02
.7650490E-02
.6566119E-02
.9389095E-02
.1129594E-01
.8962414E-02
.9033970E-02
.6604900E-02
.6007714E-02
.7555758E-02
.9604561E-02
.9583842E-02
.9822461E-02
.9506016E-02
.8615368E-02
.8469900E-02
.8345343E-02
.6651383E-02
.8588662E-02
.2939175E-02
.4984710E-03
.6587859E-03
-.3173186E-02
-.1108339E-01
-.1343968E-01
-.1226476E-01
-.1285373E-01
-.1270929E-01
-.1279002E-01
-.1271400E-01
-.1351058E-01
-.1288194E-01
-.1261771E-01
-.1413480E-01
-.1467026E-01
-.1439521E-01
-.1452432E-01
-.1444725E-01
-.1450270E-01
-.1461886E-01
-.1447447E-01
-.1297768E-01
-.1401288E-01
-.1602265E-01
-.1494035E-01
-.1576226E-01
-.1518593E-01
-.1285925E-01
-.1275345E-01
-.1281053E-01
-.1272796E-01
-.1261539E-01
-.1418703E-01
-.1466295E-01
-.1426115E-01
-.1435360E-01
-.1715060E-01
-.1830493E-01
-.1844488E-01
-.1819362E-01
-.1778243E-01
-.1870692E-01
-.1875070E-01
-.1837527E-01
-.1794087E-01
-.1519896E-01
-.1423559E-01
-.1620641E-01
-.1359313E-01
-.1241008E-01
-.1287569E-01
-.1277976E-01
-.1273887E-01
-.1273873E-01
-.1280688E-01
-.1269026E-01
-.1258395E-01
-.1320924E-01
-.1311906E-01
-.6101302E-02
-.1006641E-02
.2780151E-03
.7267212E-02
.9815376E-02
.9523624E-02
.1236793E-01
.1189991E-01
.1125371E-01
.1448380E-01
.1091881E-01
.9179607E-02
.1109561E-01
.8139774E-02
.2139315E-02
.9469510E-03
.3009654E-03
-.3558676E-02
-.4945526E-02
-.4255202E-02
-.4576496E-02
-.5141727E-02
-.4452311E-02
-.4711541E-02
-.1012043E-02
-.2464462E-02
-.3347876E-02
-.4208345E-02
-.4659707E-02
-.8225879E-03
-.3330373E-02
-.4340134E-02
-.3609111E-02
-.5822502E-02
-.1172910E-01
-.1310824E-01
-.1247157E-01
-.1270854E-01
-.1276177E-01
-.1273857E-01
-.1272966E-01
-.1271704E-01
-.1274544E-01
-.1275542E-01
-.1267889E-01
-.1263568E-01
-.1308953E-01
-.1283831E-01
-.7616448E-02
-.5350204E-02
-.2260434E-02
.1422091E-02
.8211250E-03
.1328724E-02
.9235599E-03
.1418102E-02
-.1797826E-03
-.3721773E-03
-.4801572E-02
-.4873571E-02
-.4805101E-02
-.4160395E-02
-.1054195E-01
-.1407073E-01
-.1247986E-01
-.5953537E-02
-.4067250E-02
-.5177376E-02
-.1053501E-02
.1003130E-02
.1023679E-02
.6279861E-03
.5853848E-02
.9069163E-02
.9003934E-02
.8013428E-02
.6473999E-02
.8968147E-02
.1012188E-01
.8162644E-02
.9306473E-02
.9968211E-02
.9098254E-02
.8621189E-02
.9020580E-02
.1053220E-01
.9343417E-02
.6311525E-02
.9738525E-02
.1138639E-01
.8351603E-02
.6278752E-02
.8961267E-02
.1022831E-01
.9375781E-02
.9632061E-02
.1226952E-01
.1379455E-01
.1387442E-01
.1093271E-01
.8821266E-02
.1030445E-01
.1310382E-01
.1111890E-01
.8931277E-02
.1354509E-01
.1097240E-01
.1291978E-01
.1039700E-01
.9291979E-02
.9922356E-02
.6952906E-02
.8153693E-02
.9429064E-02
.6416412E-02
.8272140E-02
.9448106E-02
.8885606E-02
.4292408E-02
.5950952E-02
.3066702E-02
.1759942E-02
.3512288E-02
.2825586E-02
.1636390E-02
.9062117E-03
.1577061E-02
.1024354E-02
-.9191745E-03
.4956991E-03
.1564903E-02
-.1171439E-02
.5429306E-03
.1458519E-02
-.2178044E-03
.7101491E-03
.8842037E-04
-.7883184E-03
-.4100346E-03
-.5378065E-03
-.5872885E-03
-.6395460E-03
.4547059E-03
.2258720E-03
-.3164989E-02
-.1517601E-02
-.8743833E-04
-.3432130E-02
-.7509365E-03
-.2473295E-02
-.4509682E-02
-.4719335E-02
-.4448780E-02
-.1007625E-02
-.4100459E-03
-.1310352E-02
.1821017E-03
.1244037E-02
.5730855E-02
.9306481E-02
.7858867E-02
.8164873E-02
.1021494E-01
.9693923E-02
.6675693E-02
.7372812E-02
.3688000E-02
.1171700E-02
.5786293E-02
.7338430E-02
.6534461E-02
.6796481E-02
.5920765E-02
.7445571E-02
.7009135E-02
.6765922E-02
.6701055E-02
.7122003E-02
.5710227E-02
.5004253E-02
.5680803E-02
.4658367E-02
.5310421E-02
.8886425E-02
.2884981E-02
.2034847E-02
.1199590E-02
.5364300E-02
.2348586E-02
-.9342286E-03
.2083846E-02
.6051876E-01
.2168373E-01
-.1075559E-01
.3744481E-02
-.1395696E-02
.7330861E-03
-.1955777E-02
.1955657E-02
.1756494E-03
.3481025E-02
.5692414E-02
.4669682E-02
.4651502E-02
.8288951E-02
.2542377E-02
.3067338E-02
.1538295E-02
-.5684300E-03
-.2034555E-02
-.1369637E-03
-.7442912E-03
-.2302926E-03
-.9201064E-03
.1212320E-02
.1185083E-02
.1552455E-02
-.3863189E-03
-.3430511E-03
-.6446213E-03
-.2013477E-03
-.7195197E-03
-.2744360E-03
-.6325402E-03
.3310479E-03
-.5674308E-03
.1083597E-02
.2380793E-02
.2350138E-02
.5676992E-02
.9254640E-02
.8893417E-02
.1066224E-01
.7059650E-02
.7532438E-02
.9714031E-02
.1010173E-01
.8886459E-02
.9731550E-02
.1000692E-01
.9969008E-02
.7055633E-02
.7674870E-02
.6898798E-02
.6480488E-02
.7168227E-02
.3571092E-02
.2258746E-02
.1824712E-02
.1046922E-02
.6107741E-02
.3949110E-02
.7347309E-02
.1110842E-01
.8462092E-02
.9051477E-02
.1291814E-01
.1347713E-01
.1306765E-01
.1455305E-01
.1668141E-01
.1678476E-01
.1679569E-01
.1682157E-01
.1685342E-01
.1545413E-01
.1628876E-01
.1556578E-01
.1629899E-01
.1712959E-01
.1538991E-01
.1484755E-01
.1506524E-01
.1652349E-01
.1699044E-01
.1637623E-01
.1707976E-01
.2029080E-01
.1690109E-01
.1547270E-01
.1746837E-01
.1663194E-01
.1719494E-01
.1398639E-01
.1345008E-01
.1014344E-01
.9325262E-02
.7322710E-02
.9919256E-02
.8039748E-02
.3337145E-02
.1767404E-02
.8185412E-04
-.2735805E-02
-.5236556E-02
-.1101093E-01
-.1310289E-01
-.1216325E-01
-.1260470E-01
-.1247903E-01
-.1261838E-01
-.1246869E-01
-.1258387E-01
-.1249527E-01
-.1256910E-01
-.1250141E-01
-.1256085E-01
-.1250445E-01
-.1255696E-01
-.1250529E-01
-.1255405E-01
-.1249232E-01
-.1258095E-01
-.1249843E-01
-.1246104E-01
-.1254239E-01
-.1384116E-01
-.1308219E-01
-.1368822E-01
-.1317513E-01
-.1222789E-01
-.1267377E-01
-.1243413E-01
-.1264956E-01
-.1237097E-01
-.1247969E-01
-.1283048E-01
-.1280237E-01
-.7102017E-02
-.4513571E-02
-.4440768E-02
-.1130808E-02
-.2114264E-03
.8981031E-03
.1378103E-02
.1405752E-02
.1610567E-02
-.3062745E-04
-.3276665E-02
-.1352908E-02
-.2119727E-02
-.4062358E-02
-.1035897E-01
-.1343180E-01
-.1188299E-01
-.1272648E-01
-.1228656E-01
-.1274280E-01
-.1228048E-01
-.1269516E-01
-.1231640E-01
-.1267645E-01
-.1232527E-01
-.1266623E-01
-.1232946E-01
-.1266384E-01
-.1232990E-01
-.1265395E-01
-.1232392E-01
-.1271565E-01
-.1226034E-01
-.1250841E-01
-.1272751E-01
-.1310235E-01
-.5746707E-02
-.6323506E-03
.9763610E-03
.2669068E-02
.3113870E-02
.2895733E-02
.5773085E-02
.6543064E-02
.7789967E-02
.9683763E-02
.1012037E-01
.9758804E-02
.9987174E-02
.1012629E-01
.1012338E-01
.6860079E-02
.7726947E-02
.1086534E-01
.8702761E-02
.3617745E-02
.9805401E-03
-.2038145E-03
-.1517790E-03
-.2698042E-02
-.3700505E-02
-.1050714E-01
-.1319744E-01
-.1207109E-01
-.1248862E-01
-.1245555E-01
-.1251463E-01
-.1245055E-01
-.1246410E-01
-.1249071E-01
-.1244021E-01
-.1250616E-01
-.1242339E-01
-.1252323E-01
-.1239866E-01
-.1253583E-01
-.1242607E-01
-.1251570E-01
-.1223225E-01
-.1288257E-01
-.1271588E-01
-.7906720E-02
-.3549932E-02
-.5529590E-02
-.5565332E-02
-.5232482E-02
-.5646605E-02
-.1098195E-01
-.5867827E-02
-.9510458E-02
-.1366720E-01
-.1202487E-01
-.1250613E-01
-.1216050E-01
-.1308668E-01
-.1263578E-01
-.5823557E-02
-.2812982E-02
-.4285438E-02
-.4406973E-02
-.5543603E-02
-.4027535E-02
-.5124288E-02
-.4320281E-02
-.4245005E-02
-.4166702E-02
-.5037781E-02
-.4350827E-02
-.3653157E-02
-.4029159E-02
-.1102189E-02
-.1139200E-03
.9593001E-03
.1453633E-02
.1299156E-02
.2728615E-02
.3416953E-02
.3112872E-02
.2796164E-02
.3449420E-02
.9624851E-02
.1159347E-01
.9190775E-02
.8245345E-02
.9698213E-02
.1091185E-01
.1021301E-01
.9900713E-02
.1006279E-01
.8747554E-02
.9488498E-02
.8704347E-02
.1024892E-01
.1151578E-01
.9426534E-02
.5176959E-02
.5658776E-02
.3011510E-02
.2090581E-02
.3761447E-02
.2975154E-02
.2048457E-02
.1086420E-02
.5583048E-03
-.5466448E-03
-.2777276E-02
-.4594439E-02
-.4799868E-02
-.1114320E-01
-.1286425E-01
-.1280155E-01
-.1288670E-01
-.1308092E-01
-.1292251E-01
-.1304146E-01
-.1287699E-01
-.1303370E-01
-.1284433E-01
-.1307324E-01
-.1271358E-01
-.1288324E-01
-.1324278E-01
-.1313929E-01
-.6028367E-02
-.4764731E-02
-.5156604E-02
-.4533906E-02
-.4501448E-02
-.4070617E-02
-.4360471E-02
-.5812244E-03
-.1122080E-03
-.7892783E-03
-.5833919E-03
-.5203365E-03
-.4283271E-03
-.6232099E-03
-.1359713E-02
.5578693E-03
.2616297E-02
.3412903E-02
.7149832E-02
.9599818E-02
.9586398E-02
.1212997E-01
.1344370E-01
.1563616E-01
.1554551E-01
.1456233E-01
.1485146E-01
.1260777E-01
.1434108E-01
.1368319E-01
.9926183E-02
.9565829E-02
.1064506E-01
.5280381E-02
.2372218E-02
.1652334E-02
.8498556E-03
.2523548E-02
.2917175E-02
.2789703E-02
.1402104E-02
.9801753E-03
.1011446E-02
.9972548E-03
.2485249E-02
.2823686E-02
.1260359E-02
.2292073E-02
.2901364E-02
.1352224E-02
.2119142E-02
.1647473E-02
.2037312E-02
.1775813E-02
.8159748E-03
-.2422166E-03
-.2174337E-02
.3264498E-03
-.9111070E-03
.4831015E-04
.2617196E-02
.2786243E-02
.1327715E-02
.4792394E-03
.8797816E-03
.5420050E-02
.6940377E-02
.6135419E-02
.9101078E-02
.9917315E-02
.9668020E-02
.9819525E-02
.7696208E-02
.5495727E-02
.6643954E-02
.8110660E-02
.7200816E-02
.5333698E-02
.5216184E-02
.8455237E-02
.6265391E-02
.7079410E-02
.8758557E-02
.7352174E-02
.8002721E-02
.8065620E-02
.8077203E-02
.7872237E-02
.7951774E-02
.7782893E-02
.7791769E-02
.7643938E-02
.7790749E-02
.7457555E-02
.6395982E-02
.6696250E-02
.5799667E-02
.7238882E-03
-.6197952E-03
-.1318095E-02
-.2025187E-02
-.1741297E-02
-.1945946E-02
-.2589239E-02
-.2243593E-02
-.6669484E-03
-.4230450E-03
.6869658E-03
.1082939E-02
.1027953E-02
.1052695E-02
-.1762437E-03
-.1822496E-02
-.2014826E-02
-.3984465E-02
-.6229933E-02
-.1108408E-01
-.1278739E-01
-.1190367E-01
-.1222438E-01
-.1202958E-01
-.1208237E-01
-.1187192E-01
-.1188402E-01
-.1176812E-01
-.1171830E-01
-.1151664E-01
-.1155601E-01
-.1255492E-01
-.1186142E-01
-.1195589E-01
-.1211034E-01
-.1482630E-01
-.1599866E-01
-.1476132E-01
-.1294050E-01
-.1160210E-01
-.1223128E-01
-.1170482E-01
-.1194374E-01
-.1034568E-01
-.1018020E-01
-.9940276E-02
-.1012802E-01
-.9640808E-02
-.9812227E-02
-.9740446E-02
-.9906646E-02
-.5261780E-02
-.2791632E-02
-.6576454E-03
.1093045E-02
.2238731E-02
.2786539E-02
.5203479E-02
.3258059E-02
.4053722E-02
.8095086E-02
.7679318E-02
.5203928E-02
.2791919E-02
.1357980E-02
.2224395E-02
-.5067688E-03
-.8454785E-03
-.1537296E-02
-.2757726E-02
-.7367206E-02
-.9458691E-02
-.8282279E-02
-.8712523E-02
-.8362855E-02
-.8504452E-02
-.8143819E-02
-.8246430E-02
-.7951982E-02
-.8008525E-02
-.7737708E-02
-.7775323E-02
-.7517774E-02
-.7546767E-02
-.7291106E-02
-.7312624E-02
-.7063046E-02
-.7121684E-02
-.6766749E-02
-.6798738E-02
-.6904528E-02
-.6687543E-02
-.2043926E-02
-.1216972E-02
.4904341E-03
.2912236E-02
.2709405E-02
.3673450E-02
.3135920E-02
.3558820E-02
.2981755E-02
.3472874E-02
.5990743E-02
.6103870E-02
.7944714E-02
.8896199E-02
.6987539E-02
.6673934E-02
.7613611E-02
.7446265E-02
.6421388E-02
.6518072E-02
.7785487E-02
.7238695E-02
.5192838E-02
.6365905E-02
.7539098E-02
.6862479E-02
.7147545E-02
.6798710E-02
.4995344E-02
.5196263E-02
.3334458E-02
.2512819E-02
.2079110E-02
.1719200E-02
.1171839E-03
-.5060756E-03
.6721710E-03
.1246591E-02
-.4148711E-03
-.1986844E-02
-.4901679E-02
-.5990004E-02
-.5317109E-02
-.5528027E-02
-.5215302E-02
-.5221175E-02
-.5208327E-02
-.5152265E-02
-.1992863E-02
-.7137528E-03
-.5719838E-03
.1219983E-02
.2019031E-02
.4678049E-03
-.2380476E-03
-.3359970E-02
-.4739440E-02
-.3930378E-02
-.4167503E-02
-.3875812E-02
-.3949177E-02
-.3631149E-02
-.3698218E-02
-.3402384E-02
-.3458223E-02
-.3165210E-02
-.3244168E-02
-.2869002E-02
-.2993887E-02
-.2870665E-02
-.2648753E-02
-.8290558E-04
-.1725929E-02
-.4730528E-03
.1732109E-02
.2536874E-02
.2503430E-02
.3187861E-02
.4044532E-02
.3996337E-02
.3848378E-02
.5500648E-02
.6900184E-02
.4838838E-02
.5908712E-02
.6501909E-02
.6859719E-02
.6209771E-02
.5218859E-02
.6456170E-02
.6113603E-02
.5485852E-02
.5823375E-02
.5545170E-02
.6075758E-02
.5813173E-02
.5888872E-02
.5273415E-02
.4599763E-02
.3151507E-02
.2804679E-02
.3367614E-02
.3030764E-02
.3151887E-02
.2533587E-02
.2926550E-02
.2575073E-02
.2824666E-02
.2532639E-02
.2772818E-02
.2509373E-02
.2608954E-02
.2503788E-02
.3533935E-02
.2917061E-02
.3342254E-02
.3992710E-02
.3633856E-02
.4068258E-02
.3854498E-02
.3716969E-02
.3985883E-02
.4031868E-02
.3885301E-02
.3806724E-02
.3725441E-02
.3531940E-02
.3472040E-02
.2835874E-02
.3338301E-02
.3412064E-02
.2655679E-02
.1864144E-02
.2264956E-02
.2557496E-02
.2340503E-02
.1612866E-02
.1319007E-02
.1614600E-02
.1380919E-02
.1054986E-02
.1195105E-02
.1473820E-02
.1287456E-02
.1361407E-02
.1010812E-02
.9827202E-03
.9378775E-03
.9744926E-03
.8759263E-03
.9338511E-03
.1078279E-02
.1139254E-02
.1054686E-02
.1595328E-02
.1524054E-02
.1417210E-02
.1898303E-02
.1993894E-02
.1354992E-02
.1643165E-02
.1815269E-02
.1658293E-02
.1375809E-02
.1232095E-02
.1038458E-02
.9360067E-03
.1090064E-02
.9146561E-03
.7776092E-03
.1006774E-02
.1185782E-02
.1001142E-02
.6646719E-03
.6342385E-03
.7787043E-03
.4353693E-03
.4222210E-03
.6073841E-03
.2487919E-03
.1348331E-03
.5081558E-04
.1090231E-03
.2245369E-04
-.3893226E-04
.7493067E-04
.9325869E-04
-.3676419E-04
-.7141706E-04
-.5380902E-04
-.7449667E-04
-.2152895E-03
-.2001237E-03
-.1280332E-03
-.3280976E-03
-.4363194E-03
-.3285980E-03
-.3267577E-03
-.6786028E-03
-.7418062E-03
-.3453447E-03
-.5430957E-03
-.6792434E-03
-.5731633E-03
-.5659673E-03
-.5493112E-03
-.5256441E-03
-.2476888E-03
-.2031869E-03
-.2138766E-03
-.1712050E-03
-.7457993E-04
-.2950622E-04
-.7800028E-04
-.1541229E-03
-.1896206E-03
-.1635499E-03
-.1080261E-03
-.1421822E-03
-.1868875E-03
-.1925800E-03
-.1983737E-03
-.1681679E-03
-.1741478E-03
-.1172392E-03
-.1079614E-03
-.1299985E-03
-.1528918E-03
-.1446737E-03
-.1173367E-03
-.1110692E-03
-.1135234E-03
-.1266346E-03
-.9409522E-04
-.7676036E-04
-.7541638E-04
-.7375348E-04
-.1218229E-03
-.1230678E-03
-.1359451E-03
-.1507404E-03
-.1680818E-03
-.1569604E-03
-.1696832E-03
-.1886920E-03
-.1952424E-03
-.2100405E-03
-.2238009E-03
-.2308099E-03
-.2637151E-03
-.2706147E-03
-.2795726E-03
-.2871992E-03
-.3131702E-03
-.3262679E-03
-.3343021E-03
-.3381101E-03
-.3639942E-03
-.3787506E-03
-.3782240E-03
-.3845009E-03
-.3932066E-03
-.3937768E-03
-.4039381E-03
-.4084082E-03
-.4118093E-03
-.4220695E-03
-.4258995E-03
-.4241715E-03
-.4197403E-03
-.4187807E-03
-.4210522E-03
-.4197144E-03
-.4234979E-03
-.4244082E-03
-.4269237E-03
-.4289439E-03
-.4320676E-03
-.4353677E-03
-.4382308E-03
-.4401510E-03
-.4420440E-03
-.4443629E-03
-.4482590E-03
-.4506740E-03
-.4533420E-03
-.4562073E-03
-.4587330E-03
-.4605711E-03
-.4629289E-03
-.4647919E-03
-.4668111E-03
-.4683227E-03
-.4702754E-03
-.4717963E-03
-.4734920E-03
-.4750023E-03
-.4766020E-03
-.4779778E-03
-.4794635E-03
-.4807363E-03
-.4820605E-03
-.4832452E-03
-.4844334E-03
-.4855073E-03
-.4865684E-03
-.4875358E-03
-.4884705E-03
-.4893301E-03
-.4901451E-03
-.4908970E-03
-.4915955E-03
-.4922368E-03
