.2113082E-02
.2108816E-02
.2104611E-02
.2100446E-02
.2096350E-02
.2092310E-02
.2088334E-02
.2084417E-02
.2080573E-02
.2076785E-02
.2073106E-02
.2069483E-02
.2065829E-02
.2062039E-02
.2058175E-02
.2054586E-02
.2051391E-02
.2048356E-02
.2045047E-02
.2041263E-02
.2037126E-02
.2033193E-02
.2030176E-02
.2028303E-02
.2027332E-02
.2026908E-02
.2026838E-02
.2026659E-02
.2023997E-02
.2018118E-02
.2011142E-02
.2003918E-02
.1995517E-02
.1987555E-02
.1982035E-02
.1983739E-02
.1993733E-02
.2010248E-02
.2022558E-02
.2023533E-02
.2016961E-02
.2010889E-02
.2008617E-02
.2009253E-02
.2011452E-02
.2014004E-02
.2013201E-02
.2000604E-02
.1969116E-02
.1922194E-02
.1892566E-02
.1883994E-02
.1879435E-02
.1876384E-02
.1884101E-02
.1904433E-02
.1941224E-02
.2007751E-02
.2077724E-02
.2113769E-02
.2116197E-02
.2102954E-02
.2055009E-02
.1976823E-02
.1888666E-02
.1767183E-02
.1623734E-02
.1535909E-02
.1540546E-02
.1646975E-02
.1813915E-02
.1987709E-02
.2078504E-02
.2075677E-02
.2011381E-02
.1962103E-02
.1955746E-02
.1995086E-02
.2054235E-02
.2127925E-02
.2192757E-02
.2216528E-02
.2128721E-02
.1959960E-02
.1766384E-02
.1637855E-02
.1606030E-02
.1596055E-02
.1541597E-02
.1434229E-02
.1372009E-02
.1427508E-02
.1601101E-02
.1788349E-02
.1879128E-02
.1841855E-02
.1719506E-02
.1634699E-02
.1629040E-02
.1679843E-02
.1743604E-02
.1812352E-02
.1834589E-02
.1822390E-02
.1864330E-02
.1924714E-02
.1918908E-02
.1943343E-02
.2046692E-02
.2087054E-02
.2040430E-02
.1995926E-02
.1974562E-02
.1930289E-02
.1760053E-02
.1498471E-02
.1265599E-02
.1261662E-02
.1474209E-02
.1775098E-02
.2008533E-02
.2094366E-02
.2060408E-02
.1924238E-02
.1638695E-02
.1371548E-02
.1345405E-02
.1530819E-02
.1790548E-02
.1867021E-02
.1859539E-02
.2084480E-02
.2440316E-02
.2670186E-02
.2677945E-02
.2492573E-02
.2094924E-02
.1635814E-02
.1314550E-02
.1493397E-02
.2048081E-02
.2744012E-02
.3169400E-02
.3143960E-02
.2742147E-02
.2046496E-02
.1021991E-02
-.3856365E-04
-.8093017E-03
-.9206913E-03
-.5364185E-03
.2318157E-03
.1104887E-02
.1884603E-02
.2454614E-02
.2846927E-02
.2894525E-02
.2564838E-02
.1925182E-02
.1173543E-02
.5341592E-03
.2636364E-03
.3605357E-03
.8114454E-03
.1422531E-02
.2035087E-02
.2524575E-02
.2614934E-02
.2024452E-02
.1245404E-02
.7066496E-03
.5331601E-03
.7155735E-03
.1300465E-02
.1865742E-02
.2173596E-02
.2213503E-02
.2088184E-02
.1810679E-02
.1359767E-02
.6728504E-03
-.3163324E-03
-.1113622E-02
-.1121428E-02
-.5600466E-03
.3927430E-04
.3304416E-03
.4964857E-03
.8340063E-03
.1600021E-02
.2741298E-02
.3702710E-02
.4058113E-02
.3406210E-02
.2144955E-02
.8786725E-03
.2592427E-03
.2910381E-03
.1025932E-02
.1967717E-02
.2684175E-02
.2985214E-02
.2896912E-02
.2353476E-02
.1777710E-02
.1463161E-02
.1014115E-02
.1656921E-03
-.9048570E-03
-.1794531E-02
-.2301831E-02
-.2313074E-02
-.1851208E-02
-.6256498E-03
.8235807E-03
.1788593E-02
.1853178E-02
.1512604E-02
.1754349E-02
.2921481E-02
.4866928E-02
.6468938E-02
.6975757E-02
.5637395E-02
.3265946E-02
.1010675E-02
-.4294490E-03
-.1251304E-02
-.1224972E-02
-.7278958E-03
-.3465864E-03
-.3191438E-03
-.4004880E-03
-.2608721E-03
.2227941E-05
.1196972E-03
.3573115E-03
.1054292E-02
.2304286E-02
.3590016E-02
.4218103E-02
.3719060E-02
.2281873E-02
.1155997E-02
.6270255E-03
.1192430E-03
-.6360394E-03
-.1463374E-02
-.2281549E-02
-.2876947E-02
-.2789822E-02
-.1778179E-02
.3320048E-05
.2116634E-02
.3902937E-02
.4336795E-02
.3776735E-02
.2858419E-02
.2173361E-02
.1920281E-02
.2233615E-02
.2633461E-02
.2728922E-02
.2574984E-02
.2314376E-02
.1455566E-02
.3022203E-03
-.3724151E-03
-.1324231E-03
.6867173E-03
.1744598E-02
.2567721E-02
.2817164E-02
.3034506E-02
.3662148E-02
.4620600E-02
.5195650E-02
.4388484E-02
.2049978E-02
-.1307187E-02
-.4893972E-02
-.7713435E-02
-.8891052E-02
-.7580665E-02
-.4569736E-02
-.1506461E-02
.8016703E-03
.2446869E-02
.4228946E-02
.6337991E-02
.7888892E-02
.8337579E-02
.7840235E-02
.7094072E-02
.6329078E-02
.4917405E-02
.2475113E-02
-.8481990E-03
-.3581553E-02
-.4640579E-02
-.3603013E-02
-.1638766E-02
.3222318E-03
.7898464E-03
-.7848055E-03
-.3278153E-02
-.5504237E-02
-.6636589E-02
-.6717455E-02
-.6061843E-02
-.4092485E-02
-.9030244E-03
.2228154E-02
.3994546E-02
.3794395E-02
.2422076E-02
.5231652E-03
-.1091873E-02
-.1574195E-02
-.3965497E-03
.1332159E-02
.2894588E-02
.4477294E-02
.6457782E-02
.8917156E-02
.1048882E-01
.1013943E-01
.7536012E-02
.3421768E-02
-.9178200E-03
-.4209165E-02
-.6158603E-02
-.7074623E-02
-.7543386E-02
-.7727315E-02
-.7352273E-02
-.6127362E-02
-.4076549E-02
-.1879331E-02
-.2899890E-03
.3544856E-03
.2885655E-03
.4432786E-03
.9105581E-03
.9742793E-03
.7750236E-03
.1009618E-02
.2035818E-02
.3474987E-02
.4604041E-02
.5243465E-02
.5614085E-02
.6189063E-02
.7014763E-02
.7453340E-02
.7391526E-02
.7094356E-02
.6340298E-02
.4740339E-02
.1897741E-02
-.1577100E-02
-.4924206E-02
-.8080797E-02
-.1099317E-01
-.1302534E-01
-.1396225E-01
-.1375591E-01
-.1326709E-01
-.1264488E-01
-.1093756E-01
-.7158062E-02
-.7536453E-03
.6161083E-02
.1180368E-01
.1361501E-01
.1212818E-01
.9177826E-02
.6386663E-02
.4299346E-02
.2832158E-02
.1743595E-02
.1076531E-02
.6158399E-03
.2017814E-03
-.1953719E-03
-.7833765E-03
-.2076545E-02
-.4008737E-02
-.6388916E-02
-.8951068E-02
-.1137839E-01
-.1316188E-01
-.1326727E-01
-.1128916E-01
-.7504334E-02
-.2933375E-02
.8210456E-03
.2754498E-02
.2472393E-02
.1419042E-02
.3772225E-03
-.9172432E-03
-.2316978E-02
-.3162820E-02
-.2624277E-02
-.4110602E-03
.2788358E-02
.5709337E-02
.7262013E-02
.6734857E-02
.4142690E-02
-.3585863E-03
-.5315698E-02
-.8228584E-02
-.8076963E-02
-.6268657E-02
-.4141460E-02
-.2067692E-02
.2020329E-03
.2258673E-02
.3536323E-02
.3665250E-02
.2688720E-02
.7893389E-03
-.1679381E-02
-.4151946E-02
-.4638021E-02
-.3209155E-02
-.6315779E-03
.1127912E-02
.1168052E-02
.4749214E-03
.1290671E-03
.5154568E-03
.1034424E-02
.1110865E-02
.5872532E-03
.2411704E-03
.1426148E-02
.3772107E-02
.6207951E-02
.6686769E-02
.5198732E-02
.2984006E-02
.1378263E-02
.8792385E-03
.7969432E-03
.3179685E-03
-.9267183E-03
-.2340270E-02
-.3259564E-02
-.3118746E-02
-.1858148E-02
.4991216E-03
.2860701E-02
.4291442E-02
.3852580E-02
.1034178E-02
-.4545764E-02
-.9868519E-02
-.1213394E-01
-.1067134E-01
-.7736382E-02
-.6748594E-02
-.8639936E-02
-.1266110E-01
-.1536798E-01
-.1473092E-01
-.1035233E-01
-.4572685E-02
.4594594E-03
.1851513E-02
.1851726E-03
-.2460326E-02
-.3732295E-02
-.2497656E-02
.3353856E-03
.3767470E-02
.6351184E-02
.6699452E-02
.2346189E-02
-.6204902E-02
-.1566437E-01
-.2064770E-01
-.2088845E-01
-.1958208E-01
-.2212626E-01
-.3092184E-01
-.4044583E-01
-.4528717E-01
-.4239936E-01
-.3108998E-01
-.1553126E-01
-.3111594E-02
.3281843E-02
.5973098E-02
.1005142E-01
.1709668E-01
.2340617E-01
.2327567E-01
.1606683E-01
.7164864E-02
.2530262E-02
.1895980E-02
.3593582E-02
.5073858E-02
.4749552E-02
-.3795546E-04
-.1036964E-01
-.2172839E-01
-.2708226E-01
-.2629765E-01
-.2177449E-01
-.1517959E-01
-.6219278E-02
.2803395E-02
.8030646E-02
.7692694E-02
.3612522E-02
-.6738201E-03
-.3729896E-02
-.5358617E-02
-.5313980E-02
-.3497571E-02
-.1042177E-02
.6182519E-04
-.2661956E-02
-.8095737E-02
-.1444705E-01
-.2255555E-01
-.3098050E-01
-.3352268E-01
-.2661514E-01
-.1429044E-01
-.5515317E-02
-.7425808E-02
-.1549164E-01
-.2279057E-01
-.2633564E-01
-.2632653E-01
-.2323469E-01
-.1823278E-01
-.1235811E-01
-.9066542E-02
-.8561190E-02
-.9094696E-02
-.9226464E-02
-.9186102E-02
-.1002449E-01
-.1246726E-01
-.1696560E-01
-.2234288E-01
-.2726093E-01
-.3047409E-01
-.3284658E-01
-.3538626E-01
-.3548538E-01
-.3205813E-01
-.2456479E-01
-.1012816E-01
.7930654E-02
.2495766E-01
.2974900E-01
.2182686E-01
.1011187E-01
.1773172E-02
-.1774788E-02
-.1333992E-02
.2763748E-03
-.5311029E-03
-.8565706E-02
-.2380329E-01
-.3634079E-01
-.3974155E-01
-.3530881E-01
-.2459985E-01
-.5061684E-02
.1903559E-01
.4016364E-01
.5257697E-01
.4690791E-01
.2063943E-01
-.4452909E-02
-.1303176E-01
-.9630779E-02
-.5306206E-02
-.6410713E-02
-.1096710E-01
-.1658880E-01
-.2188469E-01
-.2546350E-01
-.2726016E-01
-.2786503E-01
-.2624790E-01
-.1991823E-01
-.1109679E-01
-.4074763E-02
-.7320704E-03
.1298566E-02
.3331704E-02
.3183353E-02
-.1945792E-02
-.9333929E-02
-.1558667E-01
-.1891622E-01
-.2086391E-01
-.2311300E-01
-.2495213E-01
-.2473684E-01
-.1834826E-01
-.8159384E-02
.7983284E-03
.5717396E-02
.6264073E-02
.1477686E-02
-.8390166E-02
-.1921031E-01
-.2593053E-01
-.2649611E-01
-.2507442E-01
-.2496078E-01
-.2883888E-01
-.3360432E-01
-.3494523E-01
-.3116329E-01
-.1986724E-01
-.4265161E-02
.1036719E-01
.1593240E-01
.1129548E-01
.4437302E-02
.6617828E-03
-.3679702E-03
-.7159355E-03
-.7411900E-04
.1313896E-02
.2707995E-02
.2761690E-02
.4821552E-03
-.1165222E-02
-.1330423E-02
-.3019348E-02
-.8162007E-02
-.1556430E-01
-.1953284E-01
-.1639854E-01
-.7758897E-02
.1074705E-02
.8562431E-02
.1672713E-01
.2729896E-01
.3714725E-01
.4039986E-01
.3728022E-01
.3222191E-01
.2797553E-01
.2514922E-01
.2329437E-01
.2229554E-01
.2314059E-01
.2475611E-01
.2319545E-01
.1275062E-01
-.5386979E-02
-.2378065E-01
-.3835111E-01
-.4450873E-01
-.4186785E-01
-.3465746E-01
-.2662206E-01
-.1879918E-01
-.1350809E-01
-.1248468E-01
-.1427592E-01
-.1457306E-01
-.1241588E-01
-.9050276E-02
-.5681479E-02
-.2052718E-02
.4908697E-02
.1663082E-01
.2897025E-01
.3646398E-01
.3417746E-01
.2219896E-01
.5469222E-02
-.9578245E-02
-.1790579E-01
-.1948019E-01
-.1783464E-01
-.1597899E-01
-.1307576E-01
-.9119618E-02
-.6464717E-02
-.5826917E-02
-.7117387E-02
-.1019027E-01
-.1537983E-01
-.2347157E-01
-.3033569E-01
-.3031591E-01
-.2362940E-01
-.1589706E-01
-.1041347E-01
-.6328363E-02
-.2662266E-02
-.5721812E-03
-.2286068E-02
-.5584793E-02
-.7009433E-02
-.1602979E-02
.1064849E-01
.2286900E-01
.2775167E-01
.2156703E-01
.8698044E-02
-.1347150E-02
-.4663844E-02
-.1989085E-02
.1682386E-02
.3434161E-02
.2227970E-02
-.1912872E-02
-.1081717E-01
-.2547017E-01
-.4128611E-01
-.5193836E-01
-.5360583E-01
-.4685678E-01
-.3423380E-01
-.1704255E-01
.1402631E-02
.1753277E-01
.2344619E-01
.1771039E-01
.8002634E-02
.2690055E-02
.1510944E-02
-.4793014E-03
-.4612659E-02
-.8632595E-02
-.1048904E-01
-.1167349E-01
-.1542417E-01
-.2069343E-01
-.2423234E-01
-.2387774E-01
-.2223176E-01
-.2223906E-01
-.2499308E-01
-.2911972E-01
-.3271248E-01
-.3468935E-01
-.3487152E-01
-.3176219E-01
-.2543856E-01
-.1527511E-01
-.4647378E-02
.3737469E-02
.8346045E-02
.1066649E-01
.1069941E-01
.9117052E-02
.5898718E-02
.3233823E-02
.3048323E-02
.5553449E-02
.7837018E-02
.6379938E-02
-.1794521E-03
-.1109587E-01
-.2295002E-01
-.3118693E-01
-.3493297E-01
-.3550882E-01
-.3533124E-01
-.3529429E-01
-.3511415E-01
-.3446491E-01
-.3384581E-01
-.3306019E-01
-.3132396E-01
-.2703009E-01
-.2010210E-01
-.9695023E-02
.2283161E-02
.1309377E-01
.2290923E-01
.3229206E-01
.3839923E-01
.3809696E-01
.3340919E-01
.2719085E-01
.2064394E-01
.1360700E-01
.6536740E-02
.1514928E-03
-.4799093E-02
-.6966216E-02
-.6409890E-02
-.4286666E-02
-.2020603E-02
-.2622213E-03
-.1090013E-02
-.5646301E-02
-.1448586E-01
-.2618676E-01
-.3591647E-01
-.4074597E-01
-.4138235E-01
-.4168153E-01
-.4316080E-01
-.4577868E-01
-.4744523E-01
-.4467491E-01
-.3503613E-01
-.1781643E-01
.3252769E-03
.1116519E-01
.1408948E-01
.1323758E-01
.1197678E-01
.9905703E-02
.4822753E-02
-.2628118E-02
-.1099581E-01
-.1881544E-01
-.2381546E-01
-.2617071E-01
-.2735268E-01
-.2831143E-01
-.2892347E-01
-.2910253E-01
-.2960184E-01
-.3121428E-01
-.3475537E-01
-.3927245E-01
-.4333955E-01
-.4579698E-01
-.4604770E-01
-.4310274E-01
-.3745894E-01
-.2915940E-01
-.1863038E-01
-.6931319E-02
.4500719E-02
.1572601E-01
.2578380E-01
.3134736E-01
.3110127E-01
.2758224E-01
.2212966E-01
.1453694E-01
.5680420E-02
-.1930291E-03
-.1611122E-02
.7902959E-03
.5781617E-02
.1259764E-01
.1927495E-01
.2439406E-01
.2729510E-01
.2681271E-01
.2412386E-01
.2177704E-01
.2236008E-01
.2345695E-01
.2170375E-01
.1559643E-01
.5236684E-02
-.6243995E-02
-.1622542E-01
-.2171658E-01
-.2061049E-01
-.1645535E-01
-.8184795E-02
.5255477E-02
.1952815E-01
.3043266E-01
.3505408E-01
.3063218E-01
.1701345E-01
-.4520044E-02
-.2486616E-01
-.4055938E-01
-.4995284E-01
-.5297773E-01
-.5350595E-01
-.5296991E-01
-.5171133E-01
-.5064291E-01
-.5060391E-01
-.5175538E-01
-.5317316E-01
-.5312099E-01
-.4918122E-01
-.4212097E-01
-.3418373E-01
-.2904740E-01
-.2920749E-01
-.3242545E-01
-.3622123E-01
-.3698832E-01
-.3472841E-01
-.3113282E-01
-.2826032E-01
-.2689425E-01
-.2551350E-01
-.2288704E-01
-.1890211E-01
-.1428761E-01
-.9136202E-02
-.2916861E-02
.4913592E-02
.1230625E-01
.1788448E-01
.1963824E-01
.1806187E-01
.1583664E-01
.1593611E-01
.1873627E-01
.2214224E-01
.2367599E-01
.2075325E-01
.1451251E-01
.7277857E-02
.5447109E-03
-.5797446E-02
-.1261882E-01
-.2146488E-01
-.3201646E-01
-.4332702E-01
-.5567171E-01
-.6923366E-01
-.8324297E-01
-.9646046E-01
-.1062525E+00
-.1124342E+00
-.1181725E+00
-.1253312E+00
-.1335432E+00
-.1390583E+00
-.1409819E+00
-.1415030E+00
-.1418461E+00
-.1411418E+00
-.1379281E+00
-.1329593E+00
-.1294148E+00
-.1287386E+00
-.1314878E+00
-.1330111E+00
-.1305341E+00
-.1229472E+00
-.1063495E+00
-.8097053E-01
-.4381584E-01
.1699517E-01
.8102627E-01
.1188303E+00
.1356804E+00
.1423525E+00
.1473889E+00
.1516229E+00
.1513136E+00
.1449339E+00
.1350352E+00
.1271809E+00
.1243115E+00
.1267204E+00
.1314039E+00
.1359905E+00
.1387041E+00
.1399096E+00
.1390488E+00
.1361882E+00
.1313266E+00
.1229246E+00
.1117047E+00
.1007082E+00
.9048872E-01
.8032644E-01
.7048155E-01
.6209426E-01
.5352520E-01
.4242611E-01
.2849996E-01
.1501952E-01
.5240842E-02
-.3316148E-03
-.3287554E-02
-.5353052E-02
-.6788384E-02
-.7753339E-02
-.8820241E-02
-.1033685E-01
-.1102081E-01
-.8049734E-02
-.9011346E-03
.1224964E-01
.2816823E-01
.3923377E-01
.4407732E-01
.4879392E-01
.5866750E-01
.7418885E-01
.8870195E-01
.9630713E-01
.1003564E+00
.1060175E+00
.1145309E+00
.1251175E+00
.1337216E+00
.1335204E+00
.1209133E+00
.1011166E+00
.8687276E-01
.8464271E-01
.8960099E-01
.9178408E-01
.8652835E-01
.7302486E-01
.5475539E-01
.4066691E-01
.3764529E-01
.4332346E-01
.5287841E-01
.6075633E-01
.6300727E-01
.6163938E-01
.6120971E-01
.6253763E-01
.6580942E-01
.6944122E-01
.7191822E-01
.7220612E-01
.7037996E-01
.6732842E-01
.6534276E-01
.6625843E-01
.6929343E-01
.7243137E-01
.7355499E-01
.7277293E-01
.7103560E-01
.6903746E-01
.6697996E-01
.6587636E-01
.6614106E-01
.6775183E-01
.6895922E-01
.6881394E-01
.6761764E-01
.6745719E-01
.6964435E-01
.7102072E-01
.6944990E-01
.6565297E-01
.6202645E-01
.5953676E-01
.5716706E-01
.5395905E-01
.5007584E-01
.4709647E-01
.4522936E-01
.4297970E-01
.3946421E-01
.3510141E-01
.3109626E-01
.2827015E-01
.2672542E-01
.2529447E-01
.2324178E-01
.2019235E-01
.1618269E-01
.1124328E-01
.6807088E-02
.3371103E-02
-.1495051E-03
-.3641316E-02
-.6108933E-02
-.6425062E-02
-.5428380E-02
-.4253459E-02
-.3968296E-02
-.4910149E-02
-.7059238E-02
-.8974719E-02
-.9432226E-02
-.1097061E-01
-.1451431E-01
-.1597257E-01
-.1489826E-01
-.1369289E-01
-.1462832E-01
-.1664731E-01
-.1662779E-01
-.1403797E-01
-.1015214E-01
-.8247043E-02
-.8540691E-02
-.7700975E-02
-.4342981E-02
.5738927E-03
.5621497E-02
.7531880E-02
.6803203E-02
.6578026E-02
.8733960E-02
.1283872E-01
.1839515E-01
.2480824E-01
.3100708E-01
.3443965E-01
.3284999E-01
.2878306E-01
.2749306E-01
.3346455E-01
.4112561E-01
.4128325E-01
.4300999E-01
.4787552E-01
.4558112E-01
.3934466E-01
.3659499E-01
.3710310E-01
.3757015E-01
.3718154E-01
.3764461E-01
.3914477E-01
.3773327E-01
.3381827E-01
.3051286E-01
.2774198E-01
.2331589E-01
.1959207E-01
.1652098E-01
.1091006E-01
.5399820E-02
-.4588001E-03
-.4182456E-02
-.1645283E-02
.4723929E-02
.7052391E-02
.2817164E-02
-.5627875E-03
.1701684E-02
.1085170E-01
.2173590E-01
.2579465E-01
.2365533E-01
.2253281E-01
.2309421E-01
.2104391E-01
.1838012E-01
.1653032E-01
.8978895E-02
-.1034048E-02
-.5022997E-02
-.5177123E-02
-.7446251E-02
-.9327308E-02
-.7265610E-02
-.8158674E-02
-.1462941E-01
-.2226873E-01
-.2299435E-01
-.1802615E-01
-.1475489E-01
-.1580948E-01
-.1887378E-01
-.2173797E-01
-.2488916E-01
-.3008752E-01
-.3718978E-01
-.4456001E-01
-.5376831E-01
-.6535141E-01
-.7703801E-01
-.8705278E-01
-.9572820E-01
-.1042666E+00
-.1136737E+00
-.1230451E+00
-.1318498E+00
-.1411099E+00
-.1479083E+00
-.1499328E+00
-.1493607E+00
-.1481744E+00
-.1470035E+00
-.1457010E+00
-.1450241E+00
-.1458584E+00
-.1490178E+00
-.1533672E+00
-.1580601E+00
-.1650395E+00
-.1748290E+00
-.1862632E+00
-.1984603E+00
-.2110804E+00
-.2239844E+00
-.2371623E+00
-.2511342E+00
-.2644982E+00
-.2751443E+00
-.2825498E+00
-.2883177E+00
-.2935275E+00
-.2974451E+00
-.2991201E+00
-.2982049E+00
-.2957684E+00
-.2930441E+00
-.2914945E+00
-.2945904E+00
-.2997957E+00
-.2982221E+00
-.2867600E+00
-.2736043E+00
-.2652142E+00
-.2609941E+00
-.2499191E+00
-.2296002E+00
-.2081686E+00
-.1869626E+00
-.1638648E+00
-.1386143E+00
-.1131527E+00
-.8846900E-01
-.7004237E-01
-.5851137E-01
-.4687302E-01
-.3200626E-01
-.1524643E-01
-.1879209E-02
.7826135E-02
.1743446E-01
.2816545E-01
.3701644E-01
.4325861E-01
.4691019E-01
.4988743E-01
.5434451E-01
.6087090E-01
.6851229E-01
.7434634E-01
.7731387E-01
.7537455E-01
.7121917E-01
.6905972E-01
.6975573E-01
.7263534E-01
.7886057E-01
.8705112E-01
.8810015E-01
.8121434E-01
.7470083E-01
.7424949E-01
.7954466E-01
.8436492E-01
.8504471E-01
.8028993E-01
.8090999E-01
.8981041E-01
.9453086E-01
.9242860E-01
.9110222E-01
.9465017E-01
.1008463E+00
.1046619E+00
.1053541E+00
.1057596E+00
.1091799E+00
.1166951E+00
.1240661E+00
.1292626E+00
.1355031E+00
.1442596E+00
.1544866E+00
.1649601E+00
.1756827E+00
.1864567E+00
.1982249E+00
.2123162E+00
.2262462E+00
.2380890E+00
.2497917E+00
.2630274E+00
.2758247E+00
.2841321E+00
.2888967E+00
.2935196E+00
.2997897E+00
.3096278E+00
.3181060E+00
.3222680E+00
.3253469E+00
.3304507E+00
.3367365E+00
.3408096E+00
.3401201E+00
.3349934E+00
.3281739E+00
.3217322E+00
.3155734E+00
.3072784E+00
.2969446E+00
.2851223E+00
.2681167E+00
.2425607E+00
.2138174E+00
.1883935E+00
.1728078E+00
.1502661E+00
.1246838E+00
.1037616E+00
.8523381E-01
.6680887E-01
.4598639E-01
.2524243E-01
.1166401E-01
.6612373E-02
.1888405E-02
-.8317142E-02
-.2305524E-01
-.3705175E-01
-.4644341E-01
-.5068552E-01
-.5314449E-01
-.5583451E-01
-.6063059E-01
-.6710991E-01
-.7353117E-01
-.8102219E-01
-.9010237E-01
-.9929176E-01
-.1061269E+00
-.1057432E+00
-.1013839E+00
-.1011238E+00
-.1064070E+00
-.1136975E+00
-.1193578E+00
-.1217736E+00
-.1198488E+00
-.1167516E+00
-.1121848E+00
-.1034114E+00
-.9017808E-01
-.7625515E-01
-.6865395E-01
-.6862778E-01
-.6975142E-01
-.6894472E-01
-.6508968E-01
-.6035053E-01
-.5848407E-01
-.5917055E-01
-.6012425E-01
-.5929903E-01
-.5698850E-01
-.5496498E-01
-.5759261E-01
-.6227672E-01
-.6375830E-01
-.5967778E-01
-.5344267E-01
-.5093952E-01
-.5239136E-01
-.5529412E-01
-.5780121E-01
-.5955900E-01
-.6022255E-01
-.5926418E-01
-.5675347E-01
-.5449326E-01
-.5348682E-01
-.5389235E-01
-.5507815E-01
-.5644837E-01
-.5691464E-01
-.5606390E-01
-.5386908E-01
-.5250667E-01
-.5333810E-01
-.5509753E-01
-.5604655E-01
-.5554022E-01
-.5521895E-01
-.5668918E-01
-.6109424E-01
-.6625813E-01
-.6921881E-01
-.6777765E-01
-.6299259E-01
-.5729462E-01
-.5245364E-01
-.4845555E-01
-.4385675E-01
-.3794152E-01
-.3054587E-01
-.2232684E-01
-.1395500E-01
-.6406437E-02
-.1150190E-02
.2834499E-02
.6870922E-02
.1100859E-01
.1461560E-01
.1760265E-01
.1957765E-01
.1932313E-01
.1860113E-01
.1963169E-01
.2202033E-01
.2419676E-01
.2482681E-01
.2398431E-01
.2225480E-01
.2121754E-01
.2140509E-01
.2190695E-01
.2149274E-01
.1925473E-01
.1618570E-01
.1345180E-01
.1127737E-01
.9492457E-02
.8089561E-02
.6472157E-02
.4378726E-02
.2026595E-02
-.7118278E-03
-.3985450E-02
-.7206436E-02
-.9715979E-02
-.1125275E-01
-.1235779E-01
-.1357926E-01
-.1510489E-01
-.1652771E-01
-.1743699E-01
-.1719997E-01
-.1573937E-01
-.1332006E-01
-.9784772E-02
-.4429382E-02
.2016436E-02
.8837170E-02
.1711765E-01
.2621052E-01
.3405713E-01
.4035054E-01
.4514256E-01
.4924823E-01
.5303363E-01
.5652430E-01
.5969645E-01
.6328785E-01
.6759698E-01
.7274445E-01
.7837060E-01
.8424644E-01
.8973410E-01
.9459711E-01
.9942720E-01
.1051071E+00
.1143552E+00
.1246596E+00
.1317352E+00
.1369969E+00
.1433364E+00
.1515370E+00
.1603611E+00
.1669001E+00
.1710016E+00
.1745863E+00
.1791313E+00
.1854536E+00
.1927127E+00
.2000605E+00
.2052113E+00
.2073585E+00
.2085948E+00
.2103989E+00
.2127806E+00
.2143846E+00
.2141742E+00
.2124007E+00
.2095236E+00
.2054283E+00
.1999065E+00
.1930188E+00
.1841670E+00
.1727138E+00
.1593727E+00
.1467905E+00
.1369289E+00
.1291039E+00
.1218120E+00
.1132079E+00
.1035713E+00
.9597148E-01
.9192089E-01
.9041724E-01
.8947846E-01
.8857579E-01
.8860559E-01
.9068110E-01
.9434960E-01
.9839234E-01
.1025566E+00
.1077690E+00
.1143781E+00
.1217664E+00
.1281121E+00
.1332086E+00
.1383666E+00
.1440787E+00
.1497392E+00
.1537288E+00
.1547149E+00
.1519368E+00
.1420332E+00
.1194842E+00
.8923312E-01
.6271655E-01
.4278771E-01
.2754208E-01
.1409036E-01
.2754898E-02
-.6910913E-02
-.1651635E-01
-.2970642E-01
-.4305103E-01
-.5215787E-01
-.5728322E-01
-.6177470E-01
-.6764844E-01
-.7595624E-01
-.8457635E-01
-.9116764E-01
-.9516602E-01
-.9728010E-01
-.9762361E-01
-.9607199E-01
-.9274920E-01
-.8621145E-01
-.7525201E-01
-.5946332E-01
-.3510950E-01
-.5861837E-02
.2141197E-01
.4668697E-01
.6664025E-01
.8212659E-01
.9693516E-01
.1106792E+00
.1191405E+00
.1232625E+00
.1250901E+00
.1245456E+00
.1215110E+00
.1161020E+00
.1090727E+00
.1004339E+00
.9075351E-01
.8152102E-01
.7320082E-01
.6345439E-01
.5061543E-01
.3847843E-01
.2744254E-01
.1515016E-01
.1067852E-02
-.1642650E-01
-.3315305E-01
-.4650279E-01
-.5943777E-01
-.7348139E-01
-.8711302E-01
-.9819034E-01
-.1058728E+00
-.1110379E+00
-.1143874E+00
-.1149194E+00
-.1129525E+00
-.1086507E+00
-.1018622E+00
-.9282929E-01
-.8234879E-01
-.6600157E-01
-.4805215E-01
-.3455919E-01
-.2393173E-01
-.1527656E-01
-.7208699E-02
.2651145E-03
.6462944E-02
.1104635E-01
.1440086E-01
.1649194E-01
.1740714E-01
.1696233E-01
.1517157E-01
.1222064E-01
.8094870E-02
.2911949E-02
-.2727584E-02
-.7387717E-02
-.1041399E-01
-.1206211E-01
-.1243189E-01
-.1166212E-01
-.9098006E-02
-.5620726E-02
-.2349039E-02
.7617150E-03
.4044789E-02
.6921417E-02
.8915505E-02
.1000677E-01
.1109527E-01
.1255085E-01
.1357168E-01
.1328947E-01
.1139711E-01
.8684263E-02
.5978340E-02
.3640961E-02
.1658475E-02
-.2473160E-03
-.3297930E-02
-.7546454E-02
-.1175800E-01
-.1493981E-01
-.1773505E-01
-.2168895E-01
-.2657842E-01
-.3167061E-01
-.3817402E-01
-.4522639E-01
-.5127294E-01
-.5717571E-01
-.6386776E-01
-.7113495E-01
-.7798749E-01
-.8415120E-01
-.9009412E-01
-.9693179E-01
-.1041981E+00
-.1103785E+00
-.1157882E+00
-.1214185E+00
-.1274379E+00
-.1323653E+00
-.1357300E+00
-.1384794E+00
-.1405747E+00
-.1413420E+00
-.1399185E+00
-.1362325E+00
-.1306747E+00
-.1235677E+00
-.1144783E+00
-.1042269E+00
-.9356046E-01
-.8385907E-01
-.7694744E-01
-.7173393E-01
-.6736320E-01
-.6379572E-01
-.6163816E-01
-.6053790E-01
-.5985889E-01
-.5974096E-01
-.6015681E-01
-.6081534E-01
-.6157620E-01
-.6227606E-01
-.6254543E-01
-.6205262E-01
-.6055580E-01
-.5887874E-01
-.5768394E-01
-.5744647E-01
-.5797597E-01
-.5906713E-01
-.6089294E-01
-.6350631E-01
-.6669016E-01
-.6977631E-01
-.7247062E-01
-.7532881E-01
-.7818770E-01
-.8032297E-01
-.8180542E-01
-.8294274E-01
-.8362224E-01
-.8363662E-01
-.8269166E-01
-.8061113E-01
-.7756630E-01
-.7287349E-01
-.6718314E-01
-.6164811E-01
-.5712601E-01
-.5465387E-01
-.5348929E-01
-.5282050E-01
-.5209331E-01
-.5165805E-01
-.5206272E-01
-.5330968E-01
-.5495984E-01
-.5643102E-01
-.5705839E-01
-.5729414E-01
-.5777610E-01
-.5846885E-01
-.5913552E-01
-.5978921E-01
-.6029250E-01
-.6047434E-01
-.6013258E-01
-.5924693E-01
-.5756619E-01
-.5617086E-01
-.5586138E-01
-.5567659E-01
-.5471077E-01
-.5284107E-01
-.5055874E-01
-.4803781E-01
-.4525922E-01
-.4217382E-01
-.3850241E-01
-.3442902E-01
-.3029092E-01
-.2647652E-01
-.2332344E-01
-.2129266E-01
-.2038264E-01
-.2141676E-01
-.2426314E-01
-.2817427E-01
-.3138237E-01
-.3419651E-01
-.3900480E-01
-.4501314E-01
-.5012118E-01
-.5351007E-01
-.5603103E-01
-.5835941E-01
-.5974064E-01
-.5959063E-01
-.5807906E-01
-.5577624E-01
-.5272777E-01
-.4901164E-01
-.4486914E-01
-.4156824E-01
-.3959299E-01
-.3924868E-01
-.4019027E-01
-.4246866E-01
-.4602735E-01
-.5030609E-01
-.5441535E-01
-.5802275E-01
-.6131100E-01
-.6448728E-01
-.6725562E-01
-.6912023E-01
-.7028122E-01
-.7109993E-01
-.7159389E-01
-.7193796E-01
-.7232205E-01
-.7279761E-01
-.7324684E-01
-.7348979E-01
-.7341003E-01
-.7288301E-01
-.7176642E-01
-.7022021E-01
-.6859836E-01
-.6634534E-01
-.6257946E-01
-.5754027E-01
-.5188433E-01
-.4703209E-01
-.4321064E-01
-.4011857E-01
-.3727463E-01
-.3468640E-01
-.3168848E-01
-.2780835E-01
-.2357631E-01
-.1973039E-01
-.1762799E-01
-.1745217E-01
-.1880002E-01
-.2177580E-01
-.2797698E-01
-.3874885E-01
-.5173718E-01
-.6314769E-01
-.7110192E-01
-.7546644E-01
-.7777421E-01
-.7835970E-01
-.7761729E-01
-.7610326E-01
-.7432051E-01
-.7239876E-01
-.7049669E-01
-.6913944E-01
-.6922426E-01
-.7013746E-01
-.7107794E-01
-.7216114E-01
-.7356456E-01
-.7488943E-01
-.7551619E-01
-.7527275E-01
-.7431434E-01
-.7275953E-01
-.7057363E-01
-.6712492E-01
-.6160257E-01
-.5484739E-01
-.4788075E-01
-.4242763E-01
-.3887111E-01
-.3840620E-01
-.4007390E-01
-.4292170E-01
-.4625178E-01
-.4964607E-01
-.5199120E-01
-.5268598E-01
-.5156165E-01
-.4932609E-01
-.4661659E-01
-.4309483E-01
-.3887843E-01
-.3451948E-01
-.3063840E-01
-.2776893E-01
-.2668507E-01
-.2707957E-01
-.2846611E-01
-.3028130E-01
-.3218268E-01
-.3384578E-01
-.3521876E-01
-.3599530E-01
-.3625445E-01
-.3624539E-01
-.3618872E-01
-.3605327E-01
-.3547389E-01
-.3421848E-01
-.3225631E-01
-.2965336E-01
-.2635105E-01
-.2199768E-01
-.1666624E-01
-.1092148E-01
-.5529443E-02
-.8770465E-03
.3082001E-02
.7204570E-02
.1201744E-01
.1703714E-01
.2238391E-01
.2839870E-01
.3455059E-01
.4067241E-01
.4730134E-01
.5475544E-01
.6292224E-01
.7012181E-01
.7561005E-01
.7874899E-01
.8010607E-01
.7942449E-01
.7558798E-01
.6832178E-01
.5661721E-01
.4218814E-01
.2773140E-01
.1088305E-01
-.4777139E-02
-.1915363E-01
-.3319319E-01
-.4374784E-01
-.5060500E-01
-.5433982E-01
-.5624893E-01
-.5624746E-01
-.5256289E-01
-.4552407E-01
-.3650977E-01
-.2598707E-01
-.1361987E-01
-.4894941E-03
.1240385E-01
.2389974E-01
.3378897E-01
.4139697E-01
.4755559E-01
.5228865E-01
.5520594E-01
.5634367E-01
.5618483E-01
.5479299E-01
.5171767E-01
.4725145E-01
.4208969E-01
.3711912E-01
.3156279E-01
.2387457E-01
.1379101E-01
.2980508E-02
-.7371918E-02
-.1743411E-01
-.2750565E-01
-.3637507E-01
-.4308544E-01
-.4743632E-01
-.5046627E-01
-.5242341E-01
-.5207935E-01
-.4947033E-01
-.4543589E-01
-.4030071E-01
-.3399287E-01
-.2794626E-01
-.2185932E-01
-.1365663E-01
-.4205408E-02
.6554869E-02
.1846003E-01
.2816635E-01
.3595185E-01
.4341776E-01
.5017506E-01
.5553625E-01
.5909361E-01
.6155866E-01
.6347872E-01
.6547559E-01
.6782587E-01
.7035908E-01
.7261210E-01
.7398884E-01
.7455478E-01
.7435686E-01
.7287009E-01
.6994877E-01
.6587063E-01
.6147689E-01
.5729671E-01
.5368833E-01
.5097883E-01
.4986681E-01
.5032845E-01
.5178211E-01
.5311449E-01
.5403003E-01
.5475461E-01
.5566608E-01
.5633391E-01
.5550307E-01
.5381927E-01
.5245519E-01
.5152261E-01
.5052970E-01
.4904116E-01
.4679181E-01
.4430685E-01
.4208255E-01
.4005031E-01
.3802747E-01
.3663945E-01
.3719545E-01
.3962098E-01
.4200278E-01
.4360808E-01
.4507655E-01
.4698944E-01
.4925286E-01
.5150390E-01
.5343659E-01
.5469784E-01
.5470578E-01
.5282519E-01
.4901505E-01
.4343133E-01
.3563790E-01
.2781305E-01
.2190304E-01
.1806320E-01
.1479886E-01
.1145622E-01
.8952280E-02
.8024764E-02
.8123419E-02
.8269264E-02
.8055101E-02
.7639900E-02
.7205750E-02
.6573439E-02
.5627591E-02
.4524850E-02
.3468761E-02
.2448491E-02
.1000435E-02
-.9044140E-03
-.2748950E-02
-.3889625E-02
-.4201899E-02
-.3896436E-02
-.3017559E-02
-.1339822E-02
.5340693E-03
.2057653E-02
.3527063E-02
.5307410E-02
.7395516E-02
.9854114E-02
.1289773E-01
.1613273E-01
.1917033E-01
.2175033E-01
.2335661E-01
.2346131E-01
.2293631E-01
.2241447E-01
.2169606E-01
.2055742E-01
.1897739E-01
.1683983E-01
.1407228E-01
.1067654E-01
.6605795E-02
.1828619E-02
-.2351227E-02
-.5531898E-02
-.8557457E-02
-.1140194E-01
-.1316126E-01
-.1349681E-01
-.1273821E-01
-.1002188E-01
-.5983414E-02
-.1969676E-02
.1528620E-02
.4746877E-02
.7440241E-02
.9693090E-02
.1162139E-01
.1340492E-01
.1516796E-01
.1707453E-01
.1904064E-01
.2076834E-01
.2192784E-01
.2213399E-01
.2065832E-01
.1771361E-01
.1424142E-01
.1050869E-01
.6073079E-02
.1606357E-02
-.2219172E-02
-.5272793E-02
-.7461135E-02
-.8774539E-02
-.9501474E-02
-.9596722E-02
-.8645281E-02
-.6872502E-02
-.4545965E-02
-.1801432E-02
.1303223E-02
.4705184E-02
.7804587E-02
.9935063E-02
.1011399E-01
.7836791E-02
.3452203E-02
-.2548063E-02
-.9963249E-02
-.1625162E-01
-.2094177E-01
-.2513153E-01
-.2869827E-01
-.3087309E-01
-.3127019E-01
-.2980774E-01
-.2625659E-01
-.2112830E-01
-.1473861E-01
-.8926442E-02
-.4368873E-02
-.6608314E-03
.3254924E-02
.8105512E-02
.1348980E-01
.1892599E-01
.2518587E-01
.3209356E-01
.3789085E-01
.4187915E-01
.4420991E-01
.4555545E-01
.4606109E-01
.4568722E-01
.4451947E-01
.4292516E-01
.4093431E-01
.3837754E-01
.3508675E-01
.3073469E-01
.2415135E-01
.1584474E-01
.7895570E-02
.2285537E-02
-.7014759E-03
-.8115307E-03
.2110786E-02
.7292392E-02
.1483586E-01
.2296459E-01
.2917113E-01
.3199704E-01
.3280457E-01
.3263368E-01
.3083272E-01
.2792911E-01
.2472662E-01
.2134195E-01
.1750361E-01
.1315034E-01
.8502808E-02
.3691871E-02
-.1274087E-02
-.5712292E-02
-.9526241E-02
-.1343894E-01
-.1780872E-01
-.2249810E-01
-.2741785E-01
-.3214305E-01
-.3579065E-01
-.3857201E-01
-.4086903E-01
-.4218739E-01
-.4225689E-01
-.4135974E-01
-.4011318E-01
-.3876927E-01
-.3786329E-01
-.3751272E-01
-.3779992E-01
-.3827654E-01
-.3841318E-01
-.3790582E-01
-.3695830E-01
-.3563531E-01
-.3420410E-01
-.3295199E-01
-.3200654E-01
-.3122736E-01
-.2989450E-01
-.2787392E-01
-.2524786E-01
-.2194481E-01
-.1793692E-01
-.1352691E-01
-.9286908E-02
-.6075131E-02
-.4008537E-02
-.3047177E-02
-.3176531E-02
-.4541473E-02
-.6869582E-02
-.9445760E-02
-.1169048E-01
-.1292699E-01
-.1319437E-01
-.1225424E-01
-.1031945E-01
-.7747875E-02
-.5309619E-02
-.3560651E-02
-.2858575E-02
-.3198409E-02
-.4289240E-02
-.5489111E-02
-.5711183E-02
-.5362635E-02
-.5410005E-02
-.6828936E-02
-.9756478E-02
-.1408337E-01
-.1844476E-01
-.2161562E-01
-.2219939E-01
-.2063543E-01
-.1678565E-01
-.1028675E-01
-.1423180E-02
.7900990E-02
.1638390E-01
.2354942E-01
.2958388E-01
.3422705E-01
.3716950E-01
.3826930E-01
.3828762E-01
.3810764E-01
.3862352E-01
.3990427E-01
.4154603E-01
.4311280E-01
.4468495E-01
.4655741E-01
.4816021E-01
.4862999E-01
.4802164E-01
.4664708E-01
.4435173E-01
.4257393E-01
.4243203E-01
.4357388E-01
.4547569E-01
.4830189E-01
.5211019E-01
.5695795E-01
.6194807E-01
.6649270E-01
.7035400E-01
.7330185E-01
.7502673E-01
.7621182E-01
.7716779E-01
.7706361E-01
.7553849E-01
.7222771E-01
.6746230E-01
.6194302E-01
.5689715E-01
.5232689E-01
.4755207E-01
.4242059E-01
.3719716E-01
.3202874E-01
.2703243E-01
.2220135E-01
.1729364E-01
.1264038E-01
.8752023E-02
.4599629E-02
-.5802879E-03
-.5999659E-02
-.1106840E-01
-.1596071E-01
-.2068422E-01
-.2502241E-01
-.2861282E-01
-.3095433E-01
-.3198076E-01
-.3221961E-01
-.3192009E-01
-.3094971E-01
-.2959114E-01
-.2814411E-01
-.2626558E-01
-.2395972E-01
-.2186903E-01
-.2019968E-01
-.1872663E-01
-.1683902E-01
-.1432170E-01
-.1079187E-01
-.6644812E-02
-.2498413E-02
.9938509E-03
.3349146E-02
.2940286E-02
-.1845345E-03
-.5227685E-02
-.1139575E-01
-.1797108E-01
-.2397782E-01
-.2918622E-01
-.3391195E-01
-.3841559E-01
-.4213478E-01
-.4387445E-01
-.4371359E-01
-.4256598E-01
-.4163177E-01
-.4067470E-01
-.3844056E-01
-.3561796E-01
-.3342626E-01
-.3187221E-01
-.3065074E-01
-.3006794E-01
-.3032058E-01
-.3136974E-01
-.3370187E-01
-.3732855E-01
-.4162870E-01
-.4631006E-01
-.5134488E-01
-.5600984E-01
-.6010201E-01
-.6383747E-01
-.6713582E-01
-.6969079E-01
-.7112155E-01
-.7174948E-01
-.7171719E-01
-.7031239E-01
-.6680244E-01
-.6052079E-01
-.5276051E-01
-.4401037E-01
-.3549126E-01
-.2840476E-01
-.2387841E-01
-.2216689E-01
-.2209313E-01
-.2283007E-01
-.2413770E-01
-.2610683E-01
-.2851515E-01
-.2987575E-01
-.2998159E-01
-.2920704E-01
-.2796908E-01
-.2632358E-01
-.2374351E-01
-.2033416E-01
-.1701667E-01
-.1367799E-01
-.9698853E-02
-.4620532E-02
.1062956E-02
.6244480E-02
.1057463E-01
.1424334E-01
.1753419E-01
.2023310E-01
.2136994E-01
.2137096E-01
.2109625E-01
.2097846E-01
.2097277E-01
.2108271E-01
.2099696E-01
.2036379E-01
.1900268E-01
.1672644E-01
.1271693E-01
.7538485E-02
.2274302E-02
-.2419587E-02
-.6269545E-02
-.8626248E-02
-.9525114E-02
-.9443747E-02
-.8885146E-02
-.8011963E-02
-.7009123E-02
-.5957586E-02
-.4895855E-02
-.4092811E-02
-.3694322E-02
-.3681502E-02
-.4112688E-02
-.5070356E-02
-.6827941E-02
-.9323036E-02
-.1215770E-01
-.1531835E-01
-.1886572E-01
-.2209209E-01
-.2412736E-01
-.2447289E-01
-.2301445E-01
-.1964784E-01
-.1453348E-01
-.8529041E-02
-.2255808E-02
.4442995E-02
.1171559E-01
.1839970E-01
.2413885E-01
.2914895E-01
.3323112E-01
.3575236E-01
.3764197E-01
.3945959E-01
.3988792E-01
.3828444E-01
.3482883E-01
.2951242E-01
.2240171E-01
.1351454E-01
.2780695E-02
-.8661723E-02
-.1747826E-01
-.2360545E-01
-.2826830E-01
-.3141808E-01
-.3249266E-01
-.3119702E-01
-.2843430E-01
-.2479551E-01
-.2112582E-01
-.1783299E-01
-.1551486E-01
-.1365208E-01
-.1141604E-01
-.8688842E-02
-.5807587E-02
-.2626481E-02
.7485096E-03
.3998037E-02
.6586190E-02
.8156416E-02
.8175466E-02
.7116642E-02
.5253945E-02
.2625461E-02
-.6819943E-03
-.4131603E-02
-.6749761E-02
-.7652313E-02
-.6531006E-02
-.4009382E-02
.4201482E-04
.4772549E-02
.8989399E-02
.1204584E-01
.1375573E-01
.1329123E-01
.1086155E-01
.7074465E-02
.3083194E-02
-.7302925E-03
-.4731614E-02
-.8331938E-02
-.1034808E-01
-.1077380E-01
-.1040839E-01
-.9847422E-02
-.9489658E-02
-.9518043E-02
-.9953401E-02
-.1096190E-01
-.1301241E-01
-.1528452E-01
-.1700203E-01
-.1873365E-01
-.2097488E-01
-.2345484E-01
-.2561694E-01
-.2729741E-01
-.2876730E-01
-.3009965E-01
-.3107586E-01
-.3139948E-01
-.3089351E-01
-.2940705E-01
-.2697073E-01
-.2356876E-01
-.1923578E-01
-.1409999E-01
-.9292978E-02
-.4998105E-02
-.6500066E-03
.3322220E-02
.6317958E-02
.8575834E-02
.1029090E-01
.1115024E-01
.1124187E-01
.1073851E-01
.1019446E-01
.9738914E-02
.8977876E-02
.7707525E-02
.6041580E-02
.3927127E-02
.1364642E-02
-.1493367E-02
-.4437531E-02
-.7289483E-02
-.9512888E-02
-.1084550E-01
-.1127325E-01
-.1096762E-01
-.9871867E-02
-.7801165E-02
-.5269275E-02
-.2880424E-02
-.3963381E-03
.2527207E-02
.5509764E-02
.8043171E-02
.9950633E-02
.1150192E-01
.1280985E-01
.1357178E-01
.1376061E-01
.1353740E-01
.1270792E-01
.1104074E-01
.8763302E-02
.5926384E-02
.2349784E-02
-.1059345E-02
-.3496788E-02
-.4653688E-02
-.4856093E-02
-.4061898E-02
-.2299027E-02
.3326307E-04
.2312856E-02
.4426032E-02
.6508970E-02
.8318856E-02
.9626847E-02
.9829673E-02
.8609553E-02
.5881054E-02
.2304684E-02
-.1557439E-02
-.5559769E-02
-.9144349E-02
-.1190940E-01
-.1404115E-01
-.1577679E-01
-.1707199E-01
-.1857299E-01
-.2066307E-01
-.2289971E-01
-.2532070E-01
-.2840204E-01
-.3144873E-01
-.3387024E-01
-.3572492E-01
-.3692896E-01
-.3737090E-01
-.3726991E-01
-.3672192E-01
-.3560527E-01
-.3410956E-01
-.3242797E-01
-.3013346E-01
-.2718471E-01
-.2418277E-01
-.2174253E-01
-.1993764E-01
-.1860800E-01
-.1749672E-01
-.1627867E-01
-.1472457E-01
-.1272086E-01
-.1053171E-01
-.8571993E-02
-.7260659E-02
-.6440014E-02
-.5907913E-02
-.5447078E-02
-.4931059E-02
-.4242653E-02
-.3237221E-02
-.1784754E-02
-.5419689E-03
-.1666802E-03
-.1113650E-02
-.3076029E-02
-.5683193E-02
-.9485509E-02
-.1393619E-01
-.1736542E-01
-.1986553E-01
-.2209969E-01
-.2347067E-01
-.2346393E-01
-.2209102E-01
-.2047735E-01
-.1913510E-01
-.1732127E-01
-.1468639E-01
-.1156804E-01
-.8759814E-02
-.6551090E-02
-.4642377E-02
-.2868631E-02
-.1390697E-02
-.4637400E-04
.1272399E-02
.2231671E-02
.2917996E-02
.3712092E-02
.4404825E-02
.4580357E-02
.3882213E-02
.2526735E-02
.8013340E-03
-.1549872E-02
-.4796285E-02
-.8335729E-02
-.1129157E-01
-.1304578E-01
-.1276995E-01
-.1077594E-01
-.8177786E-02
-.5590796E-02
-.2712434E-02
.9386856E-03
.5131449E-02
.8891551E-02
.1150650E-01
.1279664E-01
.1321886E-01
.1306075E-01
.1283736E-01
.1275474E-01
.1273392E-01
.1267685E-01
.1252713E-01
.1202968E-01
.1122939E-01
.1033841E-01
.9662488E-02
.9174799E-02
.8554120E-02
.7782916E-02
.7058412E-02
.6302328E-02
.5498666E-02
.4876995E-02
.4450698E-02
.4191137E-02
.4600071E-02
.5843619E-02
.7638175E-02
.9451114E-02
.1104772E-01
.1232487E-01
.1320399E-01
.1344332E-01
.1297694E-01
.1198434E-01
.1101953E-01
.1028291E-01
.9694954E-02
.9244367E-02
.8939086E-02
.8448502E-02
.7923121E-02
.7939484E-02
.8525771E-02
.9404288E-02
.1062888E-01
.1217371E-01
.1403250E-01
.1593039E-01
.1755205E-01
.1842938E-01
.1875722E-01
.1877870E-01
.1870749E-01
.1856112E-01
.1806679E-01
.1702791E-01
.1514837E-01
.1274731E-01
.1024340E-01
.7720293E-02
.5254838E-02
.3082548E-02
.1708387E-02
.1089996E-02
.1073263E-02
.1239158E-02
.1298976E-02
.1643324E-02
.2356872E-02
.2911924E-02
.3769315E-02
.5842091E-02
.8899060E-02
.1202803E-01
.1446681E-01
.1625015E-01
.1756069E-01
.1857525E-01
.1928166E-01
.1951949E-01
.1952565E-01
.1953915E-01
.1923855E-01
.1847117E-01
.1748864E-01
.1665723E-01
.1609378E-01
.1585133E-01
.1592849E-01
.1634660E-01
.1701926E-01
.1777764E-01
.1814651E-01
.1823887E-01
.1843285E-01
.1825572E-01
.1729084E-01
.1625167E-01
.1570456E-01
.1560752E-01
.1575680E-01
.1613016E-01
.1668812E-01
.1743754E-01
.1841073E-01
.1934137E-01
.2014736E-01
.2117011E-01
.2261334E-01
.2447294E-01
.2671055E-01
.2920302E-01
.3191643E-01
.3466283E-01
.3717075E-01
.3910714E-01
.4061255E-01
.4210910E-01
.4346119E-01
.4423933E-01
.4465575E-01
.4505292E-01
.4536395E-01
.4543829E-01
.4525253E-01
.4495347E-01
.4461009E-01
.4413680E-01
.4335373E-01
.4208924E-01
.4048150E-01
.3861630E-01
.3630294E-01
.3371600E-01
.3122660E-01
.2942438E-01
.2791300E-01
.2589325E-01
.2399271E-01
.2307768E-01
.2315847E-01
.2386147E-01
.2504568E-01
.2592218E-01
.2627065E-01
.2653818E-01
.2652118E-01
.2554552E-01
.2390381E-01
.2191212E-01
.1925656E-01
.1684979E-01
.1550544E-01
.1469918E-01
.1393376E-01
.1341721E-01
.1324590E-01
.1330025E-01
.1353096E-01
.1384235E-01
.1414387E-01
.1469459E-01
.1563032E-01
.1646991E-01
.1735679E-01
.1915282E-01
.2130928E-01
.2294719E-01
.2410436E-01
.2517098E-01
.2613057E-01
.2719618E-01
.2855620E-01
.3003092E-01
.3126140E-01
.3206171E-01
.3256155E-01
.3286909E-01
.3295323E-01
.3255602E-01
.3145818E-01
.3037302E-01
.2971881E-01
.2922663E-01
.2870405E-01
.2830119E-01
.2807911E-01
.2796561E-01
.2785991E-01
.2745183E-01
.2658435E-01
.2544973E-01
.2410749E-01
.2217945E-01
.2005074E-01
.1812933E-01
.1580065E-01
.1301046E-01
.1031480E-01
.8195510E-02
.6669947E-02
.5661341E-02
.5095569E-02
.4938424E-02
.5096292E-02
.5535609E-02
.6457718E-02
.7494751E-02
.8310649E-02
.9331210E-02
.1051193E-01
.1138086E-01
.1189137E-01
.1215114E-01
.1185074E-01
.1105938E-01
.1001150E-01
.8458162E-02
.6360684E-02
.4126409E-02
.2310868E-02
.1001831E-02
-.3941309E-03
-.2123743E-02
-.3916895E-02
-.5167407E-02
-.5796252E-02
-.6846398E-02
-.8327553E-02
-.9429604E-02
-.9939280E-02
-.1003583E-01
-.9833359E-02
-.9055577E-02
-.7409354E-02
-.4959706E-02
-.2383042E-02
-.2529001E-03
.1464229E-02
.3004363E-02
.3933979E-02
.4240171E-02
.4243659E-02
.4145916E-02
.3835060E-02
.3054164E-02
.2074107E-02
.1244648E-02
.4077848E-03
-.6157305E-03
-.1726978E-02
-.2750099E-02
-.3591627E-02
-.4060892E-02
-.4307905E-02
-.4572277E-02
-.4644303E-02
-.4324665E-02
-.4008407E-02
-.3746328E-02
-.3272597E-02
-.2928493E-02
-.2713340E-02
-.1939607E-02
-.7243645E-03
.4543535E-03
.1597326E-02
.2780354E-02
.3776345E-02
.4582786E-02
.5309734E-02
.6012245E-02
.6765895E-02
.7716352E-02
.8243578E-02
.7908810E-02
.7191574E-02
.6345220E-02
.4996424E-02
.3568495E-02
.2622774E-02
.2119999E-02
.2024117E-02
.2556812E-02
.3654805E-02
.5199023E-02
.6939524E-02
.8366315E-02
.9068346E-02
.9186778E-02
.8860567E-02
.7941681E-02
.6482059E-02
.4710446E-02
.3439060E-02
.2889429E-02
.2646319E-02
.2211551E-02
.1554804E-02
.1316454E-02
.1626407E-02
.1941411E-02
.2220204E-02
.2665248E-02
.2711773E-02
.2100624E-02
.1111564E-02
-.3335417E-03
-.2381885E-02
-.4493947E-02
-.6224043E-02
-.7511801E-02
-.8529241E-02
-.9358821E-02
-.9503941E-02
-.9077542E-02
-.8508000E-02
-.7572645E-02
-.6067159E-02
-.3837217E-02
-.1194098E-02
.1464801E-02
.3784018E-02
.5856854E-02
.8017839E-02
.9927603E-02
.1098163E-01
.1160707E-01
.1239064E-01
.1345811E-01
.1455100E-01
.1551938E-01
.1652938E-01
.1757011E-01
.1828365E-01
.1868650E-01
.1891224E-01
.1872794E-01
.1802344E-01
.1694546E-01
.1583627E-01
.1480513E-01
.1343896E-01
.1177173E-01
.1045728E-01
.9408409E-02
.8354970E-02
.8124309E-02
.8751517E-02
.9640679E-02
.1068685E-01
.1205770E-01
.1315515E-01
.1374832E-01
.1398156E-01
.1360503E-01
.1256636E-01
.1079002E-01
.8672221E-02
.6606583E-02
.4207031E-02
.1462807E-02
-.8625512E-03
-.2739641E-02
-.4616847E-02
-.6736111E-02
-.9076832E-02
-.1158919E-01
-.1425600E-01
-.1712184E-01
-.2016629E-01
-.2281203E-01
-.2438681E-01
-.2493888E-01
-.2501063E-01
-.2504312E-01
-.2534723E-01
-.2608018E-01
-.2713423E-01
-.2839487E-01
-.2989610E-01
-.3127131E-01
-.3224497E-01
-.3297085E-01
-.3345149E-01
-.3329705E-01
-.3267043E-01
-.3186810E-01
-.3042185E-01
-.2807280E-01
-.2508063E-01
-.2179037E-01
-.1832145E-01
-.1478635E-01
-.1134805E-01
-.8305419E-02
-.5694483E-02
-.3513810E-02
-.1587966E-02
.3299541E-03
.2707879E-02
.5428632E-02
.8049912E-02
.9870669E-02
.1090127E-01
.1127399E-01
.1119449E-01
.1073471E-01
.1008870E-01
.9424550E-02
.8989541E-02
.8857219E-02
.9021214E-02
.9387281E-02
.9746058E-02
.9789668E-02
.9547095E-02
.9119991E-02
.8568666E-02
.7843928E-02
.6846714E-02
.6054717E-02
.5821359E-02
.5842493E-02
.5869507E-02
.6010304E-02
.6282944E-02
.6564207E-02
.6556837E-02
.6170204E-02
.5483863E-02
.4693543E-02
.3946288E-02
.3522161E-02
.3469426E-02
.3905312E-02
.4756862E-02
.5881864E-02
.7178074E-02
.8583655E-02
.1009237E-01
.1131314E-01
.1190745E-01
.1150461E-01
.1011020E-01
.7927716E-02
.5141819E-02
.1967453E-02
-.6582999E-03
-.2612189E-02
-.4273115E-02
-.5418576E-02
-.5997819E-02
-.6426257E-02
-.6735875E-02
-.6628291E-02
-.6114745E-02
-.5425216E-02
-.4624529E-02
-.3934041E-02
-.3543767E-02
-.3489335E-02
-.3619545E-02
-.3720594E-02
-.3940172E-02
-.4441833E-02
-.4969760E-02
-.5350835E-02
-.5625448E-02
-.6180983E-02
-.7084617E-02
-.7374068E-02
-.6914860E-02
-.6156882E-02
-.5350115E-02
-.4446409E-02
-.3513584E-02
-.2523754E-02
-.1347650E-02
-.2972754E-03
.3948072E-03
.1152513E-02
.2010608E-02
.2454742E-02
.2366923E-02
.2006200E-02
.1661703E-02
.1391853E-02
.1129519E-02
.1012021E-02
.1213462E-02
.1839363E-02
.2887809E-02
.4641879E-02
.7069551E-02
.9764839E-02
.1164917E-01
.1285220E-01
.1408865E-01
.1529305E-01
.1603031E-01
.1613051E-01
.1582258E-01
.1547978E-01
.1528401E-01
.1519149E-01
.1514975E-01
.1523897E-01
.1573512E-01
.1646862E-01
.1711622E-01
.1743726E-01
.1740130E-01
.1678099E-01
.1531462E-01
.1298460E-01
.1004609E-01
.6635067E-02
.2720958E-02
-.8582582E-03
-.3761404E-02
-.6186468E-02
-.7966631E-02
-.8562629E-02
-.8148143E-02
-.7233475E-02
-.5681026E-02
-.3489125E-02
-.9457784E-03
.1195898E-02
.2686974E-02
.3285741E-02
.2968886E-02
.1678006E-02
-.4879914E-03
-.3199410E-02
-.6255789E-02
-.9301873E-02
-.1195379E-01
-.1415750E-01
-.1602060E-01
-.1751008E-01
-.1876029E-01
-.1984208E-01
-.2068638E-01
-.2118364E-01
-.2120934E-01
-.2104717E-01
-.2092814E-01
-.2048058E-01
-.1966312E-01
-.1902008E-01
-.1849673E-01
-.1777231E-01
-.1703098E-01
-.1643074E-01
-.1582824E-01
-.1536299E-01
-.1518164E-01
-.1492355E-01
-.1440684E-01
-.1380132E-01
-.1325709E-01
-.1279238E-01
-.1261348E-01
-.1277327E-01
-.1315580E-01
-.1370455E-01
-.1442433E-01
-.1519309E-01
-.1573914E-01
-.1558896E-01
-.1430416E-01
-.1189112E-01
-.8696930E-02
-.5242272E-02
-.2257364E-02
.1865050E-03
.2225325E-02
.3829446E-02
.4988931E-02
.5422447E-02
.5515188E-02
.5870979E-02
.6401630E-02
.6823227E-02
.7212135E-02
.7467294E-02
.7349598E-02
.7150338E-02
.7049630E-02
.6588266E-02
.5561818E-02
.4135096E-02
.2784192E-02
.1600290E-02
.1200674E-03
-.1739053E-02
-.3631770E-02
-.4831566E-02
-.5374317E-02
-.5960136E-02
-.6608571E-02
-.6820808E-02
-.6656056E-02
-.6408865E-02
-.6055695E-02
-.5690872E-02
-.5566092E-02
-.5946858E-02
-.6715060E-02
-.7647422E-02
-.8698623E-02
-.9953119E-02
-.1127312E-01
-.1241006E-01
-.1310695E-01
-.1332348E-01
-.1302272E-01
-.1255468E-01
-.1205118E-01
-.1090740E-01
-.9227353E-02
-.7567286E-02
-.5909884E-02
-.4017064E-02
-.1693145E-02
.6826396E-03
.2627197E-02
.4181075E-02
.5512217E-02
.6454006E-02
.6976130E-02
.7013036E-02
.7031013E-02
.7295244E-02
.7058837E-02
.6240141E-02
.5332442E-02
.4191571E-02
.2493544E-02
.5192690E-03
-.1340889E-02
-.2993525E-02
-.4688891E-02
-.6638692E-02
-.9065394E-02
-.1149728E-01
-.1335691E-01
-.1513074E-01
-.1721463E-01
-.1871173E-01
-.1924814E-01
-.1911898E-01
-.1860194E-01
-.1785702E-01
-.1699010E-01
-.1626066E-01
-.1594029E-01
-.1592641E-01
-.1605637E-01
-.1612344E-01
-.1612353E-01
-.1614205E-01
-.1594654E-01
-.1537250E-01
-.1477279E-01
-.1426687E-01
-.1368912E-01
-.1343719E-01
-.1387605E-01
-.1486673E-01
-.1609735E-01
-.1767019E-01
-.1957604E-01
-.2174717E-01
-.2447048E-01
-.2697588E-01
-.2819424E-01
-.2843750E-01
-.2818495E-01
-.2698644E-01
-.2471769E-01
-.2162354E-01
-.1797969E-01
-.1398691E-01
-.1082149E-01
-.8535561E-02
-.6589763E-02
-.4574736E-02
-.2552503E-02
-.6117499E-03
.1130798E-02
.2468198E-02
.3598967E-02
.4635491E-02
.4554937E-02
.3082351E-02
.3457088E-03
-.3046348E-02
-.6606585E-02
-.9677926E-02
-.1213916E-01
-.1422115E-01
-.1589805E-01
-.1672962E-01
-.1667988E-01
-.1613637E-01
-.1550440E-01
-.1504475E-01
-.1483804E-01
-.1474138E-01
-.1456450E-01
-.1398438E-01
-.1297913E-01
-.1170198E-01
-.1062972E-01
-.9829224E-02
-.8861175E-02
-.7693118E-02
-.6617214E-02
-.5313161E-02
-.3567524E-02
-.2265958E-02
-.1691961E-02
-.1609419E-02
-.1604994E-02
-.1505399E-02
-.1236854E-02
-.8599435E-03
-.3535734E-03
-.4464351E-04
-.1615602E-03
-.5750801E-03
-.1101349E-02
-.1683574E-02
-.2239533E-02
-.2746478E-02
-.3409426E-02
-.4254152E-02
-.5060422E-02
-.5541007E-02
-.5605522E-02
-.5113017E-02
-.4178086E-02
-.3159778E-02
-.2310349E-02
-.1677430E-02
-.1308601E-02
-.1449304E-02
-.2607843E-02
-.4736293E-02
-.7749618E-02
-.1115468E-01
-.1456757E-01
-.1781693E-01
-.2043357E-01
-.2211322E-01
-.2268524E-01
-.2234523E-01
-.2153492E-01
-.2034848E-01
-.1851394E-01
-.1648533E-01
-.1463695E-01
-.1285520E-01
-.1084386E-01
-.8556478E-02
-.6815967E-02
-.5958344E-02
-.6064037E-02
-.6506196E-02
-.6753451E-02
-.7340801E-02
-.8655093E-02
-.1069345E-01
-.1286352E-01
-.1463581E-01
-.1603208E-01
-.1729230E-01
-.1816903E-01
-.1858338E-01
-.1868828E-01
-.1887673E-01
-.1924598E-01
-.1961178E-01
-.1972210E-01
-.1944025E-01
-.1878195E-01
-.1786544E-01
-.1648902E-01
-.1460075E-01
-.1231043E-01
-.1002477E-01
-.8031083E-02
-.6822066E-02
-.6374905E-02
-.6809444E-02
-.7731623E-02
-.8639236E-02
-.8946014E-02
-.8751769E-02
-.8211359E-02
-.7634076E-02
-.7218372E-02
-.7143150E-02
-.7423535E-02
-.8291473E-02
-.9627085E-02
-.1109628E-01
-.1213034E-01
-.1273386E-01
-.1304711E-01
-.1290276E-01
-.1218487E-01
-.1133944E-01
-.1071361E-01
-.1043653E-01
-.1099102E-01
-.1253728E-01
-.1410380E-01
-.1519679E-01
-.1600337E-01
-.1658191E-01
-.1679673E-01
-.1661659E-01
-.1620228E-01
-.1558689E-01
-.1477248E-01
-.1387549E-01
-.1339231E-01
-.1341894E-01
-.1393624E-01
-.1447873E-01
-.1470525E-01
-.1454059E-01
-.1405530E-01
-.1320691E-01
-.1201337E-01
-.1054691E-01
-.8905090E-02
-.7091984E-02
-.5065532E-02
-.2961593E-02
-.9023393E-03
.1267138E-02
.3572128E-02
.5650676E-02
.7339234E-02
.8692472E-02
.9496255E-02
.9512217E-02
.8799428E-02
.7601022E-02
.6007507E-02
.4289508E-02
.2669156E-02
.1530199E-02
.8929008E-03
.6080125E-03
.3958482E-03
.1632154E-03
.1096085E-04
-.1415754E-03
-.4978538E-03
-.9736170E-03
-.1484800E-02
-.2342343E-02
-.3595909E-02
-.5097833E-02
-.6889143E-02
-.8866973E-02
-.1048523E-01
-.1156996E-01
-.1226998E-01
-.1292221E-01
-.1359735E-01
-.1393011E-01
-.1371267E-01
-.1298725E-01
-.1187309E-01
-.1035731E-01
-.8420723E-02
-.6470897E-02
-.4946764E-02
-.3855734E-02
-.3035025E-02
-.2290093E-02
-.1719835E-02
-.1749490E-02
-.2224926E-02
-.2761970E-02
-.3237204E-02
-.3784854E-02
-.4507645E-02
-.4820301E-02
-.4427256E-02
-.4512074E-02
-.5597559E-02
-.7101989E-02
-.8036489E-02
-.8189804E-02
-.8336060E-02
-.8759041E-02
-.8955865E-02
-.8954211E-02
-.9023921E-02
-.8678873E-02
-.7809606E-02
-.6991012E-02
-.6245765E-02
-.5106130E-02
-.3260237E-02
-.9665960E-03
.1276313E-02
.3595671E-02
.6413071E-02
.9349461E-02
.1205101E-01
.1465702E-01
.1706689E-01
.1895641E-01
.2058226E-01
.2212578E-01
.2306626E-01
.2333850E-01
.2310677E-01
.2297447E-01
.2323151E-01
.2332659E-01
.2311454E-01
.2317059E-01
.2332868E-01
.2312456E-01
.2249304E-01
.2157010E-01
.2036566E-01
.1918086E-01
.1825998E-01
.1768253E-01
.1737073E-01
.1724637E-01
.1696713E-01
.1620886E-01
.1491163E-01
.1314396E-01
.1083632E-01
.8552309E-02
.6672573E-02
.4591907E-02
.2233252E-02
.4709980E-03
-.7080019E-03
-.1876722E-02
-.3392437E-02
-.5202538E-02
-.7206635E-02
-.8874951E-02
-.9983947E-02
-.1126491E-01
-.1280965E-01
-.1372794E-01
-.1395872E-01
-.1395743E-01
-.1347462E-01
-.1229622E-01
-.1065561E-01
-.9001140E-02
-.7529303E-02
-.6347441E-02
-.5496233E-02
-.5067612E-02
-.4938408E-02
-.5079007E-02
-.5635039E-02
-.6632273E-02
-.8306729E-02
-.1023865E-01
-.1179293E-01
-.1279829E-01
-.1349542E-01
-.1374137E-01
-.1356323E-01
-.1312239E-01
-.1241277E-01
-.1136006E-01
-.1019379E-01
-.9021261E-02
-.7695656E-02
-.6191059E-02
-.4594749E-02
-.2890555E-02
-.1067216E-02
.8125320E-03
.2822437E-02
.5052926E-02
.6965269E-02
.8312747E-02
.9068677E-02
.9697177E-02
.1060562E-01
.1145797E-01
.1192271E-01
.1235490E-01
.1311442E-01
.1437631E-01
.1596566E-01
.1763657E-01
.1910458E-01
.2031478E-01
.2120841E-01
.2202547E-01
.2294436E-01
.2378754E-01
.2431836E-01
.2440249E-01
.2400836E-01
.2305983E-01
.2209737E-01
.2132527E-01
.2009967E-01
.1851749E-01
.1727080E-01
.1681197E-01
.1691651E-01
.1744048E-01
.1830648E-01
.1949145E-01
.2069940E-01
.2174416E-01
.2259449E-01
.2324189E-01
.2342442E-01
.2299264E-01
.2205178E-01
.2094899E-01
.1975816E-01
.1818539E-01
.1650025E-01
.1504298E-01
.1347152E-01
.1164347E-01
.9928097E-02
.8322146E-02
.6586346E-02
.4631278E-02
.2570393E-02
.5766536E-03
-.1090917E-02
-.2335842E-02
-.3132847E-02
-.3540327E-02
-.3652640E-02
-.3724882E-02
-.3892469E-02
-.4064440E-02
-.4245398E-02
-.4654282E-02
-.5346043E-02
-.6266097E-02
-.7066142E-02
-.7561930E-02
-.7783936E-02
-.7965935E-02
-.8208974E-02
-.8406960E-02
-.8530647E-02
-.8851719E-02
-.9197228E-02
-.9214187E-02
-.9559470E-02
-.1058294E-01
-.1083433E-01
-.9828517E-02
-.8208644E-02
-.6956224E-02
-.6216223E-02
-.5391559E-02
-.4098860E-02
-.2317475E-02
-.4494746E-03
.1211557E-02
.2546997E-02
.3646312E-02
.4603978E-02
.5521210E-02
.6411880E-02
.7139815E-02
.7679036E-02
.8155180E-02
.8445569E-02
.8256947E-02
.7485108E-02
.6382238E-02
.5312846E-02
.4102802E-02
.2257927E-02
-.7102663E-03
-.4471398E-02
-.8183906E-02
-.1145491E-01
-.1442820E-01
-.1706029E-01
-.1923052E-01
-.2085962E-01
-.2197120E-01
-.2265385E-01
-.2303369E-01
-.2309947E-01
-.2275292E-01
-.2230240E-01
-.2199290E-01
-.2146303E-01
-.2048590E-01
-.1920448E-01
-.1750578E-01
-.1497349E-01
-.1161399E-01
-.7805189E-02
-.3617474E-02
.6980550E-03
.4813176E-02
.8764842E-02
.1260843E-01
.1593516E-01
.1879022E-01
.2139740E-01
.2383830E-01
.2607269E-01
.2802525E-01
.2953975E-01
.3034634E-01
.3084416E-01
.3143500E-01
.3194101E-01
.3217171E-01
.3221910E-01
.3215212E-01
.3201382E-01
.3185074E-01
.3167997E-01
.3146937E-01
.3111771E-01
.3061378E-01
.3000739E-01
.2959906E-01
.2943113E-01
.2923855E-01
.2868525E-01
.2765154E-01
.2683925E-01
.2662532E-01
.2678434E-01
.2688929E-01
.2682222E-01
.2667251E-01
.2652470E-01
.2624856E-01
.2580054E-01
.2519722E-01
.2421411E-01
.2290857E-01
.2175434E-01
.2076715E-01
.1966740E-01
.1862482E-01
.1780091E-01
.1712238E-01
.1650378E-01
.1590853E-01
.1493948E-01
.1371577E-01
.1296911E-01
.1254532E-01
.1183769E-01
.1055887E-01
.8924374E-02
.7230787E-02
.5624378E-02
.4136480E-02
.3072049E-02
.2313428E-02
.1614193E-02
.1010030E-02
.7070722E-03
.1052978E-02
.1912384E-02
.3144486E-02
.4617476E-02
.6239846E-02
.7829179E-02
.9308038E-02
.1061459E-01
.1105616E-01
.1028704E-01
.9047676E-02
.7568559E-02
.5162170E-02
.1610528E-02
-.2631377E-02
-.6568006E-02
-.9896279E-02
-.1282556E-01
-.1538651E-01
-.1759528E-01
-.1957211E-01
-.2105940E-01
-.2182321E-01
-.2197531E-01
-.2168199E-01
-.2062375E-01
-.1924980E-01
-.1813693E-01
-.1739879E-01
-.1669712E-01
-.1562400E-01
-.1430218E-01
-.1300559E-01
-.1170958E-01
-.1013202E-01
-.7918728E-02
-.5256664E-02
-.2433629E-02
.4485951E-04
.2110633E-02
.3878418E-02
.5520915E-02
.6978777E-02
.8087450E-02
.8825386E-02
.9400642E-02
.1001051E-01
.1071029E-01
.1138072E-01
.1186278E-01
.1178986E-01
.1110245E-01
.9615332E-02
.7623742E-02
.5521527E-02
.3597947E-02
.1823778E-02
.1610443E-03
-.9378672E-03
-.1423759E-02
-.1645533E-02
-.1603753E-02
-.1014176E-02
-.1310879E-03
.6441123E-03
.8410094E-03
.7305766E-03
.8093071E-03
.1153668E-02
.1449923E-02
.1103190E-02
.4028872E-03
-.7044892E-05
-.1205942E-03
-.2018065E-03
-.1026345E-03
.1010346E-03
.1438460E-03
-.3305104E-04
-.4154970E-03
-.1580421E-02
-.3566867E-02
-.6101381E-02
-.9205579E-02
-.1287856E-01
-.1691277E-01
-.2071786E-01
-.2386127E-01
-.2587710E-01
-.2694434E-01
-.2732162E-01
-.2708521E-01
-.2624899E-01
-.2486642E-01
-.2325193E-01
-.2167224E-01
-.2055541E-01
-.1994479E-01
-.1990529E-01
-.2016979E-01
-.2048038E-01
-.2104024E-01
-.2188715E-01
-.2248637E-01
-.2272779E-01
-.2286226E-01
-.2298349E-01
-.2309165E-01
-.2327392E-01
-.2323768E-01
-.2264492E-01
-.2196476E-01
-.2164438E-01
-.2170221E-01
-.2155991E-01
-.2069116E-01
-.1890291E-01
-.1664010E-01
-.1459845E-01
-.1286005E-01
-.1115131E-01
-.9370726E-02
-.7615537E-02
-.6104626E-02
-.4784955E-02
-.3457573E-02
-.1887866E-02
-.7063502E-04
.1610956E-02
.3025192E-02
.4239438E-02
.4986393E-02
.5107469E-02
.5073243E-02
.4963963E-02
.4269612E-02
.3176656E-02
.2208561E-02
.1760507E-02
.1688490E-02
.1744466E-02
.1994773E-02
.2609616E-02
.3405431E-02
.3919164E-02
.3843177E-02
.3586804E-02
.3450177E-02
.3197706E-02
.2551897E-02
.1496843E-02
.5889017E-03
.1379561E-03
.3686107E-03
.8459952E-03
.1066197E-02
.1139220E-02
.1304094E-02
.1374094E-02
.1301736E-02
.1256986E-02
.1506635E-02
.2145747E-02
.3662636E-02
.5932803E-02
.8529837E-02
.1100469E-01
.1325553E-01
.1511092E-01
.1658175E-01
.1747338E-01
.1761230E-01
.1702629E-01
.1590670E-01
.1436260E-01
.1238068E-01
.1056318E-01
.8999995E-02
.6626589E-02
.3646739E-02
.1067064E-02
-.1035522E-02
-.2845266E-02
-.4006982E-02
-.5221604E-02
-.7027044E-02
-.8245746E-02
-.8305418E-02
-.7631539E-02
-.7226772E-02
-.7397378E-02
-.7736636E-02
-.7844127E-02
-.7708417E-02
-.7571796E-02
-.7511737E-02
-.7196570E-02
-.6601781E-02
-.5951021E-02
-.5346866E-02
-.4808708E-02
-.4709146E-02
-.4905300E-02
-.5031018E-02
-.5591928E-02
-.7002191E-02
-.8494665E-02
-.9568879E-02
-.1031384E-01
-.1048776E-01
-.1018368E-01
-.1000901E-01
-.9991052E-02
-.9751468E-02
-.9304550E-02
-.8859163E-02
-.8497022E-02
-.8264459E-02
-.8197372E-02
-.8045238E-02
-.7764660E-02
-.7800192E-02
-.8008525E-02
-.7885599E-02
-.7373906E-02
-.6723202E-02
-.5963606E-02
-.5049272E-02
-.4009292E-02
-.3234603E-02
-.2808572E-02
-.2490475E-02
-.2252785E-02
-.2252963E-02
-.2188502E-02
-.1906418E-02
-.1655106E-02
-.1493456E-02
-.1282025E-02
-.1213262E-02
-.1371772E-02
-.1596126E-02
-.1783744E-02
-.1972903E-02
-.2212502E-02
-.2530829E-02
-.3079902E-02
-.3849689E-02
-.4707698E-02
-.5302139E-02
-.5499881E-02
-.5362686E-02
-.5056286E-02
-.4513916E-02
-.3284433E-02
-.1402904E-02
.5862655E-03
.2502579E-02
.4526018E-02
.6401036E-02
.7981027E-02
.9360276E-02
.1055668E-01
.1147281E-01
.1236826E-01
.1337938E-01
.1410863E-01
.1440852E-01
.1444318E-01
.1442480E-01
.1435471E-01
.1410453E-01
.1362667E-01
.1295191E-01
.1214475E-01
.1125140E-01
.1047207E-01
.9799800E-02
.9082946E-02
.8193562E-02
.7246711E-02
.6509592E-02
.5656529E-02
.4178698E-02
.2192846E-02
.2472243E-03
-.1089545E-02
-.1642674E-02
-.1665952E-02
-.1881399E-02
-.2515947E-02
-.3443183E-02
-.4359859E-02
-.5161222E-02
-.5957721E-02
-.6523656E-02
-.6495855E-02
-.6310673E-02
-.6366383E-02
-.6594723E-02
-.6580472E-02
-.6078158E-02
-.5779510E-02
-.6180497E-02
-.6922784E-02
-.7318934E-02
-.7093682E-02
-.7197191E-02
-.8063923E-02
-.8165015E-02
-.7423225E-02
-.7003386E-02
-.7208195E-02
-.7611722E-02
-.7875035E-02
-.8026205E-02
-.8223638E-02
-.8441144E-02
-.8703176E-02
-.9490553E-02
-.1061628E-01
-.1153375E-01
-.1203083E-01
-.1226913E-01
-.1212114E-01
-.1150160E-01
-.1042658E-01
-.9239226E-02
-.8108704E-02
-.6860721E-02
-.5579779E-02
-.4575527E-02
-.3988761E-02
-.3670724E-02
-.3551856E-02
-.3496768E-02
-.3357354E-02
-.2899270E-02
-.2073684E-02
-.1290184E-02
-.7282271E-03
-.2766693E-03
-.1893116E-03
-.6725594E-03
-.1307928E-02
-.1699279E-02
-.1806858E-02
-.1820582E-02
-.1730284E-02
-.1039306E-02
.1339666E-03
.1318396E-02
.2169413E-02
.2763589E-02
.3590878E-02
.4514919E-02
.5024316E-02
.4979599E-02
.4568372E-02
.4231723E-02
.4416304E-02
.5339715E-02
.6689019E-02
.8258405E-02
.1002954E-01
.1193170E-01
.1385133E-01
.1566474E-01
.1732188E-01
.1880419E-01
.2017672E-01
.2157611E-01
.2247427E-01
.2220192E-01
.2136419E-01
.2068490E-01
.2027042E-01
.1992318E-01
.1952656E-01
.1904260E-01
.1878471E-01
.1933974E-01
.2020191E-01
.2062949E-01
.2013314E-01
.1892968E-01
.1748001E-01
.1588248E-01
.1396309E-01
.1162383E-01
.8547976E-02
.4441054E-02
.3847324E-03
-.2926512E-02
-.5716103E-02
-.7992729E-02
-.9541435E-02
-.1035122E-01
-.1065542E-01
-.1059171E-01
-.1033993E-01
-.9981139E-02
-.9692980E-02
-.9795292E-02
-.1054501E-01
-.1162677E-01
-.1275252E-01
-.1371491E-01
-.1433241E-01
-.1445162E-01
-.1434262E-01
-.1427300E-01
-.1429869E-01
-.1429785E-01
-.1417251E-01
-.1382016E-01
-.1333763E-01
-.1295936E-01
-.1227939E-01
-.1073560E-01
-.8951125E-02
-.7512307E-02
-.6395384E-02
-.5570959E-02
-.5228625E-02
-.5101092E-02
-.4936883E-02
-.4812698E-02
-.4750974E-02
-.4622170E-02
-.4347802E-02
-.3977138E-02
-.3569293E-02
-.3217845E-02
-.2995030E-02
-.2797500E-02
-.2594735E-02
-.2518876E-02
-.2317210E-02
-.1624761E-02
-.5973048E-03
.4890801E-03
.1589691E-02
.2677290E-02
.3677667E-02
.4495781E-02
.5096822E-02
.5181361E-02
.4895660E-02
.4595379E-02
.4471325E-02
.4534828E-02
.4852965E-02
.5391874E-02
.6181846E-02
.7280262E-02
.8592216E-02
.9901437E-02
.1118794E-01
.1251639E-01
.1356635E-01
.1428558E-01
.1506242E-01
.1592457E-01
.1658238E-01
.1690397E-01
.1700250E-01
.1686021E-01
.1655998E-01
.1620949E-01
.1574387E-01
.1520082E-01
.1481770E-01
.1442198E-01
.1369669E-01
.1271925E-01
.1168903E-01
.1063294E-01
.9471286E-02
.8188822E-02
.6956892E-02
.5817141E-02
.4693677E-02
.3653511E-02
.2733657E-02
.1608569E-02
.5900750E-03
.2646476E-03
.2677626E-03
-.2815378E-04
-.9410243E-03
-.2365029E-02
-.4342873E-02
-.7202944E-02
-.9905898E-02
-.1081235E-01
-.1097902E-01
-.1170585E-01
-.1275365E-01
-.1348111E-01
-.1378757E-01
-.1414620E-01
-.1478142E-01
-.1546417E-01
-.1596949E-01
-.1623675E-01
-.1609251E-01
-.1550607E-01
-.1456269E-01
-.1318317E-01
-.1115741E-01
-.9236626E-02
-.7757857E-02
-.6107528E-02
-.4254115E-02
-.2677605E-02
-.1014500E-02
.9889214E-03
.2882514E-02
.4407630E-02
.5668696E-02
.6652918E-02
.7282512E-02
.7791818E-02
.8251743E-02
.8510785E-02
.8369763E-02
.7823405E-02
.7259100E-02
.7007702E-02
.7136733E-02
.7376930E-02
.7576169E-02
.7830820E-02
.8193382E-02
.8598124E-02
.8774739E-02
.8834767E-02
.9307255E-02
.1012790E-01
.1096397E-01
.1169288E-01
.1236114E-01
.1295716E-01
.1342702E-01
.1369561E-01
.1388115E-01
.1394800E-01
.1358681E-01
.1289483E-01
.1210410E-01
.1102255E-01
.9619566E-02
.8267883E-02
.7248208E-02
.6552912E-02
.6126254E-02
.5904953E-02
.5894780E-02
.6019856E-02
.6185837E-02
.6291266E-02
.6544506E-02
.7236257E-02
.8301793E-02
.9416989E-02
.1010351E-01
.1035137E-01
.1034440E-01
.1006234E-01
.9652161E-02
.9573373E-02
.9870453E-02
.1045352E-01
.1157338E-01
.1315345E-01
.1466956E-01
.1585507E-01
.1670629E-01
.1710956E-01
.1712909E-01
.1702064E-01
.1674768E-01
.1606444E-01
.1516481E-01
.1448721E-01
.1446605E-01
.1489267E-01
.1531235E-01
.1499780E-01
.1401957E-01
.1303320E-01
.1215052E-01
.1111346E-01
.1003253E-01
.9040064E-02
.8139127E-02
.7310755E-02
.6449181E-02
.5110109E-02
.3382638E-02
.1659609E-02
.2868327E-03
-.5379369E-03
-.5042870E-03
-.7857255E-04
.2717998E-03
.7521599E-03
.1527627E-02
.2506739E-02
.3325157E-02
.3734959E-02
.3426411E-02
.2623788E-02
.2007171E-02
.1644824E-02
.1282769E-02
.1172702E-02
.1425821E-02
.1932347E-02
.2557826E-02
.3240306E-02
.3631155E-02
.3559640E-02
.3064957E-02
.2541850E-02
.2218534E-02
.2290454E-02
.2735359E-02
.3491984E-02
.4349344E-02
.5135641E-02
.5545372E-02
.5412958E-02
.4706177E-02
.3948106E-02
.3531489E-02
.3550129E-02
.3812633E-02
.4279955E-02
.4917692E-02
.5594704E-02
.6076476E-02
.6321114E-02
.6352589E-02
.6323955E-02
.6386391E-02
.6669033E-02
.7052579E-02
.7410442E-02
.7861402E-02
.8536406E-02
.9439550E-02
.1016416E-01
.1046304E-01
.1057619E-01
.1052590E-01
.9896486E-02
.9200545E-02
.8950482E-02
.8531340E-02
.7775847E-02
.7113949E-02
.6516941E-02
.5817324E-02
.5424253E-02
.5379423E-02
.5432602E-02
.5759954E-02
.6409508E-02
.7029201E-02
.7821719E-02
.9256946E-02
.1084633E-01
.1211881E-01
.1306327E-01
.1366589E-01
.1375747E-01
.1360674E-01
.1335049E-01
.1261642E-01
.1176416E-01
.1145192E-01
.1118897E-01
.1055231E-01
.9849284E-02
.9619451E-02
.1017859E-01
.1142238E-01
.1280282E-01
.1361591E-01
.1413997E-01
.1493726E-01
.1605238E-01
.1715557E-01
.1797433E-01
.1863020E-01
.1930092E-01
.1979122E-01
.1991737E-01
.1966840E-01
.1928820E-01
.1889985E-01
.1836315E-01
.1769651E-01
.1717597E-01
.1650441E-01
.1542195E-01
.1453329E-01
.1423515E-01
.1440921E-01
.1423231E-01
.1331124E-01
.1196033E-01
.1054814E-01
.9093638E-02
.7691586E-02
.6431679E-02
.5375259E-02
.4460812E-02
.3637617E-02
.2596824E-02
.1364899E-02
.3613227E-03
-.3538190E-03
-.9562873E-03
-.1358316E-02
-.1684103E-02
-.2222618E-02
-.2766586E-02
-.3071318E-02
-.3409582E-02
-.3654922E-02
-.3379281E-02
-.2629618E-02
-.1628312E-02
-.5926781E-03
.2718554E-03
.8641451E-03
.1683417E-02
.3039001E-02
.4670192E-02
.6360369E-02
.8179351E-02
.9910451E-02
.1133089E-01
.1228492E-01
.1287381E-01
.1301491E-01
.1274859E-01
.1221745E-01
.1162051E-01
.1107023E-01
.1056422E-01
.9882237E-02
.9032741E-02
.8427326E-02
.8002401E-02
.7368320E-02
.6333185E-02
.5314603E-02
.5093800E-02
.5251667E-02
.5015530E-02
.4250505E-02
.3293752E-02
.2371942E-02
.1418766E-02
.2983021E-03
-.9850522E-03
-.2322125E-02
-.3638810E-02
-.4931078E-02
-.6173147E-02
-.7111543E-02
-.7902604E-02
-.8851444E-02
-.9703043E-02
-.1023848E-01
-.1057812E-01
-.1091818E-01
-.1130839E-01
-.1182628E-01
-.1250786E-01
-.1337427E-01
-.1449417E-01
-.1578873E-01
-.1660322E-01
-.1697532E-01
-.1736517E-01
-.1795121E-01
-.1859617E-01
-.1914951E-01
-.1940123E-01
-.1918553E-01
-.1857467E-01
-.1764083E-01
-.1642031E-01
-.1516884E-01
-.1412622E-01
-.1300809E-01
-.1166927E-01
-.1082092E-01
-.1047469E-01
-.1009790E-01
-.9606942E-02
-.9166198E-02
-.8476291E-02
-.7681324E-02
-.7301328E-02
-.6950070E-02
-.6141868E-02
-.5284563E-02
-.4671544E-02
-.4153744E-02
-.3454515E-02
-.2479878E-02
-.1225159E-02
.1291764E-03
.1444347E-02
.2596486E-02
.3530301E-02
.4085205E-02
.4343572E-02
.4649337E-02
.5135286E-02
.5663740E-02
.5932258E-02
.5907958E-02
.5645608E-02
.5358172E-02
.5167038E-02
.5007146E-02
.4836523E-02
.4702047E-02
.4586717E-02
.4462008E-02
.4400278E-02
.4780609E-02
.5506142E-02
.6279295E-02
.7041129E-02
.7727581E-02
.7482300E-02
.6492941E-02
.5425318E-02
.4259172E-02
.2679279E-02
.8236484E-03
-.9063875E-03
-.2252716E-02
-.3284873E-02
-.4224976E-02
-.5235696E-02
-.6226289E-02
-.7045679E-02
-.7796729E-02
-.8628117E-02
-.9588315E-02
-.1068249E-01
-.1175625E-01
-.1201366E-01
-.1161276E-01
-.1119337E-01
-.1149860E-01
-.1253417E-01
-.1304746E-01
-.1287332E-01
-.1283195E-01
-.1318579E-01
-.1363379E-01
-.1401728E-01
-.1428386E-01
-.1440786E-01
-.1444855E-01
-.1443950E-01
-.1436637E-01
-.1411347E-01
-.1358583E-01
-.1310430E-01
-.1282107E-01
-.1251763E-01
-.1243876E-01
-.1305862E-01
-.1394679E-01
-.1468549E-01
-.1552146E-01
-.1623550E-01
-.1625349E-01
-.1574917E-01
-.1520871E-01
-.1493809E-01
-.1481550E-01
-.1463201E-01
-.1423077E-01
-.1353653E-01
-.1241624E-01
-.1149399E-01
-.1132918E-01
-.1079961E-01
-.9332615E-02
-.7631993E-02
-.6301104E-02
-.5292765E-02
-.4223327E-02
-.2990229E-02
-.1988042E-02
-.1264996E-02
-.5612524E-03
.3700574E-03
.1453011E-02
.2041167E-02
.2012885E-02
.1497683E-02
.9101080E-03
.4850761E-03
.1837638E-03
-.1245963E-03
-.4209332E-03
-.6721428E-03
-.9271514E-03
-.1455071E-02
-.2189273E-02
-.2896818E-02
-.3623458E-02
-.4476228E-02
-.5198164E-02
-.5342297E-02
-.4646624E-02
-.3888335E-02
-.3503088E-02
-.2794428E-02
-.1535936E-02
-.1234605E-03
.1186029E-02
.2341432E-02
.2837436E-02
.2838937E-02
.2758378E-02
.2506739E-02
.1829935E-02
.7708520E-03
-.2358441E-03
-.8269399E-03
-.9778642E-03
-.8170865E-03
-.6070753E-03
-.1676667E-03
.8401358E-03
.1558440E-02
.1343080E-02
.7173593E-03
.1915666E-03
-.3018428E-03
-.8203638E-03
-.1324878E-02
-.1777938E-02
-.2032230E-02
-.1980198E-02
-.2228510E-02
-.2947789E-02
-.3566912E-02
-.4170617E-02
-.5084306E-02
-.6278761E-02
-.7423262E-02
-.8334729E-02
-.9059789E-02
-.9685193E-02
-.1010336E-01
-.1046285E-01
-.1084182E-01
-.1066190E-01
-.1001442E-01
-.9429804E-02
-.9026450E-02
-.8640217E-02
-.8353475E-02
-.8132619E-02
-.7828572E-02
-.7508998E-02
-.7278649E-02
-.7014934E-02
-.6674764E-02
-.6347067E-02
-.6244455E-02
-.6382768E-02
-.6276788E-02
-.5815671E-02
-.5191705E-02
-.4841264E-02
-.4942962E-02
-.5382032E-02
-.5953662E-02
-.6502023E-02
-.7039467E-02
-.7595646E-02
-.7856645E-02
-.7732121E-02
-.7434843E-02
-.6903208E-02
-.5989667E-02
-.4797119E-02
-.3710681E-02
-.3307574E-02
-.3101259E-02
-.2475109E-02
-.2148809E-02
-.2591758E-02
-.3362358E-02
-.3844773E-02
-.3882423E-02
-.3977069E-02
-.4408165E-02
-.4998700E-02
-.5504502E-02
-.5846687E-02
-.5804666E-02
-.5494004E-02
-.5367015E-02
-.5532176E-02
-.5837075E-02
-.6078495E-02
-.6195309E-02
-.6084861E-02
-.5716144E-02
-.5108311E-02
-.4578580E-02
-.4184907E-02
-.3485943E-02
-.2867706E-02
-.3062861E-02
-.3455057E-02
-.3461693E-02
-.3364949E-02
-.3412317E-02
-.3490046E-02
-.3599885E-02
-.3773896E-02
-.3805668E-02
-.3906388E-02
-.4466757E-02
-.5229462E-02
-.5889227E-02
-.6544807E-02
-.7171098E-02
-.7585180E-02
-.8044221E-02
-.8725637E-02
-.9243860E-02
-.9436905E-02
-.9447086E-02
-.9148176E-02
-.8404993E-02
-.7594748E-02
-.7048899E-02
-.6797173E-02
-.6642246E-02
-.6528310E-02
-.6620390E-02
-.6992744E-02
-.7583027E-02
-.7929038E-02
-.7816452E-02
-.7610712E-02
-.7364618E-02
-.6564690E-02
-.5422658E-02
-.4398003E-02
-.3468974E-02
-.2561293E-02
-.1922288E-02
-.1656163E-02
-.1666309E-02
-.1865053E-02
-.2202137E-02
-.2573474E-02
-.2782802E-02
-.2743538E-02
-.2474643E-02
-.2155464E-02
-.2091692E-02
-.2095360E-02
-.1898824E-02
-.2010043E-02
-.2502328E-02
-.2653704E-02
-.2138420E-02
-.1075259E-02
-.1088117E-03
.3601831E-03
.2465050E-03
-.5059255E-04
-.3207205E-03
-.7854125E-03
-.1468499E-02
-.1987891E-02
-.2329222E-02
-.2663830E-02
-.2764434E-02
-.2668846E-02
-.2887365E-02
-.3269564E-02
-.3311672E-02
-.2664509E-02
-.1629413E-02
-.8318702E-03
-.8074412E-04
.1169796E-02
.2641845E-02
.3900371E-02
.4716355E-02
.5068347E-02
.4954079E-02
.4738288E-02
.4640482E-02
.4772569E-02
.5049674E-02
.5366454E-02
.5366362E-02
.4957660E-02
.4690145E-02
.4735569E-02
.4821451E-02
.4581257E-02
.4014810E-02
.3681092E-02
.3642273E-02
.3550992E-02
.3308366E-02
.3004320E-02
.2519619E-02
.1985143E-02
.1632710E-02
.1179165E-02
.3741086E-03
-.5044392E-03
-.1325559E-02
-.2238933E-02
-.3269155E-02
-.4357202E-02
-.5506309E-02
-.6591804E-02
-.7481590E-02
-.8460115E-02
-.9665141E-02
-.1089055E-01
-.1194872E-01
-.1282397E-01
-.1362692E-01
-.1434386E-01
-.1478316E-01
-.1514425E-01
-.1566422E-01
-.1588939E-01
-.1563908E-01
-.1529792E-01
-.1494537E-01
-.1431522E-01
-.1345021E-01
-.1247732E-01
-.1112875E-01
-.9482137E-02
-.7835001E-02
-.6236920E-02
-.4645377E-02
-.3310006E-02
-.2174301E-02
-.1017160E-02
.1347233E-04
.7449308E-03
.1439473E-02
.2169939E-02
.2684122E-02
.3143447E-02
.3801218E-02
.4531014E-02
.5148570E-02
.5615794E-02
.6037157E-02
.6463609E-02
.6779623E-02
.6860660E-02
.6619863E-02
.6005607E-02
.4926993E-02
.3785097E-02
.2980970E-02
.2729772E-02
.2747205E-02
.2734627E-02
.2604272E-02
.2483867E-02
.2496254E-02
.2799293E-02
.3491266E-02
.4091836E-02
.4342093E-02
.4423337E-02
.4320874E-02
.3798803E-02
.3292120E-02
.3044524E-02
.2778608E-02
.2299802E-02
.1649268E-02
.8825808E-03
.4896501E-04
-.7874887E-03
-.1456145E-02
-.1867449E-02
-.2003418E-02
-.2151467E-02
-.2874508E-02
-.3787071E-02
-.4290330E-02
-.4151331E-02
-.3655385E-02
-.3206851E-02
-.2855947E-02
-.2419591E-02
-.1699091E-02
-.9329741E-03
-.7238744E-03
-.8440249E-03
-.7872526E-03
-.4863650E-03
-.2062170E-03
-.1738966E-03
-.3345274E-03
-.5589879E-03
-.7020364E-03
-.7846364E-03
-.9467442E-03
-.1222905E-02
-.1551422E-02
-.1761756E-02
-.1741228E-02
-.1426024E-02
-.1239298E-02
-.1573596E-02
-.2007944E-02
-.2197885E-02
-.2372822E-02
-.2710095E-02
-.3130689E-02
-.3525306E-02
-.3753158E-02
-.3588945E-02
-.3389799E-02
-.3587806E-02
-.4046449E-02
-.4405044E-02
-.4281455E-02
-.3816334E-02
-.3323013E-02
-.2983241E-02
-.2755745E-02
-.2674032E-02
-.2548819E-02
-.2155067E-02
-.1652679E-02
-.1278071E-02
-.1242261E-02
-.1261685E-02
-.9537486E-03
-.3995150E-03
.2229431E-03
.1061124E-02
.1856533E-02
.2186295E-02
.2323140E-02
.2599363E-02
.2961399E-02
.3279712E-02
.3585747E-02
.4086798E-02
.4855383E-02
.5602112E-02
.6187000E-02
.6665554E-02
.6984650E-02
.7064886E-02
.6895925E-02
.6526282E-02
.6018279E-02
.5413602E-02
.4772916E-02
.4468690E-02
.4571026E-02
.4792980E-02
.4604221E-02
.3856670E-02
.2955645E-02
.2257254E-02
.1915560E-02
.1673511E-02
.1265791E-02
.4854432E-03
-.4504495E-03
-.1047940E-02
-.1310427E-02
-.1556170E-02
-.2165218E-02
-.2982178E-02
-.3469144E-02
-.3654085E-02
-.3929993E-02
-.4921209E-02
-.6147029E-02
-.6131304E-02
-.5267926E-02
-.4725180E-02
-.5098274E-02
-.5799029E-02
-.5797771E-02
-.5295819E-02
-.4987042E-02
-.4810743E-02
-.4503741E-02
-.4233909E-02
-.4029785E-02
-.3736698E-02
-.3400338E-02
-.3089968E-02
-.2585678E-02
-.2019390E-02
-.1712879E-02
-.1642958E-02
-.1586941E-02
-.1134627E-02
-.4902980E-03
-.1951778E-03
-.4495445E-03
-.1045922E-02
-.1535679E-02
-.1911727E-02
-.2528603E-02
-.3296392E-02
-.3943449E-02
-.4464873E-02
-.4851665E-02
-.4887468E-02
-.4777786E-02
-.4747887E-02
-.4407629E-02
-.3629910E-02
-.2809581E-02
-.2039512E-02
-.1097863E-02
-.2196686E-04
.1002989E-02
.1703195E-02
.1971254E-02
.1796793E-02
.1362993E-02
.8021087E-03
-.7913624E-04
-.1107877E-02
-.1898002E-02
-.2360393E-02
-.2641418E-02
-.2627302E-02
-.2577902E-02
-.2880180E-02
-.3242123E-02
-.3333544E-02
-.3269439E-02
-.3199262E-02
-.3026312E-02
-.2773239E-02
-.2501352E-02
-.2057794E-02
-.1429408E-02
-.6813648E-03
.1784469E-03
.1112563E-02
.1694106E-02
.1969265E-02
.2528380E-02
.3148432E-02
.3217248E-02
.2910231E-02
.2538328E-02
.1982895E-02
.1293869E-02
.6746463E-03
.4639297E-03
.6390158E-03
.8964683E-03
.1058877E-02
.1192434E-02
.1463955E-02
.1969612E-02
.3045800E-02
.4331006E-02
.5261413E-02
.6293947E-02
.7887875E-02
.9449238E-02
.1071687E-01
.1201565E-01
.1312664E-01
.1369634E-01
.1374423E-01
.1350059E-01
.1315903E-01
.1272397E-01
.1216295E-01
.1172086E-01
.1140084E-01
.1088460E-01
.1037558E-01
.1019956E-01
.1034687E-01
.1074645E-01
.1151219E-01
.1232496E-01
.1281259E-01
.1297478E-01
.1292882E-01
.1260224E-01
.1226265E-01
.1214149E-01
.1164375E-01
.1059197E-01
.9658523E-02
.8916464E-02
.7890254E-02
.6519217E-02
.5129357E-02
.4053481E-02
.3301123E-02
.2786748E-02
.2281186E-02
.1756186E-02
.1403091E-02
.1148225E-02
.7784424E-03
.1989199E-03
-.4602419E-03
-.9839865E-03
-.1464291E-02
-.2077416E-02
-.2591124E-02
-.2768064E-02
-.2554874E-02
-.2407108E-02
-.2703710E-02
-.3123246E-02
-.3443775E-02
-.3932749E-02
-.4473804E-02
-.4761451E-02
-.5048891E-02
-.5529217E-02
-.5936541E-02
-.6228776E-02
-.6589153E-02
-.6867515E-02
-.6935194E-02
-.6772590E-02
-.6320946E-02
-.5500771E-02
-.4736925E-02
-.4217205E-02
-.3649675E-02
-.3007986E-02
-.2547875E-02
-.2375872E-02
-.2401162E-02
-.2295529E-02
-.2114792E-02
-.2233544E-02
-.2715122E-02
-.3344381E-02
-.3815619E-02
-.4209010E-02
-.4825285E-02
-.5365233E-02
-.5453373E-02
-.5146933E-02
-.4655736E-02
-.3903912E-02
-.3379748E-02
-.3345839E-02
-.2602511E-02
-.7960383E-03
.1134238E-02
.2387126E-02
.3003026E-02
.3279855E-02
.3294085E-02
.2890101E-02
.2219227E-02
.1525371E-02
.1013545E-02
.5716058E-03
-.9663065E-04
-.7876680E-03
-.1219154E-02
-.1550881E-02
-.1879357E-02
-.1988096E-02
-.1846745E-02
-.1528921E-02
-.6720289E-03
.6349396E-03
.1712028E-02
.2877276E-02
.4638101E-02
.6380937E-02
.7442096E-02
.7579047E-02
.7420389E-02
.7455467E-02
.7711843E-02
.8000846E-02
.8266822E-02
.8494495E-02
.8632697E-02
.8282321E-02
.7569509E-02
.7204122E-02
.7225776E-02
.7252534E-02
.7027595E-02
.6770661E-02
.6953712E-02
.7318729E-02
.7351025E-02
.6903615E-02
.6304528E-02
.5992034E-02
.5836125E-02
.5518948E-02
.5163889E-02
.4875262E-02
.4452068E-02
.3952090E-02
.3551774E-02
.3294984E-02
.2973258E-02
.2243628E-02
.1429755E-02
.9423500E-03
.8123880E-03
.7017693E-03
.1772073E-03
-.6600402E-03
-.1435319E-02
-.1653684E-02
-.1672729E-02
-.2231671E-02
-.2797452E-02
-.2751780E-02
-.2887094E-02
-.3362638E-02
-.3389426E-02
-.2702707E-02
-.1705572E-02
-.1175950E-02
-.1063918E-02
-.8793343E-03
-.6093362E-03
-.5117043E-03
-.6044546E-03
-.7437465E-03
-.8481536E-03
-.9890641E-03
-.1261391E-02
-.1766748E-02
-.2409126E-02
-.3075181E-02
-.3666987E-02
-.4226529E-02
-.5121985E-02
-.6057674E-02
-.6459889E-02
-.6530490E-02
-.6634608E-02
-.6775920E-02
-.6769524E-02
-.6517676E-02
-.6201770E-02
-.5978847E-02
-.5879360E-02
-.5540660E-02
-.4605633E-02
-.3565596E-02
-.2835389E-02
-.2210233E-02
-.1567735E-02
-.1174901E-02
-.7785454E-03
-.1054891E-03
.4163277E-03
.7419374E-03
.1313972E-02
.1872653E-02
.2052654E-02
.2276201E-02
.2708385E-02
.3045485E-02
.3260459E-02
.3510437E-02
.3737581E-02
.4001126E-02
.4550754E-02
.5209224E-02
.5712247E-02
.6076475E-02
.6308765E-02
.6163664E-02
.5803541E-02
.5520417E-02
.5459991E-02
.5426544E-02
.5169736E-02
.4954203E-02
.5063910E-02
.5322054E-02
.5590880E-02
.6040982E-02
.6759946E-02
.7631820E-02
.8310264E-02
.8806977E-02
.9339232E-02
.9742175E-02
.9794326E-02
.9558776E-02
.9107564E-02
.8356805E-02
.7526436E-02
.6797825E-02
.5920818E-02
.4909828E-02
.4030798E-02
.3432181E-02
.3123358E-02
.3190406E-02
.3400198E-02
.3469912E-02
.3507833E-02
.3710650E-02
.4098312E-02
.4497251E-02
.4775228E-02
.5091304E-02
.5598334E-02
.6248284E-02
.6878637E-02
.7408318E-02
.7992467E-02
.8666215E-02
.8907129E-02
.8848201E-02
.9100661E-02
.9785029E-02
.1060746E-01
.1120305E-01
.1154944E-01
.1174449E-01
.1201771E-01
.1243895E-01
.1275012E-01
.1273331E-01
.1221080E-01
.1151956E-01
.1097533E-01
.1046604E-01
.9904430E-02
.9393252E-02
.9155123E-02
.9234931E-02
.9220421E-02
.8999494E-02
.8781870E-02
.8830961E-02
.9124223E-02
.9176759E-02
.8937885E-02
.8673494E-02
.8283726E-02
.7743895E-02
.7527177E-02
.7793442E-02
.8364074E-02
.8757785E-02
.8855371E-02
.8816675E-02
.8880061E-02
.9121239E-02
.9296158E-02
.9323803E-02
.9538858E-02
.9954630E-02
.1031604E-01
.1049317E-01
.1055713E-01
.1052873E-01
.1056686E-01
.1083911E-01
.1116885E-01
.1136979E-01
.1135674E-01
.1117151E-01
.1092349E-01
.1123964E-01
.1204356E-01
.1210523E-01
.1136162E-01
.1060255E-01
.1019839E-01
.1004966E-01
.1013086E-01
.1019844E-01
.1006280E-01
.9793489E-02
.9456069E-02
.8928524E-02
.8334495E-02
.7882172E-02
.7726393E-02
.7661499E-02
.7258841E-02
.6971068E-02
.7267229E-02
.7629073E-02
.7733980E-02
.7910476E-02
.8415295E-02
.9124587E-02
.9476528E-02
.9423278E-02
.9443034E-02
.9524774E-02
.9394232E-02
.9083529E-02
.8747875E-02
.8458478E-02
.8105444E-02
.7572301E-02
.6694431E-02
.5587066E-02
.4606172E-02
.3781669E-02
.2936385E-02
.1993594E-02
.1166874E-02
.7052209E-03
.5877934E-03
.5850514E-03
-.6605512E-04
-.9011553E-03
-.9399344E-03
-.4479649E-03
-.4627007E-04
.1248284E-03
.2600822E-03
.4882365E-03
.7313742E-03
.8773974E-03
.9375240E-03
.9669012E-03
.9929189E-03
.1204792E-02
.1661707E-02
.1982221E-02
.2041194E-02
.2027053E-02
.2270473E-02
.2764593E-02
.3226775E-02
.3314737E-02
.2874646E-02
.2400947E-02
.2118768E-02
.1472439E-02
.5042720E-03
-.2994287E-03
-.1094996E-02
-.2125617E-02
-.3296042E-02
-.4620283E-02
-.6111427E-02
-.6427494E-02
-.5515865E-02
-.4988956E-02
-.5090490E-02
-.5001406E-02
-.4814857E-02
-.4814454E-02
-.4771509E-02
-.4577346E-02
-.4315170E-02
-.4006066E-02
-.3740079E-02
-.3752409E-02
-.3731086E-02
-.3274251E-02
-.2753194E-02
-.2445354E-02
-.2106468E-02
-.1639603E-02
-.1164601E-02
-.8036348E-03
-.6773292E-03
-.9680446E-03
-.1122809E-02
-.7669113E-03
-.7405850E-03
-.1432991E-02
-.2340715E-02
-.3048412E-02
-.3582330E-02
-.3949378E-02
-.4228343E-02
-.4599432E-02
-.5002649E-02
-.5316468E-02
-.5645319E-02
-.5985073E-02
-.6162048E-02
-.6205304E-02
-.6260800E-02
-.6472831E-02
-.6802574E-02
-.7176579E-02
-.7401679E-02
-.7375175E-02
-.7145973E-02
-.6833670E-02
-.6433092E-02
-.6188728E-02
-.6223180E-02
-.6080913E-02
-.5578644E-02
-.4813036E-02
-.3926645E-02
-.2982559E-02
-.2117993E-02
-.1328120E-02
-.6049151E-03
-.8956114E-03
-.2560551E-02
-.3684152E-02
-.3644051E-02
-.3166391E-02
-.2423776E-02
-.1238484E-02
-.4892181E-03
-.4231639E-03
-.8275572E-03
-.1789454E-02
-.3365905E-02
-.4734162E-02
-.5452755E-02
-.5638993E-02
-.5364746E-02
-.4621410E-02
-.3770576E-02
-.2781372E-02
-.2069361E-02
-.1923294E-02
-.2664848E-02
-.4305045E-02
-.6503350E-02
-.8222538E-02
-.9081603E-02
-.9290039E-02
-.9015402E-02
-.8153381E-02
-.6905361E-02
-.5860207E-02
-.5469953E-02
-.5585611E-02
-.6075593E-02
-.7253016E-02
-.8608783E-02
-.9355174E-02
-.9709241E-02
-.1010601E-01
-.1024107E-01
-.9949941E-02
-.9370521E-02
-.8628536E-02
-.7809818E-02
-.7078644E-02
-.6652253E-02
-.6667530E-02
-.6671650E-02
-.6244698E-02
-.4682101E-02
-.2778127E-02
-.1755678E-02
-.1488619E-02
-.1280118E-02
-.1093403E-02
-.1182023E-02
-.1638271E-02
-.2030078E-02
-.2100534E-02
-.1750026E-02
-.1224013E-02
-.7613580E-03
-.3477064E-03
.1774317E-03
.1105382E-02
.1920757E-02
.1854391E-02
.9769026E-03
.3601804E-05
-.3493015E-03
-.3500840E-03
-.5237152E-03
-.1024454E-02
-.1605891E-02
-.1986960E-02
-.2223342E-02
-.2498814E-02
-.2878415E-02
-.3273054E-02
-.3556310E-02
-.3793689E-02
-.4116913E-02
-.4641729E-02
-.5223581E-02
-.5643589E-02
-.6189115E-02
-.7101382E-02
-.7966348E-02
-.8476598E-02
-.8653607E-02
-.8595533E-02
-.8444815E-02
-.8412751E-02
-.8425867E-02
-.8330108E-02
-.8377655E-02
-.8620116E-02
-.8514707E-02
-.7996773E-02
-.7368225E-02
-.6668540E-02
-.5847651E-02
-.4997260E-02
-.4263658E-02
-.3744192E-02
-.3379076E-02
-.3071683E-02
-.2853238E-02
-.2767984E-02
-.2829426E-02
-.3050807E-02
-.3376072E-02
-.3695970E-02
-.3758484E-02
-.3373054E-02
-.3019392E-02
-.3022242E-02
-.3270232E-02
-.3572401E-02
-.3916246E-02
-.4051880E-02
-.4069205E-02
-.4471003E-02
-.5042679E-02
-.5343408E-02
-.5373108E-02
-.5380078E-02
-.5479351E-02
-.5669240E-02
-.5843148E-02
-.5610499E-02
-.5140658E-02
-.4899554E-02
-.4543713E-02
-.3720708E-02
-.3170534E-02
-.3160924E-02
-.3418832E-02
-.3770498E-02
-.4218665E-02
-.4538471E-02
-.4408775E-02
-.3631566E-02
-.2551899E-02
-.1474476E-02
-.7557649E-03
-.5392266E-03
-.8297424E-03
-.1251863E-02
-.1634444E-02
-.2028684E-02
-.2392984E-02
-.2562412E-02
-.2479117E-02
-.2233887E-02
-.1943568E-02
-.1712408E-02
-.1586283E-02
-.1524758E-02
-.1504194E-02
-.1566502E-02
-.1659008E-02
-.1701494E-02
-.1654888E-02
-.1417206E-02
-.7774810E-03
-.3481702E-03
-.6131031E-03
-.1126506E-02
-.1403052E-02
-.1337045E-02
-.1225719E-02
-.1332884E-02
-.1861942E-02
-.2480132E-02
-.2684894E-02
-.2703304E-02
-.2938181E-02
-.3353120E-02
-.3589494E-02
-.3410565E-02
-.3073783E-02
-.2853851E-02
-.2928750E-02
-.3143507E-02
-.3339394E-02
-.3847202E-02
-.4614130E-02
-.4988279E-02
-.5068184E-02
-.5293458E-02
-.5470895E-02
-.5361670E-02
-.5081280E-02
-.4883436E-02
-.4870811E-02
-.5129219E-02
-.5552061E-02
-.5895460E-02
-.6423844E-02
-.7309722E-02
-.7749583E-02
-.7764307E-02
-.8089826E-02
-.8508046E-02
-.8522776E-02
-.8500882E-02
-.8537816E-02
-.8313964E-02
-.7952777E-02
-.7662774E-02
-.7297692E-02
-.6914363E-02
-.6676448E-02
-.6144476E-02
-.5582974E-02
-.5502875E-02
-.5728314E-02
-.6023795E-02
-.6490164E-02
-.6883335E-02
-.7108089E-02
-.7466127E-02
-.7870942E-02
-.8057340E-02
-.7916138E-02
-.7530170E-02
-.7006541E-02
-.6503488E-02
-.6078889E-02
-.5647653E-02
-.5133507E-02
-.4566339E-02
-.4200633E-02
-.4109592E-02
-.4142283E-02
-.4062840E-02
-.3798740E-02
-.3387735E-02
-.3069891E-02
-.3231410E-02
-.3250101E-02
-.2557637E-02
-.1655025E-02
-.1024034E-02
-.6331059E-03
-.3983001E-03
-.3263366E-03
-.4287205E-03
-.6155000E-03
-.6602009E-03
-.3739800E-03
.1936558E-03
.6206141E-03
.8252479E-03
.1017988E-02
.1325225E-02
.1711290E-02
.2159315E-02
.2619320E-02
.3042131E-02
.3393152E-02
.3654696E-02
.3761027E-02
.3870242E-02
.4257598E-02
.4614432E-02
.4553682E-02
.3960205E-02
.3177252E-02
.2495788E-02
.2108420E-02
.1990594E-02
.1823045E-02
.1535540E-02
.1316551E-02
.1356313E-02
.1582641E-02
.1755296E-02
.1822731E-02
.1883738E-02
.1993475E-02
.2136764E-02
.2319240E-02
.2417429E-02
.2304574E-02
.2218334E-02
.2289883E-02
.2334649E-02
.2284367E-02
.2227834E-02
.2117127E-02
.1986052E-02
.2044220E-02
.2352524E-02
.2915599E-02
.3816134E-02
.4802733E-02
.5274395E-02
.5462146E-02
.5814318E-02
.5926776E-02
.5573266E-02
.5160668E-02
.4951795E-02
.4878951E-02
.4921619E-02
.4944510E-02
.4629206E-02
.4335321E-02
.4446777E-02
.4679922E-02
.4813759E-02
.4996103E-02
.5153300E-02
.5147884E-02
.5130545E-02
.5110643E-02
.4851523E-02
.4560219E-02
.4478134E-02
.4332852E-02
.4010373E-02
.3656448E-02
.3221884E-02
.2607002E-02
.1945568E-02
.1119410E-02
-.1112160E-03
-.1295019E-02
-.2127026E-02
-.2774038E-02
-.3453120E-02
-.4143613E-02
-.4710409E-02
-.4958281E-02
-.4627921E-02
-.4274970E-02
-.4433790E-02
-.5108834E-02
-.5996435E-02
-.6851592E-02
-.7407086E-02
-.7660744E-02
-.8137518E-02
-.8935565E-02
-.9760302E-02
-.1036378E-01
-.1073980E-01
-.1093172E-01
-.1102800E-01
-.1107581E-01
-.1117388E-01
-.1138345E-01
-.1178430E-01
-.1222790E-01
-.1252231E-01
-.1269359E-01
-.1286400E-01
-.1307687E-01
-.1318118E-01
-.1300512E-01
-.1263609E-01
-.1219525E-01
-.1166124E-01
-.1092553E-01
-.9927267E-02
-.9152609E-02
-.8761452E-02
-.8400619E-02
-.7868198E-02
-.7289612E-02
-.7038741E-02
-.7044014E-02
-.6794708E-02
-.6466018E-02
-.6542587E-02
-.6828579E-02
-.6981502E-02
-.6959896E-02
-.6952102E-02
-.7081873E-02
-.7303540E-02
-.7415620E-02
-.7159332E-02
-.6816497E-02
-.6695375E-02
-.6625425E-02
-.6507298E-02
-.6581745E-02
-.6732704E-02
-.6732599E-02
-.6614834E-02
-.6522824E-02
-.6532890E-02
-.6529325E-02
-.6390082E-02
-.6069271E-02
-.5652076E-02
-.5181543E-02
-.4674787E-02
-.4253856E-02
-.4544613E-02
-.5190003E-02
-.5285378E-02
-.5039304E-02
-.5030260E-02
-.5107310E-02
-.5037049E-02
-.4846767E-02
-.4621167E-02
-.4364597E-02
-.3989518E-02
-.3619388E-02
-.3449406E-02
-.3435827E-02
-.3449802E-02
-.3334828E-02
-.3295248E-02
-.3610118E-02
-.3939311E-02
-.4022811E-02
-.3985272E-02
-.4048999E-02
-.4275692E-02
-.4490201E-02
-.4595376E-02
-.4667268E-02
-.4758517E-02
-.4813054E-02
-.4617188E-02
-.4254240E-02
-.4114518E-02
-.4133086E-02
-.4060479E-02
-.4151827E-02
-.4438560E-02
-.4456506E-02
-.4376626E-02
-.4657925E-02
-.5130466E-02
-.5333575E-02
-.4918487E-02
-.4247990E-02
-.3781276E-02
-.3850013E-02
-.4303324E-02
-.4780298E-02
-.5067891E-02
-.5172966E-02
-.4998229E-02
-.4619092E-02
-.4058274E-02
-.3153710E-02
-.1930914E-02
-.1146916E-02
-.8282589E-03
-.4842669E-03
-.1997749E-04
.2888401E-03
.3547697E-04
-.6056049E-03
-.1303992E-02
-.1992826E-02
-.2728504E-02
-.3301727E-02
-.4075463E-02
-.5570273E-02
-.7102779E-02
-.8004479E-02
-.7715652E-02
-.6646764E-02
-.5390147E-02
-.4221712E-02
-.3129529E-02
-.2472088E-02
-.2315089E-02
-.2532775E-02
-.2948400E-02
-.3390642E-02
-.3441192E-02
-.3063485E-02
-.2469451E-02
-.2149581E-02
-.2180211E-02
-.2266861E-02
-.2363273E-02
-.2650294E-02
-.2728855E-02
-.2423051E-02
-.2028646E-02
-.1397932E-02
-.9904841E-04
.1327246E-02
.2459825E-02
.3518392E-02
.4726564E-02
.6002922E-02
.6951856E-02
.7445320E-02
.7340803E-02
.6942320E-02
.6604525E-02
.6243631E-02
.5794303E-02
.5503415E-02
.5332307E-02
.5145404E-02
.5252917E-02
.5665935E-02
.5888628E-02
.5631472E-02
.5027388E-02
.4444747E-02
.4013509E-02
.3686692E-02
.3400000E-02
.3212125E-02
.3461280E-02
.4146227E-02
.5194229E-02
.6196743E-02
.6894747E-02
.7394067E-02
.7951774E-02
.8755195E-02
.9164685E-02
.8750870E-02
.8211636E-02
.8021379E-02
.8050571E-02
.8120752E-02
.8236581E-02
.8435551E-02
.8615669E-02
.8579341E-02
.8515573E-02
.8615817E-02
.8642557E-02
.8346264E-02
.7723345E-02
.7622608E-02
.8499836E-02
.9726743E-02
.1076757E-01
.1167885E-01
.1253087E-01
.1326894E-01
.1379858E-01
.1414626E-01
.1428353E-01
.1420656E-01
.1392915E-01
.1338022E-01
.1267420E-01
.1194680E-01
.1102882E-01
.9833160E-02
.8846743E-02
.8124676E-02
.7362845E-02
.6774832E-02
.6607727E-02
.6440426E-02
.6370730E-02
.6883465E-02
.7418216E-02
.7400070E-02
.6950762E-02
.6674368E-02
.6935191E-02
.7438439E-02
.7826888E-02
.7824660E-02
.7568227E-02
.7286044E-02
.6961737E-02
.6458444E-02
.5800379E-02
.5148507E-02
.4635078E-02
.4338677E-02
.4167239E-02
.3927034E-02
.3563579E-02
.3148095E-02
.2910148E-02
.2845900E-02
.2647876E-02
.2230743E-02
.1741162E-02
.1443545E-02
.1345512E-02
.1246605E-02
.1068300E-02
.9180426E-03
.1113980E-02
.1650753E-02
.2213239E-02
.2774107E-02
.3519731E-02
.4194802E-02
.4694937E-02
.5440355E-02
.6209253E-02
.6431507E-02
.6366876E-02
.6384087E-02
.6252371E-02
.5914275E-02
.5522970E-02
.4729920E-02
.3633689E-02
.3007579E-02
.2914168E-02
.3042694E-02
.3467780E-02
.4189225E-02
.4833750E-02
.5406599E-02
.6128169E-02
.6627959E-02
.6716037E-02
.6569959E-02
.6361462E-02
.6098594E-02
.5931980E-02
.5894094E-02
.5867021E-02
.5844423E-02
.5911963E-02
.5970083E-02
.5989478E-02
.6235130E-02
.6559324E-02
.6629114E-02
.6716128E-02
.7014899E-02
.7186847E-02
.6978316E-02
.6411071E-02
.5805653E-02
.5435241E-02
.5831137E-02
.6668813E-02
.7320452E-02
.7618532E-02
.7783900E-02
.8057173E-02
.8385128E-02
.8572611E-02
.8474069E-02
.8088206E-02
.7540776E-02
.6813620E-02
.5781139E-02
.4718429E-02
.3835450E-02
.3010604E-02
.2349836E-02
.2108961E-02
.1659317E-02
.6048489E-03
-.3166452E-03
-.7114823E-03
-.8152258E-03
-.8969673E-03
-.1135757E-02
-.2126261E-02
-.3620634E-02
-.4980469E-02
-.5890834E-02
-.6533665E-02
-.6970131E-02
-.7284877E-02
-.7509052E-02
-.7356934E-02
-.6834646E-02
-.6375826E-02
-.6242943E-02
-.6404649E-02
-.6492334E-02
-.6375878E-02
-.6370527E-02
-.6552252E-02
-.6733910E-02
-.6922504E-02
-.7128763E-02
-.6854971E-02
-.6486876E-02
-.6778594E-02
-.7178841E-02
-.7024266E-02
-.6514820E-02
-.6120764E-02
-.5975843E-02
-.5735550E-02
-.5185001E-02
-.4603785E-02
-.4064017E-02
-.3265805E-02
-.2312631E-02
-.1460893E-02
-.7151850E-03
.5877270E-04
.9447494E-03
.1735162E-02
.2186235E-02
.2449141E-02
.2738506E-02
.3090851E-02
.3445858E-02
.3775100E-02
.4090887E-02
.4359358E-02
.4299203E-02
.4014049E-02
.3772626E-02
.3448747E-02
.2945312E-02
.2496869E-02
.2171658E-02
.1888388E-02
.1865569E-02
.2185640E-02
.2846706E-02
.3365532E-02
.3248788E-02
.2736831E-02
.2182611E-02
.1782709E-02
.1549087E-02
.1455189E-02
.1399492E-02
.1361252E-02
.1362481E-02
.1525642E-02
.1957364E-02
.2433707E-02
.2750875E-02
.2805878E-02
.2890948E-02
.3463031E-02
.4586419E-02
.5938996E-02
.6723869E-02
.7015248E-02
.7336994E-02
.7636593E-02
.7646070E-02
.7626799E-02
.7605271E-02
.7205402E-02
.6571005E-02
.6001804E-02
.5344147E-02
.4570953E-02
.3894311E-02
.3240240E-02
.2486700E-02
.1898960E-02
.1466791E-02
.9306236E-03
.5791807E-03
.7488277E-03
.1322192E-02
.1745436E-02
.1448984E-02
.8401224E-03
.4698562E-03
.3262989E-03
.1596311E-03
-.9540405E-04
-.3082261E-03
-.3746658E-03
-.3210240E-03
-.2480759E-03
-.2107671E-03
-.2114714E-03
-.2187904E-03
-.1379973E-03
-.1411892E-04
.1773000E-04
-.7582429E-04
-.2318734E-03
-.3509701E-03
-.4955428E-03
-.8541543E-03
-.1236549E-02
-.1400916E-02
-.1359118E-02
-.1220065E-02
-.9285945E-03
-.6228134E-03
-.4778044E-03
-.6904890E-03
-.1146134E-02
-.1490680E-02
-.1602622E-02
-.1614842E-02
-.1736940E-02
-.1883203E-02
-.1751291E-02
-.1462865E-02
-.1252732E-02
-.9927170E-03
-.5849345E-03
-.1615074E-03
.2796452E-03
.8273527E-03
.1518134E-02
.2202048E-02
.2586764E-02
.2636504E-02
.2425386E-02
.2256032E-02
.2234367E-02
.2232140E-02
.2200112E-02
.2221472E-02
.2282811E-02
.2337490E-02
.2379325E-02
.2608543E-02
.3220921E-02
.3877973E-02
.4332842E-02
.4666042E-02
.5026365E-02
.5403447E-02
.5526217E-02
.5361112E-02
.5138605E-02
.4930805E-02
.4627754E-02
.4183492E-02
.3646296E-02
.3005497E-02
.2251438E-02
.1347661E-02
.5940664E-04
-.1314798E-02
-.1893023E-02
-.1741158E-02
-.1355949E-02
-.1457772E-02
-.2032939E-02
-.2505142E-02
-.2512308E-02
-.2122904E-02
-.1953131E-02
-.2052042E-02
-.1768076E-02
-.1235736E-02
-.9753986E-03
-.7254308E-03
-.2006960E-03
.4065235E-03
.8446676E-03
.1067079E-02
.1258382E-02
.1501212E-02
.1623366E-02
.1591365E-02
.1534883E-02
.1860992E-02
.2588641E-02
.2588339E-02
.1774868E-02
.8787507E-03
.2647104E-03
-.2180136E-03
-.5855417E-03
-.8545669E-03
-.1060435E-02
-.1356753E-02
-.1744664E-02
-.1806577E-02
-.1591354E-02
-.1461504E-02
-.1616531E-02
-.1956858E-02
-.2124603E-02
-.2213017E-02
-.2531127E-02
-.2480795E-02
-.1749424E-02
-.1730910E-02
-.2395250E-02
-.2593858E-02
-.2190077E-02
-.1706955E-02
-.1484945E-02
-.1476173E-02
-.1577997E-02
-.1467539E-02
-.1022430E-02
-.6301798E-03
-.4621152E-03
-.3738845E-03
-.1888763E-03
.5878967E-04
.5340182E-05
-.2465379E-03
-.2823871E-03
-.2177581E-03
-.3566623E-03
-.7221767E-03
-.1119273E-02
-.1404988E-02
-.1423790E-02
-.1150359E-02
-.7920957E-03
-.5558516E-03
-.5367391E-03
-.4036199E-03
.4818400E-04
.3928219E-03
.4839767E-03
.6928799E-03
.9505658E-03
.1012822E-02
.1098751E-02
.1313722E-02
.1425213E-02
.1513950E-02
.1740739E-02
.1794926E-02
.1504224E-02
.1014057E-02
.5575580E-03
.1682520E-03
-.4183497E-03
-.1222173E-02
-.1918614E-02
-.2196538E-02
-.2074176E-02
-.1911376E-02
-.1958838E-02
-.2338437E-02
-.2845948E-02
-.3281905E-02
-.3595096E-02
-.3802501E-02
-.3830510E-02
-.3795022E-02
-.3844978E-02
-.4136208E-02
-.4528567E-02
-.4656595E-02
-.4587523E-02
-.4556125E-02
-.4475330E-02
-.4338810E-02
-.4432428E-02
-.4617096E-02
-.4622983E-02
-.4734518E-02
-.5085046E-02
-.5213511E-02
-.4952076E-02
-.4512701E-02
-.4378164E-02
-.4574029E-02
-.4673022E-02
-.4455831E-02
-.4026926E-02
-.3916726E-02
-.4373256E-02
-.5146662E-02
-.5809955E-02
-.6179912E-02
-.6312582E-02
-.6321628E-02
-.6908589E-02
-.7061512E-02
-.7031357E-02
-.6867694E-02
-.6673670E-02
-.6287832E-02
-.5655001E-02
-.4780325E-02
-.4213581E-02
-.4253740E-02
-.4256170E-02
-.3878854E-02
-.3410453E-02
-.3046519E-02
-.2731043E-02
-.2497969E-02
-.2392277E-02
-.2428459E-02
-.2438554E-02
-.2303393E-02
-.2301921E-02
-.2587185E-02
-.3136895E-02
-.3604241E-02
-.3697742E-02
-.3744485E-02
-.3997121E-02
-.4264435E-02
-.4406116E-02
-.4466651E-02
-.4392856E-02
-.4176544E-02
-.3835200E-02
-.3414427E-02
-.2937602E-02
-.2370846E-02
-.1716925E-02
-.1197721E-02
-.8560443E-03
-.6133510E-03
-.2257169E-03
.3464631E-03
.5822514E-03
.4771459E-03
.4372146E-03
.6920283E-03
.1102284E-02
.1073879E-02
.5513500E-03
.3132908E-04
-.2710728E-03
-.5216774E-03
-.9892036E-03
-.1640613E-02
-.2203302E-02
-.2541331E-02
-.2719850E-02
-.2825195E-02
-.2887569E-02
-.2920933E-02
-.2859170E-02
-.2643213E-02
-.2533023E-02
-.2610500E-02
-.2600069E-02
-.2661272E-02
-.3153260E-02
-.3548527E-02
-.3454271E-02
-.2824907E-02
-.2066317E-02
-.1532988E-02
-.1327793E-02
-.1229028E-02
-.8661225E-03
-.3233094E-03
.1080166E-03
.4612399E-03
.9165003E-03
.1545825E-02
.2114457E-02
.2241516E-02
.2013745E-02
.1707221E-02
.1465647E-02
.1213919E-02
.8194649E-03
.5003492E-03
.4160399E-03
.1696281E-03
.5286143E-04
.1080859E-02
.2280701E-02
.2439638E-02
.1773189E-02
.1081109E-02
.8382202E-03
.8515912E-03
.7906257E-03
.5893852E-03
.4127834E-03
.4214610E-03
.6217077E-03
.8776482E-03
.7347888E-03
.3840560E-03
.6789437E-03
.1444519E-02
.2045186E-02
.2276109E-02
.2301440E-02
.2204165E-02
.2274597E-02
.2697371E-02
.2797872E-02
.2353256E-02
.2017042E-02
.1811248E-02
.1246661E-02
.6575622E-03
.3611548E-03
.1495571E-03
.7950538E-05
.1603439E-03
.3737920E-03
.4865108E-03
.8074755E-03
.1203063E-02
.1261664E-02
.1133148E-02
.1058232E-02
.8765028E-03
.7661932E-03
.1100782E-02
.1601523E-02
.1953076E-02
.2218544E-02
.2510786E-02
.2756960E-02
.2768337E-02
.2484930E-02
.2068068E-02
.1620607E-02
.1048071E-02
.4250234E-03
-.1051215E-03
-.4623748E-03
-.7412117E-03
-.1028811E-02
-.1267382E-02
-.1366777E-02
-.1257411E-02
-.1017985E-02
-.7066381E-03
-.3597871E-03
.2277007E-04
.5304807E-03
.1075826E-02
.1370140E-02
.1570669E-02
.1913961E-02
.2180542E-02
.2237678E-02
.2261865E-02
.2226647E-02
.1911526E-02
.1224942E-02
.4960835E-03
.3153215E-03
.4506242E-03
.4191496E-03
.1187474E-03
-.2159240E-03
-.3568816E-03
-.3066129E-03
-.2025360E-03
-.2433657E-03
-.4089013E-03
-.5268169E-03
-.6524521E-03
-.9194682E-03
-.1344126E-02
-.1793328E-02
-.2063682E-02
-.2176999E-02
-.2264313E-02
-.2421567E-02
-.2608973E-02
-.2730669E-02
-.2710020E-02
-.2550891E-02
-.2282432E-02
-.2133041E-02
-.2543826E-02
-.3109116E-02
-.3334562E-02
-.3400994E-02
-.3461176E-02
-.3222604E-02
-.2797885E-02
-.2457772E-02
-.2219631E-02
-.1974731E-02
-.1699031E-02
-.1519927E-02
-.1502666E-02
-.1463640E-02
-.1337754E-02
-.1262023E-02
-.1363274E-02
-.1607884E-02
-.1746483E-02
-.1689674E-02
-.1519388E-02
-.1287740E-02
-.9933896E-03
-.7244237E-03
-.5142329E-03
-.3352925E-03
-.2245952E-03
-.1674821E-03
.2727938E-03
.1004920E-02
.1323823E-02
.1407707E-02
.1846205E-02
.2539325E-02
.3222757E-02
.3972502E-02
.4612762E-02
.4883650E-02
.5125635E-02
.5550596E-02
.5794138E-02
.5880765E-02
.6125740E-02
.6245379E-02
.6059519E-02
.5827103E-02
.5760643E-02
.5849889E-02
.5964485E-02
.6027072E-02
.6008367E-02
.6028759E-02
.6206559E-02
.6410060E-02
.6496821E-02
.6342786E-02
.6124217E-02
.6056358E-02
.5975317E-02
.5747558E-02
.5500041E-02
.5304749E-02
.5108500E-02
.4874958E-02
.4599175E-02
.4200868E-02
.3945374E-02
.4129342E-02
.4159037E-02
.3705636E-02
.3039909E-02
.2523714E-02
.2214516E-02
.1717879E-02
.1013076E-02
.5972441E-03
.5630110E-03
.7193798E-03
.8514207E-03
.8248169E-03
.4924871E-03
.8140255E-04
-.1683414E-03
-.2733707E-03
-.3869599E-03
-.6057025E-03
-.8484764E-03
-.1024944E-02
-.1187433E-02
-.1380126E-02
-.1559984E-02
-.1658546E-02
-.1697527E-02
-.1962140E-02
-.2429369E-02
-.2730310E-02
-.2924149E-02
-.3199212E-02
-.3244946E-02
-.3142202E-02
-.3347162E-02
-.3858925E-02
-.4368329E-02
-.4512579E-02
-.4406229E-02
-.4329126E-02
-.4243235E-02
-.4017208E-02
-.3866457E-02
-.3812550E-02
-.3697384E-02
-.3662130E-02
-.3859556E-02
-.4119520E-02
-.4294678E-02
-.4408514E-02
-.4619861E-02
-.4986901E-02
-.5375116E-02
-.5649469E-02
-.5773567E-02
-.5779961E-02
-.5759284E-02
-.5871300E-02
-.6035826E-02
-.6083266E-02
-.6040447E-02
-.6014172E-02
-.6061042E-02
-.6079212E-02
-.5951249E-02
-.5768618E-02
-.5616593E-02
-.5404336E-02
-.5140372E-02
-.4922191E-02
-.4753042E-02
-.4574962E-02
-.4319011E-02
-.4122148E-02
-.4178443E-02
-.4475381E-02
-.4844992E-02
-.5131946E-02
-.5331009E-02
-.5476753E-02
-.5485608E-02
-.5397307E-02
-.5417687E-02
-.5429241E-02
-.5199754E-02
-.4885078E-02
-.4650068E-02
-.4435206E-02
-.4147487E-02
-.3769586E-02
-.3380380E-02
-.3029279E-02
-.2701390E-02
-.2344731E-02
-.1938564E-02
-.1590572E-02
-.1326338E-02
-.1015812E-02
-.6647664E-03
-.3896629E-03
-.2607234E-03
-.1923321E-03
.5327466E-04
.4400066E-03
.7715679E-03
.8797352E-03
.8273546E-03
.7621747E-03
.8652524E-03
.1244386E-02
.1747085E-02
.2192505E-02
.2443732E-02
.2541980E-02
.2556889E-02
.2499870E-02
.2400083E-02
.2399785E-02
.2352549E-02
.2017086E-02
.1547109E-02
.1174360E-02
.9674268E-03
.7945700E-03
.5544314E-03
.2869668E-03
.4909944E-04
-.1754324E-03
-.4848687E-03
-.8859200E-03
-.1051776E-02
-.8663445E-03
-.4908540E-03
-.3400745E-03
-.5569261E-03
-.8082903E-03
-.8536992E-03
-.7037265E-03
-.5862593E-03
-.6236935E-03
-.7373861E-03
-.8179526E-03
-.8458671E-03
-.8011300E-03
-.6910023E-03
-.6335304E-03
-.6224452E-03
-.5495818E-03
-.4868398E-03
-.5071191E-03
-.4091553E-03
-.1943464E-03
-.2575747E-04
.9240623E-04
.2244605E-03
.3023721E-03
.3699486E-03
.5349248E-03
.7249161E-03
.8486906E-03
.9185493E-03
.1013402E-02
.1172274E-02
.1235750E-02
.1141846E-02
.1204620E-02
.1466992E-02
.1734036E-02
.1927891E-02
.2106959E-02
.2309236E-02
.2532589E-02
.2767785E-02
.2996289E-02
.3184882E-02
.3214819E-02
.3122771E-02
.2995675E-02
.2943787E-02
.3000548E-02
.3122187E-02
.3203837E-02
.3182858E-02
.3087575E-02
.2968413E-02
.2906985E-02
.2857597E-02
.2729468E-02
.2577686E-02
.2493408E-02
.2554004E-02
.2657165E-02
.2672313E-02
.2627818E-02
.2609009E-02
.2685459E-02
.2782836E-02
.2797447E-02
.2722179E-02
.2593571E-02
.2416776E-02
.2245924E-02
.2138769E-02
.2060925E-02
.1982345E-02
.1979145E-02
.1955383E-02
.1775553E-02
.1706592E-02
.1858090E-02
.1990803E-02
.2017231E-02
.2037321E-02
.2042160E-02
.2001060E-02
.1930259E-02
.1888857E-02
.1916804E-02
.1959134E-02
.1969245E-02
.1953233E-02
.1948291E-02
.1969903E-02
.1974069E-02
.1964353E-02
.2078282E-02
.2190262E-02
.2094818E-02
.2006362E-02
.2066486E-02
.2084663E-02
.2014481E-02
.1975353E-02
.1972169E-02
.1953582E-02
.1907160E-02
.1833872E-02
.1734781E-02
.1688783E-02
.1705633E-02
.1709829E-02
.1719993E-02
.1795040E-02
.1800187E-02
.1704454E-02
.1653228E-02
.1661660E-02
.1649610E-02
.1626219E-02
.1619417E-02
.1612306E-02
.1607696E-02
.1624140E-02
.1646256E-02
.1654481E-02
.1644989E-02
.1659160E-02
.1728932E-02
.1778569E-02
.1767204E-02
.1729649E-02
.1704951E-02
.1695625E-02
.1694959E-02
.1696146E-02
.1695223E-02
.1687164E-02
.1666583E-02
.1624533E-02
.1573202E-02
.1541486E-02
.1532797E-02
.1535450E-02
.1522879E-02
.1496350E-02
.1481654E-02
.1480058E-02
.1476668E-02
.1462988E-02
.1447731E-02
.1447052E-02
.1445404E-02
.1421599E-02
.1391387E-02
.1375722E-02
.1380737E-02
.1382094E-02
.1359202E-02
.1320659E-02
.1282867E-02
.1251577E-02
.1222124E-02
.1190049E-02
.1158583E-02
.1132832E-02
.1115812E-02
.1099647E-02
.1076913E-02
.1049802E-02
.1023672E-02
.1000862E-02
.9807138E-03
.9626595E-03
.9520314E-03
.9466260E-03
.9358496E-03
.9170488E-03
.8942258E-03
.8676113E-03
.8426546E-03
.8325147E-03
.8300249E-03
.8227685E-03
.8058894E-03
.7843205E-03
.7643511E-03
.7535990E-03
.7503405E-03
.7344486E-03
.7077088E-03
.6862952E-03
.6748194E-03
.6675748E-03
.6604026E-03
.6498807E-03
.6324552E-03
.6148133E-03
.6024134E-03
.5914457E-03
.5784774E-03
.5645205E-03
.5542231E-03
.5483321E-03
.5391359E-03
.5240147E-03
.5044240E-03
.4861482E-03
.4716632E-03
.4575603E-03
.4433797E-03
.4315066E-03
.4192052E-03
.4046255E-03
.3917664E-03
.3813884E-03
.3710756E-03
.3598286E-03
.3481761E-03
.3360563E-03
.3238100E-03
.3119192E-03
.3005343E-03
.2894688E-03
.2783026E-03
.2666537E-03
.2544381E-03
.2422274E-03
.2303961E-03
.2191074E-03
.2079088E-03
.1963715E-03
.1843910E-03
.1721843E-03
.1602361E-03
.1480565E-03
.1349525E-03
.1215244E-03
.1083241E-03
.9499617E-04
.8150007E-04
.6808695E-04
.5368080E-04
.3801865E-04
.2340821E-04
.9900833E-05
-.4002338E-05
-.1840984E-04
-.3266712E-04
-.4651892E-04
-.5993253E-04
-.7293247E-04
-.8606497E-04
-.9952274E-04
-.1128201E-03
-.1258700E-03
-.1389689E-03
-.1525254E-03
-.1664945E-03
-.1801662E-03
-.1934148E-03
-.2065850E-03
-.2199679E-03
-.2334738E-03
-.2468003E-03
-.2599635E-03
-.2731491E-03
-.2864166E-03
-.2997057E-03
-.3129737E-03
-.3262459E-03
-.3395529E-03
-.3528232E-03
-.3660076E-03
-.3790851E-03
-.3921097E-03
-.4051320E-03
-.4181515E-03
-.4311515E-03
-.4441538E-03
-.4570890E-03
-.4698933E-03
-.4826802E-03
-.4955131E-03
-.5083512E-03
-.5211482E-03
-.5338986E-03
-.5465991E-03
-.5592580E-03
-.5719151E-03
-.5845592E-03
-.5971579E-03
-.6097051E-03
-.6222111E-03
-.6346816E-03
-.6471129E-03
-.6594980E-03
-.6718370E-03
-.6841324E-03
-.6963848E-03
-.7085968E-03
-.7207642E-03
-.7328815E-03
-.7449462E-03
-.7569613E-03
-.7689363E-03
-.7808673E-03
-.7927460E-03
-.8045665E-03
-.8163305E-03
-.8280448E-03
-.8397090E-03
-.8513193E-03
-.8628744E-03
-.8743748E-03
-.8858203E-03
-.8972106E-03
-.9085455E-03
-.9198238E-03
-.9310446E-03
-.9422075E-03
-.9533121E-03
-.9643580E-03
-.9753446E-03
-.9862715E-03
-.9971380E-03
-.1007944E-02
-.1018687E-02
-.1029369E-02
-.1039988E-02
-.1050544E-02
-.1061036E-02
-.1071464E-02
-.1081826E-02
-.1092123E-02
-.1102353E-02
-.1112517E-02
-.1122613E-02
-.1132641E-02
-.1142600E-02
-.1152490E-02
-.1162309E-02
-.1172059E-02
-.1181737E-02
-.1191344E-02
-.1200878E-02
-.1210339E-02
-.1219727E-02
-.1229041E-02
