-.7600357E-04
-.7394555E-04
-.7187910E-04
-.6979103E-04
-.6770312E-04
-.6560053E-04
-.6348766E-04
-.6135762E-04
-.5922473E-04
-.5707053E-04
-.5491202E-04
-.5273707E-04
-.5055075E-04
-.4835832E-04
-.4613067E-04
-.4387182E-04
-.4157628E-04
-.3927250E-04
-.3700344E-04
-.3479820E-04
-.3266402E-04
-.3054408E-04
-.2840338E-04
-.2608960E-04
-.2366620E-04
-.2129951E-04
-.1899717E-04
-.1657676E-04
-.1372201E-04
-.1041498E-04
-.6803787E-05
-.3420522E-05
-.8402412E-06
.7970346E-06
.2234966E-05
.4318022E-05
.7168005E-05
.9931603E-05
.1224363E-04
.1413670E-04
.1587981E-04
.1942197E-04
.2503118E-04
.3085743E-04
.3600763E-04
.3865648E-04
.3788417E-04
.3665761E-04
.3797490E-04
.4194403E-04
.4605961E-04
.4918464E-04
.5268691E-04
.5825903E-04
.5922190E-04
.4574961E-04
.2614687E-04
.1342938E-04
.1677024E-04
.3070675E-04
.3866200E-04
.3354750E-04
.2958055E-04
.4265514E-04
.6991879E-04
.9265388E-04
.9430012E-04
.7674631E-04
.5472434E-04
.4905303E-04
.6562966E-04
.8920955E-04
.9958418E-04
.9002256E-04
.7697579E-04
.5893327E-04
.4012219E-04
.2202107E-04
.2258045E-05
-.1817695E-04
-.1848709E-04
.2254127E-04
.8003479E-04
.1116882E-03
.1090194E-03
.1027385E-03
.1265833E-03
.1636271E-03
.1496258E-03
.8851065E-04
.4895788E-04
.5268765E-04
.7757948E-04
.1220649E-03
.1580350E-03
.1797138E-03
.1979316E-03
.2037704E-03
.1812421E-03
.1392969E-03
.1231539E-03
.1728644E-03
.2709723E-03
.3804239E-03
.4615318E-03
.4941137E-03
.5024625E-03
.5336437E-03
.6153171E-03
.6772413E-03
.6259353E-03
.4852531E-03
.3976139E-03
.4456014E-03
.4791278E-03
.3627652E-03
.1459660E-03
-.7481194E-05
-.4848653E-04
-.8848794E-04
-.1872241E-03
-.3310462E-03
-.2991612E-03
.1600653E-04
.4059919E-03
.6228974E-03
.5540226E-03
.3601254E-03
.2396584E-03
.2796823E-03
.3832033E-03
.4091663E-03
.3398182E-03
.3445089E-03
.4271660E-03
.5577739E-03
.6201809E-03
.5073533E-03
.4857086E-03
.7433544E-03
.1188545E-02
.1571473E-02
.1589040E-02
.1169472E-02
.5722120E-03
.1242074E-05
-.3969692E-03
-.7110075E-03
-.1028772E-02
-.1292235E-02
-.1464071E-02
-.1441252E-02
-.1204102E-02
-.7066301E-03
-.1022811E-03
.4158413E-03
.5357617E-03
.3226564E-04
-.5271872E-03
-.6033952E-03
-.5057022E-04
.8351482E-03
.1489359E-02
.1436903E-02
.1003593E-02
.7282961E-03
.8565809E-03
.1138220E-02
.9972799E-03
.5028480E-03
.3312112E-03
.6769830E-03
.1259446E-02
.1265149E-02
.2082131E-03
-.1345740E-02
-.2300709E-02
-.2003794E-02
-.4232156E-03
.1671923E-02
.3228466E-02
.3870244E-02
.3954081E-02
.3714671E-02
.3572406E-02
.3599023E-02
.3395212E-02
.2798653E-02
.1642943E-02
-.8992465E-04
-.1798102E-02
-.3189626E-02
-.4171531E-02
-.4672429E-02
-.4765741E-02
-.3990663E-02
-.1579271E-02
.1948633E-02
.4930539E-02
.6200535E-02
.5890459E-02
.4750338E-02
.3448812E-02
.3022361E-02
.3387212E-02
.3401575E-02
.2535401E-02
.1583708E-02
.1501495E-02
.2439334E-02
.3288132E-02
.3206576E-02
.2377092E-02
.1405709E-02
.9376760E-03
.9441458E-03
.8312046E-03
.1177622E-03
-.1545539E-02
-.3530409E-02
-.3926462E-02
-.2071644E-02
.7018331E-03
.2899281E-02
.3589910E-02
.3278170E-02
.2423446E-02
.1166616E-02
-.2866800E-03
-.1422670E-02
-.1257064E-02
.8899731E-03
.4129437E-02
.6765768E-02
.8513796E-02
.9153642E-02
.8858150E-02
.8103171E-02
.6818549E-02
.4440952E-02
.3561307E-03
-.4423771E-02
-.7311010E-02
-.7310647E-02
-.4962651E-02
-.2401163E-02
-.1571925E-02
-.2699001E-02
-.3979886E-02
-.3180857E-02
-.4836367E-03
.1905713E-02
.2909026E-02
.2397191E-02
.5115261E-03
-.2199935E-02
-.4923456E-02
-.7304266E-02
-.9217033E-02
-.9781654E-02
-.8783608E-02
-.7345358E-02
-.5978651E-02
-.5182584E-02
-.5383355E-02
-.6467897E-02
-.8395882E-02
-.1027993E-01
-.1121241E-01
-.1111285E-01
-.1011233E-01
-.9325011E-02
-.9387703E-02
-.9420716E-02
-.8166319E-02
-.5789784E-02
-.3227198E-02
-.1487013E-02
.9211842E-04
.4355970E-02
.1098388E-01
.1681314E-01
.1850272E-01
.1633252E-01
.1353190E-01
.1201103E-01
.1223223E-01
.1340966E-01
.1434138E-01
.1516028E-01
.1741510E-01
.1972469E-01
.1862653E-01
.9709604E-02
-.4245254E-02
-.1511538E-01
-.1835037E-01
-.1602105E-01
-.1288127E-01
-.1170650E-01
-.1109019E-01
-.8401395E-02
-.3425342E-02
.1451453E-02
.3971000E-02
.4622357E-02
.5666596E-02
.7648766E-02
.1018301E-01
.1212728E-01
.1352880E-01
.1560745E-01
.1836822E-01
.2078483E-01
.2265622E-01
.2338880E-01
.2212365E-01
.1918780E-01
.1431941E-01
.8423713E-02
.4095758E-02
.1346902E-02
-.2037794E-02
-.6169584E-02
-.1013991E-01
-.1181508E-01
-.1094123E-01
-.8482801E-02
-.7070417E-02
-.1008861E-01
-.1732196E-01
-.2389708E-01
-.2545456E-01
-.2216671E-01
-.1701050E-01
-.1261391E-01
-.7296918E-02
.7140730E-03
.8938924E-02
.1294618E-01
.1213893E-01
.1025124E-01
.1009121E-01
.1225430E-01
.1516801E-01
.1537402E-01
.1222643E-01
.7566626E-02
.4148054E-02
.2770621E-02
.2142309E-02
.1611796E-03
-.4084082E-02
-.8949984E-02
-.1168515E-01
-.1203509E-01
-.1233772E-01
-.1615145E-01
-.2460786E-01
-.3449399E-01
-.4079275E-01
-.4286860E-01
-.4245979E-01
-.3895905E-01
-.3070054E-01
-.2029562E-01
-.1393430E-01
-.1261885E-01
-.1264846E-01
-.8524758E-02
.1939011E-02
.1463376E-01
.2301974E-01
.2506794E-01
.2374683E-01
.2085618E-01
.1706870E-01
.1333847E-01
.1113536E-01
.1073766E-01
.1161185E-01
.1257732E-01
.1129275E-01
.7149945E-02
.1735093E-02
-.2861039E-02
-.5552264E-02
-.6289850E-02
-.4883025E-02
-.2018146E-02
.3440195E-03
.8406809E-03
.1651267E-03
.1613125E-03
.4020806E-03
-.5522019E-03
-.2296510E-02
-.3414426E-02
-.2981942E-02
-.5360426E-03
.2794066E-02
.5049684E-02
.6519571E-02
.7673615E-02
.9177331E-02
.1081852E-01
.1332873E-01
.1702605E-01
.2098917E-01
.2441757E-01
.2601218E-01
.2462624E-01
.2095361E-01
.1761110E-01
.1527301E-01
.1297804E-01
.1043939E-01
.7211923E-02
.4240844E-02
.1948617E-02
.1310209E-02
.1763619E-02
.1596943E-02
-.3384226E-03
-.2781700E-02
-.3835590E-02
-.3728210E-02
-.3559370E-02
-.4012149E-02
-.5204568E-02
-.6323916E-02
-.6964336E-02
-.8587596E-02
-.1152319E-01
-.1463713E-01
-.1638632E-01
-.1591393E-01
-.1341849E-01
-.1020561E-01
-.7757270E-02
-.6741980E-02
-.6670042E-02
-.6373229E-02
-.5074930E-02
-.3981155E-02
-.4276557E-02
-.7629822E-02
-.1327707E-01
-.1909693E-01
-.2272852E-01
-.2358837E-01
-.2272727E-01
-.2063783E-01
-.1789410E-01
-.1505645E-01
-.1307917E-01
-.1232391E-01
-.1267640E-01
-.1414338E-01
-.1667931E-01
-.1939265E-01
-.2048605E-01
-.1826637E-01
-.1226908E-01
-.3103342E-02
.6913470E-02
.1544235E-01
.2189690E-01
.2662965E-01
.2991537E-01
.3171829E-01
.3203006E-01
.3078979E-01
.2881741E-01
.2606286E-01
.2178928E-01
.1539474E-01
.8770102E-02
.4547189E-02
.3863486E-02
.4684711E-02
.4387640E-02
.1010532E-02
-.7822304E-02
-.1791286E-01
-.2369802E-01
-.2529396E-01
-.2592289E-01
-.2704462E-01
-.2731303E-01
-.2541818E-01
-.2135032E-01
-.1565224E-01
-.8740304E-02
-.1829022E-02
.3915869E-02
.9047567E-02
.1431948E-01
.1950820E-01
.2382027E-01
.2611299E-01
.2554944E-01
.2313190E-01
.2079084E-01
.1911380E-01
.1838134E-01
.1825102E-01
.1757294E-01
.1619957E-01
.1467716E-01
.1193460E-01
.6558784E-02
-.9106336E-03
-.7353016E-02
-.9949894E-02
-.9302581E-02
-.7327221E-02
-.5228973E-02
-.3660446E-02
-.2218500E-02
-.6506418E-03
.1015247E-02
.2665109E-02
.4028366E-02
.5056603E-02
.5104297E-02
.2848309E-02
-.2436077E-02
-.9627634E-02
-.1573481E-01
-.1806884E-01
-.1695815E-01
-.1395856E-01
-.1214206E-01
-.1253847E-01
-.1444022E-01
-.1689383E-01
-.1936357E-01
-.2153274E-01
-.2369169E-01
-.2578679E-01
-.2680425E-01
-.2443155E-01
-.1672533E-01
-.5257667E-02
.6496040E-02
.1487859E-01
.1923822E-01
.2060245E-01
.1964686E-01
.1753367E-01
.1630217E-01
.1706301E-01
.1867070E-01
.1937381E-01
.1926334E-01
.1849184E-01
.1750181E-01
.1657318E-01
.1495950E-01
.1223313E-01
.7975872E-02
.1682612E-02
-.7101755E-02
-.1593385E-01
-.2219799E-01
-.2524796E-01
-.2657844E-01
-.2728784E-01
-.2710435E-01
-.2598354E-01
-.2496933E-01
-.2462466E-01
-.2337660E-01
-.2007512E-01
-.1618000E-01
-.1224869E-01
-.7706247E-02
-.2819589E-02
.1390312E-02
.4378909E-02
.5343481E-02
.3699344E-02
.1999547E-03
-.4781850E-02
-.1107775E-01
-.1685645E-01
-.2063289E-01
-.2205378E-01
-.2252108E-01
-.2386430E-01
-.2629375E-01
-.2904545E-01
-.3108368E-01
-.3218122E-01
-.3299784E-01
-.3395097E-01
-.3455970E-01
-.3413402E-01
-.3280736E-01
-.3047000E-01
-.2827086E-01
-.2660248E-01
-.2309505E-01
-.1541067E-01
-.3713679E-02
.8994569E-02
.2010942E-01
.2798590E-01
.3212328E-01
.3408077E-01
.3549991E-01
.3613429E-01
.3549295E-01
.3372748E-01
.3172668E-01
.2974921E-01
.2713689E-01
.2279293E-01
.1596748E-01
.9870741E-02
.6404080E-02
.4513274E-02
.2804575E-02
.4447337E-03
-.2618434E-02
-.5484793E-02
-.8442672E-02
-.1196114E-01
-.1658820E-01
-.2168605E-01
-.2578697E-01
-.2912675E-01
-.3212813E-01
-.3437111E-01
-.3474683E-01
-.3283204E-01
-.2884431E-01
-.2341550E-01
-.1692617E-01
-.1022068E-01
-.4124126E-02
.2708322E-03
.2809462E-02
.3157811E-02
.1524563E-02
-.9735090E-03
-.3378612E-02
-.5316895E-02
-.7333741E-02
-.9515293E-02
-.1187464E-01
-.1451691E-01
-.1771548E-01
-.2149487E-01
-.2559688E-01
-.2889674E-01
-.3129279E-01
-.3259705E-01
-.3266175E-01
-.3239485E-01
-.3194603E-01
-.3191691E-01
-.3183257E-01
-.3137497E-01
-.2980010E-01
-.2798270E-01
-.2719020E-01
-.2702707E-01
-.2726211E-01
-.2807133E-01
-.2965135E-01
-.3162986E-01
-.3298611E-01
-.3388904E-01
-.3503097E-01
-.3671890E-01
-.3886819E-01
-.4119577E-01
-.4324592E-01
-.4417589E-01
-.4340028E-01
-.4189347E-01
-.4030344E-01
-.3743917E-01
-.3229108E-01
-.2624399E-01
-.2074697E-01
-.1606365E-01
-.1238643E-01
-.8464025E-02
-.3039513E-02
.4097697E-02
.1234662E-01
.2033282E-01
.2828548E-01
.3534009E-01
.4053064E-01
.4484704E-01
.4920206E-01
.5358061E-01
.5818867E-01
.6403241E-01
.7095920E-01
.7887885E-01
.8874036E-01
.9949493E-01
.1093652E+00
.1171682E+00
.1224978E+00
.1275099E+00
.1340733E+00
.1418942E+00
.1494622E+00
.1550646E+00
.1588861E+00
.1621096E+00
.1658158E+00
.1694304E+00
.1721979E+00
.1741730E+00
.1756206E+00
.1763688E+00
.1758862E+00
.1736474E+00
.1693897E+00
.1633995E+00
.1568820E+00
.1506547E+00
.1440094E+00
.1361051E+00
.1273089E+00
.1178338E+00
.1082403E+00
.9935119E-01
.9087628E-01
.8073509E-01
.6800796E-01
.5538038E-01
.4543507E-01
.4005353E-01
.3729641E-01
.3382477E-01
.2791489E-01
.2008093E-01
.1176391E-01
.4193460E-02
-.3344346E-02
-.9776018E-02
-.1404171E-01
-.1557813E-01
-.1504120E-01
-.1281229E-01
-.9189412E-02
-.5415232E-02
-.3698647E-02
-.4218904E-02
-.6050394E-02
-.9408575E-02
-.1613092E-01
-.2741220E-01
-.4233785E-01
-.5812601E-01
-.7368032E-01
-.8918627E-01
-.1056796E+00
-.1245199E+00
-.1445759E+00
-.1639603E+00
-.1812567E+00
-.1962524E+00
-.2101969E+00
-.2246460E+00
-.2394364E+00
-.2522685E+00
-.2600592E+00
-.2621147E+00
-.2599411E+00
-.2544226E+00
-.2458162E+00
-.2347277E+00
-.2214763E+00
-.2062659E+00
-.1888164E+00
-.1688381E+00
-.1479049E+00
-.1286037E+00
-.1121267E+00
-.9801994E-01
-.8664840E-01
-.7954988E-01
-.7576458E-01
-.7338272E-01
-.7156281E-01
-.7037156E-01
-.6892139E-01
-.6666134E-01
-.6347193E-01
-.5860837E-01
-.5039383E-01
-.3892860E-01
-.2621692E-01
-.1415072E-01
-.4094493E-02
.3900834E-02
.1068955E-01
.1593489E-01
.1942293E-01
.2172507E-01
.2265486E-01
.2207152E-01
.2035814E-01
.1878161E-01
.1793234E-01
.1750165E-01
.1767264E-01
.1912317E-01
.2185822E-01
.2572633E-01
.3164967E-01
.4064010E-01
.5248227E-01
.6603753E-01
.7998849E-01
.9340066E-01
.1057407E+00
.1168285E+00
.1262372E+00
.1350203E+00
.1433924E+00
.1509378E+00
.1564416E+00
.1600271E+00
.1632753E+00
.1675994E+00
.1737184E+00
.1799195E+00
.1843381E+00
.1874000E+00
.1892587E+00
.1900644E+00
.1894254E+00
.1868512E+00
.1824127E+00
.1767260E+00
.1711629E+00
.1668883E+00
.1637788E+00
.1595939E+00
.1509957E+00
.1381268E+00
.1241229E+00
.1104504E+00
.9726243E-01
.8388448E-01
.6872242E-01
.5007096E-01
.2849065E-01
.6075828E-02
-.1538486E-01
-.3493499E-01
-.5278626E-01
-.6944698E-01
-.8611096E-01
-.1024242E+00
-.1178193E+00
-.1300932E+00
-.1367917E+00
-.1388419E+00
-.1384635E+00
-.1369660E+00
-.1349966E+00
-.1335046E+00
-.1329576E+00
-.1339941E+00
-.1357037E+00
-.1371207E+00
-.1377792E+00
-.1383723E+00
-.1388815E+00
-.1395039E+00
-.1412106E+00
-.1443758E+00
-.1487067E+00
-.1530649E+00
-.1566279E+00
-.1598928E+00
-.1627867E+00
-.1651559E+00
-.1669834E+00
-.1684922E+00
-.1691153E+00
-.1689371E+00
-.1678013E+00
-.1648893E+00
-.1588340E+00
-.1493822E+00
-.1379859E+00
-.1265381E+00
-.1149614E+00
-.1032492E+00
-.9175474E-01
-.8044525E-01
-.7004262E-01
-.6031295E-01
-.5110953E-01
-.4277457E-01
-.3482627E-01
-.2721191E-01
-.2052231E-01
-.1516742E-01
-.1214290E-01
-.1140089E-01
-.1193821E-01
-.1373586E-01
-.1649022E-01
-.1948009E-01
-.2231290E-01
-.2501777E-01
-.2730059E-01
-.2905695E-01
-.3122884E-01
-.3398386E-01
-.3661863E-01
-.3809950E-01
-.3719931E-01
-.3253904E-01
-.2106831E-01
-.2515635E-02
.1922630E-01
.4228020E-01
.6731670E-01
.9388332E-01
.1208699E+00
.1479655E+00
.1743671E+00
.1986297E+00
.2202501E+00
.2393539E+00
.2528731E+00
.2596215E+00
.2616420E+00
.2600341E+00
.2565905E+00
.2524920E+00
.2485349E+00
.2445562E+00
.2399937E+00
.2340501E+00
.2258472E+00
.2159990E+00
.2060605E+00
.1966562E+00
.1870545E+00
.1766582E+00
.1665304E+00
.1565232E+00
.1458824E+00
.1352626E+00
.1253382E+00
.1149606E+00
.1036478E+00
.9290833E-01
.8267965E-01
.7290643E-01
.6368338E-01
.5552359E-01
.4819738E-01
.4098898E-01
.3347577E-01
.2676258E-01
.2042755E-01
.1345761E-01
.5531508E-02
-.3649957E-02
-.1315687E-01
-.2322928E-01
-.3483792E-01
-.4818152E-01
-.6269359E-01
-.7703581E-01
-.9092617E-01
-.1056454E+00
-.1214927E+00
-.1369662E+00
-.1508616E+00
-.1618557E+00
-.1689978E+00
-.1727914E+00
-.1751561E+00
-.1776834E+00
-.1805263E+00
-.1833154E+00
-.1857078E+00
-.1879023E+00
-.1898688E+00
-.1914269E+00
-.1927699E+00
-.1935793E+00
-.1925512E+00
-.1894165E+00
-.1839673E+00
-.1768749E+00
-.1694933E+00
-.1624559E+00
-.1551157E+00
-.1475449E+00
-.1396568E+00
-.1302335E+00
-.1186270E+00
-.1055249E+00
-.9079163E-01
-.7568906E-01
-.6141041E-01
-.4879513E-01
-.3842831E-01
-.3010035E-01
-.2290404E-01
-.1719185E-01
-.1255810E-01
-.6906407E-02
-.3319390E-03
.5678434E-02
.1111836E-01
.1627154E-01
.2100048E-01
.2458415E-01
.2773789E-01
.3050387E-01
.3274510E-01
.3461221E-01
.3559092E-01
.3565086E-01
.3530049E-01
.3598815E-01
.3806895E-01
.4282881E-01
.5059358E-01
.5993835E-01
.6856186E-01
.7527460E-01
.8128848E-01
.8922856E-01
.1000433E+00
.1127442E+00
.1252829E+00
.1361376E+00
.1456122E+00
.1548485E+00
.1638560E+00
.1720313E+00
.1791879E+00
.1845852E+00
.1877678E+00
.1901453E+00
.1924681E+00
.1940353E+00
.1946774E+00
.1948968E+00
.1949808E+00
.1949475E+00
.1941428E+00
.1930110E+00
.1911846E+00
.1860627E+00
.1743204E+00
.1549489E+00
.1291002E+00
.9683124E-01
.5786074E-01
.1326214E-01
-.3446179E-01
-.8152879E-01
-.1231648E+00
-.1568595E+00
-.1822606E+00
-.1992014E+00
-.2078075E+00
-.2102941E+00
-.2090397E+00
-.2044991E+00
-.1950546E+00
-.1804589E+00
-.1615901E+00
-.1386509E+00
-.1114733E+00
-.8181166E-01
-.5186475E-01
-.2411243E-01
-.6153219E-03
.1645120E-01
.2574366E-01
.2800779E-01
.2545466E-01
.1893442E-01
.9201055E-02
-.1986965E-02
-.1322563E-01
-.2447176E-01
-.3562289E-01
-.4617545E-01
-.5525575E-01
-.6353482E-01
-.7195538E-01
-.8040824E-01
-.8794750E-01
-.9433366E-01
-.9964454E-01
-.1039875E+00
-.1075878E+00
-.1099844E+00
-.1102836E+00
-.1070270E+00
-.9724856E-01
-.7918461E-01
-.5608669E-01
-.3512319E-01
-.2261275E-01
-.1970264E-01
-.2198570E-01
-.2629487E-01
-.3248836E-01
-.3794001E-01
-.4077671E-01
-.4080836E-01
-.3829875E-01
-.3297706E-01
-.2257881E-01
-.6720634E-02
.1172715E-01
.3117770E-01
.5158242E-01
.7281524E-01
.9463290E-01
.1173710E+00
.1408003E+00
.1652084E+00
.1886312E+00
.2077597E+00
.2202416E+00
.2251181E+00
.2248540E+00
.2213808E+00
.2134406E+00
.2014739E+00
.1868195E+00
.1694512E+00
.1480385E+00
.1232285E+00
.9704832E-01
.7177088E-01
.4791312E-01
.2600057E-01
.7081303E-02
-.8092514E-02
-.1993083E-01
-.2904345E-01
-.3636570E-01
-.4154707E-01
-.4574787E-01
-.4994522E-01
-.5422322E-01
-.5824316E-01
-.6138134E-01
-.6403900E-01
-.6642912E-01
-.6857101E-01
-.7061955E-01
-.7262967E-01
-.7414660E-01
-.7455945E-01
-.7384350E-01
-.7319480E-01
-.7349128E-01
-.7426203E-01
-.7461665E-01
-.7482004E-01
-.7475331E-01
-.7456147E-01
-.7490977E-01
-.7676544E-01
-.8137608E-01
-.8919843E-01
-.9775005E-01
-.1029448E+00
-.1045993E+00
-.1055403E+00
-.1069157E+00
-.1087669E+00
-.1102937E+00
-.1108596E+00
-.1108149E+00
-.1100525E+00
-.1087979E+00
-.1065037E+00
-.1015355E+00
-.9082116E-01
-.7415871E-01
-.5393837E-01
-.3330860E-01
-.1594444E-01
-.3387364E-02
.5154332E-02
.1097596E-01
.1601397E-01
.2197480E-01
.2972574E-01
.3811806E-01
.4717128E-01
.5724356E-01
.6769401E-01
.7886125E-01
.9065685E-01
.1020576E+00
.1118967E+00
.1180056E+00
.1204719E+00
.1208940E+00
.1204154E+00
.1196238E+00
.1187043E+00
.1180151E+00
.1172567E+00
.1165898E+00
.1151005E+00
.1116970E+00
.1050337E+00
.9396524E-01
.7959406E-01
.6265465E-01
.4436669E-01
.2570997E-01
.6997730E-02
-.1177718E-01
-.2849233E-01
-.4245576E-01
-.5418191E-01
-.6495610E-01
-.7643374E-01
-.8871007E-01
-.1012037E+00
-.1130859E+00
-.1217640E+00
-.1259688E+00
-.1273840E+00
-.1276168E+00
-.1275962E+00
-.1264332E+00
-.1225153E+00
-.1152013E+00
-.1042288E+00
-.8998742E-01
-.7400709E-01
-.5690238E-01
-.3877397E-01
-.1997764E-01
-.1497743E-02
.1580069E-01
.3168505E-01
.4600515E-01
.5923791E-01
.7097534E-01
.8125456E-01
.9016154E-01
.9766999E-01
.1029856E+00
.1067900E+00
.1096182E+00
.1113146E+00
.1113205E+00
.1105402E+00
.1089626E+00
.1065152E+00
.1027806E+00
.9678879E-01
.8777756E-01
.7588418E-01
.6189518E-01
.4710890E-01
.3182999E-01
.1660444E-01
.2114628E-02
-.1225137E-01
-.2669080E-01
-.4034518E-01
-.5304073E-01
-.6557531E-01
-.7707758E-01
-.8647359E-01
-.9413612E-01
-.1009542E+00
-.1075660E+00
-.1146161E+00
-.1217529E+00
-.1286131E+00
-.1333764E+00
-.1355017E+00
-.1355488E+00
-.1334424E+00
-.1289279E+00
-.1228461E+00
-.1154524E+00
-.1062569E+00
-.9499476E-01
-.8126785E-01
-.6502631E-01
-.4638601E-01
-.2560924E-01
-.3311559E-02
.1978517E-01
.4287186E-01
.6488244E-01
.8436541E-01
.9972148E-01
.1103833E+00
.1171304E+00
.1214092E+00
.1245657E+00
.1268651E+00
.1278941E+00
.1277932E+00
.1263861E+00
.1231033E+00
.1160391E+00
.1047828E+00
.9020827E-01
.7450655E-01
.6028082E-01
.4882102E-01
.3891306E-01
.3018710E-01
.2253340E-01
.1454473E-01
.6223716E-02
-.1008831E-02
-.6202348E-02
-.9511536E-02
-.1214802E-01
-.1433634E-01
-.1614271E-01
-.1774357E-01
-.1885324E-01
-.1927350E-01
-.1951905E-01
-.1987681E-01
-.1982720E-01
-.1900238E-01
-.1685258E-01
-.1285652E-01
-.5829979E-02
.2972626E-02
.1140304E-01
.1923070E-01
.2742521E-01
.3570577E-01
.4280691E-01
.4795662E-01
.5117305E-01
.5256896E-01
.5242905E-01
.5035626E-01
.4581470E-01
.3809060E-01
.2836671E-01
.1898105E-01
.1030852E-01
.1302047E-02
-.7056446E-02
-.1297481E-01
-.1677085E-01
-.1929398E-01
-.2075803E-01
-.2104825E-01
-.1991193E-01
-.1740507E-01
-.1426286E-01
-.1103440E-01
-.8174012E-02
-.5949265E-02
-.4318052E-02
-.2932365E-02
-.1614704E-02
-.8418601E-03
-.7781297E-03
-.1443902E-02
-.2085918E-02
-.2127385E-02
-.1044656E-02
.7706136E-03
.3075154E-02
.5376168E-02
.7135256E-02
.8853769E-02
.1122524E-01
.1411053E-01
.1688129E-01
.1852317E-01
.1851347E-01
.1768527E-01
.1692603E-01
.1598112E-01
.1468348E-01
.1339324E-01
.1162584E-01
.9307391E-02
.7418895E-02
.5459242E-02
.2929612E-02
-.3230775E-04
-.3974691E-02
-.9812830E-02
-.1762767E-01
-.2641869E-01
-.3536455E-01
-.4430278E-01
-.5244593E-01
-.5889625E-01
-.6359295E-01
-.6717707E-01
-.7056743E-01
-.7342478E-01
-.7556381E-01
-.7714973E-01
-.7854843E-01
-.7919173E-01
-.7875366E-01
-.7687252E-01
-.7353990E-01
-.6804596E-01
-.6026197E-01
-.5094778E-01
-.4016376E-01
-.2959488E-01
-.2027613E-01
-.1104671E-01
.2786735E-03
.1278193E-01
.2409193E-01
.3241580E-01
.3724651E-01
.3974644E-01
.4141414E-01
.4245501E-01
.4222749E-01
.4103487E-01
.3929931E-01
.3768019E-01
.3585288E-01
.3312737E-01
.3013343E-01
.2673524E-01
.2279951E-01
.1860479E-01
.1413241E-01
.9255632E-02
.4035063E-02
-.2006572E-02
-.9225809E-02
-.1695740E-01
-.2423138E-01
-.2950936E-01
-.3244060E-01
-.3328580E-01
-.3310683E-01
-.3226685E-01
-.3111580E-01
-.2992648E-01
-.2868315E-01
-.2687459E-01
-.2461578E-01
-.2128877E-01
-.1719887E-01
-.1388835E-01
-.1128594E-01
-.9165202E-02
-.8070493E-02
-.8136524E-02
-.8457229E-02
-.8669164E-02
-.9239999E-02
-.1027185E-01
-.1129387E-01
-.1114735E-01
-.1024205E-01
-.7970017E-02
-.4651700E-02
-.1279372E-02
.2761963E-02
.7943129E-02
.1382212E-01
.1999920E-01
.2540793E-01
.2995082E-01
.3387242E-01
.3732142E-01
.4018507E-01
.4278727E-01
.4414956E-01
.4326960E-01
.4125308E-01
.3912995E-01
.3601881E-01
.3205223E-01
.2749887E-01
.2287979E-01
.1881727E-01
.1564708E-01
.1247546E-01
.9137801E-02
.6747279E-02
.6013613E-02
.6316035E-02
.6652150E-02
.6899515E-02
.7333286E-02
.8290749E-02
.1033595E-01
.1305444E-01
.1534766E-01
.1763109E-01
.2011596E-01
.2217350E-01
.2360249E-01
.2485239E-01
.2522288E-01
.2481097E-01
.2358374E-01
.2179812E-01
.1987105E-01
.1800601E-01
.1616177E-01
.1405305E-01
.1098423E-01
.7444252E-02
.3761816E-02
-.1512163E-02
-.9020802E-02
-.1689495E-01
-.2447287E-01
-.3136100E-01
-.3683461E-01
-.4118555E-01
-.4532273E-01
-.4913630E-01
-.5279558E-01
-.5670865E-01
-.6148677E-01
-.6557878E-01
-.6867510E-01
-.7150988E-01
-.7398789E-01
-.7595293E-01
-.7806991E-01
-.7993885E-01
-.8105960E-01
-.8006683E-01
-.7716872E-01
-.7320467E-01
-.6774205E-01
-.6010571E-01
-.5168102E-01
-.4278914E-01
-.3312673E-01
-.2338216E-01
-.1381974E-01
-.5463678E-02
.1638803E-02
.7789984E-02
.1297055E-01
.1836055E-01
.2447713E-01
.3073371E-01
.3648722E-01
.4086615E-01
.4386672E-01
.4543067E-01
.4552997E-01
.4372359E-01
.4030752E-01
.3617377E-01
.3106129E-01
.2543940E-01
.1982673E-01
.1515141E-01
.1224736E-01
.1104617E-01
.1119958E-01
.1271351E-01
.1574120E-01
.1975753E-01
.2423766E-01
.2970681E-01
.3631107E-01
.4191994E-01
.4588419E-01
.4924426E-01
.5243223E-01
.5517280E-01
.5714272E-01
.5860638E-01
.5985520E-01
.6064740E-01
.6112232E-01
.6147036E-01
.6147760E-01
.6075997E-01
.5910900E-01
.5585482E-01
.5093911E-01
.4436564E-01
.3730650E-01
.3018849E-01
.2396258E-01
.1983508E-01
.1728607E-01
.1512042E-01
.1309463E-01
.1159015E-01
.1024772E-01
.8670707E-02
.6302300E-02
.2889914E-02
-.2004709E-02
-.7491225E-02
-.1247316E-01
-.1599869E-01
-.1793695E-01
-.1933135E-01
-.2007259E-01
-.2016277E-01
-.1935117E-01
-.1843865E-01
-.1817759E-01
-.1940857E-01
-.2194732E-01
-.2573713E-01
-.3076370E-01
-.3591791E-01
-.3919341E-01
-.4114530E-01
-.4249762E-01
-.4314758E-01
-.4343878E-01
-.4380718E-01
-.4505609E-01
-.4698935E-01
-.4926706E-01
-.5161731E-01
-.5362186E-01
-.5461149E-01
-.5449704E-01
-.5377553E-01
-.5342714E-01
-.5323910E-01
-.5230751E-01
-.5036240E-01
-.4869709E-01
-.4724064E-01
-.4579753E-01
-.4450525E-01
-.4324210E-01
-.4173160E-01
-.3950126E-01
-.3665825E-01
-.3346762E-01
-.3076747E-01
-.2871822E-01
-.2649657E-01
-.2432058E-01
-.2169965E-01
-.1778284E-01
-.1358849E-01
-.9808340E-02
-.6294171E-02
-.2655490E-02
.1214277E-02
.5749263E-02
.1122388E-01
.1674117E-01
.2161184E-01
.2694081E-01
.3221495E-01
.3649853E-01
.3986627E-01
.4301586E-01
.4645993E-01
.4988256E-01
.5312452E-01
.5617541E-01
.5921477E-01
.6144057E-01
.6227689E-01
.6251149E-01
.6223937E-01
.6164027E-01
.6105273E-01
.6066389E-01
.5963108E-01
.5818072E-01
.5612999E-01
.5364805E-01
.5074391E-01
.4616131E-01
.3916719E-01
.3106945E-01
.2301191E-01
.1677664E-01
.1301607E-01
.1040904E-01
.7752221E-02
.5253023E-02
.3479040E-02
.2151740E-02
.9714136E-03
.6988560E-04
-.6100872E-03
-.6312628E-03
-.4949139E-03
-.7581473E-03
-.1016817E-02
-.1232383E-02
-.1601528E-02
-.2150742E-02
-.3241949E-02
-.4419782E-02
-.5854799E-02
-.7365793E-02
-.8839395E-02
-.1053914E-01
-.1240588E-01
-.1445811E-01
-.1673224E-01
-.1890685E-01
-.2036306E-01
-.2127033E-01
-.2166173E-01
-.2169554E-01
-.2137746E-01
-.2105139E-01
-.2076506E-01
-.2019698E-01
-.1954488E-01
-.1856303E-01
-.1726494E-01
-.1560438E-01
-.1392080E-01
-.1198176E-01
-.1000353E-01
-.8375160E-02
-.7486416E-02
-.7570901E-02
-.7901713E-02
-.7974370E-02
-.7842591E-02
-.7534031E-02
-.7595735E-02
-.7998991E-02
-.8475324E-02
-.8944718E-02
-.9158604E-02
-.8945355E-02
-.8429439E-02
-.7284733E-02
-.5483368E-02
-.2987758E-02
.3658452E-03
.4088780E-02
.7079190E-02
.9034132E-02
.1099590E-01
.1387921E-01
.1731513E-01
.2037651E-01
.2290060E-01
.2546783E-01
.2822297E-01
.3054626E-01
.3273212E-01
.3501584E-01
.3710356E-01
.3858068E-01
.3908416E-01
.3874034E-01
.3797731E-01
.3754039E-01
.3691987E-01
.3551387E-01
.3401822E-01
.3283320E-01
.3152209E-01
.3017928E-01
.2870344E-01
.2759856E-01
.2620662E-01
.2490322E-01
.2415234E-01
.2385381E-01
.2383680E-01
.2356722E-01
.2284879E-01
.2203288E-01
.2073733E-01
.1938910E-01
.1785399E-01
.1621259E-01
.1421399E-01
.1216566E-01
.1041109E-01
.8409821E-02
.6098660E-02
.3862312E-02
.2274268E-02
.1291341E-02
.5712489E-03
.3286727E-04
-.1306671E-02
-.3503570E-02
-.6184668E-02
-.9205776E-02
-.1240039E-01
-.1553304E-01
-.1803270E-01
-.2120730E-01
-.2515244E-01
-.2948794E-01
-.3349687E-01
-.3674526E-01
-.4038796E-01
-.4435573E-01
-.4792798E-01
-.5024854E-01
-.5090913E-01
-.5126126E-01
-.5232001E-01
-.5269493E-01
-.5178760E-01
-.5009360E-01
-.4833164E-01
-.4665754E-01
-.4475388E-01
-.4291969E-01
-.4152984E-01
-.4054386E-01
-.3942618E-01
-.3833209E-01
-.3733314E-01
-.3671074E-01
-.3604844E-01
-.3557766E-01
-.3560115E-01
-.3630659E-01
-.3689279E-01
-.3699818E-01
-.3689937E-01
-.3686809E-01
-.3690843E-01
-.3670681E-01
-.3537881E-01
-.3349561E-01
-.3166280E-01
-.2996074E-01
-.2781366E-01
-.2527121E-01
-.2277263E-01
-.2020695E-01
-.1747004E-01
-.1466869E-01
-.1234404E-01
-.1073109E-01
-.9876667E-02
-.8928460E-02
-.7792997E-02
-.6549279E-02
-.5365536E-02
-.4313727E-02
-.3641666E-02
-.3450375E-02
-.3451553E-02
-.3215430E-02
-.2450151E-02
-.1404891E-02
-.1887008E-03
.6114217E-03
.8668561E-03
.1398998E-02
.2312981E-02
.2550105E-02
.2102356E-02
.1312532E-02
.1268245E-03
-.1335924E-02
-.2729165E-02
-.3302485E-02
-.2995455E-02
-.2121033E-02
-.1035273E-02
.5551196E-03
.2655079E-02
.4421209E-02
.5797569E-02
.7604024E-02
.1010098E-01
.1323695E-01
.1653177E-01
.2004312E-01
.2419230E-01
.2836159E-01
.3264182E-01
.3633873E-01
.3929666E-01
.4195770E-01
.4497723E-01
.4847882E-01
.5176445E-01
.5469624E-01
.5708665E-01
.5902923E-01
.6071033E-01
.6193764E-01
.6288596E-01
.6350971E-01
.6372159E-01
.6257561E-01
.6020995E-01
.5664944E-01
.5198605E-01
.4720476E-01
.4278387E-01
.3827500E-01
.3367649E-01
.2929714E-01
.2525355E-01
.2077244E-01
.1573832E-01
.1115484E-01
.7578239E-02
.4480839E-02
.1567406E-02
-.1247937E-02
-.3642422E-02
-.5627939E-02
-.7693731E-02
-.1023696E-01
-.1315687E-01
-.1643438E-01
-.2033683E-01
-.2406047E-01
-.2683398E-01
-.2870297E-01
-.2983832E-01
-.3059633E-01
-.3091871E-01
-.3133435E-01
-.3176752E-01
-.3172823E-01
-.3152169E-01
-.3167151E-01
-.3252171E-01
-.3361200E-01
-.3459003E-01
-.3550907E-01
-.3630304E-01
-.3626864E-01
-.3544382E-01
-.3396557E-01
-.3195972E-01
-.2917254E-01
-.2559858E-01
-.2225450E-01
-.1895882E-01
-.1486194E-01
-.1063035E-01
-.7171707E-02
-.4648097E-02
-.2770867E-02
-.1366389E-02
.5253286E-04
.8467716E-03
.9747974E-03
.8825523E-03
.8653766E-03
.9092171E-03
.7813655E-03
.1099292E-03
-.3126862E-03
.2357988E-03
.1307011E-02
.2179696E-02
.2705313E-02
.2819914E-02
.2933623E-02
.2948406E-02
.3070299E-02
.3524220E-02
.3681672E-02
.3183574E-02
.2939345E-02
.3336866E-02
.4359284E-02
.5786505E-02
.6546399E-02
.6581700E-02
.6584662E-02
.6959429E-02
.7538918E-02
.7896120E-02
.7935904E-02
.8016249E-02
.8620593E-02
.9307938E-02
.1023195E-01
.1135827E-01
.1215422E-01
.1327695E-01
.1454845E-01
.1610074E-01
.1747256E-01
.1864888E-01
.1978367E-01
.2093349E-01
.2247168E-01
.2436333E-01
.2571355E-01
.2605271E-01
.2591951E-01
.2572367E-01
.2469822E-01
.2291004E-01
.2068034E-01
.1903931E-01
.1750152E-01
.1574928E-01
.1394643E-01
.1190753E-01
.1004835E-01
.9059234E-02
.8109277E-02
.7239405E-02
.6899019E-02
.6337466E-02
.5467380E-02
.4868337E-02
.4073152E-02
.2781809E-02
.1264316E-02
-.4719454E-03
-.2310249E-02
-.4265458E-02
-.6602427E-02
-.9159134E-02
-.1106882E-01
-.1256972E-01
-.1392751E-01
-.1479692E-01
-.1476892E-01
-.1393403E-01
-.1245977E-01
-.1065603E-01
-.8795208E-02
-.7231517E-02
-.5601829E-02
-.4189784E-02
-.2727639E-02
-.1192462E-02
.2127942E-03
.1743690E-02
.3066457E-02
.3624877E-02
.3237660E-02
.1832215E-02
.4622938E-03
-.1238256E-02
-.3316334E-02
-.5593252E-02
-.7669225E-02
-.9430771E-02
-.1117011E-01
-.1302373E-01
-.1445004E-01
-.1540680E-01
-.1579980E-01
-.1583868E-01
-.1577918E-01
-.1527633E-01
-.1414135E-01
-.1298124E-01
-.1182002E-01
-.1002974E-01
-.7460857E-02
-.5047897E-02
-.3131962E-02
-.1411510E-02
.2050090E-03
.1629765E-02
.3212453E-02
.5019639E-02
.6424782E-02
.7535768E-02
.8177883E-02
.9022099E-02
.1012133E-01
.1035190E-01
.9063185E-02
.7243685E-02
.5458695E-02
.3194263E-02
.5000444E-03
-.2030743E-02
-.4284854E-02
-.6086124E-02
-.7793085E-02
-.8868917E-02
-.9111289E-02
-.9007309E-02
-.9010937E-02
-.9544066E-02
-.9689852E-02
-.9271150E-02
-.8954100E-02
-.8947804E-02
-.8738031E-02
-.7774373E-02
-.7261002E-02
-.7131301E-02
-.7426354E-02
-.8236480E-02
-.9507920E-02
-.1113252E-01
-.1290405E-01
-.1471311E-01
-.1554795E-01
-.1506084E-01
-.1467118E-01
-.1502070E-01
-.1569193E-01
-.1622655E-01
-.1629371E-01
-.1571813E-01
-.1509166E-01
-.1480171E-01
-.1462614E-01
-.1424689E-01
-.1324649E-01
-.1177346E-01
-.9976781E-02
-.8108077E-02
-.6074116E-02
-.3800197E-02
-.1347346E-02
.1332592E-02
.4042348E-02
.6230166E-02
.8329252E-02
.1032244E-01
.1169011E-01
.1225540E-01
.1207145E-01
.1149258E-01
.1079070E-01
.1011161E-01
.9314146E-02
.8258693E-02
.7031860E-02
.5857144E-02
.4447410E-02
.3198668E-02
.2094495E-02
.1748733E-02
.1987103E-02
.2181492E-02
.2164784E-02
.2110471E-02
.2523484E-02
.3624013E-02
.5067340E-02
.6116867E-02
.6399948E-02
.6329453E-02
.6695437E-02
.7443296E-02
.8300000E-02
.9588011E-02
.1036438E-01
.1039251E-01
.1101419E-01
.1208301E-01
.1321520E-01
.1425258E-01
.1468217E-01
.1452928E-01
.1380822E-01
.1326709E-01
.1317868E-01
.1326489E-01
.1317216E-01
.1254412E-01
.1172613E-01
.1111535E-01
.1070078E-01
.1016058E-01
.9334035E-02
.8220286E-02
.6889286E-02
.5626149E-02
.4876742E-02
.4437201E-02
.3637327E-02
.2572216E-02
.1956950E-02
.1357666E-02
.5083123E-03
-.7494251E-03
-.2164760E-02
-.3154847E-02
-.3945171E-02
-.5198621E-02
-.6086506E-02
-.6256320E-02
-.6234897E-02
-.6695056E-02
-.6716022E-02
-.6209251E-02
-.5337287E-02
-.4759619E-02
-.4559728E-02
-.4020295E-02
-.3341443E-02
-.2770536E-02
-.1949759E-02
-.9303307E-03
.3965571E-04
.1711990E-02
.3290811E-02
.4099697E-02
.4423047E-02
.5172845E-02
.6491395E-02
.7599641E-02
.8646392E-02
.9963557E-02
.1071531E-01
.1079446E-01
.1067319E-01
.1076496E-01
.1141772E-01
.1199813E-01
.1213704E-01
.1208441E-01
.1207936E-01
.1248302E-01
.1341902E-01
.1430357E-01
.1550085E-01
.1686537E-01
.1789431E-01
.1868642E-01
.1927080E-01
.1871851E-01
.1738407E-01
.1556760E-01
.1276593E-01
.9110287E-02
.5962214E-02
.3059797E-02
.3670298E-03
-.2367213E-02
-.5062561E-02
-.7559115E-02
-.9664065E-02
-.1073740E-01
-.1092286E-01
-.1066647E-01
-.9517781E-02
-.8383603E-02
-.7443172E-02
-.6447603E-02
-.5376743E-02
-.4009012E-02
-.2468671E-02
-.7876343E-03
.1015957E-02
.2817171E-02
.4468382E-02
.5316714E-02
.5508101E-02
.6199168E-02
.7311460E-02
.8725489E-02
.9927374E-02
.1034810E-01
.1031297E-01
.1090422E-01
.1145763E-01
.1129588E-01
.1084215E-01
.1038094E-01
.9401372E-02
.7521937E-02
.5244520E-02
.2249985E-02
-.7470594E-03
-.3388433E-02
-.5983212E-02
-.8161306E-02
-.9892182E-02
-.1167341E-01
-.1304221E-01
-.1402086E-01
-.1528876E-01
-.1685871E-01
-.1857380E-01
-.2034986E-01
-.2231616E-01
-.2457689E-01
-.2677162E-01
-.2813928E-01
-.2931507E-01
-.3057372E-01
-.3117836E-01
-.3114867E-01
-.3031961E-01
-.2862788E-01
-.2688313E-01
-.2504319E-01
-.2298220E-01
-.2066957E-01
-.1844779E-01
-.1628073E-01
-.1473145E-01
-.1426519E-01
-.1433737E-01
-.1446110E-01
-.1499698E-01
-.1638483E-01
-.1803759E-01
-.1922678E-01
-.1978680E-01
-.1990249E-01
-.1991063E-01
-.1991956E-01
-.1999190E-01
-.2053938E-01
-.2143738E-01
-.2236973E-01
-.2278770E-01
-.2316170E-01
-.2437234E-01
-.2543455E-01
-.2569706E-01
-.2554620E-01
-.2541198E-01
-.2462268E-01
-.2320507E-01
-.2140596E-01
-.2012648E-01
-.1923724E-01
-.1819542E-01
-.1720930E-01
-.1579325E-01
-.1426888E-01
-.1259180E-01
-.1067855E-01
-.8229478E-02
-.5431915E-02
-.2466510E-02
.9057061E-03
.4199295E-02
.7365245E-02
.1039337E-01
.1323896E-01
.1572200E-01
.1820210E-01
.2041762E-01
.2220109E-01
.2372086E-01
.2528857E-01
.2662909E-01
.2723396E-01
.2729676E-01
.2747379E-01
.2793873E-01
.2862711E-01
.2875207E-01
.2767600E-01
.2678824E-01
.2669010E-01
.2674628E-01
.2600001E-01
.2470570E-01
.2357258E-01
.2232467E-01
.2080423E-01
.1952554E-01
.1873582E-01
.1799543E-01
.1671853E-01
.1557751E-01
.1412906E-01
.1231364E-01
.1019747E-01
.8036311E-02
.5798021E-02
.4321841E-02
.3251555E-02
.2229489E-02
.1089537E-02
-.7320999E-04
-.8461458E-03
-.1971625E-02
-.3135436E-02
-.3605252E-02
-.3547315E-02
-.3442737E-02
-.3461436E-02
-.3537961E-02
-.3851313E-02
-.4142541E-02
-.4451779E-02
-.5117537E-02
-.5797022E-02
-.6271414E-02
-.6403765E-02
-.6543488E-02
-.6937611E-02
-.7502728E-02
-.7827449E-02
-.7395309E-02
-.6670498E-02
-.6369157E-02
-.6428930E-02
-.6307584E-02
-.5413642E-02
-.4184700E-02
-.3575920E-02
-.3325460E-02
-.2241093E-02
-.3777805E-03
.1624315E-02
.3487243E-02
.5308018E-02
.7596096E-02
.9898106E-02
.1187905E-01
.1340129E-01
.1498719E-01
.1616231E-01
.1748435E-01
.1856621E-01
.1942875E-01
.2049861E-01
.2107915E-01
.2115439E-01
.2107618E-01
.2100490E-01
.2123487E-01
.2147097E-01
.2150486E-01
.2114890E-01
.2008874E-01
.1908336E-01
.1828191E-01
.1748850E-01
.1616682E-01
.1461121E-01
.1309988E-01
.1145611E-01
.1008240E-01
.8519813E-02
.6436790E-02
.4830293E-02
.3649188E-02
.2218981E-02
.8955780E-03
.1074651E-03
-.5419061E-03
-.1206961E-02
-.2509202E-02
-.3638998E-02
-.4669711E-02
-.5834435E-02
-.6227115E-02
-.5855567E-02
-.5244128E-02
-.4943142E-02
-.4966313E-02
-.5007509E-02
-.4888593E-02
-.4255371E-02
-.3586423E-02
-.3351951E-02
-.3406216E-02
-.3454438E-02
-.3120836E-02
-.2173467E-02
-.1352780E-02
-.9800634E-03
-.1450265E-02
-.2144104E-02
-.2923226E-02
-.3539962E-02
-.4635598E-02
-.5876665E-02
-.6648710E-02
-.7881520E-02
-.8973410E-02
-.9324537E-02
-.9593636E-02
-.1024551E-01
-.1079853E-01
-.1121123E-01
-.1160400E-01
-.1111660E-01
-.9846787E-02
-.9082551E-02
-.8217610E-02
-.6992643E-02
-.6044874E-02
-.4995645E-02
-.4058090E-02
-.3150938E-02
-.1978576E-02
-.8538882E-03
-.1496583E-03
.4580901E-03
.1134860E-02
.1490327E-02
.1234195E-02
.2761984E-03
-.3450287E-03
-.8642616E-03
-.9045661E-03
-.7052886E-03
-.7896438E-03
-.1039710E-02
-.9356166E-03
-.7301906E-03
-.6775557E-03
-.7635821E-03
-.8278787E-03
-.4603912E-03
.6647815E-03
.1198603E-02
.1352114E-02
.1340724E-02
.1273948E-02
.1198004E-02
.1229103E-02
.6010661E-03
.1417401E-03
-.2943097E-03
-.7378249E-03
-.1156227E-02
-.1510628E-02
-.1700689E-02
-.1793739E-02
-.1582885E-02
-.8699935E-03
-.5945525E-03
-.5267020E-03
.2122176E-03
.1354939E-02
.2233866E-02
.3427129E-02
.4379085E-02
.4855136E-02
.5136332E-02
.5290565E-02
.4855240E-02
.3858832E-02
.2525487E-02
.1731617E-02
.1662956E-02
.1801117E-02
.1445609E-02
.3461090E-03
-.3961192E-03
-.7945800E-03
-.1887354E-02
-.3457542E-02
-.5334359E-02
-.7374375E-02
-.9522793E-02
-.1198854E-01
-.1419548E-01
-.1589018E-01
-.1710229E-01
-.1762433E-01
-.1847511E-01
-.1968481E-01
-.2030280E-01
-.2052421E-01
-.2088712E-01
-.2194745E-01
-.2275208E-01
-.2205855E-01
-.2060262E-01
-.1976474E-01
-.1868579E-01
-.1701399E-01
-.1513443E-01
-.1340499E-01
-.1149323E-01
-.9774105E-02
-.8110384E-02
-.6347553E-02
-.4405268E-02
-.2269558E-02
-.5326648E-03
.9834330E-03
.1994037E-02
.3398005E-02
.5419420E-02
.7127503E-02
.7930639E-02
.8551866E-02
.9650700E-02
.1052718E-01
.1152806E-01
.1211633E-01
.1199113E-01
.1242423E-01
.1298662E-01
.1296644E-01
.1249850E-01
.1196515E-01
.1144862E-01
.1077258E-01
.1000079E-01
.8321979E-02
.6103317E-02
.4481928E-02
.2809589E-02
.9620106E-03
-.9815203E-03
-.2821174E-02
-.4136078E-02
-.4966540E-02
-.5237412E-02
-.5342531E-02
-.5366023E-02
-.4981761E-02
-.4134278E-02
-.3458553E-02
-.3068999E-02
-.2729384E-02
-.2262100E-02
-.1973652E-02
-.1938159E-02
-.1911269E-02
-.1338474E-02
-.6922675E-03
-.4782860E-03
-.4014182E-03
.7082139E-03
.2000717E-02
.2203344E-02
.1875917E-02
.1390287E-02
.9860258E-03
.9137571E-03
.1481645E-02
.1883827E-02
.1954611E-02
.2038636E-02
.2137634E-02
.2411684E-02
.2592599E-02
.2729004E-02
.2739183E-02
.2403831E-02
.2347735E-02
.2709569E-02
.3319446E-02
.4233347E-02
.5695695E-02
.7131828E-02
.8069751E-02
.9291339E-02
.1089835E-01
.1285874E-01
.1424302E-01
.1586663E-01
.1744805E-01
.1834306E-01
.1864866E-01
.1896185E-01
.1973119E-01
.2014895E-01
.1942017E-01
.1829279E-01
.1688686E-01
.1592570E-01
.1487091E-01
.1341142E-01
.1238062E-01
.1159116E-01
.1080738E-01
.1009608E-01
.9414953E-02
.9584526E-02
.1016099E-01
.1041882E-01
.1012201E-01
.9884376E-02
.1005325E-01
.1018229E-01
.9862021E-02
.9607155E-02
.9866958E-02
.1015324E-01
.9824925E-02
.8512228E-02
.7452308E-02
.6991022E-02
.6629547E-02
.5594222E-02
.4582574E-02
.3750243E-02
.2948463E-02
.1857170E-02
.1085668E-02
.1042081E-02
.5185458E-03
-.4883623E-03
-.1257681E-02
-.1700025E-02
-.2601417E-02
-.3419565E-02
-.3663902E-02
-.3794847E-02
-.3805385E-02
-.3900608E-02
-.4517142E-02
-.5506935E-02
-.6189426E-02
-.6317455E-02
-.6434517E-02
-.6815387E-02
-.7864253E-02
-.9050879E-02
-.1034077E-01
-.1200944E-01
-.1392268E-01
-.1574160E-01
-.1701397E-01
-.1820649E-01
-.1942976E-01
-.2038404E-01
-.2174009E-01
-.2328483E-01
-.2438422E-01
-.2489176E-01
-.2525890E-01
-.2549553E-01
-.2556362E-01
-.2554197E-01
-.2537434E-01
-.2421757E-01
-.2297113E-01
-.2195126E-01
-.2054057E-01
-.1859457E-01
-.1639984E-01
-.1449079E-01
-.1324091E-01
-.1232743E-01
-.1144138E-01
-.1064255E-01
-.1082351E-01
-.1121406E-01
-.1077459E-01
-.9524284E-02
-.8771017E-02
-.8541276E-02
-.8296950E-02
-.7430135E-02
-.6053936E-02
-.4862493E-02
-.4059868E-02
-.3102559E-02
-.1544117E-02
-.5887647E-04
.1379147E-02
.2212445E-02
.2380973E-02
.2688630E-02
.3671604E-02
.4680599E-02
.5822037E-02
.6935184E-02
.8200480E-02
.9598871E-02
.1066318E-01
.1103857E-01
.1101895E-01
.1097723E-01
.1103185E-01
.1099394E-01
.1013487E-01
.9089120E-02
.8546334E-02
.8426806E-02
.8281292E-02
.7914065E-02
.7196384E-02
.6254226E-02
.5654764E-02
.5513707E-02
.5437172E-02
.4815542E-02
.3830309E-02
.2944962E-02
.2237827E-02
.1542520E-02
.9110743E-03
.3943562E-03
-.6540575E-04
-.2819278E-03
-.2964937E-03
-.1741934E-03
.5415531E-03
.1487971E-02
.1916677E-02
.2148780E-02
.2737849E-02
.3538377E-02
.4274350E-02
.4968337E-02
.5316867E-02
.5363020E-02
.5339531E-02
.5349520E-02
.5164832E-02
.4757572E-02
.4293210E-02
.4126796E-02
.4339044E-02
.5059417E-02
.5635969E-02
.5940838E-02
.6964009E-02
.8319516E-02
.9172112E-02
.9568025E-02
.9768750E-02
.1000583E-01
.1080436E-01
.1156450E-01
.1153675E-01
.1123296E-01
.1109409E-01
.1111414E-01
.1056861E-01
.9128069E-02
.7662359E-02
.6366732E-02
.5486837E-02
.4717610E-02
.3984007E-02
.3188421E-02
.2486491E-02
.1740203E-02
.6220087E-03
-.3255585E-03
-.7063377E-03
-.1127252E-02
-.1916762E-02
-.2751294E-02
-.3238566E-02
-.3598715E-02
-.3112667E-02
-.2278949E-02
-.1460645E-02
-.8532210E-03
-.4013660E-03
.2709029E-03
.7154058E-03
.8000840E-03
.7439336E-03
.7484278E-03
.8087142E-03
.8387808E-03
.8294341E-03
.5712993E-03
-.8087702E-04
-.5011093E-03
-.5392447E-03
-.5159193E-03
-.1065495E-02
-.1740225E-02
-.1977197E-02
-.1898526E-02
-.1812701E-02
-.1845302E-02
-.2201602E-02
-.2905628E-02
-.3316741E-02
-.3410441E-02
-.3678483E-02
-.3876427E-02
-.3844103E-02
-.3654235E-02
-.3357914E-02
-.2882863E-02
-.2261406E-02
-.2457229E-02
-.3018061E-02
-.3344541E-02
-.3600456E-02
-.3644069E-02
-.3292397E-02
-.2994935E-02
-.2833712E-02
-.2243314E-02
-.1621664E-02
-.1404683E-02
-.1127757E-02
-.6223878E-03
-.8088582E-03
-.1187880E-02
-.7673330E-03
.2341638E-04
.7655773E-03
.1578581E-02
.1970510E-02
.1742337E-02
.1477291E-02
.1443686E-02
.1530274E-02
.1435796E-02
.7583397E-03
.1817873E-03
-.5607296E-04
-.7447271E-03
-.1906713E-02
-.2199607E-02
-.1571646E-02
-.1106457E-02
-.1112544E-02
-.1378897E-02
-.1757283E-02
-.1944351E-02
-.2233664E-02
-.2524024E-02
-.2747617E-02
-.3369419E-02
-.4041721E-02
-.4818026E-02
-.4894920E-02
-.4344065E-02
-.4675750E-02
-.5403466E-02
-.5581964E-02
-.5550456E-02
-.5799746E-02
-.6332583E-02
-.6862331E-02
-.7579123E-02
-.8053616E-02
-.8274236E-02
-.8974094E-02
-.9858234E-02
-.1039135E-01
-.1128060E-01
-.1207210E-01
-.1272645E-01
-.1345335E-01
-.1450943E-01
-.1572562E-01
-.1619880E-01
-.1556442E-01
-.1502192E-01
-.1469120E-01
-.1459424E-01
-.1392312E-01
-.1300088E-01
-.1231056E-01
-.1188568E-01
-.1119842E-01
-.1047533E-01
-.9268928E-02
-.7961800E-02
-.6718693E-02
-.5417939E-02
-.4168371E-02
-.3503955E-02
-.2969497E-02
-.1916294E-02
-.7457878E-03
.2591878E-03
.7255160E-03
.7648403E-03
.7442654E-03
.7993264E-03
.8316783E-03
.1219809E-02
.1929969E-02
.2727708E-02
.3530179E-02
.4024106E-02
.4295240E-02
.4706037E-02
.4991907E-02
.4896064E-02
.4334255E-02
.4398812E-02
.4859647E-02
.5389861E-02
.5397231E-02
.5237270E-02
.5470125E-02
.5883009E-02
.5647735E-02
.5181147E-02
.4578224E-02
.3690576E-02
.2864311E-02
.1797341E-02
.7099475E-03
-.6184338E-04
-.2291738E-03
-.1225646E-03
-.4880380E-03
-.1183933E-02
-.1645210E-02
-.2371216E-02
-.3022094E-02
-.2939086E-02
-.2199006E-02
-.1367250E-02
-.6130836E-03
-.1008659E-04
.2220752E-03
.4289242E-03
.8998106E-03
.1231728E-02
.1518457E-02
.1952645E-02
.2464796E-02
.3199458E-02
.3833170E-02
.4291576E-02
.4718313E-02
.4984753E-02
.4926998E-02
.4944118E-02
.4859995E-02
.4559920E-02
.4360283E-02
.4342954E-02
.4383434E-02
.4434377E-02
.5119324E-02
.6142940E-02
.6884034E-02
.7321575E-02
.7716751E-02
.8186753E-02
.8767071E-02
.9660992E-02
.1051588E-01
.1168304E-01
.1274238E-01
.1315841E-01
.1321934E-01
.1349534E-01
.1397651E-01
.1421615E-01
.1419454E-01
.1406341E-01
.1352623E-01
.1289798E-01
.1212927E-01
.1125023E-01
.1038981E-01
.9700864E-02
.8719921E-02
.7697547E-02
.6916453E-02
.6200804E-02
.5839397E-02
.5567001E-02
.5184330E-02
.4073677E-02
.2402458E-02
.1529544E-02
.1495906E-02
.1506854E-02
.9596837E-03
.5433585E-03
.2622786E-03
.1460837E-03
.2266061E-03
.4847571E-03
.6231352E-03
.1954290E-03
-.2180252E-03
-.1689431E-03
-.2412378E-03
-.2489142E-03
-.4214967E-04
.1308594E-03
.4431418E-03
.7361889E-03
.9666723E-03
.1304676E-02
.1641075E-02
.1893039E-02
.1721374E-02
.1530675E-02
.1532204E-02
.1590605E-02
.1212431E-02
.5465085E-03
.2096637E-03
-.1907839E-03
-.8191615E-03
-.1748993E-02
-.3306589E-02
-.4960039E-02
-.6205815E-02
-.6742818E-02
-.7514823E-02
-.8150918E-02
-.8524436E-02
-.8401598E-02
-.8083438E-02
-.7496715E-02
-.6663189E-02
-.5733493E-02
-.5050083E-02
-.4208611E-02
-.3580148E-02
-.3179440E-02
-.2557351E-02
-.1443259E-02
-.1857116E-03
.4627754E-03
.1000818E-02
.1592523E-02
.2156440E-02
.2425329E-02
.2658223E-02
.3198013E-02
.3791094E-02
.4355465E-02
.5130973E-02
.5802500E-02
.6021552E-02
.5968796E-02
.5923591E-02
.6227774E-02
.6969702E-02
.7439757E-02
.7214004E-02
.6185218E-02
.4984617E-02
.4112951E-02
.3149682E-02
.2265769E-02
.1232531E-02
.1528417E-03
-.1342306E-02
-.2908945E-02
-.4057605E-02
-.5153955E-02
-.6174570E-02
-.7214293E-02
-.8559375E-02
-.9306064E-02
-.9440307E-02
-.9895423E-02
-.1051081E-01
-.1100136E-01
-.1114165E-01
-.1122456E-01
-.1134724E-01
-.1157060E-01
-.1154640E-01
-.1103799E-01
-.1001743E-01
-.9315077E-02
-.9109325E-02
-.9091630E-02
-.9629785E-02
-.9525481E-02
-.9239859E-02
-.8922216E-02
-.8560366E-02
-.7754149E-02
-.6817073E-02
-.6403849E-02
-.5996803E-02
-.5364878E-02
-.4690098E-02
-.4168851E-02
-.3347656E-02
-.2759311E-02
-.2304280E-02
-.1472946E-02
-.8473453E-03
-.7031785E-03
-.5007189E-03
-.6474758E-04
.7332959E-03
.1274512E-02
.1515068E-02
.1992320E-02
.2723171E-02
.2934545E-02
.2529583E-02
.2427512E-02
.2655826E-02
.2757851E-02
.2924488E-02
.2636777E-02
.2255769E-02
.1860221E-02
.1622647E-02
.1436241E-02
.1407804E-02
.1702031E-02
.2223267E-02
.2974037E-02
.3422309E-02
.3478231E-02
.3612420E-02
.3759905E-02
.4107265E-02
.5109775E-02
.6056448E-02
.6586418E-02
.6951726E-02
.7162916E-02
.7394796E-02
.7418830E-02
.7085549E-02
.6631621E-02
.6433711E-02
.6219989E-02
.5548591E-02
.4530272E-02
.3774258E-02
.3591398E-02
.3061370E-02
.1697445E-02
.7305018E-03
.4802861E-05
-.6988815E-03
-.1028852E-02
-.9266387E-03
-.9081843E-03
-.1426925E-02
-.1855167E-02
-.1918263E-02
-.1831177E-02
-.1804826E-02
-.1832690E-02
-.1835218E-02
-.2063954E-02
-.2188400E-02
-.1999833E-02
-.1826130E-02
-.1910236E-02
-.2206868E-02
-.2114095E-02
-.1880321E-02
-.1699872E-02
-.1524554E-02
-.1340753E-02
-.8843698E-03
-.2426416E-03
.4661527E-03
.7788534E-03
.7274568E-03
.6277208E-03
.6231698E-03
.6555874E-03
.6610896E-03
.6290986E-03
.9460903E-03
.1958060E-02
.2886131E-02
.2892112E-02
.2671500E-02
.3179188E-02
.4035528E-02
.5175705E-02
.5890336E-02
.6121012E-02
.6653250E-02
.7225216E-02
.7428134E-02
.7369670E-02
.7311451E-02
.7218444E-02
.6627498E-02
.6029482E-02
.5507037E-02
.4900074E-02
.4199097E-02
.3474869E-02
.3061944E-02
.2475327E-02
.1926467E-02
.1381879E-02
.6360609E-03
-.3181167E-03
-.1292267E-02
-.2095065E-02
-.2508788E-02
-.3109525E-02
-.3763770E-02
-.4561149E-02
-.5116234E-02
-.5754026E-02
-.6950161E-02
-.7666432E-02
-.8297591E-02
-.9026354E-02
-.9450893E-02
-.9509079E-02
-.9214363E-02
-.9163766E-02
-.9773030E-02
-.1061529E-01
-.1090127E-01
-.1027387E-01
-.9504925E-02
-.8738120E-02
-.7930846E-02
-.6796496E-02
-.5764620E-02
-.5408436E-02
-.5252782E-02
-.4093149E-02
-.2897956E-02
-.2167945E-02
-.1235588E-02
-.2636033E-03
.1649143E-03
.4827686E-03
.1065499E-02
.1448408E-02
.1398145E-02
.1090098E-02
.1279784E-02
.2129540E-02
.2805887E-02
.3044632E-02
.3919122E-02
.5281051E-02
.6522048E-02
.7351746E-02
.7797180E-02
.8303827E-02
.9154618E-02
.9784802E-02
.9915230E-02
.9829319E-02
.9823659E-02
.9761322E-02
.9495023E-02
.9587455E-02
.9840529E-02
.9953217E-02
.9800579E-02
.9084029E-02
.8483483E-02
.8353831E-02
.8442580E-02
.8478841E-02
.8433205E-02
.8001864E-02
.6940882E-02
.5802873E-02
.4831277E-02
.4218621E-02
.3509243E-02
.2854060E-02
.2071945E-02
.1428372E-02
.6806225E-03
.1741305E-03
-.3447448E-03
-.6995126E-03
-.9885852E-03
-.1503010E-02
-.2049155E-02
-.2380973E-02
-.2325231E-02
-.2448423E-02
-.2634401E-02
-.2705026E-02
-.2649128E-02
-.2310023E-02
-.1836848E-02
-.1399556E-02
-.1237328E-02
-.1243800E-02
-.1060411E-02
-.3427845E-03
.7010732E-03
.1493313E-02
.1680123E-02
.1771812E-02
.2377219E-02
.2716695E-02
.2158409E-02
.1523821E-02
.1090716E-02
.6883245E-03
.2888184E-03
.6324125E-04
-.4642853E-03
-.1126242E-02
-.1908655E-02
-.2521567E-02
-.3210705E-02
-.4589053E-02
-.5541211E-02
-.5670286E-02
-.5516452E-02
-.5719873E-02
-.6431603E-02
-.6900708E-02
-.7181468E-02
-.7774710E-02
-.8233165E-02
-.8329557E-02
-.8258170E-02
-.8226496E-02
-.8298981E-02
-.8852569E-02
-.9747617E-02
-.1067536E-01
-.1109136E-01
-.1108861E-01
-.1102177E-01
-.1103556E-01
-.1128128E-01
-.1158344E-01
-.1153142E-01
-.1148388E-01
-.1179820E-01
-.1224286E-01
-.1241938E-01
-.1260823E-01
-.1275189E-01
-.1314841E-01
-.1361947E-01
-.1380526E-01
-.1377219E-01
-.1365532E-01
-.1331638E-01
-.1282859E-01
-.1214430E-01
-.1130277E-01
-.1035871E-01
-.9658231E-02
-.8934332E-02
-.7999329E-02
-.6796385E-02
-.5859595E-02
-.4610285E-02
-.3251613E-02
-.2338597E-02
-.1591277E-02
-.7016977E-03
.4058879E-04
.1104833E-02
.2739404E-02
.4610740E-02
.5650385E-02
.5834843E-02
.6231072E-02
.6800844E-02
.7132809E-02
.7672732E-02
.8226697E-02
.8744053E-02
.9408606E-02
.9858902E-02
.1017294E-01
.1003812E-01
.9805974E-02
.9666668E-02
.9358479E-02
.8877368E-02
.8464832E-02
.8364937E-02
.8454467E-02
.8509887E-02
.8262085E-02
.7891743E-02
.7902454E-02
.8011393E-02
.8210099E-02
.8129097E-02
.8240754E-02
.8440494E-02
.8528164E-02
.8434859E-02
.7827203E-02
.7207389E-02
.7017128E-02
.7091825E-02
.7161563E-02
.7057203E-02
.6434000E-02
.5807940E-02
.5548444E-02
.5271159E-02
.4814207E-02
.4313876E-02
.3597782E-02
.3015563E-02
.2846244E-02
.2898936E-02
.2938680E-02
.3223867E-02
.3971980E-02
.4872493E-02
.5220101E-02
.5441599E-02
.5635331E-02
.5723956E-02
.5683555E-02
.5614839E-02
.5359307E-02
.4966203E-02
.4468950E-02
.3873302E-02
.3155554E-02
.2698031E-02
.1746253E-02
.5050658E-03
-.8734361E-04
-.3973357E-03
-.9170922E-03
-.1280647E-02
-.1345986E-02
-.1542948E-02
-.1962114E-02
-.2471506E-02
-.2706062E-02
-.2688401E-02
-.2631873E-02
-.2893526E-02
-.3065430E-02
-.3081335E-02
-.3150082E-02
-.3255042E-02
-.2912346E-02
-.2575878E-02
-.2502031E-02
-.2562607E-02
-.2589789E-02
-.2575145E-02
-.2821160E-02
-.3268137E-02
-.3769953E-02
-.4136233E-02
-.4430734E-02
-.4663506E-02
-.5115270E-02
-.5384481E-02
-.5397453E-02
-.5346618E-02
-.5366697E-02
-.4698187E-02
-.3325653E-02
-.2438505E-02
-.1805767E-02
-.1269656E-02
-.4942746E-03
.9256559E-04
.2314560E-03
.2773374E-03
.1229583E-02
.2545247E-02
.3093821E-02
.3009013E-02
.2998615E-02
.3656583E-02
.4414398E-02
.4936836E-02
.5252721E-02
.5340608E-02
.5578586E-02
.5773721E-02
.5815203E-02
.5782930E-02
.5769208E-02
.5781925E-02
.5646488E-02
.4988417E-02
.4416976E-02
.3859713E-02
.3226642E-02
.2891513E-02
.2846852E-02
.2604624E-02
.2135653E-02
.1205362E-02
.2693817E-03
-.9297707E-04
-.4647959E-03
-.1230709E-02
-.2246798E-02
-.2982485E-02
-.3727330E-02
-.4649636E-02
-.5472890E-02
-.5962958E-02
-.6616485E-02
-.7564548E-02
-.8392344E-02
-.8644447E-02
-.8581780E-02
-.8510890E-02
-.8065517E-02
-.7589465E-02
-.7483829E-02
-.7335167E-02
-.7123284E-02
-.6748978E-02
-.6556577E-02
-.6126681E-02
-.5739969E-02
-.5624566E-02
-.5651958E-02
-.5662769E-02
-.5893009E-02
-.5867214E-02
-.5650940E-02
-.5528222E-02
-.5506337E-02
-.5492423E-02
-.5469482E-02
-.5455777E-02
-.5456025E-02
-.5459127E-02
-.5458066E-02
-.5454866E-02
-.5435025E-02
-.5384764E-02
-.5350031E-02
-.5344390E-02
-.5348887E-02
-.5345348E-02
-.5303256E-02
-.5254116E-02
-.5235808E-02
-.5238921E-02
-.5241760E-02
-.5238617E-02
-.5234895E-02
-.5233576E-02
-.5233029E-02
-.5217259E-02
-.5204216E-02
-.5215420E-02
-.5227589E-02
-.5228335E-02
-.5223329E-02
-.4970809E-02
-.4278840E-02
-.3803786E-02
-.3439891E-02
-.2827916E-02
-.2149832E-02
-.1126579E-02
-.8233432E-04
.3582901E-03
.3269829E-03
.2109016E-03
.2972343E-03
.6964050E-03
.1176557E-02
.1605047E-02
.2283837E-02
.2884181E-02
.3074781E-02
.3022579E-02
.2982533E-02
.3384595E-02
.4689501E-02
.5740085E-02
.6035652E-02
.6464530E-02
.7031073E-02
.7371332E-02
.7926199E-02
.8482255E-02
.8690505E-02
.8654691E-02
.8607958E-02
.8622346E-02
.8647431E-02
.8649203E-02
.8715398E-02
.9295515E-02
.9924959E-02
.1013180E-01
.1006513E-01
.1001159E-01
.1001824E-01
.1032167E-01
.1101351E-01
.1142223E-01
.1142836E-01
.1133695E-01
.1133328E-01
.1167818E-01
.1239283E-01
.1302177E-01
.1342137E-01
.1383245E-01
.1407257E-01
.1418349E-01
.1473321E-01
.1558071E-01
.1591693E-01
.1566144E-01
.1542615E-01
.1519610E-01
.1484795E-01
.1428389E-01
.1342480E-01
.1277873E-01
.1234231E-01
.1176453E-01
.1102175E-01
.9688003E-02
.8692600E-02
.8100550E-02
.6952593E-02
.5885028E-02
.4987111E-02
.3640032E-02
.2204514E-02
.1290597E-02
.6420289E-03
.3402005E-03
.1478849E-03
-.7332727E-03
-.1808061E-02
-.2465537E-02
-.3088631E-02
-.3696721E-02
-.4554410E-02
-.5734480E-02
-.6591265E-02
-.7314306E-02
-.7835635E-02
-.8008223E-02
-.7983278E-02
-.7950355E-02
-.8030879E-02
-.8391404E-02
-.8592154E-02
-.8516711E-02
-.8312861E-02
-.8052937E-02
-.7939765E-02
-.7924364E-02
-.7971139E-02
-.8821282E-02
-.1013021E-01
-.1076469E-01
-.1072743E-01
-.1058827E-01
-.1088267E-01
-.1159380E-01
-.1199917E-01
-.1207254E-01
-.1248183E-01
-.1284127E-01
-.1316577E-01
-.1323725E-01
-.1265364E-01
-.1211754E-01
-.1222555E-01
-.1221078E-01
-.1201554E-01
-.1188664E-01
-.1188425E-01
-.1155666E-01
-.1087110E-01
-.1083853E-01
-.1152501E-01
-.1199057E-01
-.1199586E-01
-.1187700E-01
-.1186308E-01
-.1190904E-01
-.1202637E-01
-.1237136E-01
-.1287209E-01
-.1313600E-01
-.1270883E-01
-.1232210E-01
-.1166755E-01
-.1083705E-01
-.1005971E-01
-.9100038E-02
-.8344417E-02
-.7485431E-02
-.6639114E-02
-.6295769E-02
-.5968096E-02
-.5342691E-02
-.4945187E-02
-.4892902E-02
-.4483293E-02
-.3453275E-02
-.2797732E-02
-.2491321E-02
-.2173239E-02
-.1322184E-02
.2546304E-03
.1649389E-02
.2450509E-02
.3033260E-02
.3335767E-02
.3859596E-02
.4889887E-02
.5775637E-02
.6279883E-02
.7278016E-02
.8521341E-02
.9185704E-02
.9496419E-02
.9651385E-02
.1010155E-01
.1105232E-01
.1174436E-01
.1186944E-01
.1176760E-01
.1173804E-01
.1178250E-01
.1181967E-01
.1223552E-01
.1291722E-01
.1325640E-01
.1309549E-01
.1236445E-01
.1181402E-01
.1172701E-01
.1181850E-01
.1184360E-01
.1166235E-01
.1098846E-01
.1044480E-01
.1034656E-01
.1072294E-01
.1121843E-01
.1166018E-01
.1183130E-01
.1182526E-01
.1180341E-01
.1181401E-01
.1182876E-01
.1182963E-01
.1182545E-01
.1182574E-01
.1166170E-01
.1144129E-01
.1128772E-01
.1117901E-01
.1094129E-01
.1026705E-01
.9591466E-02
.9141470E-02
.8838844E-02
.8209896E-02
.7265420E-02
.6494497E-02
.6106234E-02
.5971152E-02
.5949372E-02
.5212746E-02
.4022624E-02
.3087982E-02
.1892113E-02
.9431932E-03
.4095665E-03
-.2480494E-03
-.1238267E-02
-.2510996E-02
-.3355166E-02
-.3770768E-02
-.4363184E-02
-.5006125E-02
-.5357371E-02
-.6179423E-02
-.7222141E-02
-.7657183E-02
-.7592550E-02
-.7788065E-02
-.8503605E-02
-.8979797E-02
-.9009560E-02
-.8903630E-02
-.8886049E-02
-.8926696E-02
-.8942038E-02
-.8930002E-02
-.9155225E-02
-.9299450E-02
-.9120616E-02
-.8938325E-02
-.8917348E-02
-.8660075E-02
-.7983550E-02
-.7555785E-02
-.7490811E-02
-.7538560E-02
-.7419894E-02
-.6402375E-02
-.5104777E-02
-.4562152E-02
-.4300999E-02
-.3777030E-02
-.3289402E-02
-.2855952E-02
-.2158078E-02
-.1616410E-02
-.1304545E-02
-.6657707E-03
-.3945157E-04
-.2485861E-03
-.1001005E-02
-.1258836E-02
-.8511746E-03
-.5175068E-03
-.5103994E-03
-.6029918E-03
-.7491733E-03
-.9293529E-03
-.5081725E-03
-.5358033E-03
-.4920119E-03
-.4389765E-03
-.4991444E-03
-.5685999E-03
-.5854837E-03
-.5710711E-03
-.3946179E-03
-.6588377E-05
.3088195E-03
-.8083465E-04
-.1029293E-02
-.1832201E-02
-.2044304E-02
-.1957853E-02
-.1898565E-02
-.1924555E-02
-.2012509E-02
-.2550551E-02
-.2939611E-02
-.2537450E-02
-.2299658E-02
-.2143153E-02
-.2020379E-02
-.2205280E-02
-.2682621E-02
-.3005340E-02
-.3187789E-02
-.2725992E-02
-.2020256E-02
-.1277986E-02
-.9917771E-03
-.7019122E-03
.5248788E-04
.7136016E-03
.9064118E-03
.8540711E-03
.1105366E-02
.1807318E-02
.2279277E-02
.2326557E-02
.1932938E-02
.1224975E-02
.8740239E-03
.6018397E-03
-.5280423E-05
-.2146041E-03
-.1961770E-03
-.2998167E-03
-.4239644E-03
-.4609518E-03
-.3277081E-03
.3079244E-03
.8930988E-03
.1048688E-02
.9742272E-03
.1050330E-02
.1961128E-02
.2898398E-02
.3258839E-02
.3463491E-02
.3618008E-02
.3801372E-02
.4420638E-02
.4993395E-02
.5153972E-02
.5084577E-02
.5024152E-02
.5427279E-02
.6120611E-02
.6453333E-02
.6413095E-02
.5909053E-02
.5225016E-02
.4913477E-02
.4515188E-02
.3740265E-02
.2736250E-02
.2173349E-02
.2154520E-02
.1914130E-02
.1290537E-02
.9210601E-03
.9206245E-03
.1009945E-02
.8724494E-03
.2099595E-03
-.3082300E-03
-.3942859E-03
-.3042787E-03
-.2877686E-03
-.7187838E-03
-.1381831E-02
-.1699196E-02
-.2099622E-02
-.2665252E-02
-.3157799E-02
-.3634167E-02
-.3437463E-02
-.3456394E-02
-.3933271E-02
-.4254285E-02
-.4220696E-02
-.4099996E-02
-.4051526E-02
-.3473395E-02
-.2439197E-02
-.1592998E-02
-.1256830E-02
-.8027087E-03
-.1706491E-03
.1451151E-03
.1617281E-03
.3712021E-03
.5378810E-03
.7373127E-03
.1131793E-02
.1418280E-02
.1044480E-02
.6155968E-03
.3029364E-03
.1338532E-03
.8668035E-04
.8569321E-04
.8643018E-04
.8316204E-04
-.1158457E-03
-.7869401E-03
-.1280114E-02
-.1355964E-02
-.1239763E-02
-.1383076E-02
-.2083069E-02
-.2619760E-02
-.2702162E-02
-.2591764E-02
-.2535841E-02
-.2287986E-02
-.1597082E-02
-.1113131E-02
-.1049283E-02
-.1137575E-02
-.1159591E-02
-.1125312E-02
-.1105197E-02
-.1095638E-02
-.1105299E-02
-.1096346E-02
-.1126715E-02
-.1390977E-02
-.1328267E-02
-.1092746E-02
-.9822366E-03
-.1008622E-02
-.1042360E-02
-.9995591E-03
-.7416192E-03
-.3140416E-03
.2020468E-03
.5010758E-03
.5601904E-03
.5478140E-03
.5589031E-03
.6161127E-03
.6636225E-03
.6054607E-03
.2727357E-03
-.2007309E-03
-.6441888E-03
-.1325275E-02
-.1917034E-02
-.2163266E-02
-.2913738E-02
-.3892992E-02
-.4589454E-02
-.5067318E-02
-.5674091E-02
-.6370911E-02
-.7132912E-02
-.7487031E-02
-.7485756E-02
-.7426608E-02
-.7739275E-02
-.8468541E-02
-.8901120E-02
-.8893985E-02
-.8755431E-02
-.8706558E-02
-.8455732E-02
-.7917869E-02
-.7189089E-02
-.7059334E-02
-.7230840E-02
-.7191860E-02
-.6538508E-02
-.5915112E-02
-.5392926E-02
-.4746301E-02
-.4019810E-02
-.3269207E-02
-.2932252E-02
-.2930567E-02
-.2836935E-02
-.2169950E-02
-.1635335E-02
-.1683653E-02
-.1626974E-02
-.1452126E-02
-.1593019E-02
-.2006976E-02
-.2105810E-02
-.1621031E-02
-.1230949E-02
-.1153081E-02
-.1203596E-02
-.1214757E-02
-.1042247E-02
-.3631414E-03
.2309060E-03
.3844542E-03
.3096560E-03
.2792241E-03
.4675295E-03
.7570312E-03
.6491703E-03
.8542657E-03
.1481834E-02
.1871096E-02
.1933435E-02
.2308263E-02
.3011589E-02
.3648682E-02
.3939650E-02
.4088097E-02
.4693540E-02
.5409896E-02
.5672588E-02
.5791634E-02
.5987070E-02
.6524055E-02
.6803441E-02
.6417357E-02
.6048717E-02
.6002567E-02
.6089957E-02
.6247675E-02
.6444024E-02
.6433112E-02
.6883991E-02
.7387947E-02
.7548549E-02
.7496137E-02
.7872143E-02
.8583337E-02
.8942463E-02
.8945415E-02
.9336560E-02
.1002410E-01
.1057773E-01
.1104362E-01
.1077422E-01
.1035447E-01
.1028394E-01
.1065573E-01
.1069938E-01
.1061555E-01
.1065365E-01
.1048442E-01
.1001957E-01
.9493581E-02
.9063990E-02
.8885375E-02
.8420499E-02
.7740802E-02
.6960579E-02
.6047577E-02
.5170582E-02
.4075202E-02
.3429389E-02
.3345280E-02
.3242163E-02
.2583517E-02
.1829166E-02
.1244822E-02
.1501091E-02
.1961120E-02
.2097242E-02
.2013411E-02
.1960412E-02
.1957336E-02
.1692751E-02
.1241985E-02
.8104496E-03
.6264104E-03
.1705835E-03
-.4741685E-03
-.7798330E-03
-.7610330E-03
-.7143161E-03
-.7559447E-03
-.8195862E-03
-.8160052E-03
-.7821384E-03
-.7725301E-03
-.6245093E-03
-.4335136E-03
-.5613415E-03
-.7365735E-03
-.7795969E-03
-.9420076E-03
-.1599238E-02
-.2127192E-02
-.2397158E-02
-.2703246E-02
-.3189296E-02
-.3704650E-02
-.3994415E-02
-.4097546E-02
-.4169525E-02
-.4367681E-02
-.4557009E-02
-.4404901E-02
-.4344222E-02
-.4378356E-02
-.4612155E-02
-.4871667E-02
-.5458692E-02
-.6382869E-02
-.6195544E-02
-.5733963E-02
-.5922755E-02
-.6284395E-02
-.6387677E-02
-.6308878E-02
-.6463876E-02
-.6895134E-02
-.7434626E-02
-.7715523E-02
-.7749064E-02
-.7554995E-02
-.7422228E-02
-.7618706E-02
-.7821660E-02
-.7858655E-02
-.7564531E-02
-.6839063E-02
-.6387907E-02
-.6360448E-02
-.6452812E-02
-.6400976E-02
-.6001592E-02
-.5558343E-02
-.5461748E-02
-.5304954E-02
-.5066915E-02
-.4928630E-02
-.4923862E-02
-.4955410E-02
-.4758962E-02
-.4592421E-02
-.4770499E-02
-.4918745E-02
-.4213802E-02
-.3092482E-02
-.2322439E-02
-.1879877E-02
-.1242979E-02
-.6580825E-03
.5491117E-03
.1805085E-02
.2358057E-02
.2872500E-02
.3425140E-02
.3998553E-02
.4705700E-02
.5071961E-02
.5112800E-02
.5081437E-02
.5091347E-02
.5114761E-02
.5111149E-02
.5077236E-02
.4770442E-02
.4088032E-02
.3645500E-02
.3560878E-02
.3303244E-02
.2610228E-02
.2152673E-02
.2103995E-02
.1844934E-02
.8097775E-03
-.3705568E-03
-.8353303E-03
-.5326696E-03
-.3152272E-03
-.4733896E-03
-.4292053E-03
-.5229123E-03
-.6775958E-03
-.7155501E-03
-.6612201E-03
-.6036343E-03
-.5749045E-03
-.5609714E-03
-.5553883E-03
-.6075538E-03
-.1141000E-02
-.1737780E-02
-.1941578E-02
-.1881872E-02
-.1809677E-02
-.2099886E-02
-.2795274E-02
-.3188662E-02
-.3160227E-02
-.3058292E-02
-.2995962E-02
-.2500594E-02
-.1967094E-02
-.2061603E-02
-.2222784E-02
-.2113791E-02
-.1975317E-02
-.1965064E-02
-.2052623E-02
-.2018497E-02
-.1701324E-02
-.1217810E-02
-.5375239E-03
.1980894E-03
.5268792E-03
.4908784E-03
.3972926E-03
.3876757E-03
.7462206E-03
.1405920E-02
.1739152E-02
.1719571E-02
.1640223E-02
.1641507E-02
.1673275E-02
.1677534E-02
.1662727E-02
.1530679E-02
.1318369E-02
.1311133E-02
.8964120E-03
.4324706E-03
.2665060E-03
-.1073007E-03
-.7564626E-03
-.1081043E-02
-.1179205E-02
-.1735535E-02
-.2292312E-02
-.2467646E-02
-.2687990E-02
-.3102701E-02
-.3601498E-02
-.3820492E-02
-.3802733E-02
-.3758515E-02
-.3601154E-02
-.3416525E-02
-.3146250E-02
-.2705417E-02
-.2465876E-02
-.2461470E-02
-.2512498E-02
-.2517205E-02
-.2300975E-02
-.1623040E-02
-.1118371E-02
-.1035382E-02
-.1150092E-02
-.1430447E-02
-.1084733E-02
-.3663881E-03
.2272792E-03
.8086567E-03
.1416334E-02
.2194453E-02
.3087154E-02
.3976449E-02
.4441765E-02
.4787187E-02
.5216475E-02
.5891894E-02
.6708930E-02
.7105754E-02
.7104918E-02
.7030473E-02
.7051099E-02
.7132343E-02
.7170021E-02
.7159298E-02
.7145496E-02
.7146059E-02
.7149898E-02
.7148347E-02
.7138807E-02
.7099938E-02
.7090370E-02
.7077521E-02
.7050194E-02
.7032753E-02
.7051969E-02
.7103422E-02
.7110791E-02
.7059512E-02
.7028341E-02
.7061148E-02
.6854046E-02
.6685568E-02
.6521177E-02
.6155127E-02
.5423697E-02
.4599642E-02
.4247880E-02
.4172810E-02
.3768197E-02
.2627083E-02
.1863495E-02
.1659281E-02
.1464522E-02
.7861120E-03
.2187143E-03
.1008521E-03
.1822868E-03
.1598554E-03
-.3425814E-03
-.1070148E-02
-.1393115E-02
-.1346873E-02
-.1082062E-02
-.4125912E-03
-.1774720E-03
-.3686767E-03
-.2492860E-03
.7360591E-04
.3009656E-04
-.6773588E-03
-.1243440E-02
-.1329512E-02
-.1224222E-02
-.1195548E-02
-.1238906E-02
-.1460753E-02
-.2124643E-02
-.2627898E-02
-.2720560E-02
-.2642794E-02
-.2647634E-02
-.2963363E-02
-.2981867E-02
-.3001209E-02
-.3353764E-02
-.3436859E-02
-.3026806E-02
-.2660808E-02
-.2600905E-02
-.2674739E-02
-.2700286E-02
-.2627176E-02
-.2077239E-02
-.1434233E-02
-.1198403E-02
-.1254650E-02
-.1563913E-02
-.1991105E-02
-.1766776E-02
-.1371232E-02
-.1229483E-02
-.1314040E-02
-.1377235E-02
-.1411453E-02
-.1631379E-02
-.1548044E-02
-.1339511E-02
-.1252041E-02
-.1279133E-02
-.1310200E-02
-.1300395E-02
-.1172179E-02
-.6186071E-03
-.2613218E-03
.1184596E-03
.8905720E-03
.1522793E-02
.1679128E-02
.1596845E-02
.1546194E-02
.1311790E-02
.8997324E-03
.6610709E-03
.5036226E-03
.2703862E-03
.9279829E-04
-.9965500E-04
-.7390933E-03
-.1367423E-02
-.1631755E-02
-.1671807E-02
-.2011295E-02
-.2460251E-02
-.2808675E-02
-.3180426E-02
-.2352449E-02
-.7204185E-03
.2411079E-03
.5273881E-03
.4891570E-03
.4977626E-03
.6840327E-03
.7742015E-03
.9005180E-03
.9670890E-03
.1075063E-02
.1483964E-02
.1947567E-02
.2378936E-02
.2528691E-02
.2300156E-02
.1733912E-02
.1699628E-02
.1777002E-02
.1456524E-02
.1157511E-02
.1631999E-02
.2194835E-02
.1910903E-02
.8368558E-03
.2415789E-03
-.1429546E-03
-.4308431E-03
-.5748862E-03
-.5982054E-03
-.5668058E-03
-.5835408E-03
-.6652257E-03
-.1169416E-02
-.2271126E-02
-.3206201E-02
-.3462167E-02
-.3362902E-02
-.3306499E-02
-.3301851E-02
-.3052096E-02
-.3036153E-02
-.2912974E-02
-.2576979E-02
-.2622121E-02
-.2837642E-02
-.3206541E-02
-.3451664E-02
-.3493539E-02
-.3462709E-02
-.3461025E-02
-.3497912E-02
-.3577833E-02
-.3877785E-02
-.3930477E-02
-.4300343E-02
-.4833913E-02
-.4950124E-02
-.5412190E-02
-.6201011E-02
-.6633588E-02
-.6640117E-02
-.6571033E-02
-.6618139E-02
-.6783911E-02
-.7031653E-02
-.6922280E-02
-.6755437E-02
-.6732353E-02
-.6782706E-02
-.6693682E-02
-.6060820E-02
-.5349505E-02
-.4571418E-02
-.4062527E-02
-.3945669E-02
-.4004970E-02
-.3751405E-02
-.3142390E-02
-.2307427E-02
-.1623262E-02
-.1307198E-02
-.1275757E-02
-.1280835E-02
-.4352503E-03
.5236057E-03
.9110610E-03
.1240679E-02
.1458797E-02
.1504701E-02
.1594813E-02
.2340339E-02
.3010543E-02
.3228514E-02
.3719966E-02
.4149076E-02
.4274861E-02
.4222730E-02
.4173426E-02
.4132506E-02
.3831831E-02
.3779035E-02
.3677448E-02
.3526015E-02
.3541697E-02
.3376699E-02
.3421045E-02
.2652222E-02
.1772720E-02
.1476008E-02
.1064339E-02
.9953738E-03
.1194758E-02
.1317723E-02
.1268270E-02
.1196779E-02
.1188568E-02
.1209676E-02
.1216143E-02
.1208596E-02
.1251533E-02
.1787866E-02
.2239800E-02
.2328949E-02
.2405894E-02
.2550247E-02
.3274659E-02
.3335353E-02
.2907652E-02
.3126633E-02
.3284866E-02
.3215088E-02
.2562925E-02
.1604076E-02
.1138373E-02
.1155866E-02
.1247983E-02
.1020773E-02
.5113594E-03
-.3076373E-03
-.7959999E-03
-.8487579E-03
-.1004609E-02
-.1275874E-02
-.1190815E-02
-.1256080E-02
-.1429986E-02
-.1522338E-02
-.1504802E-02
-.1213444E-02
-.1118099E-02
-.1345694E-02
-.1524880E-02
-.1531544E-02
-.1475286E-02
-.1422496E-02
-.1391319E-02
-.1131035E-02
-.8229980E-03
-.9898963E-03
-.1268111E-02
-.5583169E-03
.5162206E-03
.1218719E-02
.1353821E-02
.1281221E-02
.1415768E-02
.1980552E-02
.2201755E-02
.2644058E-02
.3592016E-02
.4148384E-02
.4179663E-02
.4209167E-02
.4567191E-02
.4842594E-02
.4895902E-02
.5273923E-02
.5393443E-02
.5441306E-02
.5629869E-02
.6183940E-02
.6505969E-02
.6333719E-02
.5752664E-02
.5165640E-02
.4853610E-02
.4642199E-02
.4311410E-02
.4140580E-02
.4169989E-02
.4231796E-02
.4235461E-02
.4180757E-02
.4126907E-02
.4095839E-02
.3666212E-02
.3283442E-02
.3177420E-02
.3190279E-02
.2946626E-02
.2524894E-02
.1806279E-02
.1504187E-02
.1812197E-02
.1907620E-02
.1552209E-02
.1275660E-02
.1263824E-02
.1337751E-02
.1101665E-02
.2271652E-03
-.3779181E-03
-.9761635E-03
-.1371767E-02
-.1445555E-02
-.1419130E-02
-.1715664E-02
-.2979567E-02
-.3925503E-02
-.3866889E-02
-.3491583E-02
-.3089632E-02
-.3144882E-02
-.3746753E-02
-.3655105E-02
-.3222649E-02
-.2764349E-02
-.2627652E-02
-.2423344E-02
-.1985305E-02
-.1550714E-02
-.1371555E-02
-.1369990E-02
-.1389563E-02
-.1399604E-02
-.1434453E-02
-.1465228E-02
-.1473005E-02
-.1467697E-02
-.1442536E-02
-.1393646E-02
-.1364234E-02
-.1290116E-02
-.9393042E-03
-.7519006E-03
-.1057149E-02
-.1360731E-02
-.1160567E-02
-.1018380E-02
-.1202483E-02
-.1386086E-02
-.1406591E-02
-.1356846E-02
-.1341040E-02
-.1357647E-02
-.1477601E-02
-.1981201E-02
-.2023897E-02
-.1935372E-02
-.2132025E-02
-.2213490E-02
-.2478117E-02
-.2473904E-02
-.2340870E-02
-.2814079E-02
-.2977932E-02
-.3197921E-02
-.3447548E-02
-.3205156E-02
-.2255618E-02
-.1691460E-02
-.1454892E-02
-.1393468E-02
-.1359616E-02
-.1313721E-02
-.1282421E-02
-.1309903E-02
-.1348119E-02
-.1346260E-02
-.1058119E-02
-.1017638E-02
-.1240185E-02
-.1387450E-02
-.1379874E-02
-.1347905E-02
-.1637183E-02
-.1971475E-02
-.1793125E-02
-.1450325E-02
-.1336891E-02
-.1407898E-02
-.1572367E-02
-.1755603E-02
-.1864584E-02
-.1969642E-02
-.1739340E-02
-.1549188E-02
-.1659630E-02
-.1557656E-02
-.1378579E-02
-.1294823E-02
-.1037301E-02
-.8808366E-03
-.4515417E-03
-.3215492E-03
-.4963189E-03
-.7625971E-04
.4384327E-03
.1059901E-02
.1489467E-02
.1594962E-02
.1682218E-02
.2014460E-02
.2503560E-02
.2686668E-02
.3079110E-02
.3774340E-02
.4253612E-02
.4329585E-02
.4253544E-02
.4233157E-02
.4399011E-02
.4766449E-02
.5237436E-02
.5124175E-02
.5049175E-02
.5523032E-02
.5696377E-02
.5874118E-02
.6232793E-02
.6656047E-02
.6926898E-02
.6691359E-02
.6331772E-02
.6244327E-02
.6224201E-02
.6349054E-02
.6796610E-02
.6826076E-02
.6246896E-02
.5937174E-02
.6159609E-02
.6419841E-02
.6226415E-02
.5592405E-02
.5210430E-02
.5258369E-02
.5355677E-02
.5184046E-02
.5061950E-02
.5016477E-02
.4793942E-02
.4737628E-02
.4550101E-02
.4389792E-02
.4349022E-02
.4371208E-02
.4383869E-02
.4376474E-02
.4370492E-02
.4402505E-02
.4454402E-02
.4448176E-02
.4272791E-02
.3902216E-02
.2997876E-02
.1966651E-02
.1136449E-02
.5255883E-03
.4614674E-03
.1400628E-04
-.3578633E-03
-.5453669E-03
-.8237174E-03
-.1017278E-02
-.1202639E-02
-.1976441E-02
-.3135088E-02
-.3493535E-02
-.3489100E-02
-.3627344E-02
-.4224992E-02
-.5260009E-02
-.6047387E-02
-.6509495E-02
-.7064233E-02
-.7847993E-02
-.8114393E-02
-.8231629E-02
-.8645370E-02
-.9221542E-02
-.9491701E-02
-.9470102E-02
-.9408806E-02
-.9430838E-02
-.9749411E-02
-.1033605E-01
-.1047374E-01
-.9995796E-02
-.9832997E-02
-.1003469E-01
-.9910035E-02
-.9626283E-02
-.9474192E-02
-.9465433E-02
-.9335330E-02
-.8954350E-02
-.8275574E-02
-.7585671E-02
-.7036823E-02
-.6780201E-02
-.6754689E-02
-.6736037E-02
-.6438827E-02
-.6395118E-02
-.5999595E-02
-.5384271E-02
-.5043189E-02
-.5177103E-02
-.5167277E-02
-.4504866E-02
-.3925669E-02
-.3832235E-02
-.3950439E-02
-.3992295E-02
-.3951480E-02
-.3895773E-02
-.3623798E-02
-.3412303E-02
-.2480251E-02
-.1416952E-02
-.1020804E-02
-.1109739E-02
-.1228283E-02
-.1198644E-02
-.9370228E-03
-.4401288E-03
-.3558791E-03
-.7445922E-03
-.7798603E-03
-.2738136E-03
.7714583E-03
.1361217E-02
.1187582E-02
.6752890E-03
.2333037E-03
.5707846E-03
.1179674E-02
.1363738E-02
.1496714E-02
.1690022E-02
.1607602E-02
.1473730E-02
.1651344E-02
.1847074E-02
.1904224E-02
.1910681E-02
.1924807E-02
.1945282E-02
.1969860E-02
.1979830E-02
.2006193E-02
.2011547E-02
.1818195E-02
.1470896E-02
.1297273E-02
.1465134E-02
.1349158E-02
.9181616E-03
.1161503E-02
.1814720E-02
.2136172E-02
.2123716E-02
.2106896E-02
.2372459E-02
.2557680E-02
.2529974E-02
.2748481E-02
.3269573E-02
.3654720E-02
.3749388E-02
.3399782E-02
.2640655E-02
.2427400E-02
.2394853E-02
.2593163E-02
.2986329E-02
.3413398E-02
.3417692E-02
.3477228E-02
.3870205E-02
.4463821E-02
.4940909E-02
.4824191E-02
.4840027E-02
.5061755E-02
.5226399E-02
.5243293E-02
.5242390E-02
.5294827E-02
.5355317E-02
.5191366E-02
.4795367E-02
.4501935E-02
.4469188E-02
.4610314E-02
.4713937E-02
.4427771E-02
.4120790E-02
.4246311E-02
.4702278E-02
.4988984E-02
.4560618E-02
.4286054E-02
.4571106E-02
.4877014E-02
.3992087E-02
.2838144E-02
.2422052E-02
.2546159E-02
.2656638E-02
.2325333E-02
.1530006E-02
.1015598E-02
.4644670E-03
-.9437514E-04
-.3348513E-03
-.5391663E-03
-.6635962E-03
-.4945077E-03
-.3265640E-03
-.5009540E-03
-.7427793E-03
-.1112254E-02
-.1562282E-02
-.1553868E-02
-.1611241E-02
-.2362064E-02
-.2743482E-02
-.2885783E-02
-.2971967E-02
-.2789391E-02
-.2392760E-02
-.2604937E-02
-.2997167E-02
-.3133201E-02
-.3071683E-02
-.2979552E-02
-.2751454E-02
-.2843965E-02
-.2802395E-02
-.2437572E-02
-.2383419E-02
-.2336859E-02
-.2365971E-02
-.1864072E-02
-.9244397E-03
-.6335502E-03
-.5165535E-03
-.3649119E-03
-.2189377E-03
-.1587481E-03
-.1473616E-03
-.1135883E-03
-.1464634E-04
.2485165E-03
.2491284E-03
.3524184E-03
.3094369E-03
.7123350E-03
.1569901E-02
.2258377E-02
.2519504E-02
.2682306E-02
.2781231E-02
.2796361E-02
.2785850E-02
.2746378E-02
.2708924E-02
.2688683E-02
.2638931E-02
.2333269E-02
.1841753E-02
.1043883E-02
.3546167E-03
-.3023649E-04
.1177127E-03
.2110655E-03
-.1249214E-03
-.4407591E-03
-.5158655E-03
-.4789715E-03
-.4563934E-03
-.4491550E-03
-.4379858E-03
-.5607101E-03
-.7812398E-03
-.1071548E-02
-.1539868E-02
-.1912038E-02
-.2514017E-02
-.2915305E-02
-.2697474E-02
-.2590584E-02
-.2741856E-02
-.2877400E-02
-.2868340E-02
-.2795607E-02
-.3184144E-02
-.3845815E-02
-.4410091E-02
-.4818345E-02
-.5185346E-02
-.5327120E-02
-.5291267E-02
-.5226937E-02
-.5215348E-02
-.5200142E-02
-.5178363E-02
-.5168022E-02
-.5170776E-02
-.5176074E-02
-.5178015E-02
-.5178347E-02
-.5179700E-02
-.5181937E-02
-.5183964E-02
-.5185598E-02
-.5187218E-02
-.5122551E-02
-.4869094E-02
-.4939906E-02
-.5149769E-02
-.5244233E-02
-.5242255E-02
-.5227530E-02
-.5214501E-02
-.5207886E-02
-.5211199E-02
-.5248195E-02
-.5269970E-02
-.5272090E-02
-.5199586E-02
-.4559041E-02
-.3657229E-02
-.3275371E-02
-.3447168E-02
-.3519788E-02
-.2968836E-02
-.2501159E-02
-.2436417E-02
-.2538223E-02
-.2565143E-02
-.2488845E-02
-.2446506E-02
-.2493771E-02
-.2542280E-02
-.2548577E-02
-.2537652E-02
-.2536227E-02
-.2564311E-02
-.2594001E-02
-.2343780E-02
-.2219674E-02
-.2460504E-02
-.2675136E-02
-.2704785E-02
-.2689033E-02
-.2692882E-02
-.2464106E-02
-.2027763E-02
-.1657772E-02
-.1855070E-02
-.1265781E-02
-.6325668E-03
-.6299374E-03
-.4587707E-03
-.2034233E-03
-.1034921E-04
.8837727E-03
.2193998E-02
.2830037E-02
.2782291E-02
.2634273E-02
.2656530E-02
.2713403E-02
.2786523E-02
.3193196E-02
.3916836E-02
.3776632E-02
.3865565E-02
.4327844E-02
.4967399E-02
.5453714E-02
.5605324E-02
.5556778E-02
.5556135E-02
.5667308E-02
.5956278E-02
.5868560E-02
.5618598E-02
.5513273E-02
.5541544E-02
.5537453E-02
.5509936E-02
.5496212E-02
.5486310E-02
.5432295E-02
.4893385E-02
.4221315E-02
.3736506E-02
.3375678E-02
.2936776E-02
.2663664E-02
.2624969E-02
.2668106E-02
.2677953E-02
.2409402E-02
.1692642E-02
.1007312E-02
.5229223E-03
.2819444E-03
.2050128E-03
-.2599479E-05
-.1599154E-03
-.1859727E-03
-.1570191E-03
-.1481302E-03
-.1603304E-03
.3670563E-04
.2799676E-03
.4332648E-03
.2224409E-03
-.6320460E-05
-.5329261E-04
.2095082E-03
.4007648E-03
.2701172E-03
.5668137E-03
.8956059E-03
.1051224E-02
.1593315E-02
.1831039E-02
.1775344E-02
.2192042E-02
.2863415E-02
.3183119E-02
.3168528E-02
.3137789E-02
.3178104E-02
.3418361E-02
.3572716E-02
.3640352E-02
.4074208E-02
.3930331E-02
.4005619E-02
.5146216E-02
.6063513E-02
.6171178E-02
.5925359E-02
.5817528E-02
.5866231E-02
.5868735E-02
.5801642E-02
.5725932E-02
.5649775E-02
.5229413E-02
.4325255E-02
.3345778E-02
.2785537E-02
.2684997E-02
.2712583E-02
.2671504E-02
.2375883E-02
.2175943E-02
.2012504E-02
.1735144E-02
.1592959E-02
.1313382E-02
.1164883E-02
.1339007E-02
.1288481E-02
.1040348E-02
.3780849E-03
-.1805112E-03
-.3209140E-03
-.2536620E-03
-.2210457E-03
-.2499959E-03
-.2718995E-03
-.2406772E-03
-.1819938E-03
-.1556650E-03
-.2449184E-03
-.7123514E-03
-.6659168E-03
-.6438701E-03
-.1097129E-02
-.1177109E-02
-.7351586E-03
-.4358703E-03
-.5413338E-03
-.6921181E-03
-.6519903E-03
-.2705109E-03
.8231460E-04
.1665039E-03
.1251932E-03
.1471933E-03
.3506420E-03
.1029414E-02
.1697842E-02
.2182517E-02
.2638709E-02
.2952160E-02
.3039335E-02
.3046037E-02
.3074800E-02
.3332052E-02
.4325015E-02
.5309461E-02
.5844941E-02
.5957739E-02
.5955871E-02
.5980750E-02
.6041485E-02
.5922256E-02
.5570350E-02
.5527908E-02
.5884799E-02
.6133773E-02
.5939593E-02
.5003166E-02
.4008515E-02
.3586325E-02
.3409865E-02
.3322323E-02
.3278234E-02
.3270798E-02
.3278818E-02
.3282008E-02
.3278199E-02
.3039287E-02
.2108607E-02
.9325607E-03
.3903642E-03
.4167642E-03
.5228129E-03
.4913695E-03
.2074022E-03
-.2575867E-04
-.3997266E-03
-.1170788E-02
-.1914697E-02
-.2367054E-02
-.2463547E-02
-.2428847E-02
-.2422019E-02
-.2443915E-02
-.2453745E-02
-.2447940E-02
-.2443423E-02
-.2440645E-02
-.2424542E-02
-.2425553E-02
-.2405259E-02
-.2486539E-02
-.3397029E-02
-.4680202E-02
-.5186564E-02
-.4776165E-02
-.4206895E-02
-.4167157E-02
-.4601959E-02
-.4968305E-02
-.4822682E-02
-.4838120E-02
-.4936472E-02
-.4560099E-02
-.4149379E-02
-.3511277E-02
-.3165251E-02
-.3383183E-02
-.3145292E-02
-.2678650E-02
-.2676536E-02
-.2636542E-02
-.2496278E-02
-.2420211E-02
-.2442179E-02
-.2485862E-02
-.2856154E-02
-.3540758E-02
-.4021245E-02
-.4602549E-02
-.5073229E-02
-.5222758E-02
-.5179379E-02
-.5103037E-02
-.5185185E-02
-.5714852E-02
-.6422302E-02
-.7254130E-02
-.7474204E-02
-.7581290E-02
-.7456923E-02
-.7356302E-02
-.7213769E-02
-.7104942E-02
-.7177636E-02
-.7543402E-02
-.7800416E-02
-.7829015E-02
-.7809822E-02
-.7837872E-02
-.7601677E-02
-.7439864E-02
-.7285675E-02
-.7199740E-02
-.7016019E-02
-.6069273E-02
-.5476690E-02
-.5294051E-02
-.5197243E-02
-.5116724E-02
-.5079073E-02
-.4951010E-02
-.4443383E-02
-.3391175E-02
-.2670239E-02
-.2297851E-02
-.2155735E-02
-.1867346E-02
-.1181580E-02
-.4342416E-04
.6313444E-03
.7021405E-03
.6325049E-03
.6566565E-03
.9114325E-03
.1596580E-02
.2258959E-02
.2700112E-02
.2853125E-02
.2979559E-02
.3107131E-02
.3342767E-02
.2730495E-02
.1728193E-02
.1081933E-02
.7892905E-03
.7230930E-03
.7142167E-03
.6880870E-03
.6696034E-03
.6846438E-03
.7017882E-03
.7004875E-03
.6718289E-03
.6346723E-03
.6056340E-03
.5968980E-03
.6166974E-03
.8664325E-03
.1221520E-02
.1348743E-02
.1081842E-02
.9989701E-03
.1555726E-02
.2327956E-02
.3097118E-02
.3467684E-02
.3509997E-02
.3481425E-02
.3937437E-02
.4492248E-02
.4882938E-02
.5501032E-02
.6071059E-02
.6285464E-02
.6295332E-02
.6298012E-02
.6327341E-02
.6334601E-02
.6312022E-02
.6295455E-02
.6296086E-02
.6309209E-02
.6354075E-02
.6394218E-02
.6405126E-02
.6399896E-02
.6269077E-02
.5877204E-02
.5336333E-02
.4582870E-02
.3795981E-02
.3483566E-02
.3517428E-02
.3554660E-02
.3507014E-02
.3179933E-02
.2865848E-02
.3064475E-02
.3287502E-02
.2898030E-02
.2641885E-02
.2275678E-02
.1586386E-02
.1606559E-02
.1947606E-02
.1470472E-02
.1046557E-02
.8484621E-03
.7748615E-03
.7666162E-03
.7184001E-03
.5492663E-04
-.1232611E-02
-.1711569E-02
-.1453720E-02
-.1243003E-02
-.1517247E-02
-.1588538E-02
-.1698503E-02
-.1895980E-02
-.2012865E-02
-.2019706E-02
-.1994210E-02
-.1989479E-02
-.1998748E-02
-.2002444E-02
-.1999129E-02
-.1996426E-02
-.1996742E-02
-.2027362E-02
-.2481174E-02
-.2872896E-02
-.2995551E-02
-.3083779E-02
-.3628748E-02
-.4236633E-02
-.4396130E-02
-.4534379E-02
-.4717868E-02
-.4819575E-02
-.4837787E-02
-.4808995E-02
-.4789777E-02
-.4791252E-02
-.4795917E-02
-.4794879E-02
-.4744619E-02
-.4443752E-02
-.4252837E-02
-.4285367E-02
-.4508431E-02
-.4089787E-02
-.3102343E-02
-.2522985E-02
-.2306919E-02
-.2070896E-02
-.1894366E-02
-.1831143E-02
-.1845393E-02
-.1847945E-02
-.1811263E-02
-.1780751E-02
-.1776993E-02
-.1783401E-02
-.1784569E-02
-.1737500E-02
-.1488692E-02
-.1557465E-02
-.1751445E-02
-.1776748E-02
-.1208494E-02
-.4793276E-03
.2892521E-03
.8309598E-03
.9705312E-03
.9257803E-03
.9066435E-03
.9471332E-03
.9575894E-03
.9371232E-03
.9261058E-03
.1163403E-02
.1521886E-02
.1744636E-02
.1977319E-02
.1869814E-02
.1737889E-02
.1786762E-02
.2269984E-02
.2981591E-02
.3382290E-02
.3609529E-02
.3707338E-02
.3700944E-02
.3698601E-02
.3651842E-02
.3162812E-02
.2814336E-02
.2581775E-02
.2671574E-02
.2490820E-02
.1929873E-02
.1363925E-02
.1020619E-02
.9563074E-03
.1005512E-02
.1045368E-02
.1049520E-02
.1045304E-02
.1041893E-02
.6420966E-03
-.3618758E-03
-.6843406E-03
.4974113E-03
.1361697E-02
.1349058E-02
.7396013E-03
.4877702E-04
-.9545872E-04
.8449299E-04
-.4514394E-03
-.7359426E-03
-.9933263E-03
-.9395841E-03
-.1705954E-03
-.7484040E-04
-.9466330E-03
-.1585152E-02
-.1603062E-02
-.1422728E-02
-.1403646E-02
-.1499626E-02
-.1554163E-02
-.1445201E-02
-.1094838E-02
-.8578383E-03
-.5844897E-03
-.2673546E-03
-.6266133E-05
.2448633E-03
.5012142E-03
.6952934E-03
.9199363E-03
.1164736E-02
.1240644E-02
.1231296E-02
.1249576E-02
.1281432E-02
.1293868E-02
.1289158E-02
.1285115E-02
.1287335E-02
.1290695E-02
.1292637E-02
.1323177E-02
.1373440E-02
.1409155E-02
.1466805E-02
.1886915E-02
.2277964E-02
.2173937E-02
.1704231E-02
.1473941E-02
.1688924E-02
.2445210E-02
.2604018E-02
.2034360E-02
.1625131E-02
.1626148E-02
.1768196E-02
.1811374E-02
.1789292E-02
.1798067E-02
.1845444E-02
.1883520E-02
.1858283E-02
.1819192E-02
.1808912E-02
.1683900E-02
.1312041E-02
.5565031E-03
.2050007E-03
.3168346E-03
.4148476E-03
.3692329E-03
.3074011E-03
.4386389E-03
.6503838E-03
.2012414E-03
-.3181274E-04
.1677903E-03
.6055070E-03
.6174276E-03
.4745237E-03
.9771821E-03
.1431978E-02
.1378450E-02
.1313154E-02
.8501577E-03
.1149765E-04
-.6285647E-03
-.2498806E-03
.2409778E-03
.2340373E-03
.4626066E-03
.1299486E-02
.1997183E-02
.2172169E-02
.2102085E-02
.2093268E-02
.2149539E-02
.2062887E-02
.1589883E-02
.1702644E-02
.2022937E-02
.1634255E-02
.1103655E-02
.9408649E-03
.6110864E-03
-.1979442E-04
-.3822363E-03
-.3896370E-03
-.3066873E-03
-.2769592E-03
-.2859797E-03
-.3086704E-03
-.4463579E-03
-.8094783E-03
-.1614005E-02
-.2434573E-02
-.2970289E-02
-.3097025E-02
-.3029366E-02
-.2992605E-02
-.3000646E-02
-.2979219E-02
-.2979574E-02
-.2991296E-02
-.3121924E-02
-.3359873E-02
-.3214782E-02
-.3380993E-02
-.3854939E-02
-.3582159E-02
-.2994721E-02
-.2747573E-02
-.2812307E-02
-.2862114E-02
-.2822685E-02
-.2773518E-02
-.2722858E-02
-.2439052E-02
-.2351982E-02
-.2559034E-02
-.2719171E-02
-.2722290E-02
-.2658728E-02
-.2636597E-02
-.2622759E-02
-.2597782E-02
-.2579917E-02
-.2576605E-02
-.2578997E-02
-.2571472E-02
-.2209998E-02
-.1877685E-02
-.2054906E-02
-.1655685E-02
-.6286659E-03
-.7962342E-04
.1289694E-03
.2129885E-03
.2727400E-03
.5784759E-03
.1070682E-02
.1574564E-02
.1806605E-02
.1819144E-02
.1805094E-02
.1831092E-02
.1723009E-02
.1348839E-02
.8318971E-03
.5453906E-03
.5746347E-03
.6689677E-03
.8176763E-03
.1050908E-02
.9558040E-03
.7783311E-03
.7332051E-03
.7946241E-03
.8990614E-03
.1392096E-02
.1565822E-02
.1183641E-02
.1072733E-02
.1476818E-02
.2053024E-02
.2065821E-02
.1630538E-02
.1431102E-02
.1272053E-02
.1084985E-02
.9831994E-03
.9780510E-03
.9983676E-03
.9809515E-03
.1109144E-02
.1338584E-02
.1702237E-02
.1707721E-02
.1251232E-02
.9093899E-03
.8572583E-03
.1116534E-02
.1486675E-02
.1638684E-02
.1615453E-02
.1843585E-02
.2363930E-02
.2507193E-02
.2406176E-02
.2588342E-02
.3251951E-02
.2970195E-02
.1686150E-02
.8726710E-03
.8506425E-03
.1036256E-02
.1051892E-02
.9728743E-03
.9457606E-03
.9676486E-03
.7020229E-03
.1212485E-03
.1985683E-03
-.9730760E-05
-.7467856E-03
-.1491873E-02
-.1759942E-02
-.1704196E-02
-.1645399E-02
-.1667067E-02
-.1692352E-02
-.1458783E-02
-.1326523E-02
-.1514943E-02
-.1705990E-02
-.1729977E-02
-.1690460E-02
-.1709919E-02
-.1738054E-02
-.2074733E-02
-.2731513E-02
-.3123966E-02
-.3147374E-02
-.3173544E-02
-.3760026E-02
-.4356090E-02
-.4513647E-02
-.4417335E-02
-.4346796E-02
-.4001274E-02
-.2988256E-02
-.1929753E-02
-.1538253E-02
-.1606974E-02
-.1684902E-02
-.1646647E-02
-.1570274E-02
-.1517837E-02
-.1503776E-02
-.1493478E-02
-.1133535E-02
-.5621544E-03
-.7845081E-03
-.1343878E-02
-.1570626E-02
-.1491787E-02
-.1406561E-02
-.1398046E-02
-.1533932E-02
-.1794273E-02
-.1668629E-02
-.1434618E-02
-.1345184E-02
-.1342969E-02
-.1339438E-02
-.1318056E-02
-.1068386E-02
-.1049545E-02
-.1255243E-02
-.1379562E-02
-.1362072E-02
-.1314427E-02
-.1303738E-02
-.1310558E-02
-.1305979E-02
-.1291384E-02
-.1287815E-02
-.1304852E-02
-.1331515E-02
-.1334725E-02
-.1284741E-02
-.1235187E-02
-.1216915E-02
-.1214046E-02
-.1207101E-02
-.1195410E-02
-.1202030E-02
-.1194857E-02
-.1171069E-02
-.1007884E-02
-.1494825E-03
.7544023E-03
.1286251E-02
.1400610E-02
.1365847E-02
.1385113E-02
.1943465E-02
.3174846E-02
.3960336E-02
.4028678E-02
.3872045E-02
.3824119E-02
.3476759E-02
.2522475E-02
.1852974E-02
.1605282E-02
.1509883E-02
.1439797E-02
.1026924E-02
.3991499E-03
-.2646619E-03
-.8488033E-03
-.1072533E-02
-.1087070E-02
-.1313915E-02
-.1685418E-02
-.1718044E-02
-.1294948E-02
-.9755904E-03
-.7128365E-03
-.7551900E-03
-.4771297E-03
.3651868E-03
.1041791E-02
.9279988E-03
.5200550E-03
.2527546E-04
.9324534E-07
-.6660034E-04
.9234699E-04
.8039918E-03
.1380900E-02
.1525860E-02
.1462099E-02
.1421899E-02
.1407673E-02
.1379736E-02
.1002328E-02
.4240957E-03
.5046041E-03
.1122667E-02
.1481439E-02
.1447279E-02
.1451637E-02
.1621350E-02
.1531813E-02
.1477795E-02
.1958511E-02
.2781061E-02
.3456622E-02
.3635826E-02
.3554652E-02
.3496024E-02
.3502510E-02
.3503508E-02
.3474780E-02
.3440958E-02
.3417956E-02
.3409191E-02
.3718496E-02
.4019548E-02
.4228342E-02
.4461156E-02
.4674329E-02
.4842992E-02
.4832772E-02
.4354617E-02
.3576249E-02
.3101977E-02
.3036393E-02
.3085383E-02
.3066410E-02
.3007387E-02
.2970797E-02
.2956101E-02
.2825582E-02
.2191502E-02
.1277200E-02
.7772567E-03
.7467474E-03
.8387261E-03
.8382906E-03
.7966177E-03
.8043077E-03
.8615678E-03
.8931746E-03
.8821226E-03
.8699630E-03
.8927591E-03
.9135884E-03
.9224406E-03
.9288381E-03
.9627825E-03
.1029362E-02
.1294527E-02
.1647668E-02
.1954537E-02
.2070477E-02
.2064350E-02
.2156394E-02
.2158930E-02
.1581491E-02
.9363981E-03
.3560901E-03
-.2444209E-03
-.7450602E-03
-.9244982E-03
-.8998200E-03
-.8641054E-03
-.1031164E-02
-.1854594E-02
-.2694968E-02
-.2819389E-02
-.2379020E-02
-.2108571E-02
-.1963136E-02
-.1610040E-02
-.1172129E-02
-.9965169E-03
-.1038980E-02
-.1101361E-02
-.9549556E-03
-.6570023E-03
-.8031864E-03
-.1082880E-02
-.1196409E-02
-.1149556E-02
-.1088903E-02
-.1082207E-02
-.1094051E-02
-.9581384E-03
-.6604092E-03
-.2961654E-03
-.2148446E-03
-.4225831E-03
-.7088858E-03
-.8125117E-03
-.7582217E-03
-.6659542E-03
-.6006721E-03
-.5383666E-03
-.6317877E-03
-.1030689E-02
-.1587264E-02
-.1911716E-02
-.1900242E-02
-.1825578E-02
-.1948496E-02
-.2021353E-02
-.1791249E-02
-.1538721E-02
-.1452574E-02
-.1435335E-02
-.1343636E-02
-.9526677E-03
-.6939508E-03
-.4641392E-03
-.3352357E-04
.2853809E-05
.1562748E-04
.1917224E-03
.3425495E-03
.3649365E-03
.3259787E-03
.3042613E-03
.3009268E-03
.2764123E-03
-.9741362E-04
-.7370054E-03
-.1141993E-02
-.1104702E-02
-.1106934E-02
-.1199186E-02
-.1254127E-02
-.1237531E-02
-.1204567E-02
-.1191676E-02
-.1185104E-02
-.1157816E-02
-.1141431E-02
-.1125708E-02
-.1112134E-02
-.1091425E-02
-.1073041E-02
-.1066189E-02
-.1080697E-02
-.1081942E-02
-.1261975E-02
-.1436207E-02
-.1422803E-02
-.1350492E-02
-.1535429E-02
-.2030272E-02
-.2357781E-02
-.2367695E-02
-.2262224E-02
-.2210632E-02
-.2204402E-02
-.2185890E-02
-.2146676E-02
-.2043795E-02
-.1841169E-02
-.1708762E-02
-.1601739E-02
-.1153123E-02
-.7254199E-03
-.5982964E-03
-.6335017E-03
-.4534241E-03
-.2093896E-03
-.1516635E-03
-.1015202E-03
-.4761089E-04
-.1861875E-03
-.2296078E-03
-.3607170E-03
-.5259577E-03
-.5975558E-03
-.5825606E-03
-.5666519E-03
-.5628641E-03
-.5296786E-03
-.2303552E-03
.3102291E-03
.6139577E-03
.6184727E-03
.5486053E-03
.5346536E-03
.5512968E-03
.6410517E-03
.7145796E-03
.7338186E-03
.6289457E-03
.5166396E-03
.4707435E-03
.4509424E-03
.2508164E-03
-.1660533E-03
-.4780285E-03
-.5350848E-03
-.4819080E-03
-.4552132E-03
-.4614763E-03
-.4610462E-03
-.4453669E-03
-.4305057E-03
-.4263567E-03
-.4159149E-03
-.4002150E-03
-.3864128E-03
-.3760073E-03
-.3671444E-03
-.4488143E-03
-.6441534E-03
-.7507391E-03
-.7061752E-03
-.5537025E-03
-.3907430E-03
-.2863716E-03
-.2568660E-03
-.2544818E-03
-.2463209E-03
-.2342786E-03
-.3431484E-03
-.6485438E-03
-.8569158E-03
-.8755422E-03
-.8136505E-03
-.7666193E-03
-.7463482E-03
-.7261167E-03
-.6950409E-03
-.6546894E-03
-.6174364E-03
-.5811366E-03
-.5487067E-03
-.5201491E-03
-.4869305E-03
-.4553416E-03
-.4196693E-03
-.2962245E-03
-.9370561E-04
.1281969E-03
.2535651E-03
.2739045E-03
.2646685E-03
.3466945E-03
.4362349E-03
.4998281E-03
.6141221E-03
.7452757E-03
.7921731E-03
.7758826E-03
.7539721E-03
.7427816E-03
.7319845E-03
.7155807E-03
.6976875E-03
.6864663E-03
.7069998E-03
.7896139E-03
.8134109E-03
.7106222E-03
.6111789E-03
.5808307E-03
.6017549E-03
.6125661E-03
.5726173E-03
.5324515E-03
.5154043E-03
.5078967E-03
.4908808E-03
.4405853E-03
.3718229E-03
.2635923E-03
.1811444E-03
.1611858E-03
.1691304E-03
.1718734E-03
.1698172E-03
.1694545E-03
.1700072E-03
.1719828E-03
.1746988E-03
.1773515E-03
.1774627E-03
.1779607E-03
.1780176E-03
.1759455E-03
.1725154E-03
.1694599E-03
.1635011E-03
.1020379E-03
.1600930E-04
-.1994293E-04
-.1159299E-04
.3236142E-05
-.8734506E-05
-.2923710E-04
-.7789970E-05
.2189828E-04
.3513550E-04
.3779206E-04
.4162600E-04
.4720962E-04
.5140796E-04
.5423750E-04
.6955908E-04
.7806806E-04
.8901431E-04
.1097507E-03
.1009282E-03
.8127734E-04
.7493123E-04
.7928905E-04
.8735183E-04
.1097307E-03
.1288472E-03
.1330610E-03
.1294293E-03
.1264073E-03
.1147409E-03
.9422487E-04
.8637024E-04
.9372374E-04
.9349542E-04
.8829573E-04
.8602170E-04
.8733358E-04
.8892889E-04
.8936117E-04
.8938043E-04
.8917989E-04
.8937660E-04
.9739219E-04
.1174561E-03
.1352271E-03
.1342548E-03
.1281076E-03
.1271559E-03
.1275746E-03
.1256488E-03
.1222020E-03
.1192779E-03
.1174981E-03
.1156204E-03
.1128894E-03
.1101766E-03
.1075238E-03
.1047778E-03
.1022445E-03
.1000878E-03
.1005596E-03
.9857834E-04
.9432231E-04
.9094763E-04
.8901008E-04
.8739828E-04
.8548367E-04
.8345405E-04
.8156558E-04
.7980160E-04
.7805882E-04
.7631847E-04
.7462008E-04
.7307174E-04
.7146806E-04
.6980726E-04
.6821433E-04
.6675582E-04
.6548588E-04
.6415080E-04
.6265182E-04
.6114521E-04
.5979918E-04
.5853903E-04
.5730675E-04
.5595399E-04
.5368402E-04
.5136658E-04
.4991203E-04
.4793451E-04
.4607382E-04
.4535932E-04
.4535444E-04
.4596936E-04
.4606048E-04
.4522074E-04
.4439325E-04
.4420345E-04
.4363755E-04
.4205761E-04
.4042491E-04
.3894781E-04
.3797698E-04
.3745370E-04
.3704618E-04
.3659462E-04
.3614093E-04
.3599644E-04
.3606787E-04
.3598462E-04
.3568589E-04
.3521968E-04
.3466476E-04
.3410138E-04
.3356763E-04
.3306861E-04
.3258207E-04
.3216182E-04
.3182620E-04
.3132275E-04
.3078771E-04
.3035291E-04
.2999377E-04
.2964795E-04
.2930334E-04
.2897021E-04
.2866331E-04
.2838105E-04
.2813844E-04
.2795400E-04
.2773544E-04
.2751379E-04
.2731031E-04
.2711045E-04
.2692235E-04
.2675031E-04
.2659548E-04
.2647322E-04
.2637833E-04
.2629977E-04
.2623286E-04
.2616318E-04
.2610399E-04
.2608031E-04
.2608609E-04
.2610675E-04
.2613813E-04
.2618240E-04
.2624059E-04
.2631188E-04
.2639559E-04
.2649214E-04
.2660187E-04
.2672364E-04
.2685655E-04
.2700300E-04
.2716470E-04
.2734014E-04
.2752786E-04
.2772747E-04
.2793910E-04
.2816273E-04
.2839832E-04
.2864572E-04
.2890487E-04
.2917564E-04
.2945794E-04
.2975169E-04
.3005678E-04
.3037312E-04
.3070060E-04
.3103911E-04
.3138853E-04
.3174876E-04
.3211969E-04
.3250118E-04
.3289312E-04
.3329541E-04
.3370790E-04
.3413048E-04
.3456304E-04
.3500544E-04
.3545755E-04
.3591927E-04
.3639045E-04
.3687098E-04
