.4162071E-02
.1178962E-02
.6091781E-02
.5691530E-02
.1488826E-02
-.4351890E-02
-.6287939E-02
.1615385E-03
-.1834478E-02
.2179923E-03
-.6617712E-02
-.5044124E-03
.5912953E-02
-.3853917E-02
-.1497014E-01
-.7268288E-02
.5418412E-02
.3594694E-02
-.1347062E-02
-.2014745E-01
-.3044768E-02
.1197314E-01
.6556469E-02
-.4391560E-02
-.4339663E-01
-.3203094E-01
-.6656475E-02
.2286745E-01
.2249222E-01
-.6400050E-01
-.3163864E-01
-.1352404E-01
.2300063E-01
.4774440E-01
.1330684E-01
.2782266E-02
-.5971326E-01
-.3793017E-01
.1056682E-01
.1431242E-01
.2590395E-01
-.4631441E-02
-.1182876E+00
-.9333273E-01
.4243295E-01
.2826790E-01
.8634038E-01
.5009455E-01
-.1099567E+00
-.9696806E-03
-.1451105E-01
.4165956E-01
.1524676E+00
-.7841410E-01
-.2202493E-01
-.2805151E-01
-.2794476E-01
.3579070E-01
-.9006115E-01
.5411884E-01
-.1258507E-01
.1500194E-01
.3861410E-01
-.7923950E-01
.2451422E-01
.3465865E-04
.4435454E-02
.6195385E-01
-.3671211E-01
-.1950904E-01
-.8228002E-01
-.2156041E-02
.3188339E-01
.8034844E-02
.6199606E-01
.1844128E-01
-.5834401E-01
-.2867589E-01
.6255134E-01
.4784962E-01
.7106238E-01
-.1975361E-01
-.1771243E-02
-.1353141E-03
.2443437E-01
-.2422778E-01
-.9942415E-01
-.2433770E-01
.5366908E-01
-.1435850E-01
-.5553755E-01
-.5626026E-01
.3348802E-01
.8019138E-01
.4130558E-01
.1307376E-01
-.5599470E-01
.6079111E-01
-.3114867E-01
-.5985240E-02
-.2115559E-01
-.7957694E-01
.3168513E-03
-.6154480E-01
-.3376982E-01
-.7593615E-01
.2359598E-01
.2790200E-01
.1138683E-01
-.1982748E-01
-.3334779E-01
.6759330E-01
-.3731785E-01
.2753886E-01
-.1283345E+00
-.9624407E-01
.9114991E-02
-.2958482E-02
.6386919E-01
-.4957968E-02
-.1717303E-01
.5757109E-02
.4806221E-01
.7226148E-02
.8811955E-02
.4695007E-02
-.2397225E-01
-.1648964E-01
.5651478E-01
.8656197E-01
.1314757E+00
.1705439E+00
.1252439E+00
.1813584E+00
.1995607E+00
.1912950E+00
.1600264E+00
.4559103E-01
-.1560022E-01
.4485786E-01
.3148719E-02
.3037736E-01
.4754580E-01
.5439905E-01
.1976100E+00
.2664641E+00
.2743221E+00
.2643090E+00
.1461942E+00
.2969199E-01
-.1947652E-03
-.1769003E+00
-.1488754E+00
-.1932174E+00
-.2846813E+00
-.2692931E+00
-.2439372E+00
-.1385410E+00
-.1021997E+00
-.7257514E-01
-.1239598E+00
-.1684922E+00
-.2312529E+00
-.1421855E+00
.5080974E-01
.1337378E+00
.1482005E+00
.9904796E-01
.1775729E+00
.3267043E+00
.4436823E+00
.3459218E+00
.2677208E+00
.3096954E+00
.1627231E+00
-.5016252E-01
-.1578443E+00
-.1734201E+00
-.3460594E+00
-.3057105E+00
-.4084063E+00
-.5973421E+00
-.7040688E+00
-.7166781E+00
-.4435864E+00
-.1965433E+00
-.1300596E+00
-.1811462E+00
-.1647984E+00
-.9459259E-01
.2844215E-01
.3802131E-01
.8548229E-01
.1838770E+00
.3055012E+00
.3249379E+00
.2388066E+00
.1317093E+00
-.1545364E-01
-.1000630E+00
-.2102955E-01
.5077004E-01
.8972875E-01
.2432529E+00
.2481120E+00
.2243399E+00
.1845354E+00
.2228731E+00
.4003440E+00
.4260696E+00
.3786305E+00
.1321580E+00
-.1127857E+00
-.3339550E+00
-.4847250E+00
-.4496121E+00
-.3621733E+00
-.2540783E+00
-.2578795E+00
.6631177E-01
.2421970E+00
-.8554061E-02
-.5336304E-01
-.1906370E+00
-.1664256E+00
-.1146068E+00
-.2653518E+00
-.3781221E+00
-.3213542E+00
-.2095512E+00
-.1821653E+00
-.6531819E-01
.2774455E-01
.3499789E+00
.6451639E+00
.5306853E+00
.6018376E+00
.8274516E+00
.5816439E+00
.3953422E+00
.2988566E+00
.2174212E+00
.1329605E+00
.8806552E-01
-.1320072E+00
-.3094745E+00
-.2487443E+00
-.2344107E+00
-.2061603E+00
-.2906667E+00
-.3609653E-01
-.2759397E+00
-.1420915E+00
.2277846E+00
.2597215E+00
.4698301E+00
.2730759E+00
-.6934641E-02
-.1058656E+00
-.2866118E+00
-.4083356E+00
-.5012689E+00
-.3336258E+00
-.6146124E-01
-.4184151E-01
.8738847E-01
.1315805E-01
-.2228682E-01
-.4005218E-02
-.2066164E-01
.6801124E-01
.9195394E-01
.2543081E-01
-.7841611E-01
-.2573340E+00
-.4063128E+00
-.2081387E+00
.6540107E-02
.1071492E+00
.2198975E+00
.2947281E+00
.4814009E+00
.3664679E+00
.3090516E+00
.3928125E+00
.3211561E+00
.2798988E+00
.2663100E+00
.1701747E+00
-.1377141E-01
-.1511300E+00
-.3256645E+00
-.5369301E+00
-.6527004E+00
-.8102386E+00
-.6675141E+00
-.3409480E+00
-.2570847E+00
-.3006766E+00
-.2215849E+00
-.6844820E-01
.9368691E-01
.3078287E+00
.2928409E+00
.2485995E+00
.1425624E+00
.2138667E+00
.2250827E+00
.2137139E+00
.2754944E+00
.2123474E+00
.1267421E+00
.1153234E+00
.1449985E+00
-.4137433E-02
-.1452521E+00
-.2320267E-01
.4234183E-01
.4613863E-01
.1194434E+00
.1062827E+00
.2079383E+00
.2800181E+00
.2689923E+00
.2796314E+00
.3568663E+00
.2598719E+00
.4776243E-01
-.7591100E-01
-.1881951E+00
-.2893663E+00
-.5029118E+00
-.5962290E+00
-.4437394E+00
-.6951392E+00
-.6221064E+00
-.2781791E+00
-.2014031E+00
-.2960552E+00
-.2223391E+00
-.4923310E-02
.1279284E+00
.6287053E+00
.6054705E+00
.2546689E+00
.4743471E+00
.6769281E+00
.4792845E+00
.4334273E+00
.5607568E+00
.3470341E+00
.9948498E-02
-.3538682E+00
-.3216047E+00
-.3648354E+00
-.2651855E+00
-.2502568E+00
-.3608196E+00
.2880635E+00
-.1000403E+00
-.3026163E+00
-.7292619E+00
-.6935884E+00
.1491979E+00
.1892494E+00
.3640489E+00
.3190242E+00
.1190931E+00
.9921039E-01
.5825474E-02
-.3556290E-01
-.1592897E+00
-.2161872E+00
.1083036E-01
-.1272019E+00
.1293293E+00
.3752159E+00
.5938297E+00
.5513265E+00
-.1104815E-01
-.3624185E-01
-.7820333E-01
-.1622884E-01
.1827725E+00
.2554387E-01
.1233522E-01
-.1095615E+00
-.2401395E+00
-.6758169E-01
-.1253000E+00
-.1634415E+00
.4819052E-01
.7299223E-01
.5053043E+00
.1881072E+00
-.2549630E+00
-.5987504E+00
-.5070285E+00
.4598834E-02
-.6502335E+00
-.7682991E+00
-.5412976E+00
-.4680845E+00
-.2151363E+00
.2503158E+00
.2589465E+00
.3952752E+00
.4568245E+00
.3931322E+00
.3371817E+00
.2068161E+00
.1995777E+00
.3184991E+00
.2306950E+00
-.4721375E-02
-.9315375E-01
-.6788146E+00
-.6771576E+00
-.9231728E+00
-.7781026E+00
-.3080574E+00
-.2978874E+00
-.2557638E+00
-.9928494E-01
.1578498E-01
-.5826123E-01
-.2246124E+00
-.3450431E+00
-.9378985E-01
.8424776E-01
.1236786E+00
-.1848003E+00
.6826512E+00
.8642558E+00
.5086774E+00
.4989667E+00
.5435986E+00
.4855511E+00
.2142920E+00
.2320734E+00
-.2433646E-01
-.3484131E+00
-.5805491E+00
-.3543848E+00
-.5672427E+00
-.3195155E+00
.4091610E+00
.9930619E-01
-.2991091E+00
.6874142E-01
.1894174E+00
.6698658E-01
.1396144E+00
.2469172E+00
.2648792E+00
.1140322E+00
.4952108E-01
.3982068E-01
.3516010E-01
-.2494767E-01
-.7612025E-01
-.6334494E-01
-.4695067E-01
.8606837E-01
.3277664E+00
.4664423E+00
.4839993E+00
.3490736E+00
.2106125E+00
.9466896E-01
-.2962559E-02
-.1119467E+00
-.2042885E+00
-.2856968E+00
-.3226944E+00
-.2758195E+00
-.1403045E+00
-.1381106E+00
-.1365268E+00
-.1898505E+00
-.3499090E+00
-.6625075E+00
-.5952591E+00
.1088956E+00
.2991377E+00
.3950921E+00
.4703393E+00
.4336386E+00
.3850834E+00
.2747559E+00
.2540825E+00
.1931893E+00
.8837805E-01
.4865316E-03
-.1763289E-01
-.2734855E-01
-.1359572E+00
-.2836218E+00
-.2525823E+00
-.2591482E+00
-.2147131E+00
-.1858503E+00
-.2049438E+00
-.2991914E-01
.1731097E+00
.1475861E+00
.1715436E+00
.2477630E+00
.9609189E-01
.5388414E-01
.5609330E-01
.1695778E-01
-.4204733E-01
-.1030293E+00
-.2421625E+00
-.3480478E+00
-.4557641E+00
-.4414373E+00
-.5377091E+00
-.2392696E+00
.1350692E+00
.7925463E-01
.3110178E+00
.4182533E+00
.3846880E+00
.2705264E+00
.2585809E+00
.3545097E+00
.5868768E+00
.5294801E+00
.2803358E+00
.9601136E-01
-.1459151E-01
-.4034932E+00
-.7409135E+00
-.8021891E+00
-.8533231E+00
-.9902379E+00
-.5084645E+00
.4401954E+00
.4762563E+00
.3824569E+00
.1197159E+00
-.1157177E+00
.6987922E-01
.1037573E+00
.1902132E+00
.2046817E+00
.3466063E+00
.6581263E+00
.6440704E+00
.5166650E+00
.4541571E+00
.1311198E+00
.8486254E-01
.1816549E-01
-.3568772E-01
-.4166743E+00
-.3354174E+00
-.5266421E+00
-.3399610E+00
.7108479E+00
.3944619E+00
-.9999564E-01
-.6341149E+00
-.4266758E+00
-.1714292E+00
-.1036648E+00
-.1283661E-02
.3336644E-01
.1908449E+00
.4359556E+00
.4377026E+00
.1934490E+00
.1073423E+00
.1947344E+00
.2112428E+00
.1500282E+00
.9459694E-01
.1120851E-01
-.6542854E-01
-.1348420E+00
-.1870327E+00
-.2739534E+00
-.2417932E+00
-.1660565E+00
-.1404254E+00
-.2117482E+00
-.2156247E+00
-.1171992E+00
.2514749E-01
.1003985E+00
.1015314E+00
.1201591E+00
.1248844E+00
.1829525E+00
.2536452E+00
.2526451E+00
.2307146E+00
.2248359E+00
.1763569E+00
.4822299E-01
.4763498E-01
.7142497E-01
.5132434E-01
.4155835E-01
-.3259106E-01
-.1075218E+00
-.1804728E+00
-.2354828E+00
-.2683009E+00
-.2683035E+00
-.2968049E+00
-.3008956E+00
-.2396768E+00
-.1280965E+00
-.4443160E-01
.1579576E-01
.9919343E-01
.1341594E+00
.1816072E+00
.2684871E+00
.3896626E+00
.4292951E+00
.3378841E+00
.2278234E+00
.1295152E+00
.3597747E-01
-.8519307E-01
-.1498290E+00
-.1709926E+00
-.2076522E+00
-.1882351E+00
-.1451653E+00
-.5897084E-01
.3319260E-01
.4079702E-01
-.1574127E-01
-.4534544E-01
-.4000952E-01
-.6897722E-01
-.1041271E+00
-.1213680E+00
-.1151855E+00
-.9542267E-01
-.7727662E-01
-.5567989E-01
-.5186485E-01
-.6634963E-01
-.7526828E-01
-.5754453E-01
-.4096115E-01
-.1211738E-01
.5436744E-01
.1074372E+00
.1358882E+00
.1621208E+00
.1562366E+00
.9901581E-01
.7970533E-01
.2333519E-01
-.4538308E-01
-.7096862E-01
-.6809411E-01
-.9436206E-01
-.8581433E-01
-.9173124E-01
-.6485106E-01
-.1712564E+00
-.8480004E-01
-.1137320E-01
-.1807665E+00
-.1004017E+00
-.1208088E+00
-.1093331E-01
.4826549E-01
.6446559E-02
.4231154E-02
.1997998E-01
.3620515E-01
.2075012E-01
.1430066E-01
.7376904E-02
.2192414E-01
.5122974E-01
.1655228E+00
.2514434E+00
.2911928E+00
.2031494E+00
.5020853E-01
-.1742263E-01
-.1004364E+00
-.1795783E+00
-.2405764E+00
-.2793079E+00
-.2746884E+00
-.1904060E+00
-.8413430E-01
-.3180537E-01
-.2803525E-03
.1193539E-03
.2099453E-01
.5583452E-01
.9565924E-01
.1342661E+00
.1456185E+00
.1292381E+00
.9015566E-01
.1293125E-01
-.2542604E-01
.3112327E-02
.1800819E-01
.1717360E-01
.1201013E-01
-.1880328E-01
-.6156193E-01
-.1006496E+00
-.1354696E+00
-.2192904E+00
-.1404018E+00
-.2126409E-01
.2954496E-02
.7030786E-01
.5079086E-01
.3682877E-02
-.2007631E-01
-.1870677E-01
.6690890E-02
.5238246E-01
.6580735E-01
.4244899E-01
.6133273E-03
-.1732375E-01
-.6344444E-01
-.1762848E-01
.8669163E-01
.1108285E+00
.1634315E+00
.2195944E+00
.1983055E+00
.1209727E+00
.8382595E-01
.9253018E-01
.8562840E-01
.3229213E-01
-.1778320E-01
-.6988119E-01
-.1217711E+00
-.1642291E+00
-.2196656E+00
-.2598970E+00
-.2083518E+00
-.1037227E+00
-.7115161E-01
-.5363569E-01
-.1314224E-01
.1277030E-01
.4188769E-01
.7938435E-01
.9012235E-01
.7093963E-01
.5115002E-01
.2382157E-01
.7573391E-02
-.2504823E-02
-.2175285E-01
-.4856009E-01
-.5800593E-01
-.4983331E-01
-.4547958E-01
-.5373306E-01
-.6390416E-01
-.9852771E-01
-.8055293E-01
-.1597741E-01
.5429645E-02
.6238064E-01
.1419195E+00
.2035696E+00
.2392821E+00
.2580311E+00
.2341879E+00
.9278756E-01
-.2166229E-01
-.9661469E-01
-.1729380E+00
-.2107246E+00
-.2256521E+00
-.2058017E+00
-.1640386E+00
-.9174687E-01
-.3715219E-01
-.1418465E-01
.1551693E-01
.4968202E-01
.8993037E-01
.1346289E+00
.1257950E+00
.8767462E-01
.3629737E-01
-.2892536E-01
-.6784740E-01
-.9653989E-01
-.1169520E+00
-.1500651E+00
-.1616236E+00
-.2065934E+00
-.6168798E-01
.6557547E-01
.3559876E-01
.1017254E+00
.1979279E+00
.2859927E+00
.3224475E+00
.2613617E+00
.1080446E+00
.6146021E-01
.1247881E-01
-.8732308E-01
-.1575388E+00
-.2028687E+00
-.2752336E+00
-.3156307E+00
-.2407117E+00
-.1557579E+00
-.1242737E+00
-.5984334E-01
.4485858E-01
.9906746E-01
.1323449E+00
.1896321E+00
.2037070E+00
.1566798E+00
.7697900E-01
.2749871E-01
.7639218E-02
-.4594047E-01
-.8819306E-01
-.1019530E+00
-.1335354E+00
-.1648403E+00
-.1782198E+00
-.1434124E+00
-.8084474E-01
-.6010932E-01
-.3642712E-01
-.3763833E-02
.4361313E-02
.3630812E-02
.1023206E-01
.1903754E-01
.3069797E-01
.6040119E-01
.1132431E+00
.1775549E+00
.2236648E+00
.2208259E+00
.1904654E+00
.1566103E+00
.1177307E+00
.5532380E-01
-.3249963E-02
-.4437153E-01
-.8558694E-01
-.1145818E+00
-.9544581E-01
-.6452378E-01
-.3180758E-01
.2329478E-02
.2016285E-01
.3134989E-01
.3390875E-01
.4792526E-01
.9375966E-01
.1367564E+00
.1576885E+00
.1506563E+00
.7999744E-01
.2308312E-01
-.2690235E-01
-.7510383E-01
-.1230503E+00
-.1756215E+00
-.2372932E+00
-.1848502E+00
-.7142154E-01
.1406730E-01
.9825667E-01
.1159818E+00
.1111139E+00
.1063001E+00
.9663113E-01
.7110621E-01
.4089234E-01
-.9174810E-02
-.6358818E-01
-.1179608E+00
-.1508991E+00
-.1337472E+00
-.7385840E-01
-.1408178E-01
.3546219E-01
.6008245E-01
.4956780E-01
.2439165E-01
.7468327E-02
.1131526E-01
.1410240E-01
-.3164687E-02
-.4661824E-01
-.7837239E-01
-.1044411E+00
-.9118161E-01
-.1745452E-01
.3088068E-01
.5096087E-01
.4230867E-01
.3596472E-01
.4145072E-01
.3927448E-01
.5053164E-01
.7409713E-01
.8556339E-01
.6180393E-01
.3727029E-01
.2079465E-01
.7391238E-02
-.1333781E-01
-.4336315E-01
-.6435232E-01
-.5554218E-01
-.2570170E-01
-.5495116E-02
-.8610837E-02
-.3002843E-01
-.3642243E-01
-.2952993E-01
-.2928272E-01
-.2606529E-01
-.1635046E-01
-.1545046E-01
-.3491478E-01
-.6671907E-01
-.7810295E-01
-.6156025E-01
-.4029089E-01
-.4031300E-01
-.5463348E-01
-.4986875E-01
-.2968773E-01
-.2567168E-01
-.5526465E-01
-.7438934E-01
-.7125255E-01
-.4776675E-01
-.6010729E-02
.6103075E-02
.1616361E-01
.3000223E-01
.4691206E-01
.6722257E-01
.8291861E-01
.1137576E+00
.1417241E+00
.1708505E+00
.1892975E+00
.1754695E+00
.1440059E+00
.1064722E+00
.7351926E-01
.3538169E-01
-.8105775E-02
-.4360971E-01
-.6829348E-01
-.7705404E-01
-.6960884E-01
-.5627314E-01
-.4387790E-01
-.2597261E-01
-.6031407E-02
.3234475E-02
.1336327E-01
.2615325E-01
.3818434E-01
.3286115E-01
-.2870283E-02
-.4085285E-01
-.5895870E-01
-.6145242E-01
-.7866679E-01
-.9592706E-01
-.1108627E+00
-.1016683E+00
-.5458800E-01
-.2060143E-01
.5053762E-02
.3226649E-01
.4556643E-01
.5883576E-01
.8807422E-01
.1235601E+00
.1564421E+00
.1716238E+00
.1613332E+00
.1144704E+00
.6098078E-01
.1211679E-01
-.4174724E-01
-.9903440E-01
-.1518100E+00
-.1868072E+00
-.1799812E+00
-.1210710E+00
-.6907028E-01
-.2411775E-01
.1860403E-01
.3385722E-01
.4313320E-01
.5198283E-01
.6447896E-01
.8183945E-01
.1047161E+00
.1088217E+00
.4377640E-01
-.1236329E-01
-.3623731E-01
-.4576607E-01
-.4605362E-01
-.5361684E-01
-.6174513E-01
-.6990301E-01
-.4123175E-01
.8687127E-02
.4483192E-01
.7575431E-01
.9468559E-01
.6522296E-01
.1386093E-01
.5157341E-02
.1163032E-01
.4865753E-02
-.3445141E-02
-.1270055E-01
-.2809637E-01
-.4483655E-01
-.4947750E-01
-.5186628E-01
-.4334004E-01
-.2335818E-01
-.3956711E-02
.7249062E-02
.4951055E-02
-.1562535E-01
-.2793058E-01
-.1662475E-02
.2406095E-01
.3054616E-01
.1963935E-01
.2975652E-02
-.2116566E-01
-.4539674E-01
-.5062522E-01
-.3649818E-01
-.2981953E-02
.1978754E-01
.3315673E-01
.4304056E-01
.4651371E-01
.4672080E-01
.4011838E-01
.1789874E-01
-.5033884E-02
-.1792154E-01
-.3560730E-01
-.4126622E-01
-.4380598E-01
-.4369579E-01
-.4492893E-01
-.5035836E-01
-.5869682E-01
-.6052157E-01
-.4335800E-01
-.2545595E-01
-.7128556E-02
.2691017E-02
-.3151511E-02
-.1406140E-01
-.1546897E-01
-.1316476E-01
-.1224672E-01
-.2789250E-02
.1293306E-01
.3387981E-01
.5846592E-01
.8296024E-01
.9949345E-01
.1061592E+00
.9960164E-01
.8374680E-01
.6660776E-01
.4794894E-01
.2223069E-01
-.1047455E-01
-.3554000E-01
-.5688550E-01
-.6944983E-01
-.7149693E-01
-.4476473E-01
-.2213396E-01
-.1828647E-01
-.1315380E-01
.1103801E-02
.2996984E-01
.5536278E-01
.7397374E-01
.6995600E-01
.5244673E-01
.4539653E-01
.5793033E-01
.6114847E-01
.5032224E-01
.2543327E-01
-.3490820E-02
-.2547483E-01
-.4512305E-01
-.4858385E-01
-.4789122E-01
-.4915801E-01
-.4198327E-01
-.4324496E-01
-.3785114E-01
-.1121990E-01
.7483892E-02
.1600707E-01
.2008101E-01
.7717655E-02
-.1226306E-01
-.2175002E-01
-.2258329E-01
-.2994048E-01
-.4419899E-01
-.4440904E-01
-.1836838E-01
.2772652E-01
.6446292E-01
.7320336E-01
.6283107E-01
.4226590E-01
.1350606E-01
-.1171131E-01
-.3534666E-01
-.4999480E-01
-.5593927E-01
-.5806486E-01
-.4965691E-01
-.4754337E-01
-.4931095E-01
-.2876601E-01
-.1135451E-01
-.2609951E-02
.1371933E-01
.2893376E-01
.3319542E-01
.2362181E-01
.1427871E-01
-.1144591E-02
-.2742172E-01
-.4778896E-01
-.5082742E-01
-.3658810E-01
-.1819840E-01
-.1340224E-01
-.8033848E-02
.9176742E-02
.2696058E-01
.3617640E-01
.4666519E-01
.4502110E-01
.2250780E-01
.6791782E-02
-.3887472E-02
-.5343885E-02
-.9305414E-02
-.1637488E-01
-.1693879E-01
-.1913877E-01
.3924611E-02
.3497154E-01
.4601830E-01
.5671113E-01
.6021907E-01
.4933075E-01
.3857094E-01
.3219918E-01
.2841822E-01
.1428019E-01
-.1386652E-01
-.3820557E-01
-.4864814E-01
-.4282885E-01
-.3355175E-01
-.2550987E-01
-.1678764E-01
-.2615556E-02
.1219404E-01
.1923327E-01
.2553912E-01
.2915218E-01
.2448182E-01
.1763172E-01
.1815419E-01
.1415399E-01
.1106362E-01
-.2841803E-02
-.1817114E-01
-.1721413E-01
-.2467417E-01
-.3646104E-01
-.5714945E-01
-.5481033E-01
-.1740259E-01
.1974811E-01
.3159364E-01
.1201093E-01
-.1370606E-01
-.1707484E-01
.4561677E-02
.1862878E-01
.2537637E-01
.1998799E-01
.9327252E-02
-.1397750E-02
.2223104E-03
.1441285E-01
.1698459E-01
.1548244E-01
.1562758E-01
.1796983E-01
.2130861E-01
.2232792E-01
.2220482E-01
.2611074E-01
.3229840E-01
.3844424E-01
.3298860E-01
.1757574E-01
.2123086E-02
-.1152926E-01
-.2029988E-01
-.2055961E-01
-.2002374E-01
-.2299667E-01
-.3024442E-01
-.3347234E-01
-.3600155E-01
-.3285446E-01
-.1337208E-01
.3571540E-02
.1495106E-01
.8694784E-02
-.4473009E-02
-.1413200E-01
-.2621042E-01
-.3504116E-01
-.4375459E-01
-.4909488E-01
-.4592124E-01
-.3880119E-01
-.3707696E-01
-.3759365E-01
-.3081938E-01
-.1418375E-01
.1023857E-01
.3115209E-01
.3761527E-01
.1363351E-01
-.2027082E-01
-.3505626E-01
-.4975805E-01
-.5640083E-01
-.2783422E-01
.3387459E-02
.2766804E-01
.2860695E-01
.1375932E-01
.8861790E-02
.1142047E-01
.2745233E-01
.2359114E-01
.1028781E-01
-.9220170E-02
-.2649435E-01
-.3299427E-01
-.2850979E-01
-.1572863E-01
.1241663E-02
.2076196E-01
.2394290E-01
.2246345E-01
.1670000E-01
.1274503E-01
.1235598E-01
.1900697E-01
.3185243E-01
.4482131E-01
.4702716E-01
.2556085E-01
.8287764E-02
-.1282275E-02
-.1039433E-01
-.1531519E-01
-.1801042E-01
-.1908894E-01
-.1381184E-01
-.7460090E-03
.1108664E-01
.2378223E-01
.3342291E-01
.3404986E-01
.3201359E-01
.1881547E-01
.1984115E-02
-.4460576E-02
-.7991122E-02
.3944596E-02
.1493274E-01
.1040669E-01
.5115641E-02
.1035712E-01
.2359948E-01
.3614214E-01
.4801770E-01
.4709228E-01
.3187871E-01
.9174257E-02
-.7449969E-02
-.1366101E-01
-.1312679E-01
-.1022820E-01
-.1560078E-01
-.2391606E-01
-.2927334E-01
-.3217139E-01
-.3378015E-01
-.3132115E-01
-.2476787E-01
-.2271075E-01
-.1926845E-01
-.4903987E-02
.1567432E-01
.2585883E-01
.1607684E-01
.7124061E-03
-.7794568E-02
-.1091899E-01
-.6846300E-02
.3516742E-02
.1369415E-01
.1548716E-01
.6808859E-02
-.7227498E-02
-.1281621E-01
-.8161056E-02
-.5618318E-02
-.7739014E-02
-.8491885E-02
-.7987091E-02
-.1031811E-02
.2188233E-02
-.3370856E-02
-.1168394E-01
-.2470534E-01
-.3429545E-01
-.3680166E-01
-.3226987E-01
-.1735956E-01
.9462445E-04
.7315157E-02
.1000485E-01
.8238178E-02
.8901149E-02
.2257320E-01
.4345666E-01
.5850675E-01
.5747144E-01
.3443677E-01
.1193047E-01
-.6593808E-03
-.1031571E-01
-.1387652E-01
-.2314829E-01
-.3806372E-01
-.5649917E-01
-.7877083E-01
-.9132800E-01
-.7216623E-01
-.2277575E-01
.1324766E-01
.3678423E-01
.5435073E-01
.6124703E-01
.5760469E-01
.4809123E-01
.4248235E-01
.3355031E-01
.2061273E-01
.1842807E-03
-.2254324E-01
-.3727702E-01
-.4812052E-01
-.5175771E-01
-.3692474E-01
-.1272407E-01
.9662012E-02
.2517330E-01
.3571924E-01
.3665270E-01
.2627539E-01
.1366123E-01
.6801902E-02
-.1297734E-02
-.1537456E-01
-.3211869E-01
-.5061721E-01
-.5925641E-01
-.5740081E-01
-.3674764E-01
-.1136155E-02
.2557175E-01
.3826996E-01
.3318346E-01
.2525320E-01
.2566961E-01
.2935002E-01
.2827827E-01
.1267661E-01
-.4052141E-02
-.1533715E-01
-.2208008E-01
-.1533148E-01
.1528391E-02
.8499367E-02
.7158368E-02
.7419795E-02
.4034727E-02
.9271048E-03
.4231207E-02
.6733595E-02
.9139089E-02
.8803848E-02
.4188690E-02
.4537996E-03
.2572938E-03
.1072693E-01
.2488388E-01
.3605630E-01
.3841084E-01
.2166793E-01
-.2222131E-02
-.1591116E-01
-.2421968E-01
-.2124802E-01
-.1313147E-01
-.7085525E-02
-.1059901E-01
-.2040079E-01
-.2141118E-01
-.1361387E-01
-.1064370E-02
.7083832E-02
.1308800E-01
.1689407E-01
.1982091E-01
.1484989E-01
.4600380E-02
-.6290707E-02
-.1344757E-01
-.1122348E-01
-.4105438E-02
-.7344465E-02
-.2007459E-01
-.2239356E-01
-.2390571E-01
-.2294334E-01
-.1411064E-01
-.6076603E-02
-.4916334E-02
-.6883381E-02
-.4777564E-02
.1169579E-02
.2621586E-02
-.1014161E-02
-.3102564E-02
-.4122617E-03
.7983927E-02
.1587930E-01
.1852677E-01
.1185758E-01
-.6266384E-03
-.1054555E-01
-.1506559E-01
-.1838713E-01
-.2638435E-01
-.3310451E-01
-.3602722E-01
-.3021158E-01
-.1282200E-01
.6320972E-02
.2074237E-01
.2927530E-01
.3712688E-01
.4775491E-01
.5687538E-01
.5962698E-01
.5730612E-01
.4746991E-01
.3486236E-01
.2294230E-01
.1038779E-01
.2415176E-03
-.6753973E-02
-.8570921E-02
-.1065612E-01
-.1415912E-01
-.1311291E-01
-.1025008E-01
-.8137972E-02
-.9515272E-02
-.1308148E-01
-.1798594E-01
-.1776081E-01
-.1440734E-01
-.1732277E-01
-.2523722E-01
-.3258455E-01
-.4034090E-01
-.4831655E-01
-.5063832E-01
-.5217266E-01
-.4961271E-01
-.4004331E-01
-.2873482E-01
-.1211824E-01
.8856812E-02
.2331100E-01
.3190529E-01
.2994565E-01
.2207104E-01
.1355484E-01
.4621474E-02
-.3602992E-02
-.1251901E-01
-.1799254E-01
-.1677281E-01
-.1035923E-01
-.7356543E-02
-.7250646E-02
-.4412166E-02
.4583039E-02
.1382407E-01
.1674518E-01
.1685824E-01
.2117165E-01
.2955080E-01
.3503008E-01
.2991973E-01
.2311211E-01
.2634332E-01
.3168085E-01
.3294755E-01
.3040354E-01
.2909883E-01
.2761052E-01
.2313260E-01
.2128425E-01
.2287532E-01
.2627590E-01
.2221517E-01
.9629283E-02
-.9461799E-03
-.8418799E-02
-.1043543E-01
-.7415307E-02
-.9485997E-02
-.1276538E-01
-.1155065E-01
-.5040067E-02
.2757756E-02
.8324842E-02
.9984310E-02
.8190062E-02
.5677737E-02
-.1006386E-02
-.5036465E-02
-.8723823E-02
-.1436345E-01
-.1766423E-01
-.1873426E-01
-.1485627E-01
-.9292205E-02
-.5131665E-02
.1600297E-02
.8203743E-02
.1338633E-01
.1549973E-01
.1339954E-01
.1247335E-01
.6326804E-02
-.2723676E-02
-.1000344E-01
-.1345002E-01
-.1541762E-01
-.2086953E-01
-.2754952E-01
-.3506182E-01
-.3789131E-01
-.3446411E-01
-.2951303E-01
-.2625005E-01
-.2271167E-01
-.2162229E-01
-.1604493E-01
-.6148879E-02
.4612133E-02
.9126668E-02
.5192544E-02
-.3671237E-02
-.1428533E-01
-.2198224E-01
-.3095005E-01
-.3451289E-01
-.2089790E-01
.3061928E-02
.1869856E-01
.2708911E-01
.3023789E-01
.3225854E-01
.3478613E-01
.3342142E-01
.2700157E-01
.1599480E-01
.6194677E-02
-.6297220E-02
-.1400124E-01
-.1352280E-01
-.1574535E-01
-.2010171E-01
-.2258434E-01
-.1415297E-01
.2974187E-03
.5928891E-02
.1039144E-01
.1347597E-01
.1293034E-01
.1181012E-02
-.1841007E-01
-.2448819E-01
-.2671888E-01
-.2382609E-01
-.1630150E-01
-.8249554E-02
.2060668E-02
.5960190E-02
.6150992E-02
.1572276E-02
-.3132920E-02
-.1873156E-02
.2633268E-02
.7366132E-02
.6691978E-02
.4999862E-02
.3153729E-02
.5745614E-02
.1142912E-01
.9768627E-02
.6234392E-02
.3701798E-02
.3342824E-02
.5511408E-02
.6993535E-02
.1086756E-01
.1790970E-01
.2784967E-01
.3649322E-01
.3576806E-01
.2392695E-01
.1265295E-01
.6799233E-02
.1874736E-02
-.1625842E-02
-.5587459E-02
-.1192465E-01
-.1791710E-01
-.1775078E-01
-.5509698E-02
.1044724E-01
.2147962E-01
.2598501E-01
.3201225E-01
.3889833E-01
.3818437E-01
.2315677E-01
.1374630E-03
-.1562964E-01
-.2280530E-01
-.2356107E-01
-.1767154E-01
-.7515357E-02
.2012507E-02
.7547070E-02
.7869432E-02
.5920251E-02
-.1362511E-02
-.9334795E-02
-.1437356E-01
-.1620749E-01
-.1633802E-01
-.1632268E-01
-.1656950E-01
-.1441727E-01
-.1124504E-01
-.9870065E-02
-.6691724E-02
-.1984406E-02
.2386310E-02
.2839203E-02
.1699875E-02
-.2453556E-02
-.5596169E-02
-.5885845E-02
-.7597402E-02
-.5730802E-02
-.5007625E-02
-.6975210E-02
-.3703059E-02
.3421055E-04
-.1289763E-02
-.6349999E-02
-.1018624E-01
-.1059834E-01
-.9286644E-02
-.6045112E-02
-.2730143E-02
-.3004556E-02
-.6779613E-02
-.1180213E-01
-.1216632E-01
-.1047418E-01
-.1506933E-01
-.1898414E-01
-.2389244E-01
-.2613752E-01
-.2381810E-01
-.1683117E-01
-.5400104E-02
.3405481E-02
.8966442E-02
.1072076E-01
.1262808E-01
.1415391E-01
.9838191E-02
-.2918027E-02
-.1495005E-01
-.2289596E-01
-.2197398E-01
-.8453999E-02
.1012518E-01
.2587896E-01
.3284339E-01
.3715888E-01
.4044621E-01
.4099992E-01
.3207784E-01
.1844845E-01
.8724632E-02
.1727922E-03
-.7314172E-02
-.1002653E-01
-.6740256E-02
-.1971935E-02
-.1972119E-02
-.4779349E-02
-.6696124E-02
-.7299144E-02
-.6610849E-02
-.6333620E-02
-.5769775E-02
-.5492557E-02
-.2417484E-02
.4006243E-02
.9015225E-02
.1335202E-01
.1750522E-01
.1999274E-01
.2154798E-01
.1988409E-01
.1417589E-01
.4381576E-02
-.1405170E-02
-.2691681E-02
.1750213E-03
.6353456E-02
.1079206E-01
.1298994E-01
.8916454E-02
.1724935E-02
-.2701277E-02
.1210485E-02
.8218934E-02
.9039700E-02
.3857964E-02
-.4744455E-02
-.1236729E-01
-.1330938E-01
-.7906011E-02
-.1961000E-02
.1137633E-02
.1216959E-02
.1622733E-02
.1537987E-02
.2695058E-03
-.4902547E-02
-.1221849E-01
-.1221470E-01
-.4991470E-02
-.4548927E-03
.7667493E-03
.2857963E-02
.6077468E-02
.7382002E-02
.7298227E-02
.9025028E-02
.9816673E-02
.5410659E-02
-.2610594E-02
-.8274209E-02
-.8270892E-02
-.2895149E-02
.2676660E-02
.5378197E-02
.4434699E-02
.5205696E-02
.6020249E-02
.5829838E-02
.5574014E-02
.5705826E-02
.6697346E-02
.3808808E-02
-.9014939E-03
-.4473626E-02
-.7063909E-02
-.8322114E-02
-.6409439E-02
-.3294096E-02
-.5362710E-03
.2735115E-02
.5035022E-02
.4752691E-02
.3122055E-02
.1993153E-02
.2346160E-02
.1466800E-03
-.4860705E-02
-.7579511E-02
-.8031009E-02
-.6477653E-02
-.3051220E-02
-.9804725E-03
-.8080812E-03
-.6414467E-03
-.1503337E-02
-.2038008E-02
-.2032650E-02
-.1401922E-02
.1688553E-04
.8988592E-03
.1782708E-02
.1858891E-02
.9480497E-03
.1717388E-03
.3019066E-04
-.1210635E-02
-.1711843E-02
-.1012150E-02
-.7376203E-03
-.5655093E-03
-.5953352E-03
.2627613E-03
.1258953E-02
.2241552E-02
.2045514E-02
.4449876E-03
-.1968567E-02
-.4196471E-02
-.4565697E-02
-.3833181E-02
-.2087805E-02
-.7904651E-03
.8239455E-03
.2415141E-02
.2545846E-02
.1687110E-02
.2014892E-03
-.9300427E-03
-.1090469E-02
-.7569725E-03
.1328191E-03
.4464452E-03
-.2937349E-04
-.7423988E-03
-.1190829E-02
-.1202802E-02
-.1322175E-02
-.1217417E-02
-.1022370E-02
-.6366363E-03
-.5159220E-03
-.5454018E-03
-.5685680E-03
-.3197153E-03
.2603669E-03
.8242510E-03
.8917861E-03
.6551145E-03
.2910401E-03
.1297197E-03
-.4055119E-05
-.7267657E-04
.1727909E-03
.3851677E-03
.2704650E-03
-.1711062E-03
-.6518032E-03
-.9716481E-03
-.1048669E-02
-.9605788E-03
-.9602290E-03
-.1064742E-02
-.1013733E-02
-.7673719E-03
-.5118148E-03
-.5021795E-03
-.7178858E-03
-.1018880E-02
-.1140062E-02
-.1123911E-02
-.1054064E-02
-.1013781E-02
-.9850987E-03
-.8448535E-03
-.7477048E-03
-.7512497E-03
-.7439068E-03
-.6915718E-03
-.6376993E-03
-.6629317E-03
-.6794353E-03
-.6693744E-03
-.6832339E-03
-.7134216E-03
-.7391311E-03
-.7503929E-03
-.7416708E-03
-.6909940E-03
-.6165048E-03
-.5559453E-03
-.5124619E-03
-.4655320E-03
-.3892937E-03
-.3174262E-03
-.2799547E-03
-.2676528E-03
-.2601007E-03
-.2378025E-03
-.2150567E-03
-.1976110E-03
-.1757574E-03
-.1505345E-03
-.1242026E-03
-.9435693E-04
-.6247344E-04
-.3348477E-04
-.1071696E-04
.9509661E-05
.3011228E-04
.5111100E-04
.7132458E-04
.9063365E-04
.1093439E-03
.1274602E-03
.1452875E-03
.1626460E-03
.1794674E-03
.1956983E-03
.2113134E-03
.2263271E-03
.2407537E-03
.2546232E-03
.2679651E-03
.2808010E-03
