.8264543E-03
.8237346E-03
.8204888E-03
.8169323E-03
.8134236E-03
.8103813E-03
.8082208E-03
.8071359E-03
.8070330E-03
.8073992E-03
.8072634E-03
.8055030E-03
.8013192E-03
.7950852E-03
.7879126E-03
.7803334E-03
.7732305E-03
.7679352E-03
.7635445E-03
.7575426E-03
.7497247E-03
.7396351E-03
.7239654E-03
.7029954E-03
.6827053E-03
.6678396E-03
.6596541E-03
.6547433E-03
.6491439E-03
.6426690E-03
.6349851E-03
.6249505E-03
.6113614E-03
.5931631E-03
.5699981E-03
.5431454E-03
.5166078E-03
.4979322E-03
.4933534E-03
.4978863E-03
.5041395E-03
.5127473E-03
.5233418E-03
.5349005E-03
.5593890E-03
.6082692E-03
.6709744E-03
.7394976E-03
.8235177E-03
.9214983E-03
.1016578E-02
.1092279E-02
.1135872E-02
.1141632E-02
.1106640E-02
.1032008E-02
.9320827E-03
.8321716E-03
.7526908E-03
.7030693E-03
.6789628E-03
.6736957E-03
.6814406E-03
.6946066E-03
.7036167E-03
.6967808E-03
.6618725E-03
.5895401E-03
.4801707E-03
.3526734E-03
.2501815E-03
.2209242E-03
.2862232E-03
.4097778E-03
.5038675E-03
.5302493E-03
.4967598E-03
.4151444E-03
.3193652E-03
.2635171E-03
.2745588E-03
.3362485E-03
.4154971E-03
.4821089E-03
.5365287E-03
.5893289E-03
.6447659E-03
.6999861E-03
.7378508E-03
.7281158E-03
.6686804E-03
.6125907E-03
.5875506E-03
.5687093E-03
.5260047E-03
.4235882E-03
.2248176E-03
-.8185089E-04
-.4706985E-03
-.9104376E-03
-.1367172E-02
-.1798942E-02
-.2162531E-02
-.2424046E-02
-.2582905E-02
-.2678018E-02
-.2740317E-02
-.2791416E-02
-.2848236E-02
-.2918919E-02
-.3002368E-02
-.3087056E-02
-.3151911E-02
-.3168560E-02
-.3109110E-02
-.2958743E-02
-.2739014E-02
-.2507095E-02
-.2285906E-02
-.2076857E-02
-.1925427E-02
-.1861210E-02
-.1840675E-02
-.1802651E-02
-.1697085E-02
-.1494381E-02
-.1212906E-02
-.9332405E-03
-.7394917E-03
-.6756899E-03
-.8032439E-03
-.1150365E-02
-.1580401E-02
-.1923220E-02
-.2162325E-02
-.2319408E-02
-.2390143E-02
-.2364753E-02
-.2230405E-02
-.1981385E-02
-.1646250E-02
-.1295639E-02
-.9583477E-03
-.6189935E-03
-.3296043E-03
-.1528849E-03
-.6879073E-04
-.3441834E-04
-.2544536E-04
-.2702299E-04
-.3353423E-04
-.4966969E-04
-.8575436E-04
-.1500570E-03
-.2382169E-03
-.3243817E-03
-.3555839E-03
-.2579863E-03
.4406081E-04
.5865208E-03
.1311436E-02
.1998620E-02
.2341119E-02
.2228402E-02
.1715407E-02
.9098757E-03
-.6290901E-04
-.1082030E-02
-.2028352E-02
-.2795494E-02
-.3309985E-02
-.3576256E-02
-.3689023E-02
-.3733106E-02
-.3767369E-02
-.3831308E-02
-.3934886E-02
-.4055129E-02
-.4134938E-02
-.4092123E-02
-.3838284E-02
-.3318930E-02
-.2567082E-02
-.1785891E-02
-.1306611E-02
-.1244571E-02
-.1486030E-02
-.1901422E-02
-.2420702E-02
-.3082976E-02
-.3893534E-02
-.4806276E-02
-.5842076E-02
-.6941696E-02
-.7852668E-02
-.8423671E-02
-.8710228E-02
-.8687402E-02
-.8272269E-02
-.7396267E-02
-.6084734E-02
-.4474473E-02
-.2556772E-02
-.2256432E-03
.2489364E-02
.5428868E-02
.8372153E-02
.1116040E-01
.1372522E-01
.1593767E-01
.1765139E-01
.1878247E-01
.1943932E-01
.1989990E-01
.2012190E-01
.1982247E-01
.1886470E-01
.1728568E-01
.1526330E-01
.1292119E-01
.1028557E-01
.7330183E-02
.4018878E-02
.3806418E-03
-.3368708E-02
-.6856708E-02
-.9956004E-02
-.1273864E-01
-.1522581E-01
-.1745334E-01
-.1952785E-01
-.2166247E-01
-.2402371E-01
-.2637351E-01
-.2853443E-01
-.3083627E-01
-.3345324E-01
-.3616318E-01
-.3872203E-01
-.4084700E-01
-.4222927E-01
-.4271142E-01
-.4231068E-01
-.4078959E-01
-.3790964E-01
-.3397953E-01
-.2945355E-01
-.2452368E-01
-.1941823E-01
-.1447213E-01
-.9930696E-02
-.6038054E-02
-.3134462E-02
-.1499096E-02
-.1169850E-02
-.1879437E-02
-.3101650E-02
-.4397951E-02
-.5394503E-02
-.5784489E-02
-.5443760E-02
-.4478685E-02
-.3112235E-02
-.1497116E-02
.4825313E-03
.2831983E-02
.5250095E-02
.7468641E-02
.9309870E-02
.1070488E-01
.1167487E-01
.1229419E-01
.1278468E-01
.1350573E-01
.1471375E-01
.1644408E-01
.1844690E-01
.2038293E-01
.2202899E-01
.2334788E-01
.2441071E-01
.2502039E-01
.2468036E-01
.2274637E-01
.1907856E-01
.1428188E-01
.8751593E-02
.2687173E-02
-.3755623E-02
-.1042685E-01
-.1712074E-01
-.2368826E-01
-.2998335E-01
-.3563785E-01
-.4023766E-01
-.4359086E-01
-.4566730E-01
-.4661101E-01
-.4680788E-01
-.4676616E-01
-.4661449E-01
-.4618118E-01
-.4516876E-01
-.4324276E-01
-.4017284E-01
-.3585929E-01
-.3039121E-01
-.2393451E-01
-.1679329E-01
-.9444395E-02
-.2459877E-02
.3610253E-02
.8508794E-02
.1212310E-01
.1421916E-01
.1471119E-01
.1380424E-01
.1165336E-01
.8453182E-02
.4486717E-02
.2628924E-04
-.4768003E-02
-.9759999E-02
-.1474315E-01
-.1941364E-01
-.2361018E-01
-.2766288E-01
-.3201981E-01
-.3693706E-01
-.4255692E-01
-.4877244E-01
-.5505450E-01
-.6061754E-01
-.6476402E-01
-.6719618E-01
-.6813912E-01
-.6781749E-01
-.6647592E-01
-.6438245E-01
-.6179636E-01
-.5889497E-01
-.5544880E-01
-.5093346E-01
-.4513207E-01
-.3812792E-01
-.3007630E-01
-.2133034E-01
-.1243549E-01
-.3788845E-02
.4379161E-02
.1182766E-01
.1825078E-01
.2324861E-01
.2653779E-01
.2814623E-01
.2831184E-01
.2748375E-01
.2601773E-01
.2395682E-01
.2100167E-01
.1705329E-01
.1237568E-01
.7173695E-02
.1616954E-02
-.4193413E-02
-.1019720E-01
-.1631016E-01
-.2235848E-01
-.2802391E-01
-.3283260E-01
-.3626115E-01
-.3790324E-01
-.3766995E-01
-.3593789E-01
-.3322884E-01
-.3020035E-01
-.2743726E-01
-.2522604E-01
-.2342021E-01
-.2151873E-01
-.1888840E-01
-.1529999E-01
-.1113209E-01
-.7301065E-02
-.4577464E-02
-.3173864E-02
-.3041090E-02
-.3701286E-02
-.4229195E-02
-.3702884E-02
-.1652976E-02
.1928522E-02
.6580379E-02
.1175465E-01
.1688121E-01
.2145239E-01
.2496748E-01
.2693405E-01
.2709554E-01
.2557260E-01
.2276461E-01
.1924485E-01
.1552701E-01
.1193410E-01
.8524668E-02
.5055108E-02
.1218086E-02
-.2985692E-02
-.7547099E-02
-.1267648E-01
-.1851347E-01
-.2493386E-01
-.3143195E-01
-.3738062E-01
-.4241330E-01
-.4608010E-01
-.4781619E-01
-.4749416E-01
-.4551116E-01
-.4234367E-01
-.3837318E-01
-.3373227E-01
-.2860977E-01
-.2336890E-01
-.1819181E-01
-.1310188E-01
-.8010176E-02
-.2864506E-02
.2264251E-02
.7360867E-02
.1252695E-01
.1796880E-01
.2384542E-01
.3006834E-01
.3634178E-01
.4223450E-01
.4740936E-01
.5168885E-01
.5501722E-01
.5752247E-01
.5947697E-01
.6101979E-01
.6208863E-01
.6248216E-01
.6197810E-01
.6048790E-01
.5817657E-01
.5543699E-01
.5240936E-01
.4907557E-01
.4569531E-01
.4259720E-01
.3993228E-01
.3779674E-01
.3621300E-01
.3500375E-01
.3390532E-01
.3281927E-01
.3149040E-01
.2934463E-01
.2597784E-01
.2140368E-01
.1603601E-01
.1037344E-01
.4597791E-02
-.1249967E-02
-.7170552E-02
-.1315526E-01
-.1894715E-01
-.2382668E-01
-.2680488E-01
-.2698820E-01
-.2405802E-01
-.1846433E-01
-.1110073E-01
-.3141147E-02
.4240479E-02
.1034166E-01
.1493517E-01
.1788671E-01
.1923362E-01
.1916097E-01
.1760518E-01
.1433287E-01
.9227676E-02
.2331119E-02
-.6236264E-02
-.1618969E-01
-.2698173E-01
-.3797719E-01
-.4831540E-01
-.5688158E-01
-.6271185E-01
-.6534550E-01
-.6475376E-01
-.6141754E-01
-.5593082E-01
-.4878582E-01
-.4030430E-01
-.3093603E-01
-.2132593E-01
-.1192029E-01
-.3018483E-02
.5168180E-02
.1243035E-01
.1853246E-01
.2314334E-01
.2594905E-01
.2676104E-01
.2560571E-01
.2282630E-01
.1880822E-01
.1414662E-01
.9684783E-02
.6253192E-02
.4439512E-02
.4562876E-02
.6656305E-02
.1071967E-01
.1667647E-01
.2433197E-01
.3341072E-01
.4346153E-01
.5399756E-01
.6459589E-01
.7501928E-01
.8502122E-01
.9425756E-01
.1023322E+00
.1088111E+00
.1132572E+00
.1154607E+00
.1155777E+00
.1136902E+00
.1099121E+00
.1044348E+00
.9775935E-01
.9081863E-01
.8458059E-01
.7980915E-01
.7673757E-01
.7509377E-01
.7432757E-01
.7400598E-01
.7395378E-01
.7424314E-01
.7515863E-01
.7707111E-01
.8017349E-01
.8429485E-01
.8908628E-01
.9409441E-01
.9896480E-01
.1033218E+00
.1067076E+00
.1087117E+00
.1091892E+00
.1084763E+00
.1072629E+00
.1062653E+00
.1055839E+00
.1046595E+00
.1028529E+00
.9979644E-01
.9564855E-01
.9071228E-01
.8526016E-01
.7940730E-01
.7309093E-01
.6611981E-01
.5828628E-01
.4950733E-01
.3980880E-01
.2930527E-01
.1802462E-01
.6054856E-02
-.6398112E-02
-.1930626E-01
-.3279159E-01
-.4694264E-01
-.6144520E-01
-.7536740E-01
-.8765910E-01
-.9736266E-01
-.1035059E+00
-.1053630E+00
-.1026425E+00
-.9575395E-01
-.8591438E-01
-.7402672E-01
-.6081643E-01
-.4690750E-01
-.3284345E-01
-.1917088E-01
-.6312373E-02
.5377409E-02
.1556108E-01
.2421011E-01
.3174544E-01
.3850788E-01
.4475462E-01
.5079122E-01
.5689251E-01
.6320257E-01
.6971612E-01
.7633041E-01
.8303208E-01
.8977116E-01
.9631175E-01
.1024128E+00
.1079074E+00
.1125574E+00
.1161921E+00
.1188514E+00
.1206715E+00
.1218676E+00
.1228982E+00
.1243707E+00
.1266404E+00
.1296113E+00
.1327072E+00
.1353558E+00
.1372517E+00
.1384931E+00
.1395494E+00
.1409881E+00
.1429760E+00
.1451393E+00
.1471023E+00
.1485533E+00
.1493034E+00
.1493518E+00
.1489027E+00
.1482747E+00
.1478062E+00
.1476986E+00
.1480861E+00
.1490838E+00
.1506869E+00
.1528633E+00
.1558129E+00
.1595371E+00
.1635236E+00
.1673735E+00
.1708534E+00
.1734627E+00
.1746520E+00
.1740617E+00
.1712589E+00
.1657979E+00
.1574226E+00
.1461873E+00
.1322872E+00
.1161772E+00
.9859305E-01
.8008210E-01
.6112937E-01
.4233062E-01
.2414368E-01
.6698942E-02
-.1013870E-01
-.2675810E-01
-.4368678E-01
-.6140406E-01
-.8014350E-01
-.9999260E-01
-.1208874E+00
-.1423684E+00
-.1636988E+00
-.1843553E+00
-.2040340E+00
-.2226001E+00
-.2401394E+00
-.2569040E+00
-.2729627E+00
-.2881022E+00
-.3017553E+00
-.3131948E+00
-.3217054E+00
-.3262802E+00
-.3260490E+00
-.3208724E+00
-.3115348E+00
-.2993664E+00
-.2853384E+00
-.2696744E+00
-.2520705E+00
-.2319614E+00
-.2087445E+00
-.1819720E+00
-.1514757E+00
-.1175030E+00
-.8101054E-01
-.4347365E-01
-.6811349E-02
.2706905E-01
.5669955E-01
.8133800E-01
.1006356E+00
.1147159E+00
.1236573E+00
.1275590E+00
.1265362E+00
.1208853E+00
.1113025E+00
.9802674E-01
.8121559E-01
.6114871E-01
.3819989E-01
.1286755E-01
-.1416157E-01
-.4195469E-01
-.6984069E-01
-.9719341E-01
-.1232380E+00
-.1473759E+00
-.1693706E+00
-.1890612E+00
-.2063968E+00
-.2212688E+00
-.2336770E+00
-.2438154E+00
-.2518402E+00
-.2579303E+00
-.2622416E+00
-.2649409E+00
-.2660421E+00
-.2655885E+00
-.2637667E+00
-.2606180E+00
-.2561015E+00
-.2501714E+00
-.2429457E+00
-.2347686E+00
-.2259283E+00
-.2165536E+00
-.2066906E+00
-.1962792E+00
-.1849924E+00
-.1722073E+00
-.1570256E+00
-.1384596E+00
-.1158286E+00
-.8904757E-01
-.5873606E-01
-.2580413E-01
.8750743E-02
.4390361E-01
.7855634E-01
.1115413E+00
.1418636E+00
.1687961E+00
.1919445E+00
.2112736E+00
.2271795E+00
.2398254E+00
.2493537E+00
.2559332E+00
.2597680E+00
.2610982E+00
.2599860E+00
.2564918E+00
.2507153E+00
.2427926E+00
.2326909E+00
.2203147E+00
.2056969E+00
.1890566E+00
.1708500E+00
.1514052E+00
.1310441E+00
.1101451E+00
.8891645E-01
.6738827E-01
.4551408E-01
.2329300E-01
.8982483E-03
-.2117115E-01
-.4208559E-01
-.6097389E-01
-.7732632E-01
-.9135734E-01
-.1035267E+00
-.1137631E+00
-.1219188E+00
-.1280572E+00
-.1321774E+00
-.1343154E+00
-.1344338E+00
-.1325565E+00
-.1289024E+00
-.1239545E+00
-.1185034E+00
-.1132187E+00
-.1086428E+00
-.1051409E+00
-.1026489E+00
-.1006177E+00
-.9847367E-01
-.9574774E-01
-.9211766E-01
-.8746901E-01
-.8182949E-01
-.7516603E-01
-.6728994E-01
-.5779653E-01
-.4632010E-01
-.3283083E-01
-.1751715E-01
-.6644394E-03
.1737386E-01
.3606830E-01
.5476198E-01
.7298387E-01
.9085238E-01
.1086853E+00
.1266991E+00
.1449246E+00
.1632611E+00
.1816853E+00
.1997647E+00
.2163028E+00
.2300421E+00
.2400324E+00
.2452900E+00
.2452109E+00
.2397349E+00
.2293790E+00
.2151613E+00
.1978900E+00
.1783260E+00
.1573465E+00
.1358568E+00
.1145637E+00
.9408663E-01
.7492239E-01
.5704286E-01
.4001372E-01
.2355623E-01
.7643612E-02
-.7507193E-02
-.2172209E-01
-.3503294E-01
-.4745563E-01
-.5909329E-01
-.7014480E-01
-.8087521E-01
-.9154659E-01
-.1022274E+00
-.1128125E+00
-.1232099E+00
-.1332322E+00
-.1424987E+00
-.1505403E+00
-.1569316E+00
-.1613281E+00
-.1636396E+00
-.1640342E+00
-.1629220E+00
-.1608817E+00
-.1585198E+00
-.1564174E+00
-.1549375E+00
-.1540991E+00
-.1535270E+00
-.1526903E+00
-.1511128E+00
-.1484883E+00
-.1447016E+00
-.1396570E+00
-.1333458E+00
-.1259232E+00
-.1177725E+00
-.1095258E+00
-.1017740E+00
-.9501991E-01
-.8961034E-01
-.8562743E-01
-.8289163E-01
-.8136308E-01
-.8102372E-01
-.8166612E-01
-.8294052E-01
-.8448046E-01
-.8619265E-01
-.8818781E-01
-.9030349E-01
-.9223787E-01
-.9386077E-01
-.9528920E-01
-.9685952E-01
-.9874467E-01
-.1010160E+00
-.1039460E+00
-.1077557E+00
-.1124109E+00
-.1178158E+00
-.1238501E+00
-.1304344E+00
-.1374180E+00
-.1444749E+00
-.1511812E+00
-.1570972E+00
-.1618520E+00
-.1652502E+00
-.1672884E+00
-.1681594E+00
-.1681539E+00
-.1674749E+00
-.1661628E+00
-.1639834E+00
-.1606973E+00
-.1563811E+00
-.1512412E+00
-.1454672E+00
-.1391844E+00
-.1325052E+00
-.1255966E+00
-.1186090E+00
-.1115886E+00
-.1044853E+00
-.9717236E-01
-.8945810E-01
-.8116323E-01
-.7218979E-01
-.6251546E-01
-.5217021E-01
-.4117315E-01
-.2961959E-01
-.1779543E-01
-.5996087E-02
.5665222E-02
.1709867E-01
.2816457E-01
.3871829E-01
.4866848E-01
.5801465E-01
.6662819E-01
.7419088E-01
.8056138E-01
.8581444E-01
.8983915E-01
.9256012E-01
.9408612E-01
.9440948E-01
.9331995E-01
.9042720E-01
.8548125E-01
.7867128E-01
.7032869E-01
.6067575E-01
.4991704E-01
.3836517E-01
.2642258E-01
.1448547E-01
.2790841E-02
-.8404258E-02
-.1874951E-01
-.2788530E-01
-.3551441E-01
-.4141273E-01
-.4547429E-01
-.4774082E-01
-.4842021E-01
-.4791495E-01
-.4646072E-01
-.4418290E-01
-.4116449E-01
-.3763649E-01
-.3407973E-01
-.3091052E-01
-.2848338E-01
-.2716560E-01
-.2695223E-01
-.2720149E-01
-.2716107E-01
-.2618432E-01
-.2361805E-01
-.1909040E-01
-.1275702E-01
-.4904810E-02
.4321307E-02
.1465465E-01
.2568978E-01
.3730776E-01
.4939451E-01
.6155998E-01
.7335440E-01
.8442349E-01
.9457761E-01
.1037764E+00
.1119026E+00
.1187846E+00
.1242257E+00
.1280880E+00
.1304158E+00
.1313215E+00
.1310796E+00
.1300566E+00
.1285748E+00
.1269158E+00
.1256242E+00
.1254355E+00
.1267726E+00
.1295488E+00
.1331730E+00
.1371782E+00
.1415059E+00
.1462656E+00
.1515493E+00
.1571675E+00
.1627308E+00
.1678455E+00
.1723604E+00
.1764302E+00
.1802071E+00
.1837553E+00
.1869519E+00
.1896538E+00
.1918294E+00
.1934628E+00
.1945550E+00
.1950466E+00
.1949215E+00
.1942492E+00
.1929098E+00
.1906036E+00
.1872236E+00
.1828883E+00
.1777521E+00
.1718669E+00
.1650892E+00
.1571954E+00
.1480096E+00
.1374047E+00
.1253681E+00
.1119403E+00
.9716645E-01
.8113978E-01
.6405736E-01
.4626047E-01
.2806848E-01
.9747954E-02
-.8506427E-02
-.2656478E-01
-.4426514E-01
-.6119361E-01
-.7683145E-01
-.9082928E-01
-.1029979E+00
-.1132900E+00
-.1215448E+00
-.1275381E+00
-.1309326E+00
-.1314858E+00
-.1291858E+00
-.1241991E+00
-.1169160E+00
-.1075957E+00
-.9652115E-01
-.8403495E-01
-.7059805E-01
-.5679739E-01
-.4315818E-01
-.3010104E-01
-.1792605E-01
-.6789888E-02
.3228812E-02
.1197955E-01
.1925089E-01
.2504544E-01
.2964812E-01
.3333558E-01
.3646530E-01
.3950689E-01
.4292535E-01
.4710840E-01
.5227367E-01
.5839584E-01
.6523734E-01
.7249786E-01
.7993154E-01
.8729949E-01
.9443048E-01
.1014264E+00
.1084322E+00
.1153276E+00
.1218429E+00
.1276653E+00
.1325206E+00
.1362778E+00
.1389464E+00
.1406231E+00
.1413913E+00
.1412959E+00
.1403698E+00
.1385508E+00
.1357333E+00
.1317714E+00
.1265538E+00
.1200541E+00
.1121845E+00
.1028902E+00
.9221129E-01
.8031526E-01
.6743638E-01
.5374725E-01
.3940636E-01
.2472059E-01
.1008547E-01
-.4288825E-02
-.1825337E-01
-.3163199E-01
-.4431068E-01
-.5627871E-01
-.6751398E-01
-.7799173E-01
-.8763445E-01
-.9628382E-01
-.1037813E+00
-.1101943E+00
-.1158001E+00
-.1206773E+00
-.1246519E+00
-.1273371E+00
-.1285423E+00
-.1284269E+00
-.1269015E+00
-.1238597E+00
-.1194309E+00
-.1138069E+00
-.1071400E+00
-.9960024E-01
-.9147482E-01
-.8313332E-01
-.7501582E-01
-.6753262E-01
-.6097220E-01
-.5540572E-01
-.5069786E-01
-.4653588E-01
-.4265311E-01
-.3876902E-01
-.3457401E-01
-.2996541E-01
-.2503788E-01
-.1966683E-01
-.1350588E-01
-.6112217E-02
.2659897E-02
.1242874E-01
.2278060E-01
.3326406E-01
.4328490E-01
.5230722E-01
.6004785E-01
.6636095E-01
.7125123E-01
.7491672E-01
.7765986E-01
.7954897E-01
.8055153E-01
.8069391E-01
.8007787E-01
.7889742E-01
.7717361E-01
.7484593E-01
.7190760E-01
.6856096E-01
.6526464E-01
.6238927E-01
.6007751E-01
.5819481E-01
.5662204E-01
.5554468E-01
.5503661E-01
.5491950E-01
.5511246E-01
.5556053E-01
.5612910E-01
.5654774E-01
.5642413E-01
.5550383E-01
.5370911E-01
.5088396E-01
.4698279E-01
.4223076E-01
.3699641E-01
.3170690E-01
.2670213E-01
.2216727E-01
.1808277E-01
.1426044E-01
.1046387E-01
.6611404E-02
.2823003E-02
-.7867145E-03
-.4162903E-02
-.7345518E-02
-.1039102E-01
-.1330326E-01
-.1604358E-01
-.1854748E-01
-.2075362E-01
-.2267799E-01
-.2445530E-01
-.2622900E-01
-.2808463E-01
-.3004609E-01
-.3215483E-01
-.3461799E-01
-.3762832E-01
-.4119637E-01
-.4520430E-01
-.4941613E-01
-.5360253E-01
-.5754169E-01
-.6102844E-01
-.6395921E-01
-.6636143E-01
-.6827706E-01
-.6970741E-01
-.7049033E-01
-.7037793E-01
-.6914972E-01
-.6665618E-01
-.6295783E-01
-.5836982E-01
-.5336064E-01
-.4817732E-01
-.4283574E-01
-.3720434E-01
-.3125097E-01
-.2514952E-01
-.1915850E-01
-.1352139E-01
-.8305856E-02
-.3438238E-02
.1245490E-02
.5843288E-02
.1035041E-01
.1468213E-01
.1885082E-01
.2307456E-01
.2742177E-01
.3178710E-01
.3631691E-01
.4117876E-01
.4620635E-01
.5114417E-01
.5584643E-01
.6031477E-01
.6459114E-01
.6841996E-01
.7152925E-01
.7396055E-01
.7588023E-01
.7748156E-01
.7884933E-01
.7994850E-01
.8064521E-01
.8076559E-01
.8010230E-01
.7813687E-01
.7426459E-01
.6850404E-01
.6123974E-01
.5261472E-01
.4280360E-01
.3217278E-01
.2104532E-01
.9709086E-02
-.1647947E-02
-.1289320E-01
-.2390998E-01
-.3460602E-01
-.4486573E-01
-.5436004E-01
-.6274005E-01
-.6991328E-01
-.7584226E-01
-.8038611E-01
-.8335739E-01
-.8466947E-01
-.8440495E-01
-.8278909E-01
-.7998795E-01
-.7599946E-01
-.7071892E-01
-.6418812E-01
-.5662139E-01
-.4812097E-01
-.3891256E-01
-.2949711E-01
-.2040362E-01
-.1207780E-01
-.4828029E-02
.1130596E-02
.5513443E-02
.8061630E-02
.8654427E-02
.7280750E-02
.4216286E-02
-.1993961E-04
-.4896617E-02
-.1019087E-01
-.1572561E-01
-.2122425E-01
-.2647499E-01
-.3132161E-01
-.3565097E-01
-.3931944E-01
-.4212629E-01
-.4396855E-01
-.4488793E-01
-.4482439E-01
-.4380526E-01
-.4207711E-01
-.3977144E-01
-.3679549E-01
-.3317989E-01
-.2920703E-01
-.2532871E-01
-.2195360E-01
-.1921996E-01
-.1720747E-01
-.1603252E-01
-.1593988E-01
-.1716513E-01
-.1975391E-01
-.2356249E-01
-.2828294E-01
-.3359422E-01
-.3918850E-01
-.4488869E-01
-.5062778E-01
-.5640864E-01
-.6227260E-01
-.6825180E-01
-.7431424E-01
-.8031239E-01
-.8597836E-01
-.9111698E-01
-.9574587E-01
-.9984285E-01
-.1033007E+00
-.1060244E+00
-.1079306E+00
-.1089285E+00
-.1091349E+00
-.1089327E+00
-.1084912E+00
-.1077587E+00
-.1067257E+00
-.1055053E+00
-.1043436E+00
-.1032965E+00
-.1021568E+00
-.1008827E+00
-.9957936E-01
-.9833486E-01
-.9723798E-01
-.9635454E-01
-.9566248E-01
-.9507415E-01
-.9460358E-01
-.9423018E-01
-.9374313E-01
-.9289727E-01
-.9154375E-01
-.8970567E-01
-.8748838E-01
-.8481041E-01
-.8160786E-01
-.7796391E-01
-.7379924E-01
-.6892249E-01
-.6337479E-01
-.5736407E-01
-.5105476E-01
-.4445406E-01
-.3749117E-01
-.3051418E-01
-.2404277E-01
-.1805767E-01
-.1244783E-01
-.7363546E-02
-.2712425E-02
.1850748E-02
.6303606E-02
.1046910E-01
.1436865E-01
.1813983E-01
.2195189E-01
.2583074E-01
.2968268E-01
.3347198E-01
.3724150E-01
.4108773E-01
.4496191E-01
.4863408E-01
.5190795E-01
.5469744E-01
.5704426E-01
.5888155E-01
.5994525E-01
.6007979E-01
.5926073E-01
.5735566E-01
.5418213E-01
.4957142E-01
.4346611E-01
.3604498E-01
.2756801E-01
.1839131E-01
.8819909E-02
-.9793066E-03
-.1093963E-01
-.2082288E-01
-.3028590E-01
-.3925955E-01
-.4777235E-01
-.5574215E-01
-.6307123E-01
-.6967669E-01
-.7535904E-01
-.7995368E-01
-.8345097E-01
-.8573505E-01
-.8646830E-01
-.8534845E-01
-.8229861E-01
-.7740550E-01
-.7094215E-01
-.6324874E-01
-.5465912E-01
-.4551803E-01
-.3611324E-01
-.2665539E-01
-.1721216E-01
-.7901366E-02
.9950607E-03
.9257849E-02
.1678677E-01
.2350670E-01
.2939781E-01
.3448378E-01
.3881012E-01
.4245994E-01
.4546017E-01
.4778925E-01
.4933542E-01
.5005934E-01
.5009048E-01
.4950451E-01
.4835729E-01
.4680990E-01
.4510633E-01
.4346473E-01
.4188126E-01
.4015169E-01
.3832355E-01
.3658848E-01
.3496800E-01
.3345957E-01
.3212881E-01
.3107566E-01
.3039480E-01
.3014706E-01
.3042195E-01
.3138772E-01
.3316688E-01
.3574492E-01
.3902628E-01
.4279153E-01
.4673682E-01
.5058192E-01
.5414147E-01
.5735953E-01
.6025581E-01
.6278858E-01
.6488629E-01
.6645662E-01
.6724619E-01
.6701567E-01
.6589367E-01
.6421920E-01
.6224356E-01
.6000046E-01
.5733407E-01
.5416518E-01
.5051692E-01
.4648991E-01
.4242986E-01
.3889369E-01
.3617393E-01
.3426285E-01
.3307962E-01
.3246296E-01
.3222884E-01
.3233234E-01
.3288180E-01
.3407505E-01
.3606467E-01
.3886502E-01
.4252562E-01
.4710890E-01
.5252048E-01
.5855962E-01
.6509824E-01
.7195874E-01
.7885291E-01
.8554519E-01
.9188544E-01
.9781563E-01
.1032871E+00
.1081951E+00
.1124572E+00
.1160438E+00
.1188658E+00
.1207721E+00
.1215630E+00
.1212219E+00
.1199804E+00
.1178373E+00
.1146748E+00
.1104288E+00
.1051430E+00
.9900391E-01
.9213826E-01
.8460497E-01
.7634878E-01
.6732898E-01
.5765707E-01
.4759538E-01
.3748370E-01
.2739003E-01
.1734147E-01
.7572699E-02
-.1859905E-02
-.1119156E-01
-.2051944E-01
-.2974411E-01
-.3859179E-01
-.4679392E-01
-.5426049E-01
-.6105181E-01
-.6731263E-01
-.7301889E-01
-.7818467E-01
-.8302794E-01
-.8766682E-01
-.9203611E-01
-.9592715E-01
-.9904689E-01
-.1011307E+00
-.1021867E+00
-.1025645E+00
-.1024718E+00
-.1018586E+00
-.1003608E+00
-.9772660E-01
-.9415602E-01
-.8998001E-01
-.8553469E-01
-.8090498E-01
-.7618761E-01
-.7173667E-01
-.6777996E-01
-.6427605E-01
-.6106233E-01
-.5789817E-01
-.5457870E-01
-.5099252E-01
-.4711249E-01
-.4284489E-01
-.3816025E-01
-.3332493E-01
-.2866502E-01
-.2438021E-01
-.2069293E-01
-.1780858E-01
-.1578370E-01
-.1448194E-01
-.1362873E-01
-.1307754E-01
-.1283047E-01
-.1275190E-01
-.1258948E-01
-.1209938E-01
-.1104865E-01
-.9291370E-02
-.6900761E-02
-.4015456E-02
-.4063020E-03
.4147159E-02
.9512790E-02
.1538257E-01
.2137846E-01
.2736796E-01
.3338532E-01
.3947421E-01
.4568011E-01
.5198783E-01
.5826540E-01
.6434665E-01
.7019576E-01
.7580858E-01
.8115529E-01
.8622416E-01
.9095959E-01
.9511473E-01
.9847480E-01
.1010417E+00
.1028263E+00
.1038061E+00
.1038642E+00
.1029418E+00
.1011677E+00
.9871819E-01
.9575503E-01
.9232645E-01
.8844127E-01
.8414753E-01
.7947757E-01
.7444431E-01
.6913922E-01
.6372554E-01
.5831062E-01
.5311648E-01
.4853893E-01
.4466117E-01
.4117737E-01
.3795443E-01
.3502657E-01
.3255743E-01
.3082821E-01
.3011226E-01
.3047907E-01
.3172792E-01
.3356686E-01
.3579238E-01
.3837507E-01
.4119763E-01
.4399150E-01
.4647529E-01
.4834891E-01
.4930009E-01
.4895430E-01
.4701645E-01
.4353259E-01
.3889656E-01
.3355485E-01
.2763034E-01
.2084412E-01
.1305821E-01
.4381953E-02
-.4976411E-02
-.1461424E-01
-.2399962E-01
-.3289697E-01
-.4141902E-01
-.4968892E-01
-.5771362E-01
-.6528343E-01
-.7215031E-01
-.7815586E-01
-.8314725E-01
-.8708554E-01
-.9005202E-01
-.9211681E-01
-.9332331E-01
-.9386070E-01
-.9404039E-01
-.9403688E-01
-.9392712E-01
-.9373805E-01
-.9345568E-01
-.9306501E-01
-.9256674E-01
-.9186919E-01
-.9069071E-01
-.8879868E-01
-.8615779E-01
-.8285408E-01
-.7914373E-01
-.7535472E-01
-.7154855E-01
-.6745305E-01
-.6311565E-01
-.5884869E-01
-.5470301E-01
-.5058099E-01
-.4640263E-01
-.4230186E-01
-.3856204E-01
-.3517829E-01
-.3199660E-01
-.2896603E-01
-.2610590E-01
-.2349027E-01
-.2123361E-01
-.1942074E-01
-.1804135E-01
-.1704046E-01
-.1634286E-01
-.1578309E-01
-.1515527E-01
-.1441765E-01
-.1375185E-01
-.1353720E-01
-.1410971E-01
-.1560552E-01
-.1798769E-01
-.2094409E-01
-.2393415E-01
-.2650275E-01
-.2846865E-01
-.2983381E-01
-.3078524E-01
-.3158360E-01
-.3239357E-01
-.3319645E-01
-.3396216E-01
-.3462597E-01
-.3491836E-01
-.3456873E-01
-.3352697E-01
-.3196040E-01
-.3018593E-01
-.2830236E-01
-.2627698E-01
-.2413493E-01
-.2200308E-01
-.2010320E-01
-.1855022E-01
-.1736462E-01
-.1658982E-01
-.1619797E-01
-.1604913E-01
-.1603145E-01
-.1608145E-01
-.1615821E-01
-.1623614E-01
-.1629074E-01
-.1628790E-01
-.1617784E-01
-.1590507E-01
-.1543544E-01
-.1479860E-01
-.1415769E-01
-.1372223E-01
-.1328554E-01
-.1249915E-01
-.1158987E-01
-.1087701E-01
-.1029446E-01
-.9517947E-02
-.8145115E-02
-.6120971E-02
-.3537594E-02
-.3168336E-03
.3689417E-02
.8573069E-02
.1424542E-01
.2047067E-01
.2707432E-01
.3403872E-01
.4146813E-01
.4929251E-01
.5732029E-01
.6549312E-01
.7367631E-01
.8154192E-01
.8880015E-01
.9535120E-01
.1013615E+00
.1069664E+00
.1120188E+00
.1165442E+00
.1207642E+00
.1245215E+00
.1275893E+00
.1300222E+00
.1317466E+00
.1324956E+00
.1322042E+00
.1310267E+00
.1291567E+00
.1268442E+00
.1243610E+00
.1218324E+00
.1192076E+00
.1163015E+00
.1130152E+00
.1094762E+00
.1057393E+00
.1018104E+00
.9789495E-01
.9429064E-01
.9121343E-01
.8869100E-01
.8657903E-01
.8490955E-01
.8372338E-01
.8287116E-01
.8228555E-01
.8204123E-01
.8204812E-01
.8203847E-01
.8169594E-01
.8067037E-01
.7866649E-01
.7563519E-01
.7181884E-01
.6753147E-01
.6311869E-01
.5884501E-01
.5463400E-01
.5013221E-01
.4516779E-01
.3980239E-01
.3427636E-01
.2895265E-01
.2423019E-01
.2046847E-01
.1790654E-01
.1665061E-01
.1655250E-01
.1722824E-01
.1851954E-01
.2037356E-01
.2255090E-01
.2481586E-01
.2703374E-01
.2890335E-01
.2998022E-01
.2993349E-01
.2845827E-01
.2523102E-01
.2028017E-01
.1409770E-01
.7035418E-02
-.6635934E-03
-.8846389E-02
-.1735846E-01
-.2596946E-01
-.3450400E-01
-.4282157E-01
-.5080773E-01
-.5844615E-01
-.6582895E-01
-.7300592E-01
-.7996800E-01
-.8668050E-01
-.9311620E-01
-.9926129E-01
-.1049608E+00
-.1099183E+00
-.1137837E+00
-.1163571E+00
-.1177244E+00
-.1180110E+00
-.1172962E+00
-.1155884E+00
-.1130104E+00
-.1099370E+00
-.1066738E+00
-.1032906E+00
-.9987566E-01
-.9662148E-01
-.9381532E-01
-.9165985E-01
-.9012987E-01
-.8921959E-01
-.8894499E-01
-.8922309E-01
-.8988014E-01
-.9074070E-01
-.9176024E-01
-.9301099E-01
-.9442707E-01
-.9594487E-01
-.9777475E-01
-.1000251E+00
-.1024787E+00
-.1049224E+00
-.1072113E+00
-.1092433E+00
-.1108730E+00
-.1118655E+00
-.1122016E+00
-.1120540E+00
-.1112390E+00
-.1095262E+00
-.1070303E+00
-.1038657E+00
-.1000278E+00
-.9553229E-01
-.9044348E-01
-.8478483E-01
-.7850041E-01
-.7146552E-01
-.6363294E-01
-.5513774E-01
-.4623945E-01
-.3715693E-01
-.2790592E-01
-.1849989E-01
-.9090368E-02
-.9095961E-05
.8325632E-02
.1560836E-01
.2168561E-01
.2658330E-01
.3031026E-01
.3292292E-01
.3451575E-01
.3510774E-01
.3461708E-01
.3309855E-01
.3084957E-01
.2820905E-01
.2555191E-01
.2322894E-01
.2150782E-01
.2055709E-01
.2054838E-01
.2150185E-01
.2314244E-01
.2504092E-01
.2675506E-01
.2803218E-01
.2882763E-01
.2917982E-01
.2912577E-01
.2862725E-01
.2761103E-01
.2607071E-01
.2415897E-01
.2205155E-01
.1976323E-01
.1737420E-01
.1509586E-01
.1305577E-01
.1137605E-01
.1028395E-01
.9832610E-02
.9757003E-02
.9775721E-02
.9731229E-02
.9744230E-02
.9969487E-02
.1033278E-01
.1064080E-01
.1068084E-01
.1044905E-01
.1014350E-01
.1004207E-01
.1029963E-01
.1090154E-01
.1201466E-01
.1385054E-01
.1637731E-01
.1930227E-01
.2214635E-01
.2459916E-01
.2660811E-01
.2825093E-01
.2968707E-01
.3101390E-01
.3202219E-01
.3223924E-01
.3146914E-01
.2985276E-01
.2769023E-01
.2530008E-01
.2287161E-01
.2044199E-01
.1796973E-01
.1552659E-01
.1321041E-01
.1101492E-01
.8797854E-02
.6326983E-02
.3514586E-02
.3986330E-03
-.2943952E-02
-.6309299E-02
-.9382017E-02
-.1197031E-01
-.1393149E-01
-.1488848E-01
-.1451475E-01
-.1280323E-01
-.9984419E-02
-.6437821E-02
-.2236763E-02
.2663395E-02
.8182775E-02
.1432477E-01
.2119848E-01
.2885127E-01
.3717714E-01
.4595286E-01
.5484180E-01
.6348131E-01
.7171041E-01
.7954034E-01
.8680510E-01
.9333996E-01
.9916673E-01
.1042562E+00
.1084900E+00
.1118085E+00
.1141743E+00
.1153943E+00
.1153376E+00
.1141046E+00
.1118886E+00
.1089432E+00
.1053556E+00
.1011428E+00
.9635319E-01
.9102073E-01
.8517247E-01
.7872636E-01
.7161227E-01
.6389905E-01
.5580489E-01
.4767482E-01
.3984876E-01
.3269962E-01
.2674981E-01
.2232917E-01
.1933704E-01
.1769058E-01
.1734639E-01
.1806461E-01
.1954573E-01
.2173582E-01
.2468740E-01
.2843224E-01
.3303004E-01
.3848247E-01
.4473041E-01
.5160242E-01
.5880794E-01
.6601133E-01
.7284069E-01
.7888610E-01
.8381543E-01
.8746739E-01
.8974658E-01
.9062671E-01
.9019010E-01
.8866801E-01
.8627731E-01
.8308444E-01
.7894235E-01
.7364604E-01
.6710050E-01
.5934435E-01
.5059005E-01
.4110107E-01
.3099185E-01
.2016852E-01
.8445913E-02
-.4258774E-02
-.1776618E-01
-.3187075E-01
-.4644881E-01
-.6112209E-01
-.7529045E-01
-.8854972E-01
-.1007209E+00
-.1118134E+00
-.1218884E+00
-.1310274E+00
-.1392512E+00
-.1465581E+00
-.1529061E+00
-.1582589E+00
-.1626510E+00
-.1661997E+00
-.1690802E+00
-.1712929E+00
-.1727631E+00
-.1734497E+00
-.1733125E+00
-.1723661E+00
-.1706301E+00
-.1681785E+00
-.1651136E+00
-.1615280E+00
-.1575397E+00
-.1533968E+00
-.1493549E+00
-.1453584E+00
-.1413032E+00
-.1372703E+00
-.1333588E+00
-.1296302E+00
-.1261123E+00
-.1228776E+00
-.1201146E+00
-.1178562E+00
-.1158933E+00
-.1141232E+00
-.1124435E+00
-.1105713E+00
-.1083886E+00
-.1061493E+00
-.1041339E+00
-.1025058E+00
-.1012536E+00
-.1001814E+00
-.9901449E-01
-.9759527E-01
-.9597285E-01
-.9423740E-01
-.9241125E-01
-.9028793E-01
-.8756210E-01
-.8401171E-01
-.7965953E-01
-.7470512E-01
-.6909215E-01
-.6272569E-01
-.5568183E-01
-.4796408E-01
-.3951559E-01
-.3038326E-01
-.2078440E-01
-.1106112E-01
-.1608933E-02
.7215773E-02
.1517639E-01
.2222154E-01
.2841059E-01
.3377010E-01
.3815897E-01
.4141367E-01
.4340682E-01
.4383474E-01
.4251791E-01
.3965013E-01
.3548924E-01
.3022429E-01
.2399783E-01
.1698409E-01
.9378716E-02
.1429661E-02
-.6578812E-02
-.1446020E-01
-.2209069E-01
-.2922583E-01
-.3568771E-01
-.4156531E-01
-.4699869E-01
-.5210610E-01
-.5706141E-01
-.6202056E-01
-.6696310E-01
-.7182802E-01
-.7660198E-01
-.8112829E-01
-.8506565E-01
-.8794135E-01
-.8930615E-01
-.8890624E-01
-.8672839E-01
-.8301932E-01
-.7797500E-01
-.7182937E-01
-.6489322E-01
-.5743838E-01
-.4963047E-01
-.4164653E-01
-.3371032E-01
-.2592977E-01
-.1842320E-01
-.1143534E-01
-.5085399E-02
.7404986E-03
.6072736E-02
.1089384E-01
.1521751E-01
.1902337E-01
.2222331E-01
.2478765E-01
.2682153E-01
.2845194E-01
.2965966E-01
.3009271E-01
.2949943E-01
.2804304E-01
.2611754E-01
.2416645E-01
.2223187E-01
.2030881E-01
.1867847E-01
.1751901E-01
.1678382E-01
.1637823E-01
.1620825E-01
.1628918E-01
.1673408E-01
.1769983E-01
.1929736E-01
.2154306E-01
.2442725E-01
.2792494E-01
.3200337E-01
.3648754E-01
.4107109E-01
.4571273E-01
.5054276E-01
.5565386E-01
.6102270E-01
.6646401E-01
.7175294E-01
.7666998E-01
.8102402E-01
.8462745E-01
.8727318E-01
.8892564E-01
.8979621E-01
.9006015E-01
.8984413E-01
.8917352E-01
.8804374E-01
.8649007E-01
.8449369E-01
.8205701E-01
.7930799E-01
.7646675E-01
.7376110E-01
.7142632E-01
.6965707E-01
.6851294E-01
.6789352E-01
.6762439E-01
.6753613E-01
.6753079E-01
.6757079E-01
.6765899E-01
.6781418E-01
.6803276E-01
.6825156E-01
.6832009E-01
.6800050E-01
.6702154E-01
.6532343E-01
.6331353E-01
.6139366E-01
.5958892E-01
.5788402E-01
.5630278E-01
.5488557E-01
.5371845E-01
.5293226E-01
.5264714E-01
.5293852E-01
.5394082E-01
.5573706E-01
.5823615E-01
.6129677E-01
.6485526E-01
.6881247E-01
.7299785E-01
.7732202E-01
.8173540E-01
.8617242E-01
.9052391E-01
.9461096E-01
.9819166E-01
.1010226E+00
.1029608E+00
.1040226E+00
.1043517E+00
.1040233E+00
.1030008E+00
.1012537E+00
.9881088E-01
.9572330E-01
.9208090E-01
.8804946E-01
.8400902E-01
.8048033E-01
.7766621E-01
.7550563E-01
.7388259E-01
.7266577E-01
.7172639E-01
.7088821E-01
.6987094E-01
.6827951E-01
.6579703E-01
.6237682E-01
.5809388E-01
.5311891E-01
.4765323E-01
.4191361E-01
.3604908E-01
.3018571E-01
.2447869E-01
.1914009E-01
.1442848E-01
.1060249E-01
.7901523E-02
.6547023E-02
.6644572E-02
.8095443E-02
.1073652E-01
.1432916E-01
.1872404E-01
.2385991E-01
.2971173E-01
.3610375E-01
.4265196E-01
.4910109E-01
.5533633E-01
.6136614E-01
.6721850E-01
.7284044E-01
.7809484E-01
.8278588E-01
.8670973E-01
.8966720E-01
.9145362E-01
.9191250E-01
.9105652E-01
.8912084E-01
.8649815E-01
.8339510E-01
.7990669E-01
.7613278E-01
.7226181E-01
.6860089E-01
.6539073E-01
.6273043E-01
.6053864E-01
.5877197E-01
.5748965E-01
.5655922E-01
.5570235E-01
.5482261E-01
.5386500E-01
.5270280E-01
.5136717E-01
.5002662E-01
.4852805E-01
.4656626E-01
.4402905E-01
.4080191E-01
.3665541E-01
.3141929E-01
.2510806E-01
.1788748E-01
.9885039E-02
.9343916E-03
-.9110077E-02
-.2015623E-01
-.3207357E-01
-.4460070E-01
-.5737977E-01
-.7017808E-01
-.8304104E-01
-.9589268E-01
-.1084989E+00
-.1208953E+00
-.1332066E+00
-.1453254E+00
-.1570834E+00
-.1683373E+00
-.1788164E+00
-.1881892E+00
-.1962120E+00
-.2027148E+00
-.2075088E+00
-.2103373E+00
-.2110063E+00
-.2095527E+00
-.2062822E+00
-.2014222E+00
-.1951581E+00
-.1876315E+00
-.1788047E+00
-.1686433E+00
-.1574123E+00
-.1456521E+00
-.1339025E+00
-.1225923E+00
-.1119606E+00
-.1021396E+00
-.9315274E-01
-.8499634E-01
-.7766106E-01
-.7117139E-01
-.6561722E-01
-.6111297E-01
-.5782973E-01
-.5586926E-01
-.5521015E-01
-.5572249E-01
-.5722124E-01
-.5965302E-01
-.6300933E-01
-.6715127E-01
-.7185740E-01
-.7695179E-01
-.8216246E-01
-.8714780E-01
-.9193475E-01
-.9673792E-01
-.1014191E+00
-.1057211E+00
-.1095105E+00
-.1126681E+00
-.1150805E+00
-.1165729E+00
-.1170728E+00
-.1167638E+00
-.1159748E+00
-.1150659E+00
-.1142806E+00
-.1136794E+00
-.1131091E+00
-.1123095E+00
-.1110960E+00
-.1095000E+00
-.1077671E+00
-.1059899E+00
-.1041412E+00
-.1022598E+00
-.1004545E+00
-.9887443E-01
-.9748519E-01
-.9611169E-01
-.9483389E-01
-.9376945E-01
-.9276589E-01
-.9170361E-01
-.9063587E-01
-.8957775E-01
-.8845506E-01
-.8712598E-01
-.8553189E-01
-.8380678E-01
-.8193831E-01
-.7968349E-01
-.7681496E-01
-.7311571E-01
-.6832798E-01
-.6239705E-01
-.5557802E-01
-.4806566E-01
-.3997877E-01
-.3148372E-01
-.2275422E-01
-.1391388E-01
-.5093918E-02
.3510965E-02
.1164460E-01
.1914427E-01
.2617406E-01
.3289791E-01
.3922112E-01
.4502509E-01
.5022979E-01
.5466780E-01
.5824856E-01
.6108078E-01
.6332495E-01
.6508424E-01
.6628482E-01
.6683138E-01
.6688674E-01
.6674663E-01
.6664496E-01
.6656568E-01
.6622110E-01
.6528150E-01
.6364186E-01
.6166336E-01
.5986170E-01
.5863991E-01
.5819086E-01
.5849002E-01
.5949567E-01
.6101298E-01
.6265697E-01
.6420973E-01
.6561725E-01
.6656165E-01
.6670899E-01
.6608526E-01
.6493190E-01
.6352976E-01
.6185090E-01
.5968209E-01
.5704618E-01
.5406085E-01
.5077916E-01
.4729466E-01
.4372672E-01
.4001196E-01
.3601858E-01
.3173411E-01
.2717729E-01
.2236525E-01
.1738318E-01
.1233515E-01
.7178584E-02
.1868838E-02
-.3501452E-02
-.8844808E-02
-.1413572E-01
-.1939292E-01
-.2456607E-01
-.2938194E-01
-.3351687E-01
-.3674301E-01
-.3887700E-01
-.3986293E-01
-.3976689E-01
-.3871514E-01
-.3676199E-01
-.3386618E-01
-.2992276E-01
-.2471609E-01
-.1805114E-01
-.9831487E-02
-.9365233E-04
.1096222E-01
.2306371E-01
.3577151E-01
.4850902E-01
.6075849E-01
.7228229E-01
.8288213E-01
.9235619E-01
.1006622E+00
.1079121E+00
.1141632E+00
.1192783E+00
.1229441E+00
.1251460E+00
.1262537E+00
.1264643E+00
.1258390E+00
.1243452E+00
.1220079E+00
.1190049E+00
.1154081E+00
.1112987E+00
.1068959E+00
.1025057E+00
.9840501E-01
.9460178E-01
.9088283E-01
.8719652E-01
.8371421E-01
.8080372E-01
.7880253E-01
.7784222E-01
.7786982E-01
.7865657E-01
.7995938E-01
.8161061E-01
.8353837E-01
.8573615E-01
.8831301E-01
.9157170E-01
.9570417E-01
.1005880E+00
.1060054E+00
.1116753E+00
.1173509E+00
.1228330E+00
.1279801E+00
.1327661E+00
.1372468E+00
.1413830E+00
.1450594E+00
.1481485E+00
.1506340E+00
.1526210E+00
.1540024E+00
.1546635E+00
.1547407E+00
.1544256E+00
.1538897E+00
.1533526E+00
.1528763E+00
.1520660E+00
.1507292E+00
.1492854E+00
.1480592E+00
.1471508E+00
.1465849E+00
.1461553E+00
.1453700E+00
.1436420E+00
.1405098E+00
.1358466E+00
.1298361E+00
.1227226E+00
.1146612E+00
.1057092E+00
.9597170E-01
.8556602E-01
.7445878E-01
.6263603E-01
.5025028E-01
.3756422E-01
.2494745E-01
.1273331E-01
.1155228E-02
-.9704915E-02
-.1985653E-01
-.2939180E-01
-.3836290E-01
-.4672080E-01
-.5425945E-01
-.6075926E-01
-.6612234E-01
-.7036791E-01
-.7364259E-01
-.7609858E-01
-.7788717E-01
-.7916667E-01
-.7998744E-01
-.8039137E-01
-.8050726E-01
-.8050682E-01
-.8056690E-01
-.8090888E-01
-.8177479E-01
-.8338760E-01
-.8597097E-01
-.8973309E-01
-.9462286E-01
-.1003104E+00
-.1066377E+00
-.1135227E+00
-.1208555E+00
-.1285982E+00
-.1367435E+00
-.1452099E+00
-.1538347E+00
-.1624672E+00
-.1709323E+00
-.1790307E+00
-.1865757E+00
-.1933718E+00
-.1991248E+00
-.2036221E+00
-.2068633E+00
-.2089058E+00
-.2099361E+00
-.2102422E+00
-.2099041E+00
-.2086140E+00
-.2062241E+00
-.2028847E+00
-.1986463E+00
-.1936801E+00
-.1884091E+00
-.1832153E+00
-.1783126E+00
-.1737131E+00
-.1692719E+00
-.1647810E+00
-.1599715E+00
-.1545518E+00
-.1482875E+00
-.1410246E+00
-.1326218E+00
-.1227614E+00
-.1110847E+00
-.9772323E-01
-.8329395E-01
-.6848736E-01
-.5387672E-01
-.3980550E-01
-.2652623E-01
-.1423636E-01
-.3138350E-02
.6739220E-02
.1558848E-01
.2337083E-01
.2990027E-01
.3502952E-01
.3859913E-01
.4047273E-01
.4067733E-01
.3945400E-01
.3696781E-01
.3341691E-01
.2907125E-01
.2403958E-01
.1833164E-01
.1200609E-01
.5201171E-02
-.1897025E-02
-.9147271E-02
-.1646502E-01
-.2379958E-01
-.3112858E-01
-.3844805E-01
-.4576221E-01
-.5307144E-01
-.6036405E-01
-.6760804E-01
-.7474715E-01
-.8170214E-01
-.8838699E-01
-.9472335E-01
-.1005583E+00
-.1055473E+00
-.1092502E+00
-.1112645E+00
-.1112557E+00
-.1091122E+00
-.1049341E+00
-.9897661E-01
-.9156592E-01
-.8273935E-01
-.7243804E-01
-.6078566E-01
-.4812905E-01
-.3504018E-01
-.2209997E-01
-.9765650E-02
.1836270E-02
.1277377E-01
.2312909E-01
.3285707E-01
.4179491E-01
.4972874E-01
.5642543E-01
.6168769E-01
.6545782E-01
.6782141E-01
.6867076E-01
.6797128E-01
.6597242E-01
.6292885E-01
.5909482E-01
.5471171E-01
.5001611E-01
.4521474E-01
.4057197E-01
.3637833E-01
.3271548E-01
.2960685E-01
.2726091E-01
.2597561E-01
.2596563E-01
.2714706E-01
.2917366E-01
.3175118E-01
.3468813E-01
.3791142E-01
.4143239E-01
.4525970E-01
.4933023E-01
.5355613E-01
.5789041E-01
.6229441E-01
.6672340E-01
.7111806E-01
.7539998E-01
.7947434E-01
.8325508E-01
.8671267E-01
.8992999E-01
.9304268E-01
.9610890E-01
.9910079E-01
.1019084E+00
.1043494E+00
.1062337E+00
.1074677E+00
.1082368E+00
.1089865E+00
.1098421E+00
.1106973E+00
.1117306E+00
.1129484E+00
.1138543E+00
.1140567E+00
.1134292E+00
.1118212E+00
.1092632E+00
.1060707E+00
.1024152E+00
.9820917E-01
.9339883E-01
.8798609E-01
.8194569E-01
.7522234E-01
.6771021E-01
.5916845E-01
.4936538E-01
.3827147E-01
.2605950E-01
.1304616E-01
-.5048752E-03
-.1434096E-01
-.2813804E-01
-.4159648E-01
-.5454143E-01
-.6678293E-01
-.7813298E-01
-.8850979E-01
-.9786488E-01
-.1060327E+00
-.1129645E+00
-.1188015E+00
-.1234223E+00
-.1265979E+00
-.1282199E+00
-.1283015E+00
-.1270033E+00
-.1245365E+00
-.1211661E+00
-.1170429E+00
-.1123607E+00
-.1074375E+00
-.1024047E+00
-.9721546E-01
-.9188093E-01
-.8638649E-01
-.8056824E-01
-.7415957E-01
-.6687563E-01
-.5854507E-01
-.4922056E-01
-.3918219E-01
-.2879877E-01
-.1838793E-01
-.8025972E-02
.2275349E-02
.1222417E-01
.2153877E-01
.3014868E-01
.3788127E-01
.4451850E-01
.4995837E-01
.5416573E-01
.5709423E-01
.5875908E-01
.5928233E-01
.5868861E-01
.5713551E-01
.5501806E-01
.5238419E-01
.4879227E-01
.4388488E-01
.3760400E-01
.3020880E-01
.2195672E-01
.1291861E-01
.3329566E-02
-.6402571E-02
-.1601974E-01
-.2541196E-01
-.3457753E-01
-.4346206E-01
-.5198035E-01
-.6025699E-01
-.6843907E-01
-.7642113E-01
-.8402721E-01
-.9108975E-01
-.9729277E-01
-.1022942E+00
-.1058841E+00
-.1079494E+00
-.1084901E+00
-.1077381E+00
-.1061487E+00
-.1039900E+00
-.1012832E+00
-.9782571E-01
-.9351867E-01
-.8854136E-01
-.8310125E-01
-.7745436E-01
-.7184586E-01
-.6650157E-01
-.6160571E-01
-.5723848E-01
-.5338760E-01
-.5007739E-01
-.4745477E-01
-.4575835E-01
-.4494165E-01
-.4463797E-01
-.4461297E-01
-.4471131E-01
-.4479624E-01
-.4476768E-01
-.4455181E-01
-.4411230E-01
-.4347743E-01
-.4274803E-01
-.4194572E-01
-.4097988E-01
-.3988505E-01
-.3881351E-01
-.3786163E-01
-.3705323E-01
-.3635843E-01
-.3586721E-01
-.3574886E-01
-.3600025E-01
-.3646894E-01
-.3697170E-01
-.3745084E-01
-.3801009E-01
-.3868870E-01
-.3940253E-01
-.3993159E-01
-.4007021E-01
-.3973324E-01
-.3884600E-01
-.3742028E-01
-.3563924E-01
-.3363813E-01
-.3133076E-01
-.2863409E-01
-.2553923E-01
-.2197560E-01
-.1792761E-01
-.1351988E-01
-.8941601E-02
-.4418689E-02
-.2270834E-03
.3481247E-02
.6900673E-02
.1037601E-01
.1419612E-01
.1855030E-01
.2348938E-01
.2902466E-01
.3517305E-01
.4199786E-01
.4949588E-01
.5752399E-01
.6588761E-01
.7437126E-01
.8281992E-01
.9114484E-01
.9932788E-01
.1074550E+00
.1156076E+00
.1236992E+00
.1316094E+00
.1392643E+00
.1464497E+00
.1529598E+00
.1588651E+00
.1643668E+00
.1695990E+00
.1744663E+00
.1787154E+00
.1821970E+00
.1848989E+00
.1869618E+00
.1886726E+00
.1903406E+00
.1919446E+00
.1933726E+00
.1946911E+00
.1960025E+00
.1974220E+00
.1990771E+00
.2008992E+00
.2024755E+00
.2033978E+00
.2034442E+00
.2025000E+00
.2006564E+00
.1981890E+00
.1953217E+00
.1921323E+00
.1885939E+00
.1846431E+00
.1802360E+00
.1753008E+00
.1697662E+00
.1636920E+00
.1572965E+00
.1508551E+00
.1445546E+00
.1384362E+00
.1325740E+00
.1270887E+00
.1220987E+00
.1176532E+00
.1136771E+00
.1100750E+00
.1067815E+00
.1038609E+00
.1012801E+00
.9879012E-01
.9627017E-01
.9373957E-01
.9114367E-01
.8835204E-01
.8522330E-01
.8186694E-01
.7861445E-01
.7564352E-01
.7303848E-01
.7087469E-01
.6910118E-01
.6753534E-01
.6602920E-01
.6447254E-01
.6278392E-01
.6094191E-01
.5899757E-01
.5708301E-01
.5526749E-01
.5340023E-01
.5124455E-01
.4860530E-01
.4539978E-01
.4169119E-01
.3760656E-01
.3325129E-01
.2866018E-01
.2383045E-01
.1876679E-01
.1354716E-01
.8414462E-02
.3705510E-02
-.6356587E-03
-.4932159E-02
-.9282310E-02
-.1366976E-01
-.1805874E-01
-.2234286E-01
-.2636308E-01
-.2994913E-01
-.3301943E-01
-.3563183E-01
-.3788884E-01
-.3985452E-01
-.4141506E-01
-.4246086E-01
-.4303497E-01
-.4303725E-01
-.4230213E-01
-.4091151E-01
-.3893482E-01
-.3619345E-01
-.3281237E-01
-.2932203E-01
-.2609623E-01
-.2329655E-01
-.2091355E-01
-.1904534E-01
-.1792854E-01
-.1765317E-01
-.1827920E-01
-.1999012E-01
-.2287373E-01
-.2679964E-01
-.3167026E-01
-.3734515E-01
-.4363585E-01
-.5034085E-01
-.5727517E-01
-.6441304E-01
-.7170784E-01
-.7891322E-01
-.8592363E-01
-.9283382E-01
-.9948381E-01
-.1055457E+00
-.1107289E+00
-.1147291E+00
-.1172806E+00
-.1181751E+00
-.1173398E+00
-.1148050E+00
-.1109290E+00
-.1064122E+00
-.1016123E+00
-.9662437E-01
-.9153993E-01
-.8649733E-01
-.8169374E-01
-.7720181E-01
-.7301631E-01
-.6919296E-01
-.6578069E-01
-.6280331E-01
-.6041531E-01
-.5884107E-01
-.5826463E-01
-.5878988E-01
-.6037404E-01
-.6279933E-01
-.6569631E-01
-.6876863E-01
-.7174692E-01
-.7434660E-01
-.7629905E-01
-.7742437E-01
-.7770058E-01
-.7710710E-01
-.7553319E-01
-.7294577E-01
-.6941401E-01
-.6491152E-01
-.5953465E-01
-.5364379E-01
-.4762568E-01
-.4177762E-01
-.3616167E-01
-.3084764E-01
-.2611911E-01
-.2222993E-01
-.1931086E-01
-.1744036E-01
-.1655726E-01
-.1646296E-01
-.1704741E-01
-.1827600E-01
-.2007839E-01
-.2235263E-01
-.2502760E-01
-.2815852E-01
-.3190161E-01
-.3640408E-01
-.4162564E-01
-.4723366E-01
-.5282000E-01
-.5808436E-01
-.6305354E-01
-.6777329E-01
-.7195578E-01
-.7539096E-01
-.7807139E-01
-.7985670E-01
-.8063637E-01
-.8051297E-01
-.7986122E-01
-.7921501E-01
-.7865262E-01
-.7795300E-01
-.7693382E-01
-.7552680E-01
-.7384666E-01
-.7209553E-01
-.7060638E-01
-.6980910E-01
-.6991126E-01
-.7071307E-01
-.7185780E-01
-.7301609E-01
-.7418286E-01
-.7543880E-01
-.7674944E-01
-.7814188E-01
-.7969266E-01
-.8146633E-01
-.8346512E-01
-.8557263E-01
-.8749113E-01
-.8881704E-01
-.8930301E-01
-.8891650E-01
-.8779092E-01
-.8601665E-01
-.8360585E-01
-.8058444E-01
-.7697932E-01
-.7279011E-01
-.6815071E-01
-.6334710E-01
-.5843596E-01
-.5334069E-01
-.4802855E-01
-.4236713E-01
-.3614379E-01
-.2940082E-01
-.2240670E-01
-.1538074E-01
-.8510291E-02
-.1945946E-02
.4262470E-02
.1012124E-01
.1553207E-01
.2032116E-01
.2427389E-01
.2704534E-01
.2830757E-01
.2797609E-01
.2615483E-01
.2297974E-01
.1874228E-01
.1385497E-01
.8335684E-02
.2008224E-02
-.5193304E-02
-.1317265E-01
-.2164627E-01
-.3041524E-01
-.3931947E-01
-.4817368E-01
-.5676413E-01
-.6484412E-01
-.7217450E-01
-.7863827E-01
-.8431017E-01
-.8913435E-01
-.9275225E-01
-.9487653E-01
-.9544314E-01
-.9447979E-01
-.9216642E-01
-.8880232E-01
-.8463971E-01
-.7986809E-01
-.7451819E-01
-.6842738E-01
-.6128105E-01
-.5304635E-01
-.4413701E-01
-.3495543E-01
-.2583300E-01
-.1695041E-01
-.8431036E-02
-.4002346E-03
.7063237E-02
.1386669E-01
.1981259E-01
.2473972E-01
.2860872E-01
.3127216E-01
.3265653E-01
.3296003E-01
.3243983E-01
.3125672E-01
.2962570E-01
.2775084E-01
.2550540E-01
.2261800E-01
.1894020E-01
.1464963E-01
.1021874E-01
.5907847E-02
.1832528E-02
-.1921809E-02
-.5400556E-02
-.8763748E-02
-.1206599E-01
-.1520347E-01
-.1793604E-01
-.2010202E-01
-.2175343E-01
-.2288579E-01
-.2344745E-01
-.2343257E-01
-.2283947E-01
-.2163629E-01
-.1990855E-01
-.1786960E-01
-.1549598E-01
-.1267252E-01
-.9433566E-02
-.5916398E-02
-.2300196E-02
.1341480E-02
.4983564E-02
.8458734E-02
.1160244E-01
.1438863E-01
.1680617E-01
.1885760E-01
.2062877E-01
.2222710E-01
.2365726E-01
.2483169E-01
.2560725E-01
.2584131E-01
.2551607E-01
.2479833E-01
.2368125E-01
.2178122E-01
.1903747E-01
.1579777E-01
.1210020E-01
.7860195E-02
.3120781E-02
-.2024330E-02
-.7464527E-02
-.1318943E-01
-.1913160E-01
-.2494545E-01
-.3027135E-01
-.3497681E-01
-.3908581E-01
-.4268785E-01
-.4563336E-01
-.4772105E-01
-.4891305E-01
-.4915048E-01
-.4839066E-01
-.4681390E-01
-.4469225E-01
-.4202347E-01
-.3877549E-01
-.3503117E-01
-.3067674E-01
-.2553110E-01
-.1969627E-01
-.1349355E-01
-.7276924E-02
-.1286596E-02
.4399134E-02
.9696627E-02
.1457342E-01
.1908219E-01
.2324617E-01
.2700622E-01
.3028614E-01
.3309579E-01
.3560642E-01
.3796222E-01
.4010831E-01
.4200778E-01
.4369318E-01
.4510055E-01
.4626514E-01
.4750945E-01
.4913933E-01
.5125077E-01
.5385003E-01
.5686411E-01
.6022712E-01
.6382440E-01
.6747809E-01
.7112394E-01
.7478228E-01
.7832842E-01
.8159276E-01
.8449623E-01
.8692085E-01
.8868607E-01
.8964915E-01
.8975385E-01
.8896194E-01
.8712490E-01
.8395472E-01
.7949394E-01
.7425012E-01
.6853321E-01
.6253414E-01
.5644328E-01
.5046994E-01
.4484646E-01
.3960954E-01
.3463318E-01
.3003358E-01
.2617954E-01
.2358213E-01
.2252164E-01
.2281126E-01
.2424257E-01
.2660103E-01
.2966299E-01
.3319711E-01
.3701350E-01
.4105567E-01
.4535855E-01
.4975398E-01
.5391146E-01
.5771654E-01
.6123135E-01
.6458440E-01
.6785784E-01
.7100180E-01
.7381778E-01
.7608541E-01
.7780963E-01
.7911114E-01
.8006466E-01
.8078918E-01
.8143814E-01
.8199327E-01
.8235269E-01
.8253749E-01
.8261347E-01
.8261201E-01
.8256030E-01
.8249315E-01
.8245297E-01
.8249008E-01
.8265718E-01
.8299092E-01
.8348294E-01
.8403208E-01
.8448810E-01
.8486863E-01
.8529459E-01
.8583084E-01
.8645277E-01
.8705732E-01
.8764748E-01
.8831773E-01
.8905693E-01
.8984992E-01
.9079281E-01
.9188938E-01
.9295753E-01
.9380956E-01
.9431840E-01
.9445536E-01
.9425753E-01
.9375523E-01
.9303736E-01
.9224281E-01
.9136565E-01
.9032455E-01
.8917294E-01
.8801286E-01
.8688357E-01
.8576152E-01
.8454674E-01
.8305681E-01
.8117471E-01
.7907562E-01
.7704866E-01
.7526446E-01
.7370089E-01
.7219392E-01
.7084441E-01
.6983735E-01
.6910103E-01
.6854295E-01
.6818909E-01
.6791153E-01
.6747529E-01
.6696281E-01
.6647599E-01
.6569819E-01
.6437317E-01
.6261298E-01
.6061826E-01
.5857954E-01
.5651043E-01
.5417465E-01
.5114725E-01
.4726482E-01
.4283970E-01
.3803581E-01
.3285757E-01
.2741725E-01
.2185404E-01
.1621953E-01
.1051991E-01
.4752807E-02
-.1056715E-02
-.6819906E-02
-.1235062E-01
-.1737695E-01
-.2158967E-01
-.2479818E-01
-.2701602E-01
-.2826594E-01
-.2860563E-01
-.2810515E-01
-.2686992E-01
-.2503728E-01
-.2275660E-01
-.2017798E-01
-.1732783E-01
-.1413640E-01
-.1051021E-01
-.6434393E-02
-.2056609E-02
.2355874E-02
.6507632E-02
.1030928E-01
.1381552E-01
.1690566E-01
.1945460E-01
.2148149E-01
.2287931E-01
.2339680E-01
.2301472E-01
.2190262E-01
.2003226E-01
.1745710E-01
.1452257E-01
.1143855E-01
.8137649E-02
.4521928E-02
.5546825E-03
-.3676924E-02
-.7975277E-02
-.1214939E-01
-.1622991E-01
-.2048944E-01
-.2501350E-01
-.2966724E-01
-.3423225E-01
-.3851872E-01
-.4249759E-01
-.4623343E-01
-.4980947E-01
-.5314303E-01
-.5605859E-01
-.5850875E-01
-.6053957E-01
-.6222585E-01
-.6357663E-01
-.6452042E-01
-.6496487E-01
-.6489885E-01
-.6446823E-01
-.6380239E-01
-.6286268E-01
-.6167682E-01
-.6041278E-01
-.5919667E-01
-.5811221E-01
-.5719769E-01
-.5639138E-01
-.5554063E-01
-.5459405E-01
-.5364512E-01
-.5272582E-01
-.5178159E-01
-.5068466E-01
-.4938670E-01
-.4804627E-01
-.4690978E-01
-.4617138E-01
-.4569567E-01
-.4522138E-01
-.4481116E-01
-.4459220E-01
-.4454725E-01
-.4467369E-01
-.4499439E-01
-.4549030E-01
-.4604950E-01
-.4645180E-01
-.4652953E-01
-.4628903E-01
-.4580577E-01
-.4514545E-01
-.4418889E-01
-.4275464E-01
-.4080467E-01
-.3841376E-01
-.3574125E-01
-.3292266E-01
-.3006766E-01
-.2728161E-01
-.2466036E-01
-.2228253E-01
-.2017160E-01
-.1831633E-01
-.1685039E-01
-.1592777E-01
-.1548110E-01
-.1538517E-01
-.1563075E-01
-.1626542E-01
-.1732732E-01
-.1878714E-01
-.2068371E-01
-.2333003E-01
-.2687384E-01
-.3101181E-01
-.3539517E-01
-.3977037E-01
-.4413543E-01
-.4854589E-01
-.5285461E-01
-.5703179E-01
-.6125456E-01
-.6546442E-01
-.6945895E-01
-.7327904E-01
-.7699625E-01
-.8049326E-01
-.8368854E-01
-.8660694E-01
-.8920510E-01
-.9140926E-01
-.9320013E-01
-.9470943E-01
-.9622311E-01
-.9781130E-01
-.9931386E-01
-.1007562E+00
-.1021572E+00
-.1032541E+00
-.1038819E+00
-.1041826E+00
-.1042931E+00
-.1043034E+00
-.1042928E+00
-.1043112E+00
-.1043729E+00
-.1044519E+00
-.1044860E+00
-.1043845E+00
-.1040507E+00
-.1034201E+00
-.1025277E+00
-.1015321E+00
-.1005729E+00
-.9969132E-01
-.9880770E-01
-.9780959E-01
-.9671730E-01
-.9558810E-01
-.9442128E-01
-.9316772E-01
-.9172448E-01
-.8996317E-01
-.8792406E-01
-.8597434E-01
-.8433568E-01
-.8287797E-01
-.8167276E-01
-.8090236E-01
-.8040183E-01
-.7984059E-01
-.7898840E-01
-.7777251E-01
-.7630494E-01
-.7475622E-01
-.7335766E-01
-.7237104E-01
-.7182925E-01
-.7142565E-01
-.7102004E-01
-.7073878E-01
-.7053332E-01
-.7025466E-01
-.6981898E-01
-.6921419E-01
-.6847604E-01
-.6751759E-01
-.6617509E-01
-.6447067E-01
-.6259439E-01
-.6078753E-01
-.5917547E-01
-.5768302E-01
-.5618051E-01
-.5450878E-01
-.5249160E-01
-.5002870E-01
-.4714969E-01
-.4393643E-01
-.4051455E-01
-.3710706E-01
-.3393864E-01
-.3105609E-01
-.2839879E-01
-.2588129E-01
-.2335121E-01
-.2067203E-01
-.1796410E-01
-.1542103E-01
-.1301193E-01
-.1075352E-01
-.8831793E-02
-.7343659E-02
-.6253134E-02
-.5519955E-02
-.5010042E-02
-.4452872E-02
-.3591643E-02
-.2312285E-02
-.7225271E-03
.9509658E-03
.2694107E-02
.4608838E-02
.6777016E-02
.9212701E-02
.1184887E-01
.1469165E-01
.1780195E-01
.2124526E-01
.2503770E-01
.2911281E-01
.3344669E-01
.3805688E-01
.4294640E-01
.4803529E-01
.5312855E-01
.5803643E-01
.6269056E-01
.6720213E-01
.7173775E-01
.7615034E-01
.8019856E-01
.8383117E-01
.8711997E-01
.9021361E-01
.9319610E-01
.9606954E-01
.9876114E-01
.1011267E+00
.1030013E+00
.1043016E+00
.1050940E+00
.1054827E+00
.1055791E+00
.1054001E+00
.1048938E+00
.1040007E+00
.1027396E+00
.1012318E+00
.9957730E-01
.9789202E-01
.9630147E-01
.9472379E-01
.9285967E-01
.9064559E-01
.8824597E-01
.8573333E-01
.8310877E-01
.8035790E-01
.7766190E-01
.7538283E-01
.7359059E-01
.7212264E-01
.7086106E-01
.6967323E-01
.6843473E-01
.6727354E-01
.6650344E-01
.6614364E-01
.6599779E-01
.6589557E-01
.6565615E-01
.6510813E-01
.6417070E-01
.6295000E-01
.6179721E-01
.6106661E-01
.6082960E-01
.6108162E-01
.6181717E-01
.6292987E-01
.6424694E-01
.6567513E-01
.6719038E-01
.6881005E-01
.7057293E-01
.7249303E-01
.7451914E-01
.7660783E-01
.7885872E-01
.8134992E-01
.8402400E-01
.8683123E-01
.8974296E-01
.9271045E-01
.9564790E-01
.9841712E-01
.1008310E+00
.1026917E+00
.1038805E+00
.1044039E+00
.1043190E+00
.1037201E+00
.1027118E+00
.1015121E+00
.1004062E+00
.9931351E-01
.9790763E-01
.9599757E-01
.9350415E-01
.9042724E-01
.8680930E-01
.8278826E-01
.7867233E-01
.7475258E-01
.7100349E-01
.6733532E-01
.6375244E-01
.6014226E-01
.5632012E-01
.5227387E-01
.4810041E-01
.4388732E-01
.3972199E-01
.3568195E-01
.3180085E-01
.2803523E-01
.2425369E-01
.2038409E-01
.1653339E-01
.1284558E-01
.9404258E-02
.6192032E-02
.3118582E-02
.1555140E-03
-.2668434E-02
-.5276210E-02
-.7564432E-02
-.9461200E-02
-.1100276E-01
-.1230905E-01
-.1349303E-01
-.1469419E-01
-.1603864E-01
-.1738729E-01
-.1843777E-01
-.1913440E-01
-.1952683E-01
-.1958741E-01
-.1949233E-01
-.1965455E-01
-.2027168E-01
-.2125300E-01
-.2235930E-01
-.2343966E-01
-.2463351E-01
-.2603471E-01
-.2758171E-01
-.2923810E-01
-.3094244E-01
-.3258717E-01
-.3421158E-01
-.3604475E-01
-.3808871E-01
-.4008571E-01
-.4191865E-01
-.4366694E-01
-.4558372E-01
-.4776848E-01
-.5000907E-01
-.5212971E-01
-.5407364E-01
-.5591779E-01
-.5781282E-01
-.5985408E-01
-.6202622E-01
-.6420762E-01
-.6635965E-01
-.6845577E-01
-.7033249E-01
-.7187718E-01
-.7316775E-01
-.7434906E-01
-.7552990E-01
-.7659857E-01
-.7745601E-01
-.7829756E-01
-.7932170E-01
-.8053181E-01
-.8169192E-01
-.8248178E-01
-.8284959E-01
-.8284734E-01
-.8246751E-01
-.8172986E-01
-.8065872E-01
-.7912010E-01
-.7701575E-01
-.7450394E-01
-.7179172E-01
-.6902495E-01
-.6632160E-01
-.6376071E-01
-.6135552E-01
-.5902105E-01
-.5660151E-01
-.5408994E-01
-.5166784E-01
-.4950212E-01
-.4768723E-01
-.4620892E-01
-.4500984E-01
-.4402462E-01
-.4313725E-01
-.4226119E-01
-.4151858E-01
-.4110762E-01
-.4111439E-01
-.4137783E-01
-.4159810E-01
-.4194523E-01
-.4264381E-01
-.4336509E-01
-.4382535E-01
-.4411194E-01
-.4429659E-01
-.4439892E-01
-.4442252E-01
-.4433639E-01
-.4407897E-01
-.4358363E-01
-.4282963E-01
-.4189750E-01
-.4090997E-01
-.3988701E-01
-.3871808E-01
-.3722047E-01
-.3539339E-01
-.3337896E-01
-.3114070E-01
-.2862749E-01
-.2592774E-01
-.2312894E-01
-.2027469E-01
-.1739319E-01
-.1450248E-01
-.1161897E-01
-.8763755E-02
-.5969783E-02
-.3276616E-02
-.7200822E-03
.1693170E-02
.4023804E-02
.6392477E-02
.8785650E-02
.1101205E-01
.1292786E-01
.1452540E-01
.1595202E-01
.1725795E-01
.1827881E-01
.1907334E-01
.1992772E-01
.2095973E-01
.2205946E-01
.2293120E-01
.2346141E-01
.2386223E-01
.2430641E-01
.2490303E-01
.2567897E-01
.2647758E-01
.2701316E-01
.2732698E-01
.2775215E-01
.2833886E-01
.2903637E-01
.2993091E-01
.3099779E-01
.3202640E-01
.3283371E-01
.3333240E-01
.3356211E-01
.3362363E-01
.3359771E-01
.3355728E-01
.3356407E-01
.3366140E-01
.3386439E-01
.3415268E-01
.3444422E-01
.3465131E-01
.3491577E-01
.3545766E-01
.3620554E-01
.3700207E-01
.3782379E-01
.3879025E-01
.4009788E-01
.4178285E-01
.4372528E-01
.4575948E-01
.4780842E-01
.4992797E-01
.5210347E-01
.5430075E-01
.5662660E-01
.5915698E-01
.6180000E-01
.6444296E-01
.6700280E-01
.6943250E-01
.7176480E-01
.7411338E-01
.7649609E-01
.7875919E-01
.8077288E-01
.8251263E-01
.8407309E-01
.8543317E-01
.8629034E-01
.8649674E-01
.8619650E-01
.8548730E-01
.8437763E-01
.8273659E-01
.8053082E-01
.7795200E-01
.7511178E-01
.7203081E-01
.6870237E-01
.6513096E-01
.6135150E-01
.5728656E-01
.5279646E-01
.4797650E-01
.4304329E-01
.3807181E-01
.3317671E-01
.2857311E-01
.2432547E-01
.2031843E-01
.1642651E-01
.1263941E-01
.9165672E-02
.6244366E-02
.3967501E-02
.2150274E-02
.5135155E-03
-.9296782E-03
-.2192951E-02
-.3484163E-02
-.4791973E-02
-.5970454E-02
-.7154364E-02
-.8541182E-02
-.1011464E-01
-.1177729E-01
-.1338453E-01
-.1472568E-01
-.1568392E-01
-.1645451E-01
-.1732997E-01
-.1847663E-01
-.1985852E-01
-.2132068E-01
-.2293061E-01
-.2474009E-01
-.2652519E-01
-.2813794E-01
-.2963945E-01
-.3110288E-01
-.3260913E-01
-.3425417E-01
-.3610368E-01
-.3814788E-01
-.4023766E-01
-.4213451E-01
-.4371920E-01
-.4494713E-01
-.4575974E-01
-.4617626E-01
-.4631013E-01
-.4620392E-01
-.4584056E-01
-.4519754E-01
-.4430893E-01
-.4329391E-01
-.4221469E-01
-.4103348E-01
-.3963672E-01
-.3799722E-01
-.3632441E-01
-.3476927E-01
-.3328063E-01
-.3179304E-01
-.3023820E-01
-.2854391E-01
-.2668142E-01
-.2471170E-01
-.2283953E-01
-.2134796E-01
-.2033784E-01
-.1971273E-01
-.1926944E-01
-.1880326E-01
-.1820796E-01
-.1752468E-01
-.1688415E-01
-.1634124E-01
-.1597695E-01
-.1595127E-01
-.1622621E-01
-.1656174E-01
-.1692179E-01
-.1739652E-01
-.1802464E-01
-.1876392E-01
-.1949537E-01
-.2020093E-01
-.2090851E-01
-.2151245E-01
-.2192078E-01
-.2218130E-01
-.2232977E-01
-.2234287E-01
-.2216251E-01
-.2171828E-01
-.2097223E-01
-.2000218E-01
-.1902337E-01
-.1821877E-01
-.1767024E-01
-.1732705E-01
-.1707578E-01
-.1685230E-01
-.1665381E-01
-.1655532E-01
-.1670565E-01
-.1716138E-01
-.1769123E-01
-.1801678E-01
-.1804466E-01
-.1795270E-01
-.1809720E-01
-.1862944E-01
-.1949219E-01
-.2049699E-01
-.2142238E-01
-.2210322E-01
-.2248502E-01
-.2259852E-01
-.2244454E-01
-.2202366E-01
-.2137766E-01
-.2063560E-01
-.1997084E-01
-.1942449E-01
-.1900965E-01
-.1880778E-01
-.1873121E-01
-.1852448E-01
-.1821550E-01
-.1798804E-01
-.1784809E-01
-.1774551E-01
-.1766577E-01
-.1760539E-01
-.1757452E-01
-.1760468E-01
-.1774422E-01
-.1804036E-01
-.1850444E-01
-.1906548E-01
-.1953037E-01
-.1967993E-01
-.1946708E-01
-.1897289E-01
-.1830983E-01
-.1745676E-01
-.1630007E-01
-.1486259E-01
-.1325373E-01
-.1158331E-01
-.1001844E-01
-.8715355E-02
-.7551753E-02
-.6284356E-02
-.4857047E-02
-.3291626E-02
-.1633351E-02
.7868093E-05
.1568931E-02
.3215355E-02
.5055017E-02
.6932619E-02
.8780532E-02
.1065568E-01
.1250963E-01
.1417894E-01
.1543831E-01
.1625756E-01
.1686357E-01
.1737085E-01
.1789031E-01
.1866495E-01
.1965853E-01
.2042875E-01
.2075411E-01
.2067681E-01
.2020959E-01
.1944678E-01
.1859770E-01
.1779633E-01
.1710058E-01
.1668704E-01
.1670094E-01
.1706961E-01
.1758233E-01
.1798676E-01
.1820470E-01
.1830580E-01
.1836606E-01
.1847587E-01
.1872212E-01
.1914374E-01
.1968413E-01
.2017533E-01
.2048412E-01
.2064426E-01
.2072498E-01
.2078773E-01
.2089665E-01
.2109521E-01
.2138185E-01
.2167438E-01
.2186279E-01
.2204486E-01
.2236597E-01
.2268323E-01
.2283365E-01
.2283148E-01
.2269199E-01
.2242542E-01
.2205767E-01
.2148406E-01
.2041975E-01
.1887350E-01
.1722750E-01
.1564627E-01
.1415268E-01
.1278674E-01
.1154965E-01
.1038482E-01
.9178038E-02
.7880460E-02
.6676422E-02
.5685785E-02
.4766927E-02
.3873728E-02
.3068465E-02
.2309749E-02
.1588050E-02
.1041392E-02
.7378715E-03
.6053386E-03
.6143649E-03
.7543378E-03
.9974600E-03
.1287441E-02
.1517667E-02
.1525777E-02
.1224699E-02
.8138399E-03
.5478430E-03
.5216472E-03
.8103611E-03
.1458069E-02
.2389146E-02
.3332434E-02
.3850275E-02
.3759038E-02
.3333562E-02
.2994830E-02
.3064567E-02
.3395330E-02
.3642396E-02
.3608295E-02
.3332245E-02
.3059509E-02
.2891703E-02
.2849830E-02
.2990105E-02
.3340489E-02
.3858389E-02
.4400593E-02
.4808805E-02
.5091754E-02
.5332113E-02
.5574701E-02
.5822445E-02
.6011158E-02
.6006723E-02
.5764319E-02
.5486295E-02
.5332925E-02
.5266663E-02
.5228937E-02
.5145759E-02
.4914057E-02
.4440881E-02
.3690628E-02
.2759957E-02
.1862872E-02
.1123009E-02
.5140094E-03
-.1507467E-03
-.1079804E-02
-.2350776E-02
-.3811506E-02
-.5184231E-02
-.6397028E-02
-.7364854E-02
-.7843394E-02
-.7928312E-02
-.8107114E-02
-.8613808E-02
-.9424407E-02
-.1038120E-01
-.1126660E-01
-.1191715E-01
-.1229690E-01
-.1249356E-01
-.1257607E-01
-.1259543E-01
-.1258634E-01
-.1255372E-01
-.1247791E-01
-.1232855E-01
-.1208823E-01
-.1177949E-01
-.1149948E-01
-.1137603E-01
-.1132477E-01
-.1113451E-01
-.1084030E-01
-.1050705E-01
-.9993009E-02
-.9151003E-02
-.7958226E-02
-.6571446E-02
-.5176547E-02
-.3720190E-02
-.2217145E-02
-.9013044E-03
.1998484E-03
.1234964E-02
.2142776E-02
.2775422E-02
.3085751E-02
.3211892E-02
.3429741E-02
.3735069E-02
.3973751E-02
.4170480E-02
.4398133E-02
.4673885E-02
.4965688E-02
.5169466E-02
.5109330E-02
.4711452E-02
.4154354E-02
.3592915E-02
.2987593E-02
.2096500E-02
.7012761E-03
-.1012418E-02
-.2758481E-02
-.4411792E-02
-.5815112E-02
-.6846316E-02
-.7716030E-02
-.8699143E-02
-.9689420E-02
-.1060405E-01
-.1164504E-01
-.1290408E-01
-.1429285E-01
-.1573904E-01
-.1716420E-01
-.1846309E-01
-.1952614E-01
-.2026877E-01
-.2069433E-01
-.2088582E-01
-.2084168E-01
-.2049601E-01
-.1976971E-01
-.1864398E-01
-.1721060E-01
-.1556827E-01
-.1383562E-01
-.1218241E-01
-.1069671E-01
-.9253471E-02
-.7817077E-02
-.6575431E-02
-.5523859E-02
-.4477111E-02
-.3462398E-02
-.2617581E-02
-.2005981E-02
-.1568664E-02
-.1112076E-02
-.4737522E-03
.3993911E-03
.1403362E-02
.2332700E-02
.3022138E-02
.3414976E-02
.3587534E-02
.3618509E-02
.3569589E-02
.3498416E-02
.3447658E-02
.3443639E-02
.3492914E-02
.3579955E-02
.3660797E-02
.3661835E-02
.3484819E-02
.3033040E-02
.2256477E-02
.1233729E-02
.1907956E-03
-.6692106E-03
-.1233936E-02
-.1521380E-02
-.1631903E-02
-.1644722E-02
-.1623721E-02
-.1615980E-02
-.1642134E-02
-.1695316E-02
-.1742568E-02
-.1729191E-02
-.1588287E-02
-.1260870E-02
-.7287001E-03
-.5727193E-04
.6600448E-03
.1465996E-02
.2411462E-02
.3424261E-02
.4453124E-02
.5540880E-02
.6815550E-02
.8374446E-02
.1007250E-01
.1171834E-01
.1330028E-01
.1484060E-01
.1633227E-01
.1775632E-01
.1907508E-01
.2023390E-01
.2118231E-01
.2191223E-01
.2252321E-01
.2321186E-01
.2405837E-01
.2495001E-01
.2558378E-01
.2577134E-01
.2568565E-01
.2541883E-01
.2491948E-01
.2447479E-01
.2444983E-01
.2473158E-01
.2505346E-01
.2529527E-01
.2529490E-01
.2491732E-01
.2435800E-01
.2387253E-01
.2334757E-01
.2273708E-01
.2231030E-01
.2224084E-01
.2254631E-01
.2323810E-01
.2422526E-01
.2525603E-01
.2605078E-01
.2641261E-01
.2630398E-01
.2586370E-01
.2528067E-01
.2466663E-01
.2395556E-01
.2307395E-01
.2199108E-01
.2054472E-01
.1861680E-01
.1637900E-01
.1410251E-01
.1196010E-01
.9992443E-02
.8122357E-02
.6332939E-02
.4691972E-02
.3321187E-02
.2191611E-02
.1052651E-02
-.1965637E-03
-.1480902E-02
-.2733739E-02
-.3886670E-02
-.4881312E-02
-.5728973E-02
-.6494354E-02
-.7098481E-02
-.7398173E-02
-.7397838E-02
-.7187134E-02
-.6874497E-02
-.6648097E-02
-.6713940E-02
-.7031707E-02
-.7448613E-02
-.7991096E-02
-.8717399E-02
-.9584998E-02
-.1040734E-01
-.1098516E-01
-.1152309E-01
-.1233722E-01
-.1341845E-01
-.1467493E-01
-.1606231E-01
-.1753369E-01
-.1903690E-01
-.2051878E-01
-.2192368E-01
-.2319368E-01
-.2428003E-01
-.2517060E-01
-.2592427E-01
-.2660202E-01
-.2712464E-01
-.2743097E-01
-.2760364E-01
-.2772374E-01
-.2783172E-01
-.2793883E-01
-.2801588E-01
-.2799007E-01
-.2775859E-01
-.2722319E-01
-.2635127E-01
-.2526039E-01
-.2426524E-01
-.2363232E-01
-.2328678E-01
-.2303744E-01
-.2271573E-01
-.2217540E-01
-.2136430E-01
-.2038320E-01
-.1940254E-01
-.1853520E-01
-.1778302E-01
-.1705321E-01
-.1635639E-01
-.1572668E-01
-.1506431E-01
-.1428972E-01
-.1342940E-01
-.1242260E-01
-.1116736E-01
-.9744910E-02
-.8202416E-02
-.6340694E-02
-.4130400E-02
-.1849431E-02
.3140987E-03
.2308277E-02
.4211186E-02
.6137340E-02
.8121932E-02
.1008338E-01
.1188102E-01
.1351261E-01
.1504227E-01
.1649336E-01
.1786610E-01
.1914060E-01
.2027463E-01
.2122819E-01
.2196511E-01
.2231757E-01
.2198262E-01
.2084104E-01
.1909884E-01
.1720254E-01
.1548159E-01
.1385585E-01
.1234091E-01
.1110713E-01
.1001609E-01
.8824553E-02
.7503388E-02
.6108383E-02
.4708064E-02
.3402505E-02
.2298301E-02
.1465565E-02
.8703293E-03
.3630376E-03
-.1569362E-03
-.6653918E-03
-.1006867E-02
-.1028070E-02
-.7556218E-03
-.3340128E-03
.6219586E-04
.4337033E-03
.9183010E-03
.1614581E-02
.2529237E-02
.3560843E-02
.4638989E-02
.5770523E-02
.7021302E-02
.8367639E-02
.9587386E-02
.1062713E-01
.1168513E-01
.1278080E-01
.1381054E-01
.1472809E-01
.1555427E-01
.1635147E-01
.1703340E-01
.1741195E-01
.1741753E-01
.1704630E-01
.1629872E-01
.1528312E-01
.1422437E-01
.1326508E-01
.1242898E-01
.1162993E-01
.1082154E-01
.1006725E-01
.9346421E-02
.8612199E-02
.7976063E-02
.7555881E-02
.7346683E-02
.7363815E-02
.7666236E-02
.8303085E-02
.9252062E-02
.1038316E-01
.1156721E-01
.1274528E-01
.1392874E-01
.1521139E-01
.1673718E-01
.1848070E-01
.2013473E-01
.2146718E-01
.2241609E-01
.2295721E-01
.2321682E-01
.2348946E-01
.2386769E-01
.2413589E-01
.2418635E-01
.2400608E-01
.2354621E-01
.2281486E-01
.2189534E-01
.2077391E-01
.1940254E-01
.1792234E-01
.1644080E-01
.1482290E-01
.1309072E-01
.1150798E-01
.1013104E-01
.8840039E-02
.7520919E-02
.6231536E-02
.5231298E-02
.4549992E-02
.3990528E-02
.3472661E-02
.3034059E-02
.2779802E-02
.2681036E-02
.2508116E-02
.2037112E-02
.1231240E-02
.3945069E-03
-.2648550E-03
-.8658350E-03
-.1482235E-02
-.2081024E-02
-.2549512E-02
-.2822436E-02
-.2999655E-02
-.3202063E-02
-.3523511E-02
-.4022562E-02
-.4671609E-02
-.5346717E-02
-.5995272E-02
-.6688455E-02
-.7418542E-02
-.8164493E-02
-.9055731E-02
-.1019414E-01
-.1152655E-01
-.1298559E-01
-.1451091E-01
-.1602082E-01
-.1741838E-01
-.1860272E-01
-.1950048E-01
-.2011482E-01
-.2058496E-01
-.2113022E-01
-.2188195E-01
-.2281881E-01
-.2376495E-01
-.2455929E-01
-.2514509E-01
-.2561071E-01
-.2611828E-01
-.2676753E-01
-.2753485E-01
-.2828569E-01
-.2897199E-01
-.2955412E-01
-.2987749E-01
-.2988970E-01
-.2976702E-01
-.2976106E-01
-.3005697E-01
-.3056110E-01
-.3108351E-01
-.3154500E-01
-.3179937E-01
-.3167800E-01
-.3128111E-01
-.3082673E-01
-.3037569E-01
-.2998799E-01
-.2975187E-01
-.2952985E-01
-.2910795E-01
-.2857884E-01
-.2812435E-01
-.2781226E-01
-.2777882E-01
-.2815625E-01
-.2877610E-01
-.2931805E-01
-.2960827E-01
-.2970878E-01
-.2987277E-01
-.3014256E-01
-.3045086E-01
-.3091189E-01
-.3146308E-01
-.3172431E-01
-.3164813E-01
-.3153754E-01
-.3147733E-01
-.3143139E-01
-.3137671E-01
-.3126183E-01
-.3101572E-01
-.3058330E-01
-.2998016E-01
-.2931055E-01
-.2861872E-01
-.2784167E-01
-.2702551E-01
-.2627844E-01
-.2559732E-01
-.2500938E-01
-.2464643E-01
-.2450475E-01
-.2440676E-01
-.2418212E-01
-.2368495E-01
-.2283172E-01
-.2170472E-01
-.2056655E-01
-.1966612E-01
-.1917801E-01
-.1912480E-01
-.1921940E-01
-.1895140E-01
-.1826067E-01
-.1742262E-01
-.1637647E-01
-.1500886E-01
-.1341577E-01
-.1173175E-01
-.1011429E-01
-.8763857E-02
-.7750810E-02
-.6860795E-02
-.5881267E-02
-.4794705E-02
-.3814890E-02
-.3191364E-02
-.2859409E-02
-.2623300E-02
-.2318594E-02
-.1795876E-02
-.9809224E-03
.6414899E-04
.1215260E-02
.2395829E-02
.3595657E-02
.4804745E-02
.5810494E-02
.6444359E-02
.6898034E-02
.7464410E-02
.8360693E-02
.9690661E-02
.1143721E-01
.1354089E-01
.1582153E-01
.1797443E-01
.1978334E-01
.2124277E-01
.2260483E-01
.2415588E-01
.2594600E-01
.2786436E-01
.2971865E-01
.3143368E-01
.3300572E-01
.3438228E-01
.3549995E-01
.3632076E-01
.3686791E-01
.3717467E-01
.3717084E-01
.3689898E-01
.3661916E-01
.3643922E-01
.3626773E-01
.3600886E-01
.3556788E-01
.3487733E-01
.3398219E-01
.3303695E-01
.3210116E-01
.3110105E-01
.2985203E-01
.2825008E-01
.2640458E-01
.2451578E-01
.2278337E-01
.2123011E-01
.1976848E-01
.1829112E-01
.1665759E-01
.1482368E-01
.1308277E-01
.1170358E-01
.1052533E-01
.9400422E-02
.8350657E-02
.7326997E-02
.6338847E-02
.5597729E-02
.5134491E-02
.4662613E-02
.4171451E-02
.3880425E-02
.3850046E-02
.4077745E-02
.4575448E-02
.5280447E-02
.6077875E-02
.6982347E-02
.8007768E-02
.9012548E-02
.9851331E-02
.1047411E-01
.1095657E-01
.1144017E-01
.1197050E-01
.1244987E-01
.1267000E-01
.1253854E-01
.1212592E-01
.1152624E-01
.1075767E-01
.9694004E-02
.8282041E-02
.6612509E-02
.4770839E-02
.2894321E-02
.1182058E-02
-.3154781E-03
-.1783219E-02
-.3454591E-02
-.5438753E-02
-.7514275E-02
-.9333233E-02
-.1066875E-01
-.1152302E-01
-.1210105E-01
-.1250119E-01
-.1270309E-01
-.1262214E-01
-.1233664E-01
-.1209766E-01
-.1191679E-01
-.1164104E-01
-.1112354E-01
-.1025596E-01
-.8983769E-02
-.7185751E-02
-.4858487E-02
-.2360608E-02
-.3477470E-04
.2067927E-02
.3838694E-02
.5144545E-02
.6095732E-02
.6845076E-02
.7368882E-02
.7687612E-02
.7931208E-02
.8133657E-02
.8236476E-02
.8147079E-02
.7967952E-02
.7983675E-02
.8009287E-02
.7623883E-02
.6915891E-02
.6172534E-02
.5547007E-02
.5057973E-02
.4605406E-02
.4130865E-02
.3643434E-02
.3199960E-02
.2727865E-02
.1986362E-02
.8105976E-03
-.7824912E-03
-.2555236E-02
-.4291800E-02
-.5955167E-02
-.7510064E-02
-.8911174E-02
-.1013221E-01
-.1117505E-01
-.1209368E-01
-.1303390E-01
-.1417167E-01
-.1548368E-01
-.1680370E-01
-.1795440E-01
-.1876450E-01
-.1913588E-01
-.1914385E-01
-.1903579E-01
-.1907930E-01
-.1935502E-01
-.1967143E-01
-.1991604E-01
-.2010389E-01
-.2019898E-01
-.2014916E-01
-.1991590E-01
-.1949197E-01
-.1893628E-01
-.1840482E-01
-.1804933E-01
-.1784980E-01
-.1771486E-01
-.1756906E-01
-.1734906E-01
-.1703581E-01
-.1666504E-01
-.1618916E-01
-.1541888E-01
-.1446355E-01
-.1374895E-01
-.1335629E-01
-.1313610E-01
-.1299538E-01
-.1285557E-01
-.1266123E-01
-.1241897E-01
-.1222515E-01
-.1224524E-01
-.1251256E-01
-.1281049E-01
-.1301306E-01
-.1316249E-01
-.1327435E-01
-.1335303E-01
-.1340464E-01
-.1341996E-01
-.1337181E-01
-.1321908E-01
-.1292581E-01
-.1248922E-01
-.1198653E-01
-.1155699E-01
-.1119404E-01
-.1073184E-01
-.1005223E-01
-.9139325E-02
-.8101236E-02
-.7055973E-02
-.6052100E-02
-.5054936E-02
-.4041616E-02
-.3129541E-02
-.2249346E-02
-.1035764E-02
.5168071E-03
.2057724E-02
.3439801E-02
.4634001E-02
.5621830E-02
.6491497E-02
.7406412E-02
.8372540E-02
.9294892E-02
.1014611E-01
.1099821E-01
.1200028E-01
.1316969E-01
.1439480E-01
.1559948E-01
.1693683E-01
.1806436E-01
.1923803E-01
.2057843E-01
.2199153E-01
.2335404E-01
.2478237E-01
.2629435E-01
.2770243E-01
.2904982E-01
.3050328E-01
.3199115E-01
.3347611E-01
.3512421E-01
.3687184E-01
.3839998E-01
.3956939E-01
.4039091E-01
.4090458E-01
.4107921E-01
.4083031E-01
.4029687E-01
.3974274E-01
.3924749E-01
.3884343E-01
.3857779E-01
.3826039E-01
.3756771E-01
.3648579E-01
.3517851E-01
.3376674E-01
.3236548E-01
.3107461E-01
.2994174E-01
.2892331E-01
.2789088E-01
.2680822E-01
.2580853E-01
.2499677E-01
.2437846E-01
.2383254E-01
.2320283E-01
.2242092E-01
.2155937E-01
.2079470E-01
.2022351E-01
.1993775E-01
.2008588E-01
.2057932E-01
.2103343E-01
.2118112E-01
.2097640E-01
.2061449E-01
.2029800E-01
.2006971E-01
.1997169E-01
.2003654E-01
.2024398E-01
.2049661E-01
.2065072E-01
.2073409E-01
.2088702E-01
.2095313E-01
.2068075E-01
.2002401E-01
.1906344E-01
.1794835E-01
.1674432E-01
.1541025E-01
.1383644E-01
.1204633E-01
.1027950E-01
.8634762E-02
.7052113E-02
.5486534E-02
.3893535E-02
.2230269E-02
.4889122E-03
-.1273996E-02
-.2929535E-02
-.4416509E-02
-.5865995E-02
-.7289469E-02
-.8505289E-02
-.9568539E-02
-.1065741E-01
-.1175286E-01
-.1276743E-01
-.1366218E-01
-.1445646E-01
-.1517696E-01
-.1570398E-01
-.1591449E-01
-.1582798E-01
-.1550094E-01
-.1502216E-01
-.1455726E-01
-.1424083E-01
-.1403230E-01
-.1382788E-01
-.1354554E-01
-.1313997E-01
-.1265133E-01
-.1222117E-01
-.1195078E-01
-.1179825E-01
-.1171463E-01
-.1167145E-01
-.1164966E-01
-.1165157E-01
-.1170451E-01
-.1185434E-01
-.1214723E-01
-.1259902E-01
-.1315187E-01
-.1366777E-01
-.1408044E-01
-.1446033E-01
-.1484992E-01
-.1532836E-01
-.1614072E-01
-.1735978E-01
-.1868335E-01
-.1988855E-01
-.2093139E-01
-.2178689E-01
-.2251216E-01
-.2325488E-01
-.2407425E-01
-.2487978E-01
-.2560206E-01
-.2622577E-01
-.2678831E-01
-.2727284E-01
-.2756172E-01
-.2763375E-01
-.2757855E-01
-.2745234E-01
-.2729323E-01
-.2713432E-01
-.2699512E-01
-.2688077E-01
-.2677998E-01
-.2666525E-01
-.2649460E-01
-.2621950E-01
-.2580046E-01
-.2523376E-01
-.2458751E-01
-.2401412E-01
-.2362823E-01
-.2339573E-01
-.2323752E-01
-.2306390E-01
-.2276586E-01
-.2224495E-01
-.2145508E-01
-.2046978E-01
-.1948916E-01
-.1868708E-01
-.1814827E-01
-.1783599E-01
-.1764346E-01
-.1746760E-01
-.1721160E-01
-.1680572E-01
-.1624126E-01
-.1560916E-01
-.1509587E-01
-.1482726E-01
-.1479255E-01
-.1495758E-01
-.1523539E-01
-.1546920E-01
-.1556702E-01
-.1558598E-01
-.1560966E-01
-.1570528E-01
-.1590778E-01
-.1617144E-01
-.1636684E-01
-.1642484E-01
-.1638734E-01
-.1626905E-01
-.1606067E-01
-.1574481E-01
-.1529828E-01
-.1471363E-01
-.1403168E-01
-.1330609E-01
-.1248066E-01
-.1149806E-01
-.1040695E-01
-.9261895E-02
-.8091325E-02
-.6914696E-02
-.5742364E-02
-.4577383E-02
-.3420041E-02
-.2275038E-02
-.1156724E-02
-.9265804E-04
.8784234E-03
.1717534E-02
.2405094E-02
.2976410E-02
.3498525E-02
.3932953E-02
.4217941E-02
.4383229E-02
.4464755E-02
.4461970E-02
.4359819E-02
.4143674E-02
.3819685E-02
.3448940E-02
.3141704E-02
.2921887E-02
.2715509E-02
.2483620E-02
.2238867E-02
.2031779E-02
.1832066E-02
.1540255E-02
.1281402E-02
.1248954E-02
.1359071E-02
.1478741E-02
.1623534E-02
.1831465E-02
.2124259E-02
.2503959E-02
.2919696E-02
.3259123E-02
.3451973E-02
.3533618E-02
.3556925E-02
.3582191E-02
.3687724E-02
.3951313E-02
.4425208E-02
.5088012E-02
.5835294E-02
.6576909E-02
.7252324E-02
.7834681E-02
.8357135E-02
.8899887E-02
.9470261E-02
.9971548E-02
.1032802E-01
.1051795E-01
.1059366E-01
.1064024E-01
.1072405E-01
.1088392E-01
.1110899E-01
.1132098E-01
.1143771E-01
.1146172E-01
.1142391E-01
.1134412E-01
.1124179E-01
.1113345E-01
.1102961E-01
.1093400E-01
.1084494E-01
.1075697E-01
.1066313E-01
.1055738E-01
.1043768E-01
.1030913E-01
.1018676E-01
.1009591E-01
.1006824E-01
.1013138E-01
.1029114E-01
.1050579E-01
.1067896E-01
.1073737E-01
.1068098E-01
.1051267E-01
.1023397E-01
.9868190E-02
.9476437E-02
.9154183E-02
.8942372E-02
.8787218E-02
.8619617E-02
.8370130E-02
.7978586E-02
.7432290E-02
.6783135E-02
.6094641E-02
.5416928E-02
.4788349E-02
.4227198E-02
.3723029E-02
.3227304E-02
.2673080E-02
.2082630E-02
.1555891E-02
.1089278E-02
.6501247E-03
.3026430E-03
.1314738E-03
.1754348E-03
.3893152E-03
.6675047E-03
.9784873E-03
.1316127E-02
.1643996E-02
.1969172E-02
.2351050E-02
.2803377E-02
.3295856E-02
.3812520E-02
.4341221E-02
.4866722E-02
.5370547E-02
.5829375E-02
.6215086E-02
.6500731E-02
.6672287E-02
.6751295E-02
.6798615E-02
.6859100E-02
.6938357E-02
.7000217E-02
.7002598E-02
.6951192E-02
.6866371E-02
.6760241E-02
.6643278E-02
.6523716E-02
.6405469E-02
.6288407E-02
.6169644E-02
.6046013E-02
.5916824E-02
.5786995E-02
.5668836E-02
.5582375E-02
.5550828E-02
.5592173E-02
.5701012E-02
.5848833E-02
.6030007E-02
.6231051E-02
.6382047E-02
.6434539E-02
.6418082E-02
.6360953E-02
.6262699E-02
.6103587E-02
.5877116E-02
.5632409E-02
.5414755E-02
.5224075E-02
.5055682E-02
.4907734E-02
.4775018E-02
.4649099E-02
.4517414E-02
.4363043E-02
.4166263E-02
.3910376E-02
.3592788E-02
.3235775E-02
.2874080E-02
.2532831E-02
.2226748E-02
.1956999E-02
.1705689E-02
.1451927E-02
.1206909E-02
.9958225E-03
.8318318E-03
.7066933E-03
.5907502E-03
.4637146E-03
.3214965E-03
.1767525E-03
.4071131E-04
-.9034345E-04
-.2068243E-03
-.2874438E-03
-.3366686E-03
-.3759093E-03
-.4212414E-03
-.4829259E-03
-.5619014E-03
-.6428831E-03
-.7019435E-03
-.7351718E-03
-.7512887E-03
-.7557260E-03
-.7532658E-03
-.7484818E-03
-.7446612E-03
-.7437107E-03
-.7461970E-03
-.7514116E-03
-.7572610E-03
-.7602342E-03
-.7556625E-03
-.7387206E-03
-.7063746E-03
-.6603506E-03
-.6110986E-03
-.5765854E-03
-.5641934E-03
-.5656460E-03
-.5728873E-03
-.5782329E-03
-.5740412E-03
-.5559062E-03
-.5252264E-03
-.4928775E-03
-.4752999E-03
-.4772869E-03
-.4950695E-03
-.5251520E-03
-.5615373E-03
-.5944555E-03
-.6104214E-03
-.5991680E-03
-.5693467E-03
-.5396455E-03
-.5220463E-03
-.5196786E-03
-.5269308E-03
-.5374272E-03
-.5462235E-03
-.5505935E-03
-.5523382E-03
-.5570783E-03
-.5656357E-03
-.5712529E-03
-.5685326E-03
-.5562227E-03
-.5384988E-03
-.5224143E-03
-.5136985E-03
-.5161566E-03
-.5302290E-03
-.5511295E-03
-.5710785E-03
-.5854007E-03
-.5943230E-03
-.6029526E-03
-.6167410E-03
-.6387212E-03
-.6682907E-03
-.7022396E-03
-.7381938E-03
-.7744231E-03
-.8096789E-03
-.8433548E-03
-.8753159E-03
-.9057145E-03
-.9347923E-03
-.9627728E-03
-.9897930E-03
-.1015909E-02
-.1041099E-02
-.1065291E-02
-.1088385E-02
-.1110286E-02
-.1130936E-02
-.1150374E-02
-.1168764E-02
-.1186452E-02
-.1203933E-02
-.1221763E-02
-.1240341E-02
-.1259623E-02
-.1278652E-02
-.1295883E-02
-.1311167E-02
-.1325173E-02
-.1337785E-02
-.1349239E-02
-.1360764E-02
-.1372807E-02
-.1384552E-02
-.1395197E-02
-.1403820E-02
-.1409418E-02
-.1412025E-02
-.1413078E-02
-.1413432E-02
-.1412945E-02
-.1411497E-02
-.1408913E-02
-.1404935E-02
-.1399388E-02
-.1392316E-02
-.1384150E-02
-.1375571E-02
-.1366886E-02
-.1357994E-02
-.1348525E-02
-.1338307E-02
-.1327620E-02
-.1316873E-02
-.1306426E-02
-.1296272E-02
-.1286230E-02
-.1276220E-02
-.1266293E-02
-.1256589E-02
-.1247102E-02
-.1237756E-02
-.1228603E-02
-.1219671E-02
-.1210859E-02
-.1202091E-02
-.1193371E-02
-.1184758E-02
-.1176281E-02
-.1167849E-02
-.1159367E-02
-.1150823E-02
-.1142183E-02
-.1133381E-02
-.1124401E-02
-.1115271E-02
-.1106052E-02
-.1096797E-02
-.1087530E-02
-.1078246E-02
-.1068918E-02
-.1059531E-02
-.1050083E-02
-.1040578E-02
-.1031031E-02
-.1021458E-02
-.1011864E-02
-.1002247E-02
-.9926067E-03
-.9829472E-03
-.9732730E-03
-.9635861E-03
-.9538856E-03
-.9441688E-03
-.9344326E-03
-.9246755E-03
-.9148958E-03
-.9050920E-03
-.8952627E-03
-.8854069E-03
-.8755234E-03
-.8656108E-03
-.8556681E-03
-.8456943E-03
-.8356892E-03
-.8256526E-03
-.8155848E-03
