.4903545E-04
.4921359E-04
.4932432E-04
.4944150E-04
.4963588E-04
.4956633E-04
.4982839E-04
.5020398E-04
.4981956E-04
.5023112E-04
.5022317E-04
.4958888E-04
.5019619E-04
.5092089E-04
.4957846E-04
.5008661E-04
.5285260E-04
.5132295E-04
.5051191E-04
.5206195E-04
.4926624E-04
.4871986E-04
.5175006E-04
.4974957E-04
.5087410E-04
.5347338E-04
.4936235E-04
.4879954E-04
.5303973E-04
.4921939E-04
.4546496E-04
.5304038E-04
.4946889E-04
.4647872E-04
.5523178E-04
.5240196E-04
.4890152E-04
.5336300E-04
.5112671E-04
.4377198E-04
.5401679E-04
.5228428E-04
.3960030E-04
.5359493E-04
.4999751E-04
.4274995E-04
.5656344E-04
.5532965E-04
.4109071E-04
.4685454E-04
.5272589E-04
.3341225E-04
.5031174E-04
.5740039E-04
.4086191E-04
.6032225E-04
.5834732E-04
.4152970E-04
.4470339E-04
.5308473E-04
.3399029E-04
.3410126E-04
.5601164E-04
.3364081E-04
.5108349E-04
.6680291E-04
.3628474E-04
.4079288E-04
.4416257E-04
.2660270E-04
.3108729E-04
.6669467E-04
.5466809E-04
.3476802E-04
.6572244E-04
.3553780E-04
.2787654E-04
.5508417E-04
.2154242E-04
.2736446E-04
.4630178E-04
.5550286E-04
.4841016E-04
.5731603E-04
.5074004E-04
-.1505177E-04
.4544077E-04
.3620246E-04
-.6780635E-06
.6574438E-04
.3298419E-04
.3551932E-04
.4935972E-04
.5957070E-04
.2061317E-04
.1930818E-04
.7933155E-04
-.2689382E-04
.2369436E-04
.6389169E-04
.7545371E-05
.8713516E-04
.5322692E-04
.7919692E-05
.2336868E-04
.5649994E-04
.1220974E-04
-.1617771E-04
.6591577E-04
-.2023365E-04
.2136327E-04
.1065483E-03
-.2377333E-05
.4268077E-04
.7265687E-04
.1152278E-04
.5759401E-06
.3742056E-04
.3033449E-04
-.1856113E-04
.7404236E-04
.2560096E-04
.4040377E-05
.1038588E-03
-.3152810E-04
-.2361082E-04
.4359553E-04
.2326855E-04
.3675519E-04
.3573981E-04
.2756851E-04
-.7658739E-04
.3988216E-04
.4979837E-04
-.5304628E-04
.9837878E-04
.4950959E-04
.1612119E-05
.3900378E-04
.1310704E-05
-.3308965E-04
.3744983E-04
.9926822E-04
-.3861624E-04
.7009091E-05
.1622317E-04
-.5566223E-04
.6585325E-04
.3092663E-04
-.7153986E-04
.2141560E-04
.8101446E-04
-.6176682E-04
-.3735960E-04
.5627945E-04
-.1817508E-04
.4804369E-04
.9625797E-04
-.5784497E-04
-.4091542E-04
.9969317E-04
-.5337993E-04
-.4938777E-04
.1145488E-03
-.3875921E-04
-.5767358E-04
.2496228E-04
-.3344124E-04
.1041228E-05
.6332409E-04
-.3762143E-04
-.4141322E-04
.1203089E-03
.2499217E-04
-.6336879E-04
.6131778E-04
-.3496592E-04
-.9758917E-04
.6818683E-04
-.2902603E-04
-.6948759E-04
.6562090E-04
.1362386E-05
-.5730827E-04
.3584973E-04
.8347418E-04
-.9966254E-04
.2486289E-04
.5249561E-04
-.1505993E-03
.6060306E-04
-.1021512E-04
-.7324112E-04
.8734959E-04
.6625818E-04
-.5210385E-04
-.5667599E-04
.7899693E-04
-.1770087E-03
-.8101945E-04
.1404848E-03
-.1116964E-03
.4936726E-04
.1081836E-03
-.6633131E-04
-.8429837E-05
-.4007449E-04
-.1479247E-03
-.6000244E-04
.1584318E-03
.1585975E-04
-.6315049E-04
.1077695E-03
-.1437962E-03
-.1606499E-03
.8902952E-04
-.1088568E-03
-.5337886E-04
.1461858E-03
.3078767E-04
.5026803E-04
.8586585E-04
-.1363647E-03
-.2363716E-03
.4598387E-04
.9754538E-05
-.8997539E-04
.2117790E-03
.6782135E-04
-.1394684E-03
-.7501282E-05
-.1851970E-03
-.3220295E-03
-.2923924E-04
.5597578E-04
.1459903E-04
.2683032E-03
.1438073E-03
-.1811128E-03
-.5428820E-04
-.6093854E-04
-.2206672E-03
.3683181E-04
.1153243E-03
-.5275010E-04
.1477947E-03
.4721349E-04
-.2633647E-03
-.1062229E-03
-.2300311E-04
-.1540254E-03
.9370008E-04
.2493058E-03
-.1294164E-03
-.7846350E-04
.6456141E-04
-.1643661E-03
-.3036447E-04
.1156817E-03
-.6231182E-04
-.5119663E-04
.5734483E-04
-.1907070E-03
-.9101611E-04
.1853524E-03
-.4511078E-04
-.3464506E-04
.6024807E-04
-.1261306E-03
-.8730438E-04
.5669763E-04
-.1451111E-03
-.1343132E-03
.1284725E-03
-.2874288E-04
-.6753579E-04
.1618595E-03
.4073765E-04
-.1102390E-03
.3461717E-04
-.1997278E-03
-.2873673E-03
.1257611E-03
.7767849E-04
-.2466113E-04
.1012626E-03
-.1643706E-04
-.1717030E-03
.4927318E-04
.7831031E-04
-.2015876E-03
-.1316621E-05
.2581695E-04
-.1573067E-03
.7486661E-04
.1219918E-04
-.1388311E-03
.1320258E-03
.5882860E-04
-.2437740E-03
-.9428048E-04
.9047681E-04
-.5125297E-04
.3002679E-04
.1837213E-03
-.1586808E-03
-.7162347E-04
.8181020E-04
-.2992883E-03
-.8958626E-04
.1151326E-03
-.3741342E-04
.5008813E-04
.8303588E-04
-.9278222E-04
-.1630384E-03
.6907510E-04
-.1023378E-03
-.1329464E-03
.2373919E-03
-.4743146E-04
-.1489584E-03
.6848306E-04
-.1132542E-03
-.4629023E-04
.1725353E-03
-.2995611E-05
-.8227609E-04
.3412225E-04
-.6996020E-04
-.1264954E-03
.1229898E-03
.8068257E-04
-.1436662E-03
.1314239E-03
-.2468887E-04
-.2487123E-03
.8029020E-04
-.3519425E-04
-.9296758E-04
.6565593E-04
.3281896E-04
-.8141213E-04
.5312484E-04
.3880429E-04
-.3136383E-03
.2609246E-04
.1256007E-03
-.1346691E-03
.1315189E-03
.1053026E-03
-.1549130E-03
-.6960426E-04
.3812016E-05
-.1801807E-03
.4575863E-05
.1706309E-03
-.1049075E-03
.6994565E-04
.2057860E-03
-.1480871E-03
-.1190798E-03
.4258922E-04
-.1558128E-03
-.5748419E-04
.1104206E-03
-.7578039E-04
.3076185E-06
.1697953E-03
-.4166506E-04
-.9050413E-04
.1109479E-03
-.1720452E-03
-.1929240E-03
.1112678E-03
-.9343600E-04
.1377657E-04
.2490866E-03
.4301796E-04
-.8025902E-04
-.8311104E-05
-.1882973E-03
-.2662976E-03
.1004916E-03
.8131231E-05
-.7586354E-04
.2594630E-03
.4030651E-04
-.1400994E-03
.1427739E-03
.6799251E-05
-.2060100E-03
-.2032048E-04
.8158534E-05
-.1123395E-03
.6797637E-04
.9376222E-04
-.1336180E-03
.1071829E-03
.4951935E-04
-.2395872E-03
.6833199E-04
.1038831E-03
-.7580739E-04
.5907858E-04
.3563419E-04
-.2025630E-03
.3894474E-04
.1639002E-03
-.1886563E-03
-.6728022E-06
.1019896E-03
-.1714553E-03
.6268694E-04
.2413595E-03
-.1113078E-03
-.1225357E-03
-.1965005E-04
-.1988785E-03
.4989866E-04
.2138294E-03
-.5236106E-04
-.8724289E-05
.1409135E-03
-.1426453E-03
-.1497036E-03
.7166944E-04
-.1898936E-03
-.3896661E-04
.2552862E-03
-.5310792E-05
.1900876E-04
.2374567E-03
.5027694E-04
-.1671516E-03
-.1319733E-03
-.3022271E-03
-.2153887E-03
.2864795E-03
.2190549E-03
.8312260E-04
.2372124E-03
-.4661786E-04
-.2773505E-03
-.4953076E-04
-.1174218E-03
-.1928399E-03
.1474774E-03
.9187283E-04
-.1173889E-03
.1734077E-03
.1821440E-03
-.7206790E-04
.9299623E-04
-.1084148E-03
-.3793551E-03
-.8438862E-04
.6286553E-04
.1372254E-03
.2957008E-03
.2555475E-03
-.1362481E-03
-.1348734E-03
-.6055331E-04
-.3594203E-03
.4126656E-04
.1686453E-03
-.7951590E-04
.9442474E-04
.1390173E-03
-.1830700E-04
-.7055181E-04
.2681016E-04
-.2261901E-03
-.5418539E-04
.2602564E-03
-.5248008E-04
.4022173E-04
.1342414E-03
-.1228987E-03
-.6813099E-04
.8744222E-04
-.1102555E-03
-.7594424E-04
.2006515E-03
.2129299E-05
-.5094584E-04
.1488280E-03
-.6505856E-04
-.1473018E-03
.1022412E-03
-.1053007E-03
-.1248824E-03
.1720067E-03
-.4791368E-04
-.9517491E-04
.1486390E-03
.3332354E-04
-.9866119E-04
.9737291E-04
-.3694720E-04
-.2001697E-03
.1297401E-03
.5945051E-04
-.7745080E-04
.1926680E-03
.6183012E-04
-.1553799E-03
.8190172E-04
.2688613E-05
-.1957712E-03
.5834143E-04
.8574026E-04
-.9103575E-04
.7231207E-04
.1517465E-03
-.1076058E-03
.2579927E-04
.4367626E-04
-.2356427E-03
.2728541E-04
.6996319E-04
-.9609114E-04
.7024951E-04
.1575597E-03
-.6615283E-04
-.3901731E-04
.9630061E-04
-.2183753E-03
-.2606195E-04
.1777486E-03
-.7257999E-04
.2549434E-04
.1264131E-03
-.5944411E-04
-.9908663E-04
.1079811E-03
-.1053575E-03
-.7741812E-04
.2555152E-03
-.1206442E-04
-.5927337E-04
.8285595E-04
-.7539394E-04
-.9372738E-04
.1214018E-03
.9565410E-05
-.1475189E-03
.1101787E-03
-.7029426E-05
-.1111063E-03
.1114010E-03
-.1199147E-05
-.7203258E-04
.7347261E-04
-.5585472E-04
-.1552957E-03
.1553744E-03
.1119852E-03
-.1139654E-03
.1266217E-03
.2529962E-04
-.1871937E-03
.5942544E-04
-.3073811E-04
-.1269584E-03
.1414542E-03
.1391708E-03
-.1220006E-04
.5407585E-04
.7265189E-04
-.1474965E-03
.1859874E-04
.7225428E-04
-.2285283E-03
.4792617E-04
.1597327E-03
-.8269821E-04
-.5414730E-05
.6584962E-04
-.1051556E-03
-.1360708E-04
.1602011E-03
-.9129230E-04
.1945925E-04
.1782612E-03
-.5355040E-04
-.1489775E-04
.1141406E-03
-.5625969E-04
-.1028925E-03
.1099931E-03
-.1318990E-03
-.1268661E-03
.1747059E-03
-.2391042E-05
.5006291E-05
.1082272E-03
-.2496554E-04
-.7892177E-04
.6019902E-04
-.9250523E-04
-.1835291E-03
.1446992E-03
.2716684E-04
-.6394085E-04
.1569268E-03
.5845173E-04
-.6636496E-04
.9199806E-04
.1325807E-04
-.1757201E-03
.8991318E-04
.4305437E-04
-.1442939E-03
.1292634E-03
.9649437E-04
-.1547863E-03
.3580081E-04
.6322624E-04
-.1704511E-03
.9791708E-04
.1567211E-03
-.8167902E-04
.9212978E-04
.6453822E-04
-.1849025E-03
.2676706E-04
.1073729E-03
-.1634959E-03
-.2468792E-05
.5989198E-04
-.9787860E-04
.1287437E-03
.1758277E-03
-.8630029E-04
-.6812007E-04
.4326133E-04
-.1406868E-03
-.5935675E-04
.1696321E-03
-.1108538E-04
.3885909E-04
.1935276E-03
-.7751328E-04
-.7721358E-04
.8412934E-04
-.1134006E-03
-.5328437E-04
.1374682E-03
-.1391874E-04
-.7407478E-04
.1285872E-03
-.2148018E-04
-.1687831E-03
.1145247E-03
-.5366627E-04
-.8409713E-04
.1692319E-03
-.1680388E-04
-.3584149E-04
.1205340E-03
.7068022E-04
-.6991908E-04
.5036818E-04
-.8569155E-04
-.2544773E-03
.1375085E-03
.9472242E-04
-.2333505E-04
.1463188E-03
.3759415E-04
-.1120728E-03
.3779738E-04
.7341506E-04
-.1942485E-03
.5847727E-04
.1759070E-03
-.8768886E-04
.8874615E-04
.7441443E-04
-.1161445E-03
.6069278E-04
.7884561E-04
-.1850902E-03
-.1505081E-04
.1211048E-03
-.7090678E-04
.9154271E-04
.1525305E-03
-.7918501E-04
.3836256E-05
.4585829E-04
-.2314707E-03
-.6231495E-04
.1950047E-03
-.1846590E-04
.1887444E-04
.1193624E-03
-.1013160E-03
-.4532898E-04
.1290762E-03
-.1531338E-03
-.1168655E-03
.2100670E-03
-.2592770E-04
-.9155719E-04
.1071763E-03
-.2753168E-04
-.3121614E-04
.1611689E-03
-.8998178E-05
-.1491048E-03
.1230132E-03
.6151272E-04
-.1378998E-03
.1469373E-03
.8729711E-04
-.1240038E-03
.1668229E-03
-.1035653E-05
-.2054263E-03
.1079125E-03
.7210011E-04
-.9535811E-04
.2226852E-04
.3361099E-04
-.1833837E-03
.1699683E-04
.9105022E-04
-.1801871E-03
.1836378E-03
.2190304E-03
-.1397987E-03
.8939237E-04
.1047040E-03
-.2085444E-03
-.5070719E-04
.5740991E-04
-.1734864E-03
.5019052E-04
.2222334E-03
-.2539244E-04
.5748871E-04
.1348908E-03
-.1359378E-03
-.3347151E-04
.1509656E-03
-.1380539E-03
-.8055223E-04
.1346029E-03
-.1535355E-04
-.1934912E-04
.1087705E-03
-.6915501E-04
-.1215800E-03
.1522716E-03
-.4732592E-04
-.6882282E-04
.1358473E-03
-.5508068E-04
-.4580621E-04
.1199916E-03
.3484792E-04
-.1377359E-03
.1028894E-03
.3791844E-06
-.1593519E-03
.1949976E-03
.3494477E-04
-.8137511E-04
.1218975E-03
.7761911E-05
-.1212329E-03
.6160204E-04
.1765548E-04
-.1693504E-03
.1135369E-03
.1529473E-03
-.1190558E-03
.1113681E-03
.8028324E-04
-.2300339E-03
.6374855E-04
.8757468E-04
-.1017517E-03
.5675932E-05
-.4655785E-05
-.1038600E-03
.4474552E-04
.1829212E-03
-.9238106E-04
.9959191E-04
.7790666E-04
-.2628037E-03
.1024338E-03
.1706725E-03
-.4117307E-04
-.9718628E-04
.1328085E-03
-.7934475E-05
-.1713788E-03
.2540999E-03
-.1735987E-03
-.1697760E-03
.2083324E-03
-.8558616E-04
.7869515E-04
.8853406E-04
-.1068786E-03
-.8400014E-04
.7902231E-04
-.8147802E-05
-.1977377E-03
.1823584E-03
.7269994E-04
-.2227277E-03
.1223615E-03
.1309049E-03
-.5996524E-04
.3124819E-04
-.9173022E-04
-.1052360E-03
.1729988E-03
.4300970E-05
-.6668960E-04
.2809435E-03
.5470517E-04
-.2616254E-03
.3056497E-04
-.8754668E-05
-.2324916E-03
.8977174E-04
.1290414E-03
-.1270048E-03
.3921791E-04
.1544471E-03
-.8624651E-04
.3954215E-04
.1276009E-03
-.1903363E-03
.6996467E-05
.1064046E-03
-.8496463E-04
.6645533E-04
.1314023E-03
-.9840574E-04
-.6794537E-04
.6691582E-04
-.1865496E-03
-.7957530E-04
.1006216E-03
-.3710242E-04
.6395903E-04
.1190169E-03
-.1687835E-03
-.5284602E-04
.1646581E-03
-.2217854E-03
-.5927600E-04
.3179631E-03
.1030271E-03
-.7345157E-04
.2481349E-04
-.2015010E-04
-.1627654E-03
-.9048136E-05
-.8165520E-04
-.1447801E-03
.1585089E-03
.1614017E-03
.7104584E-06
.1562700E-03
-.5588981E-04
-.2658166E-03
.9230008E-04
-.6942534E-04
-.1369303E-03
.1708742E-03
.9041721E-04
-.4657319E-04
.8339796E-04
.1302564E-03
-.2576713E-03
-.7311022E-04
.1418053E-03
-.1180871E-03
-.3117554E-04
-.1314371E-03
-.5271622E-04
.2411263E-03
.1016978E-03
-.1887684E-03
.3832970E-04
.2988108E-03
-.2632768E-03
-.1937611E-03
.1803933E-03
-.9612436E-04
.1457871E-04
.6603431E-04
-.1070359E-03
-.5290259E-05
.1163972E-03
-.7568922E-04
-.1585475E-03
.9328543E-04
-.5735443E-04
-.1828637E-04
.1649637E-03
-.1253203E-03
-.2666441E-04
.1342301E-03
-.1137014E-03
-.1287091E-03
.1284527E-03
.5935604E-04
-.9447134E-04
.1616078E-03
.3788406E-04
-.4293714E-04
.1131226E-03
-.2535670E-03
-.8145930E-04
.1662968E-03
-.1294456E-03
-.1005820E-03
.1174196E-03
.1899358E-03
-.8062688E-04
.1916629E-04
.1013149E-03
-.3201065E-03
-.5974202E-04
.2810731E-04
-.1494806E-03
.1506952E-03
.3502094E-04
-.1306887E-03
.8595527E-04
.5295508E-04
-.1946393E-03
-.3211795E-04
.1144811E-03
-.1451796E-03
-.3859722E-05
.1738993E-03
-.1350623E-03
-.6431486E-04
.1409951E-03
-.1370262E-03
.1226391E-04
.2245764E-03
-.2596197E-03
-.1135780E-03
.3699043E-03
-.1122804E-03
-.2390563E-03
.1459078E-03
-.8963965E-04
-.1606023E-03
.1205267E-03
.1053148E-03
.5040197E-04
.1851104E-03
-.1135087E-03
-.2249549E-03
.1176765E-03
-.1712014E-03
-.7110514E-04
.1917446E-03
-.8752521E-04
-.9213351E-04
.1619156E-04
.3929124E-04
-.1126201E-03
.7204179E-04
.5012515E-04
-.2475306E-03
.7570983E-04
-.1641738E-04
-.1505134E-03
.2061032E-03
.1059516E-03
-.1492281E-03
-.1005809E-04
-.9496976E-05
-.1902394E-03
-.9118143E-04
.5983315E-04
.8221193E-04
.4512558E-04
-.1884903E-04
-.1786463E-03
.1972456E-04
.5409565E-04
-.2719545E-03
.1381588E-03
.2277848E-03
-.6878312E-04
.5289086E-04
.7139450E-04
-.1045919E-03
-.1930661E-03
.2871809E-04
-.1580768E-03
-.1572642E-03
.2067556E-03
-.6347360E-04
.4206602E-04
.2377921E-03
-.1356965E-03
-.1304985E-03
.4144279E-04
-.1835737E-03
-.1917260E-03
.4886184E-04
-.7398600E-04
-.9189481E-04
.9250386E-04
-.5850858E-04
-.9671299E-04
.1217558E-03
-.1460357E-03
-.2141797E-03
.1651659E-03
-.1319090E-03
-.2062760E-03
.2682794E-03
.1371196E-03
-.2297929E-03
-.1423336E-03
-.6718466E-05
-.2756709E-04
.2066064E-03
.1579185E-03
-.2325289E-03
-.1304834E-03
.2986784E-04
-.2915961E-03
-.3774668E-03
-.1597681E-03
.6578551E-04
.5085121E-03
.4701393E-03
-.5023195E-04
-.3952730E-03
-.4192062E-03
-.2529038E-03
-.1029595E-04
-.1405699E-04
-.1878055E-03
.4766688E-03
.5965735E-03
-.2665064E-03
-.4725952E-03
-.4194609E-03
-.6070954E-03
-.2973218E-03
.4351021E-03
.3790489E-03
.2687516E-03
.3866074E-03
-.9249949E-04
-.6399857E-03
-.8571358E-03
-.6038772E-03
.1665648E-03
.9369785E-03
.6348797E-03
.2782027E-03
.3026551E-03
-.3262521E-03
-.4137322E-03
.2202003E-03
.6220711E-03
.6756347E-03
.3530417E-03
-.6135988E-03
-.1200839E-02
-.4903624E-03
-.9395954E-04
-.2085814E-03
.8483991E-04
.3007721E-03
.1317628E-03
-.4004633E-04
-.7665377E-04
.1369381E-05
.4722535E-03
.4989982E-03
-.1772894E-03
-.4692763E-03
-.3686525E-03
-.2831665E-03
-.1035352E-03
-.6003789E-04
-.3293596E-03
-.2379783E-04
.8393109E-04
-.7704917E-03
-.7109302E-03
.1885470E-03
.4307280E-03
.9660653E-03
.1882075E-02
.1015688E-02
-.4641339E-03
-.7048251E-03
-.6220494E-03
-.3647214E-03
-.1588962E-03
-.3211354E-03
.5339241E-06
.5111150E-03
-.5094625E-04
-.3809557E-03
.1247322E-03
.9083057E-04
.3107117E-03
.3300841E-03
-.1102968E-02
-.1739832E-02
-.3800047E-03
-.1819653E-03
-.1084900E-02
-.2312778E-03
.1093706E-02
.1422988E-02
.8997595E-03
.5882256E-04
-.5774097E-03
-.7004974E-03
-.3309724E-03
-.1459523E-03
-.3959810E-03
-.5006329E-03
.5762968E-03
.1543956E-02
.1116996E-02
.4856385E-03
.4566523E-03
.4998574E-04
-.8135830E-03
-.8575016E-03
-.1125018E-02
-.1647135E-02
-.1021217E-02
-.3017259E-03
-.7124686E-03
-.9699300E-03
.1131962E-03
.1278224E-02
.1614039E-02
.9943882E-03
-.2492808E-04
-.3195240E-03
-.2041681E-03
-.8411595E-03
-.1269272E-02
-.1667825E-03
.7685920E-03
.1096014E-02
.1105450E-02
.4263109E-03
.1552938E-03
.1803054E-03
-.4272354E-03
-.9881326E-03
-.5007287E-03
.8272352E-04
-.1978107E-03
-.8405914E-03
-.8504891E-03
-.1519336E-03
.3030567E-03
.1275372E-03
-.6865019E-03
-.9962861E-03
-.3959209E-03
.3454356E-03
.6527506E-03
.6117616E-03
.4286956E-03
-.1216564E-02
-.2784518E-02
-.1373449E-02
.1134291E-02
.1384777E-02
.5693974E-03
.9145972E-03
.9165098E-03
-.1113077E-03
-.7489603E-03
-.7694007E-03
-.5433825E-03
.1155896E-03
-.1400748E-03
-.1771658E-02
-.2653114E-02
-.2217744E-02
-.1014853E-02
.5458336E-03
.2034801E-02
.2936314E-02
.2616137E-02
.7299121E-03
-.1200053E-02
-.1554941E-02
-.1673688E-02
-.1589670E-02
-.2389480E-03
.1339900E-02
.1986299E-02
.1935515E-02
.1305956E-02
-.1176987E-03
-.8101502E-03
-.3876960E-03
-.1880056E-04
.1221941E-03
-.3258831E-03
-.1295903E-02
-.1617630E-02
-.1737263E-02
-.2264139E-02
-.9541437E-03
.1320936E-02
.1641573E-02
.1968415E-02
.2787095E-02
.8420491E-03
-.2574120E-02
-.3499305E-02
-.2360401E-02
-.1007025E-02
.1975490E-04
.9002057E-03
.2646209E-02
.3935742E-02
.2369357E-02
-.1788819E-03
-.1203993E-02
-.2430004E-02
-.3483520E-02
-.2301600E-02
-.1014079E-02
-.5966821E-03
.2148777E-03
.2175597E-03
-.1296094E-02
-.1575211E-02
.2162221E-03
.1524033E-02
.1761391E-02
.2299358E-02
.2544624E-02
.6796434E-03
-.1053210E-02
-.3032882E-03
-.2860467E-03
-.1733591E-02
-.8638412E-03
.8701448E-03
-.3515028E-03
-.1752312E-02
-.3364278E-03
.8154022E-03
-.5546855E-03
-.1497033E-02
-.1771478E-02
-.3441555E-02
-.2857414E-02
.2892180E-03
.1298784E-02
.1245561E-02
.1820793E-02
-.3030896E-03
-.3957599E-02
-.3155543E-02
.2391291E-03
.1721500E-02
.3129682E-02
.4396431E-02
.8551974E-03
-.5004977E-02
-.5294477E-02
-.3450948E-02
-.3725925E-02
-.2279080E-04
.6493772E-02
.6408153E-02
-.3688239E-03
-.3435410E-02
-.1066298E-02
-.6113006E-03
.5015588E-03
.5235351E-02
.7479037E-02
.4269809E-02
-.3855403E-03
-.2386369E-02
-.3626536E-02
-.2611039E-02
.3813508E-02
.7120722E-02
.3746167E-02
.4789419E-03
-.1043932E-02
-.1842052E-02
-.2349340E-02
-.1932335E-02
-.8702608E-03
-.1370557E-02
-.1529690E-02
-.5069828E-03
-.2149857E-02
-.5392376E-02
-.4699182E-02
-.1891823E-02
-.2135780E-02
-.3267978E-02
-.6637790E-03
.3050046E-02
.3375544E-02
.2852924E-02
.3170398E-02
.3318758E-02
.2895266E-02
.2079194E-02
.1205510E-02
-.1824402E-02
-.3501365E-02
.1109874E-03
.2191614E-02
-.1137246E-02
-.3052600E-02
-.1184365E-02
-.7689193E-03
-.1735884E-02
-.1144806E-02
.1545128E-03
.7199666E-03
.2145547E-03
-.1707899E-02
-.3951594E-02
-.3801757E-02
-.8529448E-03
.2772633E-02
.4472016E-02
.3878617E-02
.3536003E-02
.3107168E-02
-.4519224E-03
-.4134587E-02
-.3430013E-02
-.8498755E-03
.2106246E-02
.5450039E-02
.4333189E-02
-.7029590E-03
-.2444030E-02
-.1488954E-02
-.1565960E-02
-.4750149E-03
.1547726E-02
.8364126E-03
-.2183789E-02
-.5138400E-02
-.7531186E-02
-.7686423E-02
-.4742893E-02
-.1626800E-02
.1551330E-02
.4751376E-02
.4672471E-02
.3378099E-02
.3245821E-02
.1856859E-02
.1010984E-02
.2378512E-02
.2112909E-02
.1996688E-03
-.1471362E-02
-.4057297E-02
-.5080908E-02
-.2932551E-02
-.7761788E-03
.1181144E-02
.1879118E-02
.6424128E-03
.1509859E-02
.1480147E-02
-.1971471E-02
-.1867791E-02
.6647867E-03
-.6699988E-03
-.1767972E-02
.1331379E-02
.2575065E-02
-.1630107E-04
-.5283497E-03
-.1166259E-03
-.1188443E-02
-.2376004E-03
.1419944E-02
.1694031E-02
.2392456E-02
.1448168E-02
-.1714192E-02
-.3808150E-02
-.5268321E-02
-.5235978E-02
-.1785688E-02
.8676515E-03
-.3555061E-03
-.9086606E-03
.4842540E-03
-.1198590E-02
-.4301438E-02
-.4161866E-02
-.1782607E-02
.5254332E-03
.1424059E-02
.5167281E-03
-.5286822E-03
.2390059E-03
.1406963E-02
.1446493E-02
.9221492E-03
.7482122E-03
.2635031E-02
.2677299E-02
-.2815607E-02
-.4524857E-02
.1297556E-02
.3793431E-02
.1167351E-02
.5269233E-03
.5576000E-03
-.1917002E-02
-.2020602E-02
.1085549E-02
.2273716E-02
.2489575E-02
.2490417E-02
.1751938E-02
.1567173E-02
.1188653E-02
.8684295E-03
.1406356E-02
.3026261E-02
.4186756E-02
.1959420E-02
-.3375954E-02
-.7031521E-02
-.5374463E-02
-.2963472E-02
-.2986147E-02
-.1749847E-02
.1891460E-03
-.5412439E-03
-.2699943E-02
-.4995954E-02
-.6842983E-02
-.6153945E-02
-.4883378E-02
-.3809191E-02
.1077966E-02
.5805043E-02
.5153396E-02
.3636667E-02
.1672472E-02
-.7207383E-03
.8789734E-03
.2991811E-02
.4192795E-02
.5359994E-02
.1971058E-02
-.4613253E-02
-.7837546E-02
-.6122716E-02
-.2675021E-02
.2259620E-04
.1462338E-02
.2723309E-02
.3042378E-02
.1701708E-02
.7226554E-03
.1020269E-03
.5897486E-03
.1756164E-02
.2288721E-02
.2213324E-02
.8933733E-03
.1866324E-02
.4934594E-02
.5282069E-02
.4726059E-02
.4934664E-02
.2728444E-02
-.8429407E-03
-.2512941E-02
-.5120073E-02
-.8721944E-02
-.8748702E-02
-.7740791E-02
-.7577634E-02
-.4236572E-02
-.7479107E-03
-.1384686E-02
-.2331672E-02
-.2046241E-02
-.2385969E-02
-.2727176E-02
-.2077651E-02
.9787465E-04
.2828860E-02
.2560849E-02
.1505975E-03
.6674719E-03
.2496579E-02
.1140656E-02
-.4553071E-03
.2017058E-02
.4507786E-02
.3110796E-02
.1757600E-02
.1512687E-02
-.4049778E-03
-.1169351E-02
.1723397E-02
.3876568E-02
.3313340E-02
.3115320E-02
.4210310E-02
.5041534E-02
.4516231E-02
.3433261E-02
.1254007E-02
-.2625440E-02
-.4316102E-02
-.2020334E-02
.7085881E-03
.2872498E-02
.7139111E-02
.1124846E-01
.1053368E-01
.6474161E-02
.2729093E-02
-.8786654E-04
-.3298823E-02
-.7108572E-02
-.9462380E-02
-.9335503E-02
-.7941017E-02
-.4998009E-02
-.9545818E-03
.7426914E-03
.1653772E-02
.6088780E-02
.8535459E-02
.3629127E-02
-.1723001E-02
-.4326751E-02
-.7901218E-02
-.1052797E-01
-.9943577E-02
-.7805144E-02
-.3529623E-02
.2337620E-02
.5783549E-02
.6090449E-02
.4724936E-02
.4395274E-02
.4416461E-02
.6080403E-03
-.4265773E-02
-.6401385E-02
-.7250335E-02
-.7579622E-02
-.3397442E-02
.4304360E-02
.7415316E-02
.5935923E-02
.2834232E-02
-.2590969E-02
-.6107522E-02
-.4572550E-02
-.1354196E-02
.1146914E-02
.2085085E-02
.1427325E-02
.9803302E-03
.2294832E-02
.5256167E-02
.7570741E-02
.8467219E-02
.8371243E-02
.6220597E-02
.2283700E-02
-.1688108E-02
-.2420306E-02
.2748982E-03
.1033004E-02
-.2541459E-03
-.7626984E-03
-.1812196E-02
-.3568899E-02
-.6300142E-02
-.8414179E-02
-.5806589E-02
-.3687596E-03
.1136197E-02
-.4577660E-02
-.9100571E-02
-.5837014E-02
-.8919953E-03
.2673715E-02
.4057903E-02
.5029259E-02
.6584535E-02
.2069348E-02
-.2698568E-02
-.2225878E-02
-.3239229E-02
-.2123804E-02
.3645897E-02
.4408254E-02
-.6575487E-03
-.1897353E-02
.1673240E-04
-.5511039E-03
.2163588E-02
.8279453E-02
.8577032E-02
.6082993E-02
.4229614E-02
-.3948526E-03
-.5657014E-02
-.7908614E-02
-.4225626E-02
.2000993E-02
.4603399E-02
.5981441E-02
.9584566E-02
.1194017E-01
.8388398E-02
.2569193E-02
-.1286111E-02
-.6341578E-02
-.1233442E-01
-.1429276E-01
-.1392474E-01
-.1287513E-01
-.7694821E-02
-.3115156E-03
.4964039E-02
.4825068E-02
.1236014E-02
.4930721E-03
.2017436E-02
.4854849E-02
.7531030E-02
.5925568E-02
.4587073E-03
-.3323176E-02
.2005560E-02
.1071130E-01
.1232808E-01
.1198695E-01
.1422557E-01
.1241916E-01
.4467729E-02
-.1701782E-02
-.7770011E-03
.4459804E-02
.7484674E-02
.5456953E-02
.4166331E-02
.6393530E-02
.9295783E-02
.1168359E-01
.8414135E-02
.8960879E-04
-.2368052E-02
-.2065758E-05
-.2962982E-02
-.9218104E-02
-.1036386E-01
-.9462576E-02
-.1132625E-01
-.1236301E-01
-.1279882E-01
-.1518848E-01
-.1703779E-01
-.1375018E-01
-.7071653E-02
-.5087608E-02
-.5705833E-02
-.4839968E-03
.6078227E-02
.5527598E-02
.3810615E-02
.7949641E-02
.1080512E-01
.1090438E-01
.1239441E-01
.1031303E-01
.5658572E-02
.2471594E-02
.2474282E-02
.7359003E-02
.1220807E-01
.1411186E-01
.1214523E-01
.6987814E-02
.1402663E-02
-.5198064E-02
-.1225720E-01
-.1800686E-01
-.1925782E-01
-.1866046E-01
-.2292317E-01
-.2582534E-01
-.2043878E-01
-.1440110E-01
-.1279486E-01
-.9274208E-02
-.2220895E-02
.2751617E-02
.5014002E-02
.1006883E-01
.1606632E-01
.1517828E-01
.1055649E-01
.9044448E-02
.9920136E-02
.9702247E-02
.7163138E-02
.2893824E-02
-.3670082E-02
-.9474052E-02
-.7881938E-02
-.2833774E-02
-.1968739E-02
.1382224E-02
.8501188E-02
.7514858E-02
.3461924E-03
-.3008170E-02
-.1959287E-02
.2862651E-02
.1072606E-01
.1686819E-01
.1977751E-01
.2049226E-01
.1775786E-01
.1467710E-01
.1365316E-01
.1089565E-01
.8370010E-02
.7825520E-02
.6720027E-02
.6768958E-02
.7280262E-02
.6399346E-02
.5820856E-02
.5407215E-02
.3413107E-02
-.9905249E-03
-.6293546E-02
-.1036441E-01
-.1274173E-01
-.1421401E-01
-.1503018E-01
-.9885962E-02
.9276029E-03
.7996921E-02
.1316506E-01
.2167163E-01
.2486078E-01
.1455061E-01
.1413384E-02
-.5875173E-02
-.1631554E-01
-.2550222E-01
-.2336342E-01
-.1557054E-01
-.7881801E-02
-.5594943E-02
-.9483905E-02
-.1243944E-01
-.1109631E-01
-.7793818E-02
-.5059263E-02
-.7775013E-03
.4972745E-02
.7358256E-02
.4404661E-02
.8886642E-03
.3864245E-02
.8971557E-02
.9427893E-02
.1022953E-01
.1413098E-01
.1528343E-01
.1104321E-01
.7594273E-02
.6742869E-02
.3405456E-02
.8971838E-03
.3423743E-02
.7153255E-02
.8916537E-02
.1046835E-01
.1327718E-01
.1398443E-01
.1019071E-01
.9875675E-02
.1709417E-01
.2027291E-01
.2065833E-01
.2518767E-01
.2520459E-01
.2065114E-01
.2099552E-01
.2568195E-01
.2642984E-01
.2391524E-01
.2395983E-01
.2418524E-01
.2302716E-01
.2288126E-01
.2324506E-01
.2175706E-01
.2036154E-01
.2036750E-01
.1937704E-01
.1566480E-01
.1011536E-01
.8721179E-02
.7715979E-02
.5854937E-03
-.7166884E-02
-.1330836E-01
-.1548104E-01
-.1543792E-01
-.2132604E-01
-.3033822E-01
-.3697436E-01
-.4105857E-01
-.4367241E-01
-.4367925E-01
-.3871322E-01
-.3067495E-01
-.2204988E-01
-.1292859E-01
-.8568284E-02
-.1094343E-01
-.1024653E-01
-.4265444E-02
.3442246E-02
.1283907E-01
.2029114E-01
.2506346E-01
.2793725E-01
.2520364E-01
.1596328E-01
.5162294E-02
-.4229114E-02
-.1516532E-01
-.3024238E-01
-.4558711E-01
-.5526396E-01
-.5962608E-01
-.6114306E-01
-.6185192E-01
-.6073245E-01
-.5352444E-01
-.4170239E-01
-.2901740E-01
-.1923571E-01
-.1288458E-01
-.6239724E-02
.2781668E-03
.8636898E-02
.2342412E-01
.4221581E-01
.5918857E-01
.7133746E-01
.7525395E-01
.6920371E-01
.6007569E-01
.5317493E-01
.4871404E-01
.4746464E-01
.4876236E-01
.5370155E-01
.6273984E-01
.7150778E-01
.7475432E-01
.7138517E-01
.6762078E-01
.6609421E-01
.6231659E-01
.5766939E-01
.5389272E-01
.4761122E-01
.3976228E-01
.3297209E-01
.2844811E-01
.2511223E-01
.2156030E-01
.2110356E-01
.1994898E-01
.1170217E-01
-.4093619E-02
-.2491191E-01
-.4179375E-01
-.5185647E-01
-.6010567E-01
-.7137719E-01
-.8153778E-01
-.8321462E-01
-.8440400E-01
-.8979042E-01
-.9467468E-01
-.9545943E-01
-.9103868E-01
-.8545819E-01
-.7971472E-01
-.7577801E-01
-.7377405E-01
-.6829021E-01
-.6256292E-01
-.6125227E-01
-.6422457E-01
-.7059717E-01
-.7765149E-01
-.8706520E-01
-.9673823E-01
-.9998542E-01
-.1003745E+00
-.1007593E+00
-.1002868E+00
-.9972318E-01
-.9815603E-01
-.9652902E-01
-.9253340E-01
-.8311161E-01
-.7201112E-01
-.6397883E-01
-.5832967E-01
-.5077560E-01
-.4119973E-01
-.3151853E-01
-.2204782E-01
-.1283389E-01
-.2553399E-02
.9090409E-02
.2100903E-01
.3064044E-01
.3730935E-01
.4679365E-01
.5960763E-01
.6737761E-01
.6489838E-01
.5504947E-01
.4533518E-01
.3734837E-01
.2824645E-01
.2282019E-01
.2354835E-01
.2679488E-01
.3435285E-01
.4770596E-01
.6169436E-01
.6663796E-01
.6220766E-01
.5704898E-01
.5062090E-01
.3851423E-01
.2413048E-01
.1961850E-01
.2529216E-01
.2958758E-01
.3297754E-01
.3872925E-01
.4755579E-01
.5816816E-01
.6671155E-01
.7139308E-01
.7194530E-01
.7297963E-01
.7359454E-01
.7081340E-01
.6815873E-01
.6597022E-01
.6560129E-01
.6784981E-01
.7014918E-01
.6870763E-01
.6142443E-01
.5194837E-01
.4224587E-01
.3201704E-01
.1585418E-01
-.3777698E-03
-.1117392E-02
.3974328E-02
.4953544E-02
.3586881E-02
-.4333859E-02
-.1674972E-01
-.3036778E-01
-.4523645E-01
-.5997844E-01
-.7450906E-01
-.8784636E-01
-.9922234E-01
-.1042799E+00
-.9874696E-01
-.8532535E-01
-.6777794E-01
-.5127518E-01
-.3390497E-01
-.1652833E-01
-.1049654E-01
-.1520878E-01
-.2162435E-01
-.2368782E-01
-.2259817E-01
-.2419465E-01
-.3032496E-01
-.3915190E-01
-.4885475E-01
-.5976673E-01
-.7067046E-01
-.8057369E-01
-.8810705E-01
-.9176359E-01
-.9169687E-01
-.8339147E-01
-.6728543E-01
-.4575737E-01
-.1741927E-01
.1214623E-01
.4068314E-01
.6646132E-01
.8369544E-01
.8977705E-01
.8469714E-01
.7538343E-01
.6924360E-01
.6870108E-01
.6930365E-01
.6646302E-01
.6281299E-01
.5761418E-01
.5153584E-01
.4592609E-01
.3818509E-01
.3039933E-01
.2460377E-01
.2354319E-01
.2754767E-01
.3239954E-01
.3974872E-01
.4855703E-01
.5409994E-01
.5540578E-01
.5357620E-01
.5028989E-01
.4672823E-01
.4140366E-01
.3224538E-01
.2352979E-01
.1349307E-01
.1073805E-02
-.8906301E-02
-.1881866E-01
-.2425039E-01
-.2395190E-01
-.2486236E-01
-.3003159E-01
-.3848766E-01
-.4045032E-01
-.3174321E-01
-.1796507E-01
-.4900321E-02
.5946866E-02
.1697601E-01
.2451304E-01
.2394373E-01
.1397296E-01
.1344190E-03
-.9087402E-02
-.1377335E-01
-.9535795E-02
.1049636E-02
.7788346E-02
.1279994E-01
.1183186E-01
.5359478E-02
.2412173E-02
-.2363878E-04
.8695914E-03
.7582822E-02
.1382162E-01
.1764362E-01
.1770439E-01
.1498174E-01
.1222863E-01
.1138812E-01
.1043888E-01
.5028035E-02
-.3836952E-02
-.1534851E-01
-.2653808E-01
-.3786094E-01
-.5132834E-01
-.5758770E-01
-.5600095E-01
-.5633434E-01
-.6305511E-01
-.7307794E-01
-.7634383E-01
-.7323910E-01
-.6674018E-01
-.5171613E-01
-.3202656E-01
-.1319942E-01
.4890827E-02
.2054294E-01
.2890881E-01
.3033895E-01
.3111598E-01
.3106124E-01
.2586985E-01
.1635234E-01
.4896247E-02
-.9492284E-02
-.2184382E-01
-.2875903E-01
-.3432630E-01
-.3604485E-01
-.3186132E-01
-.2471376E-01
-.1596444E-01
-.7038872E-02
-.2202597E-02
.5045270E-03
.6977196E-02
.1580844E-01
.2571910E-01
.3483195E-01
.4486056E-01
.5498830E-01
.5754272E-01
.5773553E-01
.5854933E-01
.5424368E-01
.4710465E-01
.3745048E-01
.2169462E-01
.1810655E-03
-.2556471E-01
-.4348627E-01
-.4316974E-01
-.3373658E-01
-.2321152E-01
-.1441383E-01
-.8806210E-02
-.4057397E-02
-.2969852E-02
-.4877358E-02
-.4681665E-02
-.2537406E-02
.2096299E-02
.4481929E-02
.1800800E-02
.1279302E-02
.1664708E-02
-.3649731E-04
-.2330227E-02
-.3627848E-02
-.8337722E-03
.1463803E-02
-.1306381E-02
-.6554365E-02
-.1190630E-01
-.1726799E-01
-.2159962E-01
-.2223507E-01
-.2388263E-01
-.2543137E-01
-.1804577E-01
-.7789919E-02
-.7400457E-03
.4599164E-02
.8850011E-02
.1553373E-01
.2065956E-01
.1962231E-01
.2001410E-01
.2663832E-01
.3699998E-01
.4770762E-01
.5567701E-01
.6081106E-01
.6380329E-01
.6313906E-01
.5907517E-01
.5441547E-01
.4766001E-01
.3326348E-01
.1241938E-01
-.6390314E-02
-.2003257E-01
-.3457788E-01
-.4914035E-01
-.5088545E-01
-.4075410E-01
-.3099580E-01
-.2404821E-01
-.2164746E-01
-.2462447E-01
-.2692751E-01
-.2695571E-01
-.2716217E-01
-.2578589E-01
-.2424615E-01
-.2245117E-01
-.1743168E-01
-.1399549E-01
-.1104167E-01
-.5426333E-02
.1109346E-02
.8036498E-02
.1259950E-01
.1558465E-01
.1821578E-01
.1988278E-01
.2040369E-01
.1643872E-01
.8017277E-02
-.2484984E-02
-.1312110E-01
-.2129991E-01
-.2711552E-01
-.2805343E-01
-.2516921E-01
-.2548181E-01
-.2834209E-01
-.3190466E-01
-.3580910E-01
-.3902619E-01
-.4544254E-01
-.5411021E-01
-.6015601E-01
-.6122478E-01
-.5391508E-01
-.4127778E-01
-.2705213E-01
-.7929493E-02
.1544426E-01
.3576989E-01
.4589130E-01
.5071755E-01
.5776069E-01
.6321241E-01
.6498582E-01
.6247596E-01
.5787201E-01
.5528187E-01
.5198351E-01
.4533377E-01
.2986241E-01
.9445917E-02
-.6138117E-02
-.2459752E-01
-.4919672E-01
-.6641890E-01
-.6622305E-01
-.5276213E-01
-.3195809E-01
-.7759713E-02
.1274493E-01
.3661092E-01
.6524856E-01
.8293513E-01
.9327526E-01
.1023754E+00
.1063457E+00
.1079226E+00
.1062168E+00
.1028645E+00
.9900385E-01
.9273516E-01
.9061532E-01
.9337958E-01
.9790883E-01
.1034054E+00
.1064854E+00
.1059222E+00
.9947860E-01
.8919159E-01
.8103303E-01
.7288361E-01
.6068211E-01
.4438444E-01
.2742897E-01
.1013857E-01
-.1193872E-01
-.3756023E-01
-.6372730E-01
-.8315451E-01
-.8874522E-01
-.9067357E-01
-.9384718E-01
-.9041921E-01
-.8181078E-01
-.6977152E-01
-.5156411E-01
-.3210888E-01
-.1777147E-01
-.9966464E-02
-.6938941E-02
-.5805798E-02
-.1108391E-01
-.2477374E-01
-.3653648E-01
-.4229851E-01
-.4786707E-01
-.5709856E-01
-.6821756E-01
-.7569571E-01
-.7894308E-01
-.8243985E-01
-.8703470E-01
-.9221476E-01
-.9945671E-01
-.1078769E+00
-.1159206E+00
-.1200644E+00
-.1182377E+00
-.1143004E+00
-.1092820E+00
-.1023541E+00
-.9036037E-01
-.7379126E-01
-.5770964E-01
-.3889094E-01
-.1711332E-01
.6322686E-02
.2525474E-01
.3192621E-01
.3898037E-01
.5041730E-01
.6229059E-01
.6956064E-01
.6124381E-01
.4552023E-01
.3021811E-01
.1457893E-01
-.8401044E-02
-.3770608E-01
-.5450867E-01
-.5398706E-01
-.5537321E-01
-.7882514E-01
-.1018649E+00
-.1038771E+00
-.1004016E+00
-.9755146E-01
-.9476812E-01
-.8790904E-01
-.7383362E-01
-.5379133E-01
-.2874358E-01
-.2894800E-02
.2414025E-01
.5149643E-01
.7879339E-01
.1052783E+00
.1210364E+00
.1247533E+00
.1254095E+00
.1258137E+00
.1278941E+00
.1294158E+00
.1242956E+00
.1141849E+00
.9743523E-01
.6786951E-01
.3112107E-01
-.3514545E-02
-.3455506E-01
-.5532824E-01
-.6942310E-01
-.8282151E-01
-.7836123E-01
-.5958269E-01
-.4031441E-01
-.2137755E-01
-.9376260E-02
.1440143E-02
.1479134E-01
.2650777E-01
.3461479E-01
.3692797E-01
.4019396E-01
.4429021E-01
.4537291E-01
.4393621E-01
.3960047E-01
.3788706E-01
.4049182E-01
.4209637E-01
.3948884E-01
.3076796E-01
.1429727E-01
-.8421944E-02
-.3435785E-01
-.6110550E-01
-.8255583E-01
-.9621293E-01
-.1039522E+00
-.1034406E+00
-.1001520E+00
-.1008867E+00
-.1005772E+00
-.9683330E-01
-.8876871E-01
-.6899797E-01
-.3421058E-01
.5164409E-02
.3616803E-01
.6002324E-01
.7966623E-01
.9152719E-01
.9469430E-01
.9188725E-01
.8825583E-01
.8501007E-01
.8096120E-01
.7545616E-01
.6561038E-01
.5152854E-01
.3614448E-01
.2604154E-01
.2237007E-01
.1653887E-01
.1209834E-01
.1313203E-01
.1149245E-01
.6272400E-02
.2486468E-02
.2547514E-02
.3129807E-02
.1792684E-02
.5544070E-03
-.1237926E-02
-.5983311E-02
-.1504247E-01
-.2047438E-01
-.1682330E-01
-.1050087E-01
-.5184448E-02
-.1738064E-02
.1092452E-02
.5043758E-02
.9412681E-02
.1539343E-01
.2225578E-01
.2657793E-01
.2716836E-01
.2518063E-01
.2353449E-01
.2335330E-01
.2221432E-01
.1775391E-01
.1043967E-01
.3505482E-02
-.2989906E-02
-.1083264E-01
-.1766664E-01
-.2077854E-01
-.2263674E-01
-.2627761E-01
-.3030342E-01
-.3419179E-01
-.3631899E-01
-.3399937E-01
-.2977498E-01
-.2593252E-01
-.2014915E-01
-.1188861E-01
-.2207668E-02
.9238638E-02
.2035501E-01
.2976471E-01
.3313371E-01
.2813945E-01
.2147523E-01
.1432276E-01
.7788884E-02
.3423985E-02
-.5250204E-03
-.2485505E-02
-.5456516E-02
-.1046309E-01
-.1241489E-01
-.1226407E-01
-.1690668E-01
-.2324590E-01
-.2356893E-01
-.2388460E-01
-.2855139E-01
-.3324696E-01
-.3050297E-01
-.1733545E-01
-.2126213E-02
.1069913E-01
.2238379E-01
.3431807E-01
.4450572E-01
.5176381E-01
.5624302E-01
.5265191E-01
.4643046E-01
.4254250E-01
.3504304E-01
.2394617E-01
.1324460E-01
.5484071E-02
.1911876E-02
.2894737E-02
.4354347E-02
.5384168E-02
.9694050E-02
.1308020E-01
.1013668E-01
.2042691E-02
-.6685747E-02
-.1368531E-01
-.2246256E-01
-.3370414E-01
-.3983518E-01
-.3975755E-01
-.3872046E-01
-.3784826E-01
-.3515965E-01
-.2781162E-01
-.1940969E-01
-.1295299E-01
-.5655394E-02
.3724741E-02
.1286382E-01
.1572672E-01
.1603403E-01
.1900672E-01
.1788101E-01
.1373434E-01
.1040483E-01
.7688962E-02
.9459987E-02
.1264410E-01
.1373997E-01
.1444978E-01
.1348914E-01
.1080882E-01
.5932387E-02
-.2374985E-02
-.1263305E-01
-.2403244E-01
-.3379743E-01
-.3836528E-01
-.3952727E-01
-.3856080E-01
-.3404557E-01
-.2711188E-01
-.1839476E-01
-.7099106E-02
.5739606E-02
.1883460E-01
.2973947E-01
.3689203E-01
.4082048E-01
.4133843E-01
.4155671E-01
.4436799E-01
.4835409E-01
.5018171E-01
.4714365E-01
.3957285E-01
.2834432E-01
.1483913E-01
-.5262247E-03
-.1739206E-01
-.3265573E-01
-.4148544E-01
-.4212063E-01
-.4214698E-01
-.4405670E-01
-.4100897E-01
-.3379997E-01
-.2668527E-01
-.2160454E-01
-.1995227E-01
-.2011913E-01
-.1994213E-01
-.1852790E-01
-.1762989E-01
-.1610361E-01
-.1127164E-01
-.5837247E-02
-.6919287E-03
.2808940E-02
.3871982E-02
.6109053E-02
.8494843E-02
.7046951E-02
.2289179E-02
-.2366739E-02
-.7103343E-02
-.1595068E-01
-.3067317E-01
-.4665067E-01
-.5790746E-01
-.6471505E-01
-.6870321E-01
-.6751912E-01
-.6176987E-01
-.5461537E-01
-.4575673E-01
-.3777158E-01
-.3046543E-01
-.1964999E-01
-.9205646E-02
-.2727558E-02
-.1705432E-02
-.4742382E-02
-.7260783E-02
-.1144681E-01
-.1799013E-01
-.2400681E-01
-.2807667E-01
-.3009660E-01
-.3081471E-01
-.2716407E-01
-.1575901E-01
.9088510E-03
.1780833E-01
.3322778E-01
.4319750E-01
.4448760E-01
.4292847E-01
.4126285E-01
.3759809E-01
.3226874E-01
.2755776E-01
.2545833E-01
.2544048E-01
.2781591E-01
.2926093E-01
.2807855E-01
.2765105E-01
.2624971E-01
.2010714E-01
.9312837E-02
-.2316807E-03
-.5103172E-02
-.7168239E-02
-.9775299E-02
-.1318596E-01
-.1062347E-01
-.4752001E-02
-.2193921E-03
.6822488E-02
.1527761E-01
.2192753E-01
.2488623E-01
.2550528E-01
.2458632E-01
.2063898E-01
.1615393E-01
.1287325E-01
.1211069E-01
.1248017E-01
.1044485E-01
.8893258E-02
.9956259E-02
.1146496E-01
.1115240E-01
.5973936E-02
-.3810256E-02
-.1526000E-01
-.2723972E-01
-.3723361E-01
-.4340552E-01
-.4701885E-01
-.4738435E-01
-.4539156E-01
-.4328916E-01
-.4089627E-01
-.3887414E-01
-.3675759E-01
-.3383142E-01
-.3130351E-01
-.3043018E-01
-.3008624E-01
-.2776500E-01
-.2343332E-01
-.1879524E-01
-.1423019E-01
-.8133705E-02
-.3580944E-02
-.4581343E-02
-.6830013E-02
-.7509671E-02
-.1016838E-01
-.1602553E-01
-.2309370E-01
-.2936719E-01
-.3525653E-01
-.4131238E-01
-.4553260E-01
-.4854427E-01
-.5030028E-01
-.4763191E-01
-.3871037E-01
-.2608240E-01
-.1438404E-01
-.3002407E-02
.8012374E-02
.1640875E-01
.2299916E-01
.3020669E-01
.3944748E-01
.4842509E-01
.5558128E-01
.6048029E-01
.6203073E-01
.6205504E-01
.6242803E-01
.6007163E-01
.5466239E-01
.5027120E-01
.4809102E-01
.4945029E-01
.5237694E-01
.5474407E-01
.5626153E-01
.5694787E-01
.5972247E-01
.6198927E-01
.6378550E-01
.6729985E-01
.7075952E-01
.7269116E-01
.7155992E-01
.6963660E-01
.6738951E-01
.6673369E-01
.6634430E-01
.6269215E-01
.5971678E-01
.5534144E-01
.5050268E-01
.4813299E-01
.4491738E-01
.4219636E-01
.4257628E-01
.4652370E-01
.5171633E-01
.5604910E-01
.6041308E-01
.6381131E-01
.6394170E-01
.6204067E-01
.6092636E-01
.6039259E-01
.5763896E-01
.5283628E-01
.4746528E-01
.4034381E-01
.3374048E-01
.2878235E-01
.2345857E-01
.1669494E-01
.8686782E-02
.2587512E-02
-.2018164E-02
-.6102858E-02
-.8719637E-02
-.1210869E-01
-.1633865E-01
-.1807915E-01
-.1719391E-01
-.1668254E-01
-.1658233E-01
-.1487550E-01
-.1207417E-01
-.1169588E-01
-.1438632E-01
-.1623817E-01
-.1722637E-01
-.1992521E-01
-.2419142E-01
-.2905480E-01
-.3439517E-01
-.4047160E-01
-.4656953E-01
-.5090449E-01
-.5148604E-01
-.4961838E-01
-.4881103E-01
-.4998083E-01
-.5048172E-01
-.4926459E-01
-.5034684E-01
-.5372832E-01
-.5575090E-01
-.5449091E-01
-.5128076E-01
-.4851779E-01
-.4301300E-01
-.3415687E-01
-.2551409E-01
-.1935239E-01
-.1555121E-01
-.9637149E-02
-.4097677E-03
.9558050E-02
.1969309E-01
.2971014E-01
.4005209E-01
.5057613E-01
.5858444E-01
.6315264E-01
.6478325E-01
.6356557E-01
.6116877E-01
.5741965E-01
.4888597E-01
.3520868E-01
.2229533E-01
.1465438E-01
.1152026E-01
.1291613E-01
.1829794E-01
.2576512E-01
.3395470E-01
.3908066E-01
.3779937E-01
.2915106E-01
.1408487E-01
-.2344966E-02
-.1612225E-01
-.2794481E-01
-.3822513E-01
-.4550856E-01
-.4853442E-01
-.4773886E-01
-.4653556E-01
-.4741232E-01
-.4752806E-01
-.4524132E-01
-.4398158E-01
-.4683080E-01
-.5194123E-01
-.5537875E-01
-.5744267E-01
-.5894229E-01
-.6055376E-01
-.6125269E-01
-.5628630E-01
-.4556148E-01
-.2867350E-01
-.7011551E-02
.1168477E-01
.2709006E-01
.4103748E-01
.4878130E-01
.4653610E-01
.3744720E-01
.2770713E-01
.1805253E-01
.7998491E-02
-.2281396E-02
-.1387439E-01
-.2529879E-01
-.3450630E-01
-.4192545E-01
-.4872593E-01
-.5158007E-01
-.4891846E-01
-.4498322E-01
-.4060815E-01
-.3661016E-01
-.3323171E-01
-.2723064E-01
-.2081699E-01
-.1598928E-01
-.1125953E-01
-.7310877E-02
-.2895937E-02
.1595376E-02
.3012640E-02
.2118110E-02
.1480621E-02
.3052408E-02
.5467735E-02
.4461584E-02
-.1294891E-02
-.1014312E-01
-.2009887E-01
-.3080325E-01
-.4234456E-01
-.5282743E-01
-.6037128E-01
-.6424451E-01
-.6558544E-01
-.6607909E-01
-.6630794E-01
-.6586307E-01
-.6433234E-01
-.6207318E-01
-.5737008E-01
-.5154132E-01
-.4709201E-01
-.4223924E-01
-.3734342E-01
-.3197096E-01
-.2374067E-01
-.1185396E-01
.1947766E-02
.1347589E-01
.2179096E-01
.2772547E-01
.3079324E-01
.3097211E-01
.2836249E-01
.2458130E-01
.2235570E-01
.2162656E-01
.2164538E-01
.2167923E-01
.2132129E-01
.2183815E-01
.2104676E-01
.1810679E-01
.1530454E-01
.1281307E-01
.1127989E-01
.9655953E-02
.6639813E-02
.2643178E-02
-.1949226E-02
-.4167915E-02
-.2539131E-02
.9878917E-03
.5248156E-02
.1001480E-01
.1503530E-01
.2021248E-01
.2484057E-01
.2692142E-01
.2729652E-01
.2792708E-01
.2786288E-01
.2649216E-01
.2403231E-01
.2144492E-01
.1946233E-01
.1794819E-01
.1619109E-01
.1566039E-01
.1837313E-01
.2027787E-01
.1959967E-01
.1867021E-01
.1767196E-01
.1565524E-01
.1217041E-01
.8882985E-02
.5606014E-02
.3544125E-02
.4100908E-02
.3040481E-02
-.7572545E-03
-.5843678E-02
-.1114737E-01
-.1666528E-01
-.2478757E-01
-.3359929E-01
-.4062805E-01
-.4420751E-01
-.4296945E-01
-.3815528E-01
-.3066453E-01
-.2232448E-01
-.1130549E-01
.2921871E-02
.1612593E-01
.2605158E-01
.3303802E-01
.3979442E-01
.4108161E-01
.3464483E-01
.2865612E-01
.2363810E-01
.1701156E-01
.9092370E-02
.1730205E-02
-.1577520E-02
-.8199338E-03
.9864349E-03
.4080624E-02
.1049941E-01
.1581754E-01
.1521027E-01
.1158780E-01
.9239245E-02
.8337186E-02
.8018234E-02
.8521448E-02
.8913121E-02
.8603812E-02
.8431534E-02
.9417370E-02
.1232951E-01
.1652682E-01
.2073692E-01
.2489888E-01
.2947294E-01
.3337676E-01
.3594937E-01
.3834432E-01
.4132546E-01
.4346214E-01
.4268454E-01
.3990228E-01
.3823120E-01
.3747751E-01
.3280221E-01
.2418927E-01
.1503634E-01
.3755207E-02
-.9917708E-02
-.2362204E-01
-.3535765E-01
-.4314688E-01
-.4709139E-01
-.4800852E-01
-.4735042E-01
-.4578325E-01
-.4202781E-01
-.3725325E-01
-.3336505E-01
-.3113724E-01
-.3079453E-01
-.3125427E-01
-.3310083E-01
-.3699187E-01
-.4288694E-01
-.4948421E-01
-.5348864E-01
-.5710028E-01
-.6146163E-01
-.6312870E-01
-.6328770E-01
-.6319203E-01
-.6286092E-01
-.6308274E-01
-.6332072E-01
-.6257058E-01
-.6131759E-01
-.6134097E-01
-.6218251E-01
-.6177995E-01
-.6102504E-01
-.6296127E-01
-.6610859E-01
-.6846420E-01
-.7046978E-01
-.7228788E-01
-.7530387E-01
-.7773921E-01
-.7724931E-01
-.7503519E-01
-.7199372E-01
-.6775995E-01
-.6148885E-01
-.5363194E-01
-.4563563E-01
-.3743578E-01
-.2820691E-01
-.1788891E-01
-.7544634E-02
.1671059E-03
.6445467E-02
.1378555E-01
.2080256E-01
.2857872E-01
.3694586E-01
.4610317E-01
.5594560E-01
.6242589E-01
.6750866E-01
.7080750E-01
.7408432E-01
.8201955E-01
.8986789E-01
.9535059E-01
.9688620E-01
.9782109E-01
.1020862E+00
.1050939E+00
.1072350E+00
.1073963E+00
.1043395E+00
.9982823E-01
.9487324E-01
.9133434E-01
.8875918E-01
.8696453E-01
.8504855E-01
.8324873E-01
.8295268E-01
.8280711E-01
.8212529E-01
.8169855E-01
.8106684E-01
.7893017E-01
.7443996E-01
.6641930E-01
.5553801E-01
.4308380E-01
.2842044E-01
.1309754E-01
.3647209E-03
-.1036749E-01
-.2106574E-01
-.3101550E-01
-.3914672E-01
-.4507740E-01
-.5039544E-01
-.5567946E-01
-.5775643E-01
-.5712580E-01
-.5412594E-01
-.4683611E-01
-.3813079E-01
-.2700926E-01
-.1398792E-01
-.3207134E-02
.7255660E-02
.1511463E-01
.1955981E-01
.2262084E-01
.2417313E-01
.2258860E-01
.1422609E-01
.4390895E-02
-.5596526E-02
-.1791270E-01
-.2827301E-01
-.3620623E-01
-.4048919E-01
-.4145687E-01
-.4193820E-01
-.4065858E-01
-.3716198E-01
-.3208391E-01
-.2494186E-01
-.1587756E-01
-.4407575E-02
.8776013E-02
.2114244E-01
.3169985E-01
.3915434E-01
.4210300E-01
.4234584E-01
.4272666E-01
.4310997E-01
.4340539E-01
.4409604E-01
.4321081E-01
.3959167E-01
.3465212E-01
.2849333E-01
.1898628E-01
.7339979E-02
-.4711207E-02
-.1699664E-01
-.2750151E-01
-.3456819E-01
-.3749711E-01
-.3879142E-01
-.4007667E-01
-.3831530E-01
-.3270284E-01
-.2520818E-01
-.1704058E-01
-.7683246E-02
.1350225E-02
.6731217E-02
.8528574E-02
.7650573E-02
.4752647E-02
.5302538E-03
-.4415426E-02
-.6865759E-02
-.4455022E-02
.1696223E-02
.9429589E-02
.1755196E-01
.2500825E-01
.3036897E-01
.3512689E-01
.3910759E-01
.3848574E-01
.3475091E-01
.3102390E-01
.2629356E-01
.2094422E-01
.1569369E-01
.1066689E-01
.7392184E-02
.4508975E-02
-.2241800E-03
-.5557480E-02
-.9918742E-02
-.1317937E-01
-.1631583E-01
-.2070347E-01
-.2603816E-01
-.3151069E-01
-.3776422E-01
-.4436186E-01
-.4978634E-01
-.5416510E-01
-.5735803E-01
-.5827069E-01
-.5694604E-01
-.5398800E-01
-.5108773E-01
-.5047154E-01
-.5112647E-01
-.5113602E-01
-.5039151E-01
-.4951219E-01
-.4923969E-01
-.4919321E-01
-.4950724E-01
-.5083824E-01
-.5265896E-01
-.5310987E-01
-.5178830E-01
-.4922014E-01
-.4374445E-01
-.3723047E-01
-.3087131E-01
-.2288429E-01
-.1475468E-01
-.6900440E-02
-.3949680E-03
.4208687E-02
.8889081E-02
.1354380E-01
.1779502E-01
.2123020E-01
.2442932E-01
.2803793E-01
.3033869E-01
.2962877E-01
.2603740E-01
.2061947E-01
.1380195E-01
.5775103E-02
-.2525541E-02
-.9478625E-02
-.1449097E-01
-.1683415E-01
-.1590868E-01
-.1292226E-01
-.9965815E-02
-.8262391E-02
-.6652242E-02
-.4670114E-02
-.2993892E-02
-.2454283E-02
-.2583792E-02
-.1560912E-02
-.9308016E-03
-.5885029E-03
.1239445E-02
.2629519E-02
.4168028E-02
.7301363E-02
.1100584E-01
.1451046E-01
.1778638E-01
.2235998E-01
.2793205E-01
.3262964E-01
.3573200E-01
.3786801E-01
.4059318E-01
.4387749E-01
.4740225E-01
.5038453E-01
.5317328E-01
.5578253E-01
.5647025E-01
.5731381E-01
.5781364E-01
.5680666E-01
.5726800E-01
.5936469E-01
.6127706E-01
.6096223E-01
.5918183E-01
.5663996E-01
.5215769E-01
.4681008E-01
.4080571E-01
.3466815E-01
.2879503E-01
.2309856E-01
.1790071E-01
.1333307E-01
.1083242E-01
.8843741E-02
.6118865E-02
.4124210E-02
.3237923E-02
.3825949E-02
.3833778E-02
.2065391E-02
.7261176E-04
-.1740824E-02
-.4190577E-02
-.8162391E-02
-.1154461E-01
-.1255764E-01
-.1256430E-01
-.1348253E-01
-.1553990E-01
-.1652479E-01
-.1590501E-01
-.1509879E-01
-.1549287E-01
-.1720913E-01
-.1868509E-01
-.1905846E-01
-.1891265E-01
-.1968724E-01
-.2104758E-01
-.2314782E-01
-.2670932E-01
-.3003402E-01
-.3291726E-01
-.3463254E-01
-.3452359E-01
-.3278126E-01
-.2881134E-01
-.2493232E-01
-.2233643E-01
-.2033368E-01
-.1833904E-01
-.1684800E-01
-.1696576E-01
-.1628871E-01
-.1440137E-01
-.1280222E-01
-.1126680E-01
-.9397425E-02
-.6761928E-02
-.5011648E-02
-.3783801E-02
-.1227997E-02
.1339819E-02
.3105884E-02
.4624866E-02
.6902977E-02
.9583186E-02
.1190780E-01
.1416338E-01
.1599588E-01
.1806581E-01
.1940142E-01
.1876637E-01
.1772975E-01
.1698787E-01
.1683892E-01
.1632688E-01
.1405366E-01
.1110613E-01
.8855512E-02
.8256456E-02
.9589368E-02
.1295936E-01
.1835122E-01
.2405937E-01
.2920147E-01
.3307889E-01
.3422886E-01
.3386138E-01
.3294680E-01
.3039718E-01
.2688879E-01
.2320563E-01
.1878632E-01
.1428534E-01
.1059186E-01
.6949725E-02
.3767866E-02
.2543212E-02
.1134463E-02
-.1001982E-02
-.1049135E-02
-.4231402E-03
-.1326096E-02
-.2661279E-02
-.3111514E-02
-.3205759E-02
-.2782829E-02
-.1421011E-02
-.9942549E-03
-.1759735E-02
-.3878355E-02
-.7583245E-02
-.1213636E-01
-.1886478E-01
-.2679779E-01
-.3294253E-01
-.3716545E-01
-.4098593E-01
-.4419187E-01
-.4603132E-01
-.4658256E-01
-.4597841E-01
-.4571259E-01
-.4613516E-01
-.4655191E-01
-.4717754E-01
-.4754198E-01
-.4684753E-01
-.4557062E-01
-.4413112E-01
-.4176244E-01
-.3860467E-01
-.3531632E-01
-.3224664E-01
-.2918380E-01
-.2580663E-01
-.2208715E-01
-.1965131E-01
-.1934775E-01
-.1993697E-01
-.2182602E-01
-.2317068E-01
-.2364317E-01
-.2485438E-01
-.2504777E-01
-.2312303E-01
-.1954459E-01
-.1641810E-01
-.1357073E-01
-.1014131E-01
-.6718546E-02
-.3018834E-02
-.3744401E-03
.1525806E-02
.3417211E-02
.4564702E-02
.4709204E-02
.3364719E-02
.1645118E-03
-.5503886E-02
-.1250119E-01
-.1843782E-01
-.2265820E-01
-.2620228E-01
-.2849387E-01
-.2698525E-01
-.2289314E-01
-.1824014E-01
-.1223029E-01
-.6342534E-02
-.1964451E-02
.2144063E-02
.5201831E-02
.6275340E-02
.6209680E-02
.6019994E-02
.6161792E-02
.5929800E-02
.5149661E-02
.3530442E-02
.1798508E-02
.5260628E-03
-.1893992E-02
-.4110699E-02
-.5356307E-02
-.7762484E-02
-.1123955E-01
-.1458092E-01
-.1660304E-01
-.1787250E-01
-.1964622E-01
-.2154640E-01
-.2278240E-01
-.2259247E-01
-.2231009E-01
-.2232480E-01
-.2153611E-01
-.2054322E-01
-.1911555E-01
-.1736927E-01
-.1690866E-01
-.1774633E-01
-.1855910E-01
-.1946316E-01
-.2184553E-01
-.2600367E-01
-.3091650E-01
-.3472506E-01
-.3639756E-01
-.3838943E-01
-.4105025E-01
-.4193734E-01
-.4123722E-01
-.3914529E-01
-.3646642E-01
-.3206164E-01
-.2398746E-01
-.1479851E-01
-.5908701E-02
.2069978E-02
.8525678E-02
.1391766E-01
.1778706E-01
.2089475E-01
.2367522E-01
.2568614E-01
.2754337E-01
.2912103E-01
.3056165E-01
.3285978E-01
.3404896E-01
.3280630E-01
.3140362E-01
.3015754E-01
.2879407E-01
.2748379E-01
.2688387E-01
.2849930E-01
.3100896E-01
.3400706E-01
.3738077E-01
.4017693E-01
.4334110E-01
.4569318E-01
.4640448E-01
.4650704E-01
.4513664E-01
.4255731E-01
.3944729E-01
.3356131E-01
.2583795E-01
.1916666E-01
.1297613E-01
.7836719E-02
.3707404E-02
-.4481852E-04
-.2161099E-02
-.3795870E-02
-.5856804E-02
-.6637831E-02
-.5643966E-02
-.3346389E-02
.4113743E-03
.4753095E-02
.8688824E-02
.1248022E-01
.1586478E-01
.1825809E-01
.1979042E-01
.2017552E-01
.1933002E-01
.1937875E-01
.2127597E-01
.2318201E-01
.2472535E-01
.2618437E-01
.2791647E-01
.3016293E-01
.3096105E-01
.3077186E-01
.3149648E-01
.3240491E-01
.3304523E-01
.3394606E-01
.3521069E-01
.3694820E-01
.3906923E-01
.4082057E-01
.4288566E-01
.4479899E-01
.4434359E-01
.4277395E-01
.4112011E-01
.3785142E-01
.3379026E-01
.3002461E-01
.2654489E-01
.2389539E-01
.2217340E-01
.2195050E-01
.2227090E-01
.2227429E-01
.2325152E-01
.2515681E-01
.2723223E-01
.2890093E-01
.3054615E-01
.3226333E-01
.3294749E-01
.3208840E-01
.3015968E-01
.2831596E-01
.2666295E-01
.2512721E-01
.2374861E-01
.2214727E-01
.1990172E-01
.1697065E-01
.1424495E-01
.1124836E-01
.6991850E-02
.2601190E-02
-.9289982E-03
-.4808397E-02
-.9584960E-02
-.1465800E-01
-.1876365E-01
-.2002823E-01
-.1929149E-01
-.1755948E-01
-.1428259E-01
-.9984577E-02
-.5377913E-02
-.1039794E-02
.1735858E-02
.2631708E-02
.2619633E-02
.1021307E-02
-.2631934E-02
-.7295990E-02
-.1260737E-01
-.1789158E-01
-.2313935E-01
-.2891540E-01
-.3383317E-01
-.3678002E-01
-.3907900E-01
-.4118053E-01
-.4169793E-01
-.4140134E-01
-.4218960E-01
-.4347321E-01
-.4374442E-01
-.4224154E-01
-.3866507E-01
-.3437140E-01
-.2953150E-01
-.2402656E-01
-.1913517E-01
-.1411056E-01
-.9233138E-02
-.4474947E-02
.6231437E-03
.5183809E-02
.8290242E-02
.9008090E-02
.8362441E-02
.6776133E-02
.4042454E-02
.4431025E-03
-.3086706E-02
-.6152552E-02
-.9732395E-02
-.1335856E-01
-.1662502E-01
-.1928376E-01
-.2061878E-01
-.2016322E-01
-.1828793E-01
-.1596045E-01
-.1300394E-01
-.9335175E-02
-.5926564E-02
-.3478372E-02
-.1837124E-02
.2421780E-03
.4556553E-02
.1054956E-01
.1562921E-01
.1953021E-01
.2406946E-01
.2907091E-01
.3260636E-01
.3366982E-01
.3253211E-01
.3018033E-01
.2735113E-01
.2352586E-01
.1885634E-01
.1570206E-01
.1377661E-01
.1197052E-01
.1101144E-01
.9360725E-02
.8269799E-02
.8706232E-02
.8916413E-02
.1006850E-01
.1086830E-01
.1085055E-01
.1203473E-01
.1401079E-01
.1604209E-01
.1719828E-01
.1762156E-01
.1712217E-01
.1507369E-01
.1196530E-01
.8024924E-02
.4909092E-02
.3117755E-02
.1633312E-02
.7210791E-03
.1466296E-03
-.4833871E-03
-.1628929E-02
-.3499775E-02
-.6565917E-02
-.1111174E-01
-.1614330E-01
-.2213770E-01
-.2842179E-01
-.3424607E-01
-.4030034E-01
-.4441830E-01
-.4527425E-01
-.4425059E-01
-.4227328E-01
-.3976206E-01
-.3710214E-01
-.3441080E-01
-.3145162E-01
-.2802271E-01
-.2431573E-01
-.2087513E-01
-.1783233E-01
-.1456315E-01
-.1154554E-01
-.9159203E-02
-.6761610E-02
-.5138097E-02
-.3574906E-02
-.2003843E-02
-.1855339E-02
-.1696825E-02
-.9135632E-03
.4257599E-03
.2491838E-02
.4550291E-02
.5457872E-02
.5472729E-02
.5883394E-02
.5903832E-02
.5793550E-02
.6941968E-02
.9860740E-02
.1359972E-01
.1667219E-01
.1960486E-01
.2254327E-01
.2481055E-01
.2642458E-01
.2793125E-01
.2883686E-01
.2885109E-01
.2921636E-01
.2852050E-01
.2629401E-01
.2427560E-01
.2135486E-01
.1680282E-01
.1111274E-01
.5179433E-02
-.9450559E-04
-.4853618E-02
-.9266787E-02
-.1223702E-01
-.1292889E-01
-.1354950E-01
-.1445588E-01
-.1517734E-01
-.1604963E-01
-.1609491E-01
-.1655189E-01
-.1740971E-01
-.1789070E-01
-.1885761E-01
-.2025685E-01
-.2240222E-01
-.2452013E-01
-.2560645E-01
-.2600804E-01
-.2570596E-01
-.2463873E-01
-.2320947E-01
-.2202125E-01
-.2126557E-01
-.2161032E-01
-.2267780E-01
-.2315236E-01
-.2389762E-01
-.2502133E-01
-.2583333E-01
-.2675569E-01
-.2752782E-01
-.2785403E-01
-.2789982E-01
-.2770579E-01
-.2684980E-01
-.2580806E-01
-.2504032E-01
-.2473483E-01
-.2502827E-01
-.2446102E-01
-.2355299E-01
-.2262712E-01
-.2162674E-01
-.2086479E-01
-.1914088E-01
-.1651171E-01
-.1321152E-01
-.1094827E-01
-.9404721E-02
-.6670774E-02
-.4338779E-02
-.3550621E-02
-.3882636E-02
-.3991175E-02
-.4095497E-02
-.4730484E-02
-.5496351E-02
-.6391591E-02
-.6477353E-02
-.5399218E-02
-.3263617E-02
-.1165849E-02
.5869442E-03
.2754731E-02
.4856968E-02
.7103717E-02
.9655172E-02
.1296895E-01
.1719313E-01
.2159363E-01
.2572857E-01
.2940020E-01
.3347505E-01
.3689720E-01
.3896408E-01
.4126015E-01
.4323937E-01
.4465875E-01
.4470873E-01
.4298755E-01
.4175108E-01
.4021837E-01
.3726707E-01
.3395300E-01
.3047566E-01
.2614730E-01
.2244449E-01
.2096048E-01
.2040095E-01
.2143022E-01
.2288711E-01
.2378140E-01
.2625628E-01
.2839495E-01
.2964367E-01
.3105483E-01
.3217857E-01
.3285868E-01
.3257805E-01
.3233599E-01
.3236826E-01
.3211863E-01
.3110390E-01
.2872038E-01
.2609743E-01
.2354761E-01
.2015717E-01
.1533016E-01
.9629675E-02
.3923457E-02
-.1803037E-02
-.6651770E-02
-.1063972E-01
-.1386925E-01
-.1563257E-01
-.1723289E-01
-.1887050E-01
-.1916219E-01
-.1828914E-01
-.1685583E-01
-.1514447E-01
-.1398056E-01
-.1296506E-01
-.1192422E-01
-.1191752E-01
-.1187259E-01
-.1114539E-01
-.1049896E-01
-.1027869E-01
-.1050256E-01
-.1067381E-01
-.1102518E-01
-.1157200E-01
-.1203779E-01
-.1216786E-01
-.1231195E-01
-.1372295E-01
-.1620252E-01
-.1928752E-01
-.2290201E-01
-.2701530E-01
-.3107885E-01
-.3421949E-01
-.3705335E-01
-.3954465E-01
-.4152054E-01
-.4313054E-01
-.4398293E-01
-.4477259E-01
-.4590662E-01
-.4709282E-01
-.4779605E-01
-.4755581E-01
-.4708358E-01
-.4690998E-01
-.4649172E-01
-.4559215E-01
-.4426476E-01
-.4233355E-01
-.4013481E-01
-.3790416E-01
-.3586565E-01
-.3347108E-01
-.3036676E-01
-.2729946E-01
-.2405968E-01
-.2075139E-01
-.1730051E-01
-.1393499E-01
-.1129742E-01
-.9053405E-02
-.7460859E-02
-.6038347E-02
-.4083722E-02
-.2273165E-02
-.9114704E-03
.4175338E-03
.1562882E-02
.2135657E-02
.2332018E-02
.2308804E-02
.2493166E-02
.3233988E-02
.3894285E-02
.5077829E-02
.8805294E-02
.1446269E-01
.2021793E-01
.2623191E-01
.3228856E-01
.3785028E-01
.4213780E-01
.4466712E-01
.4671603E-01
.4850292E-01
.4958067E-01
.4942045E-01
.4765682E-01
.4506912E-01
.4282692E-01
.4167283E-01
.4087246E-01
.3977411E-01
.3900070E-01
.3891017E-01
.3843219E-01
.3745623E-01
.3626227E-01
.3456798E-01
.3329392E-01
.3263755E-01
.3222601E-01
.3208202E-01
.3251317E-01
.3324694E-01
.3396016E-01
.3468914E-01
.3408475E-01
.3162591E-01
.2813549E-01
.2422661E-01
.2015943E-01
.1619007E-01
.1324952E-01
.1153771E-01
.9722787E-02
.7175017E-02
.4219233E-02
.8142756E-03
-.2581717E-02
-.6237943E-02
-.1087075E-01
-.1580635E-01
-.2050602E-01
-.2495558E-01
-.2891144E-01
-.3181272E-01
-.3419945E-01
-.3595374E-01
-.3597232E-01
-.3526612E-01
-.3414816E-01
-.3289450E-01
-.3191480E-01
-.3078474E-01
-.3086870E-01
-.3216851E-01
-.3386412E-01
-.3580697E-01
-.3763669E-01
-.3944543E-01
-.4081716E-01
-.4210253E-01
-.4332256E-01
-.4390520E-01
-.4437889E-01
-.4495042E-01
-.4617070E-01
-.4764596E-01
-.4817162E-01
-.4873535E-01
-.4905500E-01
-.4883434E-01
-.4858017E-01
-.4702063E-01
-.4505697E-01
-.4288815E-01
-.4008952E-01
-.3686633E-01
-.3181340E-01
-.2551642E-01
-.1772975E-01
-.8363495E-02
.1176904E-02
.1126566E-01
.2073209E-01
.2851662E-01
.3544345E-01
.4200565E-01
.4867605E-01
.5475810E-01
.5874608E-01
.6085149E-01
.6252414E-01
.6393537E-01
.6489141E-01
.6455207E-01
.6313728E-01
.6239758E-01
.6100289E-01
.5928096E-01
.5733031E-01
.5347259E-01
.4925835E-01
.4490722E-01
.3963973E-01
.3430738E-01
.2946321E-01
.2465846E-01
.2030673E-01
.1689659E-01
.1399184E-01
.1099291E-01
.7604497E-02
.4723613E-02
.2508862E-02
.1030391E-02
.7273854E-03
.1280529E-02
.1879804E-02
.1660665E-02
.6125988E-03
-.7370663E-03
-.2155808E-02
-.4122636E-02
-.6543077E-02
-.8731735E-02
-.1025967E-01
-.1139826E-01
-.1209029E-01
-.1168241E-01
-.1076995E-01
-.8816929E-02
-.6093342E-02
-.4388093E-02
-.2525505E-02
.1179491E-03
.3159615E-02
.7016518E-02
.9850158E-02
.1184152E-01
.1395162E-01
.1459697E-01
.1419141E-01
.1263010E-01
.1063881E-01
.8558724E-02
.5922485E-02
.4091387E-02
.2492690E-02
.2016689E-02
.2406574E-02
.2374046E-02
.1849741E-02
.3299856E-03
-.4035812E-03
-.1311544E-02
-.3108882E-02
-.3874631E-02
-.4421792E-02
-.4537668E-02
-.3712799E-02
-.2747980E-02
-.1482589E-02
-.1670668E-03
.9943791E-03
.2246827E-02
.3597505E-02
.5430856E-02
.7769832E-02
.9980058E-02
.1206955E-01
.1418379E-01
.1622374E-01
.1816706E-01
.1956533E-01
.2076916E-01
.2168966E-01
.2176361E-01
.2203619E-01
.2222106E-01
.2151992E-01
.2071139E-01
.1967730E-01
.1865216E-01
.1821162E-01
.1739772E-01
.1585430E-01
.1387247E-01
.1152047E-01
.8520189E-02
.4776126E-02
.1156572E-02
-.1712274E-02
-.3431141E-02
-.4349147E-02
-.4978789E-02
-.4871443E-02
-.3891193E-02
-.2401315E-02
-.1218883E-02
-.1003217E-02
-.1215210E-02
-.8756817E-03
-.8556585E-03
-.2302436E-02
-.4589303E-02
-.7228203E-02
-.9102076E-02
-.1036752E-01
-.1222221E-01
-.1385924E-01
-.1456538E-01
-.1417348E-01
-.1345013E-01
-.1256246E-01
-.1100342E-01
-.9654791E-02
-.9085893E-02
-.9504658E-02
-.1010618E-01
-.1020592E-01
-.1063378E-01
-.1136718E-01
-.1293721E-01
-.1554527E-01
-.1742520E-01
-.1926371E-01
-.2185796E-01
-.2396520E-01
-.2575474E-01
-.2697498E-01
-.2812679E-01
-.3013229E-01
-.3192793E-01
-.3302856E-01
-.3373561E-01
-.3466892E-01
-.3549132E-01
-.3592446E-01
-.3639722E-01
-.3632303E-01
-.3602299E-01
-.3597293E-01
-.3614994E-01
-.3650947E-01
-.3649371E-01
-.3620462E-01
-.3583425E-01
-.3563903E-01
-.3551695E-01
-.3510143E-01
-.3455220E-01
-.3342720E-01
-.3206942E-01
-.3083640E-01
-.2929959E-01
-.2767034E-01
-.2577719E-01
-.2365800E-01
-.2142806E-01
-.1875653E-01
-.1587313E-01
-.1322064E-01
-.1118253E-01
-.9399238E-02
-.7703346E-02
-.6418340E-02
-.5110219E-02
-.4144000E-02
-.3932303E-02
-.3673470E-02
-.2984668E-02
-.2472727E-02
-.2151140E-02
-.1879310E-02
-.2171637E-02
-.2484024E-02
-.3227657E-02
-.4567494E-02
-.5531563E-02
-.6594357E-02
-.7002427E-02
-.6298529E-02
-.4842572E-02
-.2419686E-02
.7582869E-03
.4485705E-02
.7548168E-02
.1001478E-01
.1237885E-01
.1449910E-01
.1686698E-01
.1908103E-01
.2098561E-01
.2210718E-01
.2233117E-01
.2222085E-01
.2196733E-01
.2134916E-01
.1962034E-01
.1757662E-01
.1565505E-01
.1330525E-01
.1062767E-01
.7467755E-02
.3960382E-02
.9489601E-03
-.1652115E-02
-.4485813E-02
-.6895765E-02
-.8347045E-02
-.9076746E-02
-.9413451E-02
-.9192490E-02
-.8291052E-02
-.6184256E-02
-.2634957E-02
.8895499E-03
.4680995E-02
.7981061E-02
.9907269E-02
.1156917E-01
.1237490E-01
.1305993E-01
.1402589E-01
.1477439E-01
.1620606E-01
.1837312E-01
.2057215E-01
.2249259E-01
.2420558E-01
.2580278E-01
.2779620E-01
.3003705E-01
.3190107E-01
.3323621E-01
.3415888E-01
.3510578E-01
.3612716E-01
.3701456E-01
.3743555E-01
.3764062E-01
.3803032E-01
.3821406E-01
.3800174E-01
.3782800E-01
.3801670E-01
.3835519E-01
.3901757E-01
.3956899E-01
.3976173E-01
.4031089E-01
.4077071E-01
.4053230E-01
.3992147E-01
.3934794E-01
.3795720E-01
.3601390E-01
.3379106E-01
.3060014E-01
.2800033E-01
.2558112E-01
.2263144E-01
.1990003E-01
.1703902E-01
.1461461E-01
.1256955E-01
.1047425E-01
.8215015E-02
.6015574E-02
.4323789E-02
.2720915E-02
.1350759E-02
.1688983E-03
-.8505373E-03
-.1216944E-02
-.1409671E-02
-.2400345E-02
-.3912493E-02
-.5260433E-02
-.6953553E-02
-.9020934E-02
-.1079892E-01
-.1193075E-01
-.1238605E-01
-.1241686E-01
-.1223550E-01
-.1148463E-01
-.1035973E-01
-.9530767E-02
-.8469101E-02
-.7301054E-02
-.6441341E-02
-.5596438E-02
-.4550441E-02
-.3255985E-02
-.2071723E-02
-.6316817E-03
.1401833E-02
.3472117E-02
.5106128E-02
.6076362E-02
.6213575E-02
.5828826E-02
.5777599E-02
.6433385E-02
.7641947E-02
.9242241E-02
.1120175E-01
.1342629E-01
.1538214E-01
.1652659E-01
.1710655E-01
.1784128E-01
.1854442E-01
.1854062E-01
.1813332E-01
.1772770E-01
.1724450E-01
.1629361E-01
.1432826E-01
.1206074E-01
.9982933E-02
.7035861E-02
.3618348E-02
.1147089E-02
-.1130671E-02
-.4213476E-02
-.6875031E-02
-.8705393E-02
-.1087571E-01
-.1338369E-01
-.1648381E-01
-.1983309E-01
-.2194569E-01
-.2353895E-01
-.2490153E-01
-.2531378E-01
-.2531097E-01
-.2516121E-01
-.2480054E-01
-.2418427E-01
-.2355538E-01
-.2271257E-01
-.2145302E-01
-.2029203E-01
-.1892693E-01
-.1731071E-01
-.1554650E-01
-.1355233E-01
-.1231155E-01
-.1216621E-01
-.1226903E-01
-.1257229E-01
-.1334630E-01
-.1458554E-01
-.1649123E-01
-.1862725E-01
-.2078809E-01
-.2279462E-01
-.2436982E-01
-.2573358E-01
-.2661408E-01
-.2730714E-01
-.2774510E-01
-.2810045E-01
-.2906312E-01
-.2957747E-01
-.2963892E-01
-.2967835E-01
-.2911459E-01
-.2843744E-01
-.2789454E-01
-.2747731E-01
-.2716671E-01
-.2648099E-01
-.2613712E-01
-.2653733E-01
-.2755049E-01
-.2878586E-01
-.2949131E-01
-.3037219E-01
-.3137030E-01
-.3221235E-01
-.3257756E-01
-.3178226E-01
-.3083052E-01
-.2981549E-01
-.2832720E-01
-.2638820E-01
-.2398487E-01
-.2192679E-01
-.2004779E-01
-.1779266E-01
-.1556060E-01
-.1313830E-01
-.1030046E-01
-.7793124E-02
-.5461157E-02
-.3168979E-02
-.1755890E-02
-.8394196E-03
-.4263894E-04
.4030810E-03
.3606664E-03
.8225385E-04
.5526936E-03
.1469895E-02
.2473706E-02
.3804482E-02
.5130392E-02
.6700174E-02
.8681355E-02
.1046846E-01
.1163005E-01
.1294330E-01
.1426568E-01
.1432734E-01
.1412736E-01
.1397314E-01
.1303599E-01
.1250562E-01
.1203232E-01
.1081196E-01
.9595429E-02
.7871492E-02
.6084998E-02
.4554286E-02
.2655596E-02
.1034092E-02
-.4277688E-03
-.1799696E-02
-.3337946E-02
-.5173358E-02
-.7065433E-02
-.9642046E-02
-.1222295E-01
-.1439264E-01
-.1560871E-01
-.1533822E-01
-.1425769E-01
-.1179510E-01
-.8744625E-02
-.6290349E-02
-.3927903E-02
-.1635168E-02
.5632190E-03
.2221406E-02
.3104371E-02
.3622841E-02
.3532313E-02
.3029067E-02
.2678936E-02
.2236568E-02
.1842814E-02
.1975808E-02
.2605990E-02
.3430108E-02
.4123569E-02
.4887026E-02
.5552858E-02
.5923475E-02
.6063405E-02
.5685470E-02
.5246795E-02
.5170337E-02
.5572533E-02
.6199113E-02
.6514004E-02
.7060734E-02
.8167213E-02
.9442763E-02
.1020904E-01
.1029068E-01
.1042061E-01
.1019840E-01
.9215091E-02
.7879526E-02
.5873290E-02
.4016955E-02
.3053103E-02
.2051989E-02
.1214170E-02
.1068429E-02
.1468068E-02
.1905929E-02
.1994516E-02
.1901662E-02
.1164550E-02
.2159968E-03
-.4498437E-03
-.1087766E-02
-.3813980E-03
.1645933E-02
.3607251E-02
.6192417E-02
.9120075E-02
.1123823E-01
.1328965E-01
.1493837E-01
.1563340E-01
.1654571E-01
.1740713E-01
.1730793E-01
.1692368E-01
.1667890E-01
.1637748E-01
.1619324E-01
.1614514E-01
.1607162E-01
.1634291E-01
.1710786E-01
.1767903E-01
.1799027E-01
.1785709E-01
.1708605E-01
.1620136E-01
.1514294E-01
.1392190E-01
.1228932E-01
.1075959E-01
.9788692E-02
.8524536E-02
.7242094E-02
.5756838E-02
.4359663E-02
.3277762E-02
.1523325E-02
-.2396055E-03
-.2498917E-02
-.5100185E-02
-.7143752E-02
-.9500663E-02
-.1166042E-01
-.1397736E-01
-.1611752E-01
-.1772742E-01
-.2006754E-01
-.2223717E-01
-.2431889E-01
-.2652962E-01
-.2841480E-01
-.3004955E-01
-.3132897E-01
-.3257814E-01
-.3309505E-01
-.3310676E-01
-.3326804E-01
-.3333173E-01
-.3349816E-01
-.3355863E-01
-.3345658E-01
-.3366802E-01
-.3397394E-01
-.3401132E-01
-.3434263E-01
-.3415086E-01
-.3257366E-01
-.3100287E-01
-.3012416E-01
-.2911677E-01
-.2755786E-01
-.2552867E-01
-.2303390E-01
-.2098214E-01
-.1941482E-01
-.1798521E-01
-.1675769E-01
-.1531699E-01
-.1367022E-01
-.1107897E-01
-.7988282E-02
-.4923565E-02
-.1891830E-02
.1235219E-03
.1406838E-02
.2054909E-02
.2214107E-02
.2263175E-02
.2404127E-02
.2624169E-02
.2579957E-02
.3285638E-02
.4339660E-02
.5380655E-02
.7386829E-02
.9193737E-02
.1122043E-01
.1457438E-01
.1739362E-01
.1921908E-01
.2126887E-01
.2295606E-01
.2416240E-01
.2567779E-01
.2654811E-01
.2801474E-01
.3085817E-01
.3220203E-01
.3303421E-01
.3466330E-01
.3548233E-01
.3635209E-01
.3726595E-01
.3775483E-01
.3864307E-01
.3918975E-01
.4011109E-01
.4108578E-01
.4121584E-01
.4175445E-01
.4207041E-01
.4239215E-01
.4295246E-01
.4300667E-01
.4298975E-01
.4263204E-01
.4222718E-01
.4174913E-01
.4048212E-01
.3897347E-01
.3764905E-01
.3663238E-01
.3557948E-01
.3407501E-01
.3257591E-01
.3074504E-01
.2828800E-01
.2546181E-01
.2269790E-01
.2026075E-01
.1788746E-01
.1639700E-01
.1556028E-01
.1486548E-01
.1458126E-01
.1423441E-01
.1402257E-01
.1357439E-01
.1255449E-01
.1128339E-01
.9755898E-02
.8263997E-02
.6888350E-02
.5736288E-02
.4646453E-02
.3437410E-02
.2463672E-02
.1461505E-02
.2335988E-03
-.1150779E-02
-.3133363E-02
-.4955268E-02
-.6206457E-02
-.7685441E-02
-.8692750E-02
-.9188067E-02
-.9748952E-02
-.9826530E-02
-.9814537E-02
-.1028837E-01
-.1121657E-01
-.1248876E-01
-.1358384E-01
-.1434076E-01
-.1475568E-01
-.1529346E-01
-.1556435E-01
-.1415128E-01
-.1219830E-01
-.1013884E-01
-.7406573E-02
-.4980362E-02
-.2746422E-02
-.5261224E-03
.1221770E-02
.2286211E-02
.3012258E-02
.3191346E-02
.2586388E-02
.1918733E-02
.1039079E-02
.3010004E-03
.1858047E-03
.3921889E-03
.1099343E-02
.2286087E-02
.3588046E-02
.5081168E-02
.6761765E-02
.8014426E-02
.8589159E-02
.9030536E-02
.9540754E-02
.9628041E-02
.1003910E-01
.1051583E-01
.1015665E-01
.1028584E-01
.1057407E-01
.1077117E-01
.1182390E-01
.1308723E-01
.1408986E-01
.1502589E-01
.1603661E-01
.1682571E-01
.1729945E-01
.1756766E-01
.1802193E-01
.1876562E-01
.1898995E-01
.1880698E-01
.1873134E-01
.1879393E-01
.1887591E-01
.1890170E-01
.1881614E-01
.1870783E-01
.1855215E-01
.1777671E-01
.1674973E-01
.1567429E-01
.1437040E-01
.1312850E-01
.1143114E-01
.9494480E-02
.7637851E-02
.5545004E-02
.3331920E-02
.1352291E-02
-.3087744E-03
-.2042440E-02
-.3448909E-02
-.4698627E-02
-.6123075E-02
-.7529586E-02
-.9189771E-02
-.1071249E-01
-.1189680E-01
-.1281451E-01
-.1348153E-01
-.1406707E-01
-.1467201E-01
-.1534155E-01
-.1578296E-01
-.1641125E-01
-.1773721E-01
-.1907517E-01
-.2016102E-01
-.2096492E-01
-.2101169E-01
-.2090866E-01
-.2099772E-01
-.2052430E-01
-.1980044E-01
-.1964522E-01
-.1953916E-01
-.1949706E-01
-.1998330E-01
-.1972560E-01
-.1916720E-01
-.1890834E-01
-.1802009E-01
-.1746399E-01
-.1708222E-01
-.1633394E-01
-.1573542E-01
-.1520733E-01
-.1431239E-01
-.1307277E-01
-.1239060E-01
-.1170098E-01
-.1114350E-01
-.1092808E-01
-.1021993E-01
-.1014922E-01
-.1085486E-01
-.1166827E-01
-.1261719E-01
-.1351333E-01
-.1469568E-01
-.1607118E-01
-.1763137E-01
-.1930001E-01
-.2079934E-01
-.2244186E-01
-.2379821E-01
-.2506467E-01
-.2644490E-01
-.2746361E-01
-.2838855E-01
-.2924405E-01
-.2971882E-01
-.2959430E-01
-.2943019E-01
-.2952478E-01
-.2968408E-01
-.2994938E-01
-.2984071E-01
-.2968545E-01
-.2985419E-01
-.2985853E-01
-.2964346E-01
-.2895104E-01
-.2777278E-01
-.2676644E-01
-.2593743E-01
-.2505818E-01
-.2442415E-01
-.2435248E-01
-.2473364E-01
-.2515423E-01
-.2536097E-01
-.2537384E-01
-.2565938E-01
-.2614028E-01
-.2612641E-01
-.2596022E-01
-.2549664E-01
-.2448122E-01
-.2372236E-01
-.2281864E-01
-.2157888E-01
-.2039508E-01
-.1909448E-01
-.1802318E-01
-.1709815E-01
-.1610963E-01
-.1501281E-01
-.1405287E-01
-.1330984E-01
-.1198241E-01
-.1027188E-01
-.8274845E-02
-.6164000E-02
-.4390746E-02
-.2715637E-02
-.1290973E-02
-.5021533E-03
-.6485711E-03
-.6876135E-03
-.6378600E-03
-.7376687E-03
-.3428989E-03
-.7225690E-03
-.1109091E-02
-.1143362E-02
-.1670278E-02
-.1744312E-02
-.1585924E-02
-.9946965E-03
.1542813E-03
.1174156E-02
.1996578E-02
.2577782E-02
.3272068E-02
.4026792E-02
.4460057E-02
.4679419E-02
.4714840E-02
.4515252E-02
.3955806E-02
.2924411E-02
.1742694E-02
.3053972E-03
-.1045540E-02
-.2034120E-02
-.3289338E-02
-.4451199E-02
-.5198701E-02
-.5788981E-02
-.6587650E-02
-.7405403E-02
-.8141359E-02
-.8977131E-02
-.9852327E-02
-.1098943E-01
-.1188604E-01
-.1244448E-01
-.1267006E-01
-.1268149E-01
-.1234215E-01
-.1132725E-01
-.1065353E-01
-.1014688E-01
-.9685837E-02
-.9439330E-02
-.9137818E-02
-.9141455E-02
-.9046632E-02
-.9056424E-02
-.9166837E-02
-.9151510E-02
-.9468585E-02
-.9483894E-02
-.9290437E-02
-.9259314E-02
-.9403426E-02
-.9669924E-02
-.9916862E-02
-.1045605E-01
-.1064337E-01
-.1084830E-01
-.1135862E-01
-.1140924E-01
-.1123339E-01
-.1080431E-01
-.1019150E-01
-.9078773E-02
-.7263809E-02
-.5123128E-02
-.2861631E-02
-.1126243E-02
.5071210E-03
.2293494E-02
.3336605E-02
.4071638E-02
.5285917E-02
.6584179E-02
.7866398E-02
.9574228E-02
.1098656E-01
.1209622E-01
.1374227E-01
.1485577E-01
.1535466E-01
.1635503E-01
.1720027E-01
.1764801E-01
.1846665E-01
.1903264E-01
.1887749E-01
.1893816E-01
.1894450E-01
.1860273E-01
.1872282E-01
.1892035E-01
.1900164E-01
.1959259E-01
.2063888E-01
.2171678E-01
.2274990E-01
.2349765E-01
.2394863E-01
.2489853E-01
.2558109E-01
.2621874E-01
.2771481E-01
.2898404E-01
.3026835E-01
.3150604E-01
.3223153E-01
.3274071E-01
.3314663E-01
.3323007E-01
.3253804E-01
.3175624E-01
.3076064E-01
.2937163E-01
.2808167E-01
.2682519E-01
.2560858E-01
.2435022E-01
.2335004E-01
.2260427E-01
.2222359E-01
.2199321E-01
.2158961E-01
.2157476E-01
.2161764E-01
.2122795E-01
.2047997E-01
.1996328E-01
.1956319E-01
.1906992E-01
.1889399E-01
.1843151E-01
.1788167E-01
.1758588E-01
.1708560E-01
.1625350E-01
.1522943E-01
.1393346E-01
.1200420E-01
.1007813E-01
.8397274E-02
.6500454E-02
.4900653E-02
.4191706E-02
.3907939E-02
.3565207E-02
.3556759E-02
.3668525E-02
.3847766E-02
.4280809E-02
.4113489E-02
.3656472E-02
.3675023E-02
.3540823E-02
.3291104E-02
.3060519E-02
.2142604E-02
.8967670E-03
-.1518400E-03
-.1285878E-02
-.2569150E-02
-.3294884E-02
-.3813527E-02
-.4432053E-02
-.4355697E-02
-.4440520E-02
-.4340137E-02
-.3738816E-02
-.3481008E-02
-.3242252E-02
-.3250501E-02
-.3247095E-02
-.3237214E-02
-.3293005E-02
-.3297407E-02
-.3272987E-02
-.2825125E-02
-.2696432E-02
-.2725446E-02
-.2693582E-02
-.3202734E-02
-.3649496E-02
-.4149827E-02
-.5051046E-02
-.5675734E-02
-.5720233E-02
-.5532994E-02
-.5121382E-02
-.4370233E-02
-.3675105E-02
-.3028629E-02
-.2382720E-02
-.2218199E-02
-.2382447E-02
-.2361687E-02
-.2472679E-02
-.2605239E-02
-.2490068E-02
-.2162750E-02
-.1392545E-02
-.5453593E-03
.1875535E-03
.8912686E-03
.1833563E-02
.2962629E-02
.3891461E-02
.4758595E-02
.5477476E-02
.6461189E-02
.7685219E-02
.8731634E-02
.9956115E-02
.1144566E-01
.1318108E-01
.1473685E-01
.1592381E-01
.1693835E-01
.1766960E-01
.1796394E-01
.1776492E-01
.1740081E-01
.1694418E-01
.1625313E-01
.1555175E-01
.1517796E-01
.1484810E-01
.1455605E-01
.1454149E-01
.1447046E-01
.1475596E-01
.1521924E-01
.1535473E-01
.1576227E-01
.1623136E-01
.1638805E-01
.1671268E-01
.1689964E-01
.1678213E-01
.1714113E-01
.1757524E-01
.1764850E-01
.1783506E-01
.1798665E-01
.1776597E-01
.1720896E-01
.1638675E-01
.1507021E-01
.1385945E-01
.1314392E-01
.1190812E-01
.1060223E-01
.9704550E-02
.8561287E-02
.7428794E-02
.6292665E-02
.5023608E-02
.3813745E-02
.2730541E-02
.1212946E-02
-.7320123E-03
-.2183697E-02
-.3750789E-02
-.5250098E-02
-.6340051E-02
-.7757384E-02
-.8832776E-02
-.9666192E-02
-.1063987E-01
-.1121073E-01
-.1173298E-01
-.1214231E-01
-.1221749E-01
-.1226552E-01
-.1194049E-01
-.1123885E-01
-.1037873E-01
-.9413700E-02
-.8179310E-02
-.6881360E-02
-.6140359E-02
-.5396954E-02
-.4648675E-02
-.4028967E-02
-.3207416E-02
-.2614927E-02
-.2124755E-02
-.1491375E-02
-.1104995E-02
-.1051860E-02
-.9996380E-03
-.1009913E-02
-.1039612E-02
-.9299892E-03
-.9491612E-03
-.9585442E-03
-.8525230E-03
-.8848942E-03
-.8059387E-03
-.3762220E-03
.1530774E-03
.7491066E-03
.1270925E-02
.1548284E-02
.1762996E-02
.1765108E-02
.1438782E-02
.9121597E-03
.2772429E-03
-.3073135E-03
-.7364730E-03
-.1026967E-02
-.1266688E-02
-.1251564E-02
-.7734697E-03
-.2913465E-03
.1172944E-03
.1044619E-02
.2249202E-02
.3549451E-02
.5176623E-02
.6450932E-02
.7245420E-02
.8135558E-02
.8425294E-02
.7748798E-02
.6923148E-02
.5954335E-02
.4782891E-02
.3994355E-02
.3468463E-02
.2873779E-02
.2842152E-02
.2904815E-02
.2757094E-02
.3462241E-02
.3993365E-02
.4147904E-02
.4725700E-02
.4804645E-02
.4441820E-02
.4195104E-02
.4029282E-02
.3911220E-02
.3748280E-02
.3490881E-02
.3334351E-02
.3237948E-02
.2970181E-02
.2752588E-02
.2560230E-02
.1937777E-02
.1117709E-02
.6861002E-03
.6023033E-05
-.9512635E-03
-.1807209E-02
-.2894126E-02
-.3716329E-02
-.4185396E-02
-.4402242E-02
-.4255297E-02
-.3794259E-02
-.3279114E-02
-.3273600E-02
-.3692993E-02
-.4302557E-02
-.4992932E-02
-.5876710E-02
-.6788176E-02
-.7280092E-02
-.7492375E-02
-.7665094E-02
-.7928879E-02
-.8333855E-02
-.9025816E-02
-.9959709E-02
-.1107909E-01
-.1209226E-01
-.1278263E-01
-.1387449E-01
-.1511422E-01
-.1609474E-01
-.1703874E-01
-.1765207E-01
-.1786670E-01
-.1778705E-01
-.1748148E-01
-.1677383E-01
-.1599903E-01
-.1553262E-01
-.1486162E-01
-.1431206E-01
-.1395759E-01
-.1331943E-01
-.1285405E-01
-.1250779E-01
-.1242742E-01
-.1264354E-01
-.1275805E-01
-.1292894E-01
-.1288269E-01
-.1275025E-01
-.1220195E-01
-.1134894E-01
-.1058746E-01
-.9407430E-02
-.8344774E-02
-.7139375E-02
-.5395374E-02
-.3733795E-02
-.2303217E-02
-.8080770E-03
.3950902E-03
.1048688E-02
.1938178E-02
.2391673E-02
.2295905E-02
.2576648E-02
.2595136E-02
.2200492E-02
.1982998E-02
.1620896E-02
.9448241E-03
.7121318E-03
.4220899E-03
.1674017E-04
.2137290E-03
.2452705E-03
.3610888E-03
.9659955E-03
.1475809E-02
.1858544E-02
.2546868E-02
.3423638E-02
.4000470E-02
.4523227E-02
.4711803E-02
.4587934E-02
.4459539E-02
.3997845E-02
.3629552E-02
.3371204E-02
.3096397E-02
.3061607E-02
.3125205E-02
.3023900E-02
.2836454E-02
.2959631E-02
.3018972E-02
.2989365E-02
.3208030E-02
.3522237E-02
.4090551E-02
.4882072E-02
.5688150E-02
.5633357E-02
.6112059E-02
.6469347E-02
.7014957E-02
.7569425E-02
.7778594E-02
.8089840E-02
.8412626E-02
.8273449E-02
.7892360E-02
.7144853E-02
.6133793E-02
.5146637E-02
.3869427E-02
.2310133E-02
.1025352E-02
.1285452E-03
-.1044323E-02
-.2233026E-02
-.3431113E-02
-.4759395E-02
-.5570575E-02
-.6614440E-02
-.7626182E-02
-.8043201E-02
-.8509324E-02
-.8980096E-02
-.9530202E-02
-.1020878E-01
-.1139854E-01
-.1282714E-01
-.1396807E-01
-.1537890E-01
-.1661142E-01
-.1767723E-01
-.1876467E-01
-.1964709E-01
-.2071464E-01
-.2152117E-01
-.2186633E-01
-.2185718E-01
-.2148360E-01
-.2078894E-01
-.2014895E-01
-.1978274E-01
-.1922662E-01
-.1893205E-01
-.1886695E-01
-.1877767E-01
-.1890306E-01
-.1922531E-01
-.1962533E-01
-.2002360E-01
-.2088037E-01
-.2183126E-01
-.2266052E-01
-.2347505E-01
-.2396524E-01
-.2452265E-01
-.2510470E-01
-.2539679E-01
-.2567298E-01
-.2609139E-01
-.2627819E-01
-.2640302E-01
-.2655086E-01
-.2608382E-01
-.2563001E-01
-.2545830E-01
-.2504880E-01
-.2454606E-01
-.2409580E-01
-.2380302E-01
-.2353514E-01
-.2332268E-01
-.2273545E-01
-.2177140E-01
-.2101270E-01
-.1980746E-01
-.1834719E-01
-.1699254E-01
-.1556231E-01
-.1448726E-01
-.1353117E-01
-.1238340E-01
-.1121270E-01
-.1017305E-01
-.9182208E-02
-.8137317E-02
-.6927130E-02
-.5707735E-02
-.4851287E-02
-.3949651E-02
-.2869808E-02
-.2026377E-02
-.1430814E-02
-.8756355E-03
-.4622332E-03
.7408757E-05
.6595190E-03
.9476127E-03
.1216259E-02
.1644165E-02
.1798386E-02
.1890061E-02
.1975024E-02
.1850779E-02
.1618558E-02
.1202717E-02
.3631616E-03
-.3811265E-03
-.1075141E-02
-.2003129E-02
-.2678125E-02
-.3398794E-02
-.4123844E-02
-.4675212E-02
-.5396931E-02
-.6047687E-02
-.6659232E-02
-.7220839E-02
-.7680151E-02
-.8154624E-02
-.8484801E-02
-.8641006E-02
-.8443822E-02
-.8117786E-02
-.8088035E-02
-.7960363E-02
-.7526730E-02
-.7243502E-02
-.7036958E-02
-.6566835E-02
-.5834659E-02
-.4850246E-02
-.4003708E-02
-.3355562E-02
-.2531290E-02
-.1649492E-02
-.9350717E-03
-.1922858E-03
.8512127E-03
.2022094E-02
.3468455E-02
.5365776E-02
.7327383E-02
.9361565E-02
.1148023E-01
.1318167E-01
.1453322E-01
.1581607E-01
.1666221E-01
.1733371E-01
.1786135E-01
.1797996E-01
.1834487E-01
.1877181E-01
.1889424E-01
.1906086E-01
.1921220E-01
.1903597E-01
.1883265E-01
.1863794E-01
.1827482E-01
.1822254E-01
.1828886E-01
.1833615E-01
.1865534E-01
.1917164E-01
.1965279E-01
.2021096E-01
.2084932E-01
.2139690E-01
.2203055E-01
.2250567E-01
.2298167E-01
.2359430E-01
.2407921E-01
.2429557E-01
.2431074E-01
.2422314E-01
.2390667E-01
.2374819E-01
.2348629E-01
.2309948E-01
.2276770E-01
.2223790E-01
.2181473E-01
.2126046E-01
.2056523E-01
.1974172E-01
.1874757E-01
.1773357E-01
.1660364E-01
.1569534E-01
.1480486E-01
.1384300E-01
.1307033E-01
.1221186E-01
.1133593E-01
.1065809E-01
.1001568E-01
.9531285E-02
.9406345E-02
.9339002E-02
.9371823E-02
.9484867E-02
.9453508E-02
.9547801E-02
.9659890E-02
.9639308E-02
.9518126E-02
.9252574E-02
.8953296E-02
.8749730E-02
.8625761E-02
.8345219E-02
.8294386E-02
.8561380E-02
.8685850E-02
.8824700E-02
.8983598E-02
.9179546E-02
.9665454E-02
.1027699E-01
.1075589E-01
.1134082E-01
.1207417E-01
.1266222E-01
.1307730E-01
.1345368E-01
.1363955E-01
.1363402E-01
.1377912E-01
.1359589E-01
.1327050E-01
.1325541E-01
.1307275E-01
.1288376E-01
.1269914E-01
.1225897E-01
.1179021E-01
.1135345E-01
.1069716E-01
.1000298E-01
.9460758E-02
.8860419E-02
.8340904E-02
.8028469E-02
.7761107E-02
.7670969E-02
.7890505E-02
.7986581E-02
.7981658E-02
.8002275E-02
.7833016E-02
.7600297E-02
.7196095E-02
.6652042E-02
.6197656E-02
.5795286E-02
.5153882E-02
.4477099E-02
.4182086E-02
.4015717E-02
.3794361E-02
.3456810E-02
.3087126E-02
.2604458E-02
.1999227E-02
.1313874E-02
.6584368E-03
.2749778E-03
-.1591265E-03
-.6264796E-03
-.1156980E-02
-.1704732E-02
-.2148378E-02
-.2649406E-02
-.3215987E-02
-.3862431E-02
-.4390521E-02
-.4856791E-02
-.5318626E-02
-.5760801E-02
-.6041907E-02
-.6040947E-02
-.6161384E-02
-.6369405E-02
-.6420407E-02
-.6554458E-02
-.6698407E-02
-.6878524E-02
-.7377146E-02
-.7816479E-02
-.8147973E-02
-.8465727E-02
-.8598912E-02
-.8646399E-02
-.8728032E-02
-.8855745E-02
-.8886782E-02
-.9111420E-02
-.9299089E-02
-.9220004E-02
-.9473232E-02
-.9740040E-02
-.9938489E-02
-.1032930E-01
-.1056246E-01
-.1063356E-01
-.1070955E-01
-.1076519E-01
-.1062593E-01
-.1053977E-01
-.1055735E-01
-.1039425E-01
-.1031001E-01
-.1031593E-01
-.1028380E-01
-.1023085E-01
-.1010829E-01
-.9931823E-02
-.9816084E-02
-.9810314E-02
-.9828602E-02
-.9951136E-02
-.1004146E-01
-.1004810E-01
-.1011754E-01
-.9972708E-02
-.9652104E-02
-.9542832E-02
-.9528790E-02
-.9434127E-02
-.9402080E-02
-.9406190E-02
-.9409975E-02
-.9473609E-02
-.9463699E-02
-.9247741E-02
-.8937781E-02
-.8658060E-02
-.8313809E-02
-.7929392E-02
-.7496872E-02
-.7030467E-02
-.6648984E-02
-.6235331E-02
-.5805611E-02
-.5350993E-02
-.4910990E-02
-.4587370E-02
-.4181236E-02
-.3722803E-02
-.3349619E-02
-.2970627E-02
-.2544515E-02
-.2167357E-02
-.1868929E-02
-.1625947E-02
-.1523207E-02
-.1471940E-02
-.1342940E-02
-.1318142E-02
-.1377068E-02
-.1326644E-02
-.1299793E-02
-.1329272E-02
-.1297589E-02
-.1264139E-02
-.1238567E-02
-.1126394E-02
-.1057198E-02
-.1112682E-02
-.1093009E-02
-.1126321E-02
-.1218637E-02
-.1164350E-02
-.1147504E-02
-.1108364E-02
-.9206530E-03
-.7468047E-03
-.6086479E-03
-.3959379E-03
-.1722977E-03
-.1646745E-04
.2151220E-03
.4010719E-03
.4970954E-03
.7014056E-03
.8966290E-03
.1071323E-02
.1337771E-02
.1545984E-02
.1618383E-02
.1748874E-02
.1872256E-02
.1894260E-02
.1932904E-02
.1855698E-02
.1706525E-02
.1627001E-02
.1531041E-02
.1386507E-02
.1308217E-02
.1296351E-02
.1248424E-02
.1253741E-02
.1254077E-02
.1256867E-02
.1317308E-02
.1304585E-02
.1301484E-02
.1335688E-02
.1334529E-02
.1322030E-02
.1324278E-02
.1305338E-02
.1259205E-02
.1197855E-02
.1056418E-02
.9137817E-03
.7919176E-03
.6369901E-03
.4911006E-03
.3495710E-03
.2412101E-03
.1928902E-03
.1705064E-03
.1303330E-03
.1093372E-03
.1163545E-03
.9297370E-04
.8316710E-04
.7665013E-04
.4876683E-04
.5197200E-04
.6012605E-04
.6272431E-04
.9479813E-04
.1326036E-03
.1579667E-03
.1800476E-03
.1902682E-03
.1729340E-03
.1587625E-03
.1475603E-03
.1064292E-03
.7047986E-04
.2588282E-04
-.3391093E-04
-.7013806E-04
-.1006127E-03
-.1243970E-03
-.1140057E-03
-.8279478E-04
-.5566456E-04
-.6365870E-05
.4087198E-04
.6467343E-04
.9939338E-04
.1147929E-03
.1138183E-03
.1189725E-03
.1238875E-03
.1280841E-03
.1389180E-03
.1576235E-03
.1673064E-03
.1915177E-03
.2084141E-03
.1980691E-03
.1948294E-03
.1879871E-03
.1779220E-03
.1713217E-03
.1649727E-03
.1620586E-03
.1633850E-03
.1721456E-03
.1841993E-03
.2045390E-03
.2331833E-03
.2668000E-03
.3032988E-03
.3313950E-03
.3542083E-03
.3783254E-03
.3997861E-03
.4180362E-03
.4370066E-03
.4530077E-03
.4650473E-03
.4766443E-03
.4841620E-03
.4904652E-03
.4980093E-03
.5055620E-03
.5128217E-03
.5195049E-03
.5247418E-03
.5282857E-03
.5352763E-03
.5417154E-03
.5458969E-03
.5517593E-03
.5556426E-03
.5602607E-03
.5641296E-03
.5633695E-03
.5632764E-03
.5612464E-03
.5545614E-03
.5467083E-03
.5401067E-03
.5330228E-03
.5235141E-03
.5134533E-03
.5014993E-03
.4890840E-03
.4761917E-03
.4612878E-03
.4477050E-03
.4355637E-03
.4239925E-03
.4135800E-03
.4042078E-03
.3943104E-03
.3845361E-03
.3749447E-03
.3627681E-03
.3503588E-03
.3393341E-03
.3269999E-03
.3144259E-03
.3032756E-03
.2917216E-03
.2798749E-03
.2683535E-03
.2563358E-03
.2450215E-03
.2341906E-03
.2233961E-03
.2133269E-03
.2030758E-03
.1927566E-03
.1829528E-03
.1736426E-03
.1643418E-03
.1553827E-03
.1474021E-03
.1396918E-03
.1325608E-03
.1260677E-03
.1198217E-03
.1141309E-03
.1088236E-03
.1035997E-03
.9853402E-04
.9381084E-04
.8928953E-04
.8488221E-04
.8049477E-04
.7609147E-04
.7188426E-04
.6778051E-04
.6369972E-04
.5973128E-04
.5586957E-04
.5206565E-04
.4832413E-04
.4465805E-04
.4104956E-04
.3754261E-04
.3413834E-04
.3080545E-04
.2756032E-04
.2440100E-04
.2131711E-04
.1829733E-04
.1533147E-04
.1241905E-04
.9558629E-05
.6741393E-05
.3960527E-05
.1213996E-05
-.1503202E-05
-.4192315E-05
-.6854096E-05
-.9490749E-05
-.1210253E-04
-.1468959E-04
-.1725244E-04
-.1979176E-04
-.2230777E-04
-.2480052E-04
-.2726999E-04
-.2971610E-04
-.3213880E-04
