.2668067E-02
.2663488E-02
.2662231E-02
.2662557E-02
.2667599E-02
.2677025E-02
.2674504E-02
.2649519E-02
.2634860E-02
.2667714E-02
.2739410E-02
.2760168E-02
.2696653E-02
.2616312E-02
.2589599E-02
.2655084E-02
.2721280E-02
.2773444E-02
.2776801E-02
.2739715E-02
.2719981E-02
.2739942E-02
.2674718E-02
.2535300E-02
.2691837E-02
.3064602E-02
.3193767E-02
.2785211E-02
.2263564E-02
.2276346E-02
.2812114E-02
.3083767E-02
.2638711E-02
.2749027E-02
.3258084E-02
.3323313E-02
.2719941E-02
.2265815E-02
.2885909E-02
.3676279E-02
.3445298E-02
.2656125E-02
.2620043E-02
.3395507E-02
.3674076E-02
.3655682E-02
.4099016E-02
.4489157E-02
.3978299E-02
.2581793E-02
.1432234E-02
.1425693E-02
.1838104E-02
.2949749E-02
.4001285E-02
.3590404E-02
.2637993E-02
.2118063E-02
.2188792E-02
.2989828E-02
.4035807E-02
.6069304E-02
.8289724E-02
.8474544E-02
.5644976E-02
.2900901E-02
.5180157E-02
.8686753E-02
.8763636E-02
.6260272E-02
.3883917E-02
.5031210E-02
.7252907E-02
.6597918E-02
.6001798E-02
.7352329E-02
.6716755E-02
.3238581E-02
-.2145283E-03
.2119708E-02
.8657112E-02
.1030616E-01
.6879225E-02
.6762419E-02
.2096657E-01
.3084065E-01
.2745461E-01
.1473550E-01
.6117103E-02
.7132495E-02
.1552393E-01
.1850195E-01
.9923833E-02
.1339846E-02
-.4538981E-04
.9495653E-02
.2131151E-01
.2201105E-01
.1723685E-01
.1390331E-01
.1380213E-01
.1629696E-01
.1069907E-01
.3629900E-02
.5099547E-02
.1338954E-01
.1403485E-01
.1054500E-02
-.1046980E-01
-.7876881E-02
.6019741E-02
.1186819E-01
.1316297E-02
-.1390363E-01
-.1867415E-01
-.1347963E-01
-.1291092E-01
-.2556563E-01
-.3976617E-01
-.4480723E-01
-.4041851E-01
-.3639248E-01
-.3465555E-01
-.3333120E-01
-.2485642E-01
-.4941961E-02
.9113130E-02
.7777246E-02
.2357438E-02
-.2518962E-02
-.1640236E-02
.7348387E-02
.1028084E-01
.1017258E-01
.1329800E-01
.2128371E-01
.3350404E-01
.4410577E-01
.3590503E-01
.1492754E-01
-.6398889E-02
-.2930783E-01
-.4722737E-01
-.5604206E-01
-.4874730E-01
-.2343572E-01
.1961161E-02
.1665592E-01
.1850064E-01
.2068875E-02
-.1835012E-01
-.2902652E-01
-.3353610E-01
-.3478236E-01
-.2158166E-01
-.6407136E-02
.1575627E-02
.1049699E-02
-.3475652E-02
-.1432520E-01
-.2280861E-01
-.1360372E-01
.1123690E-01
.4119095E-01
.5943312E-01
.5580284E-01
.4166712E-01
.3372808E-01
.3741066E-01
.4046568E-01
.3028302E-01
.6478108E-02
-.1869831E-01
-.2846461E-01
-.1332443E-01
.1029140E-01
.2547988E-01
.2056423E-01
-.7414586E-03
-.1744325E-01
-.2000547E-01
-.2642750E-01
-.4395240E-01
-.6045063E-01
-.7354997E-01
-.7999900E-01
-.8000099E-01
-.8091569E-01
-.6706698E-01
-.4072997E-01
-.3151589E-01
-.4237319E-01
-.6380496E-01
-.8704965E-01
-.9790300E-01
-.1018235E+00
-.1131029E+00
-.1298252E+00
-.1527071E+00
-.1827474E+00
-.2123006E+00
-.2390312E+00
-.2568993E+00
-.2472357E+00
-.2094937E+00
-.1734672E+00
-.1617059E+00
-.1748522E+00
-.1934370E+00
-.2031328E+00
-.2026683E+00
-.2029704E+00
-.2091799E+00
-.2115901E+00
-.2101692E+00
-.2033022E+00
-.1876648E+00
-.1575319E+00
-.1071016E+00
-.3081789E-01
.7948233E-01
.2043811E+00
.3167031E+00
.4057460E+00
.4726792E+00
.5078388E+00
.4760002E+00
.3612266E+00
.1715135E+00
-.4889614E-01
-.2531679E+00
-.4127601E+00
-.5189218E+00
-.5881561E+00
-.6241190E+00
-.6112417E+00
-.5564881E+00
-.4816329E+00
-.4165106E+00
-.3701858E+00
-.3185685E+00
-.2348797E+00
-.1118273E+00
.2972400E-01
.1621095E+00
.2601065E+00
.3114008E+00
.3241386E+00
.3148216E+00
.3013127E+00
.2897638E+00
.2757631E+00
.2665903E+00
.2731196E+00
.2991674E+00
.3408700E+00
.3909925E+00
.4469805E+00
.5023611E+00
.5362955E+00
.5252268E+00
.4743269E+00
.4108200E+00
.3551128E+00
.3071281E+00
.2551536E+00
.1906188E+00
.1096249E+00
.1145439E-01
-.9587327E-01
-.2044911E+00
-.3026381E+00
-.3617197E+00
-.3617017E+00
-.2979077E+00
-.1802220E+00
-.3317359E-01
.1199347E+00
.2648182E+00
.3955816E+00
.5150526E+00
.6155725E+00
.6710559E+00
.6436207E+00
.5507728E+00
.4503858E+00
.3918233E+00
.3904380E+00
.4286644E+00
.4673078E+00
.4824706E+00
.4685576E+00
.4263772E+00
.3668520E+00
.3061228E+00
.2569083E+00
.2246431E+00
.2034245E+00
.1823643E+00
.1527486E+00
.1175012E+00
.8278741E-01
.4713916E-01
.7316094E-02
-.3348017E-01
-.7390904E-01
-.1180233E+00
-.1665920E+00
-.2165102E+00
-.2631825E+00
-.3045666E+00
-.3449178E+00
-.3856046E+00
-.4133778E+00
-.4306954E+00
-.4528800E+00
-.4774696E+00
-.4990592E+00
-.5035136E+00
-.4595533E+00
-.3535692E+00
-.2147797E+00
-.8300345E-01
.1449622E-01
.6697750E-01
.7364082E-01
.3570468E-01
-.3703859E-01
-.1217482E+00
-.1923336E+00
-.2394984E+00
-.2667302E+00
-.2806534E+00
-.2910954E+00
-.3086343E+00
-.3336217E+00
-.3594851E+00
-.3808737E+00
-.4052161E+00
-.4397918E+00
-.4792869E+00
-.4976289E+00
-.4642069E+00
-.3846032E+00
-.2867350E+00
-.2073288E+00
-.1672571E+00
-.1645074E+00
-.2022279E+00
-.2747395E+00
-.3432710E+00
-.3661824E+00
-.3394458E+00
-.2676076E+00
-.1646740E+00
-.5445977E-01
.2973629E-01
.7922097E-01
.1075376E+00
.1305490E+00
.1581710E+00
.1931934E+00
.2333931E+00
.2670475E+00
.2839375E+00
.2891311E+00
.2967910E+00
.3239778E+00
.3784486E+00
.4492131E+00
.5051118E+00
.5211296E+00
.4920957E+00
.4258637E+00
.3406601E+00
.2560591E+00
.1863077E+00
.1388872E+00
.1159078E+00
.1091738E+00
.1078510E+00
.1079390E+00
.1067581E+00
.1039591E+00
.1068837E+00
.1256859E+00
.1630201E+00
.2094612E+00
.2505861E+00
.2748115E+00
.2766872E+00
.2536783E+00
.2145142E+00
.1810895E+00
.1744163E+00
.1891517E+00
.1960000E+00
.1881862E+00
.1754475E+00
.1636593E+00
.1569355E+00
.1513264E+00
.1363798E+00
.9998876E-01
.4571005E-01
-.1269915E-01
-.6614378E-01
-.1112016E+00
-.1454399E+00
-.1655123E+00
-.1698167E+00
-.1642150E+00
-.1620718E+00
-.1687778E+00
-.1882258E+00
-.2245333E+00
-.2744091E+00
-.3277128E+00
-.3741811E+00
-.4043802E+00
-.4155294E+00
-.4096921E+00
-.3909585E+00
-.3627149E+00
-.3279170E+00
-.2979721E+00
-.2788965E+00
-.2692995E+00
-.2548998E+00
-.2271464E+00
-.1878761E+00
-.1395750E+00
-.9175774E-01
-.5326695E-01
-.2610754E-01
-.6305497E-02
.6058025E-02
.8085592E-02
-.1559322E-02
-.1896917E-01
-.3464458E-01
-.4512251E-01
-.5166599E-01
-.4760923E-01
-.2683717E-01
.4696739E-02
.3389542E-01
.4899159E-01
.4716617E-01
.3933098E-01
.3812759E-01
.4896772E-01
.6704135E-01
.8622926E-01
.1055770E+00
.1260302E+00
.1444368E+00
.1566612E+00
.1578649E+00
.1449825E+00
.1134332E+00
.6221477E-01
-.8213761E-02
-.9285723E-01
-.1835212E+00
-.2790405E+00
-.3662319E+00
-.4158709E+00
-.4181064E+00
-.3886666E+00
-.3481822E+00
-.3113387E+00
-.2843684E+00
-.2489433E+00
-.1758421E+00
-.7667535E-01
.2692654E-01
.1314806E+00
.2411257E+00
.3435676E+00
.4115756E+00
.4337217E+00
.4209671E+00
.3973041E+00
.3869583E+00
.4012915E+00
.4285321E+00
.4400529E+00
.4137268E+00
.3500054E+00
.2686418E+00
.1981496E+00
.1631083E+00
.1696991E+00
.1967730E+00
.2168244E+00
.2228938E+00
.2236024E+00
.2247188E+00
.2242512E+00
.2256388E+00
.2333667E+00
.2463782E+00
.2606819E+00
.2730236E+00
.2821762E+00
.2885337E+00
.2952720E+00
.3040858E+00
.3122960E+00
.3118066E+00
.2959889E+00
.2665641E+00
.2338494E+00
.2109730E+00
.2029770E+00
.2069247E+00
.2149959E+00
.2179747E+00
.2112118E+00
.1953248E+00
.1777838E+00
.1639542E+00
.1545880E+00
.1437432E+00
.1268717E+00
.1059451E+00
.8097615E-01
.5119702E-01
.2373777E-01
.3028456E-02
-.1366449E-01
-.2821193E-01
-.3845431E-01
-.4305878E-01
-.4879579E-01
-.5995371E-01
-.7531819E-01
-.9348141E-01
-.1117808E+00
-.1244881E+00
-.1273617E+00
-.1234829E+00
-.1163833E+00
-.1115659E+00
-.1155189E+00
-.1313971E+00
-.1550867E+00
-.1788933E+00
-.1986129E+00
-.2142249E+00
-.2253443E+00
-.2356514E+00
-.2480642E+00
-.2632661E+00
-.2801595E+00
-.2965344E+00
-.3097400E+00
-.3216504E+00
-.3347787E+00
-.3471237E+00
-.3588410E+00
-.3719305E+00
-.3856176E+00
-.4014959E+00
-.4218257E+00
-.4437597E+00
-.4640746E+00
-.4788751E+00
-.4815695E+00
-.4680906E+00
-.4432157E+00
-.4155086E+00
-.3950779E+00
-.3880407E+00
-.3943628E+00
-.4107837E+00
-.4307212E+00
-.4455214E+00
-.4524113E+00
-.4518618E+00
-.4451074E+00
-.4336969E+00
-.4164348E+00
-.3897355E+00
-.3576957E+00
-.3328812E+00
-.3216830E+00
-.3247591E+00
-.3421348E+00
-.3716963E+00
-.4055976E+00
-.4338093E+00
-.4519722E+00
-.4524237E+00
-.4264418E+00
-.3765962E+00
-.3171490E+00
-.2630896E+00
-.2222722E+00
-.1923620E+00
-.1637735E+00
-.1265940E+00
-.8045474E-01
-.3149400E-01
.1151835E-01
.4509574E-01
.6908238E-01
.8660511E-01
.1024239E+00
.1185665E+00
.1352883E+00
.1542787E+00
.1747334E+00
.1953234E+00
.2174272E+00
.2409436E+00
.2648641E+00
.2899841E+00
.3171674E+00
.3396643E+00
.3506804E+00
.3522959E+00
.3509894E+00
.3484608E+00
.3443387E+00
.3447435E+00
.3565888E+00
.3763911E+00
.3962705E+00
.4096748E+00
.4137241E+00
.4063757E+00
.3880700E+00
.3656878E+00
.3464691E+00
.3325049E+00
.3219109E+00
.3103153E+00
.2947834E+00
.2748360E+00
.2524465E+00
.2291710E+00
.2085396E+00
.1945012E+00
.1900878E+00
.1939472E+00
.2011116E+00
.2056760E+00
.2041932E+00
.1975510E+00
.1880821E+00
.1776354E+00
.1669830E+00
.1592096E+00
.1543557E+00
.1514263E+00
.1517162E+00
.1547477E+00
.1608074E+00
.1717971E+00
.1874192E+00
.2025584E+00
.2102009E+00
.2014928E+00
.1743483E+00
.1358298E+00
.9657803E-01
.6204449E-01
.3585050E-01
.1864149E-01
.7749688E-02
.5570957E-03
-.4778671E-02
-.9678176E-02
-.1765564E-01
-.3080790E-01
-.4794383E-01
-.6428163E-01
-.7580479E-01
-.7810443E-01
-.7257171E-01
-.6622977E-01
-.6629073E-01
-.7680007E-01
-.9237924E-01
-.1063740E+00
-.1172963E+00
-.1258139E+00
-.1329112E+00
-.1407014E+00
-.1519914E+00
-.1677478E+00
-.1849190E+00
-.2000473E+00
-.2105706E+00
-.2130858E+00
-.2055177E+00
-.1881991E+00
-.1610941E+00
-.1256175E+00
-.8528568E-01
-.4666507E-01
-.1564054E-01
.7259085E-02
.2349779E-01
.3285592E-01
.3362629E-01
.2798211E-01
.2370534E-01
.2763673E-01
.4451275E-01
.7290469E-01
.1061333E+00
.1421048E+00
.1887417E+00
.2568992E+00
.3457744E+00
.4345468E+00
.5059639E+00
.5587770E+00
.5957738E+00
.6135535E+00
.6032173E+00
.5606043E+00
.4934537E+00
.4152436E+00
.3367858E+00
.2629215E+00
.1997997E+00
.1511710E+00
.1160244E+00
.8969881E-01
.6524484E-01
.3959153E-01
.1251425E-01
-.1288945E-01
-.3148449E-01
-.4023988E-01
-.3947116E-01
-.3247467E-01
-.2310609E-01
-.1381455E-01
-.3365693E-02
.1380530E-01
.3971539E-01
.7229665E-01
.1071587E+00
.1370648E+00
.1560445E+00
.1623676E+00
.1583774E+00
.1478479E+00
.1370001E+00
.1321519E+00
.1372297E+00
.1520636E+00
.1672467E+00
.1662467E+00
.1436933E+00
.1035294E+00
.5517425E-01
.9111299E-02
-.2720508E-01
-.5336704E-01
-.7092567E-01
-.8034550E-01
-.8261778E-01
-.8233218E-01
-.8352168E-01
-.8770973E-01
-.9345816E-01
-.9913030E-01
-.1028284E+00
-.1016819E+00
-.9605846E-01
-.9040537E-01
-.9316484E-01
-.1076065E+00
-.1285806E+00
-.1545361E+00
-.1835762E+00
-.2078652E+00
-.2233646E+00
-.2350158E+00
-.2496822E+00
-.2734732E+00
-.3053521E+00
-.3422645E+00
-.3884300E+00
-.4436913E+00
-.5020331E+00
-.5504427E+00
-.5844045E+00
-.6027215E+00
-.6002201E+00
-.5689165E+00
-.5098947E+00
-.4304278E+00
-.3431150E+00
-.2631882E+00
-.2007898E+00
-.1622696E+00
-.1503267E+00
-.1606747E+00
-.1832835E+00
-.2066244E+00
-.2211425E+00
-.2211116E+00
-.2056224E+00
-.1791501E+00
-.1480553E+00
-.1159064E+00
-.8519058E-01
-.6109038E-01
-.4733929E-01
-.4313204E-01
-.4336198E-01
-.4342041E-01
-.4593744E-01
-.4817369E-01
-.4483087E-01
-.3191006E-01
-.1125068E-01
.1247013E-01
.3346322E-01
.4749827E-01
.5319767E-01
.5186647E-01
.4644561E-01
.4076101E-01
.3766780E-01
.3918123E-01
.4584086E-01
.5537661E-01
.6507612E-01
.7522184E-01
.8621057E-01
.9602692E-01
.1011244E+00
.1024586E+00
.1037530E+00
.1071985E+00
.1104120E+00
.1114901E+00
.1108518E+00
.1091637E+00
.1083319E+00
.1084963E+00
.1075812E+00
.1030995E+00
.9583322E-01
.8784784E-01
.8121884E-01
.7537136E-01
.6706268E-01
.5530842E-01
.4346913E-01
.3477482E-01
.2804896E-01
.1853966E-01
.5493810E-02
-.6017854E-02
-.1125169E-01
-.1205240E-01
-.1294488E-01
-.1550197E-01
-.1784089E-01
-.1779398E-01
-.1379360E-01
-.8392686E-02
-.4283070E-02
-.2640776E-02
-.3659690E-02
-.9299089E-02
-.1963982E-01
-.3334444E-01
-.4744603E-01
-.5787151E-01
-.6443763E-01
-.7063420E-01
-.7793829E-01
-.8566499E-01
-.9159957E-01
-.9273615E-01
-.8964769E-01
-.8360257E-01
-.7112523E-01
-.5141617E-01
-.2742254E-01
-.4617643E-02
.1217593E-01
.2021961E-01
.2361542E-01
.2712818E-01
.2814137E-01
.2591965E-01
.2614186E-01
.3231162E-01
.4311649E-01
.5450772E-01
.6146725E-01
.6070938E-01
.5162130E-01
.3758092E-01
.2392498E-01
.1304242E-01
.5966461E-02
.6415973E-02
.1414230E-01
.2315072E-01
.2833949E-01
.2677672E-01
.1857470E-01
.9967699E-02
.5968001E-02
.7705738E-02
.1550543E-01
.2685159E-01
.3774108E-01
.4341419E-01
.3980322E-01
.2945927E-01
.1754442E-01
.9095418E-02
.8086275E-02
.1467305E-01
.2125600E-01
.2174230E-01
.1767726E-01
.1163759E-01
.4457476E-02
-.3764029E-02
-.1092480E-01
-.1667285E-01
-.2497403E-01
-.3708084E-01
-.4725069E-01
-.5066522E-01
-.4647258E-01
-.3852225E-01
-.3059618E-01
-.2694811E-01
-.3100714E-01
-.4154021E-01
-.5567470E-01
-.6691692E-01
-.6711757E-01
-.5322826E-01
-.2932504E-01
-.3057842E-02
.1980626E-01
.3851750E-01
.5096636E-01
.5614122E-01
.5593090E-01
.5344957E-01
.5231184E-01
.5548932E-01
.6323913E-01
.7604137E-01
.9227280E-01
.1093815E+00
.1250606E+00
.1359475E+00
.1396485E+00
.1337361E+00
.1186419E+00
.9951831E-01
.8445801E-01
.7822291E-01
.8167888E-01
.9211161E-01
.1043437E+00
.1106386E+00
.1062553E+00
.9193490E-01
.7520467E-01
.6490485E-01
.6579737E-01
.7521510E-01
.8741131E-01
.9610401E-01
.9736727E-01
.9041632E-01
.7930435E-01
.6755827E-01
.5880873E-01
.5305705E-01
.4741736E-01
.4243670E-01
.4045183E-01
.4427160E-01
.5322887E-01
.6319216E-01
.6965080E-01
.7076975E-01
.6823385E-01
.6776247E-01
.7389872E-01
.8420163E-01
.9417081E-01
.1041371E+00
.1132529E+00
.1169484E+00
.1163985E+00
.1165248E+00
.1209314E+00
.1289699E+00
.1368201E+00
.1411694E+00
.1433397E+00
.1477950E+00
.1579150E+00
.1746379E+00
.1899687E+00
.1914135E+00
.1765752E+00
.1531380E+00
.1284648E+00
.9962979E-01
.6679518E-01
.3587078E-01
.1302068E-01
-.1185226E-02
-.8090668E-02
-.8964011E-02
-.7073886E-02
-.8598926E-02
-.1829999E-01
-.3551670E-01
-.5607688E-01
-.7397610E-01
-.8256949E-01
-.7899374E-01
-.6821232E-01
-.6184675E-01
-.6553591E-01
-.7869001E-01
-.1001063E+00
-.1265766E+00
-.1534542E+00
-.1739332E+00
-.1878615E+00
-.1991565E+00
-.2109843E+00
-.2267836E+00
-.2476075E+00
-.2718577E+00
-.2972093E+00
-.3203501E+00
-.3342022E+00
-.3308192E+00
-.3084141E+00
-.2690537E+00
-.2184248E+00
-.1685286E+00
-.1317552E+00
-.1116624E+00
-.1038293E+00
-.1010418E+00
-.9784482E-01
-.8879567E-01
-.7326920E-01
-.5160672E-01
-.2738342E-01
-.6261460E-02
.7513913E-02
.1357263E-01
.1279455E-01
.6358269E-02
-.2819675E-02
-.1107985E-01
-.1550162E-01
-.1412893E-01
-.8596606E-02
-.1779160E-02
.3730796E-02
.5434036E-02
.1752743E-02
-.8479019E-02
-.2133538E-01
-.3002091E-01
-.3363620E-01
-.3487275E-01
-.3767402E-01
-.4423183E-01
-.5545971E-01
-.6971767E-01
-.8276255E-01
-.9140036E-01
-.9476992E-01
-.9335674E-01
-.9015840E-01
-.8808322E-01
-.8786559E-01
-.8922686E-01
-.8854986E-01
-.8639117E-01
-.8226276E-01
-.7814874E-01
-.7416201E-01
-.7261637E-01
-.7368299E-01
-.7672843E-01
-.8042418E-01
-.8528830E-01
-.9050724E-01
-.9392816E-01
-.9676023E-01
-.9851559E-01
-.9847771E-01
-.9557280E-01
-.8813338E-01
-.7612710E-01
-.5914680E-01
-.4005150E-01
-.2281195E-01
-.9346943E-02
.1752759E-03
.6886869E-02
.1158647E-01
.1521146E-01
.1894406E-01
.2292298E-01
.2712976E-01
.3153198E-01
.3582760E-01
.3973610E-01
.4241485E-01
.4432518E-01
.4635220E-01
.4861238E-01
.4991514E-01
.4877158E-01
.4617397E-01
.4424182E-01
.4528623E-01
.5056848E-01
.5995769E-01
.7238609E-01
.8386123E-01
.8909162E-01
.8555459E-01
.7535126E-01
.6566514E-01
.6489147E-01
.7711205E-01
.1002839E+00
.1287502E+00
.1555096E+00
.1740455E+00
.1802533E+00
.1747419E+00
.1603814E+00
.1433236E+00
.1297443E+00
.1191846E+00
.1058002E+00
.8638932E-01
.6102893E-01
.3536402E-01
.1258409E-01
-.4771885E-02
-.1334136E-01
-.1258823E-01
-.4613393E-02
.6632595E-02
.1918320E-01
.3020277E-01
.3860197E-01
.4564361E-01
.5361744E-01
.6420658E-01
.7565046E-01
.8489452E-01
.8725749E-01
.8166416E-01
.7207475E-01
.6409374E-01
.6125453E-01
.6311028E-01
.6588826E-01
.6591041E-01
.6128729E-01
.5391783E-01
.4740868E-01
.4428259E-01
.4528366E-01
.4857746E-01
.5182050E-01
.5239924E-01
.4946315E-01
.4469577E-01
.4034798E-01
.3829592E-01
.3835448E-01
.3950111E-01
.3960971E-01
.3778111E-01
.3406675E-01
.2807122E-01
.1942317E-01
.8373540E-02
-.1990289E-02
-.7966510E-02
-.9628757E-02
-.9871535E-02
-.1116756E-01
-.1492317E-01
-.2244620E-01
-.3393248E-01
-.4670253E-01
-.5725764E-01
-.6426676E-01
-.7093810E-01
-.8092361E-01
-.9645276E-01
-.1170972E+00
-.1417538E+00
-.1672608E+00
-.1916041E+00
-.2147622E+00
-.2333055E+00
-.2454194E+00
-.2514514E+00
-.2492692E+00
-.2352416E+00
-.2076002E+00
-.1692685E+00
-.1271033E+00
-.8935105E-01
-.6174288E-01
-.4456040E-01
-.3497975E-01
-.2867181E-01
-.2098643E-01
-.9390905E-02
.5380418E-02
.2105908E-01
.3499206E-01
.4647028E-01
.5660991E-01
.6627570E-01
.7467122E-01
.7920841E-01
.7805681E-01
.7314291E-01
.6696059E-01
.6106874E-01
.5526481E-01
.5003722E-01
.4440369E-01
.3616297E-01
.2475417E-01
.1185408E-01
.9459602E-03
-.4586837E-02
-.2654311E-02
.4948502E-02
.1476363E-01
.2339172E-01
.2883924E-01
.3223893E-01
.3556585E-01
.3963435E-01
.4627927E-01
.5564375E-01
.6779059E-01
.8191333E-01
.9744256E-01
.1133935E+00
.1287393E+00
.1411342E+00
.1478734E+00
.1441324E+00
.1286756E+00
.1039701E+00
.7510521E-01
.4646244E-01
.2024513E-01
-.1688774E-02
-.1836697E-01
-.3022304E-01
-.3732761E-01
-.4031157E-01
-.4185816E-01
-.4372324E-01
-.4541369E-01
-.4550682E-01
-.4232070E-01
-.3657034E-01
-.3104431E-01
-.2760416E-01
-.2561244E-01
-.2379416E-01
-.1977575E-01
-.1154154E-01
.1980137E-02
.2030937E-01
.3800296E-01
.4842722E-01
.5082094E-01
.4851670E-01
.4455679E-01
.4119149E-01
.4056388E-01
.4156220E-01
.4221477E-01
.4179120E-01
.4004783E-01
.3591569E-01
.2989950E-01
.2346178E-01
.1859207E-01
.1481872E-01
.1131478E-01
.8134010E-02
.6499722E-02
.7069561E-02
.8721691E-02
.1094391E-01
.1205656E-01
.1018663E-01
.5261879E-02
-.1452097E-02
-.7826313E-02
-.1289917E-01
-.1649089E-01
-.1862096E-01
-.1924242E-01
-.1931417E-01
-.2002640E-01
-.2264503E-01
-.2711086E-01
-.3237956E-01
-.3614274E-01
-.3553211E-01
-.2812025E-01
-.1231365E-01
.8465369E-02
.2870618E-01
.4068902E-01
.4040871E-01
.3090827E-01
.2210319E-01
.2034849E-01
.2516362E-01
.3312442E-01
.4234905E-01
.5175522E-01
.6177462E-01
.7217539E-01
.8169480E-01
.8825435E-01
.9010564E-01
.8854608E-01
.8407934E-01
.7616217E-01
.6497073E-01
.5100596E-01
.3577483E-01
.2044529E-01
.6595359E-02
-.5040844E-02
-.1356842E-01
-.1976299E-01
-.2329056E-01
-.2406488E-01
-.2350210E-01
-.2140614E-01
-.1707450E-01
-.1233261E-01
-.8587355E-02
-.4757330E-02
-.3796527E-03
.3547350E-02
.6282870E-02
.6702128E-02
.4582427E-02
.5973423E-03
-.5377962E-02
-.1170401E-01
-.1552007E-01
-.1541608E-01
-.1224605E-01
-.8149744E-02
-.4216747E-02
.6091588E-05
.4043218E-02
.6994198E-02
.7165548E-02
.4320946E-02
.3826215E-03
-.3014843E-02
-.4681635E-02
-.4632530E-02
-.3863524E-02
-.3366531E-02
-.4847646E-02
-.9694343E-02
-.1835823E-01
-.2985125E-01
-.4167628E-01
-.5190560E-01
-.6027187E-01
-.6738608E-01
-.7593639E-01
-.8712046E-01
-.1009808E+00
-.1155134E+00
-.1287337E+00
-.1413326E+00
-.1516681E+00
-.1592721E+00
-.1652068E+00
-.1716887E+00
-.1796229E+00
-.1883255E+00
-.1941448E+00
-.1933156E+00
-.1847097E+00
-.1696863E+00
-.1488113E+00
-.1238193E+00
-.9828994E-01
-.7757670E-01
-.6508318E-01
-.5959744E-01
-.5814033E-01
-.5810651E-01
-.5623450E-01
-.5183514E-01
-.4466907E-01
-.3608461E-01
-.2769356E-01
-.2096744E-01
-.1635851E-01
-.1398873E-01
-.1360367E-01
-.1505177E-01
-.1757361E-01
-.1913799E-01
-.1901198E-01
-.1782235E-01
-.1636828E-01
-.1510210E-01
-.1405806E-01
-.1276127E-01
-.1292587E-01
-.1557030E-01
-.1989450E-01
-.2445249E-01
-.2777305E-01
-.2741370E-01
-.2219077E-01
-.1330012E-01
-.4284598E-02
.1347302E-02
.3169807E-02
.2457311E-02
.1068792E-02
.1069208E-02
.4449191E-02
.1174571E-01
.2111413E-01
.2862190E-01
.3295377E-01
.3467309E-01
.3477292E-01
.3443998E-01
.3502141E-01
.3778620E-01
.4343764E-01
.4978064E-01
.5534159E-01
.5960584E-01
.6348170E-01
.6785619E-01
.7251459E-01
.7694421E-01
.8123310E-01
.8566280E-01
.9041503E-01
.9525995E-01
.9837399E-01
.9797723E-01
.9326211E-01
.8494406E-01
.7417049E-01
.6410719E-01
.5678250E-01
.5235572E-01
.4949348E-01
.4580316E-01
.4128461E-01
.3635810E-01
.3051854E-01
.2423236E-01
.1803992E-01
.1335203E-01
.1042052E-01
.1040930E-01
.1264726E-01
.1471793E-01
.1510351E-01
.1498727E-01
.1689067E-01
.2130329E-01
.2671658E-01
.3111501E-01
.3338074E-01
.3369922E-01
.3230303E-01
.3044380E-01
.3111926E-01
.3584413E-01
.4405235E-01
.5263194E-01
.5750409E-01
.5647955E-01
.4951830E-01
.3803060E-01
.2438126E-01
.1170616E-01
.2138726E-02
-.3594276E-02
-.6922347E-02
-.8994568E-02
-.1182470E-01
-.1589816E-01
-.2017267E-01
-.2342807E-01
-.2524132E-01
-.2572132E-01
-.2458587E-01
-.2222514E-01
-.1921235E-01
-.1629263E-01
-.1356049E-01
-.9452484E-02
-.2369008E-02
.7409221E-02
.1813929E-01
.2704857E-01
.3364864E-01
.3466834E-01
.3076147E-01
.2351610E-01
.1674500E-01
.1179970E-01
.1044584E-01
.1251815E-01
.1579100E-01
.1815408E-01
.1807635E-01
.1611770E-01
.1344711E-01
.1271655E-01
.1399749E-01
.1677675E-01
.2076679E-01
.2402859E-01
.2507604E-01
.2423342E-01
.2226572E-01
.1966769E-01
.1831411E-01
.1919939E-01
.2166453E-01
.2424611E-01
.2582299E-01
.2414917E-01
.2038124E-01
.1633797E-01
.1403480E-01
.1459372E-01
.1792500E-01
.2338711E-01
.2907064E-01
.3415030E-01
.3779487E-01
.3912714E-01
.3874184E-01
.3785048E-01
.3879805E-01
.4421740E-01
.5404428E-01
.6599277E-01
.7568609E-01
.7905964E-01
.7425696E-01
.6324244E-01
.5017223E-01
.3885779E-01
.3082138E-01
.2644798E-01
.2396448E-01
.2104362E-01
.1647637E-01
.1050467E-01
.4267552E-02
-.4362843E-03
-.2754534E-02
-.2794900E-02
-.3137311E-02
-.4241508E-02
-.6141451E-02
-.7727079E-02
-.8111256E-02
-.6894973E-02
-.4268083E-02
-.4416010E-03
.4696578E-02
.1092419E-01
.1807394E-01
.2460766E-01
.2909310E-01
.3036675E-01
.2787650E-01
.2327194E-01
.1907616E-01
.1729492E-01
.1857353E-01
.2123036E-01
.2418688E-01
.2443151E-01
.2115898E-01
.1527347E-01
.8048375E-02
.8418977E-03
-.5466270E-02
-.1085918E-01
-.1549345E-01
-.1907279E-01
-.2144575E-01
-.2233226E-01
-.2243872E-01
-.2262243E-01
-.2338167E-01
-.2490154E-01
-.2680103E-01
-.2887067E-01
-.3040609E-01
-.3061117E-01
-.3001878E-01
-.3053389E-01
-.3211216E-01
-.3535364E-01
-.4007226E-01
-.4592288E-01
-.5193297E-01
-.5828338E-01
-.6511857E-01
-.7189130E-01
-.7833196E-01
-.8543925E-01
-.9369720E-01
-.1021622E+00
-.1087925E+00
-.1135590E+00
-.1154187E+00
-.1152107E+00
-.1132052E+00
-.1110968E+00
-.1089755E+00
-.1067416E+00
-.1053166E+00
-.1038763E+00
-.1015719E+00
-.9737871E-01
-.9058450E-01
-.8242346E-01
-.7395598E-01
-.6743507E-01
-.6358226E-01
-.6288547E-01
-.6551367E-01
-.6868375E-01
-.6865516E-01
-.6558796E-01
-.6039462E-01
-.5381043E-01
-.4828370E-01
-.4509401E-01
-.4475391E-01
-.4625521E-01
-.4660684E-01
-.4333971E-01
-.3633897E-01
-.2634186E-01
-.1567116E-01
-.6730636E-02
-.1610666E-02
.1491128E-03
-.4011459E-03
-.1159803E-02
-.5158242E-04
.4456012E-02
.1245234E-01
.2124908E-01
.2868346E-01
.3336460E-01
.3530943E-01
.3583614E-01
.3641909E-01
.3750372E-01
.3937709E-01
.4150826E-01
.4379980E-01
.4541390E-01
.4577376E-01
.4591293E-01
.4702828E-01
.4903818E-01
.5047810E-01
.4874365E-01
.4386662E-01
.3867334E-01
.3605157E-01
.3700578E-01
.4034379E-01
.4339315E-01
.4479129E-01
.4403714E-01
.4330239E-01
.4397006E-01
.4593449E-01
.4824342E-01
.4997989E-01
.5025699E-01
.4913467E-01
.4720960E-01
.4596888E-01
.4707524E-01
.5093672E-01
.5600687E-01
.6018237E-01
.6097273E-01
.5892845E-01
.5530220E-01
.5057011E-01
.4580348E-01
.4091545E-01
.3589588E-01
.3078216E-01
.2447741E-01
.1686891E-01
.8236520E-02
.4912900E-03
-.5229079E-02
-.7988558E-02
-.8311070E-02
-.8755028E-02
-.1060746E-01
-.1481728E-01
-.1980930E-01
-.2427415E-01
-.2671113E-01
-.2655038E-01
-.2492671E-01
-.2344069E-01
-.2386618E-01
-.2640414E-01
-.3059341E-01
-.3413710E-01
-.3554897E-01
-.3443542E-01
-.3140315E-01
-.2844828E-01
-.2597698E-01
-.2497749E-01
-.2515920E-01
-.2528376E-01
-.2421702E-01
-.2136122E-01
-.1810245E-01
-.1543412E-01
-.1435304E-01
-.1454791E-01
-.1540893E-01
-.1528050E-01
-.1281126E-01
-.8072434E-02
-.3103118E-02
.1823495E-03
.7442949E-03
-.1483367E-02
-.3999815E-02
-.4143685E-02
-.7268415E-03
.5102493E-02
.1149477E-01
.1704662E-01
.2063188E-01
.2237409E-01
.2287385E-01
.2361335E-01
.2489341E-01
.2736392E-01
.3081456E-01
.3334925E-01
.3385620E-01
.3275570E-01
.3013944E-01
.2747520E-01
.2563414E-01
.2541898E-01
.2522423E-01
.2383697E-01
.2092086E-01
.1749265E-01
.1506913E-01
.1477637E-01
.1568216E-01
.1687663E-01
.1774471E-01
.1723057E-01
.1716538E-01
.1794059E-01
.1949512E-01
.2141788E-01
.2280922E-01
.2263701E-01
.2148241E-01
.2157922E-01
.2426182E-01
.2958625E-01
.3560022E-01
.3898261E-01
.3861964E-01
.3508853E-01
.3184403E-01
.3170318E-01
.3361169E-01
.3736740E-01
.4056628E-01
.4118752E-01
.3885091E-01
.3442936E-01
.2960596E-01
.2487613E-01
.1964782E-01
.1327281E-01
.5263960E-02
-.3057253E-02
-.1065306E-01
-.1700882E-01
-.2091432E-01
-.2261372E-01
-.2290742E-01
-.2223430E-01
-.2192927E-01
-.2138768E-01
-.1964448E-01
-.1539730E-01
-.9615850E-02
-.4294385E-02
-.1074139E-02
-.1541220E-02
-.4986646E-02
-.9457303E-02
-.1268965E-01
-.1313240E-01
-.1119845E-01
-.7484609E-02
-.3660556E-02
-.1089085E-02
-.5932713E-03
-.2313980E-02
-.3777647E-02
-.3696063E-02
-.1177624E-02
.2727969E-02
.7423107E-02
.1074633E-01
.1112798E-01
.8257741E-02
.3186428E-02
-.1707565E-02
-.4177950E-02
-.3316088E-02
-.1313742E-02
-.4059474E-03
-.2418246E-02
-.6617615E-02
-.1154106E-01
-.1557838E-01
-.1807329E-01
-.1806717E-01
-.1572419E-01
-.1300390E-01
-.1238464E-01
-.1402177E-01
-.1659617E-01
-.1952265E-01
-.2134535E-01
-.2183907E-01
-.2218175E-01
-.2293358E-01
-.2464199E-01
-.2695338E-01
-.2955739E-01
-.3180060E-01
-.3349683E-01
-.3435363E-01
-.3468508E-01
-.3640593E-01
-.4011253E-01
-.4544517E-01
-.5212815E-01
-.5927558E-01
-.6577506E-01
-.7194203E-01
-.7679630E-01
-.8003106E-01
-.8265867E-01
-.8588823E-01
-.9022844E-01
-.9499984E-01
-.9900154E-01
-.1009636E+00
-.1005334E+00
-.9645753E-01
-.8882417E-01
-.7972978E-01
-.7170980E-01
-.6677313E-01
-.6414076E-01
-.6300128E-01
-.6085656E-01
-.5559448E-01
-.4852318E-01
-.4091394E-01
-.3382425E-01
-.2704130E-01
-.2128061E-01
-.1670889E-01
-.1286581E-01
-.9265195E-02
-.6654273E-02
-.5425158E-02
-.5809971E-02
-.6730083E-02
-.6992516E-02
-.6772269E-02
-.5753614E-02
-.4191062E-02
-.3007177E-02
-.1939334E-02
-.1126709E-02
-.7422804E-03
-.9800502E-04
.1408397E-02
.3989620E-02
.7458530E-02
.1145652E-01
.1516411E-01
.1801670E-01
.1974449E-01
.1989612E-01
.1889533E-01
.1803914E-01
.1840310E-01
.2032227E-01
.2365134E-01
.2814192E-01
.3357337E-01
.3879836E-01
.4401435E-01
.4805410E-01
.5245525E-01
.5766490E-01
.6445887E-01
.7225832E-01
.8137199E-01
.9185715E-01
.1028575E+00
.1134988E+00
.1230583E+00
.1296422E+00
.1320840E+00
.1303539E+00
.1247985E+00
.1175879E+00
.1102245E+00
.1036421E+00
.9747478E-01
.9136061E-01
.8542767E-01
.7962461E-01
.7440183E-01
.7024808E-01
.6685076E-01
.6362323E-01
.5966819E-01
.5383150E-01
.4555563E-01
.3580001E-01
.2824733E-01
.2397003E-01
.2163652E-01
.2013568E-01
.1932518E-01
.1865870E-01
.1759521E-01
.1573535E-01
.1413740E-01
.1270077E-01
.1193916E-01
.1171123E-01
.1152802E-01
.1073194E-01
.1001828E-01
.1025237E-01
.1113811E-01
.1163641E-01
.1043004E-01
.8155939E-02
.5824516E-02
.3440254E-02
.1818722E-02
.1405049E-02
.1899006E-02
.2892941E-02
.3128844E-02
.2056308E-02
-.1935232E-03
-.2129042E-02
-.3313050E-02
-.3718555E-02
-.3857095E-02
-.4046363E-02
-.4478592E-02
-.6302913E-02
-.9667697E-02
-.1387273E-01
-.1701419E-01
-.1978716E-01
-.2346928E-01
-.2819968E-01
-.3326894E-01
-.3838902E-01
-.4323610E-01
-.4732094E-01
-.4957214E-01
-.5045724E-01
-.5066591E-01
-.5168566E-01
-.5333731E-01
-.5601150E-01
-.5921409E-01
-.6165271E-01
-.6307435E-01
-.6288550E-01
-.6237748E-01
-.6122576E-01
-.6042885E-01
-.6025431E-01
-.6068670E-01
-.6138429E-01
-.6184008E-01
-.6133102E-01
-.6046821E-01
-.5890653E-01
-.5735786E-01
-.5572685E-01
-.5392953E-01
-.5246582E-01
-.5130187E-01
-.5028902E-01
-.4858053E-01
-.4570621E-01
-.4239002E-01
-.3993492E-01
-.3869251E-01
-.3853959E-01
-.3723698E-01
-.3485335E-01
-.3088666E-01
-.2662314E-01
-.2380368E-01
-.2240332E-01
-.2195243E-01
-.2147928E-01
-.2040825E-01
-.1813278E-01
-.1491266E-01
-.1079915E-01
-.7073060E-02
-.4913872E-02
-.4196820E-02
-.4404032E-02
-.4626427E-02
-.4610299E-02
-.3276226E-02
-.1190514E-02
.1035069E-02
.2884137E-02
.3376718E-02
.2663554E-02
.9722870E-03
-.5824260E-03
-.1215986E-02
-.9551066E-03
-.4031678E-04
.1049800E-02
.1672889E-02
.2569206E-02
.3565571E-02
.4565920E-02
.4827908E-02
.4950005E-02
.5276193E-02
.5895011E-02
.6747531E-02
.7723356E-02
.8521774E-02
.9286444E-02
.9812552E-02
.9754069E-02
.9489617E-02
.8723236E-02
.8258876E-02
.8594093E-02
.9666813E-02
.1143306E-01
.1339120E-01
.1434554E-01
.1486741E-01
.1500164E-01
.1586016E-01
.1728165E-01
.1905098E-01
.2042346E-01
.2133301E-01
.2127852E-01
.2063450E-01
.1995575E-01
.2044599E-01
.2224991E-01
.2458531E-01
.2705120E-01
.2859826E-01
.2949133E-01
.2919293E-01
.2783586E-01
.2644819E-01
.2528185E-01
.2489271E-01
.2594485E-01
.2673391E-01
.2622546E-01
.2360251E-01
.1994226E-01
.1651656E-01
.1380487E-01
.1314027E-01
.1382822E-01
.1488852E-01
.1435248E-01
.1262193E-01
.1072824E-01
.9296587E-02
.8290271E-02
.7749052E-02
.7870833E-02
.8279240E-02
.8512199E-02
.9047065E-02
.9958305E-02
.1095932E-01
.1191036E-01
.1225246E-01
.1200496E-01
.1153416E-01
.1139171E-01
.1170003E-01
.1264693E-01
.1323173E-01
.1348910E-01
.1299779E-01
.1170170E-01
.1003636E-01
.8361839E-02
.7004490E-02
.5899122E-02
.4898784E-02
.3904548E-02
.3341779E-02
.2737190E-02
.2067319E-02
.8731375E-03
-.6270428E-03
-.1529520E-02
-.8866954E-03
.1046381E-02
.3507873E-02
.6336539E-02
.8554270E-02
.9676475E-02
.1020095E-01
.1070094E-01
.1178645E-01
.1391227E-01
.1678380E-01
.1913405E-01
.2030226E-01
.1994546E-01
.1865625E-01
.1780370E-01
.1797520E-01
.1925340E-01
.2114155E-01
.2244425E-01
.2230062E-01
.2090646E-01
.1854624E-01
.1652067E-01
.1541812E-01
.1531116E-01
.1544995E-01
.1514919E-01
.1417316E-01
.1230260E-01
.1018099E-01
.9389541E-02
.1043915E-01
.1173768E-01
.1285360E-01
.1303727E-01
.1276600E-01
.1328420E-01
.1481623E-01
.1715512E-01
.2020190E-01
.2263672E-01
.2449314E-01
.2527042E-01
.2584585E-01
.2670780E-01
.2819786E-01
.2975137E-01
.3142311E-01
.3247379E-01
.3207387E-01
.3059289E-01
.2825914E-01
.2574591E-01
.2286530E-01
.2045815E-01
.1782338E-01
.1571204E-01
.1327513E-01
.9859216E-02
.5778045E-02
.1912270E-02
-.1501825E-02
-.4750521E-02
-.8506341E-02
-.1311569E-01
-.1819037E-01
-.2209192E-01
-.2395981E-01
-.2426486E-01
-.2392126E-01
-.2347049E-01
-.2378793E-01
-.2498546E-01
-.2622191E-01
-.2706250E-01
-.2677928E-01
-.2550035E-01
-.2391329E-01
-.2281490E-01
-.2204195E-01
-.2197168E-01
-.2213610E-01
-.2183838E-01
-.2137146E-01
-.2078612E-01
-.2128299E-01
-.2238473E-01
-.2393535E-01
-.2569093E-01
-.2687233E-01
-.2694186E-01
-.2602115E-01
-.2486057E-01
-.2441904E-01
-.2487107E-01
-.2606065E-01
-.2743377E-01
-.2860805E-01
-.2929369E-01
-.2938788E-01
-.2915351E-01
-.2882120E-01
-.2864087E-01
-.2910324E-01
-.3083541E-01
-.3337146E-01
-.3622972E-01
-.3824282E-01
-.3896527E-01
-.3785240E-01
-.3568723E-01
-.3358933E-01
-.3228506E-01
-.3235460E-01
-.3334635E-01
-.3386583E-01
-.3299613E-01
-.3103281E-01
-.2814654E-01
-.2488179E-01
-.2217095E-01
-.2074113E-01
-.2077206E-01
-.2193314E-01
-.2372562E-01
-.2566992E-01
-.2580695E-01
-.2526559E-01
-.2417046E-01
-.2306505E-01
-.2261253E-01
-.2321872E-01
-.2539473E-01
-.2804187E-01
-.3021485E-01
-.3154021E-01
-.3225663E-01
-.3207233E-01
-.3183912E-01
-.3175085E-01
-.3211233E-01
-.3227367E-01
-.3175903E-01
-.2980607E-01
-.2665572E-01
-.2367149E-01
-.2124433E-01
-.1916080E-01
-.1696620E-01
-.1379019E-01
-.1008705E-01
-.6453086E-02
-.3235425E-02
-.5357506E-03
.1180462E-02
.2216495E-02
.3129959E-02
.4897309E-02
.6820580E-02
.8776639E-02
.1014709E-01
.1118412E-01
.1187831E-01
.1195247E-01
.1143696E-01
.1049108E-01
.9084070E-02
.7503748E-02
.5843768E-02
.4655109E-02
.4457771E-02
.5382552E-02
.7147724E-02
.8505993E-02
.9304167E-02
.9460893E-02
.9007542E-02
.8613442E-02
.9332041E-02
.1127885E-01
.1428124E-01
.1756527E-01
.2058704E-01
.2210345E-01
.2293426E-01
.2410382E-01
.2569862E-01
.2885014E-01
.3269405E-01
.3666751E-01
.3958835E-01
.4106498E-01
.4112986E-01
.4002684E-01
.3829959E-01
.3596653E-01
.3335899E-01
.3063715E-01
.2791641E-01
.2525277E-01
.2274619E-01
.2085363E-01
.1901313E-01
.1627202E-01
.1290047E-01
.1072528E-01
.9648728E-02
.9743095E-02
.1069939E-01
.1168423E-01
.1288228E-01
.1316134E-01
.1259071E-01
.1143662E-01
.9644037E-02
.8238029E-02
.8039649E-02
.8871495E-02
.1065702E-01
.1254874E-01
.1389876E-01
.1443377E-01
.1432316E-01
.1387189E-01
.1351847E-01
.1412081E-01
.1461404E-01
.1460955E-01
.1430207E-01
.1324181E-01
.1137785E-01
.8898803E-02
.6167801E-02
.4351713E-02
.3192518E-02
.2603500E-02
.2645837E-02
.3513363E-02
.4952093E-02
.6282737E-02
.7890787E-02
.9886438E-02
.1132315E-01
.1234168E-01
.1243505E-01
.1286091E-01
.1427823E-01
.1657687E-01
.1913049E-01
.2132914E-01
.2238848E-01
.2216370E-01
.2149926E-01
.2090916E-01
.2046093E-01
.2034521E-01
.2042127E-01
.2054216E-01
.2023982E-01
.1890930E-01
.1684748E-01
.1443873E-01
.1246969E-01
.1125846E-01
.1048688E-01
.9992718E-02
.9734220E-02
.9670524E-02
.9611945E-02
.9215668E-02
.8117755E-02
.6588273E-02
.4717161E-02
.3314139E-02
.3066866E-02
.3228542E-02
.3919679E-02
.4513850E-02
.4325728E-02
.3997828E-02
.3334422E-02
.3396136E-02
.3801667E-02
.4237749E-02
.4344454E-02
.4266433E-02
.3530596E-02
.2075582E-02
.3779121E-03
-.1053644E-02
-.2085289E-02
-.2767164E-02
-.3029705E-02
-.3768656E-02
-.5823320E-02
-.9179627E-02
-.1239814E-01
-.1454680E-01
-.1490935E-01
-.1427449E-01
-.1479611E-01
-.1630304E-01
-.1882082E-01
-.2132746E-01
-.2266209E-01
-.2305627E-01
-.2279356E-01
-.2263803E-01
-.2241202E-01
-.2349566E-01
-.2546674E-01
-.2754599E-01
-.2859504E-01
-.2799675E-01
-.2719451E-01
-.2595067E-01
-.2434668E-01
-.2303733E-01
-.2248089E-01
-.2261082E-01
-.2316310E-01
-.2382547E-01
-.2468172E-01
-.2539212E-01
-.2605765E-01
-.2663942E-01
-.2623699E-01
-.2553466E-01
-.2492215E-01
-.2416572E-01
-.2263318E-01
-.2017856E-01
-.1752706E-01
-.1435009E-01
-.1071839E-01
-.7070226E-02
-.3582326E-02
-.6114266E-03
.1888118E-02
.4578536E-02
.7400390E-02
.1007856E-01
.1246797E-01
.1391504E-01
.1434914E-01
.1435693E-01
.1469820E-01
.1544759E-01
.1623967E-01
.1703079E-01
.1832676E-01
.2031641E-01
.2221421E-01
.2375097E-01
.2486237E-01
.2502528E-01
.2482800E-01
.2444102E-01
.2443449E-01
.2493089E-01
.2620448E-01
.2748118E-01
.2827540E-01
.2870981E-01
.2840244E-01
.2763779E-01
.2655116E-01
.2557355E-01
.2482046E-01
.2381122E-01
.2233087E-01
.2017116E-01
.1721385E-01
.1442775E-01
.1179480E-01
.9839041E-02
.8016977E-02
.6344771E-02
.4754255E-02
.2935180E-02
.4705138E-03
-.1579104E-02
-.3248155E-02
-.4234918E-02
-.4357667E-02
-.3698147E-02
-.2519372E-02
-.2184186E-02
-.2272253E-02
-.2463372E-02
-.2861508E-02
-.2831314E-02
-.2419578E-02
-.1579469E-02
-.2415607E-03
.4149326E-03
.5257970E-03
-.1417240E-04
-.5754919E-03
-.1065491E-02
-.7699977E-03
.5277703E-04
.1636587E-03
-.5099171E-03
-.2853116E-02
-.6486720E-02
-.1013863E-01
-.1276044E-01
-.1426014E-01
-.1502551E-01
-.1597848E-01
-.1804952E-01
-.2161371E-01
-.2633865E-01
-.3064133E-01
-.3303061E-01
-.3316457E-01
-.3149418E-01
-.2962283E-01
-.2842272E-01
-.2900341E-01
-.3063262E-01
-.3156424E-01
-.3169621E-01
-.3111516E-01
-.3020870E-01
-.2963787E-01
-.2971385E-01
-.3012018E-01
-.2962663E-01
-.2812760E-01
-.2569316E-01
-.2277326E-01
-.2036936E-01
-.1902943E-01
-.1838409E-01
-.1769799E-01
-.1668738E-01
-.1531993E-01
-.1376166E-01
-.1163837E-01
-.9615994E-02
-.7949652E-02
-.7060463E-02
-.6991463E-02
-.6835632E-02
-.6699269E-02
-.6239511E-02
-.5359600E-02
-.3980802E-02
-.2842807E-02
-.2079089E-02
-.2149814E-02
-.1952186E-02
-.9243853E-03
.6584259E-03
.3418179E-02
.6334109E-02
.8548216E-02
.9689427E-02
.9756415E-02
.9807114E-02
.1052385E-01
.1220151E-01
.1445946E-01
.1669403E-01
.1775659E-01
.1768807E-01
.1722060E-01
.1697549E-01
.1763105E-01
.1974529E-01
.2276521E-01
.2557710E-01
.2709357E-01
.2673238E-01
.2547243E-01
.2412771E-01
.2376943E-01
.2477797E-01
.2680137E-01
.2816893E-01
.2836453E-01
.2769117E-01
.2640776E-01
.2575565E-01
.2658466E-01
.2865404E-01
.3164136E-01
.3466136E-01
.3675217E-01
.3742544E-01
.3671228E-01
.3472174E-01
.3183806E-01
.2896442E-01
.2519436E-01
.2060302E-01
.1520811E-01
.9581490E-02
.3954980E-02
-.8444766E-03
-.4157639E-02
-.5297326E-02
-.4978270E-02
-.3812700E-02
-.3253949E-02
-.3158366E-02
-.2807688E-02
-.2652902E-02
-.2247133E-02
-.1610943E-02
-.9012066E-03
-.7545733E-03
-.1477934E-02
-.3611026E-02
-.6639572E-02
-.9050092E-02
-.1090365E-01
-.1121098E-01
-.1058488E-01
-.9904783E-02
-.1039049E-01
-.1173516E-01
-.1373250E-01
-.1554420E-01
-.1650219E-01
-.1616791E-01
-.1537147E-01
-.1510853E-01
-.1592469E-01
-.1804963E-01
-.2082930E-01
-.2314388E-01
-.2440380E-01
-.2479067E-01
-.2466948E-01
-.2426474E-01
-.2481165E-01
-.2638175E-01
-.2826488E-01
-.3020403E-01
-.3123957E-01
-.3202012E-01
-.3279347E-01
-.3379532E-01
-.3472271E-01
-.3642337E-01
-.3808111E-01
-.3879016E-01
-.3821721E-01
-.3701897E-01
-.3581461E-01
-.3370139E-01
-.3096095E-01
-.2726788E-01
-.2244457E-01
-.1827071E-01
-.1384625E-01
-.9894866E-02
-.6122150E-02
-.2449237E-02
.1219430E-02
.5182042E-02
.8502936E-02
.1099979E-01
.1223685E-01
.1197158E-01
.1198155E-01
.1272498E-01
.1421494E-01
.1635891E-01
.1804477E-01
.1904009E-01
.1916333E-01
.1878478E-01
.1861834E-01
.1901187E-01
.1963185E-01
.2036104E-01
.2095758E-01
.2081969E-01
.2022795E-01
.1996367E-01
.1935151E-01
.1850473E-01
.1756313E-01
.1647471E-01
.1541475E-01
.1449855E-01
.1349266E-01
.1242861E-01
.1137071E-01
.1086253E-01
.1026365E-01
.1011765E-01
.1015726E-01
.1046003E-01
.1004886E-01
.9030709E-02
.8298212E-02
.8320475E-02
.8458034E-02
.8423216E-02
.8328206E-02
.7927136E-02
.7509839E-02
.6570251E-02
.5087055E-02
.3490539E-02
.1895143E-02
.2894702E-03
-.1858800E-02
-.3933678E-02
-.5769809E-02
-.7432633E-02
-.9203486E-02
-.1084489E-01
-.1205986E-01
-.1253651E-01
-.1260502E-01
-.1262243E-01
-.1350997E-01
-.1502791E-01
-.1634691E-01
-.1737523E-01
-.1805777E-01
-.1895762E-01
-.1942087E-01
-.2021352E-01
-.2121840E-01
-.2216210E-01
-.2250093E-01
-.2198393E-01
-.2089783E-01
-.1949144E-01
-.1863994E-01
-.1763121E-01
-.1654103E-01
-.1462356E-01
-.1248179E-01
-.1014710E-01
-.7604463E-02
-.4738379E-02
-.2119209E-02
.7224155E-03
.3356867E-02
.5900655E-02
.8009894E-02
.1015281E-01
.1178670E-01
.1266895E-01
.1306457E-01
.1313378E-01
.1311216E-01
.1276525E-01
.1258961E-01
.1283328E-01
.1363991E-01
.1454355E-01
.1502075E-01
.1510120E-01
.1494801E-01
.1545895E-01
.1656547E-01
.1825341E-01
.2033710E-01
.2230160E-01
.2342856E-01
.2372521E-01
.2349351E-01
.2318334E-01
.2315666E-01
.2402964E-01
.2498830E-01
.2507801E-01
.2506359E-01
.2537044E-01
.2581503E-01
.2712768E-01
.2908798E-01
.3102590E-01
.3245480E-01
.3300570E-01
.3254867E-01
.3188331E-01
.3160681E-01
.3190042E-01
.3154948E-01
.2991015E-01
.2676443E-01
.2185201E-01
.1638984E-01
.1114782E-01
.6787247E-02
.2645847E-02
-.1108865E-02
-.4505686E-02
-.7521921E-02
-.1008341E-01
-.1266514E-01
-.1404643E-01
-.1405777E-01
-.1301350E-01
-.1190285E-01
-.1066680E-01
-.9431698E-02
-.8520988E-02
-.7712265E-02
-.7143260E-02
-.6712928E-02
-.5892000E-02
-.4726269E-02
-.3672768E-02
-.3113911E-02
-.2046130E-02
-.1546403E-02
-.1780140E-02
-.2010741E-02
-.2038439E-02
-.2618937E-02
-.2242739E-02
-.2226510E-02
-.2653034E-02
-.3614994E-02
-.4829959E-02
-.5579777E-02
-.5639114E-02
-.5686143E-02
-.5057984E-02
-.5336530E-02
-.6883016E-02
-.8574266E-02
-.1090819E-01
-.1224656E-01
-.1252215E-01
-.1209084E-01
-.1160852E-01
-.1171472E-01
-.1192910E-01
-.1244229E-01
-.1304421E-01
-.1367368E-01
-.1425118E-01
-.1452058E-01
-.1487162E-01
-.1595598E-01
-.1811663E-01
-.2110026E-01
-.2383288E-01
-.2579856E-01
-.2625161E-01
-.2582439E-01
-.2553892E-01
-.2595422E-01
-.2656133E-01
-.2699398E-01
-.2625969E-01
-.2411788E-01
-.2169656E-01
-.1898963E-01
-.1682530E-01
-.1540256E-01
-.1513650E-01
-.1493165E-01
-.1412184E-01
-.1241862E-01
-.1043893E-01
-.9151841E-02
-.9107060E-02
-.9853858E-02
-.1085055E-01
-.1167996E-01
-.1168314E-01
-.1080612E-01
-.9490457E-02
-.8907184E-02
-.8530897E-02
-.8499470E-02
-.8271163E-02
-.7551244E-02
-.6560896E-02
-.4792416E-02
-.2441427E-02
-.1792449E-03
.1195630E-02
.2221576E-02
.2703955E-02
.3680953E-02
.4358126E-02
.5540129E-02
.7172039E-02
.8490759E-02
.9051655E-02
.9325887E-02
.9285002E-02
.8818702E-02
.8794092E-02
.9012215E-02
.9572071E-02
.9911607E-02
.9980831E-02
.9929691E-02
.9914293E-02
.9033915E-02
.7512938E-02
.5303494E-02
.2806397E-02
.2491045E-03
-.1468762E-02
-.2314520E-02
-.2773702E-02
-.2973822E-02
-.3134083E-02
-.3361718E-02
-.3248643E-02
-.2303310E-02
-.8346591E-03
.9185583E-03
.2442307E-02
.2963379E-02
.2330839E-02
.1135261E-02
.1548825E-03
.3301345E-03
.1288764E-02
.2223951E-02
.2952097E-02
.3290587E-02
.3444463E-02
.3277024E-02
.3004574E-02
.2664772E-02
.2289276E-02
.1387442E-02
.1459711E-03
-.1208760E-02
-.2113652E-02
-.2616691E-02
-.2748399E-02
-.2920971E-02
-.2838499E-02
-.3125297E-02
-.4112812E-02
-.5218726E-02
-.5509594E-02
-.4189974E-02
-.1481016E-02
.1406391E-02
.3673727E-02
.4377340E-02
.4444532E-02
.4312726E-02
.4963350E-02
.6769536E-02
.9556068E-02
.1191411E-01
.1368881E-01
.1451791E-01
.1479019E-01
.1501130E-01
.1628816E-01
.1830143E-01
.2014546E-01
.2180482E-01
.2303889E-01
.2408114E-01
.2539686E-01
.2665741E-01
.2770580E-01
.2810853E-01
.2823799E-01
.2803995E-01
.2841521E-01
.2884857E-01
.2873040E-01
.2786424E-01
.2650823E-01
.2520249E-01
.2469532E-01
.2531431E-01
.2608622E-01
.2598612E-01
.2468851E-01
.2246073E-01
.2024911E-01
.1862105E-01
.1813736E-01
.1744975E-01
.1670288E-01
.1558585E-01
.1434941E-01
.1310286E-01
.1224171E-01
.1192538E-01
.1205878E-01
.1212292E-01
.1137707E-01
.1026823E-01
.8960364E-02
.8015739E-02
.7214800E-02
.6028431E-02
.4058601E-02
.1344282E-02
-.1301852E-02
-.3470482E-02
-.4718231E-02
-.5612898E-02
-.6188401E-02
-.7196288E-02
-.9471142E-02
-.1225282E-01
-.1473268E-01
-.1597418E-01
-.1622946E-01
-.1586750E-01
-.1618594E-01
-.1793844E-01
-.2029491E-01
-.2254622E-01
-.2405503E-01
-.2450608E-01
-.2432077E-01
-.2435459E-01
-.2476683E-01
-.2536068E-01
-.2573117E-01
-.2576810E-01
-.2474017E-01
-.2292990E-01
-.2101765E-01
-.1946135E-01
-.1856084E-01
-.1812345E-01
-.1778400E-01
-.1723035E-01
-.1636563E-01
-.1547839E-01
-.1532977E-01
-.1615003E-01
-.1787190E-01
-.2022828E-01
-.2242149E-01
-.2401800E-01
-.2519731E-01
-.2570447E-01
-.2624431E-01
-.2694122E-01
-.2741872E-01
-.2690489E-01
-.2543224E-01
-.2370973E-01
-.2191063E-01
-.2093575E-01
-.2078913E-01
-.2093626E-01
-.2044273E-01
-.1903030E-01
-.1727609E-01
-.1517925E-01
-.1339746E-01
-.1220024E-01
-.1104475E-01
-.1006176E-01
-.8871580E-02
-.7173549E-02
-.5215321E-02
-.3039956E-02
-.1173508E-02
.6693556E-03
.2595978E-02
.4271587E-02
.6048235E-02
.7240363E-02
.8335669E-02
.9332954E-02
.1061592E-01
.1212628E-01
.1324611E-01
.1430053E-01
.1533359E-01
.1579641E-01
.1624504E-01
.1677214E-01
.1744310E-01
.1815989E-01
.1873505E-01
.1928971E-01
.1971476E-01
.2001443E-01
.2001832E-01
.1973554E-01
.1938138E-01
.1943314E-01
.2007555E-01
.2067204E-01
.2096962E-01
.2074908E-01
.2015116E-01
.1974805E-01
.1981310E-01
.2015457E-01
.2032684E-01
.1980643E-01
.1905838E-01
.1773727E-01
.1619783E-01
.1461866E-01
.1298025E-01
.1130318E-01
.9311873E-02
.6762702E-02
.3904356E-02
.1425545E-02
-.2352999E-03
-.1131080E-02
-.1408821E-02
-.1391692E-02
-.1962164E-02
-.3237359E-02
-.5065470E-02
-.6682417E-02
-.7721085E-02
-.7726421E-02
-.7125941E-02
-.6238774E-02
-.5684213E-02
-.5096916E-02
-.4783020E-02
-.4510921E-02
-.3998150E-02
-.3470033E-02
-.2634919E-02
-.2260811E-02
-.2185625E-02
-.2601005E-02
-.3534563E-02
-.4744513E-02
-.5988174E-02
-.7258329E-02
-.8055237E-02
-.8626688E-02
-.9210431E-02
-.9581986E-02
-.9511860E-02
-.9399920E-02
-.9360429E-02
-.9259702E-02
-.9215104E-02
-.9703920E-02
-.1054879E-01
-.1160679E-01
-.1310135E-01
-.1413997E-01
-.1528676E-01
-.1665586E-01
-.1737322E-01
-.1823031E-01
-.1846526E-01
-.1861243E-01
-.1859536E-01
-.1823253E-01
-.1781158E-01
-.1694591E-01
-.1608633E-01
-.1527064E-01
-.1485689E-01
-.1469911E-01
-.1439839E-01
-.1429364E-01
-.1381452E-01
-.1237565E-01
-.1054904E-01
-.8672593E-02
-.6913341E-02
-.5530542E-02
-.4427143E-02
-.3208546E-02
-.1357500E-02
.9106469E-03
.2892273E-02
.4081286E-02
.4485992E-02
.4694749E-02
.5542090E-02
.6591339E-02
.7808969E-02
.9109140E-02
.1062155E-01
.1142091E-01
.1200413E-01
.1212416E-01
.1256349E-01
.1343119E-01
.1502723E-01
.1684864E-01
.1785818E-01
.1841786E-01
.1867776E-01
.1876825E-01
.1929826E-01
.2005579E-01
.2135192E-01
.2229307E-01
.2251004E-01
.2219253E-01
.2145688E-01
.2056310E-01
.2008535E-01
.2006062E-01
.2082841E-01
.2152376E-01
.2193965E-01
.2118255E-01
.1924737E-01
.1692150E-01
.1450883E-01
.1178722E-01
.8570814E-02
.5136217E-02
.1635193E-02
-.1363912E-02
-.3660319E-02
-.5275322E-02
-.6243670E-02
-.6586742E-02
-.6436178E-02
-.5930574E-02
-.5616781E-02
-.5544665E-02
-.5347204E-02
-.5098638E-02
-.4574658E-02
-.3954810E-02
-.3358443E-02
-.2712080E-02
-.2086150E-02
-.1588704E-02
-.1531919E-02
-.1827001E-02
-.2445465E-02
-.3321942E-02
-.4538125E-02
-.5723673E-02
-.6449255E-02
-.7116641E-02
-.8141105E-02
-.9366420E-02
-.1036125E-01
-.1112248E-01
-.1164202E-01
-.1217070E-01
-.1256376E-01
-.1334540E-01
-.1399555E-01
-.1401118E-01
-.1352702E-01
-.1237377E-01
-.1121338E-01
-.1030286E-01
-.9725893E-02
-.9807820E-02
-.1024172E-01
-.1092036E-01
-.1109613E-01
-.1099754E-01
-.1058277E-01
-.1073611E-01
-.1118935E-01
-.1194349E-01
-.1293122E-01
-.1370476E-01
-.1417940E-01
-.1423790E-01
-.1387823E-01
-.1321663E-01
-.1202460E-01
-.1069899E-01
-.9185693E-02
-.7225638E-02
-.5668409E-02
-.3659399E-02
-.1948184E-02
-.5848127E-03
.4277217E-03
.1087272E-02
.1488829E-02
.1889313E-02
.2554026E-02
.3007538E-02
.3339743E-02
.3594352E-02
.3857171E-02
.4439194E-02
.5217140E-02
.6127630E-02
.6845351E-02
.7252962E-02
.7398484E-02
.7322596E-02
.7679231E-02
.8129673E-02
.8799466E-02
.9570200E-02
.1015429E-01
.1038749E-01
.1032390E-01
.1019908E-01
.1023848E-01
.1053082E-01
.1077224E-01
.1104419E-01
.1109074E-01
.1088532E-01
.1075848E-01
.1065916E-01
.1053743E-01
.9755741E-02
.9147468E-02
.8689120E-02
.8283778E-02
.7931488E-02
.7532303E-02
.7059660E-02
.6539074E-02
.6031755E-02
.5355125E-02
.4843723E-02
.4562810E-02
.4307430E-02
.3902080E-02
.3277468E-02
.2198916E-02
.8357925E-03
-.3304797E-03
-.1160125E-02
-.1421651E-02
-.1423094E-02
-.1401067E-02
-.1123015E-02
-.5358821E-03
-.2343756E-03
.3027696E-03
.1140789E-02
.1859485E-02
.1951897E-02
.2169796E-02
.2334612E-02
.2356639E-02
.1787082E-02
.1219539E-02
.3225890E-03
-.7835251E-03
-.1485679E-02
-.2424513E-02
-.3277632E-02
-.3674844E-02
-.4051658E-02
-.3795075E-02
-.3458888E-02
-.3014568E-02
-.1635968E-02
.3995485E-03
.2392207E-02
.4121706E-02
.5583982E-02
.6134399E-02
.6132972E-02
.6093800E-02
.6530963E-02
.7365952E-02
.8109112E-02
.8536096E-02
.8793764E-02
.8695446E-02
.8255437E-02
.7755180E-02
.7147860E-02
.6345705E-02
.5693515E-02
.4605738E-02
.3990255E-02
.4322338E-02
.5429611E-02
.6936747E-02
.7997141E-02
.8014075E-02
.6636655E-02
.5273493E-02
.5384222E-02
.7086187E-02
.1013351E-01
.1232911E-01
.1346399E-01
.1335037E-01
.1124979E-01
.7757881E-02
.6198901E-02
.6821673E-02
.8607252E-02
.1035302E-01
.1134615E-01
.1046955E-01
.7693766E-02
.4456832E-02
.2574508E-02
.3792917E-02
.6530190E-02
.8072990E-02
.7252542E-02
.4666404E-02
.1283672E-02
-.1204607E-02
-.1874171E-02
-.1085187E-02
-.2430875E-03
-.2282207E-03
-.1538297E-02
-.3585920E-02
-.5495777E-02
-.6780447E-02
-.6920626E-02
-.6654939E-02
-.6913420E-02
-.8200068E-02
-.9535675E-02
-.1039500E-01
-.1049643E-01
-.1066722E-01
-.1172743E-01
-.1290808E-01
-.1399381E-01
-.1459812E-01
-.1506163E-01
-.1555785E-01
-.1615601E-01
-.1713976E-01
-.1819796E-01
-.1932969E-01
-.2056845E-01
-.2129104E-01
-.2150670E-01
-.2141131E-01
-.2206351E-01
-.2330736E-01
-.2437477E-01
-.2447527E-01
-.2444922E-01
-.2406102E-01
-.2411145E-01
-.2417112E-01
-.2451126E-01
-.2424757E-01
-.2351774E-01
-.2267275E-01
-.2192559E-01
-.2151389E-01
-.2122066E-01
-.2105488E-01
-.2057089E-01
-.2013071E-01
-.1955493E-01
-.1855176E-01
-.1736295E-01
-.1528054E-01
-.1308502E-01
-.1115866E-01
-.8717312E-02
-.6387028E-02
-.4149675E-02
-.1859180E-02
.8749629E-04
.1477344E-02
.2921154E-02
.4467073E-02
.4822554E-02
.4635444E-02
.3960707E-02
.5063904E-02
.6868793E-02
.8809397E-02
.1021551E-01
.9725500E-02
.8054289E-02
.6379999E-02
.6675275E-02
.9163685E-02
.1183869E-01
.1378636E-01
.1387259E-01
.1255838E-01
.1034042E-01
.9313806E-02
.9865113E-02
.1146504E-01
.1298538E-01
.1448632E-01
.1483265E-01
.1385301E-01
.1221339E-01
.1070636E-01
.1027235E-01
.1115319E-01
.1300808E-01
.1429891E-01
.1415870E-01
.1283634E-01
.1084279E-01
.8731903E-02
.7220825E-02
.6756230E-02
.6710885E-02
.6949049E-02
.7040403E-02
.6164755E-02
.4831150E-02
.3142558E-02
.1971122E-02
.1740101E-02
.1832440E-02
.1737082E-02
.1591754E-02
.1321955E-02
.9196026E-03
.3958450E-03
.1719853E-03
-.3109707E-03
-.1260042E-02
-.2117326E-02
-.3311213E-02
-.4017559E-02
-.4215939E-02
-.3806386E-02
-.3313188E-02
-.3987903E-02
-.5769314E-02
-.8149449E-02
-.9720754E-02
-.9709037E-02
-.8103064E-02
-.6119633E-02
-.4920621E-02
-.5221998E-02
-.6671939E-02
-.7423127E-02
-.6749443E-02
-.4615062E-02
-.2178792E-02
-.6808761E-03
-.3110787E-03
-.1777297E-02
-.3073236E-02
-.3207303E-02
-.2102154E-02
-.5940497E-03
.6417024E-03
.1395013E-02
.1729060E-02
.2035616E-02
.2832749E-02
.3800259E-02
.5266508E-02
.6831749E-02
.8017526E-02
.8421980E-02
.8691787E-02
.9225833E-02
.9710855E-02
.1040192E-01
.1072376E-01
.1110886E-01
.1083098E-01
.1003488E-01
.8853239E-02
.8252011E-02
.8497339E-02
.9192462E-02
.1045066E-01
.1149775E-01
.1179413E-01
.1125814E-01
.1041210E-01
.9486525E-02
.8845468E-02
.7844322E-02
.6859550E-02
.5819674E-02
.4681900E-02
.4111198E-02
.4205574E-02
.4613864E-02
.5599310E-02
.6866949E-02
.7342725E-02
.6898379E-02
.5851696E-02
.4156506E-02
.2165504E-02
.3999646E-03
-.1669263E-02
-.3287973E-02
-.5074967E-02
-.7315271E-02
-.9502088E-02
-.1159937E-01
-.1254927E-01
-.1275934E-01
-.1252023E-01
-.1150984E-01
-.1074086E-01
-.9819957E-02
-.9450135E-02
-.9271824E-02
-.8990279E-02
-.8792857E-02
-.8809323E-02
-.9368588E-02
-.9660527E-02
-.9785701E-02
-.9220867E-02
-.7879726E-02
-.6018160E-02
-.4493454E-02
-.3349529E-02
-.2622831E-02
-.1714780E-02
-.1088856E-02
-.8444656E-03
-.7852926E-03
-.6805056E-03
-.9606536E-03
-.2062974E-02
-.3531104E-02
-.4840626E-02
-.6060342E-02
-.6938707E-02
-.7507292E-02
-.8204109E-02
-.8535640E-02
-.8436625E-02
-.8402112E-02
-.8259504E-02
-.7825000E-02
-.6802635E-02
-.5547855E-02
-.4101861E-02
-.3227352E-02
-.2136242E-02
-.1225205E-02
-.6869789E-03
-.1629632E-03
.7005860E-03
.1765953E-02
.2467682E-02
.3351962E-02
.3862401E-02
.3880693E-02
.4109981E-02
.4607768E-02
.4987979E-02
.5076117E-02
.4598306E-02
.3447073E-02
.2120590E-02
.9505907E-03
.6457564E-04
-.7238262E-03
-.3694133E-03
-.6262947E-04
.1960612E-03
.5131977E-03
.1068190E-02
.1883613E-02
.2512979E-02
.2925525E-02
.3324126E-02
.3817750E-02
.4393170E-02
.4733048E-02
.5143807E-02
.5686253E-02
.5994878E-02
.6104020E-02
.6028006E-02
.5638121E-02
.5272689E-02
.4935878E-02
.4476110E-02
.3620045E-02
.2754318E-02
.2742888E-02
.3272926E-02
.3645626E-02
.3853004E-02
.3759946E-02
.3229894E-02
.2957115E-02
.2678642E-02
.2233452E-02
.1897698E-02
.1756391E-02
.1651823E-02
.1172578E-02
.5463406E-03
.9164069E-04
-.6312890E-03
-.6320284E-03
-.4699586E-03
-.1642914E-04
.2656345E-03
-.1290081E-03
-.1037702E-02
-.2222929E-02
-.3022306E-02
-.3359810E-02
-.3072420E-02
-.2309035E-02
-.1578551E-02
-.1342945E-02
-.1699488E-02
-.2267030E-02
-.2524643E-02
-.2239870E-02
-.1605931E-02
-.1078858E-02
-.7595857E-03
-.7576774E-03
-.1178771E-02
-.1445136E-02
-.1309905E-02
-.8119927E-03
-.2656937E-03
.6169901E-04
.2867442E-03
.2508026E-03
.3050673E-03
.4836136E-03
.5194718E-03
.4283090E-03
.2039374E-03
-.2488997E-03
-.9030710E-03
-.1365824E-02
-.1251409E-02
-.7860079E-03
-.2217971E-03
-.2128490E-03
-.7782868E-03
-.1489295E-02
-.2101784E-02
-.2150463E-02
-.1638987E-02
-.1071141E-02
-.6356534E-03
-.5900201E-03
-.6451347E-03
-.3644751E-03
.5651198E-04
.6386250E-03
.1388313E-02
.1728369E-02
.1815164E-02
.1480741E-02
.8376933E-03
.5475331E-03
.6289232E-03
.9191207E-03
.1055699E-02
.1083255E-02
.1039958E-02
.8975724E-03
.7840705E-03
.9304537E-03
.1148388E-02
.1247276E-02
.1029611E-02
.7126983E-03
.4462122E-03
.1555895E-03
-.9952889E-04
-.5570655E-03
-.1299022E-02
-.1980443E-02
-.2469155E-02
-.2680018E-02
-.2640804E-02
-.2370491E-02
-.2396785E-02
-.2761270E-02
-.3091496E-02
-.3304623E-02
-.3494839E-02
-.3584890E-02
-.3464511E-02
-.3256322E-02
-.3133578E-02
-.3085138E-02
-.3165093E-02
-.3207148E-02
-.3052075E-02
-.2768901E-02
-.2525743E-02
-.2244951E-02
-.2197898E-02
-.2309284E-02
-.2360524E-02
-.2235491E-02
-.1850828E-02
-.1614651E-02
-.1593263E-02
-.1783704E-02
-.2013804E-02
-.2054577E-02
-.2011748E-02
-.1679303E-02
-.1254265E-02
-.9136556E-03
-.5867883E-03
-.3221513E-03
-.9581001E-04
.4259774E-03
.1007480E-02
.1768278E-02
.2697957E-02
.3486129E-02
.4092650E-02
.4426377E-02
.4562498E-02
.4780882E-02
.5125937E-02
.5638962E-02
.6102589E-02
.6388342E-02
.6640507E-02
.6805695E-02
.6901705E-02
.6833914E-02
.6601760E-02
.6304839E-02
.5841613E-02
.5329164E-02
.5024123E-02
.4941350E-02
.5013872E-02
.4878231E-02
.4631771E-02
.4304822E-02
.3964029E-02
.3559222E-02
.3209365E-02
.2988387E-02
.2814832E-02
.2575340E-02
.2233337E-02
.1793534E-02
.1327563E-02
.1085316E-02
.1048054E-02
.1104562E-02
.1099632E-02
.9486071E-03
.7987959E-03
.6327129E-03
.5352121E-03
.5031683E-03
.3613747E-03
.1138761E-03
-.1926696E-03
-.4746423E-03
-.7367406E-03
-.7946738E-03
-.8557324E-03
-.9052946E-03
-.1005129E-02
-.1136298E-02
-.1196015E-02
-.1208606E-02
-.1134951E-02
-.1066047E-02
-.1008757E-02
-.9205745E-03
-.8279392E-03
-.8153915E-03
-.7062869E-03
-.5326072E-03
-.3191646E-03
-.1314403E-03
.6351250E-07
.1157121E-03
.2365318E-03
.3958670E-03
.5376037E-03
.6452056E-03
.6970444E-03
.7021485E-03
.6897477E-03
.6541536E-03
.6174947E-03
.5951698E-03
.5597075E-03
.5236232E-03
.5006728E-03
.4624057E-03
.4199092E-03
.4198074E-03
.4668078E-03
.5239018E-03
.5578214E-03
.5567684E-03
.5306449E-03
.4850741E-03
.4304147E-03
.3924188E-03
.3523071E-03
.3144314E-03
.2715198E-03
.2179115E-03
.1473614E-03
.8319076E-04
.3219431E-04
-.4176688E-05
-.4171024E-04
-.8135452E-04
-.1266730E-03
-.1596329E-03
-.1896860E-03
-.2001390E-03
-.2098944E-03
-.2262411E-03
-.2496555E-03
-.2861684E-03
-.3064104E-03
-.3166604E-03
-.3114676E-03
-.3011433E-03
-.2975703E-03
-.3021551E-03
-.3172471E-03
-.3318168E-03
-.3383261E-03
-.3417772E-03
-.3469138E-03
-.3534193E-03
-.3613283E-03
-.3684541E-03
-.3754388E-03
-.3828789E-03
-.3873447E-03
-.3983025E-03
-.4079628E-03
-.4149825E-03
-.4207666E-03
-.4251080E-03
-.4289785E-03
-.4346919E-03
-.4417396E-03
-.4510021E-03
-.4620241E-03
-.4734045E-03
-.4836288E-03
-.4924854E-03
-.5003696E-03
-.5083910E-03
-.5163203E-03
-.5239443E-03
-.5313692E-03
-.5387379E-03
-.5463830E-03
-.5539694E-03
-.5615127E-03
-.5693432E-03
-.5774911E-03
-.5860137E-03
-.5948826E-03
-.6038319E-03
-.6128336E-03
-.6219936E-03
-.6313077E-03
-.6408653E-03
-.6506106E-03
-.6604871E-03
-.6704753E-03
-.6805432E-03
-.6906928E-03
-.7008961E-03
-.7111617E-03
-.7214798E-03
-.7318281E-03
-.7421949E-03
-.7525746E-03
-.7629584E-03
-.7733460E-03
-.7837374E-03
-.7941303E-03
-.8045225E-03
-.8149130E-03
-.8253006E-03
-.8356843E-03
-.8460629E-03
