.8958195E-04
.8887734E-04
.8816821E-04
.8740342E-04
.8665767E-04
.8584413E-04
.8496807E-04
.8449021E-04
.8403466E-04
.8299981E-04
.8224430E-04
.8148671E-04
.8102782E-04
.8066512E-04
.8039320E-04
.7797089E-04
.7764533E-04
.7687220E-04
.7736911E-04
.7601520E-04
.7529323E-04
.7542929E-04
.7197983E-04
.7110144E-04
.7021794E-04
.6812239E-04
.7097569E-04
.7026053E-04
.6805746E-04
.7039701E-04
.7482808E-04
.7095729E-04
.7807611E-04
.6593897E-04
.6308353E-04
.5321423E-04
.5426134E-04
.5553602E-04
.6233060E-04
.6438970E-04
.6670920E-04
.6931313E-04
.6582843E-04
.5873689E-04
.6150245E-04
.5366250E-04
.5657497E-04
.4404409E-04
.5103769E-04
.6292572E-04
.4486090E-04
.5757164E-04
.5702132E-04
.6631742E-04
.6101831E-04
.5011015E-04
.5485352E-04
.4303109E-04
.3049793E-04
.3523751E-04
.5272644E-04
.3941844E-04
.5823047E-04
.3760344E-04
.5758527E-04
.6442902E-04
.4223246E-04
.1883224E-04
.1980237E-05
.2416012E-04
.2303197E-04
.3867238E-04
.4657133E-04
.4607223E-04
.2750511E-04
.4508751E-04
.3512393E-04
.2472762E-04
.4016821E-05
.2287432E-04
.1161928E-04
.1046388E-04
.3088371E-04
.4120906E-04
.6321799E-04
.4026812E-04
.4681735E-05
.2737587E-04
.2667095E-04
.2597755E-04
.6317277E-04
.5029680E-04
.3699835E-04
.2318942E-04
.4961598E-04
.6322079E-04
.4917813E-04
.6119993E-05
.5192528E-05
.1903295E-04
.6331652E-04
.1766065E-04
-.1394931E-04
.5622901E-06
-.3223883E-04
.1491211E-04
.4706515E-04
-.3643255E-04
.2979542E-04
-.4955034E-05
.2891163E-04
.2847935E-04
-.7693608E-05
.4565760E-04
-.2779970E-04
.4524611E-04
-.1133048E-04
.2586495E-04
.6149934E-05
-.1402715E-04
-.1492997E-04
-.1582333E-04
-.1671698E-04
.4364726E-04
-.1849341E-04
.1526249E-05
.8673238E-06
.2156239E-04
.2113562E-04
.2071055E-04
.4222890E-04
-.2462138E-04
-.3029008E-05
-.2634517E-04
-.2720390E-04
-.2806254E-04
.6427652E-04
-.2976113E-04
.1686476E-04
-.7502271E-05
.1601243E-04
.3987474E-04
-.9387292E-05
-.1001520E-04
-.1063739E-04
-.1125304E-04
-.1187332E-04
-.3803047E-04
-.1311118E-04
-.6546968E-04
-.1446733E-03
-.6743718E-04
-.1555057E-04
-.4280442E-04
-.1676633E-04
-.7127189E-04
.3627111E-04
.8770424E-05
.8340067E-05
.9071958E-04
-.4817398E-04
-.4891917E-04
.6610551E-05
-.7860753E-04
.5748393E-05
-.1945559E-03
-.8123929E-04
-.5331362E-04
-.5402785E-04
.3570360E-05
-.8462866E-04
-.2671694E-04
.2257258E-05
-.8708023E-04
-.8788201E-04
.9429711E-06
-.2952097E-04
-.1203689E-03
-.1212482E-03
-.3117102E-04
-.9251505E-04
.2873376E-04
.5903163E-04
-.6406366E-04
-.9540179E-04
-.6529562E-04
-.3930526E-05
.5766424E-04
.2622335E-04
-.3648959E-04
-.3700573E-04
.5642840E-04
.2469463E-04
.5577058E-04
-.1019952E-03
-.3954893E-04
-.7167294E-04
.2269113E-04
.2227919E-04
.5360876E-04
-.1023180E-04
-.4250982E-04
-.1115217E-04
-.1160982E-04
.1970909E-04
-.4442359E-04
-.1405228E-03
-.7728004E-04
-.1414989E-03
-.1437125E-04
.4892200E-04
-.1528262E-04
-.7958194E-04
-.1118633E-03
-.8048314E-04
-.1707064E-04
-.8136140E-04
-.1136192E-03
.1344555E-04
-.5074276E-04
-.5116486E-04
-.1966220E-04
-.2008686E-04
-.1481026E-03
-.8476980E-04
-.1489297E-03
-.8557462E-04
-.1497261E-03
-.5445861E-04
-.8677487E-04
-.1509305E-03
-.8756576E-04
-.8795138E-04
-.2448347E-04
-.1205397E-03
-.5715992E-04
-.8946075E-04
-.2597909E-04
-.2633501E-04
-.2668999E-04
-.5897154E-04
-.9124394E-04
-.9160487E-04
-.9195182E-04
.3530457E-04
.6679273E-04
.3462921E-04
.3430233E-04
-.1254554E-03
-.6202830E-04
-.6233852E-04
.1097337E-05
-.6296613E-04
-.9520343E-04
-.1273305E-03
-.1370099E-06
-.4269312E-06
.3121025E-04
-.1285036E-03
-.9696681E-04
-.9724781E-04
-.6560144E-04
-.2119445E-05
-.6613458E-04
-.3447460E-04
-.1623381E-03
-.1306681E-03
-.6717427E-04
-.6742402E-04
-.9960010E-04
-.1316601E-03
-.4397349E-05
-.6836937E-04
-.6859769E-04
-.5063754E-05
-.6903775E-04
-.3732729E-04
-.1013852E-03
-.6966266E-04
-.1017922E-03
-.6315660E-05
-.3832804E-04
-.1023645E-03
-.7063147E-04
-.1345548E-03
-.1347303E-03
-.1030732E-03
-.1350792E-03
-.1034128E-03
-.3972360E-04
-.1355505E-03
-.7195575E-04
-.1358429E-03
-.1359894E-03
-.1361193E-03
-.1681841E-03
-.7263656E-04
.2291934E-04
-.1048000E-03
-.1049314E-03
-.4118439E-04
-.9458854E-05
-.7330702E-04
-.1371654E-03
-.9753581E-05
-.1055167E-03
-.1055967E-03
-.1056765E-03
-.1006873E-04
-.1013849E-04
-.1376903E-03
-.1059422E-03
-.1378191E-03
-.1060367E-03
-.7415919E-04
-.4227642E-04
-.7423840E-04
-.7426549E-04
-.7429433E-04
-.4238755E-04
-.4240952E-04
-.4242177E-04
-.4243334E-04
-.1062894E-03
-.7436671E-04
-.1381149E-03
-.1062771E-03
-.1062580E-03
-.7432047E-04
-.7429552E-04
-.4233905E-04
-.1047719E-04
-.7419365E-04
-.1060776E-03
-.1697816E-03
-.1059778E-03
-.1377441E-03
-.1058559E-03
-.1376153E-03
-.1375464E-03
-.4179700E-04
-.1055675E-03
-.1692313E-03
-.2328943E-03
-.2965466E-03
-.4239483E-03
-.3281702E-03
-.4113518E-04
.3095489E-03
.2459139E-03
.1822850E-03
.2309640E-04
-.8690053E-05
-.1042296E-03
-.3590733E-03
-.7095090E-03
-.4225328E-03
.8772615E-04
.4703885E-03
.4705596E-03
.8823590E-04
-.4854502E-03
-.4533460E-03
-.2619024E-03
-.5804571E-03
-.8352705E-03
-.2295043E-03
.8956278E-04
-.4203305E-03
-.8981915E-03
-.9617270E-03
-.6427568E-03
-.2919600E-03
.8876967E-03
.1525446E-02
.1270704E-02
.1302883E-02
.1908713E-02
.1207748E-02
-.4814072E-03
-.1883646E-02
-.2265882E-02
-.2966859E-02
-.3189688E-02
-.1627582E-02
.1259115E-03
.7318920E-03
-.3516447E-03
-.2486908E-02
-.2614118E-02
.5418511E-03
.3729700E-02
.4367550E-02
.2582893E-02
.5113167E-03
-.1241525E-02
-.2324926E-02
-.2770832E-02
-.4746724E-02
-.6403910E-02
-.3885403E-02
.7687377E-03
.3287292E-02
.3351439E-02
.2905587E-02
.1248488E-02
-.2193725E-02
-.2798943E-02
.1600191E-02
.6095062E-02
.4469880E-02
-.2574120E-02
-.6908741E-02
-.4262681E-02
-.1393498E-02
-.1584306E-02
-.3050109E-02
-.6874659E-02
-.8468018E-02
-.1614528E-02
.7597874E-02
.8299680E-02
.1083641E-03
-.3843823E-02
-.9746338E-03
.4284744E-03
-.7823960E-03
-.1444128E-03
-.1100148E-02
-.5307147E-02
-.6549785E-02
-.1736250E-02
.4830625E-02
.8433030E-02
.5437377E-02
-.1957085E-02
-.6642279E-02
-.4601798E-02
-.5849994E-03
-.1795669E-02
-.5492642E-02
-.3420201E-02
-.8940079E-05
-.4980925E-02
-.1215225E-01
-.1253426E-01
-.7115075E-02
.4870539E-02
.1736620E-01
.1816379E-01
.9972540E-02
.2482551E-02
-.9594653E-03
-.2807629E-02
-.6663831E-02
-.9563959E-02
-.1004144E-01
-.9849616E-02
-.5195303E-02
.2232261E-02
.4496001E-02
.5516660E-02
.5198585E-02
.2521736E-02
.3956795E-02
.6188716E-02
.3129423E-02
-.1109343E-02
-.5826162E-02
-.1121247E-01
-.1414434E-01
-.1481311E-01
-.1140196E-01
-.3751312E-02
.9349998E-02
.2053902E-01
.1687426E-01
.4985658E-02
-.4193718E-02
-.1286316E-01
-.1576317E-01
-.6423177E-02
.5435131E-02
.7348460E-02
.1994191E-02
.3971127E-02
.8019999E-02
-.9998698E-03
-.1425919E-01
-.1489608E-01
-.6161710E-02
.2541000E-02
.3848743E-02
-.2943405E-03
.2524774E-04
.3128660E-03
-.6667036E-02
-.1208510E-01
-.8482535E-02
.2546949E-02
.1051656E-01
.9369938E-02
.5227029E-02
.1597660E-03
-.9147051E-02
-.1440567E-01
-.1705062E-01
-.1988679E-01
-.1363873E-01
.3287694E-02
.2062858E-01
.2177729E-01
.2876288E-02
-.1793750E-01
-.2447104E-01
-.1822284E-01
-.6874556E-02
.8719544E-03
.5940855E-02
.9447977E-02
.1543872E-02
-.1404226E-01
-.1745206E-01
-.1104447E-01
-.1062920E-01
-.1289157E-01
-.5878293E-02
.1517689E-02
-.6035843E-02
-.1244199E-01
.3687625E-02
.2010416E-01
.8024606E-02
-.1377719E-01
-.1616701E-01
-.1122564E-01
-.1447603E-01
-.1457080E-01
-.2648773E-02
.9273401E-02
.8955624E-02
.3314679E-02
-.1593212E-02
-.1647801E-01
-.3101226E-01
-.2466835E-01
-.2673858E-02
.1696222E-01
.2257317E-01
.2056596E-01
.1572197E-01
-.4772760E-02
-.3199318E-01
-.3996121E-01
-.2733800E-01
-.1053895E-01
-.1836211E-02
-.2600248E-02
-.2439911E-02
-.7347712E-02
-.2857555E-01
-.4687100E-01
-.4215288E-01
-.1872399E-01
.9757070E-03
.8754239E-02
.1936943E-01
.2740312E-01
.1369799E-01
-.1374550E-01
-.4112527E-01
-.5451218E-01
-.4641549E-01
-.1798219E-01
.2438042E-01
.5619328E-01
.5007457E-01
.1325966E-01
-.2862309E-01
-.4711003E-01
-.3117187E-01
-.1941677E-02
.2419682E-01
.3595982E-01
.2378469E-01
.3544966E-02
-.7961030E-02
-.1876588E-01
-.3046313E-01
-.3298056E-01
-.2322611E-01
-.6714016E-02
.1062694E-01
.3058165E-01
.4518145E-01
.3558819E-01
.6837926E-02
-.8333879E-02
-.8425611E-03
.1178094E-01
.2159938E-01
.2730592E-01
.2185640E-01
.9394124E-02
.5601931E-02
.9045289E-02
.2862625E-02
-.1823793E-01
-.3497153E-01
-.3258013E-01
-.2075370E-01
-.1249722E-01
-.1048820E-01
-.1074229E-01
-.6119665E-02
.9894425E-03
-.1750868E-02
-.1265124E-01
-.1532803E-01
-.8697212E-02
.4627267E-02
.2295638E-01
.3280666E-01
.3618655E-01
.3641074E-01
.2327915E-01
.7693126E-02
.4442625E-02
.7535485E-02
.2021985E-02
-.1668774E-01
-.3048895E-01
-.2688642E-01
-.2500484E-01
-.3064598E-01
-.2927461E-01
-.2366383E-01
-.2283420E-01
-.2407664E-01
-.1999596E-01
-.1795517E-01
-.2098228E-01
-.7562352E-02
.2842550E-01
.5083467E-01
.3269883E-01
-.4657805E-02
-.1221166E-01
.1714596E-01
.3786573E-01
.2192934E-01
-.1125176E-01
-.3757976E-01
-.4688665E-01
-.4086158E-01
-.3764159E-01
-.4621523E-01
-.4688387E-01
-.2517646E-01
.4786913E-02
.2346647E-01
.3302997E-01
.3108665E-01
.1411954E-02
-.3664620E-01
-.3862200E-01
-.4100955E-02
.1881826E-01
.1174290E-01
-.7126289E-02
-.7890864E-02
.1907622E-01
.3418597E-01
.1270305E-01
-.1199935E-01
-.2688430E-01
-.3934685E-01
-.4428682E-01
-.4170450E-01
-.3061145E-01
-.7915938E-02
.1210260E-01
.1006342E-01
-.1046339E-01
-.2407365E-01
-.6446347E-02
.3881662E-01
.7474105E-01
.7923651E-01
.6897343E-01
.5985802E-01
.5090196E-01
.3005669E-01
-.1220889E-01
-.5339094E-01
-.5845914E-01
-.2980317E-01
-.7170994E-02
-.2103593E-01
-.4618481E-01
-.3792927E-01
.3381356E-02
.4147256E-01
.5004838E-01
.3022286E-01
.1026948E-01
.1575232E-01
.3997794E-01
.6229106E-01
.6225997E-01
.3931063E-01
.2372434E-01
.3076899E-01
.4973521E-01
.6334636E-01
.5776916E-01
.4173649E-01
.4189634E-01
.5815305E-01
.6650529E-01
.6236229E-01
.3906217E-01
-.7665921E-02
-.4741399E-01
-.5283282E-01
-.2478264E-01
.1375454E-01
.2931041E-01
.1984399E-01
.1541369E-01
.2966193E-01
.5092309E-01
.7052649E-01
.9529392E-01
.1265637E+00
.1454353E+00
.1468384E+00
.1528627E+00
.1651353E+00
.1659967E+00
.1446094E+00
.1067104E+00
.7496321E-01
.6626156E-01
.7509105E-01
.9880614E-01
.1279723E+00
.1318300E+00
.1047370E+00
.7936468E-01
.7034426E-01
.8057644E-01
.1085311E+00
.1284532E+00
.1228759E+00
.1087875E+00
.9833287E-01
.9186223E-01
.1052816E+00
.1431178E+00
.1722842E+00
.1714240E+00
.1551048E+00
.1399327E+00
.1326657E+00
.1353433E+00
.1393284E+00
.1313291E+00
.1167308E+00
.1092710E+00
.1075186E+00
.1047133E+00
.1020683E+00
.9974125E-01
.1012717E+00
.1106750E+00
.1190907E+00
.1210348E+00
.1215137E+00
.1187407E+00
.1059916E+00
.7931212E-01
.3950128E-01
-.2637935E-02
-.3938911E-01
-.7164697E-01
-.9622207E-01
-.1114269E+00
-.1262163E+00
-.1427280E+00
-.1499313E+00
-.1457564E+00
-.1425048E+00
-.1494852E+00
-.1637966E+00
-.1758140E+00
-.1841969E+00
-.1941421E+00
-.2055212E+00
-.2109095E+00
-.2057774E+00
-.1939830E+00
-.1860778E+00
-.1901259E+00
-.2003576E+00
-.2059676E+00
-.2037045E+00
-.1971068E+00
-.1935687E+00
-.1959270E+00
-.2001663E+00
-.2027484E+00
-.2054261E+00
-.2090916E+00
-.2148292E+00
-.2223525E+00
-.2266878E+00
-.2248383E+00
-.2206631E+00
-.2123120E+00
-.2036105E+00
-.2026858E+00
-.2089019E+00
-.2159469E+00
-.2046005E+00
-.1526758E+00
-.7302125E-01
-.2544835E-02
.3790454E-01
.4820101E-01
.4341960E-01
.4542839E-01
.6126988E-01
.8253065E-01
.9939227E-01
.1024527E+00
.9247577E-01
.8533586E-01
.9088184E-01
.9853225E-01
.9426090E-01
.8004458E-01
.7105547E-01
.7762172E-01
.9550319E-01
.1137677E+00
.1235532E+00
.1241912E+00
.1275698E+00
.1408613E+00
.1539937E+00
.1569582E+00
.1524320E+00
.1487026E+00
.1470450E+00
.1417541E+00
.1340720E+00
.1308842E+00
.1313623E+00
.1295774E+00
.1222461E+00
.1115039E+00
.1045869E+00
.1082209E+00
.1206520E+00
.1338156E+00
.1407962E+00
.1408280E+00
.1393616E+00
.1432500E+00
.1540236E+00
.1685269E+00
.1819463E+00
.1881616E+00
.1846874E+00
.1778661E+00
.1741686E+00
.1749013E+00
.1816270E+00
.1947918E+00
.2091359E+00
.2179963E+00
.2192398E+00
.2147454E+00
.2050241E+00
.1905206E+00
.1733406E+00
.1520481E+00
.1202375E+00
.7812989E-01
.3901968E-01
.1323188E-01
-.5382843E-02
-.2571999E-01
-.4774522E-01
-.6773235E-01
-.8309597E-01
-.9329629E-01
-.1015516E+00
-.1092661E+00
-.1145253E+00
-.1180960E+00
-.1212832E+00
-.1253958E+00
-.1314518E+00
-.1411740E+00
-.1545292E+00
-.1703081E+00
-.1872654E+00
-.2051797E+00
-.2233801E+00
-.2407215E+00
-.2567227E+00
-.2720544E+00
-.2877368E+00
-.3033244E+00
-.3168396E+00
-.3273269E+00
-.3342758E+00
-.3402696E+00
-.3454654E+00
-.3478559E+00
-.3471231E+00
-.3423427E+00
-.3305495E+00
-.3108831E+00
-.2871686E+00
-.2638691E+00
-.2430232E+00
-.2246302E+00
-.2102547E+00
-.2012341E+00
-.1956243E+00
-.1887709E+00
-.1781249E+00
-.1664272E+00
-.1582354E+00
-.1556211E+00
-.1578525E+00
-.1638132E+00
-.1718458E+00
-.1790495E+00
-.1819504E+00
-.1811222E+00
-.1787956E+00
-.1772012E+00
-.1766596E+00
-.1774246E+00
-.1782535E+00
-.1795283E+00
-.1830666E+00
-.1896331E+00
-.1991001E+00
-.2099372E+00
-.2207750E+00
-.2293497E+00
-.2325695E+00
-.2304977E+00
-.2273107E+00
-.2248256E+00
-.2216067E+00
-.2163458E+00
-.2091108E+00
-.1990060E+00
-.1849179E+00
-.1686291E+00
-.1527878E+00
-.1388262E+00
-.1272879E+00
-.1185852E+00
-.1095333E+00
-.9506166E-01
-.7373791E-01
-.4874725E-01
-.2445895E-01
-.2846890E-02
.1586353E-01
.2909252E-01
.3524414E-01
.4034489E-01
.5032155E-01
.6154229E-01
.7024399E-01
.7464371E-01
.7432496E-01
.7091494E-01
.6791859E-01
.6724991E-01
.6699480E-01
.6616668E-01
.6683598E-01
.7196870E-01
.8210486E-01
.9345271E-01
.1046408E+00
.1187941E+00
.1355922E+00
.1490761E+00
.1542720E+00
.1529664E+00
.1468149E+00
.1370935E+00
.1273400E+00
.1195633E+00
.1136665E+00
.1114678E+00
.1146873E+00
.1191509E+00
.1221794E+00
.1267697E+00
.1344519E+00
.1395848E+00
.1381190E+00
.1310754E+00
.1231071E+00
.1170838E+00
.1126854E+00
.1101041E+00
.1103594E+00
.1136436E+00
.1201783E+00
.1286581E+00
.1353525E+00
.1373630E+00
.1362162E+00
.1334106E+00
.1292675E+00
.1215861E+00
.1114825E+00
.1032273E+00
.1011880E+00
.1041214E+00
.1075646E+00
.1077246E+00
.1056534E+00
.1068337E+00
.1141658E+00
.1235378E+00
.1241444E+00
.1116507E+00
.9565038E-01
.8446278E-01
.7722801E-01
.7289388E-01
.7248045E-01
.7490380E-01
.7681722E-01
.7662712E-01
.7659610E-01
.8125070E-01
.9043160E-01
.1004735E+00
.1077739E+00
.1095920E+00
.1094973E+00
.1132284E+00
.1207519E+00
.1305701E+00
.1447874E+00
.1605986E+00
.1718198E+00
.1777497E+00
.1810341E+00
.1839364E+00
.1865515E+00
.1880824E+00
.1875419E+00
.1858540E+00
.1851862E+00
.1863668E+00
.1861452E+00
.1831828E+00
.1799332E+00
.1757264E+00
.1702456E+00
.1626607E+00
.1523669E+00
.1405743E+00
.1295793E+00
.1201458E+00
.1104894E+00
.1008324E+00
.9174993E-01
.8317697E-01
.7355265E-01
.6185579E-01
.5003213E-01
.4117236E-01
.3731731E-01
.3738217E-01
.3798981E-01
.3818247E-01
.3582576E-01
.2906971E-01
.1845740E-01
.5900135E-02
-.6242197E-02
-.1714197E-01
-.2682986E-01
-.3508397E-01
-.4139314E-01
-.4722474E-01
-.5276887E-01
-.5675182E-01
-.6041536E-01
-.6554532E-01
-.6978265E-01
-.6987659E-01
-.6356327E-01
-.5230960E-01
-.4446608E-01
-.4577106E-01
-.5329127E-01
-.6017427E-01
-.6520823E-01
-.7205957E-01
-.8018534E-01
-.8617596E-01
-.8853243E-01
-.8977405E-01
-.9209855E-01
-.9620800E-01
-.1013375E+00
-.1059892E+00
-.1071981E+00
-.1067178E+00
-.1080541E+00
-.1099647E+00
-.1126398E+00
-.1180878E+00
-.1233130E+00
-.1286340E+00
-.1348154E+00
-.1372037E+00
-.1339182E+00
-.1296769E+00
-.1271564E+00
-.1245716E+00
-.1229436E+00
-.1243755E+00
-.1239589E+00
-.1169438E+00
-.1057533E+00
-.9325582E-01
-.8206521E-01
-.7785474E-01
-.8343021E-01
-.9133264E-01
-.9241399E-01
-.8463389E-01
-.6987341E-01
-.5265837E-01
-.3894942E-01
-.3215672E-01
-.2797847E-01
-.2198298E-01
-.1637027E-01
-.1257408E-01
-.9415757E-02
-.7340839E-02
-.7051215E-02
-.6378773E-02
-.5100942E-02
-.4747343E-02
-.5031267E-02
-.6781400E-02
-.1181473E-01
-.1732608E-01
-.1690891E-01
-.1002079E-01
-.1220365E-02
.7803492E-02
.1080288E-01
.4148790E-03
-.1953572E-01
-.3840273E-01
-.5028921E-01
-.5551356E-01
-.5691314E-01
-.5522064E-01
-.4995839E-01
-.4147642E-01
-.3082721E-01
-.1912580E-01
-.7424642E-02
.2938250E-02
.1221703E-01
.2041233E-01
.2414497E-01
.2134345E-01
.1825471E-01
.1676011E-01
.1344830E-01
.1131597E-01
.1874598E-01
.3481444E-01
.5553643E-01
.7240195E-01
.7323423E-01
.6539682E-01
.6135217E-01
.5647867E-01
.4363661E-01
.2591763E-01
.1157720E-01
.8042387E-02
.1502630E-01
.2542115E-01
.3473204E-01
.4544560E-01
.5746590E-01
.6499226E-01
.6480463E-01
.6069657E-01
.5563199E-01
.4993034E-01
.4582194E-01
.4601656E-01
.4892074E-01
.5182501E-01
.5498424E-01
.5948220E-01
.6496827E-01
.7115592E-01
.7791704E-01
.8445514E-01
.8965440E-01
.9233584E-01
.9084154E-01
.8558590E-01
.8007530E-01
.7749740E-01
.7868050E-01
.8187154E-01
.8544525E-01
.8997538E-01
.9415474E-01
.9728228E-01
.1002823E+00
.1040476E+00
.1082909E+00
.1114502E+00
.1118366E+00
.1117768E+00
.1133743E+00
.1190201E+00
.1285546E+00
.1410861E+00
.1522782E+00
.1613022E+00
.1667888E+00
.1675259E+00
.1625576E+00
.1523933E+00
.1411456E+00
.1315553E+00
.1224433E+00
.1134261E+00
.1072147E+00
.1037441E+00
.1005289E+00
.9661198E-01
.9323741E-01
.9069148E-01
.8913384E-01
.8837233E-01
.8767530E-01
.8761538E-01
.8848024E-01
.8826096E-01
.8418536E-01
.7198122E-01
.5327498E-01
.3938098E-01
.3476328E-01
.3103771E-01
.2183012E-01
.8223248E-02
-.4331413E-02
-.1070295E-01
-.1050757E-01
-.8686854E-02
-.8905843E-02
-.1087834E-01
-.1307347E-01
-.1495038E-01
-.1564747E-01
-.1392249E-01
-.9774553E-02
-.6487553E-02
-.6929549E-02
-.1106949E-01
-.1670719E-01
-.2269589E-01
-.2951291E-01
-.3607557E-01
-.4069320E-01
-.4241058E-01
-.4313958E-01
-.4453834E-01
-.4730721E-01
-.5163840E-01
-.5769044E-01
-.6345628E-01
-.6711773E-01
-.6963203E-01
-.7195472E-01
-.7376801E-01
-.7551692E-01
-.7933817E-01
-.8612345E-01
-.9466266E-01
-.1032648E+00
-.1111020E+00
-.1166442E+00
-.1184574E+00
-.1168596E+00
-.1136683E+00
-.1108276E+00
-.1081784E+00
-.1055287E+00
-.1034210E+00
-.1037676E+00
-.1081627E+00
-.1161593E+00
-.1247618E+00
-.1308142E+00
-.1338073E+00
-.1348872E+00
-.1349468E+00
-.1345286E+00
-.1336007E+00
-.1323219E+00
-.1314255E+00
-.1307206E+00
-.1296652E+00
-.1280997E+00
-.1268525E+00
-.1263389E+00
-.1249967E+00
-.1221243E+00
-.1189330E+00
-.1183875E+00
-.1225601E+00
-.1295372E+00
-.1357165E+00
-.1377211E+00
-.1344982E+00
-.1282473E+00
-.1231433E+00
-.1223429E+00
-.1231045E+00
-.1217624E+00
-.1188259E+00
-.1203525E+00
-.1259272E+00
-.1306415E+00
-.1298728E+00
-.1230803E+00
-.1115384E+00
-.9610774E-01
-.7956066E-01
-.6511810E-01
-.5424509E-01
-.4576323E-01
-.3584638E-01
-.2283834E-01
-.8873465E-02
.4899639E-02
.1924703E-01
.3349829E-01
.4574201E-01
.5709267E-01
.6710506E-01
.7322829E-01
.7469847E-01
.7476543E-01
.7505536E-01
.7601473E-01
.7958812E-01
.8523317E-01
.9177075E-01
.9770269E-01
.1003200E+00
.9700834E-01
.8856459E-01
.7642344E-01
.6192353E-01
.4700921E-01
.3311468E-01
.2008081E-01
.8672466E-02
-.3133590E-03
-.5601804E-02
-.6746462E-02
-.5946793E-02
-.4828259E-02
-.4251631E-02
-.5523775E-02
-.9632874E-02
-.1546317E-01
-.2033732E-01
-.2304399E-01
-.2371075E-01
-.2262441E-01
-.1949798E-01
-.1493726E-01
-.9101541E-02
-.2182049E-02
.5598209E-02
.1254947E-01
.1851286E-01
.2300970E-01
.2610426E-01
.2744549E-01
.2776689E-01
.2732309E-01
.2579557E-01
.2356670E-01
.2152918E-01
.2130829E-01
.2363760E-01
.2794290E-01
.3304539E-01
.3872137E-01
.4436554E-01
.5016896E-01
.5737507E-01
.6607910E-01
.7315764E-01
.7344686E-01
.6490677E-01
.5212700E-01
.4377766E-01
.4479958E-01
.5337605E-01
.6494860E-01
.7515071E-01
.8257972E-01
.8576968E-01
.8315806E-01
.7637021E-01
.6833975E-01
.6011779E-01
.5234224E-01
.4520390E-01
.3997825E-01
.3717495E-01
.3555117E-01
.3481953E-01
.3533128E-01
.3648041E-01
.3606785E-01
.3297746E-01
.2867608E-01
.2561759E-01
.2408924E-01
.2252864E-01
.2020342E-01
.1832411E-01
.1462823E-01
.6756458E-02
-.4270868E-02
-.1386409E-01
-.1749653E-01
-.1615664E-01
-.1347780E-01
-.1283916E-01
-.1637594E-01
-.2367420E-01
-.3221543E-01
-.4059789E-01
-.4795984E-01
-.5570433E-01
-.6568007E-01
-.7571995E-01
-.8145657E-01
-.8129629E-01
-.7683300E-01
-.7048930E-01
-.6239230E-01
-.5311567E-01
-.4377564E-01
-.3650732E-01
-.3150218E-01
-.2825011E-01
-.2745258E-01
-.2946005E-01
-.3290198E-01
-.3430380E-01
-.3057406E-01
-.2203103E-01
-.1077870E-01
.5056454E-03
.1010052E-01
.1759172E-01
.2250097E-01
.2399967E-01
.2084450E-01
.1373687E-01
.4812222E-02
-.2614466E-02
-.6981179E-02
-.8383571E-02
-.7969001E-02
-.6438818E-02
-.4589981E-02
-.2996117E-02
-.1019821E-02
.1721496E-02
.4558456E-02
.5610329E-02
.4080342E-02
.7333752E-03
-.2645478E-02
-.4207470E-02
-.2996416E-02
-.3518049E-06
.2358211E-02
.1848034E-02
-.2742186E-02
-.9085675E-02
-.1307040E-01
-.1256087E-01
-.7015149E-02
.1941339E-02
.1163090E-01
.1755933E-01
.1899325E-01
.1755846E-01
.1564545E-01
.1475239E-01
.1440113E-01
.1494244E-01
.1599362E-01
.1704501E-01
.1739494E-01
.1672469E-01
.1509832E-01
.1398189E-01
.1458671E-01
.1646646E-01
.1831444E-01
.1703854E-01
.1066278E-01
-.1450864E-02
-.1595476E-01
-.2947096E-01
-.4066010E-01
-.5009633E-01
-.5812990E-01
-.6434700E-01
-.6661138E-01
-.6533748E-01
-.6291623E-01
-.6100511E-01
-.5836074E-01
-.5405898E-01
-.5052216E-01
-.4899365E-01
-.4650884E-01
-.4077268E-01
-.3519604E-01
-.3513376E-01
-.4007581E-01
-.4300988E-01
-.4106718E-01
-.3855076E-01
-.3867988E-01
-.3995632E-01
-.3951176E-01
-.3734595E-01
-.3578584E-01
-.3862432E-01
-.4541551E-01
-.5262117E-01
-.5730866E-01
-.5925485E-01
-.5845994E-01
-.5438193E-01
-.4794523E-01
-.4138086E-01
-.3695233E-01
-.3462746E-01
-.3262150E-01
-.3004144E-01
-.2908730E-01
-.3138434E-01
-.3495653E-01
-.3932554E-01
-.4481034E-01
-.4841449E-01
-.4924567E-01
-.4774975E-01
-.4364035E-01
-.3666212E-01
-.2646466E-01
-.1569314E-01
-.7599427E-02
-.2342256E-02
.2149585E-02
.8840994E-02
.1973955E-01
.3471847E-01
.5122705E-01
.6499469E-01
.7410833E-01
.7917418E-01
.8159409E-01
.8242020E-01
.8244952E-01
.8254261E-01
.8148819E-01
.7727804E-01
.6736230E-01
.5256974E-01
.3745823E-01
.2572517E-01
.1870984E-01
.1446757E-01
.9842797E-02
.3560496E-02
-.3263784E-02
-.8781182E-02
-.1200364E-01
-.1312228E-01
-.1315729E-01
-.1201291E-01
-.9402296E-02
-.6122216E-02
-.3447857E-02
-.2239737E-02
-.1509849E-02
.1700294E-04
.2563869E-02
.5110694E-02
.6860504E-02
.7654198E-02
.8575219E-02
.1070764E-01
.1379613E-01
.1643850E-01
.1793324E-01
.1786621E-01
.1556785E-01
.1170764E-01
.8899197E-02
.7971337E-02
.9051591E-02
.1140684E-01
.1299709E-01
.1238806E-01
.9515797E-02
.6292797E-02
.4982346E-02
.7369296E-02
.1351757E-01
.2049456E-01
.2428418E-01
.2297375E-01
.1790208E-01
.1206523E-01
.8364019E-02
.6925980E-02
.6922235E-02
.6918454E-02
.5161535E-02
.1492182E-02
-.2687296E-02
-.5751145E-02
-.6583764E-02
-.4866392E-02
-.1619043E-02
.2074606E-02
.4843886E-02
.5668793E-02
.3975449E-02
.2473449E-02
.4063204E-02
.8968037E-02
.1517964E-01
.2014820E-01
.2157869E-01
.1873784E-01
.1481328E-01
.1178108E-01
.1037454E-01
.1049801E-01
.1094022E-01
.1017115E-01
.7744604E-02
.4967433E-02
.3210151E-02
.3046697E-02
.3106347E-02
.1349039E-02
-.1619534E-02
-.3281209E-02
-.4337190E-02
-.6477058E-02
-.9859998E-02
-.1241422E-01
-.1184474E-01
-.7609579E-02
-.2354495E-02
.1275178E-02
.6971289E-03
-.3004599E-02
-.6387627E-02
-.7220670E-02
-.4643071E-02
-.8223368E-03
.8946609E-03
-.1787072E-02
-.7433283E-02
-.1215515E-01
-.1353013E-01
-.1162198E-01
-.8279554E-02
-.4426963E-02
-.4788424E-03
.3373788E-02
.6078761E-02
.7381413E-02
.6357073E-02
.3547762E-02
.1645154E-03
-.2071141E-02
-.2203102E-02
-.9005390E-03
.1933236E-04
.1424606E-03
.1062376E-02
.4596147E-02
.1141287E-01
.2097104E-01
.3036969E-01
.3600728E-01
.3737346E-01
.3724166E-01
.3844848E-01
.4035661E-01
.4169095E-01
.4175049E-01
.4063054E-01
.3868159E-01
.3679661E-01
.3548528E-01
.3557655E-01
.3659210E-01
.3795828E-01
.3906964E-01
.3868279E-01
.3660639E-01
.3306399E-01
.2802334E-01
.2301456E-01
.1857950E-01
.1497319E-01
.1123942E-01
.7856251E-02
.5652290E-02
.4946608E-02
.4942115E-02
.5479626E-02
.6558905E-02
.8211999E-02
.9928842E-02
.1116755E-01
.1116314E-01
.9883798E-02
.7520638E-02
.4424457E-02
.1105027E-02
-.2214453E-02
-.5406439E-02
-.7163947E-02
-.6435325E-02
-.2869792E-02
.2735900E-02
.9935225E-02
.1815463E-01
.2599157E-01
.3124672E-01
.3270877E-01
.3101515E-01
.2769594E-01
.2370725E-01
.1943179E-01
.1464621E-01
.1002014E-01
.5362059E-02
.1883336E-02
.1577001E-03
.1852634E-03
.1169113E-02
.1802388E-02
.1638775E-02
.8376397E-03
.7058556E-03
.2167895E-02
.5223641E-02
.8502663E-02
.9773485E-02
.8175645E-02
.3294530E-02
-.2574571E-02
-.7168825E-02
-.9659212E-02
-.1055588E-01
-.1138871E-01
-.1298662E-01
-.1566819E-01
-.1822234E-01
-.2007516E-01
-.2109934E-01
-.2129467E-01
-.2050190E-01
-.1872095E-01
-.1706752E-01
-.1611527E-01
-.1646986E-01
-.1714327E-01
-.1762542E-01
-.1737438E-01
-.1677271E-01
-.1693596E-01
-.1859739E-01
-.2102381E-01
-.2306771E-01
-.2351789E-01
-.2282060E-01
-.2129452E-01
-.1938583E-01
-.1664849E-01
-.1269981E-01
-.8304896E-02
-.4483645E-02
-.2001166E-02
-.2518041E-03
.4458263E-03
-.2012282E-02
-.6350987E-02
-.9064155E-02
-.8557896E-02
-.6553402E-02
-.4166519E-02
-.1843215E-02
.4800875E-03
.2930818E-02
.4871680E-02
.5282493E-02
.3557702E-02
.9723503E-03
-.6887855E-03
-.6603988E-03
.8980313E-03
.1818903E-02
.7636485E-03
-.1726133E-02
-.4183864E-02
-.7087947E-02
-.9991916E-02
-.1251352E-01
-.1344125E-01
-.1255208E-01
-.1048360E-01
-.9913142E-02
-.1131895E-01
-.1348972E-01
-.1435363E-01
-.1158386E-01
-.5052768E-02
.3550337E-02
.1275901E-01
.2091598E-01
.2709659E-01
.3110983E-01
.3349733E-01
.3502441E-01
.3632831E-01
.3817402E-01
.4065729E-01
.4323624E-01
.4543277E-01
.4711922E-01
.4740334E-01
.4612571E-01
.4392352E-01
.4105173E-01
.3716029E-01
.3253563E-01
.2746479E-01
.2220262E-01
.1681307E-01
.1167848E-01
.6320869E-02
.3255809E-03
-.5095863E-02
-.6660471E-02
-.6152972E-02
-.1288128E-01
-.1811134E-01
-.1655215E-01
-.1830771E-01
-.2296400E-01
-.2685512E-01
-.3116076E-01
-.3702811E-01
-.4372435E-01
-.5048420E-01
-.5670254E-01
-.6123120E-01
-.6381538E-01
-.6522028E-01
-.6468096E-01
-.6159140E-01
-.5681249E-01
-.5206545E-01
-.4779670E-01
-.4451570E-01
-.4238191E-01
-.4133214E-01
-.4069666E-01
-.4006127E-01
-.3964891E-01
-.3894976E-01
-.3745361E-01
-.3458693E-01
-.3015820E-01
-.2439079E-01
-.1859138E-01
-.1352521E-01
-.1033943E-01
-.9735603E-02
-.1024735E-01
-.1012166E-01
-.8752739E-02
-.7288252E-02
-.6206137E-02
-.5219676E-02
-.3723179E-02
-.2067338E-02
-.1240109E-02
-.1177955E-02
-.5419509E-03
.1050364E-02
.2387693E-02
.2258745E-02
.5361239E-03
-.2684720E-02
-.6288046E-02
-.8265738E-02
-.8553867E-02
-.7822189E-02
-.6389047E-02
-.3139161E-02
.3043387E-02
.1043712E-01
.1553610E-01
.1569441E-01
.1298391E-01
.1110220E-01
.1202547E-01
.1377758E-01
.1470095E-01
.1396689E-01
.1246783E-01
.1151060E-01
.1119092E-01
.1160442E-01
.1284667E-01
.1437582E-01
.1507631E-01
.1386431E-01
.1086739E-01
.7392316E-02
.4682163E-02
.3470171E-02
.4107007E-02
.5604503E-02
.8058241E-02
.1012956E-01
.1181846E-01
.1271044E-01
.1347490E-01
.1471760E-01
.1605595E-01
.1653362E-01
.1605518E-01
.1538539E-01
.1516204E-01
.1477924E-01
.1391826E-01
.1299368E-01
.1286596E-01
.1328008E-01
.1375810E-01
.1280172E-01
.1108040E-01
.9199608E-02
.7796988E-02
.6872588E-02
.6904371E-02
.8466247E-02
.1187683E-01
.1649878E-01
.2057896E-01
.2341594E-01
.2481858E-01
.2526506E-01
.2497851E-01
.2415003E-01
.2211032E-01
.1924189E-01
.1643725E-01
.1423816E-01
.1286783E-01
.1283627E-01
.1382483E-01
.1468585E-01
.1506877E-01
.1526054E-01
.1586674E-01
.1717412E-01
.1838592E-01
.1790851E-01
.1586916E-01
.1284168E-01
.9272322E-02
.5894283E-02
.3663702E-02
.3218181E-02
.3187060E-02
.3634114E-02
.4240474E-02
.4305080E-02
.5070903E-02
.6283074E-02
.7335924E-02
.8356910E-02
.9441616E-02
.9123940E-02
.7435548E-02
.4822912E-02
.2114620E-02
-.3068419E-03
-.3142660E-02
-.6010268E-02
-.7602840E-02
-.7792889E-02
-.7887368E-02
-.7949863E-02
-.7725437E-02
-.6895381E-02
-.6384090E-02
-.6414658E-02
-.6445112E-02
-.6603135E-02
-.7175489E-02
-.7811540E-02
-.8192585E-02
-.8350416E-02
-.8795193E-02
-.9622409E-02
-.1064082E-01
-.1165925E-01
-.1232709E-01
-.1120982E-01
-.8116337E-02
-.4608438E-02
-.1992971E-02
.4874861E-04
.1389371E-02
.2156130E-02
.2922944E-02
.4008491E-02
.5540350E-02
.7486527E-02
.8635976E-02
.9116069E-02
.9819233E-02
.1023551E-01
.1007818E-01
.9729506E-02
.9157781E-02
.8458580E-02
.7886906E-02
.7379003E-02
.7158021E-02
.7351408E-02
.7672323E-02
.8343819E-02
.8441694E-02
.8348253E-02
.7521774E-02
.6057807E-02
.4083812E-02
.1982378E-02
.1996786E-03
-.8499118E-03
-.8793974E-03
-.1120239E-03
.1356620E-02
.2889041E-02
.4517163E-02
.5985885E-02
.7231464E-02
.8126488E-02
.8256524E-02
.7557841E-02
.6476696E-02
.5172470E-02
.3326286E-02
.1384500E-02
-.4616349E-03
-.1606474E-02
-.1508241E-02
-.3580600E-03
.1812252E-02
.4747486E-02
.7810241E-02
.9725532E-02
.1014268E-01
.8998023E-02
.6960850E-02
.4636887E-02
.3141564E-02
.2283882E-02
.2127331E-02
.2321502E-02
.2993844E-02
.4271800E-02
.6027836E-02
.7847767E-02
.8520129E-02
.7503192E-02
.4956207E-02
.2218041E-02
.3405152E-03
-.1027061E-02
-.1693419E-02
-.1913364E-02
-.1910270E-02
-.1588365E-02
-.1266445E-02
-.1040181E-02
-.4950690E-03
.2094060E-03
.1264536E-02
.2128376E-02
.2641642E-02
.1943709E-02
-.4117651E-03
-.3564100E-02
-.6333913E-02
-.7541839E-02
-.7060450E-02
-.5973340E-02
-.5300575E-02
-.5329111E-02
-.4815721E-02
-.2899820E-02
.2592794E-03
.3163424E-02
.4027483E-02
.1672269E-02
-.2372446E-02
-.6034524E-02
-.8262300E-02
-.8545736E-02
-.7203500E-02
-.4904966E-02
-.3020737E-02
-.2411581E-02
-.2854267E-02
-.3201246E-02
-.3452627E-02
-.3959011E-02
-.4306069E-02
-.4302435E-02
-.3884366E-02
-.3721386E-02
-.3685807E-02
-.3650308E-02
-.3391616E-02
-.2527253E-02
-.1089221E-02
.1576783E-03
.3526683E-03
-.1014252E-02
-.3146099E-02
-.4863604E-02
-.5274262E-02
-.4792338E-02
-.3449812E-02
-.1565473E-02
.6696896E-03
.3446549E-02
.6319151E-02
.7821175E-02
.7474347E-02
.6011951E-02
.4740809E-02
.4617153E-02
.5449766E-02
.6346141E-02
.6190736E-02
.5939617E-02
.6134733E-02
.6935442E-02
.8405600E-02
.1013076E-01
.1204717E-01
.1386803E-01
.1530633E-01
.1588404E-01
.1579239E-01
.1617884E-01
.1701156E-01
.1854553E-01
.1988825E-01
.2097599E-01
.2145814E-01
.2165339E-01
.2162549E-01
.2134258E-01
.2118725E-01
.2109561E-01
.2186458E-01
.2269738E-01
.2321144E-01
.2375743E-01
.2430322E-01
.2440299E-01
.2367386E-01
.2240296E-01
.2110017E-01
.1935110E-01
.1737895E-01
.1582123E-01
.1432697E-01
.1254609E-01
.1025508E-01
.8155458E-02
.6310688E-02
.4816731E-02
.3513813E-02
.2306683E-02
.1481930E-02
.8167297E-03
.4063130E-03
-.4182944E-03
-.1689278E-02
-.3470135E-02
-.5538074E-02
-.7446438E-02
-.9227413E-02
-.1126328E-01
-.1349053E-01
-.1594073E-01
-.1762615E-01
-.1822761E-01
-.1886115E-01
-.1984522E-01
-.2089300E-01
-.2162207E-01
-.2209617E-01
-.2260207E-01
-.2262999E-01
-.2262589E-01
-.2351447E-01
-.2465791E-01
-.2529128E-01
-.2554223E-01
-.2521947E-01
-.2394041E-01
-.2282069E-01
-.2246605E-01
-.2338639E-01
-.2497607E-01
-.2637451E-01
-.2703992E-01
-.2694027E-01
-.2696817E-01
-.2696417E-01
-.2641824E-01
-.2517126E-01
-.2373283E-01
-.2219875E-01
-.2056919E-01
-.1887577E-01
-.1702303E-01
-.1555276E-01
-.1507068E-01
-.1544921E-01
-.1605080E-01
-.1642930E-01
-.1636160E-01
-.1635766E-01
-.1689562E-01
-.1736977E-01
-.1803524E-01
-.1930647E-01
-.2102380E-01
-.2194403E-01
-.2127081E-01
-.1906744E-01
-.1654548E-01
-.1446959E-01
-.1335013E-01
-.1293181E-01
-.1305542E-01
-.1359341E-01
-.1511953E-01
-.1699625E-01
-.1864991E-01
-.1985729E-01
-.2033166E-01
-.2004097E-01
-.1920843E-01
-.1738771E-01
-.1473827E-01
-.1167444E-01
-.8323863E-02
-.5036846E-02
-.2036837E-02
.1344808E-03
.1190178E-02
.1225799E-02
.4008023E-03
-.6154281E-03
-.1727380E-02
-.2520468E-02
-.2867458E-02
-.2321825E-02
-.1202561E-02
.1080736E-03
.1354920E-02
.1804864E-02
.1394107E-02
.8240177E-03
.5089109E-03
.3436054E-04
-.6632494E-03
-.1807128E-02
-.3365349E-02
-.5051187E-02
-.6960101E-02
-.8773369E-02
-.1068232E-01
-.1169885E-01
-.1156784E-01
-.1143677E-01
-.1162452E-01
-.1193978E-01
-.1126700E-01
-.1037102E-01
-.9283810E-02
-.8865939E-02
-.8989992E-02
-.9528459E-02
-.1035380E-01
-.1098791E-01
-.1104830E-01
-.1050299E-01
-.1002157E-01
-.9412593E-02
-.8006772E-02
-.6377783E-02
-.5322551E-02
-.5032386E-02
-.5666591E-02
-.7448280E-02
-.9198112E-02
-.9258631E-02
-.8012340E-02
-.6383399E-02
-.4977696E-02
-.4655726E-02
-.5290034E-02
-.6657516E-02
-.7164381E-02
-.6555581E-02
-.5341213E-02
-.4222478E-02
-.2944394E-02
-.1793776E-02
-.1248770E-02
-.1723845E-02
-.2677048E-02
-.3694009E-02
-.4169072E-02
-.4261719E-02
-.4322486E-02
-.4829498E-02
-.6420284E-02
-.8329831E-02
-.9091937E-02
-.8196576E-02
-.5962444E-02
-.3823816E-02
-.3024130E-02
-.3690558E-02
-.4994656E-02
-.6521803E-02
-.7315851E-02
-.7344987E-02
-.6417830E-02
-.5076278E-02
-.3224825E-02
-.1022742E-02
.1179375E-02
.2935303E-02
.4021728E-02
.4661963E-02
.5174624E-02
.4731041E-02
.3745476E-02
.3142529E-02
.3750655E-02
.5028256E-02
.6497040E-02
.7965891E-02
.8829101E-02
.9086641E-02
.8547217E-02
.7880414E-02
.6894695E-02
.6642157E-02
.6899572E-02
.7667045E-02
.8498204E-02
.8659990E-02
.8343604E-02
.7995286E-02
.8188857E-02
.8796854E-02
.9691644E-02
.1065021E-01
.1151307E-01
.1183406E-01
.1116699E-01
.9862310E-02
.8175203E-02
.6392381E-02
.4354553E-02
.2189200E-02
.1193834E-03
-.6435286E-03
.2191045E-03
.2707537E-02
.5960829E-02
.8576653E-02
.9885516E-02
.9186336E-02
.6542797E-02
.2401023E-02
-.1517704E-02
-.4033977E-02
-.4637689E-02
-.3360801E-02
-.9683971E-03
.1647335E-02
.4422239E-02
.6751016E-02
.8346577E-02
.9272734E-02
.9911999E-02
.1090195E-01
.1201928E-01
.1262673E-01
.1195904E-01
.9601986E-02
.6416170E-02
.3772239E-02
.2753831E-02
.3647924E-02
.6358799E-02
.9834847E-02
.1254575E-01
.1468295E-01
.1656506E-01
.1841538E-01
.1943691E-01
.1937467E-01
.1730438E-01
.1360837E-01
.8828588E-02
.3634281E-02
-.6993373E-03
-.3534959E-02
-.4362410E-02
-.3436707E-02
-.1682359E-02
.7414200E-03
.3324620E-02
.5875877E-02
.7789633E-02
.8619635E-02
.8589045E-02
.8080238E-02
.6774512E-02
.4799421E-02
.2696816E-02
.7854034E-03
-.8391668E-03
-.2399937E-02
-.4056378E-02
-.5712876E-02
-.6572553E-02
-.6316620E-02
-.4881245E-02
-.2425959E-02
.9537115E-03
.4716017E-02
.7681281E-02
.8829713E-02
.7778822E-02
.5102210E-02
.1660576E-02
-.1717483E-02
-.4298509E-02
-.5732206E-02
-.6273293E-02
-.5858265E-02
-.4391306E-02
-.2446194E-02
-.5329987E-03
.1052107E-03
-.3722938E-03
-.1391654E-02
-.2697854E-02
-.4131681E-02
-.5884173E-02
-.7222402E-02
-.7731882E-02
-.7572030E-02
-.7093363E-02
-.7029146E-02
-.6869374E-02
-.6103937E-02
-.3999786E-02
-.1226189E-02
.1387963E-02
.2504064E-02
.2153788E-02
.9747239E-03
-.2362014E-03
-.1192136E-02
-.2243673E-02
-.2753415E-02
-.2976352E-02
-.2816677E-02
-.2975897E-02
-.3326280E-02
-.3103038E-02
-.2847876E-02
-.2433326E-02
-.1604466E-02
.2443727E-03
.2890193E-02
.5280830E-02
.6747182E-02
.7416644E-02
.7384766E-02
.7225451E-02
.6492291E-02
.5281008E-02
.4484142E-02
.4356566E-02
.4930246E-02
.5950130E-02
.7129357E-02
.8149215E-02
.9009793E-02
.9870193E-02
.1098568E-01
.1190981E-01
.1219655E-01
.1152690E-01
.1018791E-01
.8721401E-02
.7541800E-02
.7031498E-02
.6744247E-02
.6233917E-02
.5468569E-02
.4798878E-02
.4160987E-02
.3873656E-02
.3809491E-02
.4191551E-02
.4701090E-02
.4987545E-02
.5146384E-02
.5114054E-02
.5496027E-02
.6228558E-02
.7375519E-02
.8809375E-02
.1011562E-01
.1094377E-01
.1075194E-01
.9412575E-02
.7754425E-02
.6861248E-02
.7051828E-02
.7848052E-02
.8484824E-02
.9025922E-02
.9184611E-02
.8833182E-02
.8577399E-02
.8481033E-02
.9085809E-02
.9594989E-02
.9753557E-02
.9816462E-02
.1058059E-01
.1163155E-01
.1249133E-01
.1255420E-01
.1207515E-01
.1089490E-01
.9586942E-02
.8183483E-02
.7258145E-02
.6715224E-02
.6682347E-02
.7031892E-02
.7094588E-02
.6679199E-02
.6550585E-02
.6740743E-02
.7695867E-02
.9288495E-02
.1062611E-01
.1154930E-01
.1151634E-01
.1087769E-01
.9346459E-02
.7145855E-02
.4754028E-02
.2872121E-02
.1850823E-02
.1626485E-02
.1943925E-02
.2835126E-02
.4013109E-02
.5223059E-02
.5667964E-02
.5124828E-02
.3720942E-02
.2062091E-02
.4349859E-03
-.9689138E-03
-.1990367E-02
-.2629288E-02
-.3077017E-02
-.3715975E-02
-.4354977E-02
-.5057715E-02
-.5250515E-02
-.4359545E-02
-.2671769E-02
-.7926222E-03
.3456693E-04
-.2538977E-03
-.1020487E-02
-.2105816E-02
-.3223033E-02
-.4212825E-02
-.4820053E-02
-.4789869E-02
-.4664049E-02
-.4856959E-02
-.5368657E-02
-.5975904E-02
-.7093325E-02
-.8433786E-02
-.1006110E-01
-.1152910E-01
-.1258285E-01
-.1258464E-01
-.1182147E-01
-.1105828E-01
-.1032700E-01
-.9882577E-02
-.9565587E-02
-.9312439E-02
-.8899967E-02
-.8328097E-02
-.8074964E-02
-.8108682E-02
-.8429352E-02
-.8654452E-02
-.8847616E-02
-.8945143E-02
-.8851536E-02
-.8343521E-02
-.7452984E-02
-.6466808E-02
-.5257578E-02
-.3825277E-02
-.2329085E-02
-.8648724E-03
.7268509E-03
.1872303E-02
.2348440E-02
.2378202E-02
.1929883E-02
.1417792E-02
.8419498E-03
.5529069E-03
.4232840E-03
.3573933E-03
.3552537E-03
.6400186E-03
.1084110E-02
.1560099E-02
.1844742E-02
.2193226E-02
.2541599E-02
.3495631E-02
.4577170E-02
.5403707E-02
.5018991E-02
.3837429E-02
.2336986E-02
.1314713E-02
.6749243E-03
.1307115E-03
.1603284E-03
.6042772E-03
.1111950E-02
.1300874E-02
.1171037E-02
.7224588E-03
.8259562E-04
-.3979381E-03
-.8465675E-03
-.8489457E-03
-.6919177E-03
-.1843129E-03
.5782749E-03
.1468366E-02
.2485954E-02
.3025483E-02
.2449319E-02
.9487299E-03
-.1061929E-02
-.3136221E-02
-.4732438E-02
-.5659348E-02
-.5693687E-02
-.4771869E-02
-.3308124E-02
-.1812455E-02
-.8587167E-03
-.7337209E-03
-.1246241E-02
-.1822514E-02
-.2462568E-02
-.3166359E-02
-.3838347E-02
-.4573980E-02
-.5596588E-02
-.6587354E-02
-.7036187E-02
-.7261862E-02
-.6945735E-02
-.6215275E-02
-.4879143E-02
-.3224273E-02
-.1633155E-02
-.1695184E-03
.3378664E-03
-.2065623E-03
-.1643632E-02
-.3654336E-02
-.5378271E-02
-.6783430E-02
-.7869928E-02
-.8733293E-02
-.9437203E-02
-.1007740E-01
-.1046264E-01
-.1040162E-01
-.9639339E-02
-.7857069E-02
-.5819809E-02
-.4069338E-02
-.3338962E-02
-.3596656E-02
-.4874398E-02
-.6789610E-02
-.9437936E-02
-.1259636E-01
-.1534046E-01
-.1738325E-01
-.1837409E-01
-.1860007E-01
-.1815665E-01
-.1736255E-01
-.1650477E-01
-.1542383E-01
-.1415168E-01
-.1284756E-01
-.1237226E-01
-.1272565E-01
-.1358916E-01
-.1477130E-01
-.1639984E-01
-.1834699E-01
-.2023071E-01
-.2157235E-01
-.2170253E-01
-.2090851E-01
-.1954076E-01
-.1737617E-01
-.1517955E-01
-.1307870E-01
-.1136030E-01
-.1047070E-01
-.1025043E-01
-.1015768E-01
-.9523042E-02
-.8665399E-02
-.7520751E-02
-.6726748E-02
-.6251547E-02
-.6381973E-02
-.6831071E-02
-.6993332E-02
-.6199390E-02
-.4767913E-02
-.3463956E-02
-.2956883E-02
-.2864098E-02
-.2962727E-02
-.2901863E-02
-.2490391E-02
-.2397712E-02
-.2336916E-02
-.2307891E-02
-.2565846E-02
-.2983185E-02
-.3400498E-02
-.3658392E-02
-.3310803E-02
-.2835545E-02
-.1818541E-02
-.6421251E-03
.4705627E-03
.1774576E-02
.3046585E-02
.4191163E-02
.5271918E-02
.6320838E-02
.7242268E-02
.8323110E-02
.9244446E-02
.1013407E-01
.1092800E-01
.1149880E-01
.1146391E-01
.1088724E-01
.1037425E-01
.1014822E-01
.1001775E-01
.1007857E-01
.1010742E-01
.1077387E-01
.1172715E-01
.1197924E-01
.1057377E-01
.8275814E-02
.6200895E-02
.5401110E-02
.5971839E-02
.7721911E-02
.9982085E-02
.1201913E-01
.1294050E-01
.1239571E-01
.1111775E-01
.9903543E-02
.9518047E-02
.1002506E-01
.1059583E-01
.1072039E-01
.1014367E-01
.9662520E-02
.9595793E-02
.1003910E-01
.1092862E-01
.1159506E-01
.1200642E-01
.1187597E-01
.1078928E-01
.9224475E-02
.7691502E-02
.6891605E-02
.6793047E-02
.7268137E-02
.8030165E-02
.8696644E-02
.9108007E-02
.9455729E-02
.9452790E-02
.9099196E-02
.8363170E-02
.7499501E-02
.6859043E-02
.6409838E-02
.5960641E-02
.5511428E-02
.5157902E-02
.5505527E-02
.5725753E-02
.6041548E-02
.5974866E-02
.5525682E-02
.4630256E-02
.3447883E-02
.2424936E-02
.2326404E-02
.3311526E-02
.5029832E-02
.7003148E-02
.8562178E-02
.9324285E-02
.8811384E-02
.7469743E-02
.5873093E-02
.4435754E-02
.3476584E-02
.2262441E-02
.6020281E-03
-.1090306E-02
-.2368232E-02
-.2849231E-02
-.2469672E-02
-.1643853E-02
-.1804738E-03
.1410374E-02
.2618756E-02
.3476548E-02
.3888004E-02
.4299554E-02
.4456036E-02
.4325665E-02
.3525978E-02
.2248116E-02
.9065067E-03
-.1482953E-03
-.5336626E-03
-.1540401E-03
.8312814E-03
.2549651E-02
.4554893E-02
.6783295E-02
.8310499E-02
.8913358E-02
.8623625E-02
.7569003E-02
.6163711E-02
.4758393E-02
.3703637E-02
.2904008E-02
.2263702E-02
.1718961E-02
.1652406E-02
.1713351E-02
.2124981E-02
.3046497E-02
.4191205E-02
.5144672E-02
.5460658E-02
.5043571E-02
.4275801E-02
.3826761E-02
.4238330E-02
.5319307E-02
.6177229E-02
.6939476E-02
.7765490E-02
.8782757E-02
.9800032E-02
.1033914E-01
.1004964E-01
.9218183E-02
.8514175E-02
.8511472E-02
.8476837E-02
.7804835E-02
.6558948E-02
.5950662E-02
.6553544E-02
.7921534E-02
.8811350E-02
.8872444E-02
.8806037E-02
.8803396E-02
.8322559E-02
.7746167E-02
.7711721E-02
.8346584E-02
.8694475E-02
.8373117E-02
.7796727E-02
.7379808E-02
.6898991E-02
.5780850E-02
.3610728E-02
.1344966E-02
-.4108490E-03
-.1688427E-02
-.3157309E-02
-.4084223E-02
-.4214345E-02
-.3930103E-02
-.3199545E-02
-.2373347E-02
-.1738428E-02
-.8803944E-03
-.4685215E-03
-.1044779E-02
-.2354254E-02
-.3759273E-02
-.4749916E-02
-.5358109E-02
-.6157469E-02
-.6956901E-02
-.7469449E-02
-.7758776E-02
-.7793231E-02
-.7859474E-02
-.7352022E-02
-.6589498E-02
-.5858781E-02
-.5638161E-02
-.6023137E-02
-.6248664E-02
-.6569874E-02
-.7082316E-02
-.7435471E-02
-.7278495E-02
-.6770929E-02
-.6199594E-02
-.5692025E-02
-.5694424E-02
-.6175007E-02
-.6910460E-02
-.7550395E-02
-.8413459E-02
-.9467648E-02
-.1090445E-01
-.1195868E-01
-.1231176E-01
-.1183598E-01
-.1110526E-01
-.1024699E-01
-.9325018E-02
-.8147915E-02
-.7385243E-02
-.7387573E-02
-.7421823E-02
-.7200971E-02
-.7075769E-02
-.7460653E-02
-.7941147E-02
-.8453349E-02
-.9348137E-02
-.1005165E-01
-.1059576E-01
-.1031118E-01
-.9197781E-02
-.7956968E-02
-.7098551E-02
-.6718258E-02
-.6369931E-02
-.5862149E-02
-.5258708E-02
-.4814653E-02
-.4912535E-02
-.5392828E-02
-.5841284E-02
-.5684125E-02
-.5271888E-02
-.4955308E-02
-.5116913E-02
-.5214631E-02
-.5439973E-02
-.5218960E-02
-.4679301E-02
-.3884499E-02
-.3249138E-02
-.2645684E-02
-.2424633E-02
-.2617974E-02
-.3193838E-02
-.3833448E-02
-.3867504E-02
-.3327635E-02
-.2341654E-02
-.1419296E-02
-.7520606E-03
-.5285578E-04
.1092670E-02
.2684399E-02
.3957343E-02
.4592825E-02
.4367617E-02
.3983127E-02
.3662348E-02
.3660345E-02
.3849584E-02
.4325792E-02
.4515044E-02
.4736125E-02
.4670394E-02
.4859686E-02
.5941463E-02
.7469521E-02
.8647006E-02
.8549434E-02
.7718760E-02
.6664999E-02
.6057417E-02
.5736761E-02
.5607363E-02
.4936143E-02
.4137337E-02
.2956140E-02
.1934252E-02
.1071684E-02
.7192398E-03
.1259195E-02
.1831099E-02
.1988676E-02
.1349352E-02
-.5508606E-04
-.1395660E-02
-.2417491E-02
-.2833630E-02
-.2421125E-02
-.1626000E-02
-.1054036E-02
-.1119567E-02
-.1503841E-02
-.1888122E-02
-.2144884E-02
-.2051073E-02
-.1510896E-02
-.7158189E-03
-.4812079E-04
-.1455102E-03
-.8165510E-03
-.1997687E-02
-.3114973E-02
-.3881668E-02
-.4807807E-02
-.5606314E-02
-.6500506E-02
-.7299112E-02
-.7810826E-02
-.8258760E-02
-.8387886E-02
-.8134551E-02
-.7116194E-02
-.6034092E-02
-.5143203E-02
-.4826069E-02
-.5082676E-02
-.5466789E-02
-.6233364E-02
-.7191206E-02
-.8340302E-02
-.9616890E-02
-.1063847E-01
-.1105438E-01
-.1102417E-01
-.1038825E-01
-.9465334E-02
-.8415076E-02
-.7237172E-02
-.6314403E-02
-.5487143E-02
-.4787422E-02
-.4055736E-02
-.3515428E-02
-.3229957E-02
-.3422699E-02
-.3679164E-02
-.3935653E-02
-.3873357E-02
-.3651757E-02
-.3398219E-02
-.3367759E-02
-.3401076E-02
-.4040026E-02
-.4232687E-02
-.4138463E-02
-.3151782E-02
-.1495720E-02
.3835856E-03
.2135351E-02
.3377074E-02
.3917613E-02
.4107525E-02
.4297397E-02
.5061063E-02
.5952204E-02
.6460917E-02
.6363907E-02
.5757013E-02
.4385017E-02
.3236211E-02
.2533636E-02
.2596079E-02
.3519199E-02
.4569755E-02
.5524725E-02
.5810392E-02
.5809134E-02
.5138476E-02
.4435979E-02
.3733493E-02
.3126675E-02
.2870465E-02
.2677974E-02
.2326075E-02
.2101781E-02
.1781833E-02
.1174947E-02
.7594264E-03
.7262987E-03
.1267048E-02
.2381431E-02
.3782776E-02
.4769790E-02
.5055498E-02
.4831284E-02
.4096971E-02
.3522083E-02
.3138476E-02
.3392341E-02
.4156218E-02
.4569539E-02
.4345286E-02
.3802371E-02
.3163783E-02
.3130775E-02
.3352884E-02
.4053055E-02
.4785077E-02
.5134705E-02
.5197429E-02
.5228217E-02
.5673438E-02
.6246165E-02
.6595876E-02
.6499200E-02
.6051911E-02
.5158429E-02
.4392432E-02
.3913372E-02
.4199205E-02
.4421415E-02
.4834785E-02
.4865761E-02
.4514118E-02
.4258185E-02
.3970417E-02
.3778236E-02
.3777308E-02
.3744472E-02
.3775495E-02
.3615181E-02
.3040516E-02
.2179065E-02
.1285668E-02
.6472965E-03
.2957345E-03
.7179843E-04
.7074267E-05
-.1531008E-03
-.4408804E-03
-.9517211E-03
-.1303148E-02
-.1303985E-02
-.1017987E-02
-.7638022E-03
-.3183721E-03
-.1597441E-03
-.3199646E-03
-.8944971E-03
-.1915289E-02
-.2681076E-02
-.3064364E-02
-.2491382E-02
-.1822738E-02
-.1185983E-02
-.1122971E-02
-.1697445E-02
-.2558867E-02
-.3133358E-02
-.3261588E-02
-.2975379E-02
-.2402359E-02
-.2116232E-02
-.2116913E-02
-.2627603E-02
-.3425116E-02
-.4063307E-02
-.4318981E-02
-.4287839E-02
-.4256592E-02
-.4097939E-02
-.4002912E-02
-.3493583E-02
-.2091724E-02
-.4668065E-03
.1285773E-02
.2305163E-02
.2591523E-02
.2463416E-02
.2303384E-02
.2239038E-02
.2206637E-02
.2014804E-02
.1950483E-02
.1854235E-02
.1917429E-02
.2012548E-02
.1884492E-02
.1660766E-02
.1787724E-02
.2265362E-02
.2838582E-02
.3316134E-02
.3698138E-02
.4303298E-02
.4717119E-02
.4907877E-02
.4620579E-02
.4110099E-02
.3663363E-02
.3248466E-02
.3120499E-02
.3311284E-02
.3629572E-02
.3661059E-02
.3564945E-02
.3245766E-02
.3054078E-02
.2607411E-02
.2065171E-02
.1522828E-02
.1076154E-02
.9801831E-03
.8841039E-03
.8518989E-03
.5645853E-03
-.9533305E-05
-.6155921E-03
-.1157785E-02
-.1285653E-02
-.1636686E-02
-.2274540E-02
-.3103629E-02
-.3996485E-02
-.4793642E-02
-.5176521E-02
-.4985611E-02
-.4220924E-02
-.3264983E-02
-.2914714E-02
-.3361249E-02
-.4349628E-02
-.5401842E-02
-.6453969E-02
-.7155517E-02
-.7155789E-02
-.6901073E-02
-.6678278E-02
-.7029108E-02
-.7666878E-02
-.8145320E-02
-.8368702E-02
-.7890892E-02
-.7189834E-02
-.6488838E-02
-.5405300E-02
-.4130535E-02
-.3174482E-02
-.2537206E-02
-.2059218E-02
-.1294432E-02
-.6890278E-03
-.6892139E-03
-.1326884E-02
-.1932637E-02
-.2634053E-02
-.3112413E-02
-.3208158E-02
-.2602764E-02
-.1391656E-02
-.1805636E-03
.4569124E-03
.6480166E-03
.6797203E-03
.8708325E-03
.1125722E-02
.1476275E-02
.1954238E-02
.2687303E-02
.3101547E-02
.2878379E-02
.2368301E-02
.1603214E-02
.1156881E-02
.9336294E-03
.8379663E-03
.9016455E-03
.1029080E-02
.7420999E-03
-.2295465E-04
-.1011185E-02
-.1648752E-02
-.1330057E-02
-.3419204E-03
.5505429E-03
.1379269E-02
.1698009E-02
.1602426E-02
.1538676E-02
.1092424E-02
.7417543E-03
.2636817E-03
-.5332307E-03
-.1521395E-02
-.2636965E-02
-.3401961E-02
-.3274455E-02
-.2318206E-02
-.6288618E-03
.8056121E-03
.1666352E-02
.1730170E-02
.1411496E-02
.4233903E-03
-.1010956E-02
-.2572745E-02
-.3911435E-02
-.5282024E-02
-.6588778E-02
-.7481219E-02
-.7162420E-02
-.5632330E-02
-.3592258E-02
-.2157827E-02
-.1169560E-02
-.4363619E-03
.3288396E-03
.1157722E-02
.1731585E-02
.2146054E-02
.2656185E-02
.2943273E-02
.2879659E-02
.2274132E-02
.1381780E-02
.5531838E-03
.2664954E-03
.5216470E-03
.1254867E-02
.2275039E-02
.3613952E-02
.4666064E-02
.5335581E-02
.5495214E-02
.5559160E-02
.5208691E-02
.4667075E-02
.3711055E-02
.2563743E-02
.1575753E-02
.8428870E-03
.4286639E-03
.2695428E-03
.4928299E-03
.9712302E-03
.1608957E-02
.2406013E-02
.3171246E-02
.3745247E-02
.3968684E-02
.3841444E-02
.3427279E-02
.2790051E-02
.2120990E-02
.1260577E-02
.6870834E-03
.1136064E-03
-.1730584E-03
-.4595973E-03
-.9055735E-03
-.1383464E-02
-.1956931E-02
-.2562211E-02
-.3071926E-02
-.3135394E-02
-.3103277E-02
-.2943554E-02
-.2751993E-02
-.2464870E-02
-.2241389E-02
-.2177323E-02
-.2208911E-02
-.2112917E-02
-.2272010E-02
-.2271679E-02
-.2430657E-02
-.2749083E-02
-.2461926E-02
-.1887843E-02
-.1154309E-02
-.4527220E-03
-.3803038E-04
.3449203E-03
.6958665E-03
.1174392E-02
.1525346E-02
.1716963E-02
.2068015E-02
.2387137E-02
.2674347E-02
.3216650E-02
.3886369E-02
.4428684E-02
.4684102E-02
.4429512E-02
.3664911E-02
.2709065E-02
.1785046E-02
.9886234E-03
.4152697E-03
.2244217E-03
.1653082E-05
.2060580E-05
.6622086E-04
.8635425E-03
.2011474E-02
.3159399E-02
.3861086E-02
.4403348E-02
.4403809E-02
.4085500E-02
.3575941E-02
.3066380E-02
.3066822E-02
.3609188E-02
.4183394E-02
.4757605E-02
.4885597E-02
.4599134E-02
.3834590E-02
.3325050E-02
.3357436E-02
.3899728E-02
.4633378E-02
.4825127E-02
.4124377E-02
.3009189E-02
.1607159E-02
.7151370E-03
.1737838E-03
-.4892319E-04
.4723054E-04
.4939609E-03
.1036281E-02
.1546762E-02
.2025434E-02
.2631505E-02
.3333261E-02
.4066940E-02
.4800523E-02
.5119788E-02
.5056568E-02
.4865828E-02
.4547580E-02
.4675598E-02
.4963055E-02
.5250401E-02
.5442177E-02
.5378965E-02
.5443264E-02
.5603220E-02
.6177483E-02
.6815532E-02
.7198578E-02
.7199139E-02
.6562177E-02
.5415248E-02
.3917617E-02
.2388174E-02
.1018120E-02
.4129999E-03
.6295824E-04
-.1278358E-03
-.6372948E-03
-.1242309E-02
-.1688022E-02
-.1783150E-02
-.1336343E-02
-.7301068E-03
-.2514727E-03
.9977130E-04
.1322596E-03
-.1222677E-03
-.5041980E-03
-.1045450E-02
-.1331807E-02
-.1490555E-02
-.1649416E-02
-.1967582E-02
-.2317588E-02
-.2508266E-02
-.2093383E-02
-.9771275E-03
.5216240E-03
.1414715E-02
.2084635E-02
.1989663E-02
.1607750E-02
.1480851E-02
.1194518E-02
.1035792E-02
.7494583E-03
.5588174E-03
.1450886E-03
-.3644010E-03
-.8738146E-03
-.1160038E-02
-.1063884E-02
-.9995348E-03
-.6164426E-03
-.2651554E-03
.5419754E-04
-.8935025E-05
-.2633324E-03
-.5814713E-03
-.9953032E-03
-.1249694E-02
-.1312841E-02
-.1248487E-02
-.9928881E-03
-.6097709E-03
-.3541597E-03
-.2260331E-03
-.5122462E-03
-.9578717E-03
-.1562935E-02
-.2072304E-02
-.2613527E-02
-.3091077E-02
-.3441043E-02
-.3567920E-02
-.3535492E-02
-.3375446E-02
-.3215506E-02
-.2704880E-02
-.2162339E-02
-.1460450E-02
-.1427997E-02
-.2064849E-02
-.3020496E-02
-.4326679E-02
-.5601050E-02
-.6971095E-02
-.7703571E-02
-.7766697E-02
-.7415510E-02
-.6872954E-02
-.6617346E-02
-.6712390E-02
-.7253577E-02
-.7699194E-02
-.7985512E-02
-.8016711E-02
-.8239260E-02
-.8652945E-02
-.9385541E-02
-.1005424E-01
-.1037234E-01
-.1037173E-01
-.1005237E-01
-.9350506E-02
-.8712373E-02
-.8201746E-02
-.8041806E-02
-.7945506E-02
-.8199862E-02
-.8167425E-02
-.8039304E-02
-.7943010E-02
-.7878631E-02
-.7846190E-02
-.7686191E-02
-.7366827E-02
-.7015564E-02
-.6664270E-02
-.6408625E-02
-.6025512E-02
-.5738040E-02
-.5705494E-02
-.5641116E-02
-.5704249E-02
-.5735525E-02
-.5798670E-02
-.6053036E-02
-.6275508E-02
-.6083618E-02
-.5923690E-02
-.5444900E-02
-.4838721E-02
-.4359891E-02
-.3849288E-02
-.3370581E-02
-.2700558E-02
-.2126164E-02
-.1233074E-02
-.3718596E-03
.1388546E-03
.6494998E-03
.8413478E-03
.1033242E-02
.1193162E-02
.1671982E-02
.2278152E-02
.2852553E-02
.3235653E-02
.3682522E-02
.4161297E-02
.4735683E-02
.5182534E-02
.5597491E-02
.6012522E-02
.6140670E-02
.6300601E-02
.6237464E-02
.6014995E-02
.5760625E-02
.5538055E-02
.5219919E-02
.5188695E-02
.5284901E-02
.5221749E-02
.5126766E-02
.4840436E-02
.4522300E-02
.4427320E-02
.4364177E-02
.4301025E-02
.3982897E-02
.3696574E-02
.3155346E-02
.2454693E-02
.1722112E-02
.9896250E-03
.7032819E-03
.5445433E-03
.5132017E-03
.5137826E-03
.4187976E-03
.1005387E-03
-.3769563E-03
-.8227251E-03
-.1323240E-02
-.1600292E-02
-.1653969E-02
-.1707329E-02
-.1728546E-02
-.1653850E-02
-.1706273E-02
-.2140310E-02
-.2541645E-02
-.2878563E-02
-.3023668E-02
-.3072715E-02
-.2962299E-02
-.2502111E-02
-.1915224E-02
-.1170335E-02
-.4266950E-03
.3032794E-04
.1062856E-03
-.2611455E-03
-.1102150E-02
-.1940961E-02
-.2366400E-02
-.2411352E-02
-.2171661E-02
-.1554026E-02
-.5283285E-03
.8405855E-03
.2299305E-02
.3972756E-02
.5420024E-02
.6767062E-02
.7606818E-02
.8003791E-02
.7522479E-02
.6729360E-02
.6000922E-02
.5710833E-02
.5794772E-02
.6343721E-02
.7261802E-02
.7926137E-02
.8307053E-02
.8437176E-02
.8256037E-02
.8167030E-02
.8077057E-02
.8140039E-02
.8016743E-02
.7616593E-02
.6849697E-02
.5657745E-02
.4502462E-02
.3566864E-02
.3306280E-02
.3441884E-02
.3606372E-02
.3678255E-02
.3023007E-02
.2190551E-02
.1242751E-02
.6625113E-03
.5065806E-03
.1131051E-02
.2019875E-02
.3080757E-02
.3745509E-02
.4315144E-02
.4760692E-02
.5320170E-02
.5844495E-02
.6333722E-02
.6611444E-02
.6709277E-02
.6658269E-02
.6489251E-02
.5940967E-02
.5279927E-02
.4943020E-02
.5100489E-02
.5515423E-02
.5867473E-02
.6214760E-02
.6069492E-02
.5838212E-02
.5293753E-02
.4753466E-02
.4274140E-02
.3770271E-02
.3270592E-02
.2916125E-02
.2424011E-02
.1768270E-02
.9514186E-03
.3102537E-03
-.1851016E-04
-.6674124E-04
-.3183145E-04
-.2519136E-04
.2008584E-03
.4238031E-03
.1080448E-02
.1782942E-02
.2476215E-02
.2835461E-02
.2892784E-02
.2625925E-02
.2334687E-02
.1645803E-02
.1231090E-02
.9801663E-03
.7847773E-03
.6176593E-03
.2423838E-03
-.1806607E-03
-.5200274E-03
-.9847801E-03
-.1443243E-02
-.1895279E-02
-.2417757E-02
-.2830117E-02
-.3261538E-02
-.3737053E-02
-.4230109E-02
-.4689738E-02
-.5141567E-02
-.5535324E-02
-.5847076E-02
-.5904493E-02
-.5811326E-02
-.5570585E-02
-.5798233E-02
-.6118405E-02
-.6553462E-02
-.6761831E-02
-.6796129E-02
-.6828038E-02
-.6737976E-02
-.6481014E-02
-.5823773E-02
-.4940219E-02
-.3694967E-02
-.2517325E-02
-.1965315E-02
-.2187469E-02
-.3027937E-02
-.3783546E-02
-.4067215E-02
-.3730386E-02
-.2855406E-02
-.1793359E-02
-.1064911E-02
-.7741813E-03
-.9552333E-03
-.1508225E-02
-.2094150E-02
-.2055537E-02
-.9944824E-03
.3269212E-03
.9104619E-03
.6672848E-03
-.1043562E-03
-.1051098E-02
-.1872574E-02
-.2340654E-02
-.2193166E-02
-.1716209E-02
-.1372877E-02
-.1488156E-02
-.1784259E-02
-.2012461E-02
-.2154286E-02
-.1931135E-02
-.1612651E-02
-.1400125E-02
-.1409002E-02
-.1750463E-02
-.2239321E-02
-.2522286E-02
-.2528101E-02
-.2379732E-02
-.1986732E-02
-.1640326E-02
-.1527086E-02
-.1920093E-02
-.2339747E-02
-.2711146E-02
-.2815641E-02
-.2752464E-02
-.2364190E-02
-.1769300E-02
-.1527900E-02
-.1593330E-02
-.1920398E-02
-.1993113E-02
-.1958697E-02
-.1941468E-02
-.1957897E-02
-.1870825E-02
-.1649930E-02
-.1518100E-02
-.1588906E-02
-.1772576E-02
-.2032057E-02
-.2250328E-02
-.2558000E-02
-.2823051E-02
-.2711969E-02
-.2254342E-02
-.1667226E-02
-.1220864E-02
-.1080529E-02
-.1081465E-02
-.1050928E-02
-.9298588E-03
-.6473431E-03
-.3880427E-03
-.1367367E-03
.1792713E-03
.4702142E-03
.4226794E-03
-.1747563E-03
-.9046359E-03
-.1344013E-02
-.1477828E-02
-.1482740E-02
-.1512486E-02
-.1499282E-02
-.1353173E-02
-.1002755E-02
-.7030076E-03
-.5790296E-03
-.6346240E-03
-.4508614E-03
-.1140746E-03
.5203691E-04
-.3027780E-03
-.7833785E-03
-.8449993E-03
-.3954556E-03
.2175392E-03
.4224683E-03
.2644127E-03
.4848285E-04
-.1244388E-03
-.2882856E-03
-.6418596E-03
-.1038677E-02
-.9770611E-03
-.3854576E-03
.5041218E-03
.1291669E-02
.1704322E-02
.1736913E-02
.1506930E-02
.1159947E-02
.6421233E-03
.1952959E-04
-.4298751E-03
-.5888131E-03
-.6613586E-03
-.8261107E-03
-.1091970E-02
-.1283676E-02
-.1273211E-02
-.8533278E-03
-.3466341E-05
.8498457E-03
.1297948E-02
.1157525E-02
.8162940E-03
.5098601E-03
.4172867E-03
.4299540E-03
.5392689E-03
.7179322E-03
.9409752E-03
.1040908E-02
.9687874E-03
.8378836E-03
.7668261E-03
.8500552E-03
.9601395E-03
.1104625E-02
.1253913E-02
.1441937E-02
.1609981E-02
.1629337E-02
.1560676E-02
.1522365E-02
.1480312E-02
.1404550E-02
.1332610E-02
.1326323E-02
.1423221E-02
.1486630E-02
.1469881E-02
.1381251E-02
.1362311E-02
.1430160E-02
.1544039E-02
.1614934E-02
.1640342E-02
.1596658E-02
.1439959E-02
.1183980E-02
.9334694E-03
.7895082E-03
.7674893E-03
.8268814E-03
.8864956E-03
.8771004E-03
.7881215E-03
.6621550E-03
.5602494E-03
.5316041E-03
.5359219E-03
.5787697E-03
.6062878E-03
.6014741E-03
.5667795E-03
.5030368E-03
.4615442E-03
.4427714E-03
.4668415E-03
.5049075E-03
.5257119E-03
.5341147E-03
.5263693E-03
.4882770E-03
.4442353E-03
.4060750E-03
.4012468E-03
.4083108E-03
.4004458E-03
.3613001E-03
.3086010E-03
.2775718E-03
.2632254E-03
.2513874E-03
.2526278E-03
.2741883E-03
.2871882E-03
.2799412E-03
.2483680E-03
.2137708E-03
.1939645E-03
.1875055E-03
.1933931E-03
.2045277E-03
.2059757E-03
.1954761E-03
.1704977E-03
.1453538E-03
.1300940E-03
.1311715E-03
.1373769E-03
.1377280E-03
.1258158E-03
.1058565E-03
.8560818E-04
.7004553E-04
.5926870E-04
.5376717E-04
.5019721E-04
.4663457E-04
.4140284E-04
.3542457E-04
.3038072E-04
.2932800E-04
.2925425E-04
.2770422E-04
.2270871E-04
.1544754E-04
.7138584E-05
-.1151004E-05
-.7124335E-05
-.1115867E-04
-.1364090E-04
-.1580287E-04
-.1820389E-04
-.2108852E-04
-.2440930E-04
-.2771714E-04
-.3100120E-04
-.3415251E-04
-.3770791E-04
-.4156998E-04
-.4570498E-04
-.4978781E-04
-.5361127E-04
-.5699465E-04
-.6014704E-04
-.6307443E-04
-.6579171E-04
-.6854761E-04
-.7132366E-04
-.7406560E-04
-.7667683E-04
-.7912030E-04
-.8147287E-04
-.8374306E-04
-.8598816E-04
-.8820041E-04
-.9037471E-04
-.9247798E-04
-.9451271E-04
-.9649076E-04
-.9842380E-04
-.1003163E-03
-.1021714E-03
-.1039891E-03
-.1057711E-03
-.1075167E-03
-.1092264E-03
-.1109005E-03
-.1125391E-03
-.1141419E-03
-.1157090E-03
