-.3452313E-02
-.3446581E-02
-.3440884E-02
-.3435206E-02
-.3429549E-02
-.3423919E-02
-.3418304E-02
-.3412703E-02
-.3407117E-02
-.3401528E-02
-.3395941E-02
-.3390332E-02
-.3384585E-02
-.3378733E-02
-.3373192E-02
-.3368043E-02
-.3362997E-02
-.3357504E-02
-.3351636E-02
-.3345717E-02
-.3340017E-02
-.3334458E-02
-.3328656E-02
-.3323139E-02
-.3318879E-02
-.3314174E-02
-.3307740E-02
-.3300316E-02
-.3293643E-02
-.3288009E-02
-.3281011E-02
-.3273744E-02
-.3272373E-02
-.3270340E-02
-.3261816E-02
-.3263341E-02
-.3263476E-02
-.3236245E-02
-.3212941E-02
-.3214291E-02
-.3217912E-02
-.3212099E-02
-.3206541E-02
-.3194408E-02
-.3176662E-02
-.3171546E-02
-.3160609E-02
-.3122513E-02
-.3074957E-02
-.3047512E-02
-.3050508E-02
-.3058423E-02
-.3065157E-02
-.3120346E-02
-.3153010E-02
-.3093213E-02
-.3026946E-02
-.3021054E-02
-.3061038E-02
-.3120193E-02
-.3167210E-02
-.3064624E-02
-.2916298E-02
-.2901644E-02
-.2953569E-02
-.2956533E-02
-.2920610E-02
-.2853584E-02
-.2744067E-02
-.2745674E-02
-.2862520E-02
-.2925230E-02
-.2945802E-02
-.3008343E-02
-.3030318E-02
-.2987341E-02
-.2922047E-02
-.2836563E-02
-.2735095E-02
-.2680418E-02
-.2686125E-02
-.2728773E-02
-.2755428E-02
-.2707419E-02
-.2522978E-02
-.2450662E-02
-.2626855E-02
-.2792677E-02
-.2838931E-02
-.2897209E-02
-.2992195E-02
-.3068936E-02
-.3057767E-02
-.3074948E-02
-.3219294E-02
-.3135645E-02
-.2786691E-02
-.2552271E-02
-.2512127E-02
-.2494662E-02
-.2441706E-02
-.2335407E-02
-.2455247E-02
-.2707960E-02
-.2634571E-02
-.2215371E-02
-.1863338E-02
-.2066247E-02
-.2625163E-02
-.2964161E-02
-.2944094E-02
-.2788750E-02
-.2576144E-02
-.2327345E-02
-.1973702E-02
-.1829926E-02
-.2191588E-02
-.2533822E-02
-.2421572E-02
-.1845984E-02
-.1410079E-02
-.2133597E-02
-.2776736E-02
-.2397999E-02
-.1656957E-02
-.1527408E-02
-.2100934E-02
-.2883671E-02
-.3266685E-02
-.3032244E-02
-.2305214E-02
-.1689530E-02
-.1907703E-02
-.2219178E-02
-.1798054E-02
-.1228702E-02
-.1684965E-02
-.2149970E-02
-.2043283E-02
-.1443150E-02
-.6179132E-03
-.9816330E-03
-.2325837E-02
-.2960326E-02
-.2698306E-02
-.2406842E-02
-.2519749E-02
-.2913778E-02
-.3336910E-02
-.3323708E-02
-.2748496E-02
-.1779694E-02
-.1238822E-02
-.1642741E-02
-.1976066E-02
-.1688092E-02
-.1288386E-02
-.1203561E-02
-.1335891E-02
-.1309591E-02
-.1023036E-02
-.6475384E-03
-.7768352E-03
-.1492313E-02
-.1833341E-02
-.1537224E-02
-.1081383E-02
-.1196835E-02
-.1703380E-02
-.1806546E-02
-.1268577E-02
-.4838956E-03
-.1731239E-03
-.3956533E-03
-.8136789E-03
-.1205859E-02
-.1511515E-02
-.1274381E-02
-.1095763E-02
-.1702625E-02
-.2171289E-02
-.2318658E-02
-.3295283E-02
-.4408852E-02
-.4628939E-02
-.3876890E-02
-.2735722E-02
-.1645388E-02
-.1094397E-02
-.6724510E-03
.2361659E-03
.1119064E-02
.1399819E-02
.1326025E-02
.9064587E-03
-.1276418E-03
-.9917763E-03
-.1261652E-02
-.1222008E-02
-.1653356E-02
-.2776140E-02
-.4192467E-02
-.4998032E-02
-.4495429E-02
-.2521804E-02
-.1448119E-02
-.1749698E-02
-.1889591E-02
-.1970048E-02
-.2506117E-02
-.3288449E-02
-.3551242E-02
-.3047837E-02
-.2052977E-02
-.1282538E-02
-.1148491E-02
-.9426717E-03
-.1273008E-03
.9047602E-03
.1429753E-02
.1108511E-02
.7082604E-04
-.7952710E-03
-.3310040E-03
.6747651E-03
.1113728E-02
.7551572E-03
.2986383E-03
.3994405E-03
.1667227E-03
-.1191477E-02
-.2817043E-02
-.3288832E-02
-.2606925E-02
-.1539262E-02
-.1032844E-02
-.1295034E-02
-.2109081E-02
-.3012720E-02
-.3636317E-02
-.3358444E-02
-.2196760E-02
-.1122189E-02
-.6909168E-03
-.6561686E-03
-.2582034E-03
.6190779E-03
.1498373E-02
.2162376E-02
.2670179E-02
.2593941E-02
.2116748E-02
.1901505E-02
.1255919E-02
-.8014799E-04
-.1355843E-02
-.2490091E-02
-.3610779E-02
-.4266712E-02
-.4752434E-02
-.5406878E-02
-.5461818E-02
-.4528213E-02
-.2825101E-02
-.2229479E-04
.3558439E-02
.4057535E-02
.1631901E-02
.8393139E-04
.1125058E-02
.3354826E-02
.4739630E-02
.4583245E-02
.3387023E-02
.2071834E-02
.1187751E-02
.9412255E-03
.1754910E-02
.3725127E-02
.5836376E-02
.4778418E-02
.1385932E-02
-.1497208E-02
-.3045455E-02
-.3174122E-02
-.2165918E-02
-.3479116E-03
.1784210E-02
.4070454E-02
.5769626E-02
.6592925E-02
.5196793E-02
.3001523E-02
.2014378E-02
.2672216E-02
.3788370E-02
.4340953E-02
.3962627E-02
.2852008E-02
.5982493E-03
-.1973792E-02
-.3689395E-02
-.2753999E-02
-.3868503E-03
.4313902E-03
.7602000E-04
.2885080E-03
.8855443E-03
.9567079E-03
.1888473E-04
-.1913302E-02
-.4160299E-02
-.5836436E-02
-.6028012E-02
-.4671003E-02
-.2039767E-02
.4857245E-03
.1873555E-02
.1553222E-02
-.1537822E-03
-.2245639E-02
-.4185179E-02
-.5629130E-02
-.3710084E-02
.7492702E-04
.3056719E-02
.4116272E-02
.4008763E-02
.3528331E-02
.3344484E-02
.3347446E-02
.3632619E-02
.4221648E-02
.4586979E-02
.4265947E-02
.3342652E-02
.3075903E-02
.3598900E-02
.3916254E-02
.4802734E-02
.6601586E-02
.6190607E-02
.3952661E-02
.2327519E-02
.2093732E-02
.2083282E-02
.1136772E-02
-.1898158E-04
-.2280008E-03
.1308394E-02
.3627148E-02
.5851903E-02
.6273831E-02
.4396000E-02
.1087678E-02
-.1492974E-02
-.2261749E-02
-.1919840E-02
-.2002130E-02
-.3527043E-02
-.5714523E-02
-.7435755E-02
-.8079884E-02
-.6844540E-02
-.3008934E-02
.2516975E-02
.7684900E-02
.9116870E-02
.8968161E-02
.8414604E-02
.7058661E-02
.5458157E-02
.3287532E-02
.3299662E-03
-.1534220E-02
-.1056697E-02
.1517677E-02
.2834158E-02
.1858989E-02
.1953471E-04
-.2552860E-02
-.6024612E-02
-.7839322E-02
-.7080277E-02
-.4449925E-02
-.9291103E-03
.3351484E-02
.8980929E-02
.1354053E-01
.1480670E-01
.1445309E-01
.1177011E-01
.6171799E-02
.6046464E-03
-.2213102E-02
-.2275603E-02
-.7869281E-03
.1269029E-02
.3153300E-02
.4289016E-02
.4491683E-02
.4440843E-02
.4262835E-02
.3346695E-02
.2032634E-02
.1168367E-02
.1892266E-02
.4192772E-02
.7619644E-02
.1089577E-01
.1360371E-01
.1541903E-01
.1131231E-01
.3562024E-02
-.5039876E-03
.6077457E-03
.3781422E-02
.7667944E-02
.9841195E-02
.9019258E-02
.5489997E-02
.6926141E-03
-.4746873E-02
-.9126494E-02
-.8950056E-02
-.4585202E-02
.8358379E-03
.2987427E-02
.2706164E-02
.2386442E-02
.2393637E-02
.1392477E-02
-.2465681E-02
-.6680653E-02
-.7833113E-02
-.4650672E-02
.8011574E-03
.6304812E-02
.1059332E-01
.1404756E-01
.1653913E-01
.1451961E-01
.1101418E-01
.1017765E-01
.1175270E-01
.1291908E-01
.1196949E-01
.8780347E-02
.4894223E-02
.3050407E-02
.3147558E-02
.3456494E-02
.3062367E-02
.2382009E-02
-.1228718E-02
-.6412580E-02
-.8196075E-02
-.8364102E-02
-.7641601E-02
-.4686517E-02
.5227397E-02
.1761158E-01
.2228122E-01
.2139095E-01
.1852661E-01
.1324534E-01
.7231980E-02
.3324614E-02
.1816173E-02
.1965105E-02
.2456606E-02
.2288312E-02
.7364441E-03
-.2790911E-03
.5727712E-03
.2284701E-02
.3708079E-02
.4935236E-02
.5077449E-02
.4204288E-02
.5093920E-02
.4126257E-02
.1160973E-02
-.3940313E-03
-.1456717E-03
.1215992E-03
-.6627908E-03
-.1940774E-02
-.3270579E-02
-.5200142E-02
-.5823526E-02
-.5366749E-02
-.4830983E-02
-.3738464E-02
-.9293858E-03
.3886568E-02
.1109993E-01
.1861952E-01
.2243572E-01
.2280333E-01
.2130893E-01
.1821434E-01
.1329673E-01
.9661017E-02
.8896430E-02
.9970257E-02
.1238859E-01
.1379521E-01
.1302946E-01
.1040793E-01
.5921010E-02
-.1059224E-02
-.7422116E-02
-.1006878E-01
-.1011349E-01
-.9512546E-02
-.6689376E-02
-.8825999E-03
.6669464E-02
.1270067E-01
.1360084E-01
.1053044E-01
.8340805E-02
.8605143E-02
.1192532E-01
.1603169E-01
.1891735E-01
.1905642E-01
.1601389E-01
.1035501E-01
.6742365E-02
.5760413E-02
.5047244E-02
.3511882E-02
.1289775E-02
-.9133179E-03
-.3527838E-02
-.7186898E-02
-.9034343E-02
-.6576772E-02
-.1951333E-02
.2359685E-02
.7196512E-02
.1066434E-01
.7257715E-02
-.2973065E-03
-.6843628E-02
-.1032130E-01
-.9041163E-02
-.5654763E-02
-.1226822E-02
.3395835E-02
.7811229E-02
.1016801E-01
.1060584E-01
.8630358E-02
.6387721E-02
.5898492E-02
.6336341E-02
.6351468E-02
.6106952E-02
.6621734E-02
.8350294E-02
.1098123E-01
.1270142E-01
.1205989E-01
.9401080E-02
.6084297E-02
.2898337E-02
.3497872E-03
-.1794571E-02
-.4446025E-02
-.8644081E-02
-.1427763E-01
-.1776578E-01
-.1869010E-01
-.1872440E-01
-.1657052E-01
-.1175960E-01
-.5554332E-02
.1298935E-02
.9381427E-02
.1653317E-01
.2137229E-01
.2285167E-01
.1899348E-01
.1371908E-01
.1016045E-01
.6483212E-02
.1783015E-02
-.2683587E-02
-.4840790E-02
-.5625767E-02
-.6568341E-02
-.6835925E-02
-.6177396E-02
-.5962067E-02
-.5598028E-02
-.3779916E-02
.1402645E-02
.9177801E-02
.1728770E-01
.2273828E-01
.2288196E-01
.1834833E-01
.1250763E-01
.5983075E-02
.8720086E-03
-.2170157E-02
-.3835080E-02
-.5257481E-02
-.6189744E-02
-.5281919E-02
-.3062565E-02
-.5891728E-03
.2238446E-02
.6147002E-02
.1168036E-01
.1762454E-01
.2282750E-01
.2459722E-01
.2238516E-01
.1892170E-01
.1542004E-01
.1078563E-01
.5805998E-02
.1697969E-02
.2878938E-03
.1290206E-02
.2796027E-02
.3569380E-02
.3780893E-02
.2450142E-02
-.1005884E-02
-.5635682E-02
-.8226167E-02
-.7404369E-02
-.4136028E-02
-.8293504E-03
.2116397E-02
.3386462E-02
.3997409E-02
.7031287E-02
.1186415E-01
.1598603E-01
.1766534E-01
.1545385E-01
.9540677E-02
.1179049E-02
-.5153806E-02
-.7319215E-02
-.7289015E-02
-.8076192E-02
-.9645190E-02
-.1093472E-01
-.1143645E-01
-.1111457E-01
-.1015224E-01
-.8261139E-02
-.4644937E-02
.2521068E-03
.3056835E-02
.3887033E-02
.4730573E-02
.7249528E-02
.1092729E-01
.1318711E-01
.1322635E-01
.1124197E-01
.9359971E-02
.9164701E-02
.1218259E-01
.1603839E-01
.1814208E-01
.1859412E-01
.1741541E-01
.1232482E-01
.5223795E-02
.4431041E-03
-.2386155E-03
.1718587E-02
.3926663E-02
.5428091E-02
.6261905E-02
.6815901E-02
.7620967E-02
.8065829E-02
.6594719E-02
.4301336E-02
.2722388E-02
.2260176E-02
.2712727E-02
.4039030E-02
.5144162E-02
.6760534E-02
.1143734E-01
.1728222E-01
.2161644E-01
.2271998E-01
.2093552E-01
.1731198E-01
.1265060E-01
.6945569E-02
.2328868E-02
.4839525E-03
.1677190E-02
.4371981E-02
.7066531E-02
.9006677E-02
.8090326E-02
.4064732E-02
-.7086526E-03
-.6511324E-02
-.1007012E-01
-.9742519E-02
-.6271057E-02
-.2485945E-02
.1792859E-02
.5954298E-02
.9152598E-02
.9865459E-02
.8556075E-02
.6825685E-02
.5862374E-02
.5330862E-02
.4205756E-02
.2948980E-02
.2736728E-02
.3366896E-02
.3632239E-02
.2358230E-02
.1129283E-03
-.2202222E-02
-.4639176E-02
-.5567979E-02
-.3235281E-02
.9045188E-03
.5014037E-02
.8916159E-02
.1234382E-01
.1486701E-01
.1601581E-01
.1531464E-01
.1188942E-01
.8583925E-02
.7748936E-02
.8139055E-02
.8809851E-02
.1034743E-01
.1102093E-01
.9952700E-02
.6092030E-02
.1328581E-02
-.1964789E-02
-.2601548E-02
-.1501714E-02
.4666854E-03
.2099913E-02
.3369048E-02
.5138702E-02
.7767611E-02
.1071977E-01
.1218507E-01
.1160351E-01
.7431600E-02
.2756818E-02
.1611492E-02
.4400997E-02
.8426011E-02
.1201533E-01
.1524143E-01
.1774031E-01
.1555088E-01
.9370439E-02
.4481552E-02
.1459411E-02
-.2801605E-02
-.1004715E-01
-.1572124E-01
-.1671079E-01
-.1363307E-01
-.9835404E-02
-.5100015E-02
.5775705E-03
.6800431E-02
.1126430E-01
.1308309E-01
.1307886E-01
.1183491E-01
.8878143E-02
.3492482E-02
-.2821292E-02
-.5545539E-02
-.5125268E-02
-.4131545E-02
-.2174661E-02
.4779790E-03
.2905411E-02
.3791103E-02
.3045169E-02
.1982048E-02
.2545617E-02
.5417450E-02
.8647478E-02
.1119193E-01
.1496949E-01
.1846552E-01
.1884128E-01
.1607753E-01
.1119790E-01
.5936077E-02
-.1360374E-03
-.7789574E-02
-.1514709E-01
-.2005922E-01
-.2312340E-01
-.2344119E-01
-.1927005E-01
-.1342151E-01
-.5334024E-02
.5496851E-02
.1330071E-01
.1784729E-01
.1858585E-01
.1409507E-01
.9075408E-02
.6455657E-02
.5939645E-02
.5976283E-02
.6511120E-02
.7493413E-02
.8576190E-02
.8050934E-02
.6177430E-02
.4048119E-02
.2464026E-02
.1187006E-02
-.2894899E-03
-.2303373E-02
-.4754224E-02
-.7417359E-02
-.8931175E-02
-.8004434E-02
-.4617108E-02
-.5339246E-03
.2310459E-02
.4766534E-02
.4864088E-02
.1656938E-02
-.2411874E-02
-.4824129E-02
-.5432938E-02
-.4033502E-02
-.2330163E-02
-.1694337E-02
-.2130195E-02
-.2308372E-02
-.3524453E-03
.3682147E-02
.8718760E-02
.1230707E-01
.1379632E-01
.1180493E-01
.6124633E-02
-.6456228E-03
-.6200679E-02
-.9555936E-02
-.1092028E-01
-.1172380E-01
-.1023347E-01
-.6408880E-02
-.1550645E-02
.3601942E-02
.8590524E-02
.1283032E-01
.1574321E-01
.1654214E-01
.1452934E-01
.8490394E-02
.3338150E-03
-.3748678E-02
-.1937910E-02
.1326358E-02
.3156778E-02
.4754869E-02
.6607072E-02
.8191019E-02
.8077360E-02
.7161383E-02
.6660661E-02
.6642546E-02
.7485857E-02
.9835436E-02
.1267219E-01
.1463096E-01
.1348141E-01
.7498174E-02
-.3867394E-02
-.1533527E-01
-.2141651E-01
-.2080918E-01
-.1901868E-01
-.1665039E-01
-.1301497E-01
-.9956704E-02
-.8260977E-02
-.8436063E-02
-.1060195E-01
-.1366826E-01
-.1540570E-01
-.1539201E-01
-.1595642E-01
-.1734200E-01
-.1778072E-01
-.1643065E-01
-.1330094E-01
-.5262249E-02
.7016837E-02
.1692589E-01
.2041971E-01
.1932392E-01
.1424332E-01
.5956779E-02
-.3001212E-02
-.1425772E-01
-.1920736E-01
-.1696561E-01
-.1444139E-01
-.1395726E-01
-.1416928E-01
-.1135004E-01
-.5928175E-02
-.7960598E-03
.1642774E-02
.2029361E-02
.4584371E-02
.1158797E-01
.2352081E-01
.3584557E-01
.4275009E-01
.4283637E-01
.3905494E-01
.3516252E-01
.3111987E-01
.2516650E-01
.1874848E-01
.1378016E-01
.1092791E-01
.1050177E-01
.1177220E-01
.1115135E-01
.8765347E-02
.6480701E-02
.2601234E-02
.1714708E-03
-.1513888E-03
-.2195137E-02
-.7379751E-02
-.1444222E-01
-.2299910E-01
-.3198594E-01
-.3923677E-01
-.4339945E-01
-.4534285E-01
-.4774473E-01
-.5157942E-01
-.5693133E-01
-.6299406E-01
-.6772079E-01
-.7039262E-01
-.7165585E-01
-.7099340E-01
-.6925792E-01
-.6738940E-01
-.6517825E-01
-.6249097E-01
-.6199172E-01
-.6246385E-01
-.6119460E-01
-.5809068E-01
-.5428193E-01
-.4945285E-01
-.4321432E-01
-.3540278E-01
-.2571231E-01
-.1465134E-01
-.7244831E-02
-.3802669E-02
-.2753019E-02
-.2318147E-02
-.1399842E-02
.3558249E-02
.1265525E-01
.1727216E-01
.3161352E-01
.5631553E-01
.7707976E-01
.8809174E-01
.9556338E-01
.9981409E-01
.9953312E-01
.9435444E-01
.7732296E-01
.5934237E-01
.4836607E-01
.4327893E-01
.4489627E-01
.4635615E-01
.4330917E-01
.3902773E-01
.3699393E-01
.3677910E-01
.3677809E-01
.3614872E-01
.3485132E-01
.3035862E-01
.2131650E-01
.1043053E-01
-.4605221E-03
-.9541712E-02
-.1525257E-01
-.1818308E-01
-.2056388E-01
-.2412301E-01
-.2899690E-01
-.3421806E-01
-.3856274E-01
-.4150882E-01
-.4302970E-01
-.4104885E-01
-.3608273E-01
-.2964366E-01
-.2341258E-01
-.1767858E-01
-.1418895E-01
-.1131732E-01
-.6362698E-02
.4765637E-03
.7609072E-02
.1342753E-01
.2119053E-01
.3016582E-01
.3332768E-01
.3277166E-01
.3300960E-01
.3539462E-01
.3857462E-01
.4208586E-01
.4697922E-01
.5463840E-01
.6674482E-01
.8230617E-01
.9490840E-01
.1035495E+00
.1083744E+00
.1082571E+00
.1045792E+00
.9771840E-01
.8772970E-01
.7271229E-01
.5802935E-01
.4834569E-01
.4454217E-01
.4363792E-01
.4064145E-01
.3871236E-01
.4060795E-01
.4658758E-01
.5279208E-01
.5507846E-01
.5477084E-01
.5370476E-01
.5126689E-01
.4553605E-01
.3600791E-01
.2377849E-01
.1363056E-01
.5657353E-02
-.2086237E-02
-.7774233E-02
-.1120358E-01
-.1475598E-01
-.1946715E-01
-.2461359E-01
-.2936182E-01
-.3340150E-01
-.3755506E-01
-.4299341E-01
-.4893792E-01
-.5085604E-01
-.4720613E-01
-.4122063E-01
-.3364507E-01
-.2670794E-01
-.2283906E-01
-.2603841E-01
-.3347621E-01
-.3819773E-01
-.3984145E-01
-.3953851E-01
-.3891709E-01
-.3778590E-01
-.3605350E-01
-.2992423E-01
-.1401519E-01
.6685300E-02
.2303720E-01
.3293784E-01
.3838871E-01
.3959067E-01
.3347438E-01
.1857015E-01
-.2788447E-02
-.2342292E-01
-.3740530E-01
-.4543229E-01
-.5050894E-01
-.5476920E-01
-.5882681E-01
-.5963885E-01
-.5554361E-01
-.4522574E-01
-.1809991E-01
.1472940E-01
.4198999E-01
.5951878E-01
.5803469E-01
.4297899E-01
.3120363E-01
.2509781E-01
.2021885E-01
.1626708E-01
.1236988E-01
.9229748E-02
.1047377E-01
.1389123E-01
.1944467E-01
.2544290E-01
.2723174E-01
.2560311E-01
.1834845E-01
.5972523E-02
-.1262467E-01
-.3737881E-01
-.6255640E-01
-.8288416E-01
-.9050443E-01
-.8839725E-01
-.8543271E-01
-.8392062E-01
-.7607597E-01
-.6704028E-01
-.6108438E-01
-.6047028E-01
-.6491598E-01
-.7003038E-01
-.7504634E-01
-.8696672E-01
-.8914275E-01
-.8257757E-01
-.7856097E-01
-.7652087E-01
-.7241391E-01
-.6867425E-01
-.6663825E-01
-.6611802E-01
-.6782138E-01
-.7401271E-01
-.8620613E-01
-.9977660E-01
-.1059889E+00
-.1060346E+00
-.1042732E+00
-.1022959E+00
-.9801900E-01
-.9095453E-01
-.8343836E-01
-.7818184E-01
-.7520053E-01
-.7656885E-01
-.8204891E-01
-.8630458E-01
-.8806053E-01
-.8988340E-01
-.9263910E-01
-.9377817E-01
-.8980352E-01
-.8032169E-01
-.6570148E-01
-.4582263E-01
-.3504774E-01
-.3591724E-01
-.3920883E-01
-.3958577E-01
-.4138316E-01
-.4380914E-01
-.4337647E-01
-.4060117E-01
-.3686768E-01
-.3170916E-01
-.2474827E-01
-.1631375E-01
-.1004882E-01
-.5744926E-02
.1015694E-02
.1097868E-01
.2272839E-01
.3961423E-01
.5739801E-01
.7197939E-01
.8506017E-01
.9207686E-01
.9271434E-01
.8641491E-01
.7296000E-01
.5526917E-01
.4649958E-01
.5134639E-01
.5743340E-01
.6453343E-01
.8186715E-01
.1045187E+00
.1172858E+00
.1182091E+00
.1164786E+00
.1191735E+00
.1205823E+00
.1074267E+00
.8881458E-01
.7814005E-01
.7208780E-01
.6436790E-01
.5783028E-01
.5339311E-01
.4912455E-01
.4427116E-01
.3871806E-01
.3180371E-01
.2760047E-01
.2688787E-01
.2598069E-01
.2442065E-01
.2405356E-01
.2555721E-01
.2786816E-01
.2973570E-01
.2870010E-01
.2554902E-01
.2324088E-01
.2238418E-01
.2171558E-01
.2037306E-01
.1948675E-01
.1951362E-01
.2042819E-01
.2260950E-01
.2588116E-01
.3367392E-01
.4252872E-01
.4952733E-01
.5540115E-01
.6241044E-01
.6886710E-01
.7383108E-01
.7706515E-01
.7666848E-01
.7320221E-01
.7058632E-01
.6963055E-01
.6821385E-01
.6475608E-01
.6108331E-01
.5901791E-01
.5824978E-01
.5714313E-01
.5496445E-01
.5282566E-01
.5192251E-01
.5271814E-01
.5381243E-01
.5413722E-01
.5333303E-01
.5094994E-01
.4731689E-01
.4414641E-01
.4173199E-01
.3785100E-01
.3113949E-01
.2463438E-01
.2295301E-01
.2419827E-01
.2539112E-01
.2669036E-01
.2836829E-01
.3041667E-01
.3411236E-01
.3973969E-01
.4509375E-01
.4942392E-01
.5360626E-01
.5742877E-01
.6037414E-01
.6271037E-01
.6476778E-01
.6658376E-01
.6772053E-01
.6786866E-01
.6858525E-01
.7044128E-01
.7257485E-01
.7374015E-01
.7389513E-01
.7408514E-01
.7458863E-01
.7470749E-01
.7370842E-01
.7155332E-01
.6915643E-01
.6818390E-01
.6899606E-01
.7116349E-01
.7508608E-01
.7851070E-01
.7738002E-01
.7456933E-01
.7220055E-01
.6785771E-01
.6086565E-01
.5230672E-01
.4486060E-01
.3610234E-01
.3049401E-01
.2727916E-01
.2382756E-01
.2063027E-01
.1805486E-01
.1541120E-01
.1156831E-01
.6412921E-02
.7332221E-03
-.3442253E-02
-.9837579E-02
-.1888584E-01
-.2711809E-01
-.3278102E-01
-.3808390E-01
-.4312424E-01
-.4591608E-01
-.4759597E-01
-.4972545E-01
-.5202371E-01
-.5301349E-01
-.5261684E-01
-.5103970E-01
-.4945312E-01
-.4846850E-01
-.4761966E-01
-.4567043E-01
-.3914849E-01
-.3052893E-01
-.2392986E-01
-.2018764E-01
-.1683472E-01
-.1215586E-01
-.1087945E-01
-.1360418E-01
-.1743159E-01
-.2029647E-01
-.2549076E-01
-.3453574E-01
-.4341772E-01
-.4969755E-01
-.5466727E-01
-.6003784E-01
-.6671603E-01
-.7380087E-01
-.7932790E-01
-.8393543E-01
-.8807208E-01
-.8989216E-01
-.8946605E-01
-.8794538E-01
-.8470393E-01
-.7923937E-01
-.7230566E-01
-.6734941E-01
-.6467129E-01
-.6166013E-01
-.5750923E-01
-.5348083E-01
-.5018320E-01
-.4925491E-01
-.5232703E-01
-.5748703E-01
-.6207164E-01
-.6616843E-01
-.7041436E-01
-.7517664E-01
-.8092131E-01
-.8657613E-01
-.9146279E-01
-.9712190E-01
-.1036924E+00
-.1094487E+00
-.1127353E+00
-.1154596E+00
-.1193922E+00
-.1236389E+00
-.1287746E+00
-.1359988E+00
-.1426240E+00
-.1521275E+00
-.1629952E+00
-.1709938E+00
-.1775112E+00
-.1823899E+00
-.1872147E+00
-.1941011E+00
-.2023047E+00
-.2084394E+00
-.2125280E+00
-.2164772E+00
-.2205116E+00
-.2249775E+00
-.2296414E+00
-.2302668E+00
-.2284709E+00
-.2283768E+00
-.2302009E+00
-.2316274E+00
-.2305550E+00
-.2278117E+00
-.2249979E+00
-.2227655E+00
-.2195551E+00
-.2127912E+00
-.2038288E+00
-.1946904E+00
-.1882382E+00
-.1825465E+00
-.1764297E+00
-.1696738E+00
-.1619750E+00
-.1560014E+00
-.1529822E+00
-.1507935E+00
-.1479351E+00
-.1450373E+00
-.1420829E+00
-.1387187E+00
-.1352272E+00
-.1295158E+00
-.1222619E+00
-.1152656E+00
-.1094922E+00
-.1052499E+00
-.1037255E+00
-.1039052E+00
-.1054569E+00
-.1066833E+00
-.1068929E+00
-.1076188E+00
-.1090121E+00
-.1096746E+00
-.1080129E+00
-.1050785E+00
-.1033171E+00
-.1020562E+00
-.9981045E-01
-.9745000E-01
-.9586337E-01
-.9477864E-01
-.9288859E-01
-.8996266E-01
-.8675896E-01
-.8327424E-01
-.7869226E-01
-.7264015E-01
-.6515523E-01
-.5506826E-01
-.4587139E-01
-.3850012E-01
-.3109934E-01
-.2358415E-01
-.1666057E-01
-.8733349E-02
.3880052E-03
.9208295E-02
.1686514E-01
.2226730E-01
.2699423E-01
.3300808E-01
.4293319E-01
.5745596E-01
.7215952E-01
.8333258E-01
.8951511E-01
.9329488E-01
.9367391E-01
.8643613E-01
.6502048E-01
.4205172E-01
.2341213E-01
.1040014E-01
-.4115614E-02
-.2052577E-01
-.2991347E-01
-.3321439E-01
-.3585422E-01
-.3919793E-01
-.4307079E-01
-.4922511E-01
-.5455521E-01
-.5609555E-01
-.5530609E-01
-.5358182E-01
-.5029043E-01
-.4510428E-01
-.2839907E-01
-.1145699E-02
.2560017E-01
.4912252E-01
.7405727E-01
.9595134E-01
.1112295E+00
.1191575E+00
.1250209E+00
.1309120E+00
.1302657E+00
.1243580E+00
.1145483E+00
.1018920E+00
.8716108E-01
.7494058E-01
.6790881E-01
.6630316E-01
.6886723E-01
.7300178E-01
.7752437E-01
.8953321E-01
.1015142E+00
.1044282E+00
.9828598E-01
.9070583E-01
.8662834E-01
.8548975E-01
.8848586E-01
.9258282E-01
.9426793E-01
.9317415E-01
.8871028E-01
.7284887E-01
.3766874E-01
-.2689973E-04
-.2115311E-01
-.3851271E-01
-.5467998E-01
-.6201774E-01
-.6372958E-01
-.6264601E-01
-.5858640E-01
-.5229095E-01
-.4795178E-01
-.4852165E-01
-.4951473E-01
-.4603011E-01
-.3985522E-01
-.3619055E-01
-.3075805E-01
-.1485024E-01
.1226122E-01
.4439595E-01
.7050601E-01
.8951878E-01
.1106251E+00
.1296684E+00
.1416164E+00
.1505478E+00
.1579492E+00
.1650355E+00
.1709175E+00
.1749689E+00
.1781999E+00
.1804233E+00
.1804958E+00
.1780571E+00
.1748094E+00
.1730186E+00
.1718557E+00
.1692794E+00
.1631406E+00
.1547880E+00
.1463652E+00
.1362239E+00
.1214402E+00
.1030452E+00
.9126548E-01
.8409906E-01
.7654615E-01
.6924046E-01
.6271623E-01
.5821626E-01
.5639662E-01
.5847030E-01
.6247925E-01
.6585157E-01
.6880347E-01
.7296194E-01
.7698558E-01
.8013797E-01
.8384237E-01
.8826601E-01
.9257565E-01
.9812535E-01
.1056503E+00
.1128128E+00
.1171605E+00
.1167305E+00
.1138584E+00
.1081663E+00
.9619583E-01
.7905170E-01
.6747291E-01
.6128580E-01
.5714578E-01
.5312222E-01
.5111876E-01
.5197930E-01
.5655430E-01
.6512794E-01
.7497242E-01
.8453202E-01
.9409643E-01
.1013349E+00
.1037294E+00
.9879754E-01
.8778549E-01
.7489144E-01
.5070442E-01
.2678684E-01
.8701666E-02
-.7707684E-02
-.2561354E-01
-.4031193E-01
-.4865995E-01
-.5361895E-01
-.5692504E-01
-.5821757E-01
-.5662218E-01
-.4792152E-01
-.2193308E-01
.1386095E-01
.3864699E-01
.3919197E-01
.3059848E-01
.2141213E-01
.6670040E-02
-.1215036E-01
-.2692350E-01
-.3395233E-01
-.3628530E-01
-.3731779E-01
-.3750554E-01
-.3332952E-01
-.2579678E-01
-.1846770E-01
-.1571017E-01
-.1788552E-01
-.2292383E-01
-.3537649E-01
-.5499929E-01
-.7787060E-01
-.1005747E+00
-.1138738E+00
-.1161741E+00
-.1111105E+00
-.9159593E-01
-.5530600E-01
-.3084805E-02
.4963250E-01
.8842671E-01
.1114506E+00
.1190321E+00
.1197118E+00
.1226549E+00
.1303973E+00
.1381181E+00
.1463138E+00
.1546588E+00
.1631196E+00
.1705669E+00
.1760503E+00
.1797491E+00
.1822152E+00
.1837920E+00
.1813230E+00
.1748794E+00
.1657639E+00
.1534736E+00
.1290339E+00
.9668606E-01
.6247579E-01
.7176179E-01
-.1484291E-02
-.8805413E-01
-.1051914E+00
-.8645922E-01
-.8278855E-01
-.1012845E+00
-.1184406E+00
-.1218199E+00
-.1177209E+00
-.1166054E+00
-.1234386E+00
-.1328215E+00
-.1375924E+00
-.1357223E+00
-.1292434E+00
-.1207042E+00
-.1081276E+00
-.8139252E-01
-.6000373E-01
-.5367478E-01
-.5216820E-01
-.4761569E-01
-.4254591E-01
-.4142879E-01
-.4290367E-01
-.4392086E-01
-.4056530E-01
-.3509137E-01
-.2805224E-01
-.1881882E-01
-.1190392E-01
-.7888249E-02
-.7034654E-02
-.7241461E-02
-.7641311E-02
-.7487609E-02
-.6594757E-02
-.1658125E-02
.1598291E-01
.5086201E-01
.7942328E-01
.8047421E-01
.7077739E-01
.6233515E-01
.4698207E-01
.2683127E-01
.1412133E-01
.6493471E-02
-.3109661E-02
-.1370533E-01
-.2322886E-01
-.3104155E-01
-.3613869E-01
-.3981808E-01
-.4500365E-01
-.5180352E-01
-.6210336E-01
-.7605230E-01
-.9091609E-01
-.1034725E+00
-.1145880E+00
-.1240331E+00
-.1311046E+00
-.1364053E+00
-.1388199E+00
-.1362599E+00
-.1304149E+00
-.1230841E+00
-.1103373E+00
-.9333941E-01
-.7684257E-01
-.6345976E-01
-.5202775E-01
-.4063702E-01
-.2388410E-01
-.8456544E-02
-.2018031E-02
-.1820492E-02
-.8985002E-03
-.1543983E-02
-.4639779E-02
-.9671272E-02
-.1657636E-01
-.2328191E-01
-.2728520E-01
-.3026404E-01
-.3374605E-01
-.3315602E-01
-.2966544E-01
-.2740834E-01
-.2686521E-01
-.2671697E-01
-.2569483E-01
-.2378830E-01
-.2185697E-01
-.2040094E-01
-.1919036E-01
-.1697551E-01
-.1073171E-01
.4672449E-03
.1165750E-01
.2045332E-01
.2900836E-01
.4420405E-01
.7165663E-01
.9624915E-01
.1134749E+00
.1284898E+00
.1371147E+00
.1403235E+00
.1417880E+00
.1433874E+00
.1435353E+00
.1414861E+00
.1381167E+00
.1347367E+00
.1331374E+00
.1332882E+00
.1331277E+00
.1344789E+00
.1356739E+00
.1352242E+00
.1345138E+00
.1323076E+00
.1262917E+00
.1093973E+00
.6990136E-01
.3969659E-01
.3465435E-01
.2151113E-01
.3340776E-02
-.8599760E-02
-.1644530E-01
-.2653589E-01
-.3952661E-01
-.5082432E-01
-.5886878E-01
-.6194308E-01
-.5912437E-01
-.5486032E-01
-.4912907E-01
-.3586152E-01
-.2318536E-01
-.1615242E-01
-.9383124E-02
-.2314279E-02
.2475774E-02
.3159143E-02
-.5522869E-03
-.7673685E-02
-.1387348E-01
-.1769778E-01
-.1784216E-01
-.1518444E-01
-.9462636E-02
-.7584051E-03
.1214394E-01
.2620750E-01
.3723206E-01
.4456849E-01
.5289674E-01
.6546439E-01
.8067084E-01
.9551379E-01
.1075623E+00
.1175165E+00
.1262100E+00
.1339726E+00
.1400576E+00
.1449125E+00
.1487137E+00
.1507639E+00
.1513863E+00
.1505937E+00
.1475847E+00
.1423714E+00
.1345298E+00
.1223724E+00
.1039466E+00
.8552005E-01
.6372775E-01
.4241760E-01
.2959251E-01
.2441697E-01
.2147046E-01
.1777578E-01
.1613111E-01
.1786700E-01
.2127253E-01
.2156305E-01
.1826313E-01
.1399902E-01
.9932823E-02
.5286191E-02
-.3871408E-03
-.6800071E-02
-.1411150E-01
-.2521721E-01
-.3941437E-01
-.5382274E-01
-.6391743E-01
-.6910696E-01
-.7108832E-01
-.7150796E-01
-.6979976E-01
-.6562729E-01
-.6128255E-01
-.5886736E-01
-.5913118E-01
-.6186163E-01
-.6695244E-01
-.7182267E-01
-.7416478E-01
-.7284513E-01
-.6789698E-01
-.5707406E-01
-.3853957E-01
-.1993181E-01
-.1056348E-01
-.8867591E-02
-.1169415E-01
-.1622000E-01
-.2468065E-01
-.3570338E-01
-.4987846E-01
-.6168774E-01
-.6925432E-01
-.7856987E-01
-.8461604E-01
-.8684973E-01
-.8789604E-01
-.8894936E-01
-.8939309E-01
-.8963962E-01
-.8984054E-01
-.8938122E-01
-.8759950E-01
-.8479629E-01
-.8230921E-01
-.8056218E-01
-.7918072E-01
-.7808699E-01
-.7732372E-01
-.7635458E-01
-.7395932E-01
-.6924553E-01
-.5831499E-01
-.3610810E-01
.1161313E-02
.3128199E-01
.4979667E-01
.5969853E-01
.6474420E-01
.6935188E-01
.7506154E-01
.7725690E-01
.7102571E-01
.6436647E-01
.6236149E-01
.6309648E-01
.6481444E-01
.6816592E-01
.7305586E-01
.7708773E-01
.7846444E-01
.7433560E-01
.6296264E-01
.3305408E-01
-.5829151E-02
-.3214064E-01
-.5612147E-01
-.7904424E-01
-.9741496E-01
-.1142464E+00
-.1263065E+00
-.1342489E+00
-.1392764E+00
-.1425744E+00
-.1447851E+00
-.1465792E+00
-.1482730E+00
-.1500311E+00
-.1510049E+00
-.1503929E+00
-.1467391E+00
-.1400289E+00
-.1180883E+00
-.7397726E-01
-.2218325E-01
.3369728E-01
.7596294E-01
.8423190E-01
.7567952E-01
.6900619E-01
.6334834E-01
.4185167E-01
-.5729482E-03
-.2996297E-01
-.4124859E-01
-.4544395E-01
-.4985928E-01
-.5438583E-01
-.5652306E-01
-.5453727E-01
-.5144560E-01
-.5127968E-01
-.5455837E-01
-.5980006E-01
-.6901436E-01
-.8042418E-01
-.8677844E-01
-.8816770E-01
-.8904743E-01
-.9103331E-01
-.9158334E-01
-.8882188E-01
-.8251585E-01
-.7529838E-01
-.6842266E-01
-.6172940E-01
-.5736444E-01
-.5481839E-01
-.5283024E-01
-.5187837E-01
-.5296178E-01
-.5652931E-01
-.6158836E-01
-.6665825E-01
-.6864685E-01
-.6843583E-01
-.6871517E-01
-.6912685E-01
-.6879663E-01
-.6709422E-01
-.6485179E-01
-.6279113E-01
-.5888438E-01
-.5202446E-01
-.4400803E-01
-.3688207E-01
-.3086896E-01
-.2506340E-01
-.1941084E-01
-.1608431E-01
-.1399761E-01
-.1084429E-01
-.6021034E-02
-.5018591E-03
.4513626E-02
.8404831E-02
.1079928E-01
.1237927E-01
.1344111E-01
.1232074E-01
.9698942E-02
.7072540E-02
.4107737E-02
.3995370E-03
-.3441572E-02
-.7030286E-02
-.1087876E-01
-.1708740E-01
-.2552632E-01
-.3428473E-01
-.3984118E-01
-.4552787E-01
-.4841784E-01
-.4755491E-01
-.4221561E-01
-.3425033E-01
-.2663870E-01
-.1922438E-01
-.1188968E-01
-.4786524E-02
.1538843E-02
.6907540E-02
.1104532E-01
.1419378E-01
.1638763E-01
.1735660E-01
.1775505E-01
.1796645E-01
.1586354E-01
.1057024E-01
.2714254E-02
-.6876964E-02
-.1569125E-01
-.2364438E-01
-.2823777E-01
-.2765904E-01
-.2510838E-01
-.2142721E-01
-.1652372E-01
-.1190606E-01
-.8087217E-02
-.7017496E-02
-.9560131E-02
-.1570443E-01
-.2352903E-01
-.3377884E-01
-.3692504E-01
-.3393262E-01
-.2963608E-01
-.2371247E-01
-.1614760E-01
-.9083262E-02
-.3055382E-02
.1677502E-03
.9785920E-03
-.5650660E-03
-.5444669E-02
-.1421276E-01
-.2093997E-01
-.2337354E-01
-.2002948E-01
-.1595632E-01
-.1449399E-01
-.8084962E-02
.5595413E-02
.1774407E-01
.2383699E-01
.2482908E-01
.2534992E-01
.2640357E-01
.2689970E-01
.2608761E-01
.2468606E-01
.2388377E-01
.2426777E-01
.2531480E-01
.2705437E-01
.3130199E-01
.3783441E-01
.4549630E-01
.5215941E-01
.5531133E-01
.5654564E-01
.5784238E-01
.5928612E-01
.5996331E-01
.6077892E-01
.6243877E-01
.6489618E-01
.6744717E-01
.6935450E-01
.6998296E-01
.6935040E-01
.6723791E-01
.6359456E-01
.5869261E-01
.5320767E-01
.4772009E-01
.4065697E-01
.3162654E-01
.2387081E-01
.1917072E-01
.1841531E-01
.1902069E-01
.1962057E-01
.2077336E-01
.2228629E-01
.2424365E-01
.2688138E-01
.2974507E-01
.3277155E-01
.3668912E-01
.4196925E-01
.4813186E-01
.5351932E-01
.5787442E-01
.6161779E-01
.6397972E-01
.6445017E-01
.6326391E-01
.6162078E-01
.6121729E-01
.6175631E-01
.6226366E-01
.6296241E-01
.6387899E-01
.6465957E-01
.6445571E-01
.6337663E-01
.6144405E-01
.5857423E-01
.5478556E-01
.5217417E-01
.5196687E-01
.5440086E-01
.5837734E-01
.6309147E-01
.6840077E-01
.7313058E-01
.7611640E-01
.7681672E-01
.7523917E-01
.7172642E-01
.6707228E-01
.6121950E-01
.5276866E-01
.3828584E-01
.1811037E-01
-.9346653E-03
-.1428519E-01
-.2050054E-01
-.2435779E-01
-.2829609E-01
-.3133599E-01
-.3175070E-01
-.2876049E-01
-.2458258E-01
-.2053492E-01
-.1556160E-01
-.8876866E-02
-.4027928E-02
-.3102001E-02
-.4617599E-02
-.6139380E-02
-.7300221E-02
-.7511224E-02
-.6927562E-02
-.5748067E-02
-.3705713E-02
-.8159613E-03
.2465176E-02
.3935955E-02
.3040766E-02
.2437982E-02
.3529514E-02
.5723648E-02
.9027685E-02
.1332332E-01
.1825286E-01
.2228391E-01
.2259336E-01
.1629421E-01
.4894111E-02
-.1075103E-01
-.2726071E-01
-.3953689E-01
-.4652236E-01
-.4817732E-01
-.4754534E-01
-.4570773E-01
-.4149457E-01
-.3561768E-01
-.2987394E-01
-.2545727E-01
-.2535217E-01
-.2840464E-01
-.3049360E-01
-.2999194E-01
-.2834111E-01
-.2479123E-01
-.1657661E-01
-.8841737E-02
-.1100075E-02
.8394838E-02
.1614364E-01
.1940952E-01
.1904296E-01
.1873916E-01
.1963305E-01
.2213495E-01
.2737687E-01
.3466905E-01
.4417194E-01
.5350978E-01
.5883347E-01
.6079533E-01
.6047994E-01
.5859934E-01
.5569568E-01
.5236522E-01
.4888899E-01
.4627049E-01
.4452280E-01
.4324026E-01
.4167823E-01
.3904908E-01
.3428742E-01
.2797144E-01
.2142463E-01
.1612356E-01
.1147954E-01
.6547208E-02
.2250341E-02
-.6720192E-03
-.2106319E-02
-.2248029E-02
-.1379721E-02
.1924363E-02
.7503288E-02
.1429346E-01
.2063482E-01
.2668062E-01
.3380053E-01
.4169651E-01
.4935483E-01
.5636646E-01
.6247114E-01
.6694675E-01
.7024701E-01
.7248357E-01
.7266531E-01
.7024686E-01
.6481350E-01
.5492076E-01
.3735987E-01
.1593373E-01
-.8019486E-03
-.1522502E-01
-.2602984E-01
-.3925313E-01
-.5157273E-01
-.5710958E-01
-.5860058E-01
-.5813110E-01
-.5492071E-01
-.4958645E-01
-.3799047E-01
-.2248211E-01
-.1054334E-01
.2247650E-03
.9870658E-02
.1602199E-01
.2012469E-01
.2297505E-01
.2530056E-01
.2700259E-01
.2856046E-01
.3033673E-01
.3235131E-01
.3373471E-01
.3428924E-01
.3397007E-01
.3312618E-01
.3198454E-01
.3103186E-01
.3088568E-01
.3234341E-01
.3405256E-01
.3500944E-01
.3657721E-01
.3874195E-01
.3925023E-01
.3724400E-01
.3366903E-01
.2977252E-01
.2657168E-01
.2455850E-01
.2512795E-01
.2853597E-01
.3461783E-01
.4169249E-01
.4823936E-01
.5154798E-01
.5213644E-01
.5000185E-01
.4569264E-01
.3991229E-01
.3375263E-01
.2561148E-01
.1888047E-01
.1495849E-01
.1086874E-01
.7367027E-02
.5318290E-02
.3435155E-02
.1392192E-02
-.6311475E-03
-.2832374E-02
-.5036685E-02
-.7004938E-02
-.8547462E-02
-.9555102E-02
-.9812600E-02
-.8819313E-02
-.7322943E-02
-.6956666E-02
-.8107882E-02
-.1012687E-01
-.1280783E-01
-.1609253E-01
-.2009643E-01
-.2451748E-01
-.2924370E-01
-.3446938E-01
-.3948233E-01
-.4353718E-01
-.4584975E-01
-.4712937E-01
-.4799289E-01
-.4734529E-01
-.4460674E-01
-.4009188E-01
-.3523620E-01
-.3069009E-01
-.2589847E-01
-.2131349E-01
-.1889910E-01
-.1790951E-01
-.1669862E-01
-.1435756E-01
-.1120164E-01
-.7418226E-02
-.3710301E-02
-.7585354E-03
-.1567289E-03
-.9923600E-03
-.1745184E-02
-.2229784E-02
-.2568335E-02
.2964798E-03
.7701267E-02
.1882267E-01
.2833012E-01
.3412554E-01
.3535884E-01
.3385458E-01
.3095921E-01
.2631030E-01
.1880892E-01
.7216851E-02
-.4674953E-02
-.1138475E-01
-.1135021E-01
-.8531695E-02
-.6619472E-02
-.6233166E-02
-.5389172E-02
-.1379992E-02
.4972405E-02
.1167947E-01
.1931118E-01
.2780859E-01
.3543802E-01
.4290647E-01
.5110698E-01
.5500918E-01
.5420982E-01
.5254640E-01
.5183166E-01
.5098507E-01
.4972865E-01
.4817691E-01
.4627362E-01
.4498359E-01
.4466621E-01
.4357155E-01
.4162305E-01
.3986543E-01
.3686908E-01
.3232500E-01
.2956783E-01
.2920433E-01
.2983377E-01
.2986882E-01
.2950086E-01
.2991838E-01
.3100643E-01
.3207772E-01
.3310107E-01
.3436401E-01
.3583657E-01
.3621803E-01
.3554991E-01
.3519140E-01
.3570420E-01
.3672787E-01
.3782168E-01
.3862732E-01
.3880340E-01
.3883350E-01
.3917745E-01
.3966259E-01
.3945118E-01
.3854154E-01
.3823341E-01
.3822739E-01
.3744006E-01
.3565090E-01
.3344822E-01
.3124846E-01
.2855510E-01
.2497744E-01
.2095416E-01
.1796181E-01
.1634093E-01
.1427936E-01
.1221445E-01
.1314422E-01
.1779951E-01
.2414175E-01
.2913698E-01
.3555110E-01
.4305735E-01
.4926434E-01
.5207097E-01
.5134415E-01
.4934170E-01
.4679774E-01
.4182362E-01
.3432517E-01
.2135396E-01
.5471143E-02
-.5203333E-02
-.1065791E-01
-.1735150E-01
-.2632250E-01
-.3361834E-01
-.3627097E-01
-.3733731E-01
-.3829648E-01
-.3727652E-01
-.3541407E-01
-.3409121E-01
-.3355529E-01
-.3306393E-01
-.3089887E-01
-.2712318E-01
-.2272091E-01
-.1847969E-01
-.1397019E-01
-.6761796E-02
.2180580E-02
.1036998E-01
.1594207E-01
.1998391E-01
.2381769E-01
.2748196E-01
.2941762E-01
.2839527E-01
.2464265E-01
.1866777E-01
.1209928E-01
.2821928E-02
-.9947460E-02
-.2043010E-01
-.2723190E-01
-.3441179E-01
-.4387384E-01
-.5414412E-01
-.6180172E-01
-.6482396E-01
-.6480229E-01
-.6519384E-01
-.6566997E-01
-.6475772E-01
-.6228022E-01
-.5853763E-01
-.5185495E-01
-.4346082E-01
-.3544731E-01
-.2808509E-01
-.2077483E-01
-.1451773E-01
-.9605477E-02
-.6587490E-02
-.5383784E-02
-.5333961E-02
-.5123948E-02
-.3950379E-02
-.1178284E-02
.2868399E-02
.7238456E-02
.9722965E-02
.1029690E-01
.9818212E-02
.7444532E-02
.3139215E-02
-.2018620E-02
-.6801114E-02
-.1084230E-01
-.1328100E-01
-.1337048E-01
-.1033660E-01
-.3960928E-02
.2983513E-02
.8284299E-02
.2033432E-01
.3549675E-01
.4487163E-01
.5023374E-01
.5444903E-01
.5700739E-01
.5827043E-01
.5862225E-01
.5800436E-01
.5657716E-01
.5466060E-01
.5258997E-01
.4966834E-01
.4431811E-01
.3724556E-01
.2951899E-01
.2001044E-01
.9522448E-02
.1773012E-02
.5470216E-03
.2098807E-02
.9438167E-03
-.1150687E-02
-.8459618E-03
-.2206615E-03
-.7625588E-03
-.2070581E-02
-.3090668E-02
-.3152930E-02
-.6030871E-03
.4162059E-02
.1011332E-01
.1633671E-01
.2262594E-01
.2900624E-01
.3624207E-01
.4445007E-01
.4991181E-01
.5183650E-01
.5082034E-01
.4828796E-01
.4434780E-01
.3740271E-01
.2588453E-01
.1178730E-01
.3772127E-03
-.1908467E-02
.7627330E-03
.1440436E-02
-.1752056E-03
-.8869021E-03
.3649723E-03
.2359829E-02
.3081704E-02
.7811541E-03
-.2966722E-02
-.6583023E-02
-.1121116E-01
-.1682376E-01
-.2227754E-01
-.2665360E-01
-.3051248E-01
-.3468087E-01
-.3730663E-01
-.3801722E-01
-.3811968E-01
-.3802962E-01
-.3700479E-01
-.3441203E-01
-.3093258E-01
-.2779037E-01
-.2369924E-01
-.1655706E-01
-.5807671E-02
.7216251E-02
.1530399E-01
.1737877E-01
.1677139E-01
.1639942E-01
.1545621E-01
.1424141E-01
.1268782E-01
.9947670E-02
.6499109E-02
.3257813E-02
.2948359E-03
-.2944622E-02
-.6590040E-02
-.1014376E-01
-.1157131E-01
-.1024180E-01
-.6605564E-02
-.3144642E-02
-.8448617E-03
.2021093E-02
.5960405E-02
.9197223E-02
.9888201E-02
.8432676E-02
.7704946E-02
.7867635E-02
.6568728E-02
.2007929E-02
-.4608880E-02
-.9367943E-02
-.1149965E-01
-.1295549E-01
-.1552327E-01
-.1878100E-01
-.2126493E-01
-.2250743E-01
-.2302729E-01
-.2319895E-01
-.2359728E-01
-.2463988E-01
-.2658711E-01
-.2977051E-01
-.3497218E-01
-.4031986E-01
-.4413625E-01
-.4588292E-01
-.4668996E-01
-.4721803E-01
-.4704797E-01
-.4531687E-01
-.4127978E-01
-.3722406E-01
-.3450920E-01
-.3162983E-01
-.3001035E-01
-.3028278E-01
-.3155161E-01
-.3379889E-01
-.3654621E-01
-.3916570E-01
-.4092560E-01
-.4180480E-01
-.4196679E-01
-.4216920E-01
-.4265936E-01
-.4321686E-01
-.4398982E-01
-.4571648E-01
-.4753164E-01
-.4867516E-01
-.4982599E-01
-.5142144E-01
-.5315254E-01
-.5442492E-01
-.5509810E-01
-.5534213E-01
-.5617734E-01
-.5781714E-01
-.5868995E-01
-.5917694E-01
-.6065692E-01
-.6199783E-01
-.6218485E-01
-.6225811E-01
-.6266831E-01
-.6288295E-01
-.6293642E-01
-.6311062E-01
-.6345561E-01
-.6294462E-01
-.6125882E-01
-.5983252E-01
-.5870097E-01
-.5678459E-01
-.5337724E-01
-.4867898E-01
-.4350335E-01
-.3814981E-01
-.3237246E-01
-.2689643E-01
-.2149315E-01
-.1372355E-01
-.3326821E-02
.8615660E-02
.2130864E-01
.3426955E-01
.4695656E-01
.5841558E-01
.6785980E-01
.7508053E-01
.8016695E-01
.8334235E-01
.8459448E-01
.8379197E-01
.8223483E-01
.8063930E-01
.7791165E-01
.7473930E-01
.7252926E-01
.7009703E-01
.6663652E-01
.6284419E-01
.5870526E-01
.5401178E-01
.4980384E-01
.4331689E-01
.3644217E-01
.2931614E-01
.2166426E-01
.1430238E-01
.7732790E-02
.1683586E-02
-.4000020E-02
-.8365463E-02
-.1196706E-01
-.1586126E-01
-.2018954E-01
-.2420254E-01
-.2709306E-01
-.2842629E-01
-.2845925E-01
-.2713012E-01
-.2467362E-01
-.2165187E-01
-.1819656E-01
-.1453821E-01
-.1269523E-01
-.1282212E-01
-.1400239E-01
-.1650021E-01
-.2116866E-01
-.2690041E-01
-.3243666E-01
-.3761325E-01
-.4208961E-01
-.4620314E-01
-.5027020E-01
-.5414537E-01
-.5714942E-01
-.5841676E-01
-.5903019E-01
-.5961444E-01
-.5771236E-01
-.5424883E-01
-.5157725E-01
-.4830890E-01
-.4301265E-01
-.3802052E-01
-.3461548E-01
-.3200096E-01
-.2772788E-01
-.2130569E-01
-.1466122E-01
-.8598039E-02
-.2440444E-02
.3283027E-02
.7975419E-02
.9885220E-02
.9681204E-02
.8737497E-02
.7934481E-02
.6868725E-02
.4765047E-02
.2113341E-02
-.1096437E-03
-.7441773E-03
.3892966E-03
.3001486E-02
.6015476E-02
.9326164E-02
.1361674E-01
.1671741E-01
.1595613E-01
.1183344E-01
.6937649E-02
.3110928E-02
.3097603E-03
-.2125489E-02
-.3165257E-02
-.3240993E-02
-.3140465E-02
-.2128515E-02
-.3457094E-03
.6385047E-03
.8315746E-03
.1047871E-02
.2121248E-02
.3889159E-02
.5769796E-02
.6962796E-02
.7592078E-02
.9211103E-02
.1096491E-01
.1102390E-01
.8791238E-02
.4662327E-02
.3223246E-04
-.5049250E-02
-.1110716E-01
-.1723620E-01
-.2147329E-01
-.2255318E-01
-.2163577E-01
-.1974885E-01
-.1626707E-01
-.1222503E-01
-.8716508E-02
-.6197343E-02
-.4627611E-02
-.4399481E-02
-.5157752E-02
-.6524779E-02
-.8732069E-02
-.1158713E-01
-.1464535E-01
-.1716529E-01
-.1863604E-01
-.1854657E-01
-.1799637E-01
-.1788153E-01
-.1799331E-01
-.1805712E-01
-.1851834E-01
-.1902422E-01
-.1920656E-01
-.1945051E-01
-.1987094E-01
-.2018584E-01
-.2018697E-01
-.1981057E-01
-.1894294E-01
-.1813807E-01
-.1774996E-01
-.1751648E-01
-.1725330E-01
-.1711346E-01
-.1758181E-01
-.1877103E-01
-.2003862E-01
-.2188647E-01
-.2501742E-01
-.2689627E-01
-.2654919E-01
-.2539116E-01
-.2630927E-01
-.2952600E-01
-.3149566E-01
-.3204956E-01
-.3347912E-01
-.3572484E-01
-.3794497E-01
-.4022722E-01
-.4241980E-01
-.4425760E-01
-.4556115E-01
-.4626569E-01
-.4617917E-01
-.4493412E-01
-.4281980E-01
-.4045725E-01
-.3816165E-01
-.3569904E-01
-.3259805E-01
-.2881061E-01
-.2453334E-01
-.2026314E-01
-.1616137E-01
-.1182487E-01
-.7489601E-02
-.4198223E-02
-.2379257E-02
-.1545611E-02
-.9607444E-03
-.5455133E-03
-.5322012E-03
-.7583667E-03
-.8844471E-03
-.4087516E-03
.4155257E-03
.1217667E-02
.2259875E-02
.3579364E-02
.4704987E-02
.5222729E-02
.5240952E-02
.5218202E-02
.5457471E-02
.6166486E-02
.7326370E-02
.8876233E-02
.1111065E-01
.1313091E-01
.1401512E-01
.1454666E-01
.1531170E-01
.1536287E-01
.1430585E-01
.1243286E-01
.1026030E-01
.7999763E-02
.5506903E-02
.2068991E-02
-.2474816E-02
-.7952526E-02
-.1460493E-01
-.2241489E-01
-.3022409E-01
-.3823383E-01
-.4554520E-01
-.4999833E-01
-.5174622E-01
-.5268713E-01
-.5322124E-01
-.5189213E-01
-.4716625E-01
-.3884093E-01
-.2850090E-01
-.1763301E-01
-.5967944E-02
.6272186E-02
.1424397E-01
.1951080E-01
.2551877E-01
.3296829E-01
.3945732E-01
.4291029E-01
.4564563E-01
.4930533E-01
.5143389E-01
.5013009E-01
.4559777E-01
.4062945E-01
.3402633E-01
.2643911E-01
.2016327E-01
.1284388E-01
.5137203E-02
-.7955261E-03
-.4507087E-02
-.7095725E-02
-.9087435E-02
-.9771969E-02
-.8319053E-02
-.4557601E-02
.5517854E-03
.6378670E-02
.1226272E-01
.1751579E-01
.2121138E-01
.2474520E-01
.2911162E-01
.3233113E-01
.3322682E-01
.3237345E-01
.3146875E-01
.3077371E-01
.2821360E-01
.2386342E-01
.2007319E-01
.1721500E-01
.1447115E-01
.1259206E-01
.1190426E-01
.1218482E-01
.1280116E-01
.1339291E-01
.1382590E-01
.1350637E-01
.1232167E-01
.1126065E-01
.1037320E-01
.9121899E-02
.8735739E-02
.9911979E-02
.1236166E-01
.1411028E-01
.1426568E-01
.1516533E-01
.1743779E-01
.1905866E-01
.1949430E-01
.1963922E-01
.2015487E-01
.2072422E-01
.2080480E-01
.2036476E-01
.1927655E-01
.1596736E-01
.1047904E-01
.3624675E-02
-.3395999E-02
-.1011996E-01
-.1670695E-01
-.2173772E-01
-.2465612E-01
-.2582139E-01
-.2707835E-01
-.2898136E-01
-.2979834E-01
-.2974907E-01
-.3071344E-01
-.3256780E-01
-.3385816E-01
-.3234911E-01
-.2962719E-01
-.2792958E-01
-.2578707E-01
-.2157119E-01
-.1531374E-01
-.8575940E-02
-.2110054E-02
.5072176E-02
.1279225E-01
.1916096E-01
.2449410E-01
.2970871E-01
.3395089E-01
.3637795E-01
.3682395E-01
.3621033E-01
.3464846E-01
.3159970E-01
.2672365E-01
.1988755E-01
.1338969E-01
.8428572E-02
.4114984E-02
-.3788337E-03
-.4670201E-02
-.7163697E-02
-.8690231E-02
-.1095466E-01
-.1462213E-01
-.1843226E-01
-.2070220E-01
-.2243886E-01
-.2517120E-01
-.2916883E-01
-.3208477E-01
-.3196385E-01
-.3038729E-01
-.2900455E-01
-.2630952E-01
-.2160568E-01
-.1550971E-01
-.9340650E-02
-.3495225E-02
.2362836E-02
.8544839E-02
.1461911E-01
.1809941E-01
.1897685E-01
.1808096E-01
.1673167E-01
.1530352E-01
.1301460E-01
.9837893E-02
.6826863E-02
.4504463E-02
.2699708E-02
.1501235E-02
.8862183E-03
.5901486E-03
.3293981E-03
.4617838E-03
.1447514E-02
.2876665E-02
.4071028E-02
.4638522E-02
.5198235E-02
.6293950E-02
.8011703E-02
.1002092E-01
.1202447E-01
.1331134E-01
.1377793E-01
.1432537E-01
.1537864E-01
.1643508E-01
.1573268E-01
.1357733E-01
.1192753E-01
.1106507E-01
.1041639E-01
.1122471E-01
.1342448E-01
.1678565E-01
.2027834E-01
.2335302E-01
.2611305E-01
.2872555E-01
.3105651E-01
.3318233E-01
.3494096E-01
.3555582E-01
.3543169E-01
.3528887E-01
.3491384E-01
.3383555E-01
.3183762E-01
.2924624E-01
.2641343E-01
.2349742E-01
.2156347E-01
.2141618E-01
.2089032E-01
.1940541E-01
.1885672E-01
.1933793E-01
.1977524E-01
.1975096E-01
.1910539E-01
.1773035E-01
.1638535E-01
.1548015E-01
.1509536E-01
.1430913E-01
.1249816E-01
.1117113E-01
.1100136E-01
.1118974E-01
.1141834E-01
.1213792E-01
.1433484E-01
.1714317E-01
.1929474E-01
.2067178E-01
.2205893E-01
.2414393E-01
.2653283E-01
.2848016E-01
.2934703E-01
.2991207E-01
.3166396E-01
.3354072E-01
.3400258E-01
.3235890E-01
.2911326E-01
.2431757E-01
.1654151E-01
.7514541E-02
.5681978E-03
-.8159341E-02
-.1721113E-01
-.2130842E-01
-.2313574E-01
-.2358130E-01
-.2380638E-01
-.2310649E-01
-.2131177E-01
-.1756895E-01
-.1291026E-01
-.8884351E-02
-.6405836E-02
-.5133775E-02
-.4010416E-02
-.2594385E-02
-.1283383E-02
-.5083303E-03
-.2922214E-03
-.4961955E-03
-.1151395E-02
-.2267699E-02
-.3671655E-02
-.4915351E-02
-.5782775E-02
-.7001587E-02
-.8880815E-02
-.1060441E-01
-.1167313E-01
-.1229894E-01
-.1332849E-01
-.1519069E-01
-.1792682E-01
-.2089676E-01
-.2354766E-01
-.2522824E-01
-.2637658E-01
-.2757771E-01
-.2866620E-01
-.2923049E-01
-.2904016E-01
-.2822093E-01
-.2687829E-01
-.2455144E-01
-.2134111E-01
-.1707548E-01
-.1154280E-01
-.5234614E-02
-.3466000E-03
.2006359E-02
.2141995E-02
.2264198E-02
.2765678E-02
.1823508E-02
-.7745849E-03
-.3865091E-02
-.5909793E-02
-.7214031E-02
-.9130072E-02
-.1113019E-01
-.1225850E-01
-.1285633E-01
-.1294406E-01
-.1197607E-01
-.9946770E-02
-.7674089E-02
-.6097239E-02
-.4326155E-02
-.1378101E-02
.1036311E-02
.1729023E-02
.9711508E-03
-.1147367E-03
-.1288526E-02
-.3837464E-02
-.7820264E-02
-.1242871E-01
-.1664696E-01
-.1997820E-01
-.2206863E-01
-.2416863E-01
-.2701357E-01
-.2961621E-01
-.3105850E-01
-.3143286E-01
-.3232215E-01
-.3407836E-01
-.3566003E-01
-.3631802E-01
-.3629197E-01
-.3608910E-01
-.3594216E-01
-.3585815E-01
-.3563157E-01
-.3501001E-01
-.3339851E-01
-.3125296E-01
-.2938538E-01
-.2849094E-01
-.2810327E-01
-.2755100E-01
-.2648174E-01
-.2539740E-01
-.2595949E-01
-.2723626E-01
-.2762107E-01
-.2739279E-01
-.2715360E-01
-.2693016E-01
-.2726993E-01
-.2805347E-01
-.2794886E-01
-.2661879E-01
-.2558530E-01
-.2564425E-01
-.2586789E-01
-.2535967E-01
-.2406801E-01
-.2310536E-01
-.2329645E-01
-.2446175E-01
-.2555083E-01
-.2612948E-01
-.2660434E-01
-.2681561E-01
-.2623033E-01
-.2518698E-01
-.2381856E-01
-.2119122E-01
-.1718257E-01
-.1231416E-01
-.8007438E-02
-.4423249E-02
-.7445287E-03
.2987451E-02
.6002658E-02
.7932743E-02
.9604177E-02
.1229663E-01
.1525633E-01
.1738443E-01
.1938213E-01
.2185802E-01
.2443186E-01
.2720627E-01
.3029184E-01
.3277583E-01
.3434868E-01
.3492966E-01
.3488171E-01
.3451118E-01
.3388391E-01
.3200118E-01
.2816541E-01
.2525169E-01
.2423649E-01
.2339434E-01
.2256369E-01
.2248637E-01
.2264978E-01
.2315131E-01
.2347040E-01
.2257898E-01
.2080846E-01
.1845949E-01
.1503430E-01
.1039006E-01
.4909569E-02
-.1067349E-02
-.6906679E-02
-.1205514E-01
-.1512999E-01
-.1647659E-01
-.1701568E-01
-.1791567E-01
-.1846565E-01
-.1670388E-01
-.1349643E-01
-.1052213E-01
-.8145696E-02
-.5725998E-02
-.3260597E-02
-.1286597E-02
.3102544E-03
.1641643E-02
.2381609E-02
.2777813E-02
.3263693E-02
.4845003E-02
.7274675E-02
.9459204E-02
.1152649E-01
.1421860E-01
.1798524E-01
.2162171E-01
.2391277E-01
.2466868E-01
.2445339E-01
.2444656E-01
.2443487E-01
.2335663E-01
.2068925E-01
.1772488E-01
.1651380E-01
.1620043E-01
.1530082E-01
.1406363E-01
.1332414E-01
.1335532E-01
.1358101E-01
.1367771E-01
.1398960E-01
.1452902E-01
.1491305E-01
.1431989E-01
.1294826E-01
.1165195E-01
.1042445E-01
.8665995E-02
.5596553E-02
.1655355E-02
-.2365536E-02
-.5583502E-02
-.8548058E-02
-.1262473E-01
-.1732399E-01
-.2147142E-01
-.2432500E-01
-.2713196E-01
-.3110750E-01
-.3510633E-01
-.3770646E-01
-.3833305E-01
-.3781523E-01
-.3715624E-01
-.3740770E-01
-.3786774E-01
-.3726988E-01
-.3607070E-01
-.3511077E-01
-.3392222E-01
-.3083567E-01
-.2478417E-01
-.1781410E-01
-.1111658E-01
-.3648066E-02
.6465789E-02
.1677033E-01
.2223525E-01
.2344917E-01
.2405064E-01
.2554919E-01
.2710029E-01
.2767650E-01
.2736802E-01
.2681576E-01
.2641872E-01
.2635513E-01
.2686786E-01
.2685484E-01
.2515820E-01
.2138909E-01
.1630197E-01
.1063714E-01
.5677700E-02
.2172995E-02
.4070135E-03
-.4193849E-03
-.2565378E-03
.1501520E-02
.4618401E-02
.8242384E-02
.1170984E-01
.1507213E-01
.1870860E-01
.2208795E-01
.2388703E-01
.2529135E-01
.2746722E-01
.2930081E-01
.3026420E-01
.3074979E-01
.3058063E-01
.2943820E-01
.2717877E-01
.2414327E-01
.2054974E-01
.1687401E-01
.1317001E-01
.9218831E-02
.6315290E-02
.5274038E-02
.5545985E-02
.5879394E-02
.5965259E-02
.6800337E-02
.8566027E-02
.1034457E-01
.1221066E-01
.1472885E-01
.1690301E-01
.1831240E-01
.1967004E-01
.2190400E-01
.2495723E-01
.2789723E-01
.3099794E-01
.3447822E-01
.3773619E-01
.3940868E-01
.3947710E-01
.4016430E-01
.4169034E-01
.4246315E-01
.4285830E-01
.4371385E-01
.4389661E-01
.4303406E-01
.4174778E-01
.4097763E-01
.4049117E-01
.3933059E-01
.3825965E-01
.3803191E-01
.3764700E-01
.3721449E-01
.3770741E-01
.3931448E-01
.4132830E-01
.4160729E-01
.4103381E-01
.4141019E-01
.4126850E-01
.3960757E-01
.3725273E-01
.3383752E-01
.2905308E-01
.2476329E-01
.2160799E-01
.1881704E-01
.1558283E-01
.1227260E-01
.9777038E-02
.8112272E-02
.5827216E-02
.2860633E-02
.1842715E-03
-.1378463E-02
-.2240166E-02
-.3264296E-02
-.4128235E-02
-.3861536E-02
-.2021471E-02
.6248779E-03
.3011689E-02
.4376910E-02
.4835731E-02
.4737546E-02
.4238594E-02
.2621659E-02
.8084139E-03
-.6522324E-03
-.3176200E-02
-.5839203E-02
-.7409535E-02
-.7732957E-02
-.7522534E-02
-.7157434E-02
-.6949357E-02
-.7209431E-02
-.8016490E-02
-.8645685E-02
-.8729101E-02
-.8440650E-02
-.7525625E-02
-.6194120E-02
-.5037172E-02
-.4141880E-02
-.3238411E-02
-.2155633E-02
-.9870734E-03
-.2102160E-04
-.9298284E-03
-.3993109E-02
-.6381423E-02
-.7736311E-02
-.9587608E-02
-.1107573E-01
-.1179841E-01
-.1305667E-01
-.1340495E-01
-.1180053E-01
-.1198022E-01
-.1462028E-01
-.1661902E-01
-.1657826E-01
-.1583118E-01
-.1676640E-01
-.1833843E-01
-.1827427E-01
-.1679635E-01
-.1521926E-01
-.1401984E-01
-.1287407E-01
-.1146405E-01
-.1004763E-01
-.8727714E-02
-.7272276E-02
-.6050819E-02
-.5183264E-02
-.3498247E-02
-.2014848E-02
-.2215700E-02
-.2037240E-02
-.8409416E-03
-.1516502E-03
-.1139774E-02
-.3413866E-02
-.5688466E-02
-.8044790E-02
-.1158050E-01
-.1702211E-01
-.2155979E-01
-.2316535E-01
-.2551614E-01
-.2930883E-01
-.3172008E-01
-.3303553E-01
-.3457675E-01
-.3587278E-01
-.3652816E-01
-.3680517E-01
-.3733849E-01
-.3784418E-01
-.3732473E-01
-.3642233E-01
-.3585899E-01
-.3464724E-01
-.3238921E-01
-.2952449E-01
-.2688764E-01
-.2451332E-01
-.2163228E-01
-.1777315E-01
-.1321082E-01
-.1000017E-01
-.8453134E-02
-.7811759E-02
-.7207734E-02
-.6723691E-02
-.7759103E-02
-.1018979E-01
-.1242160E-01
-.1345404E-01
-.1389778E-01
-.1576726E-01
-.1862691E-01
-.2081398E-01
-.2174036E-01
-.2190954E-01
-.2166685E-01
-.2187636E-01
-.2272109E-01
-.2315243E-01
-.2327834E-01
-.2402243E-01
-.2555903E-01
-.2695466E-01
-.2701746E-01
-.2669893E-01
-.2709522E-01
-.2735039E-01
-.2656602E-01
-.2474917E-01
-.2300452E-01
-.2197142E-01
-.2140354E-01
-.2025978E-01
-.1833080E-01
-.1678945E-01
-.1518665E-01
-.1321620E-01
-.1114099E-01
-.9076730E-02
-.7465913E-02
-.6278127E-02
-.5097332E-02
-.3434531E-02
-.1315444E-02
.8043033E-03
.2406070E-02
.3013767E-02
.3587183E-02
.4793143E-02
.5626881E-02
.5692119E-02
.5761051E-02
.6394959E-02
.7116777E-02
.5998976E-02
.3768170E-02
.2157626E-02
.5650560E-03
-.3156976E-02
-.7731565E-02
-.1214052E-01
-.1769748E-01
-.2189447E-01
-.2328313E-01
-.2316347E-01
-.2304227E-01
-.2296651E-01
-.2244539E-01
-.2097453E-01
-.1805290E-01
-.1498635E-01
-.1279236E-01
-.1095294E-01
-.8806755E-02
-.6389480E-02
-.4196428E-02
-.2594485E-02
-.1600981E-02
-.1284874E-02
-.2078874E-02
-.2983552E-02
-.3234577E-02
-.3306495E-02
-.3617488E-02
-.3984052E-02
-.3955381E-02
-.3378957E-02
-.2534353E-02
-.1671244E-02
-.7512148E-03
.3580938E-03
.1391786E-02
.1058845E-02
-.2538982E-05
-.5808438E-03
-.1108242E-02
-.2386002E-02
-.4560634E-02
-.6534240E-02
-.7714999E-02
-.8744026E-02
-.9881416E-02
-.1081903E-01
-.1200393E-01
-.1352049E-01
-.1485189E-01
-.1567213E-01
-.1615224E-01
-.1665411E-01
-.1729736E-01
-.1786951E-01
-.1765796E-01
-.1629610E-01
-.1365996E-01
-.1095220E-01
-.8794348E-02
-.6019137E-02
-.2336182E-02
.7701305E-03
.2393290E-02
.2714987E-02
.2878066E-02
.3041266E-02
.2096583E-02
.3791020E-03
-.1069921E-02
-.2007902E-02
-.2777650E-02
-.3512800E-02
-.3569630E-02
-.2391824E-02
.3335206E-03
.3367243E-02
.5696332E-02
.8337110E-02
.1126953E-01
.1368958E-01
.1487231E-01
.1428627E-01
.1368291E-01
.1398387E-01
.1450033E-01
.1365265E-01
.1078390E-01
.7760698E-02
.5610625E-02
.3668714E-02
.1799132E-02
.1741133E-03
-.1185741E-02
-.2562778E-02
-.4012521E-02
-.5100703E-02
-.5583720E-02
-.5507702E-02
-.5113131E-02
-.4449358E-02
-.2619234E-02
.3697001E-03
.3966723E-02
.7552611E-02
.1083671E-01
.1243004E-01
.1261703E-01
.1167149E-01
.9960212E-02
.7558266E-02
.4079080E-02
.3977497E-03
-.2653478E-02
-.5581870E-02
-.8820665E-02
-.1188010E-01
-.1322328E-01
-.1407550E-01
-.1668337E-01
-.1994446E-01
-.2227068E-01
-.2388131E-01
-.2564050E-01
-.2778532E-01
-.2942048E-01
-.2999041E-01
-.2952357E-01
-.2857311E-01
-.2713661E-01
-.2524620E-01
-.2340218E-01
-.2156424E-01
-.1898726E-01
-.1589730E-01
-.1301693E-01
-.1122393E-01
-.1046492E-01
-.9562014E-02
-.8085750E-02
-.6503370E-02
-.5393482E-02
-.4818066E-02
-.4623871E-02
-.4706388E-02
-.5201532E-02
-.6403673E-02
-.8128071E-02
-.1035626E-01
-.1281352E-01
-.1476728E-01
-.1527725E-01
-.1437113E-01
-.1308671E-01
-.1148436E-01
-.8691798E-02
-.4412310E-02
.3473947E-04
.2659474E-02
.3850774E-02
.4604879E-02
.5458857E-02
.6167455E-02
.7051377E-02
.8291413E-02
.9826927E-02
.1126351E-01
.1249163E-01
.1342740E-01
.1337587E-01
.1163861E-01
.8976981E-02
.6150063E-02
.3048680E-02
-.3722317E-03
-.3707528E-02
-.6265575E-02
-.7948703E-02
-.8950731E-02
-.8900873E-02
-.7466181E-02
-.4561559E-02
-.1510512E-02
.1179943E-02
.4214705E-02
.7486599E-02
.9688702E-02
.1064137E-01
.1074052E-01
.1125441E-01
.1194355E-01
.1123601E-01
.9454437E-02
.7687579E-02
.6057366E-02
.3425770E-02
-.5464860E-03
-.4214374E-02
-.6430667E-02
-.7846211E-02
-.9295534E-02
-.1054678E-01
-.1149238E-01
-.1221843E-01
-.1223603E-01
-.1188051E-01
-.1229618E-01
-.1316155E-01
-.1348195E-01
-.1223102E-01
-.9873649E-02
-.6673769E-02
-.2909171E-02
.1285370E-02
.6033869E-02
.1113925E-01
.1550416E-01
.1806569E-01
.1916397E-01
.2014037E-01
.2092060E-01
.2113885E-01
.2122159E-01
.2080219E-01
.1934335E-01
.1828017E-01
.1817640E-01
.1811303E-01
.1757230E-01
.1677128E-01
.1564304E-01
.1463263E-01
.1468029E-01
.1493514E-01
.1447533E-01
.1379735E-01
.1355853E-01
.1383243E-01
.1442672E-01
.1536141E-01
.1699099E-01
.1871892E-01
.2005134E-01
.2167706E-01
.2399819E-01
.2696431E-01
.2978844E-01
.3185536E-01
.3320606E-01
.3451007E-01
.3659686E-01
.3811780E-01
.3753599E-01
.3650705E-01
.3643014E-01
.3690573E-01
.3678835E-01
.3574133E-01
.3498453E-01
.3478721E-01
.3408993E-01
.3300342E-01
.3217718E-01
.3164430E-01
.3088883E-01
.2958929E-01
.2811462E-01
.2694371E-01
.2633806E-01
.2640170E-01
.2702219E-01
.2797378E-01
.2884803E-01
.2948110E-01
.3025385E-01
.3116376E-01
.3089746E-01
.2983072E-01
.2905898E-01
.2852097E-01
.2754497E-01
.2572970E-01
.2348023E-01
.2122631E-01
.1889376E-01
.1606506E-01
.1243343E-01
.8292264E-02
.4091952E-02
-.8457052E-05
-.3515731E-02
-.6336206E-02
-.8625492E-02
-.1083769E-01
-.1294672E-01
-.1448121E-01
-.1569866E-01
-.1701223E-01
-.1838461E-01
-.1943654E-01
-.1993347E-01
-.2008717E-01
-.2014532E-01
-.2008372E-01
-.1966633E-01
-.1875942E-01
-.1703031E-01
-.1476541E-01
-.1271115E-01
-.1112659E-01
-.9679045E-02
-.7769776E-02
-.5502117E-02
-.3436073E-02
-.1552296E-02
.4494054E-03
.2258277E-02
.3302115E-02
.3020734E-02
.1959089E-02
.4838225E-03
-.1245625E-02
-.3222322E-02
-.5353458E-02
-.7485260E-02
-.9306047E-02
-.1029199E-01
-.1058876E-01
-.1042685E-01
-.9187884E-02
-.6750887E-02
-.3412938E-02
-.2824313E-03
.2392948E-02
.5343491E-02
.8394166E-02
.1027811E-01
.1134171E-01
.1227775E-01
.1279253E-01
.1277848E-01
.1275238E-01
.1290391E-01
.1293912E-01
.1217433E-01
.1098191E-01
.1006093E-01
.9478696E-02
.9121870E-02
.9259260E-02
.1020538E-01
.1187380E-01
.1371831E-01
.1529384E-01
.1648745E-01
.1760801E-01
.1875569E-01
.1911708E-01
.1849827E-01
.1742227E-01
.1638730E-01
.1548538E-01
.1498792E-01
.1477534E-01
.1464431E-01
.1446924E-01
.1419226E-01
.1370698E-01
.1351650E-01
.1377429E-01
.1349693E-01
.1289068E-01
.1273964E-01
.1239983E-01
.1148551E-01
.1050015E-01
.9695068E-02
.9059333E-02
.9193608E-02
.9362853E-02
.8578524E-02
.7408713E-02
.6863411E-02
.7405887E-02
.7625022E-02
.6456742E-02
.5594472E-02
.5866968E-02
.6248615E-02
.6361996E-02
.6708684E-02
.8042386E-02
.9852651E-02
.1137172E-01
.1283123E-01
.1459248E-01
.1604361E-01
.1732936E-01
.1719250E-01
.1511886E-01
.1526532E-01
.1760117E-01
.1913275E-01
.1845005E-01
.1695727E-01
.1654394E-01
.1760662E-01
.1914613E-01
.1935809E-01
.1843751E-01
.1788295E-01
.1789421E-01
.1778918E-01
.1733879E-01
.1683219E-01
.1657940E-01
.1677270E-01
.1726125E-01
.1781671E-01
.1841933E-01
.1920296E-01
.2047230E-01
.2220805E-01
.2413226E-01
.2544090E-01
.2590944E-01
.2616452E-01
.2675827E-01
.2758968E-01
.2713301E-01
.2504275E-01
.2334217E-01
.2225581E-01
.2070852E-01
.1823363E-01
.1529316E-01
.1240874E-01
.9567481E-02
.6100400E-02
.1613012E-02
-.2578693E-02
-.5901202E-02
-.8697091E-02
-.1035185E-01
-.1102884E-01
-.1166516E-01
-.1145316E-01
-.9756242E-02
-.8218058E-02
-.7203091E-02
-.5610635E-02
-.3654879E-02
-.2114434E-02
-.1129405E-02
-.4201684E-03
-.1617020E-04
.1371677E-02
.3871316E-02
.4088509E-02
.2742149E-02
.2679078E-02
.3757362E-02
.4451814E-02
.3887558E-02
.2692338E-02
.1572432E-02
.6734245E-04
-.2349485E-02
-.5742487E-02
-.8956105E-02
-.1124553E-01
-.1273094E-01
-.1398346E-01
-.1526986E-01
-.1666058E-01
-.1788519E-01
-.1865389E-01
-.1877946E-01
-.1891150E-01
-.2011463E-01
-.2107002E-01
-.2055575E-01
-.1913855E-01
-.1768554E-01
-.1625225E-01
-.1491653E-01
-.1354668E-01
-.1154699E-01
-.9696963E-02
-.9022454E-02
-.8389822E-02
-.7154870E-02
-.7166527E-02
-.7827548E-02
-.7322255E-02
-.6155464E-02
-.5243463E-02
-.3845791E-02
-.1957500E-02
-.2378599E-03
.9530957E-03
.1914651E-02
.2905380E-02
.3664004E-02
.3850639E-02
.4037217E-02
.4506092E-02
.4916324E-02
.4974517E-02
.4806432E-02
.4882407E-02
.5151645E-02
.5272122E-02
.5677142E-02
.6629553E-02
.7315527E-02
.7518653E-02
.7613825E-02
.7626923E-02
.7638931E-02
.7991547E-02
.8269386E-02
.8001923E-02
.7709723E-02
.8045881E-02
.9302306E-02
.1063539E-01
.1150753E-01
.1257787E-01
.1417958E-01
.1587097E-01
.1749644E-01
.1907618E-01
.1976708E-01
.1962921E-01
.1952627E-01
.1905108E-01
.1784133E-01
.1750336E-01
.1761655E-01
.1676617E-01
.1564001E-01
.1491958E-01
.1406875E-01
.1281744E-01
.1134072E-01
.9654423E-02
.7737306E-02
.5632458E-02
.3891510E-02
.2529181E-02
.1102641E-02
.3696142E-03
.8006348E-03
.1315235E-02
.1532310E-02
.1940008E-02
.2020946E-02
.1226550E-02
-.4737273E-03
-.2011392E-02
-.2672535E-02
-.3320809E-02
-.4230975E-02
-.4417541E-02
-.4152736E-02
-.4062219E-02
-.3798651E-02
-.3504780E-02
-.3702035E-02
-.4292980E-02
-.4778872E-02
-.4786054E-02
-.5163232E-02
-.6572109E-02
-.7410998E-02
-.7217230E-02
-.6706557E-02
-.6306436E-02
-.5825261E-02
-.4873724E-02
-.3964458E-02
-.3738104E-02
-.3707763E-02
-.3252197E-02
-.1807916E-02
-.3992380E-03
-.2617067E-04
.5946219E-03
.2167112E-02
.3894269E-02
.4576797E-02
.3799251E-02
.2675760E-02
.1811856E-02
.7098765E-03
-.5723381E-03
-.1659283E-02
-.2316247E-02
-.2450781E-02
-.2065633E-02
-.2183772E-02
-.2829418E-02
-.3005599E-02
-.3118392E-02
-.3807531E-02
-.4363884E-02
-.4632149E-02
-.5191837E-02
-.5988528E-02
-.6602585E-02
-.6690693E-02
-.6097834E-02
-.4815467E-02
-.3669705E-02
-.3039742E-02
-.2688762E-02
-.2293014E-02
-.1947543E-02
-.2025368E-02
-.2439736E-02
-.2757279E-02
-.3368651E-02
-.4667189E-02
-.6374757E-02
-.7569742E-02
-.7725028E-02
-.7537519E-02
-.7559165E-02
-.7570280E-02
-.7122715E-02
-.6196110E-02
-.5352870E-02
-.4417688E-02
-.2537485E-02
-.9711828E-03
-.7120936E-03
-.6385534E-03
.1566267E-03
.1504843E-02
.2357917E-02
.2425152E-02
.2805490E-02
.4246872E-02
.6623413E-02
.9132208E-02
.1130244E-01
.1226313E-01
.1243011E-01
.1221031E-01
.1158273E-01
.1044865E-01
.9156157E-02
.6899624E-02
.3019358E-02
.3819027E-03
-.5806861E-03
-.1519982E-02
-.2507768E-02
-.3292041E-02
-.4419083E-02
-.5691003E-02
-.6812262E-02
-.8546763E-02
-.1093810E-01
-.1346958E-01
-.1556838E-01
-.1698234E-01
-.1742743E-01
-.1722442E-01
-.1678582E-01
-.1638573E-01
-.1568963E-01
-.1435759E-01
-.1362747E-01
-.1416473E-01
-.1502891E-01
-.1543529E-01
-.1551971E-01
-.1564642E-01
-.1592713E-01
-.1619820E-01
-.1608721E-01
-.1553320E-01
-.1498050E-01
-.1447809E-01
-.1365995E-01
-.1301622E-01
-.1295361E-01
-.1303315E-01
-.1334397E-01
-.1431553E-01
-.1503566E-01
-.1507914E-01
-.1473895E-01
-.1459376E-01
-.1486053E-01
-.1549238E-01
-.1589362E-01
-.1526149E-01
-.1444586E-01
-.1437961E-01
-.1502869E-01
-.1564360E-01
-.1583177E-01
-.1586713E-01
-.1603291E-01
-.1612167E-01
-.1587710E-01
-.1519897E-01
-.1413386E-01
-.1314705E-01
-.1293837E-01
-.1332290E-01
-.1373681E-01
-.1373720E-01
-.1355400E-01
-.1357862E-01
-.1387249E-01
-.1428487E-01
-.1484243E-01
-.1518713E-01
-.1499369E-01
-.1480107E-01
-.1493211E-01
-.1516177E-01
-.1567384E-01
-.1666757E-01
-.1794539E-01
-.1932757E-01
-.2072735E-01
-.2103994E-01
-.2042576E-01
-.2017772E-01
-.2055598E-01
-.2092220E-01
-.2074837E-01
-.2057806E-01
-.2144520E-01
-.2300544E-01
-.2436911E-01
-.2473641E-01
-.2490506E-01
-.2580948E-01
-.2667412E-01
-.2716088E-01
-.2808988E-01
-.2871769E-01
-.2830092E-01
-.2763939E-01
-.2722894E-01
-.2669715E-01
-.2546911E-01
-.2384069E-01
-.2264984E-01
-.2161814E-01
-.2021270E-01
-.1944908E-01
-.1925330E-01
-.1813947E-01
-.1689306E-01
-.1664240E-01
-.1661388E-01
-.1621514E-01
-.1589611E-01
-.1585833E-01
-.1582151E-01
-.1517821E-01
-.1404240E-01
-.1286065E-01
-.1219485E-01
-.1188263E-01
-.1135873E-01
-.1055168E-01
-.9666492E-02
-.8216138E-02
-.6452089E-02
-.5960626E-02
-.6450560E-02
-.6760974E-02
-.6761049E-02
-.6999462E-02
-.7825033E-02
-.8777374E-02
-.9426552E-02
-.9823967E-02
-.1022749E-01
-.1071303E-01
-.1119606E-01
-.1108043E-01
-.9425896E-02
-.7532544E-02
-.6581202E-02
-.6041505E-02
-.5260811E-02
-.4415240E-02
-.3373650E-02
-.2336029E-02
-.1980849E-02
-.1707453E-02
-.7492250E-03
.1252067E-02
.3647313E-02
.5437596E-02
.6454953E-02
.7273885E-02
.8804375E-02
.1052209E-01
.1091987E-01
.1009806E-01
.8891074E-02
.7256073E-02
.5441007E-02
.3855652E-02
.2701162E-02
.1894198E-02
.1453483E-02
.1158006E-02
.9237036E-03
.1044805E-02
.1475220E-02
.1970764E-02
.2466787E-02
.2909569E-02
.2828564E-02
.2610325E-02
.2806466E-02
.2865316E-02
.2439107E-02
.1875403E-02
.1597520E-02
.1562241E-02
.1268198E-02
.8456605E-03
.6322870E-03
-.1826782E-03
-.1559332E-02
-.2373913E-02
-.2370542E-02
-.2140475E-02
-.2360749E-02
-.2928294E-02
-.3401527E-02
-.3622593E-02
-.3848899E-02
-.4361079E-02
-.5212005E-02
-.5870057E-02
-.5524596E-02
-.5061708E-02
-.5401628E-02
-.5546070E-02
-.4936858E-02
-.4248761E-02
-.3877808E-02
-.3471344E-02
-.1999588E-02
-.1032889E-03
.9018258E-03
.9246349E-03
.5459623E-03
-.2655726E-03
-.1371573E-02
-.2547520E-02
-.3421523E-02
-.4228456E-02
-.5583795E-02
-.7344782E-02
-.8949567E-02
-.9741927E-02
-.9801371E-02
-.9500945E-02
-.9488251E-02
-.9444549E-02
-.8336600E-02
-.6927600E-02
-.6157503E-02
-.5666880E-02
-.4978579E-02
-.4229623E-02
-.3802893E-02
-.3646099E-02
-.2845203E-02
-.1910428E-02
-.1889256E-02
-.2619332E-02
-.3173121E-02
-.2874439E-02
-.3062928E-02
-.1581448E-02
-.1461214E-02
-.4071078E-02
-.5301435E-02
-.4433348E-02
-.5057888E-02
-.8155451E-02
-.9681730E-02
-.9377775E-02
-.9448517E-02
-.9821367E-02
-.9865793E-02
-.9978442E-02
-.1040244E-01
-.1083191E-01
-.1041469E-01
-.9913581E-02
-.1047646E-01
-.1162462E-01
-.1261609E-01
-.1344929E-01
-.1368109E-01
-.1323888E-01
-.1325421E-01
-.1389215E-01
-.1444527E-01
-.1425446E-01
-.1353386E-01
-.1269578E-01
-.1216420E-01
-.1195152E-01
-.1089593E-01
-.8896689E-02
-.6981283E-02
-.5485807E-02
-.4111933E-02
-.3430181E-02
-.3468573E-02
-.3588351E-02
-.3551065E-02
-.3512306E-02
-.3095950E-02
-.1744988E-02
.1122303E-02
.3642562E-02
.4615746E-02
.5053443E-02
.5580035E-02
.5388579E-02
.4709334E-02
.4038292E-02
.2916187E-02
.1840973E-02
.1668973E-02
.1799979E-02
.1469327E-02
.8027542E-03
.1270968E-02
.2740695E-02
.3553809E-02
.3513846E-02
.3348245E-02
.3135005E-02
.2316433E-02
.2661069E-03
-.1171158E-02
-.7548214E-03
.5979078E-03
.8920680E-03
-.4347242E-03
-.5752615E-03
.1065464E-02
.1467961E-02
.5232225E-03
.7917290E-04
-.3187204E-03
-.1524660E-02
-.3368046E-02
-.4885815E-02
-.5762796E-02
-.6611493E-02
-.7849220E-02
-.9331403E-02
-.1072323E-01
-.1190239E-01
-.1293489E-01
-.1397343E-01
-.1482407E-01
-.1524786E-01
-.1583626E-01
-.1690633E-01
-.1801727E-01
-.1877087E-01
-.1914825E-01
-.1913430E-01
-.1887799E-01
-.1858821E-01
-.1856880E-01
-.1877658E-01
-.1863143E-01
-.1826213E-01
-.1820458E-01
-.1864327E-01
-.1927338E-01
-.1979579E-01
-.2008241E-01
-.2013222E-01
-.2001866E-01
-.2006589E-01
-.2070726E-01
-.2101061E-01
-.2036879E-01
-.1967838E-01
-.1948216E-01
-.1949604E-01
-.1925135E-01
-.1863062E-01
-.1761802E-01
-.1680782E-01
-.1665935E-01
-.1652318E-01
-.1583774E-01
-.1462844E-01
-.1345761E-01
-.1262449E-01
-.1210563E-01
-.1154948E-01
-.1020303E-01
-.8227792E-02
-.6413292E-02
-.5388739E-02
-.4942237E-02
-.4125233E-02
-.2687214E-02
-.9618223E-03
.1114447E-02
.3666523E-02
.6402896E-02
.8955985E-02
.1093673E-01
.1208822E-01
.1256098E-01
.1272236E-01
.1293599E-01
.1364056E-01
.1453097E-01
.1506756E-01
.1461403E-01
.1395617E-01
.1404544E-01
.1448386E-01
.1432680E-01
.1296851E-01
.1130152E-01
.1018013E-01
.9677784E-02
.9189021E-02
.8391705E-02
.7764934E-02
.7603138E-02
.7781999E-02
.8838218E-02
.1083309E-01
.1199701E-01
.1224810E-01
.1317211E-01
.1479967E-01
.1614846E-01
.1628526E-01
.1567538E-01
.1540176E-01
.1487351E-01
.1335049E-01
.1156122E-01
.1028823E-01
.9399288E-02
.8078317E-02
.6138885E-02
.3972637E-02
.2222600E-02
.8481212E-03
-.6466142E-03
-.2240473E-02
-.3567569E-02
-.4139589E-02
-.4331998E-02
-.4623342E-02
-.4682972E-02
-.4396628E-02
-.4171158E-02
-.3542495E-02
-.2246917E-02
-.1395985E-02
-.1010246E-02
-.1563456E-03
.1844534E-02
.4730712E-02
.7618260E-02
.9225464E-02
.9043928E-02
.9017713E-02
.1002524E-01
.1065950E-01
.1029243E-01
.9292872E-02
.6940362E-02
.4439382E-02
.3962270E-02
.4186171E-02
.2821561E-02
-.2116253E-03
-.1401660E-02
-.5976671E-03
-.5627045E-04
-.6692355E-03
-.1607010E-02
-.1645460E-02
-.7784327E-03
.3371975E-03
.1032461E-02
.1617021E-02
.2967275E-02
.4712489E-02
.6251965E-02
.8106354E-02
.1035384E-01
.1220558E-01
.1320842E-01
.1371309E-01
.1471578E-01
.1613143E-01
.1708028E-01
.1768250E-01
.1843785E-01
.1918841E-01
.1968771E-01
.1989608E-01
.1984317E-01
.1954873E-01
.1895297E-01
.1854268E-01
.1872880E-01
.1925915E-01
.1983559E-01
.2053558E-01
.2123785E-01
.2172529E-01
.2157632E-01
.2163323E-01
.2265234E-01
.2281813E-01
.2143482E-01
.1960131E-01
.1734196E-01
.1424362E-01
.1113839E-01
.9153808E-02
.8280508E-02
.7634297E-02
.6527794E-02
.5204715E-02
.5309447E-02
.6760607E-02
.7761089E-02
.7838184E-02
.7718308E-02
.7940340E-02
.8546826E-02
.9523483E-02
.1075725E-01
.1206247E-01
.1298733E-01
.1362732E-01
.1433838E-01
.1554553E-01
.1707579E-01
.1781293E-01
.1809901E-01
.1885940E-01
.1954597E-01
.1968524E-01
.1958951E-01
.1922005E-01
.1833508E-01
.1678913E-01
.1513367E-01
.1382112E-01
.1246567E-01
.1080013E-01
.9047766E-02
.6960781E-02
.4496742E-02
.2741421E-02
.1497029E-02
.5314988E-04
-.7591746E-03
-.9990542E-03
-.1373192E-02
-.1790206E-02
-.2052924E-02
-.3120859E-02
-.3863177E-02
-.3137291E-02
-.2028973E-02
-.1677806E-02
-.2221982E-02
-.2112723E-02
-.7674892E-03
-.7303916E-04
-.1576115E-03
.1725623E-03
.5956134E-03
.6725467E-03
.7571324E-03
.9845573E-03
.1186991E-02
.1252604E-02
.1492177E-02
.2418392E-02
.3254084E-02
.3309356E-02
.2775963E-02
.2014711E-02
.1126378E-02
-.5949510E-04
-.1318965E-02
-.2273759E-02
-.2580061E-02
-.2282849E-02
-.1473043E-02
-.5691262E-03
.3159099E-03
.1690651E-02
.3087198E-02
.3349962E-02
.2757982E-02
.2100788E-02
.1570544E-02
.1121787E-02
.7927146E-03
.8221442E-03
.1207083E-02
.1782978E-02
.2173588E-02
.2317039E-02
.2606350E-02
.3254366E-02
.4181377E-02
.4778139E-02
.4906628E-02
.5507416E-02
.6507063E-02
.7194690E-02
.7550456E-02
.7899399E-02
.8319127E-02
.8583417E-02
.8562618E-02
.8930064E-02
.9679544E-02
.1001903E-01
.9870343E-02
.9614848E-02
.9256067E-02
.8787648E-02
.8184292E-02
.7371415E-02
.6524007E-02
.6599934E-02
.6804185E-02
.5949845E-02
.5001998E-02
.4573293E-02
.3877559E-02
.2790114E-02
.1769148E-02
.1203466E-02
.9097658E-03
.6565524E-03
.7329127E-03
.1346761E-02
.2417132E-02
.2674149E-02
.1733417E-02
.1376927E-02
.1898606E-02
.1818142E-02
.1269848E-02
.1122444E-02
.1361583E-02
.1674082E-02
.2011997E-02
.2358421E-02
.2779914E-02
.3397560E-02
.3707127E-02
.3275745E-02
.3024866E-02
.3415957E-02
.3983029E-02
.4116024E-02
.3953006E-02
.4661896E-02
.5921026E-02
.6731907E-02
.7048818E-02
.7256978E-02
.7171356E-02
.7395118E-02
.8489018E-02
.8850854E-02
.8007830E-02
.7210337E-02
.7325424E-02
.8093019E-02
.8986607E-02
.9464368E-02
.9254199E-02
.9359110E-02
.1029006E-01
.1092143E-01
.1123290E-01
.1201908E-01
.1254433E-01
.1219054E-01
.1161253E-01
.1129077E-01
.1112813E-01
.1091349E-01
.1063656E-01
.1038719E-01
.1035519E-01
.1078498E-01
.1120712E-01
.1125393E-01
.1115138E-01
.1130267E-01
.1191727E-01
.1275277E-01
.1352938E-01
.1410170E-01
.1414463E-01
.1334704E-01
.1196673E-01
.1039744E-01
.8775905E-02
.7644313E-02
.7151771E-02
.6668685E-02
.6003536E-02
.5504191E-02
.5238010E-02
.4988352E-02
.4309972E-02
.3067530E-02
.1366681E-02
-.2104023E-03
-.1586144E-02
-.3111789E-02
-.4269323E-02
-.4759638E-02
-.4820923E-02
-.4766329E-02
-.4516325E-02
-.4125989E-02
-.3846783E-02
-.3987211E-02
-.3791193E-02
-.2853004E-02
-.2109617E-02
-.1857407E-02
-.1582799E-02
-.7581579E-03
.6575767E-03
.2632380E-02
.4398055E-02
.5412713E-02
.6969770E-02
.9584348E-02
.1112754E-01
.1160957E-01
.1260255E-01
.1378258E-01
.1427639E-01
.1464544E-01
.1517135E-01
.1552743E-01
.1553670E-01
.1542005E-01
.1595407E-01
.1654022E-01
.1647397E-01
.1648277E-01
.1629785E-01
.1514826E-01
.1447114E-01
.1474543E-01
.1479679E-01
.1461609E-01
.1476102E-01
.1468256E-01
.1443695E-01
.1496773E-01
.1568102E-01
.1563547E-01
.1454536E-01
.1344504E-01
.1309416E-01
.1255099E-01
.1130477E-01
.9996008E-02
.9550962E-02
.9968556E-02
.1024345E-01
.1016081E-01
.1035240E-01
.1069026E-01
.1055466E-01
.9727635E-02
.9750986E-02
.1119377E-01
.1197844E-01
.1174229E-01
.1168996E-01
.1212045E-01
.1262692E-01
.1319379E-01
.1356336E-01
.1336430E-01
.1239621E-01
.1089157E-01
.9145474E-02
.8207008E-02
.8417909E-02
.9018530E-02
.9315177E-02
.9387899E-02
.9698486E-02
.1039661E-01
.1107128E-01
.1130011E-01
.1094524E-01
.1014297E-01
.9321863E-02
.8956992E-02
.8915766E-02
.8868188E-02
.8761533E-02
.8731637E-02
.8874917E-02
.8899825E-02
.8729186E-02
.8951988E-02
.9120023E-02
.8425995E-02
.7261103E-02
.6188452E-02
.5198795E-02
.4471512E-02
.3923435E-02
.2454021E-02
.1104925E-02
.1504120E-02
.2736404E-02
.3469222E-02
.3512150E-02
.3175351E-02
.2582205E-02
.2460718E-02
.2390527E-02
.9174378E-03
-.9732179E-03
-.1999182E-02
-.2595781E-02
-.3541255E-02
-.4873247E-02
-.5909143E-02
-.6418911E-02
-.6712638E-02
-.6983450E-02
-.7289919E-02
-.8112412E-02
-.8818060E-02
-.8550510E-02
-.7706416E-02
-.7050207E-02
-.6854033E-02
-.6638696E-02
-.6023379E-02
-.5446788E-02
-.5221559E-02
-.5218890E-02
-.5502800E-02
-.6097166E-02
-.6541813E-02
-.6552831E-02
-.6207188E-02
-.6018682E-02
-.6034788E-02
-.5505510E-02
-.4720830E-02
-.4366884E-02
-.3867363E-02
-.3107891E-02
-.2959605E-02
-.2921182E-02
-.2148941E-02
-.1268103E-02
-.8289880E-03
-.5761155E-03
-.5322376E-03
-.7649141E-03
-.7607316E-03
-.3994836E-03
.1356478E-03
.4855532E-03
.5227703E-03
.2272174E-03
-.3177834E-04
.1957907E-04
.3914219E-04
-.3220903E-03
-.8298551E-03
-.9982803E-03
-.4427760E-03
.1930312E-03
.3648705E-03
.5298313E-03
.1252453E-02
.2688297E-02
.4071869E-02
.4827018E-02
.4526595E-02
.4054018E-02
.4967720E-02
.6236147E-02
.6490279E-02
.6042538E-02
.5599479E-02
.5265362E-02
.5040436E-02
.4897138E-02
.4852051E-02
.4844134E-02
.4834900E-02
.4572108E-02
.4090000E-02
.3662219E-02
.3440419E-02
.3329852E-02
.3135999E-02
.2833431E-02
.2504589E-02
.2106154E-02
.1760728E-02
.1774302E-02
.1826994E-02
.1637801E-02
.2078282E-02
.3085381E-02
.3452822E-02
.2880726E-02
.1853304E-02
.4761812E-03
-.7399865E-03
-.1393283E-02
-.2042452E-02
-.2884036E-02
-.3362985E-02
-.4128661E-02
-.5554057E-02
-.6119511E-02
-.6170120E-02
-.7048347E-02
-.8198326E-02
-.8943585E-02
-.9587555E-02
-.1015095E-01
-.1048299E-01
-.1077125E-01
-.1134549E-01
-.1252247E-01
-.1371973E-01
-.1460294E-01
-.1604628E-01
-.1790670E-01
-.1938271E-01
-.2017438E-01
-.2068064E-01
-.2132151E-01
-.2215449E-01
-.2304462E-01
-.2412344E-01
-.2486158E-01
-.2473770E-01
-.2455401E-01
-.2474181E-01
-.2479155E-01
-.2442380E-01
-.2376914E-01
-.2285866E-01
-.2171472E-01
-.2019842E-01
-.1899895E-01
-.1834760E-01
-.1690710E-01
-.1478564E-01
-.1310429E-01
-.1181175E-01
-.1033047E-01
-.8731487E-02
-.7505513E-02
-.7235275E-02
-.7424581E-02
-.7557771E-02
-.8045203E-02
-.9150594E-02
-.1069397E-01
-.1182349E-01
-.1230847E-01
-.1247822E-01
-.1260478E-01
-.1281883E-01
-.1382339E-01
-.1509653E-01
-.1581165E-01
-.1628136E-01
-.1703691E-01
-.1816463E-01
-.1916079E-01
-.1959318E-01
-.1953970E-01
-.1933372E-01
-.1914124E-01
-.1902714E-01
-.1871412E-01
-.1700911E-01
-.1513814E-01
-.1541347E-01
-.1665896E-01
-.1702651E-01
-.1661237E-01
-.1648217E-01
-.1706440E-01
-.1763864E-01
-.1798631E-01
-.1874313E-01
-.1928905E-01
-.1909589E-01
-.1912883E-01
-.1964933E-01
-.2011179E-01
-.2028724E-01
-.2030859E-01
-.2017152E-01
-.1992804E-01
-.1968721E-01
-.1984447E-01
-.2031462E-01
-.2065164E-01
-.2092337E-01
-.2150542E-01
-.2312931E-01
-.2512955E-01
-.2614795E-01
-.2643923E-01
-.2713364E-01
-.2952523E-01
-.3139957E-01
-.3101672E-01
-.3064522E-01
-.3160064E-01
-.3281095E-01
-.3320203E-01
-.3290955E-01
-.3273185E-01
-.3292872E-01
-.3321816E-01
-.3334879E-01
-.3322368E-01
-.3275793E-01
-.3213361E-01
-.3143978E-01
-.3056615E-01
-.2962719E-01
-.2901614E-01
-.2903579E-01
-.2945344E-01
-.2925201E-01
-.2860235E-01
-.2832821E-01
-.2809681E-01
-.2733157E-01
-.2622050E-01
-.2481568E-01
-.2291422E-01
-.2121948E-01
-.2014804E-01
-.1951163E-01
-.1835120E-01
-.1615955E-01
-.1467824E-01
-.1478038E-01
-.1499753E-01
-.1409948E-01
-.1224057E-01
-.1073091E-01
-.9912680E-02
-.8887523E-02
-.7803301E-02
-.7395147E-02
-.6880133E-02
-.5891370E-02
-.5439776E-02
-.5692426E-02
-.5956283E-02
-.5095942E-02
-.3821155E-02
-.4079600E-02
-.5184145E-02
-.5750594E-02
-.5804894E-02
-.5395147E-02
-.4555920E-02
-.3719871E-02
-.3061118E-02
-.2491007E-02
-.1681672E-02
-.5390809E-03
.6786674E-03
.1920397E-02
.3436346E-02
.4501703E-02
.4723014E-02
.4989247E-02
.5766810E-02
.6759652E-02
.7171097E-02
.6812650E-02
.6282689E-02
.5878906E-02
.5491727E-02
.5766580E-02
.6498373E-02
.6268393E-02
.5573384E-02
.5576221E-02
.5084324E-02
.4014331E-02
.4198173E-02
.4625207E-02
.3726516E-02
.1752490E-02
.1505968E-03
-.4145483E-03
-.2392778E-03
-.2557235E-03
-.9072335E-03
-.1735244E-02
-.2271721E-02
-.2579814E-02
-.2982008E-02
-.3533919E-02
-.4106079E-02
-.4628105E-02
-.5126099E-02
-.5636114E-02
-.5775616E-02
-.5197257E-02
-.4490034E-02
-.4029588E-02
-.3570324E-02
-.3242477E-02
-.3408585E-02
-.3707421E-02
-.3610487E-02
-.2825654E-02
-.2081907E-02
-.1864851E-02
-.1178791E-02
.3044461E-03
.1808466E-02
.2828535E-02
.3603304E-02
.4809607E-02
.6264893E-02
.7091388E-02
.7233668E-02
.7168514E-02
.7082666E-02
.6961534E-02
.6910153E-02
.6853849E-02
.6659499E-02
.6200805E-02
.5955522E-02
.6338833E-02
.6530578E-02
.6119151E-02
.5310355E-02
.3995892E-02
.3199088E-02
.2727308E-02
.2212532E-02
.1837436E-02
.1595383E-02
.1393771E-02
.1232454E-02
.1056024E-02
.7859472E-03
.1617957E-03
-.7990578E-03
-.1896124E-02
-.3295449E-02
-.4987145E-02
-.5954162E-02
-.6217658E-02
-.6387818E-02
-.6519857E-02
-.6497051E-02
-.6426554E-02
-.6185078E-02
-.5705229E-02
-.5387730E-02
-.5689807E-02
-.6982389E-02
-.8072195E-02
-.8106133E-02
-.7388183E-02
-.6836987E-02
-.6807656E-02
-.7026321E-02
-.7130500E-02
-.7065509E-02
-.7072089E-02
-.7363064E-02
-.7780204E-02
-.8141487E-02
-.8443473E-02
-.8863902E-02
-.9439780E-02
-.9880188E-02
-.9918545E-02
-.9565129E-02
-.9585065E-02
-.9929235E-02
-.9699116E-02
-.8840377E-02
-.7781244E-02
-.6907409E-02
-.6333262E-02
-.6106167E-02
-.5561993E-02
-.4429104E-02
-.3574587E-02
-.3201879E-02
-.2630405E-02
-.2081054E-02
-.2004740E-02
-.2177211E-02
-.2337758E-02
-.2485785E-02
-.2325112E-02
-.1891069E-02
-.1469320E-02
-.1085504E-02
-.5568478E-03
.1410632E-03
.7649769E-03
.9909376E-03
.1362565E-02
.2237342E-02
.2905661E-02
.3001347E-02
.2805221E-02
.2757090E-02
.2955958E-02
.3342859E-02
.3515280E-02
.3335428E-02
.4099141E-02
.5959913E-02
.7925357E-02
.9155213E-02
.9626455E-02
.1021424E-01
.1117303E-01
.1193806E-01
.1230104E-01
.1240593E-01
.1236615E-01
.1232099E-01
.1244694E-01
.1236738E-01
.1188743E-01
.1159244E-01
.1145913E-01
.1105816E-01
.1076860E-01
.1093775E-01
.1126514E-01
.1151098E-01
.1171985E-01
.1165485E-01
.1093623E-01
.9120150E-02
.7309791E-02
.6318979E-02
.5731771E-02
.5412640E-02
.5711826E-02
.5839520E-02
.5437442E-02
.4843866E-02
.4464235E-02
.4283141E-02
.3908275E-02
.3349366E-02
.3054592E-02
.3046824E-02
.3104294E-02
.3212211E-02
.3424249E-02
.3720814E-02
.3721276E-02
.3502327E-02
.3763875E-02
.5108028E-02
.7485185E-02
.8709981E-02
.8664125E-02
.9401921E-02
.1109851E-01
.1265986E-01
.1354669E-01
.1402377E-01
.1441161E-01
.1472258E-01
.1486623E-01
.1498745E-01
.1476511E-01
.1378909E-01
.1225530E-01
.1081302E-01
.1049027E-01
.1076718E-01
.1084764E-01
.1054608E-01
.1023642E-01
.1024456E-01
.1046201E-01
.1063455E-01
.1061801E-01
.1060710E-01
.1079487E-01
.1093786E-01
.1091867E-01
.1096469E-01
.1123411E-01
.1173343E-01
.1251484E-01
.1332541E-01
.1370419E-01
.1402320E-01
.1471222E-01
.1560093E-01
.1615330E-01
.1586859E-01
.1516741E-01
.1457941E-01
.1420916E-01
.1407792E-01
.1421546E-01
.1406814E-01
.1354359E-01
.1307231E-01
.1258210E-01
.1169500E-01
.9900778E-02
.7799468E-02
.6149412E-02
.5040278E-02
.3916963E-02
.2273377E-02
.5971003E-03
-.5363764E-03
-.1001672E-02
-.1185654E-02
-.1330236E-02
-.1356141E-02
-.1263557E-02
-.1269294E-02
-.7453859E-03
.8833960E-03
.2277814E-02
.2880565E-02
.3534230E-02
.4438419E-02
.5200686E-02
.5634719E-02
.6096584E-02
.7031987E-02
.8040507E-02
.8557098E-02
.8042156E-02
.7179048E-02
.6710404E-02
.6285310E-02
.5718384E-02
.5567063E-02
.5598876E-02
.5457686E-02
.5583921E-02
.5926492E-02
.5995357E-02
.5840671E-02
.5690468E-02
.5311311E-02
.4696049E-02
.4026015E-02
.3467446E-02
.3069253E-02
.2887422E-02
.2770221E-02
.2546821E-02
.1984917E-02
.1730422E-02
.2409803E-02
.2899038E-02
.2432907E-02
.1540470E-02
.1013545E-02
.9701805E-03
.8122549E-03
.3403486E-03
-.2469569E-04
.3826142E-03
.1613023E-02
.3047183E-02
.4538445E-02
.6699102E-02
.8781763E-02
.1010829E-01
.1128783E-01
.1252511E-01
.1307068E-01
.1314255E-01
.1339559E-01
.1433620E-01
.1500339E-01
.1441570E-01
.1343176E-01
.1287153E-01
.1254519E-01
.1216790E-01
.1159229E-01
.1026272E-01
.8396025E-02
.6482651E-02
.4666371E-02
.3049151E-02
.2001216E-02
.1195993E-02
.2690399E-03
-.6078682E-03
-.1246950E-02
-.1593864E-02
-.1868266E-02
-.2256696E-02
-.2826983E-02
-.3117689E-02
-.2684479E-02
-.1696375E-02
-.7417270E-03
-.3036495E-03
.9799599E-04
.9249492E-03
.1844269E-02
.2472874E-02
.2749402E-02
.2778691E-02
.2638185E-02
.2303575E-02
.1755803E-02
.1037103E-02
.6695361E-03
.7448128E-03
.9344762E-03
.1043654E-02
.1184706E-02
.1279354E-02
.1298332E-02
.1309246E-02
.1084943E-02
.6079036E-03
.6765699E-03
.1077689E-02
.1144215E-02
.1155998E-02
.1409858E-02
.1586994E-02
.1598859E-02
.1625438E-02
.1741928E-02
.1666820E-02
.1151108E-02
.6021171E-03
.4590791E-03
.5100614E-03
.4034817E-03
.1979506E-03
.7796945E-04
.9229155E-04
.3643030E-03
.8963371E-03
.1425173E-02
.2036298E-02
.3170694E-02
.4281446E-02
.4871583E-02
.5302823E-02
.5985257E-02
.6820811E-02
.6992559E-02
.6475334E-02
.5871884E-02
.5764153E-02
.6229861E-02
.6530616E-02
.6207760E-02
.5300029E-02
.4347556E-02
.3645824E-02
.3126911E-02
.2515541E-02
.1708511E-02
.9875564E-03
.5091956E-03
.2009466E-03
.8177267E-04
.1818962E-03
.4540250E-03
.7993080E-03
.1126072E-02
.1896408E-02
.3174114E-02
.3735417E-02
.3785527E-02
.4469672E-02
.6026344E-02
.7763250E-02
.8466700E-02
.8770768E-02
.9857538E-02
.1130798E-01
.1220369E-01
.1178209E-01
.1083427E-01
.1032343E-01
.1033705E-01
.1026530E-01
.9590298E-02
.8401163E-02
.7087145E-02
.6012976E-02
.5453442E-02
.5524650E-02
.5990551E-02
.6419720E-02
.6283999E-02
.5654797E-02
.4870805E-02
.4696521E-02
.4836142E-02
.4173513E-02
.2618850E-02
.8312365E-03
-.5806632E-03
-.1413212E-02
-.1820528E-02
-.2778929E-02
-.4507308E-02
-.6432082E-02
-.7587939E-02
-.7949148E-02
-.8758895E-02
-.9792636E-02
-.1003032E-01
-.1000595E-01
-.1034664E-01
-.1090617E-01
-.1083711E-01
-.9746960E-02
-.9274408E-02
-.9637766E-02
-.9227899E-02
-.8255549E-02
-.7680780E-02
-.7249730E-02
-.6471881E-02
-.5330475E-02
-.4413747E-02
-.4041473E-02
-.4126197E-02
-.4141247E-02
-.3804986E-02
-.3537761E-02
-.3651464E-02
-.3902918E-02
-.4246350E-02
-.4895100E-02
-.5839552E-02
-.6926714E-02
-.8079308E-02
-.9104798E-02
-.9942456E-02
-.1073439E-01
-.1111658E-01
-.1063373E-01
-.9899055E-02
-.9480576E-02
-.9522477E-02
-.9398771E-02
-.8735641E-02
-.8721354E-02
-.9618317E-02
-.1038357E-01
-.1011277E-01
-.9100823E-02
-.8695259E-02
-.8496826E-02
-.7307072E-02
-.5604336E-02
-.4233764E-02
-.3630250E-02
-.3359909E-02
-.2941145E-02
-.2051823E-02
-.1078945E-02
-.1116692E-02
-.1820805E-02
-.2259574E-02
-.2205366E-02
-.1840428E-02
-.1072476E-02
-.2307881E-03
.3970230E-03
.7428232E-03
.1251477E-02
.2414209E-02
.3886413E-02
.5043925E-02
.5109507E-02
.4617275E-02
.4474577E-02
.5524769E-02
.7075273E-02
.7228931E-02
.6554970E-02
.6581795E-02
.6911702E-02
.6925733E-02
.6951416E-02
.7026624E-02
.7042216E-02
.7422519E-02
.7966326E-02
.8150479E-02
.7710817E-02
.7086555E-02
.6949084E-02
.7500314E-02
.8431728E-02
.9306394E-02
.1003577E-01
.1072313E-01
.1086041E-01
.1056614E-01
.1058065E-01
.1124843E-01
.1229113E-01
.1216059E-01
.1100884E-01
.1051748E-01
.1081173E-01
.1084330E-01
.9429683E-02
.7869088E-02
.7838765E-02
.8705119E-02
.9139020E-02
.8350740E-02
.6705105E-02
.4841681E-02
.4138812E-02
.4261184E-02
.3628287E-02
.2524869E-02
.1972251E-02
.2079440E-02
.1912878E-02
.9702381E-03
.6619535E-03
.1089912E-02
.1303339E-02
.1323747E-02
.1490839E-02
.1752372E-02
.2071586E-02
.2480314E-02
.3006569E-02
.3642150E-02
.4361816E-02
.4788930E-02
.4784282E-02
.4726153E-02
.4936432E-02
.5434624E-02
.6245709E-02
.7153456E-02
.7732739E-02
.8134090E-02
.8735312E-02
.9679574E-02
.1038256E-01
.1025878E-01
.9875166E-02
.9735532E-02
.9679200E-02
.9398107E-02
.8939069E-02
.8886629E-02
.9055688E-02
.8839927E-02
.8092556E-02
.7180247E-02
.6829478E-02
.6932611E-02
.6940499E-02
.6272613E-02
.5423290E-02
.5489947E-02
.5856209E-02
.5710545E-02
.5661137E-02
.5921637E-02
.6170594E-02
.6736844E-02
.7679281E-02
.8548253E-02
.8937609E-02
.8803576E-02
.8713010E-02
.8840239E-02
.8876940E-02
.9595353E-02
.1123065E-01
.1186689E-01
.1150059E-01
.1144036E-01
.1193825E-01
.1242644E-01
.1235256E-01
.1201397E-01
.1189256E-01
.1180703E-01
.1160227E-01
.1146745E-01
.1083367E-01
.9596159E-02
.9437365E-02
.9839471E-02
.9279339E-02
.8355136E-02
.7930185E-02
.7831192E-02
.7402339E-02
.6645415E-02
.6794014E-02
.7135345E-02
.6430660E-02
.6400377E-02
.7565723E-02
.7603086E-02
.6386490E-02
.5424867E-02
.5417756E-02
.5983947E-02
.6782255E-02
.7449593E-02
.7840752E-02
.7677006E-02
.7537799E-02
.8032213E-02
.8846026E-02
.9163941E-02
.8339300E-02
.7519773E-02
.7646397E-02
.8423809E-02
.9203882E-02
.9783287E-02
.1011870E-01
.1029163E-01
.1041867E-01
.1000182E-01
.8607342E-02
.7787460E-02
.7928859E-02
.7789809E-02
.6844596E-02
.5692246E-02
.5446271E-02
.5850943E-02
.6058816E-02
.5644230E-02
.5173450E-02
.5523665E-02
.6166532E-02
.6351469E-02
.6104283E-02
.6002249E-02
.6571344E-02
.7510389E-02
.8339693E-02
.8875258E-02
.9169149E-02
.9289065E-02
.9470996E-02
.9727747E-02
.9847609E-02
.9408290E-02
.8292211E-02
.7843639E-02
.8011318E-02
.7715283E-02
.7238030E-02
.6989073E-02
.6230353E-02
.5018299E-02
.3902659E-02
.2776059E-02
.1362034E-02
-.1996588E-03
-.1133880E-02
-.1447083E-02
-.1811800E-02
-.2601863E-02
-.3546296E-02
-.3950942E-02
-.4038509E-02
-.4466353E-02
-.4939494E-02
-.5167292E-02
-.5593103E-02
-.6368476E-02
-.7270008E-02
-.7928979E-02
-.8441942E-02
-.9203868E-02
-.1001162E-01
-.1059513E-01
-.1123526E-01
-.1196467E-01
-.1254361E-01
-.1283070E-01
-.1301871E-01
-.1338982E-01
-.1355762E-01
-.1330533E-01
-.1337883E-01
-.1385224E-01
-.1424151E-01
-.1427420E-01
-.1419723E-01
-.1439639E-01
-.1481649E-01
-.1512301E-01
-.1477645E-01
-.1407251E-01
-.1356273E-01
-.1353165E-01
-.1347413E-01
-.1259671E-01
-.1164060E-01
-.1134423E-01
-.1107034E-01
-.1038814E-01
-.9665900E-02
-.9548704E-02
-.9959388E-02
-.9687284E-02
-.8897543E-02
-.8497040E-02
-.8436015E-02
-.8379952E-02
-.8391608E-02
-.8045281E-02
-.7175263E-02
-.6525332E-02
-.6235218E-02
-.5868661E-02
-.5116224E-02
-.4056876E-02
-.2938953E-02
-.1897082E-02
-.9245184E-03
-.2319945E-03
.3897145E-03
.1479537E-02
.2339980E-02
.2359166E-02
.2010443E-02
.2119620E-02
.3143367E-02
.4286141E-02
.4831715E-02
.4669769E-02
.4706115E-02
.5521906E-02
.5856156E-02
.5228682E-02
.4495023E-02
.4203659E-02
.4073987E-02
.3397517E-02
.2385814E-02
.1609382E-02
.9471723E-03
.2552268E-03
-.2395592E-03
-.1051883E-02
-.2475568E-02
-.3772181E-02
-.4367717E-02
-.4358617E-02
-.4616603E-02
-.5545227E-02
-.6975878E-02
-.8082364E-02
-.8568316E-02
-.8996665E-02
-.9915317E-02
-.1130019E-01
-.1234051E-01
-.1283013E-01
-.1318776E-01
-.1349769E-01
-.1357401E-01
-.1409453E-01
-.1468127E-01
-.1386679E-01
-.1298057E-01
-.1348125E-01
-.1469929E-01
-.1531917E-01
-.1502587E-01
-.1472524E-01
-.1496311E-01
-.1548896E-01
-.1578293E-01
-.1567086E-01
-.1504374E-01
-.1424587E-01
-.1386913E-01
-.1397659E-01
-.1416978E-01
-.1381441E-01
-.1289082E-01
-.1172248E-01
-.1073954E-01
-.9960861E-02
-.9154305E-02
-.8391217E-02
-.7878902E-02
-.7211076E-02
-.6462340E-02
-.6294877E-02
-.5818819E-02
-.4523377E-02
-.4275649E-02
-.4712585E-02
-.3830998E-02
-.2310161E-02
-.1512325E-02
-.1080148E-02
-.4594303E-03
.3596694E-03
.1671927E-02
.3146896E-02
.3336744E-02
.2696110E-02
.2459418E-02
.2787870E-02
.2879773E-02
.1979129E-02
.7191272E-03
-.1858293E-03
-.9391143E-03
-.1411460E-02
-.1249724E-02
-.1324705E-02
-.2125032E-02
-.3369784E-02
-.4768082E-02
-.6283843E-02
-.7798670E-02
-.8727093E-02
-.8708793E-02
-.9141819E-02
-.1036123E-01
-.1120143E-01
-.1116561E-01
-.1071187E-01
-.1039610E-01
-.1002264E-01
-.8982349E-02
-.8232748E-02
-.8488731E-02
-.8890281E-02
-.8830113E-02
-.8527440E-02
-.8182945E-02
-.7690214E-02
-.6748400E-02
-.6126376E-02
-.6592933E-02
-.7750650E-02
-.8931657E-02
-.1000745E-01
-.1115248E-01
-.1240379E-01
-.1325512E-01
-.1359510E-01
-.1357461E-01
-.1329744E-01
-.1294544E-01
-.1280016E-01
-.1270415E-01
-.1241170E-01
-.1182891E-01
-.1116896E-01
-.1073892E-01
-.1077465E-01
-.1116234E-01
-.1139937E-01
-.1107278E-01
-.1016305E-01
-.9419874E-02
-.9071241E-02
-.8419009E-02
-.7393543E-02
-.6500616E-02
-.6261206E-02
-.6346185E-02
-.6003098E-02
-.5620872E-02
-.5892478E-02
-.6253092E-02
-.6222628E-02
-.6031254E-02
-.6246388E-02
-.6908789E-02
-.7291717E-02
-.7237358E-02
-.7077228E-02
-.6684405E-02
-.6013501E-02
-.6082635E-02
-.6731908E-02
-.7194952E-02
-.7541763E-02
-.7688355E-02
-.6884366E-02
-.5955141E-02
-.5729042E-02
-.5763617E-02
-.5517764E-02
-.5041547E-02
-.4158971E-02
-.2819612E-02
-.1495693E-02
-.7501353E-03
-.7262861E-03
-.9617202E-03
-.1182441E-02
-.1264922E-02
-.1211642E-02
-.1070697E-02
-.1118153E-02
-.1323502E-02
-.1372861E-02
-.1290790E-02
-.1222027E-02
-.9356239E-03
-.4340292E-03
-.7172477E-04
-.5799158E-03
-.1542345E-02
.2401652E-03
.3045123E-02
.3450449E-02
.2448813E-02
.2219671E-02
.3358157E-02
.5194635E-02
.7154731E-02
.8395008E-02
.9093270E-02
.1018388E-01
.1178691E-01
.1342175E-01
.1501451E-01
.1648940E-01
.1701500E-01
.1694772E-01
.1705203E-01
.1727717E-01
.1732927E-01
.1726632E-01
.1733745E-01
.1769694E-01
.1855857E-01
.1933483E-01
.1922766E-01
.1905716E-01
.1954810E-01
.1990156E-01
.1950749E-01
.1857939E-01
.1826433E-01
.1871364E-01
.1913675E-01
.1891653E-01
.1827937E-01
.1810356E-01
.1837596E-01
.1853476E-01
.1884310E-01
.1953409E-01
.1964735E-01
.1907788E-01
.1842985E-01
.1826843E-01
.1822179E-01
.1745404E-01
.1645150E-01
.1593528E-01
.1589457E-01
.1594861E-01
.1596198E-01
.1606611E-01
.1632560E-01
.1630156E-01
.1603569E-01
.1587696E-01
.1612229E-01
.1640254E-01
.1601162E-01
.1537970E-01
.1507443E-01
.1481938E-01
.1467542E-01
.1493995E-01
.1487531E-01
.1433655E-01
.1404793E-01
.1388160E-01
.1324318E-01
.1223000E-01
.1125089E-01
.1050075E-01
.9802279E-02
.8942390E-02
.7788563E-02
.6944373E-02
.6954124E-02
.7038734E-02
.6761881E-02
.6580419E-02
.6603663E-02
.6547525E-02
.6011617E-02
.5518911E-02
.5663859E-02
.5810145E-02
.5379915E-02
.4432995E-02
.3601683E-02
.3197376E-02
.2932249E-02
.2536369E-02
.2062781E-02
.1514815E-02
.9766434E-03
.1004251E-02
.1242966E-02
.9397494E-03
-.5090360E-03
-.2468620E-02
-.3734307E-02
-.3683609E-02
-.2860422E-02
-.2751590E-02
-.3737341E-02
-.5177056E-02
-.5842818E-02
-.5448233E-02
-.4367335E-02
-.3459854E-02
-.2988262E-02
-.2743408E-02
-.2402755E-02
-.1860958E-02
-.1397975E-02
-.1093295E-02
-.2275066E-03
.7700321E-03
.1076374E-02
.1159853E-02
.1672363E-02
.2766274E-02
.3543454E-02
.3324523E-02
.3166657E-02
.3629741E-02
.4086163E-02
.3945740E-02
.3440387E-02
.3685436E-02
.4486278E-02
.4980636E-02
.5200181E-02
.5559208E-02
.5930505E-02
.6578195E-02
.7791602E-02
.8370201E-02
.8041516E-02
.7769361E-02
.7639286E-02
.7101420E-02
.6916712E-02
.7288903E-02
.7438944E-02
.7079536E-02
.6564460E-02
.6313171E-02
.6204198E-02
.5800576E-02
.4322149E-02
.2412452E-02
.1703163E-02
.1981753E-02
.2103380E-02
.1243734E-02
.3037357E-03
.3021318E-03
.2756730E-03
-.3621102E-03
-.9602135E-03
-.1418070E-02
-.2120398E-02
-.2775732E-02
-.3022350E-02
-.2775588E-02
-.2548544E-02
-.2652183E-02
-.2939061E-02
-.3091171E-02
-.3072591E-02
-.3456097E-02
-.4144777E-02
-.4333117E-02
-.3899105E-02
-.3369244E-02
-.3585128E-02
-.4127221E-02
-.4079412E-02
-.3425052E-02
-.2627069E-02
-.1783022E-02
-.1163993E-02
-.9663530E-03
-.4964043E-03
.1367040E-03
-.1613978E-03
-.7853887E-03
-.8334229E-03
-.5372400E-03
-.3238623E-03
-.1088187E-03
.1084216E-03
.1839974E-03
-.2596661E-03
-.1057432E-02
-.1927156E-02
-.2956311E-02
-.3954819E-02
-.4307925E-02
-.4427524E-02
-.4780968E-02
-.4854888E-02
-.4550007E-02
-.4204444E-02
-.4021075E-02
-.3931527E-02
-.3849964E-02
-.3916468E-02
-.4284972E-02
-.4531861E-02
-.4455742E-02
-.4220742E-02
-.3774716E-02
-.3139007E-02
-.3027701E-02
-.3231991E-02
-.3143722E-02
-.3204083E-02
-.3796167E-02
-.4106528E-02
-.3835174E-02
-.3292527E-02
-.2617061E-02
-.1887468E-02
-.1276750E-02
-.8012548E-03
-.3985460E-03
-.1853046E-03
-.1388796E-03
-.2572995E-03
-.2408867E-03
-.2386668E-04
-.2145840E-03
-.6985025E-03
-.9816719E-03
-.1212205E-02
-.1512191E-02
-.1618642E-02
-.1774698E-02
-.2230247E-02
-.2741619E-02
-.3226536E-02
-.3935291E-02
-.4384396E-02
-.4365188E-02
-.4954644E-02
-.6086702E-02
-.6951311E-02
-.7447639E-02
-.7658582E-02
-.7275521E-02
-.7067129E-02
-.7526938E-02
-.8393214E-02
-.8074171E-02
-.7663921E-02
-.7528812E-02
-.7525809E-02
-.7217843E-02
-.7070037E-02
-.7701547E-02
-.8307805E-02
-.8419212E-02
-.8602798E-02
-.9229017E-02
-.1010295E-01
-.1056692E-01
-.1074693E-01
-.1138943E-01
-.1174982E-01
-.1109094E-01
-.9909775E-02
-.9161370E-02
-.9338090E-02
-.9816995E-02
-.9930309E-02
-.9331032E-02
-.8779561E-02
-.9033096E-02
-.9794283E-02
-.1024451E-01
-.9794558E-02
-.8984366E-02
-.8340097E-02
-.7692698E-02
-.6928379E-02
-.6364581E-02
-.6096869E-02
-.5904469E-02
-.5294577E-02
-.4593020E-02
-.4509760E-02
-.4772105E-02
-.4829011E-02
-.4560805E-02
-.4407032E-02
-.4686482E-02
-.4973457E-02
-.4990149E-02
-.4914494E-02
-.4990939E-02
-.5304240E-02
-.6018463E-02
-.6923610E-02
-.7540553E-02
-.7375573E-02
-.6582127E-02
-.6133958E-02
-.6237911E-02
-.6450690E-02
-.6778185E-02
-.7391424E-02
-.7928300E-02
-.8238873E-02
-.8483283E-02
-.8862818E-02
-.9348001E-02
-.9754090E-02
-.9654138E-02
-.9040498E-02
-.8676673E-02
-.8672034E-02
-.8609962E-02
-.8815844E-02
-.9349851E-02
-.8521235E-02
-.7195308E-02
-.7118801E-02
-.7141331E-02
-.6426755E-02
-.5916318E-02
-.5537976E-02
-.4680273E-02
-.4400515E-02
-.4851161E-02
-.4797575E-02
-.4176896E-02
-.3701070E-02
-.3742616E-02
-.3606330E-02
-.2632841E-02
-.1851014E-02
-.1920278E-02
-.2017805E-02
-.1916618E-02
-.2127493E-02
-.2609478E-02
-.3111970E-02
-.3581411E-02
-.3728426E-02
-.3453841E-02
-.3101988E-02
-.2957249E-02
-.3026762E-02
-.3113810E-02
-.3101135E-02
-.2963777E-02
-.2977265E-02
-.3350374E-02
-.3646336E-02
-.3910377E-02
-.4797589E-02
-.5213857E-02
-.4395594E-02
-.3585283E-02
-.3328562E-02
-.2858341E-02
-.1842885E-02
-.6607464E-03
-.2149815E-04
.2704605E-03
.7381518E-03
.1308027E-02
.1642976E-02
.1545543E-02
.1355780E-02
.1422094E-02
.1674352E-02
.1585691E-02
.5663278E-03
-.6581856E-04
.3975853E-03
.7184753E-04
-.1147685E-02
-.1797690E-02
-.1971893E-02
-.2456844E-02
-.3174209E-02
-.3678347E-02
-.3845509E-02
-.4271733E-02
-.4923058E-02
-.5045028E-02
-.4859082E-02
-.4838882E-02
-.4675692E-02
-.4386118E-02
-.4378444E-02
-.4708763E-02
-.5053663E-02
-.4715707E-02
-.4048019E-02
-.3755342E-02
-.3991245E-02
-.4509932E-02
-.5226117E-02
-.5744897E-02
-.5866849E-02
-.5727913E-02
-.6115295E-02
-.7046690E-02
-.7667172E-02
-.7449739E-02
-.6692925E-02
-.6170792E-02
-.5894690E-02
-.5276851E-02
-.4025696E-02
-.2455794E-02
-.1440491E-02
-.9144890E-03
-.3740990E-03
.4514376E-03
.1341699E-02
.1627854E-02
.1602008E-02
.1910459E-02
.2564492E-02
.3077384E-02
.2641423E-02
.1960893E-02
.2003210E-02
.2155461E-02
.1796326E-02
.1131005E-02
.6511834E-03
.3589312E-03
-.4880910E-03
-.1223775E-02
-.1085306E-02
-.6542146E-03
-.1075753E-02
-.2694454E-02
-.3966774E-02
-.4401000E-02
-.5018297E-02
-.6037253E-02
-.7125684E-02
-.8698411E-02
-.1021851E-01
-.1086810E-01
-.1091551E-01
-.1094853E-01
-.1107544E-01
-.1115964E-01
-.1111614E-01
-.1105698E-01
-.1112204E-01
-.1145396E-01
-.1162824E-01
-.1140438E-01
-.1118639E-01
-.1123794E-01
-.1140217E-01
-.1109891E-01
-.1057296E-01
-.1073207E-01
-.1099518E-01
-.1067706E-01
-.1041802E-01
-.1047729E-01
-.1049887E-01
-.1016012E-01
-.9498572E-02
-.8775185E-02
-.8301635E-02
-.8124659E-02
-.7634718E-02
-.6836391E-02
-.6409885E-02
-.6210063E-02
-.5858060E-02
-.5783496E-02
-.5991880E-02
-.5835989E-02
-.5313283E-02
-.4844415E-02
-.4771484E-02
-.4429616E-02
-.3166962E-02
-.2031124E-02
-.1761661E-02
-.2104191E-02
-.1830204E-02
-.6360697E-03
.1712809E-04
-.1220057E-03
.1498877E-03
.7552830E-03
.1131050E-02
.1834873E-02
.2649148E-02
.2938356E-02
.3255294E-02
.4010560E-02
.4356352E-02
.4451214E-02
.4970040E-02
.5114986E-02
.4550411E-02
.3964683E-02
.4062443E-02
.4762037E-02
.5467951E-02
.5677562E-02
.5352549E-02
.4915291E-02
.4795280E-02
.5179053E-02
.4956762E-02
.3732038E-02
.2850663E-02
.2820087E-02
.3063919E-02
.2952847E-02
.2418805E-02
.1741676E-02
.1444345E-02
.1563771E-02
.1796858E-02
.1921084E-02
.2040986E-02
.2428128E-02
.2855569E-02
.3074755E-02
.3200045E-02
.3403431E-02
.3713210E-02
.3940372E-02
.4004792E-02
.4107365E-02
.4194456E-02
.4081733E-02
.3956614E-02
.3866772E-02
.3583119E-02
.3477652E-02
.3802116E-02
.4087037E-02
.4131407E-02
.4133120E-02
.4198671E-02
.4526981E-02
.5455539E-02
.5910270E-02
.5292335E-02
.4701293E-02
.4851207E-02
.5593002E-02
.5986886E-02
.5783678E-02
.6063454E-02
.6788978E-02
.7186274E-02
.7296605E-02
.7450584E-02
.7537356E-02
.7444020E-02
.7262795E-02
.7573425E-02
.8270377E-02
.8656861E-02
.8508639E-02
.8155083E-02
.8060203E-02
.8264446E-02
.8544305E-02
.8630499E-02
.8509950E-02
.8297438E-02
.8241368E-02
.8419633E-02
.8288790E-02
.7857441E-02
.7762685E-02
.8078319E-02
.8404123E-02
.8116166E-02
.7508590E-02
.7470080E-02
.8327480E-02
.9478674E-02
.9311388E-02
.8563994E-02
.8732743E-02
.9241085E-02
.9294308E-02
.9094286E-02
.8817435E-02
.8420582E-02
.8539628E-02
.9152460E-02
.9538851E-02
.9377164E-02
.8965617E-02
.8823326E-02
.8909291E-02
.8903460E-02
.8814552E-02
.8751134E-02
.8693135E-02
.8632471E-02
.8596280E-02
.8577444E-02
.8423588E-02
.8045238E-02
.7856740E-02
.7875001E-02
.7653592E-02
.7423815E-02
.7470814E-02
.7365086E-02
.6978191E-02
.6537430E-02
.6173379E-02
.5824398E-02
.5427174E-02
.4980135E-02
.4519206E-02
.4130324E-02
.3782420E-02
.3356497E-02
.2926884E-02
.2604065E-02
.2408607E-02
.2220453E-02
.1972705E-02
.1850768E-02
.1934092E-02
.2137931E-02
.2222334E-02
.2102871E-02
.2121528E-02
.2313959E-02
.2338064E-02
.2312659E-02
.2473911E-02
.2762121E-02
.2949672E-02
.2935305E-02
.2781368E-02
.2585795E-02
.2503004E-02
.2472810E-02
.2334322E-02
.1925325E-02
.1434430E-02
.1241922E-02
.1339038E-02
.1468643E-02
.1356029E-02
.1218709E-02
.1373514E-02
.1772593E-02
.2231333E-02
.2611506E-02
.2865311E-02
.2995267E-02
.3012218E-02
.3005479E-02
.3094995E-02
.3165432E-02
.3092165E-02
.3097044E-02
.3183449E-02
.3059416E-02
.2932800E-02
.3045726E-02
.3225210E-02
.3320333E-02
.3371650E-02
.3168365E-02
.2633156E-02
.2095818E-02
.1846725E-02
.1892735E-02
.1988510E-02
.1900149E-02
.1508785E-02
.1127829E-02
.9780824E-03
.9246695E-03
.7777630E-03
.5094267E-03
.1884933E-03
-.1157105E-03
-.2954341E-03
-.5445851E-03
-.1042140E-02
-.1328413E-02
-.1341112E-02
-.1544550E-02
-.1911923E-02
-.2199902E-02
-.2492537E-02
-.2846352E-02
-.3193496E-02
-.3375431E-02
-.3437962E-02
-.3557766E-02
-.3731032E-02
-.3852584E-02
-.3855131E-02
-.3794710E-02
-.3739528E-02
-.3705654E-02
-.3681585E-02
-.3702406E-02
-.3669028E-02
-.3493273E-02
-.3379204E-02
-.3409302E-02
-.3452746E-02
-.3299205E-02
-.2970159E-02
-.2805351E-02
-.2817926E-02
-.2800890E-02
-.2671918E-02
-.2508903E-02
-.2430668E-02
-.2358960E-02
-.2178594E-02
-.2030782E-02
-.1986132E-02
-.1951173E-02
-.1869535E-02
-.1770802E-02
-.1709671E-02
-.1692854E-02
-.1690436E-02
-.1587437E-02
-.1387967E-02
-.1351133E-02
-.1406402E-02
-.1291750E-02
-.1116624E-02
-.1060400E-02
-.1065025E-02
-.9998291E-03
-.8457674E-03
-.7973773E-03
-.8642417E-03
-.8626988E-03
-.8228172E-03
-.8691600E-03
-.9349776E-03
-.9219178E-03
-.8092094E-03
-.7572083E-03
-.8421424E-03
-.9569411E-03
-.1002456E-02
-.9850243E-03
-.9685061E-03
-.9854870E-03
-.1050904E-02
-.1133873E-02
-.1199278E-02
-.1198052E-02
-.1141621E-02
-.1073954E-02
-.1094005E-02
-.1205714E-02
-.1267754E-02
-.1247705E-02
-.1214638E-02
-.1238228E-02
-.1307751E-02
-.1351437E-02
-.1371766E-02
-.1409314E-02
-.1425795E-02
-.1413909E-02
-.1419704E-02
-.1435807E-02
-.1437601E-02
-.1442822E-02
-.1454825E-02
-.1460176E-02
-.1441411E-02
-.1404120E-02
-.1387514E-02
-.1389572E-02
-.1384525E-02
-.1365364E-02
-.1356814E-02
-.1390848E-02
-.1420431E-02
-.1411242E-02
-.1400582E-02
-.1401816E-02
-.1394599E-02
-.1362461E-02
-.1314520E-02
-.1294893E-02
-.1294418E-02
-.1281599E-02
-.1263178E-02
-.1245846E-02
-.1215547E-02
-.1195449E-02
-.1210893E-02
-.1248299E-02
-.1276492E-02
-.1275702E-02
-.1261325E-02
-.1255791E-02
-.1277603E-02
-.1299680E-02
-.1292644E-02
-.1266823E-02
-.1249419E-02
-.1255825E-02
-.1262635E-02
-.1252765E-02
-.1242667E-02
-.1236762E-02
-.1217395E-02
-.1190100E-02
-.1168091E-02
-.1154428E-02
-.1145074E-02
-.1137771E-02
-.1131066E-02
-.1125391E-02
-.1122189E-02
-.1119311E-02
-.1114514E-02
-.1107142E-02
-.1101541E-02
-.1099983E-02
-.1091812E-02
-.1072165E-02
-.1034724E-02
-.9989415E-03
-.9831630E-03
-.9820531E-03
-.9766173E-03
-.9539094E-03
-.9260159E-03
-.9055201E-03
-.8901816E-03
-.8754098E-03
-.8605264E-03
-.8422389E-03
-.8199143E-03
-.7960270E-03
-.7768714E-03
-.7643312E-03
-.7458748E-03
-.7211194E-03
-.7021007E-03
-.6896146E-03
-.6772967E-03
-.6613960E-03
-.6436653E-03
-.6266434E-03
-.6087936E-03
-.5891585E-03
-.5714104E-03
-.5573499E-03
-.5455816E-03
-.5309230E-03
-.5135809E-03
-.4987808E-03
-.4870794E-03
-.4756130E-03
-.4615334E-03
-.4452122E-03
-.4282546E-03
-.4124803E-03
-.3980903E-03
-.3845791E-03
-.3701391E-03
-.3539408E-03
-.3380733E-03
-.3237249E-03
-.3101487E-03
-.2964566E-03
-.2825796E-03
-.2684600E-03
-.2543709E-03
-.2407265E-03
-.2268642E-03
-.2123146E-03
-.1974645E-03
-.1827453E-03
-.1682157E-03
-.1539556E-03
-.1393868E-03
-.1236551E-03
-.1077245E-03
-.9253163E-04
-.7772755E-04
-.6274142E-04
-.4745575E-04
-.3182668E-04
-.1612816E-04
-.7077062E-06
.1445971E-04
.2961661E-04
.4499632E-04
.6042857E-04
.7568547E-04
.9079298E-04
.1059242E-03
.1212307E-03
.1366342E-03
.1520122E-03
.1673015E-03
.1825588E-03
.1978562E-03
.2131071E-03
.2282909E-03
.2436029E-03
.2589195E-03
.2740622E-03
.2891804E-03
.3043929E-03
.3196823E-03
.3349305E-03
.3500854E-03
.3652147E-03
.3803836E-03
.3956003E-03
.4108091E-03
.4259765E-03
.4411102E-03
.4562289E-03
.4713391E-03
.4864459E-03
.5015402E-03
.5166066E-03
.5316591E-03
.5467102E-03
.5617359E-03
.5767334E-03
.5917200E-03
.6066900E-03
.6216361E-03
.6365670E-03
.6514854E-03
.6663870E-03
.6812668E-03
.6961248E-03
.7109633E-03
.7257826E-03
.7405811E-03
.7553569E-03
.7701093E-03
.7848386E-03
.7995455E-03
.8142294E-03
.8288896E-03
.8435253E-03
.8581361E-03
.8727214E-03
.8872803E-03
.9018123E-03
.9163170E-03
.9307937E-03
.9452418E-03
.9596605E-03
.9740492E-03
.9884073E-03
.1002734E-02
.1017029E-02
.1031292E-02
.1045522E-02
.1059718E-02
.1073879E-02
.1088005E-02
.1102096E-02
.1116151E-02
.1130168E-02
.1144148E-02
.1158090E-02
.1171992E-02
.1185856E-02
.1199679E-02
.1213461E-02
.1227202E-02
