.3272938E-03
.1905363E-03
.2696754E-03
.1083080E-03
.2088924E-03
.1524400E-03
.4454972E-03
.3118689E-03
.5763012E-03
.2497499E-04
-.6355027E-03
-.5406747E-03
.8530248E-03
.1492572E-02
.1222486E-02
.1103605E-02
.3848824E-03
-.6938699E-03
-.5874280E-03
.4546502E-03
.7750448E-03
.4728147E-03
.1187699E-02
-.6482488E-03
-.1563479E-02
-.1217465E-02
.1534442E-02
.3222328E-02
.2951367E-02
.1504039E-02
.1400504E-02
.4937340E-03
-.3715776E-03
-.6427228E-03
-.6720088E-03
-.7133419E-03
-.2782008E-03
.2723836E-03
.5027183E-03
-.1794548E-02
-.1697568E-02
.1271684E-02
.3137333E-02
.3463791E-02
.3563820E-02
.3397439E-02
.2453805E-02
.1420374E-04
-.9580127E-03
.1057126E-02
.2625826E-02
.1907714E-02
.1541659E-02
-.6917049E-03
-.2834607E-02
-.1193140E-02
.2184498E-02
.2397786E-02
-.7738753E-03
-.3301816E-02
-.2432016E-02
-.1795211E-02
-.6705880E-03
-.1803317E-02
-.4498308E-02
-.2449427E-02
.7056126E-03
.1151455E-03
-.1055084E-02
-.2693232E-03
-.2700597E-02
-.7122339E-02
-.8063215E-02
-.3933082E-02
.5249312E-02
.1038342E-01
-.5784888E-03
-.1190324E-01
-.8268029E-02
-.4980948E-02
-.7234438E-03
.1972971E-01
.2141336E-01
-.9736548E-02
-.1740576E-01
-.2566366E-02
.6139284E-03
.9742376E-02
.2651830E-01
.1431342E-01
-.1019455E-01
-.2319471E-01
-.2529710E-01
-.1396228E-02
.2728980E-01
.1602470E-01
.2236518E-02
-.7359418E-02
-.2053286E-01
-.1435541E-01
.1367802E-01
.2529266E-01
.4982489E-02
-.7751847E-02
.1102641E-01
-.3863018E-02
-.3411027E-01
-.3519128E-03
.3608267E-01
.7987210E-02
-.9635002E-02
.5091496E-03
-.1710898E-01
-.2260640E-01
.7979249E-02
.1820450E-01
.1667193E-01
.1201601E-01
-.1827072E-01
-.2739419E-01
.3982678E-02
.4001227E-02
-.1525350E-01
-.1358974E-01
.9072308E-02
.1245578E-01
-.1786841E-02
-.1156883E-01
-.1179454E-01
-.4652890E-02
-.1167126E-02
.6169905E-02
.1153267E-01
-.7605714E-02
-.9820122E-02
.2598861E-01
.1082737E-01
-.2186408E-01
-.5210378E-02
-.8794654E-02
-.2027782E-01
.2172865E-01
.2429823E-01
-.8904965E-02
.1669332E-01
.2529899E-01
-.1365488E-01
.1619232E-01
.2786231E-01
-.4913993E-01
-.4446755E-01
.2228292E-01
.1556150E-01
.1580727E-01
.4549113E-01
.1964210E-01
-.1289233E-01
-.3406583E-01
-.4209218E-01
.2451135E-02
.2362070E-01
.5264734E-02
.1888803E-01
.2527068E-01
.8298861E-02
.1043461E-01
-.1471609E-01
-.5195498E-01
-.5689815E-02
.4381653E-01
.2354528E-01
.2326800E-01
.2618097E-01
-.3152961E-01
-.5164446E-01
-.1000605E-01
.1790458E-01
.4124144E-01
.3762514E-01
.1069160E-01
.6794942E-02
-.8152774E-02
-.3176333E-01
-.8776981E-02
.9865397E-03
-.4959230E-01
-.7221993E-01
.1943703E-01
.7274725E-01
.3711728E-01
-.1290049E-01
-.7078267E-01
-.6892707E-01
-.2395575E-01
.2495322E-01
.6832539E-01
.8298564E-01
.1272305E-01
-.7551327E-01
-.9730307E-01
-.5723011E-01
-.1390961E-01
.1574887E-01
.4992232E-01
.2454532E-01
-.4971152E-01
-.1403376E-01
.6803365E-01
.3855980E-01
-.2313939E-01
-.4509764E-01
-.5414852E-01
-.9481276E-02
.6316105E-01
.5348185E-01
.2786948E-01
-.1216663E-02
-.7312293E-01
-.6491380E-01
.2010440E-01
.3793600E-01
.1706827E-01
.1366045E-01
-.1447737E-01
-.8862680E-03
.4742268E-01
.3280498E-02
-.6586099E-01
-.1749213E-01
.3650612E-01
.1131074E-01
-.1099817E-01
.1018784E-01
.8532170E-02
-.1887561E-01
-.6573821E-02
.2886238E-01
.3309911E-01
.7863675E-02
-.6139391E-02
.1348418E-01
.9811422E-02
-.2278397E-01
-.1226243E-01
.3995505E-01
.1408473E-01
-.3338534E-01
.3820569E-02
.5205652E-01
.1044365E-01
-.4959621E-01
-.5022986E-01
-.2958513E-01
.2120357E-01
.8064988E-01
.4300311E-01
-.6381071E-01
-.8629681E-01
-.3447141E-01
-.3338795E-01
-.3293735E-01
.2583442E-01
.3796485E-01
-.6950078E-01
-.7753571E-01
.6201370E-01
.8468974E-01
-.7816115E-01
-.1265866E+00
-.5850836E-01
-.6618681E-01
-.6893972E-01
.2806102E-01
.5993995E-01
.2775151E-03
-.1043998E+00
-.8300032E-01
-.2384402E-01
-.4720496E-01
-.7653475E-02
.5093665E-01
.5636285E-02
.4774356E-02
.9313813E-01
.1070469E+00
.1569935E-01
-.2871448E-01
.1493992E-01
.4390097E-01
.2089578E-01
.1957188E-01
.6263361E-01
.4450068E-01
-.3681709E-01
-.8240719E-02
.7760359E-01
.4539598E-01
-.4998658E-02
.2102851E-01
.5334480E-02
-.4271969E-01
-.2723227E-01
.1940832E-01
.6652035E-01
.4185677E-01
-.1962407E-01
-.9270430E-02
.3674256E-01
.7451667E-01
.9355301E-01
.3622176E-01
.5718059E-02
.1574625E-03
-.3605355E-01
.5010381E-02
.7323953E-01
.4019934E-01
-.2157216E-01
-.3746064E-01
-.1275091E+00
-.1568690E+00
-.5359851E-01
-.2186243E-01
-.6848686E-01
-.3537997E-01
-.1875016E-01
-.7749681E-01
-.5435838E-01
.2564989E-01
.5166219E-01
.1225912E+00
.1491486E+00
.5227712E-01
-.1202201E-01
.4573272E-01
.6668086E-01
.4255409E-01
.3173318E-01
.5339132E-01
.1190372E+00
.1316656E+00
-.4093364E-01
-.1576797E+00
-.1076451E+00
.9767031E-02
.1278863E-01
-.5897434E-02
.8660278E-01
.7450017E-01
.1014009E-01
.2507596E-01
-.3459074E-01
-.1248698E+00
-.3990678E-01
.1762605E-02
-.7738638E-01
-.9442871E-01
-.5233061E-01
-.4849564E-01
-.3024622E-01
.1583552E-02
.2280390E-01
.6345456E-01
.8490461E-01
.3364781E-01
-.6581175E-02
-.3996235E-01
-.7059267E-01
-.2094779E-01
.4108889E-01
.3725511E-01
.5348303E-01
.3457856E-01
-.6095159E-01
-.7325309E-01
-.3491963E-01
-.2527450E-01
.8557830E-02
.2605409E-01
.3126264E-01
.5107924E-01
.2897428E-01
-.3104559E-01
-.4732051E-01
-.8271896E-01
-.1254188E+00
-.1176981E+00
-.8152016E-01
-.6635206E-01
-.2237963E-01
.7535544E-02
-.5020908E-01
-.1436994E+00
-.1420818E+00
-.1117225E+00
-.1288226E+00
-.1175781E+00
-.5328357E-01
-.4027963E-01
-.8057936E-01
-.9336216E-01
-.6326512E-01
-.5522109E-01
-.2141417E-01
.3530254E-01
.4404472E-01
.4539399E-01
.5371250E-01
.2239997E-01
.7652152E-01
.1649962E+00
.1374998E+00
.1138246E+00
.1560124E+00
.1072209E+00
.5802840E-01
.6325772E-01
.7302558E-01
.7340194E-01
.4831353E-01
.4624811E-01
.1297098E+00
.1503207E+00
.9971334E-01
.1122130E+00
.1674245E+00
.1935879E+00
.1637955E+00
.9010410E-01
.6793239E-01
.9509001E-01
.6198520E-01
.2365077E-01
.5250372E-01
.7543534E-01
.7600477E-01
.8262088E-01
.6102119E-01
.2866873E-01
-.8240804E-03
-.6717171E-01
-.8259459E-01
.5227558E-02
.6157789E-01
.1764572E-01
-.2198265E-01
-.4379387E-01
-.6521735E-01
-.1028439E+00
-.1339287E+00
-.9254025E-01
-.1603773E-01
-.3122306E-01
-.9989003E-01
-.8846657E-01
-.1162827E-02
.4973284E-01
.2486683E-01
-.1337009E-01
-.1774587E-01
-.7618358E-01
-.1427966E+00
-.1690715E+00
-.1052926E+00
-.3288988E-01
-.9061222E-02
.7643883E-02
-.7916772E-02
-.3924180E-01
-.9026255E-01
-.1162650E+00
-.1387982E+00
-.2016998E+00
-.2050693E+00
-.1206376E+00
-.5666421E-01
-.6328126E-01
-.6246009E-01
-.2441147E-01
-.9803941E-02
-.4947407E-01
-.3420269E-01
.3176116E-01
.7186597E-01
.7301976E-01
.1064250E+00
.1511318E+00
.1217618E+00
.3001779E-01
-.2245463E-02
.5870898E-01
.1192567E+00
.1346219E+00
.1566156E+00
.1885898E+00
.1696957E+00
.8944482E-01
-.1638511E-01
-.9240418E-01
-.8530940E-01
-.5415930E-01
-.4477487E-01
-.4629221E-01
-.5026667E-01
-.3845134E-01
-.6436185E-01
-.1128535E+00
-.7947282E-01
-.4866706E-01
-.7539316E-01
-.3719132E-01
.3060188E-01
.2599750E-01
.3793239E-01
.8520471E-01
.8406578E-01
.3741986E-01
.2859183E-01
.5365251E-01
.3669007E-01
.4182412E-01
.5765152E-01
.3551433E-01
-.3788604E-02
.4881696E-02
.3243057E-01
.6867455E-01
.1012811E+00
.8629066E-01
.2461516E-01
-.1558524E-01
-.8273567E-01
-.1175320E+00
-.3486404E-01
.1271912E-01
-.5069847E-01
-.3686127E-01
.7839966E-02
-.4008288E-01
-.3808822E-02
.1038707E+00
.1149725E+00
-.5648137E-02
-.7644533E-01
-.6368068E-01
-.6562185E-01
-.6631070E-01
-.4471519E-01
-.3370073E-01
.1672241E-01
.1098634E+00
.1364946E+00
.6953658E-01
-.7272377E-02
-.4995332E-01
-.5871368E-01
-.4835592E-01
-.2734912E-01
-.3133295E-01
-.2831595E-01
-.1279766E-01
-.3189441E-01
-.3396054E-01
.4840931E-01
.7647380E-01
.3066630E-01
-.4141733E-01
-.4558307E-01
-.2403098E-01
-.2922524E-01
.2207590E-02
.8706649E-03
-.3766120E-01
-.2263452E-01
.1727993E-01
.3839980E-01
.7832680E-01
.1362353E+00
.1416110E+00
.5419726E-01
-.4027248E-01
-.1218948E-01
.5119386E-01
.3479273E-01
.2082980E-01
.4470508E-01
.1902958E-02
-.4753094E-01
-.9273903E-02
.2044206E-01
.1589910E-01
.2782677E-01
-.1173962E-02
-.3770932E-01
.3342829E-01
.5451715E-01
-.5777029E-01
-.9285333E-01
-.8863198E-01
-.1497284E+00
-.1356167E+00
-.1373096E-01
.7547696E-01
.1033814E+00
.7939892E-01
.3200461E-01
-.2576959E-01
-.7457700E-01
-.5447841E-01
.2412938E-01
.6086881E-01
.1590060E-01
.2210631E-01
.2692555E-01
-.6045960E-01
-.4923695E-01
.7657193E-01
.9589076E-01
.8846087E-02
-.2144476E-01
.2264940E-01
.5255680E-01
.1681556E-01
-.4970105E-04
.5378933E-01
.6663828E-01
-.2388110E-01
-.6676280E-01
-.2118807E-01
-.2545904E-02
-.2895439E-02
.2832859E-01
.6972016E-01
.8201937E-01
-.1295261E-01
-.9380896E-01
-.3049363E-01
.3290625E-01
.1286330E-01
.5746421E-02
.1443993E-01
.5284984E-02
.1821441E-01
.1735223E-01
-.1542050E-01
-.1992239E-01
-.1249578E-01
-.5210945E-01
-.6397270E-01
-.1401932E-01
.2336215E-01
.4354862E-01
.7982864E-01
.6906577E-01
.2960356E-01
.5114455E-01
.6162364E-01
-.2550240E-02
-.3844884E-01
.3825927E-01
.7634484E-01
.6779189E-02
-.3287531E-01
.3240592E-01
.6427666E-01
.4875661E-01
.2747078E-01
.2579722E-01
-.1386498E-01
-.3393253E-01
.9861076E-02
.2494121E-01
.4644225E-01
.1141658E+00
.6019855E-01
-.2956525E-01
.1914542E-01
.6685721E-01
.5614587E-01
.4769470E-01
-.2566705E-01
-.1090234E+00
-.9985580E-01
-.1007237E+00
-.1094065E+00
-.2043974E-01
.5109781E-01
.8154299E-01
.5864155E-01
-.4984983E-01
-.3332967E-01
.5689961E-01
-.2000146E-01
-.1288011E+00
-.3837099E-01
.3208213E-01
-.4623988E-02
-.6607141E-01
-.2097048E-01
.3289290E-01
-.4183398E-01
-.1216033E+00
-.2738871E-01
.4831068E-01
.8578868E-02
-.5147678E-01
-.7718539E-01
-.7601612E-01
-.1061242E+00
-.1386897E+00
-.1103124E+00
-.7836969E-01
-.8812035E-01
-.1243293E+00
-.1815101E+00
-.1793613E+00
-.9050653E-01
-.4019807E-01
-.5964586E-01
-.1387974E+00
-.1417652E+00
-.1132035E+00
-.1570270E+00
-.1285406E+00
-.4341038E-01
-.6813064E-01
-.1253240E+00
-.1598116E+00
-.2005783E+00
-.1656889E+00
-.1057856E+00
-.9322198E-01
-.2252786E-01
.7855286E-01
.3162647E-01
-.8461055E-01
-.8696011E-01
-.9546122E-02
-.9576087E-03
.1945008E-01
.4983018E-01
.3327806E-01
.3237944E-01
-.4191425E-01
-.1127368E+00
-.2323934E-01
-.6192430E-02
-.5841016E-01
-.1978481E-02
-.1040470E-01
-.4831249E-01
-.2045450E-01
-.3989811E-01
-.1091677E+00
-.9418872E-01
-.9486219E-01
-.6715643E-01
-.2947351E-01
-.2977573E-01
-.5197405E-01
-.6062264E-01
-.3586083E-01
-.3227325E-01
-.1078823E+00
-.1137541E+00
-.4206322E-01
.1269889E-01
.1570124E-01
-.9255745E-01
-.8165589E-01
.1047872E+00
.1545870E+00
.7355396E-01
-.4529534E-01
-.3550688E-01
-.1110011E-01
-.4487519E-01
.2891412E-01
.1193427E+00
.1282133E+00
.2067784E+00
.2621897E+00
.1941219E+00
.1829222E+00
.2410849E+00
.2159924E+00
.1915928E+00
.1767891E+00
.1411544E+00
.1853792E+00
.2679980E+00
.2872570E+00
.2353640E+00
.1876511E+00
.1742692E+00
.2032884E+00
.2015929E+00
.1488870E+00
.1209432E+00
.1452838E+00
.1325137E+00
.6751643E-01
.2983749E-01
.3257476E-01
.3751283E-01
.4168049E-01
.3135033E-01
.7560004E-02
-.1657287E-01
-.3104885E-01
-.3133447E-01
-.6311578E-01
-.1175600E+00
-.8018067E-01
-.4403708E-01
-.1069883E+00
-.1835868E+00
-.1676021E+00
-.1275783E+00
-.8827198E-01
-.3676217E-01
-.1632071E-01
-.2538435E-01
-.1236593E-01
-.4203355E-02
-.1654325E-01
.1529922E-03
.6569879E-01
.1200182E+00
.1272544E+00
.3702408E-01
-.6413476E-01
-.7396092E-01
-.2832362E-01
.2068533E-01
.5151120E-01
-.1891473E-01
-.3877245E-01
.4584576E-01
.9345194E-01
.1241522E+00
.1083330E+00
.5591267E-01
.7859492E-01
.1226001E+00
.1119113E+00
.1333976E+00
.1521746E+00
.1287749E+00
.1047457E+00
.6303135E-01
.5015353E-01
.1281003E+00
.1778786E+00
.1519418E+00
.1323457E+00
.1073843E+00
.7238979E-01
.6398372E-01
.4593106E-01
.1831712E-02
-.1739699E-01
-.2823221E-02
-.3221810E-01
-.8607831E-01
-.1015749E+00
-.9308379E-01
-.8240345E-01
-.7319377E-01
-.7791451E-01
-.1080992E+00
-.1201880E+00
-.1289282E+00
-.1397294E+00
-.6201187E-01
.2233576E-01
.2011306E-01
-.7178591E-01
-.6799322E-01
.2960928E-03
-.1561138E-01
-.4474121E-01
-.2104074E-01
-.5136404E-01
-.8821492E-01
-.5101671E-01
-.1238583E-01
-.2186207E-01
-.6717588E-01
-.8895942E-01
-.7871391E-01
-.5635543E-01
-.8137301E-01
-.1334014E+00
-.1065442E+00
-.3128345E-01
-.3061374E-01
-.8700406E-01
-.7432173E-01
-.5756786E-01
-.4212232E-01
-.2423560E-01
-.4136060E-01
-.7904920E-01
-.7135371E-01
-.2244473E-01
.1214062E-01
.8177720E-01
.1358786E+00
.1066450E+00
.4204200E-01
-.5518708E-01
-.1147355E+00
-.8201191E-01
-.3882937E-01
.8263185E-02
.7917515E-01
.9637561E-01
.4030276E-01
.1847417E-02
.8544142E-04
.8269659E-02
-.1313037E-01
-.3696176E-01
-.1311498E-01
.2178694E-01
.3600826E-02
-.2138194E-01
.5371402E-02
.1045099E-01
-.3320762E-01
-.7446449E-01
-.5786648E-01
-.2229226E-01
-.2021832E-01
-.3446699E-01
-.3703330E-01
-.5213666E-01
-.7486546E-01
-.5123155E-01
.2674025E-01
.1064045E+00
.1439949E+00
.1303903E+00
.1153394E+00
.8427580E-01
-.7920287E-03
-.6815237E-01
-.1679591E-01
.2745024E-01
.2486442E-01
.4126150E-01
.6300221E-01
.6857470E-01
.5126255E-01
-.1275338E-02
-.2213551E-01
.5820983E-01
.1134207E+00
.5176418E-01
-.1488198E-02
.3059105E-02
-.4083259E-01
-.1061662E+00
-.1296488E+00
-.1462241E+00
-.1101529E+00
-.7713572E-01
-.9411316E-01
-.9481577E-01
-.7013173E-01
-.6348750E-01
-.6926003E-01
-.8197961E-01
-.9535874E-01
-.8604400E-01
-.1153317E+00
-.1486512E+00
-.7690276E-01
-.8099278E-02
-.3119845E-01
-.5414972E-01
-.1521246E-01
.5449753E-03
-.1116131E-01
.1909738E-01
.3139259E-01
.1594644E-01
.3265710E-01
.6650378E-01
.7665251E-01
.9878594E-01
.8986180E-01
.6943141E-01
.6289518E-01
.3256581E-01
.1626855E-01
.1293299E-01
-.3086734E-01
-.7558055E-01
-.5870722E-01
-.1423498E-01
.3678572E-01
.9744333E-01
.1321729E+00
.1283026E+00
.1258667E+00
.1269237E+00
.7969563E-01
.1489816E-02
-.3994336E-01
-.2439436E-01
.1620583E-01
.4135821E-01
.4254933E-01
.2721940E-01
-.1168239E-01
-.4342957E-01
-.4922031E-01
-.3281938E-01
.1543029E-02
.2262638E-01
.2185303E-01
.4719976E-01
.8572104E-01
.8698891E-01
.6418328E-01
.3808523E-01
.2226718E-01
.5324427E-01
.9760196E-01
.1139948E+00
.1218214E+00
.1145635E+00
.6489298E-01
.3172176E-01
.6197214E-01
.9193367E-01
.8851748E-01
.8096325E-01
.4702515E-01
.1029813E-01
.8088957E-02
-.5524548E-03
-.3034808E-01
-.5877651E-01
-.7291498E-01
-.9047580E-01
-.9992527E-01
-.9300017E-01
-.8241212E-01
-.5865592E-01
-.3567839E-01
-.4085006E-01
-.4847687E-01
-.3829539E-01
-.1282289E-01
.7248584E-02
-.1904884E-02
.7379330E-02
.5007450E-01
.6957543E-01
.4369229E-01
-.1513666E-02
-.3489595E-01
-.6697104E-01
-.1000553E+00
-.1228190E+00
-.1452945E+00
-.1376088E+00
-.8298688E-01
-.2620258E-01
.2845904E-02
.7712760E-02
-.1046388E-01
-.4614121E-01
-.8383427E-01
-.9341357E-01
-.6724171E-01
-.3978152E-01
-.3918722E-01
-.4167080E-01
-.4018703E-01
-.3413065E-01
-.9816952E-02
.1878849E-01
.1622136E-01
.4663749E-02
-.1852297E-02
-.8066477E-02
-.1211655E-01
-.1903277E-01
-.3335315E-01
-.3943609E-01
-.3319325E-01
-.2721859E-01
-.2572375E-01
-.1808443E-01
.1356410E-02
.2827582E-01
.2841566E-01
-.1224724E-01
-.5339652E-01
-.5847101E-01
-.5495964E-01
-.5635600E-01
-.5930400E-01
-.6003076E-01
-.5007433E-01
-.2704433E-01
-.1667008E-01
-.3427846E-01
-.4891468E-01
-.3805395E-01
-.1914615E-01
-.9944139E-02
-.1340171E-01
-.2102484E-01
-.6761570E-02
.2705657E-01
.4625330E-01
.4991275E-01
.5398677E-01
.4979224E-01
.3311269E-01
.1705998E-01
.2810096E-01
.5094216E-01
.5832462E-01
.6061516E-01
.7658818E-01
.9245833E-01
.8436440E-01
.5166552E-01
.1426320E-01
-.6187008E-02
-.1445397E-01
-.1955299E-01
-.1892588E-01
.1373034E-02
.3418504E-01
.4901452E-01
.4725175E-01
.3697581E-01
.1026792E-01
-.1183035E-01
-.2241686E-01
-.2215663E-01
.3089623E-02
.4551814E-01
.6812737E-01
.7164696E-01
.7414209E-01
.6292071E-01
.4310458E-01
.3109374E-01
.2564056E-01
.2722587E-01
.2730221E-01
.3042474E-01
.3957915E-01
.4423236E-01
.4398359E-01
.3651354E-01
.4222201E-01
.5407812E-01
.5140024E-01
.5600358E-01
.6991508E-01
.6044875E-01
.5422897E-01
.7673220E-01
.9040935E-01
.7521408E-01
.5136080E-01
.1777042E-01
-.3787966E-02
-.6168719E-02
-.7851840E-02
-.5651805E-02
.1056502E-01
.1868351E-01
.6644866E-02
-.8778703E-02
-.2041274E-01
-.1831475E-01
-.2922409E-02
-.1728785E-02
-.2440066E-01
-.4685914E-01
-.3779718E-01
-.2693567E-01
-.3236257E-01
-.3326237E-01
-.2554051E-01
-.2510961E-01
-.1077278E-01
.8594720E-02
-.2443472E-01
-.6394696E-01
-.4866722E-01
-.2657717E-01
-.1721393E-01
-.7409831E-02
-.1214348E-01
-.2472742E-01
-.3633679E-01
-.6244562E-01
-.7090714E-01
-.3639849E-01
-.1247255E-01
-.2069966E-01
-.2501484E-01
-.1601228E-01
-.1516760E-01
-.1282202E-01
-.4140588E-02
.3427856E-02
.9979630E-02
.2681087E-02
-.8490713E-02
.8567868E-03
.1282975E-01
.8562930E-03
-.1043511E-01
-.1730319E-01
-.3961739E-01
-.5035126E-01
-.4293846E-01
-.3823289E-01
-.3239770E-01
-.1839708E-01
-.1952374E-01
-.2971946E-01
-.2434479E-01
-.1028198E-01
-.1728852E-01
-.3372487E-01
-.4231568E-01
-.3821845E-01
-.2844949E-01
-.2673645E-01
-.4136383E-01
-.4428508E-01
-.3626184E-01
-.5390357E-01
-.6640996E-01
-.4647993E-01
-.3785622E-01
-.3720409E-01
-.2887370E-01
-.3497508E-01
-.4099588E-01
-.2552914E-01
-.2307572E-01
-.2730607E-01
-.1032981E-01
.1586230E-01
.3133400E-01
.5332077E-01
.4080222E-01
.1309961E-02
-.7462351E-02
.6190497E-02
.4359263E-02
.9662745E-02
.4165613E-01
.6721670E-01
.8087097E-01
.8253912E-01
.5527881E-01
.2180683E-01
.1372695E-01
.1216734E-01
.2504126E-01
.4554444E-01
.3669992E-01
.2618516E-02
-.2124339E-01
-.2571331E-01
-.2079395E-01
-.7320797E-02
-.3816937E-02
-.1193045E-01
-.1440670E-01
-.1906199E-01
-.2846543E-01
-.2337603E-01
-.1571605E-01
.8739539E-03
.3451031E-01
.4377762E-01
.2049103E-01
.9359681E-02
.1618786E-01
.6618329E-02
-.1479233E-01
-.1576691E-01
-.9287603E-03
.2002633E-01
.3136536E-01
.2006381E-01
.4847398E-03
.3384485E-02
.9693718E-04
-.1044457E-01
-.9694571E-03
.2358566E-01
.3601288E-01
.3220381E-01
.1955129E-01
.2824254E-01
.4089717E-01
.2780007E-01
.9734639E-02
.9359338E-02
.1298343E-01
.3505389E-01
.5931302E-01
.4967855E-01
.4295910E-01
.4386699E-01
.3951875E-01
.4611235E-01
.4437844E-01
.2124853E-01
.1133476E-01
.1722460E-01
.3565364E-02
-.1818054E-01
-.2678216E-01
-.2563729E-01
-.1748461E-01
-.5755304E-02
.8106273E-02
.3089433E-01
.4621251E-01
.3570826E-01
.9295581E-02
-.2558943E-01
-.6087448E-01
-.6959899E-01
-.6666963E-01
-.6365231E-01
-.3903055E-01
-.2253471E-01
-.3543005E-01
-.5171542E-01
-.5521067E-01
-.4681878E-01
-.1601450E-01
.1333780E-01
.1155405E-01
.1073681E-01
.3097905E-01
.4514339E-01
.2605521E-01
.1641914E-02
-.1595717E-01
-.2977713E-01
-.2580647E-01
-.1978200E-01
-.2074196E-01
-.4924586E-02
.1765826E-01
.2340369E-01
.3828885E-01
.4665206E-01
.2418963E-01
-.2053917E-04
-.2106985E-01
-.3778904E-01
-.3430597E-01
-.3704084E-01
-.4626230E-01
-.2222870E-01
.9107772E-02
.1085807E-01
.1689148E-01
.2448347E-01
.1310509E-01
.9328981E-02
.2452873E-01
.2916696E-01
.2306528E-01
.1378494E-01
-.3403102E-02
-.1345055E-01
-.2708010E-01
-.4479602E-01
-.4424563E-01
-.3233797E-01
-.2077033E-01
-.7636182E-02
-.1853817E-02
.2990656E-02
.1831257E-01
.2283840E-01
.1819648E-01
.1869884E-01
-.1391900E-02
-.3008208E-01
-.3362648E-01
-.2496770E-01
-.1110122E-01
.1123894E-01
.7924976E-02
-.9661844E-02
-.8153450E-02
-.5268477E-02
-.8682245E-02
-.3521228E-02
-.7725990E-02
-.3298341E-01
-.4140806E-01
-.3399507E-01
-.3014591E-01
-.1305538E-01
.1185470E-01
.1647637E-01
.2357975E-01
.3571779E-01
.2856516E-01
.1140305E-01
-.5304422E-02
-.2546440E-01
-.3045222E-01
-.2626152E-01
-.2639249E-01
-.1550190E-01
-.5638384E-02
-.3269360E-02
.7547011E-02
.2029849E-01
.8222808E-02
-.9588574E-02
-.1227067E-01
-.5346112E-02
.3512455E-02
.1089273E-01
.1988183E-01
.1111103E-01
.3683560E-02
.1073844E-01
.2177147E-01
.7089150E-02
-.2320423E-01
-.3708980E-01
-.4221259E-01
-.3519106E-01
-.7029982E-02
.1414158E-02
-.9005864E-02
-.6830393E-02
-.7509502E-02
-.1501275E-01
-.1536552E-01
-.1273581E-01
-.3065583E-02
.1630138E-01
.1243823E-01
.4396477E-02
.1700943E-01
.2605056E-01
.3159451E-01
.3842080E-01
.2831097E-01
.1624947E-01
.2634202E-01
.3682018E-01
.3490605E-01
.2739712E-01
.2665532E-01
.3433505E-01
.3255473E-01
.8294386E-02
-.2062336E-01
-.2967310E-01
-.3224252E-01
-.3317631E-01
-.1501095E-01
-.3061095E-02
-.6776149E-02
-.3628156E-02
-.4157422E-02
-.1386301E-01
-.1289993E-01
-.7067955E-02
-.1291612E-01
-.1646166E-01
-.8737194E-02
.2878819E-03
.1088398E-01
.2552624E-01
.2667461E-01
.1627798E-01
.2781998E-01
.5005659E-01
.6022818E-01
.6545618E-01
.5645508E-01
.2290614E-01
-.7859974E-03
-.3764356E-02
-.3087545E-03
.9122068E-02
.2892859E-01
.4238765E-01
.4582350E-01
.3445389E-01
.9048607E-02
-.2709003E-02
-.2164464E-02
.8423703E-02
.3282706E-01
.4944002E-01
.4556033E-01
.2282997E-01
-.1026978E-01
-.2939750E-01
-.3942029E-01
-.6486594E-01
-.8426929E-01
-.7516589E-01
-.7144658E-01
-.7476370E-01
-.6162948E-01
-.3703206E-01
-.1863385E-01
-.7311062E-02
-.2048594E-02
-.1613329E-02
-.2808935E-02
-.8322625E-03
.1893385E-02
.1467223E-02
-.8240324E-03
.3601820E-02
.1615280E-01
.2918008E-01
.4167816E-01
.6271835E-01
.9268230E-01
.1148373E+00
.1122302E+00
.9276346E-01
.6950060E-01
.4239979E-01
.1056501E-01
-.8949514E-02
-.1951339E-01
-.2246580E-01
-.1999028E-01
-.1749257E-01
-.1875744E-01
-.2578743E-01
-.4617101E-01
-.7685727E-01
-.9630831E-01
-.9392917E-01
-.8095399E-01
-.6530938E-01
-.4999216E-01
-.2855298E-01
-.7859300E-02
-.5306017E-02
-.9475347E-02
-.4216795E-02
.9532992E-03
-.1051281E-02
-.5938571E-02
-.1612532E-01
-.1687892E-01
-.9551566E-02
-.1413081E-01
-.1868464E-01
-.1329722E-01
-.1171705E-01
-.4187821E-02
.2124082E-01
.3888318E-01
.4307524E-01
.4122453E-01
.4331352E-01
.4755612E-01
.4323564E-01
.3239713E-01
.9966164E-02
-.9737582E-02
-.1262237E-01
-.4348202E-03
.1536218E-01
.2612980E-01
.3913658E-01
.5619700E-01
.6218318E-01
.5903696E-01
.6892939E-01
.7956955E-01
.5333913E-01
.1518483E-01
.3987373E-02
.1935407E-01
.3656146E-01
.5516972E-01
.7500306E-01
.8000865E-01
.6732952E-01
.5099196E-01
.4030663E-01
.2998828E-01
.1163167E-01
.2110568E-02
.9000546E-02
.2551363E-01
.2687201E-01
.1296345E-01
.2862610E-02
-.6935064E-02
-.2082969E-01
-.4024462E-01
-.6271656E-01
-.7593426E-01
-.8190398E-01
-.9547781E-01
-.1071330E+00
-.1077387E+00
-.1069495E+00
-.1017486E+00
-.9580854E-01
-.9188738E-01
-.7379032E-01
-.5608381E-01
-.5960297E-01
-.6272395E-01
-.6498589E-01
-.6670626E-01
-.4651339E-01
-.2178542E-01
-.1444119E-01
-.8354475E-02
-.4800367E-03
.1724281E-02
.1294426E-02
.1538800E-02
.8646684E-02
.2548287E-01
.3454641E-01
.3116503E-01
.3505273E-01
.4476246E-01
.4645801E-01
.4303418E-01
.4782875E-01
.5670921E-01
.5546644E-01
.5233235E-01
.5069974E-01
.5246962E-01
.5920640E-01
.5547210E-01
.3213046E-01
.2058725E-01
.7565816E-02
-.7845092E-02
-.7946491E-02
-.6458501E-02
-.1208882E-01
-.1053449E-01
-.4739646E-02
-.9118408E-02
-.8968738E-02
-.2350977E-02
.2360806E-02
.3746643E-02
.2509427E-02
-.3760851E-02
-.1009426E-01
-.1823743E-01
-.2972229E-01
-.3837830E-01
-.4254989E-01
-.4068384E-01
-.2609960E-01
-.1333046E-01
-.9823317E-02
-.3465229E-02
-.8539831E-04
-.3142055E-02
-.2508448E-03
-.8226467E-03
-.9512185E-02
-.1340732E-01
-.1254006E-01
-.1538640E-01
-.1265584E-01
-.4291027E-02
-.5362654E-03
.2032388E-02
.4688295E-02
.3820141E-02
-.5613313E-03
-.7720590E-02
-.3647578E-02
.6641037E-02
.7405222E-02
.1157449E-01
.2551056E-01
.2245180E-01
.5129751E-02
-.1160621E-02
.5466060E-02
.1657447E-01
.1898549E-01
.4599120E-02
-.5490614E-02
-.9283876E-02
-.1532098E-01
-.1821356E-01
-.1222985E-01
-.1096594E-01
-.1603552E-01
-.1243973E-01
-.2385110E-02
-.1217827E-02
-.7547048E-02
-.1590116E-01
-.1814167E-01
-.1516521E-01
-.1321697E-01
-.1770031E-01
-.2453367E-01
-.2558266E-01
-.1813889E-01
-.7352359E-02
-.3396138E-03
-.4235346E-02
-.1285453E-01
-.1242092E-01
-.1152155E-01
-.1543256E-01
-.1858860E-01
-.2300717E-01
-.2616317E-01
-.2091157E-01
-.2286630E-02
.1861617E-01
.2682747E-01
.1151718E-01
-.3344723E-02
-.2805827E-02
-.1872084E-02
-.7625189E-02
-.4176911E-02
.2055727E-02
.7516924E-02
.1558986E-01
.1800885E-01
.1635046E-01
.2869372E-01
.4070689E-01
.4049601E-01
.3884898E-01
.3699746E-01
.2927456E-01
.1265142E-01
.6054780E-02
.1620619E-01
.1324084E-01
.5204688E-02
.2990486E-02
-.1440122E-02
-.8691519E-02
-.6700035E-02
.1096062E-02
.1071426E-01
.2712845E-01
.3033496E-01
.2473283E-01
.3217019E-01
.2855045E-01
.4146632E-02
-.3668521E-02
-.3288509E-02
-.3857558E-02
.5632144E-02
.1719818E-01
.9872314E-02
.4895760E-02
.6869914E-02
-.5880810E-02
-.1376772E-01
-.9791802E-02
-.1293276E-01
-.1366255E-01
-.7117987E-02
-.7251102E-02
-.1090125E-01
-.1002105E-01
-.1546225E-01
-.1715090E-01
-.5919469E-02
-.2049319E-02
-.9767348E-02
-.1218538E-01
-.1284898E-01
-.1179727E-01
-.4718923E-02
-.9124419E-03
.4166590E-02
.1199179E-01
.1000953E-01
.8144847E-02
.1224352E-01
.9632553E-02
.8079870E-02
.1069258E-01
.4272967E-03
-.9538026E-02
-.6222138E-02
-.1374119E-02
.6235872E-02
.1113456E-01
-.5075477E-03
-.9867269E-02
-.7969546E-02
-.1303300E-01
-.1691603E-01
-.6071717E-02
.3369070E-02
.4643839E-02
.3066112E-02
.1001419E-02
.2381150E-02
-.1001845E-02
-.1198617E-01
-.1412583E-01
-.3674443E-02
.1754927E-02
-.1156984E-02
-.2553817E-02
-.1090258E-02
-.4366212E-02
-.1298900E-01
-.2203346E-01
-.2602863E-01
-.2514951E-01
-.2229229E-01
-.1987506E-01
-.1928127E-01
-.1652701E-01
-.1471206E-01
-.1835373E-01
-.2157292E-01
-.2146551E-01
-.2047310E-01
-.2069495E-01
-.2185243E-01
-.1674085E-01
-.5943179E-02
-.1534694E-02
-.4615329E-02
-.1660302E-02
.7671042E-02
.5701277E-02
.2771331E-02
.1824329E-02
-.7337226E-03
.6819911E-03
.3060513E-02
.3526210E-02
.2664026E-02
.2819421E-02
.2057524E-02
-.2350107E-03
.1634463E-02
.4787929E-02
.4748132E-02
-.6370724E-03
-.1133788E-01
-.1660887E-01
-.1744655E-01
-.1764904E-01
-.1252998E-01
-.3645533E-02
.3177358E-02
.3303447E-02
-.2321124E-02
-.6572739E-02
-.3073360E-02
.1589552E-02
.8867780E-02
.2565801E-01
.3777319E-01
.4092401E-01
.4069409E-01
.3870732E-01
.3887921E-01
.3626628E-01
.2225308E-01
.1256410E-02
-.1114086E-01
-.2256168E-01
-.3126348E-01
-.2353684E-01
-.8752297E-02
.7959972E-03
.4056385E-02
.4255239E-02
.4195104E-02
.4412869E-02
.2870614E-02
-.1736904E-02
-.5837298E-02
-.8961943E-02
-.1232794E-01
-.1123566E-01
-.1336754E-01
-.1792166E-01
-.1296497E-01
-.5287431E-02
-.6759085E-02
-.9216619E-02
-.5598854E-02
.5755980E-02
.2195153E-01
.2442048E-01
.1882310E-01
.1946183E-01
.7202322E-02
-.3083697E-02
.1359706E-01
.3529945E-01
.4037152E-01
.3837015E-01
.3755901E-01
.3406331E-01
.2313939E-01
.1083915E-01
.1139134E-01
.1989906E-01
.8706333E-02
-.9756663E-02
-.1129136E-01
-.6909868E-02
-.5910073E-02
-.7685373E-02
-.1774692E-01
-.2997978E-01
-.2834065E-01
-.2321968E-01
-.1988682E-01
-.1021726E-01
.5207216E-03
.4607224E-02
.4824239E-02
.4100493E-02
.4094688E-02
.4108583E-02
.3929693E-02
.3161123E-02
.3466345E-02
.4003170E-02
.4617851E-02
.4829806E-02
.3403270E-02
-.1259066E-02
-.5729136E-02
-.7630858E-02
-.7693713E-02
-.4346204E-02
.3966085E-02
.1463010E-01
.2152364E-01
.2604306E-01
.3357050E-01
.3576041E-01
.2647184E-01
.1136094E-01
.3526477E-02
.3013360E-02
.4171860E-02
.5196894E-02
.4972386E-02
.2544337E-02
-.2837264E-02
-.5826564E-02
-.6897783E-02
-.8716711E-02
-.7288086E-02
-.3711612E-02
.8297540E-03
.4503674E-02
.5391982E-02
.2751542E-02
-.3741004E-02
-.7056225E-02
-.3516150E-02
.2697386E-02
.4071076E-02
-.2458442E-02
-.1059673E-01
-.1245867E-01
-.1011417E-01
-.1223456E-01
-.1453324E-01
-.1582995E-01
-.1799250E-01
-.1782765E-01
-.1388941E-01
-.8643147E-02
-.3014833E-02
.3393268E-02
.5092072E-02
-.1462902E-02
-.1413617E-01
-.2164264E-01
-.1886324E-01
-.9187277E-02
-.1987817E-02
-.1967615E-02
-.9176369E-02
-.1554877E-01
-.1741746E-01
-.1885255E-01
-.1338410E-01
-.4105939E-02
-.1395717E-02
-.3878766E-02
-.1036237E-01
-.1873407E-01
-.2209950E-01
-.2632936E-01
-.3017385E-01
-.2321507E-01
-.1384291E-01
-.1064636E-01
-.7700702E-03
.1161832E-01
.1703104E-01
.2567917E-01
.2318758E-01
.8030901E-02
.1623953E-02
.4209928E-03
.2208234E-02
.1237851E-01
.3225992E-01
.3606467E-01
.1783712E-01
.4776388E-02
.1994635E-02
.1792938E-02
.2578822E-02
.3513113E-02
.8068865E-02
.1798342E-01
.2092499E-01
.1245320E-01
.5094917E-02
-.3582390E-03
-.7141282E-02
-.8793682E-02
-.5343913E-02
-.5918294E-02
-.1230827E-01
-.1407401E-01
-.1061533E-01
-.8274358E-02
-.5567680E-02
-.8306083E-02
-.1534131E-01
-.1355283E-01
-.3210185E-02
.4359687E-02
.5596517E-02
.2439801E-02
-.1870756E-02
-.1069050E-03
.3170088E-02
.1843547E-02
-.1563346E-03
.6233285E-03
.6832608E-02
.1401416E-01
.8015516E-02
-.2901519E-02
-.1078819E-02
.3835477E-02
.5714055E-02
.3631351E-02
-.9045444E-03
-.2356635E-02
.1503379E-02
.4397523E-02
.5661761E-02
.5530855E-02
.3817111E-02
-.4757265E-03
-.1507583E-02
.8068664E-02
.2437717E-01
.2420386E-01
.1226117E-01
.7629306E-02
.1065978E-01
.8116325E-02
.8437804E-02
.2002611E-01
.3059172E-01
.3278063E-01
.3298847E-01
.2428874E-01
.6052271E-02
-.1003113E-01
-.1545024E-01
-.1385309E-01
-.1331409E-01
-.1035991E-01
-.3647175E-02
.2963559E-02
.5565082E-02
.4640286E-02
-.1597197E-03
-.6470632E-02
-.1349356E-01
-.1710616E-01
-.1579948E-01
-.1110625E-01
-.4779913E-02
-.6406731E-03
.2612117E-02
.1066086E-01
.2472233E-01
.2477689E-01
.1219714E-01
.4743537E-02
.2639846E-02
.3039715E-02
.6597289E-02
.1729951E-01
.2819263E-01
.3509048E-01
.3124131E-01
.1518475E-01
.7592972E-02
.1147957E-01
.1012078E-01
.6998432E-02
.4278166E-02
-.3544948E-02
-.1429518E-01
-.2195145E-01
-.2422881E-01
-.2223833E-01
-.1849560E-01
-.1761799E-01
-.1748496E-01
-.1648571E-01
-.1570630E-01
-.1922521E-01
-.1920436E-01
-.1128861E-01
-.6927467E-02
-.1072736E-01
-.1541899E-01
-.1908542E-01
-.1942450E-01
-.1059198E-01
.3874548E-02
.1846785E-01
.2504615E-01
.2509410E-01
.2726750E-01
.3178970E-01
.2701302E-01
.1273097E-01
.4616154E-02
.3927971E-02
.2802314E-02
-.2260733E-02
-.8297294E-02
-.8763558E-02
-.4833298E-02
-.5848194E-02
-.1480009E-01
-.2089288E-01
-.1664368E-01
-.3811877E-02
.7212492E-02
.1731099E-01
.2332240E-01
.2140127E-01
.1013455E-01
-.3872566E-02
-.1264245E-01
-.1730340E-01
-.2061303E-01
-.2361400E-01
-.2295797E-01
-.1957329E-01
-.1603758E-01
-.1642052E-01
-.1661321E-01
-.1775195E-01
-.1778538E-01
-.1587658E-01
-.1142516E-01
-.1047974E-01
-.9928897E-02
-.6687289E-02
-.3446322E-02
-.1517606E-02
-.7005865E-03
-.3262312E-02
-.5978960E-02
-.6660873E-02
-.5079276E-02
.3289112E-02
.1394249E-01
.1164930E-01
.5908927E-02
.4288374E-02
.4254715E-02
.5007614E-02
.5271818E-02
.5435568E-02
.4583591E-02
.2280180E-02
-.5013902E-04
.1034802E-02
.3350541E-02
.8738374E-02
.1941749E-01
.2221573E-01
.1094112E-01
-.2670345E-02
-.1078536E-01
-.1287437E-01
-.1264767E-01
-.1014149E-01
-.6881427E-02
-.7470422E-02
-.1180955E-01
-.1284058E-01
-.7084092E-02
-.1881878E-02
-.5020908E-03
-.1415938E-02
-.4276249E-02
-.7040081E-02
-.3746776E-02
.4506162E-03
-.4915524E-02
-.1472367E-01
-.1619951E-01
-.1308045E-01
-.8714436E-02
-.3033914E-03
.4622165E-02
.4673516E-02
.4629796E-02
.2440472E-02
-.2022334E-02
-.2175842E-02
.1445186E-02
.1775250E-02
.3299976E-02
.1554177E-01
.2989135E-01
.3302969E-01
.3265161E-01
.2860051E-01
.2624790E-01
.2132302E-01
.1204913E-01
.1128452E-01
.1865380E-01
.1354958E-01
.1293096E-01
.2740034E-01
.3012876E-01
.1495432E-01
.8158364E-02
.1965257E-01
.3048196E-01
.2509793E-01
.1139893E-01
.5009183E-02
.4685825E-02
.3219902E-02
-.3090991E-02
-.7580699E-02
-.5809170E-02
-.4391496E-02
-.5747944E-02
-.1048431E-01
-.1429429E-01
-.1203224E-01
-.7415013E-02
-.4579002E-02
-.5603854E-02
-.9929500E-02
-.1656429E-01
-.2175246E-01
-.2124359E-01
-.1642774E-01
-.8232965E-02
.5275023E-03
.5573778E-02
.6663955E-02
.3353899E-02
-.5651256E-02
-.1378977E-01
-.1735591E-01
-.1943324E-01
-.1712132E-01
-.1151566E-01
-.5528687E-02
.3100494E-03
.8115194E-02
.1876316E-01
.2076235E-01
.1173396E-01
.4946559E-02
.3190241E-02
.4600218E-02
.9090883E-02
.1436207E-01
.9410537E-02
-.1007413E-02
-.6939402E-02
-.1236452E-01
-.1619746E-01
-.1461726E-01
-.1049928E-01
-.1035763E-01
-.7336358E-02
-.7555764E-02
-.1614421E-01
-.2134244E-01
-.2249735E-01
-.2187003E-01
-.1825490E-01
-.1660597E-01
-.1912478E-01
-.1969271E-01
-.1193432E-01
-.5696816E-02
-.5105873E-02
-.7119809E-02
-.8626954E-02
-.5118361E-02
.2313878E-02
.9314728E-02
.1557164E-01
.1164831E-01
.6114002E-02
.4926924E-02
.3256311E-02
.3772784E-03
-.7221424E-03
.9750988E-03
-.8859281E-03
-.1831109E-02
.1770356E-02
.4148000E-02
.3883061E-02
.3791187E-02
.7768926E-02
.1989903E-01
.2954482E-01
.2920029E-01
.2887240E-01
.2868870E-01
.1604979E-01
.3102667E-02
-.5858208E-02
-.1242902E-01
-.1032869E-01
-.5943581E-02
-.5316219E-02
-.2409643E-02
.5676424E-02
.1385971E-01
.1150627E-01
.5303206E-02
.3582253E-04
-.5090417E-02
-.9892124E-02
-.1396955E-01
-.1234353E-01
-.1101820E-01
-.1251798E-01
-.1335874E-01
-.1041995E-01
-.4923772E-02
.4951860E-02
.1375497E-01
.1134159E-01
.6362948E-02
.3995224E-02
-.4018808E-03
-.4976394E-02
-.9887409E-02
-.1335382E-01
-.1323109E-01
-.7748460E-02
-.1967915E-02
.3228682E-02
.5371794E-02
.5429693E-02
.5137503E-02
.5339213E-02
.5318260E-02
.5103892E-02
.4214087E-02
.5084298E-02
.9008890E-02
.1549285E-01
.1209367E-01
.7214112E-02
.5308654E-02
-.1577677E-03
-.9861563E-02
-.1280980E-01
-.9530337E-02
-.9041639E-02
-.8600045E-02
-.8796380E-02
-.1302576E-01
-.1338342E-01
-.8311975E-02
-.2856063E-02
.2775943E-02
.3762370E-02
.1734489E-03
-.5637456E-03
-.1296041E-02
-.1878012E-02
.2302872E-02
.3560641E-02
-.9999617E-03
-.2261506E-02
.5208885E-02
.1791054E-01
.2277407E-01
.1974726E-01
.1439542E-01
.1471424E-01
.1110911E-01
.5666249E-02
.3445345E-02
-.1567817E-03
-.3555524E-02
-.1051115E-01
-.1646247E-01
-.1978682E-01
-.2080195E-01
-.1742211E-01
-.1304301E-01
-.1319454E-01
-.1587270E-01
-.1637513E-01
-.1575433E-01
-.1938437E-01
-.2277301E-01
-.2364630E-01
-.2206891E-01
-.1756468E-01
-.9120731E-02
-.3464366E-02
-.2523907E-02
-.5170418E-02
-.7257150E-02
-.1134383E-01
-.1549537E-01
-.1902464E-01
-.2110641E-01
-.2051762E-01
-.1689363E-01
-.1079283E-01
-.1949336E-02
.6851192E-02
.2016263E-01
.3329742E-01
.3839412E-01
.3585975E-01
.2890998E-01
.2399160E-01
.2079578E-01
.1504299E-01
.1391381E-01
.8357380E-02
.1539362E-02
.2419495E-02
.4340437E-02
.3839685E-02
.1437048E-02
-.3959755E-02
-.9939622E-02
-.1396891E-01
-.1649598E-01
-.1896990E-01
-.1811237E-01
-.1311834E-01
-.9383309E-02
-.5739111E-02
-.3372125E-02
.2879620E-03
.1311863E-02
-.2926903E-02
-.7669049E-02
-.6156585E-02
.1056920E-02
.4915108E-02
.4593541E-02
.4061802E-02
.4552893E-02
.5186680E-02
.5406874E-02
.4908512E-02
.4119723E-02
.4852681E-02
.9105008E-02
.1511834E-01
.1134823E-01
.5039163E-02
.4783527E-02
.7696188E-02
.1266143E-01
.9439771E-02
.9564095E-02
.1851681E-01
.2221317E-01
.1662273E-01
.1519672E-01
.9535653E-02
.5152142E-02
.7987540E-02
.1326571E-01
.1093384E-01
.5929896E-02
.4013044E-02
.1576589E-02
.5463253E-03
.3372891E-04
-.3964602E-02
-.9494237E-02
-.9339156E-02
-.8994728E-02
-.6251759E-02
-.2237879E-03
.4236587E-02
.5457783E-02
.5171421E-02
.4728594E-02
.4836729E-02
.5503788E-02
.5927727E-02
.3652920E-02
-.2593791E-02
-.8276942E-02
-.9194785E-02
-.8214010E-02
-.8199285E-02
-.5803761E-02
-.1704407E-02
.2860693E-02
.4552476E-02
.1010624E-02
-.3088407E-02
-.3399381E-02
.1118314E-03
-.3286876E-03
-.1880543E-02
.3288488E-03
.1550193E-02
-.1983484E-02
-.7901008E-02
-.1446126E-01
-.1790086E-01
-.1799645E-01
-.1601800E-01
-.1472410E-01
-.1305664E-01
-.1349775E-01
-.1542823E-01
-.1595496E-01
-.1397372E-01
-.1252749E-01
-.9335194E-02
-.5628646E-02
-.2730699E-02
.2576643E-03
.4521560E-03
.1404510E-02
.9353784E-03
.2583633E-02
.4907587E-02
.6013155E-02
.6068136E-02
.2484049E-02
-.5563053E-02
-.9998929E-02
-.9497219E-02
-.1015689E-01
-.7899532E-02
-.3559800E-04
.5074178E-02
.5369532E-02
.5265768E-02
.5227272E-02
.5325168E-02
.4097399E-02
.1925446E-02
.2013210E-02
.3295527E-02
.6695570E-02
.1799991E-01
.2929540E-01
.3237498E-01
.2680018E-01
.1965296E-01
.9499849E-02
.2463678E-02
-.4088948E-03
.2012658E-03
.1500216E-02
.2402666E-03
-.1857596E-02
-.2056263E-02
.8795703E-03
.2872117E-02
.3259605E-02
.3306066E-02
.3364683E-02
.3677121E-02
.3804056E-02
.2487074E-02
-.1578634E-02
-.5708766E-02
-.9735749E-02
-.1359068E-01
-.1411406E-01
-.1117468E-01
-.8022026E-02
-.4280102E-02
.1048723E-03
.2732724E-02
.3676268E-02
.3661655E-02
.3451354E-02
.3341423E-02
.3438521E-02
.3640057E-02
.3500395E-02
.2576829E-02
.1685385E-02
.4216678E-02
.1328726E-01
.2308577E-01
.2576533E-01
.2120129E-01
.1125490E-01
.7130244E-02
.3316192E-02
-.1962855E-02
-.3948081E-02
-.5779580E-02
-.7809808E-02
-.9870693E-02
-.1118081E-01
-.1345634E-01
-.1661478E-01
-.2191272E-01
-.2447794E-01
-.2437282E-01
-.2323610E-01
-.2140208E-01
-.1691644E-01
-.1231464E-01
-.8813212E-02
-.6496754E-02
-.6069909E-02
-.6832361E-02
-.6799488E-02
-.6091970E-02
-.5118710E-02
-.2623671E-02
.1774381E-03
.1922167E-02
.2583450E-02
.3784218E-02
.4949269E-02
.4606723E-02
.4778997E-02
.5838641E-02
.8901879E-02
.9207678E-02
.9977633E-02
.7394666E-02
.4298197E-02
.3279376E-02
.2850953E-02
.4529899E-02
.9466080E-02
.1396379E-01
.1400620E-01
.7625099E-02
.2606550E-02
.2139000E-02
.2374327E-02
.2084397E-02
.1356210E-03
-.9263421E-03
-.8138515E-03
-.9731591E-03
-.1570954E-02
-.6269957E-03
.1313515E-02
.2427837E-02
.2268502E-02
.1747077E-02
.1590155E-02
.3089038E-02
.5983480E-02
.6379146E-02
.3411245E-02
.1383580E-02
.5647531E-03
-.8688156E-04
-.6727965E-03
-.9743918E-03
-.7219446E-03
.4274040E-03
.1026727E-02
.9805499E-03
.6969010E-03
.7220751E-03
.6710184E-03
.3757074E-03
.6144938E-04
.1059630E-03
.4455451E-04
-.1872240E-03
-.5625273E-03
-.4341971E-03
-.3056885E-03
-.3283291E-03
-.1308519E-02
-.2272788E-02
-.2665559E-02
-.3022185E-02
-.3052009E-02
-.2919085E-02
-.2639875E-02
-.2093595E-02
-.1469724E-02
-.1128240E-02
-.1092368E-02
-.1070502E-02
-.6661652E-03
.7455019E-04
.7439534E-03
.6225985E-03
.3967420E-03
.5017624E-03
.6685446E-03
.5957733E-03
.5498977E-03
.5959540E-03
.5370913E-03
.5239291E-03
.7291636E-03
.1112783E-02
.1433793E-02
.1181786E-02
.8317002E-03
.7293269E-03
.6881499E-03
.6839990E-03
.6381490E-03
.5952138E-03
.5316229E-03
.4836717E-03
.4533198E-03
.4136371E-03
.3229277E-03
.2165948E-03
.1343652E-03
.1367210E-03
.1700097E-03
.2162847E-03
.1765303E-03
.1132254E-03
.7307255E-04
.6156135E-04
.5580240E-04
.5179421E-04
.5695118E-04
.6228524E-04
.5273973E-04
.4784694E-04
.3519531E-04
.1525466E-04
.1400506E-04
.1587255E-04
.9310468E-06
.1097923E-04
.3940107E-04
.4971875E-04
.2218953E-04
-.1714838E-04
-.6289355E-04
-.1097246E-03
-.1618803E-03
-.2080224E-03
-.2356295E-03
-.2501738E-03
-.2636193E-03
-.2765583E-03
-.2905680E-03
-.3034745E-03
-.3166415E-03
-.3283196E-03
-.3400787E-03
-.3507233E-03
-.3608214E-03
-.3700959E-03
-.3791628E-03
-.3876071E-03
-.3960082E-03
-.4043023E-03
-.4126701E-03
-.4205594E-03
-.4281586E-03
-.4352918E-03
-.4421006E-03
-.4485082E-03
-.4545896E-03
-.4603056E-03
-.4656760E-03
-.4706912E-03
